2022-05-05 14:19:42,708{GMT}	INFO	[jepsen test runner] jepsen.core: Test version 6febe5a1f668e2662c4320709bf01696ca7cdd1d (plus uncommitted changes)
2022-05-05 14:19:42,708{GMT}	INFO	[jepsen test runner] jepsen.core: Command line:
lein run test --bin cent.py --workload txn-list-append --time-limit 2 --concurrency 4n
2022-05-05 14:19:42,792{GMT}	INFO	[jepsen test runner] jepsen.core: Running test:
{:remote #jepsen.control.SSHRemote{:session nil}
 :log-net-send false
 :node-count nil
 :max-txn-length 4
 :concurrency 20
 :db
 #object[maelstrom.db$db$reify__16747
         "0x6a53cddc"
         "maelstrom.db$db$reify__16747@6a53cddc"]
 :max-writes-per-key 16
 :leave-db-running? false
 :name "txn-list-append"
 :logging-json? false
 :net-journal #object[clojure.lang.Atom "0x424c8ebe" {:status :ready, :val []}]
 :start-time
 #object[org.joda.time.DateTime "0x7bb3cbb4" "2022-05-05T14:19:42.000+01:00"]
 :nemesis-interval 10
 :net
 #object[maelstrom.net$jepsen_adapter$reify__15560
         "0x3054551f"
         "maelstrom.net$jepsen_adapter$reify__15560@3054551f"]
 :client
 #object[maelstrom.workload.txn_list_append$client$reify__18442
         "0x6b8cfbeb"
         "maelstrom.workload.txn_list_append$client$reify__18442@6b8cfbeb"]
 :barrier
 #object[java.util.concurrent.CyclicBarrier
         "0x4603845b"
         "java.util.concurrent.CyclicBarrier@4603845b"]
 :log-stderr false
 :pure-generators true
 :ssh {:dummy? true}
 :rate 5
 :checker
 #object[jepsen.checker$compose$reify__8612
         "0x414b5798"
         "jepsen.checker$compose$reify__8612@414b5798"]
 :argv
 ("test"
  "--bin"
  "cent.py"
  "--workload"
  "txn-list-append"
  "--time-limit"
  "2"
  "--concurrency"
  "4n")
 :nemesis
 (jepsen.nemesis.ReflCompose
  {:fm {:start-partition 0,
        :stop-partition 0,
        :kill 1,
        :start 1,
        :pause 1,
        :resume 1},
   :nemeses [#unprintable "jepsen.nemesis.combined$partition_nemesis$reify__17019@53251e03"
             #unprintable "jepsen.nemesis.combined$db_nemesis$reify__17000@5ffae42f"]})
 :active-histories
 #object[clojure.lang.Atom "0x58182d7" {:status :ready, :val #{}}]
 :nodes ["n1" "n2" "n3" "n4" "n5"]
 :test-count 1
 :latency {:mean 0, :dist :constant}
 :bin "cent.py"
 :generator
 (jepsen.generator.TimeLimit
  {:limit 2000000000,
   :cutoff nil,
   :gen (jepsen.generator.Any
         {:gens [(jepsen.generator.OnThreads {:f #{:nemesis}, :gen nil})
                 (jepsen.generator.OnThreads
                  {:f #object[clojure.core$complement$fn__5654
                              "0x79d538c1"
                              "clojure.core$complement$fn__5654@79d538c1"],
                   :gen (jepsen.generator.Stagger
                         {:dt 400000000,
                          :next-time nil,
                          :gen ({:type :invoke,
                                 :f :txn,
                                 :value [[:append 9 1] [:r 8 nil] [:r 9 nil]]}
                                {:type :invoke,
                                 :f :txn,
                                 :value [[:append 9 2]
                                         [:append 9 3]
                                         [:r 8 nil]
                                         [:r 9 nil]]}
                                {:type :invoke,
                                 :f :txn,
                                 :value [[:r 5 nil] [:r 9 nil] [:r 9 nil]]}
                                {:type :invoke, :f :txn, :value [[:append 8 1]]}
                                {:type :invoke,
                                 :f :txn,
                                 :value [[:append 9 4]
                                         [:append 9 5]
                                         [:append 9 6]
                                         [:append 8 2]]}
                                {:type :invoke,
                                 :f :txn,
                                 :value [[:append 4 1] [:append 5 1]]}
                                {:type :invoke,
                                 :f :txn,
                                 :value [[:r 8 nil] [:r 9 nil]]}
                                {:type :invoke,
                                 :f :txn,
                                 :value [[:append 7 1] [:r 8 nil]]}
                                ...)})})]})})
 :log-net-recv false
 :os
 #object[jepsen.os$reify__2490 "0x1b3639a1" "jepsen.os$reify__2490@1b3639a1"]
 :time-limit 2
 :workload :txn-list-append
 :consistency-models [:strict-serializable]
 :topology :grid}

2022-05-05 14:19:42,799{GMT}	INFO	[jepsen test runner] jepsen.db: Tearing down DB
2022-05-05 14:19:42,801{GMT}	INFO	[jepsen test runner] jepsen.db: Setting up DB
2022-05-05 14:19:42,802{GMT}	INFO	[jepsen node n2] maelstrom.db: Setting up n2
2022-05-05 14:19:42,802{GMT}	INFO	[jepsen node n3] maelstrom.db: Setting up n3
2022-05-05 14:19:42,802{GMT}	INFO	[jepsen node n5] maelstrom.db: Setting up n5
2022-05-05 14:19:42,803{GMT}	INFO	[jepsen node n5] maelstrom.process: launching cent.py nil
2022-05-05 14:19:42,802{GMT}	INFO	[jepsen node n4] maelstrom.db: Setting up n4
2022-05-05 14:19:42,803{GMT}	INFO	[jepsen node n2] maelstrom.process: launching cent.py nil
2022-05-05 14:19:42,803{GMT}	INFO	[jepsen node n3] maelstrom.process: launching cent.py nil
2022-05-05 14:19:42,804{GMT}	INFO	[jepsen node n4] maelstrom.process: launching cent.py nil
2022-05-05 14:19:42,811{GMT}	INFO	[jepsen node n1] maelstrom.service: Starting services: (lin-kv lin-tso lww-kv seq-kv)
2022-05-05 14:19:42,813{GMT}	INFO	[jepsen node n1] maelstrom.db: Setting up n1
2022-05-05 14:19:42,813{GMT}	INFO	[jepsen node n1] maelstrom.process: launching cent.py nil
2022-05-05 14:19:42,921{GMT}	INFO	[jepsen test runner] jepsen.core: Relative time begins now
2022-05-05 14:19:42,935{GMT}	INFO	[jepsen worker 16] jepsen.util: 16	:invoke	:txn	[[:append 9 1] [:r 8 nil] [:r 9 nil]]
2022-05-05 14:19:42,958{GMT}	INFO	[jepsen worker 14] jepsen.util: 14	:invoke	:txn	[[:append 9 2] [:append 9 3] [:r 8 nil] [:r 9 nil]]
2022-05-05 14:19:42,973{GMT}	INFO	[jepsen worker 16] jepsen.util: 16	:info	:txn	[[:append 9 1] [:r 8 nil] [:r 9 nil]]	[:unknown "transaction aborted"]
2022-05-05 14:19:43,048{GMT}	INFO	[jepsen worker 16] jepsen.util: 36	:invoke	:txn	[[:r 5 nil] [:r 9 nil] [:r 9 nil]]
2022-05-05 14:19:43,081{GMT}	INFO	[jepsen worker 16] jepsen.util: 36	:info	:txn	[[:r 5 nil] [:r 9 nil] [:r 9 nil]]	[:unknown "transaction aborted"]
2022-05-05 14:19:43,104{GMT}	INFO	[jepsen worker 14] jepsen.util: 14	:ok	:txn	[[:append 9 2] [:append 9 3] [:r 8 nil] [:r 9 [2 3]]]
2022-05-05 14:19:43,270{GMT}	INFO	[jepsen worker 5] jepsen.util: 5	:invoke	:txn	[[:append 8 1]]
2022-05-05 14:19:43,386{GMT}	INFO	[jepsen worker 5] jepsen.util: 5	:ok	:txn	[[:append 8 1]]
2022-05-05 14:19:43,550{GMT}	INFO	[jepsen worker 6] jepsen.util: 6	:invoke	:txn	[[:append 9 4] [:append 9 5] [:append 9 6] [:append 8 2]]
2022-05-05 14:19:43,700{GMT}	INFO	[jepsen worker 6] jepsen.util: 6	:ok	:txn	[[:append 9 4] [:append 9 5] [:append 9 6] [:append 8 2]]
2022-05-05 14:19:43,879{GMT}	INFO	[jepsen worker 4] jepsen.util: 4	:invoke	:txn	[[:append 4 1] [:append 5 1]]
2022-05-05 14:19:44,005{GMT}	INFO	[jepsen worker 4] jepsen.util: 4	:ok	:txn	[[:append 4 1] [:append 5 1]]
2022-05-05 14:19:44,041{GMT}	INFO	[jepsen worker 19] jepsen.util: 19	:invoke	:txn	[[:r 8 nil] [:r 9 nil]]
2022-05-05 14:19:44,167{GMT}	INFO	[jepsen worker 19] jepsen.util: 19	:ok	:txn	[[:r 8 nil] [:r 9 [2 3]]]
2022-05-05 14:19:44,199{GMT}	INFO	[jepsen worker 14] jepsen.util: 14	:invoke	:txn	[[:append 7 1] [:r 8 nil]]
2022-05-05 14:19:44,329{GMT}	INFO	[jepsen worker 14] jepsen.util: 14	:ok	:txn	[[:append 7 1] [:r 8 nil]]
2022-05-05 14:19:44,544{GMT}	INFO	[jepsen worker 3] jepsen.util: 3	:invoke	:txn	[[:append 9 7] [:append 6 1] [:r 8 nil]]
2022-05-05 14:19:44,684{GMT}	INFO	[jepsen worker 3] jepsen.util: 3	:ok	:txn	[[:append 9 7] [:append 6 1] [:r 8 nil]]
2022-05-05 14:19:44,874{GMT}	INFO	[jepsen worker 17] jepsen.util: 17	:invoke	:txn	[[:r 9 nil] [:append 8 3]]
2022-05-05 14:19:45,001{GMT}	INFO	[jepsen worker 17] jepsen.util: 17	:ok	:txn	[[:r 9 nil] [:append 8 3]]
2022-05-05 14:19:45,010{GMT}	INFO	[jepsen node n1] maelstrom.db: Tearing down n1
2022-05-05 14:19:45,010{GMT}	INFO	[jepsen node n2] maelstrom.db: Tearing down n2
2022-05-05 14:19:45,010{GMT}	INFO	[jepsen node n3] maelstrom.db: Tearing down n3
2022-05-05 14:19:45,010{GMT}	INFO	[jepsen node n4] maelstrom.db: Tearing down n4
2022-05-05 14:19:45,010{GMT}	INFO	[jepsen node n5] maelstrom.db: Tearing down n5
2022-05-05 14:19:45,881{GMT}	INFO	[jepsen test runner] jepsen.core: Run complete, writing
2022-05-05 14:19:45,934{GMT}	INFO	[jepsen test runner] jepsen.core: Analyzing...
2022-05-05 14:19:46,165{GMT}	INFO	[jepsen test runner] jepsen.core: Analysis complete
2022-05-05 14:19:46,205{GMT}	INFO	[jepsen results] jepsen.store: Wrote /home/peter/Documents/tf/lab4/store/txn-list-append/20220505T141942.000+0100/results.edn
2022-05-05 14:19:46,239{GMT}	INFO	[jepsen test runner] jepsen.core: {:perf {:latency-graph {:valid? true},
        :rate-graph {:valid? true},
        :valid? true},
 :timeline {:valid? true},
 :exceptions {:valid? true},
 :stats {:valid? true,
         :count 10,
         :ok-count 8,
         :fail-count 0,
         :info-count 2,
         :by-f {:txn {:valid? true,
                      :count 10,
                      :ok-count 8,
                      :fail-count 0,
                      :info-count 2}}},
 :net {:stats {:all {:send-count 30,
                     :recv-count 30,
                     :msg-count 30,
                     :msgs-per-op 3.0},
               :clients {:send-count 30,
                         :recv-count 30,
                         :msg-count 30},
               :servers {:send-count 0,
                         :recv-count 0,
                         :msg-count 0,
                         :msgs-per-op 0.0}},
       :valid? true},
 :workload {:valid? false,
            :anomaly-types (:G-single-realtime),
            :anomalies {:G-single-realtime [{:cycle [{:type :ok,
                                                      :f :txn,
                                                      :value [[:r
                                                               9
                                                               nil]
                                                              [:append
                                                               8
                                                               3]],
                                                      :time 2080861342,
                                                      :process 17,
                                                      :index 19}
                                                     {:type :ok,
                                                      :f :txn,
                                                      :value [[:append
                                                               9
                                                               2]
                                                              [:append
                                                               9
                                                               3]
                                                              [:r
                                                               8
                                                               nil]
                                                              [:r
                                                               9
                                                               [2 3]]],
                                                      :time 183215765,
                                                      :process 14,
                                                      :index 5}
                                                     {:type :ok,
                                                      :f :txn,
                                                      :value [[:r
                                                               8
                                                               nil]
                                                              [:r
                                                               9
                                                               [2 3]]],
                                                      :time 1246655071,
                                                      :process 19,
                                                      :index 13}
                                                     {:type :ok,
                                                      :f :txn,
                                                      :value [[:append
                                                               7
                                                               1]
                                                              [:r
                                                               8
                                                               nil]],
                                                      :time 1407973887,
                                                      :process 14,
                                                      :index 15}
                                                     {:type :ok,
                                                      :f :txn,
                                                      :value [[:append
                                                               9
                                                               7]
                                                              [:append
                                                               6
                                                               1]
                                                              [:r
                                                               8
                                                               nil]],
                                                      :time 1762753942,
                                                      :process 3,
                                                      :index 17}
                                                     {:type :ok,
                                                      :f :txn,
                                                      :value [[:r
                                                               9
                                                               nil]
                                                              [:append
                                                               8
                                                               3]],
                                                      :time 2080861342,
                                                      :process 17,
                                                      :index 19}],
                                             :steps ({:type :rw,
                                                      :key 9,
                                                      :value :elle.list-append/init,
                                                      :value' 2,
                                                      :a-mop-index 0,
                                                      :b-mop-index 0}
                                                     {:type :wr,
                                                      :key 9,
                                                      :value 3,
                                                      :a-mop-index 1,
                                                      :b-mop-index 1}
                                                     {:type :realtime,
                                                      :a' {:type :ok,
                                                           :f :txn,
                                                           :value [[:r
                                                                    8
                                                                    nil]
                                                                   [:r
                                                                    9
                                                                    [2
                                                                     3]]],
                                                           :time 1246655071,
                                                           :process 19,
                                                           :index 13},
                                                      :b {:type :invoke,
                                                          :f :txn,
                                                          :value [[:append
                                                                   7
                                                                   1]
                                                                  [:r
                                                                   8
                                                                   nil]],
                                                          :time 1277174267,
                                                          :process 14,
                                                          :index 14}}
                                                     {:type :realtime,
                                                      :a' {:type :ok,
                                                           :f :txn,
                                                           :value [[:append
                                                                    7
                                                                    1]
                                                                   [:r
                                                                    8
                                                                    nil]],
                                                           :time 1407973887,
                                                           :process 14,
                                                           :index 15},
                                                      :b {:type :invoke,
                                                          :f :txn,
                                                          :value [[:append
                                                                   9
                                                                   7]
                                                                  [:append
                                                                   6
                                                                   1]
                                                                  [:r
                                                                   8
                                                                   nil]],
                                                          :time 1622199942,
                                                          :process 3,
                                                          :index 16}}
                                                     {:type :realtime,
                                                      :a' {:type :ok,
                                                           :f :txn,
                                                           :value [[:append
                                                                    9
                                                                    7]
                                                                   [:append
                                                                    6
                                                                    1]
                                                                   [:r
                                                                    8
                                                                    nil]],
                                                           :time 1762753942,
                                                           :process 3,
                                                           :index 17},
                                                      :b {:type :invoke,
                                                          :f :txn,
                                                          :value [[:r
                                                                   9
                                                                   nil]
                                                                  [:append
                                                                   8
                                                                   3]],
                                                          :time 1951595710,
                                                          :process 17,
                                                          :index 18}}),
                                             :type :G-single-realtime}]},
            :not #{:strict-serializable},
            :also-not #{}},
 :valid? false}


Analysis invalid! (ﾉಥ益ಥ）ﾉ ┻━┻
