2022-05-03 14:07:09,342{GMT}	INFO	[jepsen test runner] jepsen.core: Test version ba6f9e66132a8e6051301f5fc7fd18e877f6bddb (plus uncommitted changes)
2022-05-03 14:07:09,343{GMT}	INFO	[jepsen test runner] jepsen.core: Command line:
lein run test --bin simpler.py --workload lin-kv --concurrency 4n --time-limit 2
2022-05-03 14:07:09,401{GMT}	INFO	[jepsen test runner] jepsen.core: Running test:
{:remote #jepsen.control.SSHRemote{:session nil}
 :log-net-send false
 :node-count nil
 :max-txn-length 4
 :concurrency 20
 :db
 #object[maelstrom.db$db$reify__16747
         "0xcf0e8b4"
         "maelstrom.db$db$reify__16747@cf0e8b4"]
 :max-writes-per-key 16
 :leave-db-running? false
 :name "lin-kv"
 :logging-json? false
 :net-journal #object[clojure.lang.Atom "0x51a7ee4e" {:status :ready, :val []}]
 :start-time
 #object[org.joda.time.DateTime "0x424c8ebe" "2022-05-03T14:07:09.000+01:00"]
 :nemesis-interval 10
 :net
 #object[maelstrom.net$jepsen_adapter$reify__15560
         "0x7aafac17"
         "maelstrom.net$jepsen_adapter$reify__15560@7aafac17"]
 :client
 #object[maelstrom.workload.lin_kv$client$reify__17524
         "0x3054551f"
         "maelstrom.workload.lin_kv$client$reify__17524@3054551f"]
 :barrier
 #object[java.util.concurrent.CyclicBarrier
         "0x6b8cfbeb"
         "java.util.concurrent.CyclicBarrier@6b8cfbeb"]
 :log-stderr false
 :pure-generators true
 :ssh {:dummy? true}
 :rate 5
 :checker
 #object[jepsen.checker$compose$reify__8612
         "0x4603845b"
         "jepsen.checker$compose$reify__8612@4603845b"]
 :argv
 ("test"
  "--bin"
  "simpler.py"
  "--workload"
  "lin-kv"
  "--concurrency"
  "4n"
  "--time-limit"
  "2")
 :nemesis
 (jepsen.nemesis.ReflCompose
  {:fm {:start-partition 0,
        :stop-partition 0,
        :kill 1,
        :start 1,
        :pause 1,
        :resume 1},
   :nemeses [#unprintable "jepsen.nemesis.combined$partition_nemesis$reify__17019@414b5798"
             #unprintable "jepsen.nemesis.combined$db_nemesis$reify__17000@53251e03"]})
 :active-histories
 #object[clojure.lang.Atom "0x5ffae42f" {:status :ready, :val #{}}]
 :nodes ["n1" "n2" "n3" "n4" "n5"]
 :test-count 1
 :latency {:mean 0, :dist :constant}
 :bin "simpler.py"
 :generator
 (jepsen.generator.TimeLimit
  {:limit 2000000000,
   :cutoff nil,
   :gen (jepsen.generator.Any
         {:gens [(jepsen.generator.OnThreads {:f #{:nemesis}, :gen nil})
                 (jepsen.generator.OnThreads
                  {:f #object[clojure.core$complement$fn__5654
                              "0x3eff5c32"
                              "clojure.core$complement$fn__5654@3eff5c32"],
                   :gen (jepsen.generator.Stagger
                         {:dt 400000000,
                          :next-time nil,
                          :gen (jepsen.generator.OnThreads
                                {:f #object[clojure.core$complement$fn__5654
                                            "0x79d538c1"
                                            "clojure.core$complement$fn__5654@79d538c1"],
                                 :gen (jepsen.independent.ConcurrentGenerator
                                       {:n 10,
                                        :fgen #object[jepsen.tests.linearizable_register$test$fn__17324
                                                      "0x31e08c61"
                                                      "jepsen.tests.linearizable_register$test$fn__17324@31e08c61"],
                                        :group->threads nil,
                                        :thread->group nil,
                                        :keys (0 1 2 3 4 5 6 7 ...),
                                        :gens nil})})})})]})})
 :log-net-recv false
 :os
 #object[jepsen.os$reify__2490 "0x2db15764" "jepsen.os$reify__2490@2db15764"]
 :time-limit 2
 :workload :lin-kv
 :consistency-models [:strict-serializable]
 :topology :grid}

2022-05-03 14:07:09,408{GMT}	INFO	[jepsen test runner] jepsen.db: Tearing down DB
2022-05-03 14:07:09,410{GMT}	INFO	[jepsen test runner] jepsen.db: Setting up DB
2022-05-03 14:07:09,417{GMT}	INFO	[jepsen node n3] maelstrom.db: Setting up n3
2022-05-03 14:07:09,417{GMT}	INFO	[jepsen node n2] maelstrom.db: Setting up n2
2022-05-03 14:07:09,417{GMT}	INFO	[jepsen node n4] maelstrom.db: Setting up n4
2022-05-03 14:07:09,418{GMT}	INFO	[jepsen node n3] maelstrom.process: launching simpler.py nil
2022-05-03 14:07:09,419{GMT}	INFO	[jepsen node n4] maelstrom.process: launching simpler.py nil
2022-05-03 14:07:09,418{GMT}	INFO	[jepsen node n2] maelstrom.process: launching simpler.py nil
2022-05-03 14:07:09,417{GMT}	INFO	[jepsen node n5] maelstrom.db: Setting up n5
2022-05-03 14:07:09,421{GMT}	INFO	[jepsen node n5] maelstrom.process: launching simpler.py nil
2022-05-03 14:07:09,421{GMT}	INFO	[jepsen node n1] maelstrom.service: Starting services: (lin-kv lin-tso lww-kv seq-kv)
2022-05-03 14:07:09,458{GMT}	INFO	[jepsen node n1] maelstrom.db: Setting up n1
2022-05-03 14:07:09,459{GMT}	INFO	[jepsen node n1] maelstrom.process: launching simpler.py nil
2022-05-03 14:07:09,516{GMT}	INFO	[jepsen test runner] jepsen.core: Relative time begins now
2022-05-03 14:07:09,541{GMT}	INFO	[jepsen worker 17] jepsen.util: 17	:invoke	:write	[1 1]
2022-05-03 14:07:09,550{GMT}	INFO	[jepsen worker 16] jepsen.util: 16	:invoke	:cas	[1 [4 2]]
2022-05-03 14:07:09,556{GMT}	INFO	[jepsen worker 16] jepsen.util: 16	:info	:cas	[1 [4 2]]	[:unknown "Not Leader"]
2022-05-03 14:07:09,841{GMT}	INFO	[jepsen worker 14] jepsen.util: 14	:invoke	:write	[1 0]
2022-05-03 14:07:09,846{GMT}	INFO	[jepsen worker 14] jepsen.util: 14	:info	:write	[1 0]	[:unknown "Not Leader"]
2022-05-03 14:07:10,000{GMT}	INFO	[jepsen worker 1] jepsen.util: 1	:invoke	:read	[0 nil]
2022-05-03 14:07:10,004{GMT}	INFO	[jepsen worker 1] jepsen.util: 1	:fail	:read	[0 nil]	[:unknown "Not Leader"]
2022-05-03 14:07:10,393{GMT}	INFO	[jepsen worker 4] jepsen.util: 4	:invoke	:read	[0 nil]
2022-05-03 14:07:10,399{GMT}	INFO	[jepsen worker 4] jepsen.util: 4	:fail	:read	[0 nil]	[:unknown "Not Leader"]
2022-05-03 14:07:10,544{GMT}	INFO	[jepsen worker 17] jepsen.util: 17	:info	:write	[1 1]	:net-timeout
2022-05-03 14:07:10,684{GMT}	INFO	[jepsen worker 19] jepsen.util: 19	:invoke	:write	[1 0]
2022-05-03 14:07:10,687{GMT}	INFO	[jepsen worker 19] jepsen.util: 19	:info	:write	[1 0]	[:unknown "Not Leader"]
2022-05-03 14:07:10,819{GMT}	INFO	[jepsen worker 13] jepsen.util: 13	:invoke	:cas	[1 [1 4]]
2022-05-03 14:07:10,823{GMT}	INFO	[jepsen worker 13] jepsen.util: 13	:info	:cas	[1 [1 4]]	[:unknown "Not Leader"]
2022-05-03 14:07:11,122{GMT}	INFO	[jepsen worker 3] jepsen.util: 3	:invoke	:read	[0 nil]
2022-05-03 14:07:11,130{GMT}	INFO	[jepsen worker 3] jepsen.util: 3	:fail	:read	[0 nil]	[:unknown "Not Leader"]
2022-05-03 14:07:11,353{GMT}	INFO	[jepsen worker 14] jepsen.util: 34	:invoke	:cas	[1 [4 4]]
2022-05-03 14:07:11,358{GMT}	INFO	[jepsen worker 14] jepsen.util: 34	:info	:cas	[1 [4 4]]	[:unknown "Not Leader"]
2022-05-03 14:07:11,420{GMT}	INFO	[jepsen worker 17] jepsen.util: 37	:invoke	:write	[1 2]
2022-05-03 14:07:12,421{GMT}	INFO	[jepsen worker 17] jepsen.util: 37	:info	:write	[1 2]	:net-timeout
2022-05-03 14:07:12,425{GMT}	INFO	[jepsen node n2] maelstrom.db: Tearing down n2
2022-05-03 14:07:12,425{GMT}	INFO	[jepsen node n3] maelstrom.db: Tearing down n3
2022-05-03 14:07:12,425{GMT}	INFO	[jepsen node n5] maelstrom.db: Tearing down n5
2022-05-03 14:07:12,425{GMT}	INFO	[jepsen node n4] maelstrom.db: Tearing down n4
2022-05-03 14:07:12,425{GMT}	INFO	[jepsen node n1] maelstrom.db: Tearing down n1
2022-05-03 14:07:13,469{GMT}	INFO	[jepsen test runner] jepsen.core: Run complete, writing
2022-05-03 14:07:13,524{GMT}	INFO	[jepsen test runner] jepsen.core: Analyzing...
2022-05-03 14:07:13,587{GMT}	INFO	[clojure-agent-send-pool-0] jepsen.independent: Wrote /home/peter/Documents/tf/lab3/store/lin-kv/20220503T140709.000+0100/independent/0/results.edn
2022-05-03 14:07:13,589{GMT}	INFO	[clojure-agent-send-pool-0] jepsen.independent: Wrote /home/peter/Documents/tf/lab3/store/lin-kv/20220503T140709.000+0100/independent/0/history.edn
2022-05-03 14:07:13,626{GMT}	INFO	[clojure-agent-send-pool-1] jepsen.independent: Wrote /home/peter/Documents/tf/lab3/store/lin-kv/20220503T140709.000+0100/independent/1/results.edn
2022-05-03 14:07:13,627{GMT}	INFO	[clojure-agent-send-pool-1] jepsen.independent: Wrote /home/peter/Documents/tf/lab3/store/lin-kv/20220503T140709.000+0100/independent/1/history.edn
2022-05-03 14:07:13,792{GMT}	INFO	[jepsen test runner] jepsen.core: Analysis complete
2022-05-03 14:07:13,810{GMT}	INFO	[jepsen results] jepsen.store: Wrote /home/peter/Documents/tf/lab3/store/lin-kv/20220503T140709.000+0100/results.edn
2022-05-03 14:07:13,827{GMT}	INFO	[jepsen test runner] jepsen.core: {:perf {:latency-graph {:valid? true},
        :rate-graph {:valid? true},
        :valid? true},
 :timeline {:valid? true},
 :exceptions {:valid? true},
 :stats {:valid? false,
         :count 10,
         :ok-count 0,
         :fail-count 3,
         :info-count 7,
         :by-f {:cas {:valid? false,
                      :count 3,
                      :ok-count 0,
                      :fail-count 0,
                      :info-count 3},
                :read {:valid? false,
                       :count 3,
                       :ok-count 0,
                       :fail-count 3,
                       :info-count 0},
                :write {:valid? false,
                        :count 4,
                        :ok-count 0,
                        :fail-count 0,
                        :info-count 4}}},
 :net {:stats {:all {:send-count 204,
                     :recv-count 204,
                     :msg-count 204,
                     :msgs-per-op 20.4},
               :clients {:send-count 28,
                         :recv-count 28,
                         :msg-count 28},
               :servers {:send-count 176,
                         :recv-count 176,
                         :msg-count 176,
                         :msgs-per-op 17.6}},
       :valid? true},
 :workload {:valid? true,
            :results {0 {:linearizable {:valid? true,
                                        :configs ({:model #knossos.model.CASRegister{:value nil},
                                                   :last-op nil,
                                                   :pending []}),
                                        :final-paths ()},
                         :timeline {:valid? true},
                         :valid? true},
                      1 {:linearizable {:valid? true,
                                        :configs ({:model #knossos.model.CASRegister{:value nil},
                                                   :last-op nil,
                                                   :pending [{:process 13,
                                                              :type :invoke,
                                                              :f :cas,
                                                              :value [1
                                                                      4],
                                                              :index 12,
                                                              :time 1301455252}
                                                             {:process 14,
                                                              :type :invoke,
                                                              :f :write,
                                                              :value 0,
                                                              :index 3,
                                                              :time 322801943}
                                                             {:process 16,
                                                              :type :invoke,
                                                              :f :cas,
                                                              :value [4
                                                                      2],
                                                              :index 1,
                                                              :time 34600939}
                                                             {:process 17,
                                                              :type :invoke,
                                                              :f :write,
                                                              :value 1,
                                                              :index 0,
                                                              :time 11720487}
                                                             {:process 19,
                                                              :type :invoke,
                                                              :f :write,
                                                              :value 0,
                                                              :index 10,
                                                              :time 1167407019}
                                                             {:process 34,
                                                              :type :invoke,
                                                              :f :cas,
                                                              :value [4
                                                                      4],
                                                              :index 16,
                                                              :time 1835964416}
                                                             {:process 37,
                                                              :type :invoke,
                                                              :f :write,
                                                              :value 2,
                                                              :index 18,
                                                              :time 1902961789}]}),
                                        :final-paths ()},
                         :timeline {:valid? true},
                         :valid? true}},
            :failures []},
 :valid? false}


Analysis invalid! (ﾉಥ益ಥ）ﾉ ┻━┻
