DEBUG:root:received {"dest":"n5","body":{"type":"init","node_id":"n5","node_ids":["n1","n2","n3","n4","n5"],"msg_id":1},"src":"c1","id":1}
INFO:root:node n5 initialized
DEBUG:root:sending {"dest": "c1", "src": "n5", "body": {"msg_id": 1, "in_reply_to": 1, "type": "init_ok"}}
DEBUG:root:sending {"dest": "n1", "src": "n5", "body": {"msg_id": 2, "type": "RequestVote", "term": 1, "prevLogIndex": 0, "lastLogTerm": 0, "candidateId": "n5"}}
DEBUG:root:sending {"dest": "n2", "src": "n5", "body": {"msg_id": 3, "type": "RequestVote", "term": 1, "prevLogIndex": 0, "lastLogTerm": 0, "candidateId": "n5"}}
DEBUG:root:sending {"dest": "n3", "src": "n5", "body": {"msg_id": 4, "type": "RequestVote", "term": 1, "prevLogIndex": 0, "lastLogTerm": 0, "candidateId": "n5"}}
DEBUG:root:sending {"dest": "n4", "src": "n5", "body": {"msg_id": 5, "type": "RequestVote", "term": 1, "prevLogIndex": 0, "lastLogTerm": 0, "candidateId": "n5"}}
DEBUG:root:sending {"dest": "n5", "src": "n5", "body": {"msg_id": 6, "type": "RequestVote", "term": 1, "prevLogIndex": 0, "lastLogTerm": 0, "candidateId": "n5"}}
DEBUG:root:received {"dest":"n5","src":"n1","body":{"msg_id":5,"type":"AppendEntries","term":0,"prevIndex":0,"prevTerm":0,"entries":[[["pass",null],0]],"commit":0},"id":20}
DEBUG:root:received {"dest":"n5","src":"n2","body":{"msg_id":6,"type":"RequestVote","term":1,"prevLogIndex":0,"lastLogTerm":0,"candidateId":"n2"},"id":21}
DEBUG:root:received {"dest":"n5","src":"n4","body":{"msg_id":6,"type":"RequestVote","term":1,"prevLogIndex":0,"lastLogTerm":0,"candidateId":"n4"},"id":26}
DEBUG:root:sending {"dest": "n1", "src": "n5", "body": {"msg_id": 7, "in_reply_to": 5, "type": "AppendEntriesRes", "res": false, "term": 1}}
DEBUG:root:sending {"dest": "n2", "src": "n5", "body": {"msg_id": 8, "in_reply_to": 6, "type": "RequestVoteRes", "term": 1, "res": true}}
DEBUG:root:sending {"dest": "n4", "src": "n5", "body": {"msg_id": 9, "in_reply_to": 6, "type": "RequestVoteRes", "term": 1, "res": false}}
DEBUG:root:received {"dest":"n5","src":"n3","body":{"msg_id":6,"type":"RequestVote","term":1,"prevLogIndex":0,"lastLogTerm":0,"candidateId":"n3"},"id":30}
DEBUG:root:sending {"dest": "n3", "src": "n5", "body": {"msg_id": 10, "in_reply_to": 6, "type": "RequestVoteRes", "term": 1, "res": false}}
DEBUG:root:received {"dest":"n5","src":"n5","body":{"msg_id":6,"type":"RequestVote","term":1,"prevLogIndex":0,"lastLogTerm":0,"candidateId":"n5"},"id":39}
DEBUG:root:sending {"dest": "n5", "src": "n5", "body": {"msg_id": 11, "in_reply_to": 6, "type": "RequestVoteRes", "term": 1, "res": false}}
DEBUG:root:received {"dest":"n5","src":"n3","body":{"msg_id":11,"in_reply_to":4,"type":"RequestVoteRes","term":1,"res":false},"id":43}
DEBUG:root:received {"dest":"n5","src":"n1","body":{"msg_id":9,"in_reply_to":2,"type":"RequestVoteRes","term":1,"res":false},"id":46}
DEBUG:root:received {"dest":"n5","src":"n2","body":{"msg_id":11,"in_reply_to":3,"type":"RequestVoteRes","term":1,"res":false},"id":50}
DEBUG:root:received {"dest":"n5","src":"n2","body":{"msg_id":15,"type":"AppendEntries","term":1,"prevIndex":0,"prevTerm":0,"entries":[[["pass",null],0]],"commit":0},"id":55}
DEBUG:root:sending {"dest": "n2", "src": "n5", "body": {"msg_id": 12, "in_reply_to": 15, "type": "AppendEntriesRes", "res": true, "term": 1, "next": 1, "commit": 0}}
DEBUG:root:received {"dest":"n5","src":"n4","body":{"msg_id":11,"in_reply_to":5,"type":"RequestVoteRes","term":1,"res":false},"id":59}
DEBUG:root:received {"dest":"n5","src":"n5","body":{"msg_id":11,"in_reply_to":6,"type":"RequestVoteRes","term":1,"res":false},"id":65}
Exception in thread Thread-1:
Traceback (most recent call last):
  File "/usr/lib/python3.10/threading.py", line 1009, in _bootstrap_inner
    self.run()
  File "/usr/lib/python3.10/threading.py", line 1371, in run
    self.function(*self.args, **self.kwargs)
TypeError: election_checker() missing 2 required positional arguments: 'min_time' and 'max_time'
DEBUG:root:received {"dest":"n5","body":{"key":1,"from":0,"to":2,"type":"cas","msg_id":1},"src":"c13","id":70}
DEBUG:root:sending {"dest": "c13", "src": "n5", "body": {"msg_id": 13, "in_reply_to": 1, "type": "error", "code": 11, "text": "Not Leader"}}
DEBUG:root:received {"dest":"n5","body":{"key":1,"from":2,"to":1,"type":"cas","msg_id":2},"src":"c13","id":78}
DEBUG:root:sending {"dest": "c13", "src": "n5", "body": {"msg_id": 14, "in_reply_to": 2, "type": "error", "code": 11, "text": "Not Leader"}}
DEBUG:root:received {"dest":"n5","body":{"key":1,"value":1,"type":"write","msg_id":3},"src":"c13","id":80}
DEBUG:root:sending {"dest": "c13", "src": "n5", "body": {"msg_id": 15, "in_reply_to": 3, "type": "error", "code": 11, "text": "Not Leader"}}
