2022-05-01 23:01:58,074{GMT}	INFO	[jepsen test runner] jepsen.core: Test version 9d8335254928801a78e4e56f8c438d06a68b66d5 (plus uncommitted changes)
2022-05-01 23:01:58,075{GMT}	INFO	[jepsen test runner] jepsen.core: Command line:
lein run test --workload lin-kv --bin raft.py --time-limit 5 --concurrency 4n
2022-05-01 23:01:58,131{GMT}	INFO	[jepsen test runner] jepsen.core: Running test:
{:remote #jepsen.control.SSHRemote{:session nil}
 :log-net-send false
 :node-count nil
 :max-txn-length 4
 :concurrency 20
 :db
 #object[maelstrom.db$db$reify__16747
         "0x3a5812dc"
         "maelstrom.db$db$reify__16747@3a5812dc"]
 :max-writes-per-key 16
 :leave-db-running? false
 :name "lin-kv"
 :logging-json? false
 :net-journal #object[clojure.lang.Atom "0x1b9075c9" {:status :ready, :val []}]
 :start-time
 #object[org.joda.time.DateTime "0x75be6796" "2022-05-01T23:01:58.000+01:00"]
 :nemesis-interval 10
 :net
 #object[maelstrom.net$jepsen_adapter$reify__15560
         "0xce24a98"
         "maelstrom.net$jepsen_adapter$reify__15560@ce24a98"]
 :client
 #object[maelstrom.workload.lin_kv$client$reify__17524
         "0x496101d1"
         "maelstrom.workload.lin_kv$client$reify__17524@496101d1"]
 :barrier
 #object[java.util.concurrent.CyclicBarrier
         "0x19858f26"
         "java.util.concurrent.CyclicBarrier@19858f26"]
 :log-stderr false
 :pure-generators true
 :ssh {:dummy? true}
 :rate 5
 :checker
 #object[jepsen.checker$compose$reify__8612
         "0x4c14ed24"
         "jepsen.checker$compose$reify__8612@4c14ed24"]
 :argv
 ("test"
  "--workload"
  "lin-kv"
  "--bin"
  "raft.py"
  "--time-limit"
  "5"
  "--concurrency"
  "4n")
 :nemesis
 (jepsen.nemesis.ReflCompose
  {:fm {:start-partition 0,
        :stop-partition 0,
        :kill 1,
        :start 1,
        :pause 1,
        :resume 1},
   :nemeses [#unprintable "jepsen.nemesis.combined$partition_nemesis$reify__17019@523cc8b4"
             #unprintable "jepsen.nemesis.combined$db_nemesis$reify__17000@139224ab"]})
 :active-histories
 #object[clojure.lang.Atom "0x26db7540" {:status :ready, :val #{}}]
 :nodes ["n1" "n2" "n3" "n4" "n5"]
 :test-count 1
 :latency {:mean 0, :dist :constant}
 :bin "raft.py"
 :generator
 (jepsen.generator.TimeLimit
  {:limit 5000000000,
   :cutoff nil,
   :gen (jepsen.generator.Any
         {:gens [(jepsen.generator.OnThreads {:f #{:nemesis}, :gen nil})
                 (jepsen.generator.OnThreads
                  {:f #object[clojure.core$complement$fn__5654
                              "0x1bc6a43c"
                              "clojure.core$complement$fn__5654@1bc6a43c"],
                   :gen (jepsen.generator.Stagger
                         {:dt 400000000,
                          :next-time nil,
                          :gen (jepsen.generator.OnThreads
                                {:f #object[clojure.core$complement$fn__5654
                                            "0x5f3fa154"
                                            "clojure.core$complement$fn__5654@5f3fa154"],
                                 :gen (jepsen.independent.ConcurrentGenerator
                                       {:n 10,
                                        :fgen #object[jepsen.tests.linearizable_register$test$fn__17324
                                                      "0x6193340e"
                                                      "jepsen.tests.linearizable_register$test$fn__17324@6193340e"],
                                        :group->threads nil,
                                        :thread->group nil,
                                        :keys (0 1 2 3 4 5 6 7 ...),
                                        :gens nil})})})})]})})
 :log-net-recv false
 :os
 #object[jepsen.os$reify__2490 "0x158774d3" "jepsen.os$reify__2490@158774d3"]
 :time-limit 5
 :workload :lin-kv
 :consistency-models [:strict-serializable]
 :topology :grid}

2022-05-01 23:01:58,150{GMT}	INFO	[jepsen test runner] jepsen.db: Tearing down DB
2022-05-01 23:01:58,153{GMT}	INFO	[jepsen test runner] jepsen.db: Setting up DB
2022-05-01 23:01:58,155{GMT}	INFO	[jepsen node n2] maelstrom.db: Setting up n2
2022-05-01 23:01:58,157{GMT}	INFO	[jepsen node n1] maelstrom.service: Starting services: (lin-kv lin-tso lww-kv seq-kv)
2022-05-01 23:01:58,155{GMT}	INFO	[jepsen node n5] maelstrom.db: Setting up n5
2022-05-01 23:01:58,155{GMT}	INFO	[jepsen node n3] maelstrom.db: Setting up n3
2022-05-01 23:01:58,155{GMT}	INFO	[jepsen node n4] maelstrom.db: Setting up n4
2022-05-01 23:01:58,161{GMT}	INFO	[jepsen node n2] maelstrom.process: launching raft.py nil
2022-05-01 23:01:58,161{GMT}	INFO	[jepsen node n4] maelstrom.process: launching raft.py nil
2022-05-01 23:01:58,162{GMT}	INFO	[jepsen node n3] maelstrom.process: launching raft.py nil
2022-05-01 23:01:58,161{GMT}	INFO	[jepsen node n5] maelstrom.process: launching raft.py nil
2022-05-01 23:01:58,165{GMT}	INFO	[jepsen node n1] maelstrom.db: Setting up n1
2022-05-01 23:01:58,172{GMT}	INFO	[jepsen node n1] maelstrom.process: launching raft.py nil
2022-05-01 23:01:58,228{GMT}	INFO	[jepsen test runner] jepsen.core: Relative time begins now
2022-05-01 23:01:58,259{GMT}	INFO	[jepsen worker 7] jepsen.util: 7	:invoke	:cas	[0 [1 2]]
2022-05-01 23:01:58,265{GMT}	INFO	[jepsen worker 7] jepsen.util: 7	:info	:cas	[0 [1 2]]	[:unknown "Not Leader"]
2022-05-01 23:01:58,598{GMT}	INFO	[jepsen worker 10] jepsen.util: 10	:invoke	:cas	[1 [3 1]]
2022-05-01 23:01:58,603{GMT}	INFO	[jepsen worker 10] jepsen.util: 10	:info	:cas	[1 [3 1]]	[:unknown "Not Leader"]
2022-05-01 23:01:58,866{GMT}	INFO	[jepsen worker 13] jepsen.util: 13	:invoke	:cas	[1 [4 4]]
2022-05-01 23:01:58,871{GMT}	INFO	[jepsen worker 13] jepsen.util: 13	:info	:cas	[1 [4 4]]	[:unknown "Not Leader"]
2022-05-01 23:01:58,938{GMT}	INFO	[jepsen worker 3] jepsen.util: 3	:invoke	:read	[0 nil]
2022-05-01 23:01:58,943{GMT}	INFO	[jepsen worker 3] jepsen.util: 3	:fail	:read	[0 nil]	[:unknown "Not Leader"]
2022-05-01 23:01:59,042{GMT}	INFO	[jepsen worker 19] jepsen.util: 19	:invoke	:cas	[1 [0 0]]
2022-05-01 23:01:59,047{GMT}	INFO	[jepsen worker 19] jepsen.util: 19	:info	:cas	[1 [0 0]]	[:unknown "Not Leader"]
2022-05-01 23:01:59,154{GMT}	INFO	[jepsen worker 11] jepsen.util: 11	:invoke	:write	[1 2]
2022-05-01 23:01:59,159{GMT}	INFO	[jepsen worker 11] jepsen.util: 11	:info	:write	[1 2]	[:unknown "Not Leader"]
2022-05-01 23:01:59,434{GMT}	INFO	[jepsen worker 1] jepsen.util: 1	:invoke	:read	[0 nil]
2022-05-01 23:01:59,439{GMT}	INFO	[jepsen worker 1] jepsen.util: 1	:fail	:read	[0 nil]	[:unknown "Not Leader"]
2022-05-01 23:01:59,788{GMT}	INFO	[jepsen worker 3] jepsen.util: 3	:invoke	:read	[0 nil]
2022-05-01 23:01:59,791{GMT}	INFO	[jepsen worker 3] jepsen.util: 3	:fail	:read	[0 nil]	[:unknown "Not Leader"]
2022-05-01 23:01:59,988{GMT}	INFO	[jepsen worker 14] jepsen.util: 14	:invoke	:cas	[1 [0 1]]
2022-05-01 23:01:59,992{GMT}	INFO	[jepsen worker 14] jepsen.util: 14	:info	:cas	[1 [0 1]]	[:unknown "Not Leader"]
2022-05-01 23:02:00,146{GMT}	INFO	[jepsen worker 1] jepsen.util: 1	:invoke	:read	[0 nil]
2022-05-01 23:02:00,151{GMT}	INFO	[jepsen worker 1] jepsen.util: 1	:fail	:read	[0 nil]	[:unknown "Not Leader"]
2022-05-01 23:02:00,361{GMT}	INFO	[jepsen worker 18] jepsen.util: 18	:invoke	:write	[1 0]
2022-05-01 23:02:00,362{GMT}	INFO	[jepsen worker 18] jepsen.util: 18	:info	:write	[1 0]	[:unknown "Not Leader"]
2022-05-01 23:02:00,540{GMT}	INFO	[jepsen worker 19] jepsen.util: 39	:invoke	:cas	[1 [3 2]]
2022-05-01 23:02:00,544{GMT}	INFO	[jepsen worker 19] jepsen.util: 39	:info	:cas	[1 [3 2]]	[:unknown "Not Leader"]
2022-05-01 23:02:00,935{GMT}	INFO	[jepsen worker 10] jepsen.util: 30	:invoke	:cas	[1 [2 0]]
2022-05-01 23:02:00,939{GMT}	INFO	[jepsen worker 10] jepsen.util: 30	:info	:cas	[1 [2 0]]	[:unknown "Not Leader"]
2022-05-01 23:02:01,084{GMT}	INFO	[jepsen worker 4] jepsen.util: 4	:invoke	:read	[0 nil]
2022-05-01 23:02:01,089{GMT}	INFO	[jepsen worker 4] jepsen.util: 4	:fail	:read	[0 nil]	[:unknown "Not Leader"]
2022-05-01 23:02:01,290{GMT}	INFO	[jepsen worker 5] jepsen.util: 5	:invoke	:write	[0 2]
2022-05-01 23:02:01,295{GMT}	INFO	[jepsen worker 5] jepsen.util: 5	:info	:write	[0 2]	[:unknown "Not Leader"]
2022-05-01 23:02:01,306{GMT}	INFO	[jepsen worker 2] jepsen.util: 2	:invoke	:read	[0 nil]
2022-05-01 23:02:01,309{GMT}	INFO	[jepsen worker 2] jepsen.util: 2	:fail	:read	[0 nil]	[:unknown "Not Leader"]
2022-05-01 23:02:01,630{GMT}	INFO	[jepsen worker 12] jepsen.util: 12	:invoke	:cas	[1 [4 1]]
2022-05-01 23:02:01,631{GMT}	INFO	[jepsen worker 12] jepsen.util: 12	:info	:cas	[1 [4 1]]	[:unknown "Not Leader"]
2022-05-01 23:02:02,004{GMT}	INFO	[jepsen worker 12] jepsen.util: 32	:invoke	:cas	[1 [2 2]]
2022-05-01 23:02:02,008{GMT}	INFO	[jepsen worker 12] jepsen.util: 32	:info	:cas	[1 [2 2]]	[:unknown "Not Leader"]
2022-05-01 23:02:02,212{GMT}	INFO	[jepsen worker 2] jepsen.util: 2	:invoke	:read	[0 nil]
2022-05-01 23:02:02,216{GMT}	INFO	[jepsen worker 2] jepsen.util: 2	:fail	:read	[0 nil]	[:unknown "Not Leader"]
2022-05-01 23:02:02,546{GMT}	INFO	[jepsen worker 3] jepsen.util: 3	:invoke	:read	[0 nil]
2022-05-01 23:02:02,549{GMT}	INFO	[jepsen worker 3] jepsen.util: 3	:fail	:read	[0 nil]	[:unknown "Not Leader"]
2022-05-01 23:02:02,707{GMT}	INFO	[jepsen worker 0] jepsen.util: 0	:invoke	:read	[0 nil]
2022-05-01 23:02:02,711{GMT}	INFO	[jepsen worker 0] jepsen.util: 0	:fail	:read	[0 nil]	[:unknown "Not Leader"]
2022-05-01 23:02:02,738{GMT}	INFO	[jepsen worker 19] jepsen.util: 59	:invoke	:cas	[1 [0 1]]
2022-05-01 23:02:02,742{GMT}	INFO	[jepsen worker 19] jepsen.util: 59	:info	:cas	[1 [0 1]]	[:unknown "Not Leader"]
2022-05-01 23:02:02,770{GMT}	INFO	[jepsen worker 11] jepsen.util: 31	:invoke	:write	[2 2]
2022-05-01 23:02:02,772{GMT}	INFO	[jepsen worker 11] jepsen.util: 31	:info	:write	[2 2]	[:unknown "Not Leader"]
2022-05-01 23:02:03,064{GMT}	INFO	[jepsen worker 15] jepsen.util: 15	:invoke	:write	[2 4]
2022-05-01 23:02:03,068{GMT}	INFO	[jepsen worker 15] jepsen.util: 15	:info	:write	[2 4]	[:unknown "Not Leader"]
2022-05-01 23:02:03,212{GMT}	INFO	[jepsen worker 11] jepsen.util: 51	:invoke	:cas	[2 [4 2]]
2022-05-01 23:02:03,216{GMT}	INFO	[jepsen worker 11] jepsen.util: 51	:info	:cas	[2 [4 2]]	[:unknown "Not Leader"]
2022-05-01 23:02:03,220{GMT}	INFO	[jepsen node n2] maelstrom.db: Tearing down n2
2022-05-01 23:02:03,220{GMT}	INFO	[jepsen node n3] maelstrom.db: Tearing down n3
2022-05-01 23:02:03,220{GMT}	INFO	[jepsen node n4] maelstrom.db: Tearing down n4
2022-05-01 23:02:03,220{GMT}	INFO	[jepsen node n1] maelstrom.db: Tearing down n1
2022-05-01 23:02:03,220{GMT}	INFO	[jepsen node n5] maelstrom.db: Tearing down n5
2022-05-01 23:02:04,218{GMT}	INFO	[jepsen test runner] jepsen.core: Run complete, writing
2022-05-01 23:02:04,276{GMT}	INFO	[jepsen test runner] jepsen.core: Analyzing...
2022-05-01 23:02:04,317{GMT}	WARN	[clojure-agent-send-off-pool-2] jepsen.checker: Error while checking history:
java.lang.IllegalStateException: Error rendering plot, verify gnuplot is installed and reachable
	at jepsen.checker.perf$plot_BANG_.invokeStatic(perf.clj:480)
	at jepsen.checker.perf$plot_BANG_.invoke(perf.clj:417)
	at jepsen.checker.perf$point_graph_BANG_.invokeStatic(perf.clj:511)
	at jepsen.checker.perf$point_graph_BANG_.invoke(perf.clj:484)
	at jepsen.checker$latency_graph$reify__8824.check(checker.clj:803)
	at jepsen.checker$check_safe.invokeStatic(checker.clj:78)
	at jepsen.checker$check_safe.invoke(checker.clj:71)
	at jepsen.checker$compose$reify__8612$fn__8614.invoke(checker.clj:94)
	at clojure.core$pmap$fn__8447$fn__8448.invoke(core.clj:7022)
	at clojure.core$binding_conveyor_fn$fn__5739.invoke(core.clj:2030)
	at clojure.lang.AFn.call(AFn.java:18)
	at java.base/java.util.concurrent.FutureTask.run(FutureTask.java:264)
	at java.base/java.util.concurrent.ThreadPoolExecutor.runWorker(ThreadPoolExecutor.java:1128)
	at java.base/java.util.concurrent.ThreadPoolExecutor$Worker.run(ThreadPoolExecutor.java:628)
	at java.base/java.lang.Thread.run(Thread.java:829)
Caused by: java.io.IOException: Cannot run program "gnuplot": error=2, No such file or directory
	at java.base/java.lang.ProcessBuilder.start(ProcessBuilder.java:1128)
	at java.base/java.lang.ProcessBuilder.start(ProcessBuilder.java:1071)
	at java.base/java.lang.Runtime.exec(Runtime.java:592)
	at clojure.java.shell$sh.invokeStatic(shell.clj:113)
	at clojure.java.shell$sh.doInvoke(shell.clj:79)
	at clojure.lang.RestFn.invoke(RestFn.java:512)
	at gnuplot.core$run_BANG_.invokeStatic(core.clj:76)
	at gnuplot.core$run_BANG_.invoke(core.clj:66)
	at gnuplot.core$raw_plot_BANG_.invokeStatic(core.clj:106)
	at gnuplot.core$raw_plot_BANG_.invoke(core.clj:91)
	... 15 common frames omitted
Caused by: java.io.IOException: error=2, No such file or directory
	at java.base/java.lang.ProcessImpl.forkAndExec(Native Method)
	at java.base/java.lang.ProcessImpl.<init>(ProcessImpl.java:340)
	at java.base/java.lang.ProcessImpl.start(ProcessImpl.java:271)
	at java.base/java.lang.ProcessBuilder.start(ProcessBuilder.java:1107)
	... 24 common frames omitted
2022-05-01 23:02:04,359{GMT}	INFO	[clojure-agent-send-pool-0] jepsen.independent: Wrote /home/peter/Documents/tf/lab3/store/lin-kv/20220501T230158.000+0100/independent/0/results.edn
2022-05-01 23:02:04,363{GMT}	INFO	[clojure-agent-send-pool-2] jepsen.independent: Wrote /home/peter/Documents/tf/lab3/store/lin-kv/20220501T230158.000+0100/independent/2/results.edn
2022-05-01 23:02:04,367{GMT}	INFO	[clojure-agent-send-pool-2] jepsen.independent: Wrote /home/peter/Documents/tf/lab3/store/lin-kv/20220501T230158.000+0100/independent/2/history.edn
2022-05-01 23:02:04,367{GMT}	INFO	[clojure-agent-send-pool-0] jepsen.independent: Wrote /home/peter/Documents/tf/lab3/store/lin-kv/20220501T230158.000+0100/independent/0/history.edn
2022-05-01 23:02:04,390{GMT}	INFO	[clojure-agent-send-pool-1] jepsen.independent: Wrote /home/peter/Documents/tf/lab3/store/lin-kv/20220501T230158.000+0100/independent/1/results.edn
2022-05-01 23:02:04,392{GMT}	INFO	[clojure-agent-send-pool-1] jepsen.independent: Wrote /home/peter/Documents/tf/lab3/store/lin-kv/20220501T230158.000+0100/independent/1/history.edn
2022-05-01 23:02:04,400{GMT}	INFO	[jepsen test runner] jepsen.core: Analysis complete
2022-05-01 23:02:04,434{GMT}	INFO	[jepsen results] jepsen.store: Wrote /home/peter/Documents/tf/lab3/store/lin-kv/20220501T230158.000+0100/results.edn
2022-05-01 23:02:04,460{GMT}	INFO	[jepsen test runner] jepsen.core: {:perf {:latency-graph {:valid? :unknown,
                        :error "java.lang.IllegalStateException: Error rendering plot, verify gnuplot is installed and reachable\n at jepsen.checker.perf$plot_BANG_.invokeStatic (perf.clj:480)\n    jepsen.checker.perf$plot_BANG_.invoke (perf.clj:417)\n    jepsen.checker.perf$point_graph_BANG_.invokeStatic (perf.clj:511)\n    jepsen.checker.perf$point_graph_BANG_.invoke (perf.clj:484)\n    jepsen.checker$latency_graph$reify__8824.check (checker.clj:803)\n    jepsen.checker$check_safe.invokeStatic (checker.clj:78)\n    jepsen.checker$check_safe.invoke (checker.clj:71)\n    jepsen.checker$compose$reify__8612$fn__8614.invoke (checker.clj:94)\n    clojure.core$pmap$fn__8447$fn__8448.invoke (core.clj:7022)\n    clojure.core$binding_conveyor_fn$fn__5739.invoke (core.clj:2030)\n    clojure.lang.AFn.call (AFn.java:18)\n    java.util.concurrent.FutureTask.run (FutureTask.java:264)\n    java.util.concurrent.ThreadPoolExecutor.runWorker (ThreadPoolExecutor.java:1128)\n    java.util.concurrent.ThreadPoolExecutor$Worker.run (ThreadPoolExecutor.java:628)\n    java.lang.Thread.run (Thread.java:829)\nCaused by: java.io.IOException: Cannot run program \"gnuplot\": error=2, No such file or directory\n at java.lang.ProcessBuilder.start (ProcessBuilder.java:1128)\n    java.lang.ProcessBuilder.start (ProcessBuilder.java:1071)\n    java.lang.Runtime.exec (Runtime.java:592)\n    clojure.java.shell$sh.invokeStatic (shell.clj:113)\n    clojure.java.shell$sh.doInvoke (shell.clj:79)\n    clojure.lang.RestFn.invoke (RestFn.java:512)\n    gnuplot.core$run_BANG_.invokeStatic (core.clj:76)\n    gnuplot.core$run_BANG_.invoke (core.clj:66)\n    gnuplot.core$raw_plot_BANG_.invokeStatic (core.clj:106)\n    gnuplot.core$raw_plot_BANG_.invoke (core.clj:91)\n    jepsen.checker.perf$plot_BANG_.invokeStatic (perf.clj:480)\n    jepsen.checker.perf$plot_BANG_.invoke (perf.clj:417)\n    jepsen.checker.perf$point_graph_BANG_.invokeStatic (perf.clj:511)\n    jepsen.checker.perf$point_graph_BANG_.invoke (perf.clj:484)\n    jepsen.checker$latency_graph$reify__8824.check (checker.clj:803)\n    jepsen.checker$check_safe.invokeStatic (checker.clj:78)\n    jepsen.checker$check_safe.invoke (checker.clj:71)\n    jepsen.checker$compose$reify__8612$fn__8614.invoke (checker.clj:94)\n    clojure.core$pmap$fn__8447$fn__8448.invoke (core.clj:7022)\n    clojure.core$binding_conveyor_fn$fn__5739.invoke (core.clj:2030)\n    clojure.lang.AFn.call (AFn.java:18)\n    java.util.concurrent.FutureTask.run (FutureTask.java:264)\n    java.util.concurrent.ThreadPoolExecutor.runWorker (ThreadPoolExecutor.java:1128)\n    java.util.concurrent.ThreadPoolExecutor$Worker.run (ThreadPoolExecutor.java:628)\n    java.lang.Thread.run (Thread.java:829)\nCaused by: java.io.IOException: error=2, No such file or directory\n at java.lang.ProcessImpl.forkAndExec (ProcessImpl.java:-2)\n    java.lang.ProcessImpl.<init> (ProcessImpl.java:340)\n    java.lang.ProcessImpl.start (ProcessImpl.java:271)\n    java.lang.ProcessBuilder.start (ProcessBuilder.java:1107)\n    java.lang.ProcessBuilder.start (ProcessBuilder.java:1071)\n    java.lang.Runtime.exec (Runtime.java:592)\n    clojure.java.shell$sh.invokeStatic (shell.clj:113)\n    clojure.java.shell$sh.doInvoke (shell.clj:79)\n    clojure.lang.RestFn.invoke (RestFn.java:512)\n    gnuplot.core$run_BANG_.invokeStatic (core.clj:76)\n    gnuplot.core$run_BANG_.invoke (core.clj:66)\n    gnuplot.core$raw_plot_BANG_.invokeStatic (core.clj:106)\n    gnuplot.core$raw_plot_BANG_.invoke (core.clj:91)\n    jepsen.checker.perf$plot_BANG_.invokeStatic (perf.clj:480)\n    jepsen.checker.perf$plot_BANG_.invoke (perf.clj:417)\n    jepsen.checker.perf$point_graph_BANG_.invokeStatic (perf.clj:511)\n    jepsen.checker.perf$point_graph_BANG_.invoke (perf.clj:484)\n    jepsen.checker$latency_graph$reify__8824.check (checker.clj:803)\n    jepsen.checker$check_safe.invokeStatic (checker.clj:78)\n    jepsen.checker$check_safe.invoke (checker.clj:71)\n    jepsen.checker$compose$reify__8612$fn__8614.invoke (checker.clj:94)\n    clojure.core$pmap$fn__8447$fn__8448.invoke (core.clj:7022)\n    clojure.core$binding_conveyor_fn$fn__5739.invoke (core.clj:2030)\n    clojure.lang.AFn.call (AFn.java:18)\n    java.util.concurrent.FutureTask.run (FutureTask.java:264)\n    java.util.concurrent.ThreadPoolExecutor.runWorker (ThreadPoolExecutor.java:1128)\n    java.util.concurrent.ThreadPoolExecutor$Worker.run (ThreadPoolExecutor.java:628)\n    java.lang.Thread.run (Thread.java:829)\n"},
        :rate-graph {:valid? true},
        :valid? :unknown},
 :timeline {:valid? true},
 :exceptions {:valid? true},
 :stats {:valid? false,
         :count 25,
         :ok-count 0,
         :fail-count 9,
         :info-count 16,
         :by-f {:cas {:valid? false,
                      :count 11,
                      :ok-count 0,
                      :fail-count 0,
                      :info-count 11},
                :read {:valid? false,
                       :count 9,
                       :ok-count 0,
                       :fail-count 9,
                       :info-count 0},
                :write {:valid? false,
                        :count 5,
                        :ok-count 0,
                        :fail-count 0,
                        :info-count 5}}},
 :net {:stats {:all {:send-count 111,
                     :recv-count 111,
                     :msg-count 111,
                     :msgs-per-op 4.44},
               :clients {:send-count 60,
                         :recv-count 60,
                         :msg-count 60},
               :servers {:send-count 51,
                         :recv-count 51,
                         :msg-count 51,
                         :msgs-per-op 2.04}},
       :valid? true},
 :workload {:valid? true,
            :results {0 {:linearizable {:valid? true,
                                        :configs ({:model #knossos.model.CASRegister{:value nil},
                                                   :last-op nil,
                                                   :pending [{:process 5,
                                                              :type :invoke,
                                                              :f :write,
                                                              :value 2,
                                                              :index 28,
                                                              :time 3060867765}
                                                             {:process 7,
                                                              :type :invoke,
                                                              :f :cas,
                                                              :value [1
                                                                      2],
                                                              :index 0,
                                                              :time 14288869}]}),
                                        :final-paths ()},
                         :timeline {:valid? true},
                         :valid? true},
                      1 {:linearizable {:valid? true,
                                        :configs ({:model #knossos.model.CASRegister{:value nil},
                                                   :last-op nil,
                                                   :pending [{:process 10,
                                                              :type :invoke,
                                                              :f :cas,
                                                              :value [3
                                                                      1],
                                                              :index 2,
                                                              :time 367375317}
                                                             {:process 11,
                                                              :type :invoke,
                                                              :f :write,
                                                              :value 2,
                                                              :index 10,
                                                              :time 924421940}
                                                             {:process 12,
                                                              :type :invoke,
                                                              :f :cas,
                                                              :value [4
                                                                      1],
                                                              :index 32,
                                                              :time 3401824421}
                                                             {:process 13,
                                                              :type :invoke,
                                                              :f :cas,
                                                              :value [4
                                                                      4],
                                                              :index 4,
                                                              :time 636066356}
                                                             {:process 14,
                                                              :type :invoke,
                                                              :f :cas,
                                                              :value [0
                                                                      1],
                                                              :index 16,
                                                              :time 1759022559}
                                                             {:process 18,
                                                              :type :invoke,
                                                              :f :write,
                                                              :value 0,
                                                              :index 20,
                                                              :time 2132614217}
                                                             {:process 19,
                                                              :type :invoke,
                                                              :f :cas,
                                                              :value [0
                                                                      0],
                                                              :index 8,
                                                              :time 811701025}
                                                             {:process 30,
                                                              :type :invoke,
                                                              :f :cas,
                                                              :value [2
                                                                      0],
                                                              :index 24,
                                                              :time 2705427324}
                                                             {:process 32,
                                                              :type :invoke,
                                                              :f :cas,
                                                              :value [2
                                                                      2],
                                                              :index 34,
                                                              :time 3774964827}
                                                             {:process 39,
                                                              :type :invoke,
                                                              :f :cas,
                                                              :value [3
                                                                      2],
                                                              :index 22,
                                                              :time 2311299934}
                                                             {:process 59,
                                                              :type :invoke,
                                                              :f :cas,
                                                              :value [0
                                                                      1],
                                                              :index 42,
                                                              :time 4509287972}]}),
                                        :final-paths ()},
                         :timeline {:valid? true},
                         :valid? true},
                      2 {:linearizable {:valid? true,
                                        :configs ({:model #knossos.model.CASRegister{:value nil},
                                                   :last-op nil,
                                                   :pending [{:process 15,
                                                              :type :invoke,
                                                              :f :write,
                                                              :value 4,
                                                              :index 46,
                                                              :time 4835097987}
                                                             {:process 31,
                                                              :type :invoke,
                                                              :f :write,
                                                              :value 2,
                                                              :index 44,
                                                              :time 4542673631}
                                                             {:process 51,
                                                              :type :invoke,
                                                              :f :cas,
                                                              :value [4
                                                                      2],
                                                              :index 48,
                                                              :time 4983471818}]}),
                                        :final-paths ()},
                         :timeline {:valid? true},
                         :valid? true}},
            :failures []},
 :valid? false}


Analysis invalid! (ﾉಥ益ಥ）ﾉ ┻━┻
