2022-05-03 15:20:49,726{GMT}	INFO	[jepsen test runner] jepsen.core: Test version ba6f9e66132a8e6051301f5fc7fd18e877f6bddb (plus uncommitted changes)
2022-05-03 15:20:49,727{GMT}	INFO	[jepsen test runner] jepsen.core: Command line:
lein run test --bin raft.py --workload lin-kv --concurrency 4n --time-limit 2
2022-05-03 15:20:49,783{GMT}	INFO	[jepsen test runner] jepsen.core: Running test:
{:remote #jepsen.control.SSHRemote{:session nil}
 :log-net-send false
 :node-count nil
 :max-txn-length 4
 :concurrency 20
 :db
 #object[maelstrom.db$db$reify__16747
         "0xcf0e8b4"
         "maelstrom.db$db$reify__16747@cf0e8b4"]
 :max-writes-per-key 16
 :leave-db-running? false
 :name "lin-kv"
 :logging-json? false
 :net-journal #object[clojure.lang.Atom "0x51a7ee4e" {:status :ready, :val []}]
 :start-time
 #object[org.joda.time.DateTime "0x424c8ebe" "2022-05-03T15:20:49.000+01:00"]
 :nemesis-interval 10
 :net
 #object[maelstrom.net$jepsen_adapter$reify__15560
         "0x7aafac17"
         "maelstrom.net$jepsen_adapter$reify__15560@7aafac17"]
 :client
 #object[maelstrom.workload.lin_kv$client$reify__17524
         "0x3054551f"
         "maelstrom.workload.lin_kv$client$reify__17524@3054551f"]
 :barrier
 #object[java.util.concurrent.CyclicBarrier
         "0x6b8cfbeb"
         "java.util.concurrent.CyclicBarrier@6b8cfbeb"]
 :log-stderr false
 :pure-generators true
 :ssh {:dummy? true}
 :rate 5
 :checker
 #object[jepsen.checker$compose$reify__8612
         "0x4603845b"
         "jepsen.checker$compose$reify__8612@4603845b"]
 :argv
 ("test"
  "--bin"
  "raft.py"
  "--workload"
  "lin-kv"
  "--concurrency"
  "4n"
  "--time-limit"
  "2")
 :nemesis
 (jepsen.nemesis.ReflCompose
  {:fm {:start-partition 0,
        :stop-partition 0,
        :kill 1,
        :start 1,
        :pause 1,
        :resume 1},
   :nemeses [#unprintable "jepsen.nemesis.combined$partition_nemesis$reify__17019@414b5798"
             #unprintable "jepsen.nemesis.combined$db_nemesis$reify__17000@53251e03"]})
 :active-histories
 #object[clojure.lang.Atom "0x5ffae42f" {:status :ready, :val #{}}]
 :nodes ["n1" "n2" "n3" "n4" "n5"]
 :test-count 1
 :latency {:mean 0, :dist :constant}
 :bin "raft.py"
 :generator
 (jepsen.generator.TimeLimit
  {:limit 2000000000,
   :cutoff nil,
   :gen (jepsen.generator.Any
         {:gens [(jepsen.generator.OnThreads {:f #{:nemesis}, :gen nil})
                 (jepsen.generator.OnThreads
                  {:f #object[clojure.core$complement$fn__5654
                              "0x3eff5c32"
                              "clojure.core$complement$fn__5654@3eff5c32"],
                   :gen (jepsen.generator.Stagger
                         {:dt 400000000,
                          :next-time nil,
                          :gen (jepsen.generator.OnThreads
                                {:f #object[clojure.core$complement$fn__5654
                                            "0x79d538c1"
                                            "clojure.core$complement$fn__5654@79d538c1"],
                                 :gen (jepsen.independent.ConcurrentGenerator
                                       {:n 10,
                                        :fgen #object[jepsen.tests.linearizable_register$test$fn__17324
                                                      "0x31e08c61"
                                                      "jepsen.tests.linearizable_register$test$fn__17324@31e08c61"],
                                        :group->threads nil,
                                        :thread->group nil,
                                        :keys (0 1 2 3 4 5 6 7 ...),
                                        :gens nil})})})})]})})
 :log-net-recv false
 :os
 #object[jepsen.os$reify__2490 "0x2db15764" "jepsen.os$reify__2490@2db15764"]
 :time-limit 2
 :workload :lin-kv
 :consistency-models [:strict-serializable]
 :topology :grid}

2022-05-03 15:20:49,790{GMT}	INFO	[jepsen test runner] jepsen.db: Tearing down DB
2022-05-03 15:20:49,793{GMT}	INFO	[jepsen test runner] jepsen.db: Setting up DB
2022-05-03 15:20:49,794{GMT}	INFO	[jepsen node n4] maelstrom.db: Setting up n4
2022-05-03 15:20:49,794{GMT}	INFO	[jepsen node n2] maelstrom.db: Setting up n2
2022-05-03 15:20:49,794{GMT}	INFO	[jepsen node n3] maelstrom.db: Setting up n3
2022-05-03 15:20:49,794{GMT}	INFO	[jepsen node n5] maelstrom.db: Setting up n5
2022-05-03 15:20:49,795{GMT}	INFO	[jepsen node n3] maelstrom.process: launching raft.py nil
2022-05-03 15:20:49,795{GMT}	INFO	[jepsen node n5] maelstrom.process: launching raft.py nil
2022-05-03 15:20:49,795{GMT}	INFO	[jepsen node n4] maelstrom.process: launching raft.py nil
2022-05-03 15:20:49,795{GMT}	INFO	[jepsen node n2] maelstrom.process: launching raft.py nil
2022-05-03 15:20:49,797{GMT}	INFO	[jepsen node n1] maelstrom.service: Starting services: (lin-kv lin-tso lww-kv seq-kv)
2022-05-03 15:20:49,799{GMT}	INFO	[jepsen node n1] maelstrom.db: Setting up n1
2022-05-03 15:20:49,799{GMT}	INFO	[jepsen node n1] maelstrom.process: launching raft.py nil
2022-05-03 15:20:49,886{GMT}	INFO	[jepsen test runner] jepsen.core: Relative time begins now
2022-05-03 15:20:49,910{GMT}	INFO	[jepsen worker 17] jepsen.util: 17	:invoke	:cas	[1 [3 1]]
2022-05-03 15:20:49,918{GMT}	INFO	[jepsen worker 17] jepsen.util: 17	:info	:cas	[1 [3 1]]	[:unknown "Not Leader"]
2022-05-03 15:20:50,130{GMT}	INFO	[jepsen worker 17] jepsen.util: 37	:invoke	:cas	[1 [0 0]]
2022-05-03 15:20:50,135{GMT}	INFO	[jepsen worker 17] jepsen.util: 37	:info	:cas	[1 [0 0]]	[:unknown "Not Leader"]
2022-05-03 15:20:50,377{GMT}	INFO	[jepsen worker 7] jepsen.util: 7	:invoke	:cas	[0 [1 1]]
2022-05-03 15:20:50,382{GMT}	INFO	[jepsen worker 7] jepsen.util: 7	:info	:cas	[0 [1 1]]	[:unknown "Not Leader"]
2022-05-03 15:20:50,491{GMT}	INFO	[jepsen worker 16] jepsen.util: 16	:invoke	:cas	[1 [4 2]]
2022-05-03 15:20:50,496{GMT}	INFO	[jepsen worker 16] jepsen.util: 16	:info	:cas	[1 [4 2]]	[:unknown "Not Leader"]
2022-05-03 15:20:50,860{GMT}	INFO	[jepsen worker 6] jepsen.util: 6	:invoke	:cas	[0 [2 1]]
2022-05-03 15:20:50,865{GMT}	INFO	[jepsen worker 6] jepsen.util: 6	:info	:cas	[0 [2 1]]	[:unknown "Not Leader"]
2022-05-03 15:20:50,893{GMT}	INFO	[jepsen worker 10] jepsen.util: 10	:invoke	:write	[1 1]
2022-05-03 15:20:51,296{GMT}	INFO	[jepsen worker 15] jepsen.util: 15	:invoke	:cas	[1 [2 4]]
2022-05-03 15:20:51,676{GMT}	INFO	[jepsen worker 18] jepsen.util: 18	:invoke	:cas	[1 [4 0]]
2022-05-03 15:20:51,681{GMT}	INFO	[jepsen worker 18] jepsen.util: 18	:info	:cas	[1 [4 0]]	[:unknown "Not Leader"]
2022-05-03 15:20:51,896{GMT}	INFO	[jepsen worker 10] jepsen.util: 10	:info	:write	[1 1]	:net-timeout
2022-05-03 15:20:52,297{GMT}	INFO	[jepsen worker 15] jepsen.util: 15	:info	:cas	[1 [2 4]]	:net-timeout
2022-05-03 15:20:52,303{GMT}	INFO	[jepsen node n2] maelstrom.db: Tearing down n2
2022-05-03 15:20:52,303{GMT}	INFO	[jepsen node n1] maelstrom.db: Tearing down n1
2022-05-03 15:20:52,303{GMT}	INFO	[jepsen node n4] maelstrom.db: Tearing down n4
2022-05-03 15:20:52,303{GMT}	INFO	[jepsen node n5] maelstrom.db: Tearing down n5
2022-05-03 15:20:52,303{GMT}	INFO	[jepsen node n3] maelstrom.db: Tearing down n3
2022-05-03 15:20:53,803{GMT}	INFO	[jepsen test runner] jepsen.core: Run complete, writing
2022-05-03 15:20:53,843{GMT}	INFO	[jepsen test runner] jepsen.core: Analyzing...
2022-05-03 15:20:53,952{GMT}	INFO	[clojure-agent-send-pool-0] jepsen.independent: Wrote /home/peter/Documents/tf/lab3/store/lin-kv/20220503T152049.000+0100/independent/0/results.edn
2022-05-03 15:20:53,954{GMT}	INFO	[clojure-agent-send-pool-0] jepsen.independent: Wrote /home/peter/Documents/tf/lab3/store/lin-kv/20220503T152049.000+0100/independent/0/history.edn
2022-05-03 15:20:53,968{GMT}	INFO	[clojure-agent-send-pool-1] jepsen.independent: Wrote /home/peter/Documents/tf/lab3/store/lin-kv/20220503T152049.000+0100/independent/1/results.edn
2022-05-03 15:20:53,970{GMT}	INFO	[clojure-agent-send-pool-1] jepsen.independent: Wrote /home/peter/Documents/tf/lab3/store/lin-kv/20220503T152049.000+0100/independent/1/history.edn
2022-05-03 15:20:54,064{GMT}	INFO	[jepsen test runner] jepsen.core: Analysis complete
2022-05-03 15:20:54,083{GMT}	INFO	[jepsen results] jepsen.store: Wrote /home/peter/Documents/tf/lab3/store/lin-kv/20220503T152049.000+0100/results.edn
2022-05-03 15:20:54,102{GMT}	INFO	[jepsen test runner] jepsen.core: {:perf {:latency-graph {:valid? true},
        :rate-graph {:valid? true},
        :valid? true},
 :timeline {:valid? true},
 :exceptions {:valid? true},
 :stats {:valid? false,
         :count 8,
         :ok-count 0,
         :fail-count 0,
         :info-count 8,
         :by-f {:cas {:valid? false,
                      :count 7,
                      :ok-count 0,
                      :fail-count 0,
                      :info-count 7},
                :write {:valid? false,
                        :count 1,
                        :ok-count 0,
                        :fail-count 0,
                        :info-count 1}}},
 :net {:stats {:all {:send-count 40,
                     :recv-count 40,
                     :msg-count 40,
                     :msgs-per-op 5.0},
               :clients {:send-count 24,
                         :recv-count 24,
                         :msg-count 24},
               :servers {:send-count 16,
                         :recv-count 16,
                         :msg-count 16,
                         :msgs-per-op 2.0}},
       :valid? true},
 :workload {:valid? true,
            :results {0 {:linearizable {:valid? true,
                                        :configs ({:model #knossos.model.CASRegister{:value nil},
                                                   :last-op nil,
                                                   :pending [{:process 6,
                                                              :type :invoke,
                                                              :f :cas,
                                                              :value [2
                                                                      1],
                                                              :index 8,
                                                              :time 972064896}
                                                             {:process 7,
                                                              :type :invoke,
                                                              :f :cas,
                                                              :value [1
                                                                      1],
                                                              :index 4,
                                                              :time 489257458}]}),
                                        :final-paths ()},
                         :timeline {:valid? true},
                         :valid? true},
                      1 {:linearizable {:valid? true,
                                        :configs ({:model #knossos.model.CASRegister{:value nil},
                                                   :last-op nil,
                                                   :pending [{:process 10,
                                                              :type :invoke,
                                                              :f :write,
                                                              :value 1,
                                                              :index 10,
                                                              :time 1005787960}
                                                             {:process 15,
                                                              :type :invoke,
                                                              :f :cas,
                                                              :value [2
                                                                      4],
                                                              :index 11,
                                                              :time 1400430354}
                                                             {:process 16,
                                                              :type :invoke,
                                                              :f :cas,
                                                              :value [4
                                                                      2],
                                                              :index 6,
                                                              :time 603075184}
                                                             {:process 17,
                                                              :type :invoke,
                                                              :f :cas,
                                                              :value [3
                                                                      1],
                                                              :index 0,
                                                              :time 10089801}
                                                             {:process 18,
                                                              :type :invoke,
                                                              :f :cas,
                                                              :value [4
                                                                      0],
                                                              :index 12,
                                                              :time 1788317417}
                                                             {:process 37,
                                                              :type :invoke,
                                                              :f :cas,
                                                              :value [0
                                                                      0],
                                                              :index 2,
                                                              :time 241536085}]}),
                                        :final-paths ()},
                         :timeline {:valid? true},
                         :valid? true}},
            :failures []},
 :valid? false}


Analysis invalid! (ﾉಥ益ಥ）ﾉ ┻━┻
