DEBUG:root:received {"dest":"n1","body":{"type":"init","node_id":"n1","node_ids":["n1","n2","n3","n4","n5"],"msg_id":1},"src":"c2","id":2}
INFO:root:node n1 initialized
DEBUG:root:sending {"dest": "c2", "src": "n1", "body": {"msg_id": 1, "in_reply_to": 1, "type": "init_ok"}}
INFO:root:became leader
log
[(('pass', None), 0)]
match index
{'n1': 0, 'n2': 0, 'n3': 0, 'n4': 0, 'n5': 0}

INFO:root:vote ended, new leader is
n1

INFO:root:sending HB

INFO:root:HBdest
n2
nextIndex
{'n1': 1, 'n2': 1, 'n3': 1, 'n4': 1, 'n5': 1}
log
[(('pass', None), 0)]

DEBUG:root:sending {"dest": "n2", "src": "n1", "body": {"msg_id": 2, "type": "AppendEntries", "term": 0, "prevIndex": 0, "prevTerm": 0, "entries": [], "commit": 0}}
INFO:root:HBdest
n3
nextIndex
{'n1': 1, 'n2': 1, 'n3': 1, 'n4': 1, 'n5': 1}
log
[(('pass', None), 0)]

DEBUG:root:sending {"dest": "n3", "src": "n1", "body": {"msg_id": 3, "type": "AppendEntries", "term": 0, "prevIndex": 0, "prevTerm": 0, "entries": [], "commit": 0}}
INFO:root:HBdest
n4
nextIndex
{'n1': 1, 'n2': 1, 'n3': 1, 'n4': 1, 'n5': 1}
log
[(('pass', None), 0)]

DEBUG:root:sending {"dest": "n4", "src": "n1", "body": {"msg_id": 4, "type": "AppendEntries", "term": 0, "prevIndex": 0, "prevTerm": 0, "entries": [], "commit": 0}}
INFO:root:HBdest
n5
nextIndex
{'n1': 1, 'n2': 1, 'n3': 1, 'n4': 1, 'n5': 1}
log
[(('pass', None), 0)]

DEBUG:root:sending {"dest": "n5", "src": "n1", "body": {"msg_id": 5, "type": "AppendEntries", "term": 0, "prevIndex": 0, "prevTerm": 0, "entries": [], "commit": 0}}
DEBUG:root:received {"dest":"n1","src":"n2","body":{"msg_id":2,"type":"RequestVote","term":1,"prevLogIndex":0,"lastLogTerm":0,"candidateId":"n2"},"id":10}
DEBUG:root:sending {"dest": "n2", "src": "n1", "body": {"msg_id": 6, "in_reply_to": 2, "type": "RequestVoteRes", "term": 1, "res": true}}
INFO:root:election started and voted vor
n2
at time
1651669902099951550

DEBUG:root:received {"dest":"n1","src":"n2","body":{"msg_id":7,"in_reply_to":2,"type":"AppendEntriesRes","res":false,"term":1},"id":19}
DEBUG:root:received {"dest":"n1","src":"n3","body":{"msg_id":2,"in_reply_to":3,"type":"AppendEntriesRes","res":true,"term":0,"next":1,"commit":0},"id":21}
DEBUG:root:received {"dest":"n1","src":"n5","body":{"msg_id":2,"in_reply_to":5,"type":"AppendEntriesRes","res":true,"term":0,"next":1,"commit":0},"id":23}
DEBUG:root:received {"dest":"n1","src":"n2","body":{"msg_id":9,"type":"AppendEntries","term":1,"prevIndex":0,"prevTerm":0,"entries":[],"commit":0},"id":26}
DEBUG:root:received {"dest":"n1","src":"n4","body":{"msg_id":2,"in_reply_to":4,"type":"AppendEntriesRes","res":true,"term":0,"next":1,"commit":0},"id":28}
INFO:root:387##########:
node
n1
current term
1
next I
{'n1': 1, 'n2': 0, 'n3': 1, 'n4': 1, 'n5': 1}
log
[(('pass', None), 0)]
dest
n2

DEBUG:root:sending {"dest": "n2", "src": "n1", "body": {"msg_id": 7, "type": "AppendEntries", "term": 1, "prevIndex": -1, "prevTerm": 0, "entries": [[["pass", null], 0]], "commit": 0}}
DEBUG:root:sending {"dest": "n2", "src": "n1", "body": {"msg_id": 8, "in_reply_to": 9, "type": "AppendEntriesRes", "res": true, "term": 1, "next": 1, "commit": 0}}
DEBUG:root:received {"dest":"n1","src":"n2","body":{"msg_id":13,"in_reply_to":7,"type":"AppendEntriesRes","res":true,"term":1,"next":2,"commit":0},"id":37}
DEBUG:root:received {"dest":"n1","src":"n2","body":{"msg_id":14,"type":"AppendEntries","term":1,"entries":[[["pass",null],0],[["write",[0,3]],1]],"prevIndex":0,"prevTerm":0,"commit":0},"id":39}
ERROR:root:fatal exception in handler
Traceback (most recent call last):
  File "/home/peter/Documents/tf/lab3/ms.py", line 27, in exitOnError
    fn(*args)
  File "/home/peter/Documents/tf/lab3/raft.py", line 353, in handle
    if len(log)-1<=msg.body.prevIndex+i and log[msg.body.prevIndex+i][1]!=msg.body.entries[i-1][1]:
IndexError: list index out of range
