2022-05-01 20:55:25,863{GMT}	INFO	[jepsen test runner] jepsen.core: Test version 9d8335254928801a78e4e56f8c438d06a68b66d5 (plus uncommitted changes)
2022-05-01 20:55:25,863{GMT}	INFO	[jepsen test runner] jepsen.core: Command line:
lein run test --workload lin-kv --bin raft.py --time-limit 10 --concurrency 4n
2022-05-01 20:55:25,910{GMT}	INFO	[jepsen test runner] jepsen.core: Running test:
{:remote #jepsen.control.SSHRemote{:session nil}
 :log-net-send false
 :node-count nil
 :max-txn-length 4
 :concurrency 20
 :db
 #object[maelstrom.db$db$reify__16747
         "0x3a5812dc"
         "maelstrom.db$db$reify__16747@3a5812dc"]
 :max-writes-per-key 16
 :leave-db-running? false
 :name "lin-kv"
 :logging-json? false
 :net-journal #object[clojure.lang.Atom "0x1b9075c9" {:status :ready, :val []}]
 :start-time
 #object[org.joda.time.DateTime "0x75be6796" "2022-05-01T20:55:25.000+01:00"]
 :nemesis-interval 10
 :net
 #object[maelstrom.net$jepsen_adapter$reify__15560
         "0xce24a98"
         "maelstrom.net$jepsen_adapter$reify__15560@ce24a98"]
 :client
 #object[maelstrom.workload.lin_kv$client$reify__17524
         "0x496101d1"
         "maelstrom.workload.lin_kv$client$reify__17524@496101d1"]
 :barrier
 #object[java.util.concurrent.CyclicBarrier
         "0x19858f26"
         "java.util.concurrent.CyclicBarrier@19858f26"]
 :log-stderr false
 :pure-generators true
 :ssh {:dummy? true}
 :rate 5
 :checker
 #object[jepsen.checker$compose$reify__8612
         "0x4c14ed24"
         "jepsen.checker$compose$reify__8612@4c14ed24"]
 :argv
 ("test"
  "--workload"
  "lin-kv"
  "--bin"
  "raft.py"
  "--time-limit"
  "10"
  "--concurrency"
  "4n")
 :nemesis
 (jepsen.nemesis.ReflCompose
  {:fm {:start-partition 0,
        :stop-partition 0,
        :kill 1,
        :start 1,
        :pause 1,
        :resume 1},
   :nemeses [#unprintable "jepsen.nemesis.combined$partition_nemesis$reify__17019@523cc8b4"
             #unprintable "jepsen.nemesis.combined$db_nemesis$reify__17000@139224ab"]})
 :active-histories
 #object[clojure.lang.Atom "0x26db7540" {:status :ready, :val #{}}]
 :nodes ["n1" "n2" "n3" "n4" "n5"]
 :test-count 1
 :latency {:mean 0, :dist :constant}
 :bin "raft.py"
 :generator
 (jepsen.generator.TimeLimit
  {:limit 10000000000,
   :cutoff nil,
   :gen (jepsen.generator.Any
         {:gens [(jepsen.generator.OnThreads {:f #{:nemesis}, :gen nil})
                 (jepsen.generator.OnThreads
                  {:f #object[clojure.core$complement$fn__5654
                              "0x1bc6a43c"
                              "clojure.core$complement$fn__5654@1bc6a43c"],
                   :gen (jepsen.generator.Stagger
                         {:dt 400000000,
                          :next-time nil,
                          :gen (jepsen.generator.OnThreads
                                {:f #object[clojure.core$complement$fn__5654
                                            "0x5f3fa154"
                                            "clojure.core$complement$fn__5654@5f3fa154"],
                                 :gen (jepsen.independent.ConcurrentGenerator
                                       {:n 10,
                                        :fgen #object[jepsen.tests.linearizable_register$test$fn__17324
                                                      "0x6193340e"
                                                      "jepsen.tests.linearizable_register$test$fn__17324@6193340e"],
                                        :group->threads nil,
                                        :thread->group nil,
                                        :keys (0 1 2 3 4 5 6 7 ...),
                                        :gens nil})})})})]})})
 :log-net-recv false
 :os
 #object[jepsen.os$reify__2490 "0x158774d3" "jepsen.os$reify__2490@158774d3"]
 :time-limit 10
 :workload :lin-kv
 :consistency-models [:strict-serializable]
 :topology :grid}

2022-05-01 20:55:25,918{GMT}	INFO	[jepsen test runner] jepsen.db: Tearing down DB
2022-05-01 20:55:25,923{GMT}	INFO	[jepsen test runner] jepsen.db: Setting up DB
2022-05-01 20:55:25,925{GMT}	INFO	[jepsen node n3] maelstrom.db: Setting up n3
2022-05-01 20:55:25,925{GMT}	INFO	[jepsen node n2] maelstrom.db: Setting up n2
2022-05-01 20:55:25,925{GMT}	INFO	[jepsen node n4] maelstrom.db: Setting up n4
2022-05-01 20:55:25,925{GMT}	INFO	[jepsen node n5] maelstrom.db: Setting up n5
2022-05-01 20:55:25,926{GMT}	INFO	[jepsen node n3] maelstrom.process: launching raft.py nil
2022-05-01 20:55:25,927{GMT}	INFO	[jepsen node n5] maelstrom.process: launching raft.py nil
2022-05-01 20:55:25,926{GMT}	INFO	[jepsen node n4] maelstrom.process: launching raft.py nil
2022-05-01 20:55:25,926{GMT}	INFO	[jepsen node n2] maelstrom.process: launching raft.py nil
2022-05-01 20:55:25,928{GMT}	INFO	[jepsen node n1] maelstrom.service: Starting services: (lin-kv lin-tso lww-kv seq-kv)
2022-05-01 20:55:25,964{GMT}	INFO	[jepsen node n1] maelstrom.db: Setting up n1
2022-05-01 20:55:25,964{GMT}	INFO	[jepsen node n1] maelstrom.process: launching raft.py nil
2022-05-01 20:55:25,997{GMT}	INFO	[jepsen test runner] jepsen.core: Relative time begins now
2022-05-01 20:55:26,025{GMT}	INFO	[jepsen worker 9] jepsen.util: 9	:invoke	:cas	[0 [1 1]]
2022-05-01 20:55:26,040{GMT}	INFO	[jepsen worker 9] jepsen.util: 9	:info	:cas	[0 [1 1]]	[:unknown "Not Leader"]
2022-05-01 20:55:26,201{GMT}	INFO	[jepsen worker 10] jepsen.util: 10	:invoke	:cas	[1 [4 4]]
2022-05-01 20:55:26,447{GMT}	INFO	[jepsen worker 11] jepsen.util: 11	:invoke	:write	[1 0]
2022-05-01 20:55:26,449{GMT}	INFO	[jepsen worker 11] jepsen.util: 11	:info	:write	[1 0]	[:unknown "Not Leader"]
2022-05-01 20:55:26,733{GMT}	INFO	[jepsen worker 1] jepsen.util: 1	:invoke	:read	[0 nil]
2022-05-01 20:55:26,735{GMT}	INFO	[jepsen worker 1] jepsen.util: 1	:fail	:read	[0 nil]	[:unknown "Not Leader"]
2022-05-01 20:55:26,886{GMT}	INFO	[jepsen worker 15] jepsen.util: 15	:invoke	:cas	[1 [4 0]]
2022-05-01 20:55:27,039{GMT}	INFO	[jepsen worker 14] jepsen.util: 14	:invoke	:cas	[1 [1 4]]
2022-05-01 20:55:27,041{GMT}	INFO	[jepsen worker 14] jepsen.util: 14	:info	:cas	[1 [1 4]]	[:unknown "Not Leader"]
2022-05-01 20:55:27,147{GMT}	INFO	[jepsen worker 3] jepsen.util: 3	:invoke	:read	[0 nil]
2022-05-01 20:55:27,149{GMT}	INFO	[jepsen worker 3] jepsen.util: 3	:fail	:read	[0 nil]	[:unknown "Not Leader"]
2022-05-01 20:55:27,168{GMT}	INFO	[jepsen worker 1] jepsen.util: 1	:invoke	:read	[0 nil]
2022-05-01 20:55:27,170{GMT}	INFO	[jepsen worker 1] jepsen.util: 1	:fail	:read	[0 nil]	[:unknown "Not Leader"]
2022-05-01 20:55:27,202{GMT}	INFO	[jepsen worker 10] jepsen.util: 10	:info	:cas	[1 [4 4]]	:net-timeout
2022-05-01 20:55:27,534{GMT}	INFO	[jepsen worker 12] jepsen.util: 12	:invoke	:cas	[1 [2 2]]
2022-05-01 20:55:27,536{GMT}	INFO	[jepsen worker 12] jepsen.util: 12	:info	:cas	[1 [2 2]]	[:unknown "Not Leader"]
2022-05-01 20:55:27,671{GMT}	INFO	[jepsen worker 12] jepsen.util: 32	:invoke	:cas	[1 [0 2]]
2022-05-01 20:55:27,672{GMT}	INFO	[jepsen worker 12] jepsen.util: 32	:info	:cas	[1 [0 2]]	[:unknown "Not Leader"]
2022-05-01 20:55:27,686{GMT}	INFO	[jepsen worker 6] jepsen.util: 6	:invoke	:write	[0 2]
2022-05-01 20:55:27,687{GMT}	INFO	[jepsen worker 6] jepsen.util: 6	:info	:write	[0 2]	[:unknown "Not Leader"]
2022-05-01 20:55:27,786{GMT}	INFO	[jepsen worker 10] jepsen.util: 30	:invoke	:cas	[1 [1 3]]
2022-05-01 20:55:27,818{GMT}	INFO	[jepsen worker 1] jepsen.util: 1	:invoke	:read	[0 nil]
2022-05-01 20:55:27,820{GMT}	INFO	[jepsen worker 1] jepsen.util: 1	:fail	:read	[0 nil]	[:unknown "Not Leader"]
2022-05-01 20:55:27,886{GMT}	INFO	[jepsen worker 15] jepsen.util: 15	:info	:cas	[1 [4 0]]	:net-timeout
2022-05-01 20:55:28,211{GMT}	INFO	[jepsen worker 19] jepsen.util: 19	:invoke	:cas	[1 [0 4]]
2022-05-01 20:55:28,212{GMT}	INFO	[jepsen worker 19] jepsen.util: 19	:info	:cas	[1 [0 4]]	[:unknown "Not Leader"]
2022-05-01 20:55:28,501{GMT}	INFO	[jepsen worker 5] jepsen.util: 5	:invoke	:cas	[0 [3 3]]
2022-05-01 20:55:28,786{GMT}	INFO	[jepsen worker 10] jepsen.util: 30	:info	:cas	[1 [1 3]]	:net-timeout
2022-05-01 20:55:28,808{GMT}	INFO	[jepsen worker 2] jepsen.util: 2	:invoke	:read	[0 nil]
2022-05-01 20:55:28,810{GMT}	INFO	[jepsen worker 2] jepsen.util: 2	:fail	:read	[0 nil]	[:unknown "Not Leader"]
2022-05-01 20:55:29,017{GMT}	INFO	[jepsen worker 8] jepsen.util: 8	:invoke	:write	[0 3]
2022-05-01 20:55:29,018{GMT}	INFO	[jepsen worker 8] jepsen.util: 8	:info	:write	[0 3]	[:unknown "Not Leader"]
2022-05-01 20:55:29,246{GMT}	INFO	[jepsen worker 4] jepsen.util: 4	:invoke	:read	[0 nil]
2022-05-01 20:55:29,248{GMT}	INFO	[jepsen worker 4] jepsen.util: 4	:fail	:read	[0 nil]	[:unknown "Not Leader"]
2022-05-01 20:55:29,337{GMT}	INFO	[jepsen worker 16] jepsen.util: 16	:invoke	:write	[1 3]
2022-05-01 20:55:29,339{GMT}	INFO	[jepsen worker 16] jepsen.util: 16	:info	:write	[1 3]	[:unknown "Not Leader"]
2022-05-01 20:55:29,501{GMT}	INFO	[jepsen worker 5] jepsen.util: 5	:info	:cas	[0 [3 3]]	:net-timeout
2022-05-01 20:55:29,523{GMT}	INFO	[jepsen worker 17] jepsen.util: 17	:invoke	:cas	[1 [2 0]]
2022-05-01 20:55:29,525{GMT}	INFO	[jepsen worker 17] jepsen.util: 17	:info	:cas	[1 [2 0]]	[:unknown "Not Leader"]
2022-05-01 20:55:29,905{GMT}	INFO	[jepsen worker 9] jepsen.util: 29	:invoke	:write	[0 0]
2022-05-01 20:55:29,906{GMT}	INFO	[jepsen worker 9] jepsen.util: 29	:info	:write	[0 0]	[:unknown "Not Leader"]
2022-05-01 20:55:30,003{GMT}	INFO	[jepsen worker 3] jepsen.util: 3	:invoke	:read	[0 nil]
2022-05-01 20:55:30,004{GMT}	INFO	[jepsen worker 3] jepsen.util: 3	:fail	:read	[0 nil]	[:unknown "Not Leader"]
2022-05-01 20:55:30,066{GMT}	INFO	[jepsen worker 3] jepsen.util: 3	:invoke	:read	[0 nil]
2022-05-01 20:55:30,067{GMT}	INFO	[jepsen worker 3] jepsen.util: 3	:fail	:read	[0 nil]	[:unknown "Not Leader"]
2022-05-01 20:55:30,251{GMT}	INFO	[jepsen worker 14] jepsen.util: 34	:invoke	:write	[1 2]
2022-05-01 20:55:30,252{GMT}	INFO	[jepsen worker 14] jepsen.util: 34	:info	:write	[1 2]	[:unknown "Not Leader"]
2022-05-01 20:55:30,454{GMT}	INFO	[jepsen worker 5] jepsen.util: 25	:invoke	:cas	[0 [0 0]]
2022-05-01 20:55:30,521{GMT}	INFO	[jepsen worker 14] jepsen.util: 54	:invoke	:cas	[2 [1 0]]
2022-05-01 20:55:30,523{GMT}	INFO	[jepsen worker 14] jepsen.util: 54	:info	:cas	[2 [1 0]]	[:unknown "Not Leader"]
2022-05-01 20:55:30,762{GMT}	INFO	[jepsen worker 18] jepsen.util: 18	:invoke	:cas	[2 [2 3]]
2022-05-01 20:55:30,764{GMT}	INFO	[jepsen worker 18] jepsen.util: 18	:info	:cas	[2 [2 3]]	[:unknown "Not Leader"]
2022-05-01 20:55:30,825{GMT}	INFO	[jepsen worker 7] jepsen.util: 7	:invoke	:cas	[0 [4 0]]
2022-05-01 20:55:30,826{GMT}	INFO	[jepsen worker 7] jepsen.util: 7	:info	:cas	[0 [4 0]]	[:unknown "Not Leader"]
2022-05-01 20:55:30,913{GMT}	INFO	[jepsen worker 10] jepsen.util: 50	:invoke	:write	[2 0]
2022-05-01 20:55:31,145{GMT}	INFO	[jepsen worker 14] jepsen.util: 74	:invoke	:write	[2 4]
2022-05-01 20:55:31,146{GMT}	INFO	[jepsen worker 14] jepsen.util: 74	:info	:write	[2 4]	[:unknown "Not Leader"]
2022-05-01 20:55:31,454{GMT}	INFO	[jepsen worker 5] jepsen.util: 25	:info	:cas	[0 [0 0]]	:net-timeout
2022-05-01 20:55:31,483{GMT}	INFO	[jepsen worker 1] jepsen.util: 1	:invoke	:read	[0 nil]
2022-05-01 20:55:31,484{GMT}	INFO	[jepsen worker 1] jepsen.util: 1	:fail	:read	[0 nil]	[:unknown "Not Leader"]
2022-05-01 20:55:31,567{GMT}	INFO	[jepsen worker 2] jepsen.util: 2	:invoke	:read	[0 nil]
2022-05-01 20:55:31,569{GMT}	INFO	[jepsen worker 2] jepsen.util: 2	:fail	:read	[0 nil]	[:unknown "Not Leader"]
2022-05-01 20:55:31,571{GMT}	INFO	[jepsen worker 7] jepsen.util: 27	:invoke	:write	[0 0]
2022-05-01 20:55:31,572{GMT}	INFO	[jepsen worker 7] jepsen.util: 27	:info	:write	[0 0]	[:unknown "Not Leader"]
2022-05-01 20:55:31,707{GMT}	INFO	[jepsen worker 17] jepsen.util: 37	:invoke	:cas	[2 [4 0]]
2022-05-01 20:55:31,708{GMT}	INFO	[jepsen worker 17] jepsen.util: 37	:info	:cas	[2 [4 0]]	[:unknown "Not Leader"]
2022-05-01 20:55:31,756{GMT}	INFO	[jepsen worker 4] jepsen.util: 4	:invoke	:read	[0 nil]
2022-05-01 20:55:31,758{GMT}	INFO	[jepsen worker 4] jepsen.util: 4	:fail	:read	[0 nil]	[:unknown "Not Leader"]
2022-05-01 20:55:31,901{GMT}	INFO	[jepsen worker 18] jepsen.util: 38	:invoke	:cas	[2 [1 2]]
2022-05-01 20:55:31,903{GMT}	INFO	[jepsen worker 18] jepsen.util: 38	:info	:cas	[2 [1 2]]	[:unknown "Not Leader"]
2022-05-01 20:55:31,913{GMT}	INFO	[jepsen worker 10] jepsen.util: 50	:info	:write	[2 0]	:net-timeout
2022-05-01 20:55:32,126{GMT}	INFO	[jepsen worker 17] jepsen.util: 57	:invoke	:cas	[2 [3 0]]
2022-05-01 20:55:32,128{GMT}	INFO	[jepsen worker 17] jepsen.util: 57	:info	:cas	[2 [3 0]]	[:unknown "Not Leader"]
2022-05-01 20:55:32,379{GMT}	INFO	[jepsen worker 13] jepsen.util: 13	:invoke	:cas	[2 [1 4]]
2022-05-01 20:55:32,381{GMT}	INFO	[jepsen worker 13] jepsen.util: 13	:info	:cas	[2 [1 4]]	[:unknown "Not Leader"]
2022-05-01 20:55:32,494{GMT}	INFO	[jepsen worker 2] jepsen.util: 2	:invoke	:read	[0 nil]
2022-05-01 20:55:32,495{GMT}	INFO	[jepsen worker 2] jepsen.util: 2	:fail	:read	[0 nil]	[:unknown "Not Leader"]
2022-05-01 20:55:32,553{GMT}	INFO	[jepsen worker 14] jepsen.util: 94	:invoke	:cas	[2 [1 4]]
2022-05-01 20:55:32,554{GMT}	INFO	[jepsen worker 14] jepsen.util: 94	:info	:cas	[2 [1 4]]	[:unknown "Not Leader"]
2022-05-01 20:55:32,586{GMT}	INFO	[jepsen worker 1] jepsen.util: 1	:invoke	:read	[0 nil]
2022-05-01 20:55:32,587{GMT}	INFO	[jepsen worker 1] jepsen.util: 1	:fail	:read	[0 nil]	[:unknown "Not Leader"]
2022-05-01 20:55:32,889{GMT}	INFO	[jepsen worker 17] jepsen.util: 77	:invoke	:cas	[2 [4 4]]
2022-05-01 20:55:32,891{GMT}	INFO	[jepsen worker 17] jepsen.util: 77	:info	:cas	[2 [4 4]]	[:unknown "Not Leader"]
2022-05-01 20:55:33,228{GMT}	INFO	[jepsen worker 6] jepsen.util: 26	:invoke	:cas	[0 [0 4]]
2022-05-01 20:55:33,229{GMT}	INFO	[jepsen worker 6] jepsen.util: 26	:info	:cas	[0 [0 4]]	[:unknown "Not Leader"]
2022-05-01 20:55:33,322{GMT}	INFO	[jepsen worker 8] jepsen.util: 28	:invoke	:cas	[0 [1 4]]
2022-05-01 20:55:33,323{GMT}	INFO	[jepsen worker 8] jepsen.util: 28	:info	:cas	[0 [1 4]]	[:unknown "Not Leader"]
2022-05-01 20:55:33,581{GMT}	INFO	[jepsen worker 17] jepsen.util: 97	:invoke	:write	[2 0]
2022-05-01 20:55:33,582{GMT}	INFO	[jepsen worker 17] jepsen.util: 97	:info	:write	[2 0]	[:unknown "Not Leader"]
2022-05-01 20:55:33,954{GMT}	INFO	[jepsen worker 3] jepsen.util: 3	:invoke	:read	[0 nil]
2022-05-01 20:55:33,955{GMT}	INFO	[jepsen worker 3] jepsen.util: 3	:fail	:read	[0 nil]	[:unknown "Not Leader"]
2022-05-01 20:55:34,014{GMT}	INFO	[jepsen worker 5] jepsen.util: 45	:invoke	:write	[0 4]
2022-05-01 20:55:34,171{GMT}	INFO	[jepsen worker 15] jepsen.util: 35	:invoke	:write	[3 2]
2022-05-01 20:55:34,226{GMT}	INFO	[jepsen worker 9] jepsen.util: 49	:invoke	:write	[0 0]
2022-05-01 20:55:34,227{GMT}	INFO	[jepsen worker 9] jepsen.util: 49	:info	:write	[0 0]	[:unknown "Not Leader"]
2022-05-01 20:55:34,356{GMT}	INFO	[jepsen worker 14] jepsen.util: 114	:invoke	:write	[3 1]
2022-05-01 20:55:34,358{GMT}	INFO	[jepsen worker 14] jepsen.util: 114	:info	:write	[3 1]	[:unknown "Not Leader"]
2022-05-01 20:55:34,741{GMT}	INFO	[jepsen worker 3] jepsen.util: 3	:invoke	:read	[4 nil]
2022-05-01 20:55:34,743{GMT}	INFO	[jepsen worker 3] jepsen.util: 3	:fail	:read	[4 nil]	[:unknown "Not Leader"]
2022-05-01 20:55:34,879{GMT}	INFO	[jepsen worker 1] jepsen.util: 1	:invoke	:read	[4 nil]
2022-05-01 20:55:34,881{GMT}	INFO	[jepsen worker 1] jepsen.util: 1	:fail	:read	[4 nil]	[:unknown "Not Leader"]
2022-05-01 20:55:35,014{GMT}	INFO	[jepsen worker 5] jepsen.util: 45	:info	:write	[0 4]	:net-timeout
2022-05-01 20:55:35,171{GMT}	INFO	[jepsen worker 15] jepsen.util: 35	:info	:write	[3 2]	:net-timeout
2022-05-01 20:55:35,232{GMT}	INFO	[jepsen worker 6] jepsen.util: 46	:invoke	:write	[4 4]
2022-05-01 20:55:35,233{GMT}	INFO	[jepsen worker 6] jepsen.util: 46	:info	:write	[4 4]	[:unknown "Not Leader"]
2022-05-01 20:55:35,327{GMT}	INFO	[jepsen worker 4] jepsen.util: 4	:invoke	:read	[4 nil]
2022-05-01 20:55:35,329{GMT}	INFO	[jepsen worker 4] jepsen.util: 4	:fail	:read	[4 nil]	[:unknown "Not Leader"]
2022-05-01 20:55:35,670{GMT}	INFO	[jepsen worker 3] jepsen.util: 3	:invoke	:read	[4 nil]
2022-05-01 20:55:35,671{GMT}	INFO	[jepsen worker 3] jepsen.util: 3	:fail	:read	[4 nil]	[:unknown "Not Leader"]
2022-05-01 20:55:35,901{GMT}	INFO	[jepsen worker 7] jepsen.util: 47	:invoke	:cas	[4 [3 0]]
2022-05-01 20:55:35,903{GMT}	INFO	[jepsen worker 7] jepsen.util: 47	:info	:cas	[4 [3 0]]	[:unknown "Not Leader"]
2022-05-01 20:55:35,959{GMT}	INFO	[jepsen worker 9] jepsen.util: 69	:invoke	:cas	[4 [2 4]]
2022-05-01 20:55:35,960{GMT}	INFO	[jepsen worker 9] jepsen.util: 69	:info	:cas	[4 [2 4]]	[:unknown "Not Leader"]
2022-05-01 20:55:35,964{GMT}	INFO	[jepsen node n1] maelstrom.db: Tearing down n1
2022-05-01 20:55:35,964{GMT}	INFO	[jepsen node n3] maelstrom.db: Tearing down n3
2022-05-01 20:55:35,964{GMT}	INFO	[jepsen node n5] maelstrom.db: Tearing down n5
2022-05-01 20:55:35,964{GMT}	INFO	[jepsen node n2] maelstrom.db: Tearing down n2
2022-05-01 20:55:35,964{GMT}	INFO	[jepsen node n4] maelstrom.db: Tearing down n4
2022-05-01 20:55:36,190{GMT}	WARN	[main] jepsen.core: Test crashed!
clojure.lang.ExceptionInfo: Node n1 crashed with exit status 1. Before crashing, it wrote to STDOUT:

{"dest": "c4", "src": "n1", "body": {"msg_id": 1, "in_reply_to": 1, "type": "init_ok"}}
{"dest": "n1", "src": "n1", "body": {"msg_id": 2, "type": "AppendEntries", "term": 0, "prevIndex": 0, "prevTerm": 0, "entries": [[["pass", null], 0]], "commit": 0}}
{"dest": "n2", "src": "n1", "body": {"msg_id": 3, "type": "AppendEntries", "term": 0, "prevIndex": 0, "prevTerm": 0, "entries": [[["pass", null], 0]], "commit": 0}}
{"dest": "n3", "src": "n1", "body": {"msg_id": 4, "type": "AppendEntries", "term": 0, "prevIndex": 0, "prevTerm": 0, "entries": [[["pass", null], 0]], "commit": 0}}
{"dest": "n4", "src": "n1", "body": {"msg_id": 5, "type": "AppendEntries", "term": 0, "prevIndex": 0, "prevTerm": 0, "entries": [[["pass", null], 0]], "commit": 0}}
{"dest": "n5", "src": "n1", "body": {"msg_id": 6, "type": "AppendEntries", "term": 0, "prevIndex": 0, "prevTerm": 0, "entries": [[["pass", null], 0]], "commit": 0}}

And to STDERR:

DEBUG:root:received {"dest":"n1","body":{"type":"init","node_id":"n1","node_ids":["n1","n2","n3","n4","n5"],"msg_id":1},"src":"c4","id":4}
INFO:root:node n1 initialized
DEBUG:root:sending {"dest": "c4", "src": "n1", "body": {"msg_id": 1, "in_reply_to": 1, "type": "init_ok"}}
DEBUG:root:sending {"dest": "n1", "src": "n1", "body": {"msg_id": 2, "type": "AppendEntries", "term": 0, "prevIndex": 0, "prevTerm": 0, "entries": [[["pass", null], 0]], "commit": 0}}
DEBUG:root:sending {"dest": "n2", "src": "n1", "body": {"msg_id": 3, "type": "AppendEntries", "term": 0, "prevIndex": 0, "prevTerm": 0, "entries": [[["pass", null], 0]], "commit": 0}}
DEBUG:root:sending {"dest": "n3", "src": "n1", "body": {"msg_id": 4, "type": "AppendEntries", "term": 0, "prevIndex": 0, "prevTerm": 0, "entries": [[["pass", null], 0]], "commit": 0}}
DEBUG:root:sending {"dest": "n4", "src": "n1", "body": {"msg_id": 5, "type": "AppendEntries", "term": 0, "prevIndex": 0, "prevTerm": 0, "entries": [[["pass", null], 0]], "commit": 0}}
DEBUG:root:sending {"dest": "n5", "src": "n1", "body": {"msg_id": 6, "type": "AppendEntries", "term": 0, "prevIndex": 0, "prevTerm": 0, "entries": [[["pass", null], 0]], "commit": 0}}
ERROR:root:fatal exception in handler
Traceback (most recent call last):
  File "/home/peter/Documents/tf/lab3/ms.py", line 27, in exitOnError
    fn(*args)
  File "/home/peter/Documents/tf/lab3/raft.py", line 215, in handle
    become_leader()
  File "/home/peter/Documents/tf/lab3/raft.py", line 173, in become_leader
    recursive_heartbeats(node_ids,MIN_HB,MAX_HB)
  File "/home/peter/Documents/tf/lab3/raft.py", line 118, in recursive_heartbeats
    Timer(sec, recursive_heartbeats,dests,min_time,max_time).start()
TypeError: Timer.__init__() takes from 3 to 5 positional arguments but 6 were given

Full STDERR logs are available in /home/peter/Documents/tf/lab3/store/lin-kv/20220501T205525.000+0100/node-logs/n1.log
	at slingshot.support$stack_trace.invoke(support.clj:201)
	at maelstrom.process$stop_node_BANG_.invokeStatic(process.clj:239)
	at maelstrom.process$stop_node_BANG_.invoke(process.clj:217)
	at maelstrom.db$db$reify__16747.teardown_BANG_(db.clj:75)
	at jepsen.db$fn__3285$G__3281__3289.invoke(db.clj:11)
	at jepsen.db$fn__3285$G__3280__3294.invoke(db.clj:11)
	at clojure.core$partial$fn__5824.invoke(core.clj:2625)
	at jepsen.control$on_nodes$fn__3165.invoke(control.clj:452)
	at clojure.lang.AFn.applyToHelper(AFn.java:154)
	at clojure.lang.AFn.applyTo(AFn.java:144)
	at clojure.core$apply.invokeStatic(core.clj:665)
	at clojure.core$with_bindings_STAR_.invokeStatic(core.clj:1973)
	at clojure.core$with_bindings_STAR_.doInvoke(core.clj:1973)
	at clojure.lang.RestFn.applyTo(RestFn.java:142)
	at clojure.core$apply.invokeStatic(core.clj:669)
	at clojure.core$bound_fn_STAR_$fn__5734.doInvoke(core.clj:2003)
	at clojure.lang.RestFn.invoke(RestFn.java:408)
	at dom_top.core$real_pmap_helper$build_thread__213$fn__214.invoke(core.clj:146)
	at clojure.lang.AFn.applyToHelper(AFn.java:152)
	at clojure.lang.AFn.applyTo(AFn.java:144)
	at clojure.core$apply.invokeStatic(core.clj:665)
	at clojure.core$with_bindings_STAR_.invokeStatic(core.clj:1973)
	at clojure.core$with_bindings_STAR_.doInvoke(core.clj:1973)
	at clojure.lang.RestFn.invoke(RestFn.java:425)
	at clojure.lang.AFn.applyToHelper(AFn.java:156)
	at clojure.lang.RestFn.applyTo(RestFn.java:132)
	at clojure.core$apply.invokeStatic(core.clj:669)
	at clojure.core$bound_fn_STAR_$fn__5734.doInvoke(core.clj:2003)
	at clojure.lang.RestFn.invoke(RestFn.java:397)
	at clojure.lang.AFn.run(AFn.java:22)
	at java.base/java.lang.Thread.run(Thread.java:829)
