2022-04-30 00:05:38,501{GMT}	INFO	[jepsen test runner] jepsen.core: Test version bae23d6808e2deaccba225c2d38d2b71755056ed (plus uncommitted changes)
2022-04-30 00:05:38,502{GMT}	INFO	[jepsen test runner] jepsen.core: Command line:
lein run test --workload lin-kv --bin raft.py --time-limit 3 --concurrency 4n
2022-04-30 00:05:38,563{GMT}	INFO	[jepsen test runner] jepsen.core: Running test:
{:remote #jepsen.control.SSHRemote{:session nil}
 :log-net-send false
 :node-count nil
 :max-txn-length 4
 :concurrency 20
 :db
 #object[maelstrom.db$db$reify__16747
         "0x1e9d5d79"
         "maelstrom.db$db$reify__16747@1e9d5d79"]
 :max-writes-per-key 16
 :leave-db-running? false
 :name "lin-kv"
 :logging-json? false
 :net-journal #object[clojure.lang.Atom "0x52688730" {:status :ready, :val []}]
 :start-time
 #object[org.joda.time.DateTime "0x2227c82d" "2022-04-30T00:05:38.000+01:00"]
 :nemesis-interval 10
 :net
 #object[maelstrom.net$jepsen_adapter$reify__15560
         "0xfabe3f8"
         "maelstrom.net$jepsen_adapter$reify__15560@fabe3f8"]
 :client
 #object[maelstrom.workload.lin_kv$client$reify__17524
         "0x11a88d87"
         "maelstrom.workload.lin_kv$client$reify__17524@11a88d87"]
 :barrier
 #object[java.util.concurrent.CyclicBarrier
         "0xce24a98"
         "java.util.concurrent.CyclicBarrier@ce24a98"]
 :log-stderr false
 :pure-generators true
 :ssh {:dummy? true}
 :rate 5
 :checker
 #object[jepsen.checker$compose$reify__8612
         "0x496101d1"
         "jepsen.checker$compose$reify__8612@496101d1"]
 :argv
 ("test"
  "--workload"
  "lin-kv"
  "--bin"
  "raft.py"
  "--time-limit"
  "3"
  "--concurrency"
  "4n")
 :nemesis
 (jepsen.nemesis.ReflCompose
  {:fm {:start-partition 0,
        :stop-partition 0,
        :kill 1,
        :start 1,
        :pause 1,
        :resume 1},
   :nemeses [#unprintable "jepsen.nemesis.combined$partition_nemesis$reify__17019@19858f26"
             #unprintable "jepsen.nemesis.combined$db_nemesis$reify__17000@4c14ed24"]})
 :active-histories
 #object[clojure.lang.Atom "0x523cc8b4" {:status :ready, :val #{}}]
 :nodes ["n1" "n2" "n3" "n4" "n5"]
 :test-count 1
 :latency {:mean 0, :dist :constant}
 :bin "raft.py"
 :generator
 (jepsen.generator.TimeLimit
  {:limit 3000000000,
   :cutoff nil,
   :gen (jepsen.generator.Any
         {:gens [(jepsen.generator.OnThreads {:f #{:nemesis}, :gen nil})
                 (jepsen.generator.OnThreads
                  {:f #object[clojure.core$complement$fn__5654
                              "0x63714a1"
                              "clojure.core$complement$fn__5654@63714a1"],
                   :gen (jepsen.generator.Stagger
                         {:dt 400000000,
                          :next-time nil,
                          :gen (jepsen.generator.OnThreads
                                {:f #object[clojure.core$complement$fn__5654
                                            "0x53bf791"
                                            "clojure.core$complement$fn__5654@53bf791"],
                                 :gen (jepsen.independent.ConcurrentGenerator
                                       {:n 10,
                                        :fgen #object[jepsen.tests.linearizable_register$test$fn__17324
                                                      "0x1bc6a43c"
                                                      "jepsen.tests.linearizable_register$test$fn__17324@1bc6a43c"],
                                        :group->threads nil,
                                        :thread->group nil,
                                        :keys (0 1 2 3 4 5 6 7 ...),
                                        :gens nil})})})})]})})
 :log-net-recv false
 :os
 #object[jepsen.os$reify__2490 "0x6193340e" "jepsen.os$reify__2490@6193340e"]
 :time-limit 3
 :workload :lin-kv
 :consistency-models [:strict-serializable]
 :topology :grid}

2022-04-30 00:05:38,571{GMT}	INFO	[jepsen test runner] jepsen.db: Tearing down DB
2022-04-30 00:05:38,574{GMT}	INFO	[jepsen test runner] jepsen.db: Setting up DB
2022-04-30 00:05:38,576{GMT}	INFO	[jepsen node n4] maelstrom.db: Setting up n4
2022-04-30 00:05:38,576{GMT}	INFO	[jepsen node n3] maelstrom.db: Setting up n3
2022-04-30 00:05:38,578{GMT}	INFO	[jepsen node n3] maelstrom.process: launching raft.py nil
2022-04-30 00:05:38,576{GMT}	INFO	[jepsen node n5] maelstrom.db: Setting up n5
2022-04-30 00:05:38,578{GMT}	INFO	[jepsen node n5] maelstrom.process: launching raft.py nil
2022-04-30 00:05:38,579{GMT}	INFO	[jepsen node n1] maelstrom.service: Starting services: (lin-kv lin-tso lww-kv seq-kv)
2022-04-30 00:05:38,576{GMT}	INFO	[jepsen node n2] maelstrom.db: Setting up n2
2022-04-30 00:05:38,578{GMT}	INFO	[jepsen node n4] maelstrom.process: launching raft.py nil
2022-04-30 00:05:38,580{GMT}	INFO	[jepsen node n2] maelstrom.process: launching raft.py nil
2022-04-30 00:05:38,582{GMT}	INFO	[jepsen node n1] maelstrom.db: Setting up n1
2022-04-30 00:05:38,603{GMT}	INFO	[jepsen node n1] maelstrom.process: launching raft.py nil
2022-04-30 00:05:38,643{GMT}	INFO	[jepsen test runner] jepsen.core: Relative time begins now
2022-04-30 00:05:38,669{GMT}	INFO	[jepsen worker 12] jepsen.util: 12	:invoke	:write	[1 3]
2022-04-30 00:05:38,674{GMT}	INFO	[jepsen worker 12] jepsen.util: 12	:info	:write	[1 3]	[:unknown "Not Leader"]
2022-04-30 00:05:38,699{GMT}	INFO	[jepsen worker 12] jepsen.util: 32	:invoke	:cas	[1 [0 2]]
2022-04-30 00:05:38,701{GMT}	INFO	[jepsen worker 12] jepsen.util: 32	:info	:cas	[1 [0 2]]	[:unknown "Not Leader"]
2022-04-30 00:05:38,958{GMT}	INFO	[jepsen worker 9] jepsen.util: 9	:invoke	:cas	[0 [4 1]]
2022-04-30 00:05:38,963{GMT}	INFO	[jepsen worker 9] jepsen.util: 9	:info	:cas	[0 [4 1]]	[:unknown "Not Leader"]
2022-04-30 00:05:39,004{GMT}	INFO	[jepsen worker 12] jepsen.util: 52	:invoke	:write	[1 4]
2022-04-30 00:05:39,009{GMT}	INFO	[jepsen worker 12] jepsen.util: 52	:info	:write	[1 4]	[:unknown "Not Leader"]
2022-04-30 00:05:39,125{GMT}	INFO	[jepsen worker 17] jepsen.util: 17	:invoke	:cas	[1 [2 0]]
2022-04-30 00:05:39,131{GMT}	INFO	[jepsen worker 17] jepsen.util: 17	:info	:cas	[1 [2 0]]	[:unknown "Not Leader"]
2022-04-30 00:05:39,223{GMT}	INFO	[jepsen worker 7] jepsen.util: 7	:invoke	:cas	[0 [2 1]]
2022-04-30 00:05:39,229{GMT}	INFO	[jepsen worker 7] jepsen.util: 7	:info	:cas	[0 [2 1]]	[:unknown "Not Leader"]
2022-04-30 00:05:39,579{GMT}	INFO	[jepsen worker 13] jepsen.util: 13	:invoke	:cas	[1 [3 1]]
2022-04-30 00:05:39,584{GMT}	INFO	[jepsen worker 13] jepsen.util: 13	:info	:cas	[1 [3 1]]	[:unknown "Not Leader"]
2022-04-30 00:05:39,912{GMT}	INFO	[jepsen worker 17] jepsen.util: 37	:invoke	:cas	[1 [2 3]]
2022-04-30 00:05:39,916{GMT}	INFO	[jepsen worker 17] jepsen.util: 37	:info	:cas	[1 [2 3]]	[:unknown "Not Leader"]
2022-04-30 00:05:40,117{GMT}	INFO	[jepsen worker 1] jepsen.util: 1	:invoke	:read	[0 nil]
2022-04-30 00:05:40,122{GMT}	INFO	[jepsen worker 1] jepsen.util: 1	:fail	:read	[0 nil]	[:unknown "Not Leader"]
2022-04-30 00:05:40,454{GMT}	INFO	[jepsen worker 9] jepsen.util: 29	:invoke	:cas	[0 [1 3]]
2022-04-30 00:05:40,459{GMT}	INFO	[jepsen worker 9] jepsen.util: 29	:info	:cas	[0 [1 3]]	[:unknown "Not Leader"]
2022-04-30 00:05:40,493{GMT}	INFO	[jepsen worker 1] jepsen.util: 1	:invoke	:read	[0 nil]
2022-04-30 00:05:40,494{GMT}	INFO	[jepsen worker 1] jepsen.util: 1	:fail	:read	[0 nil]	[:unknown "Not Leader"]
2022-04-30 00:05:40,794{GMT}	INFO	[jepsen worker 11] jepsen.util: 11	:invoke	:cas	[1 [3 2]]
2022-04-30 00:05:40,799{GMT}	INFO	[jepsen worker 11] jepsen.util: 11	:info	:cas	[1 [3 2]]	[:unknown "Not Leader"]
2022-04-30 00:05:41,135{GMT}	INFO	[jepsen worker 6] jepsen.util: 6	:invoke	:write	[0 0]
2022-04-30 00:05:41,139{GMT}	INFO	[jepsen worker 6] jepsen.util: 6	:info	:write	[0 0]	[:unknown "Not Leader"]
2022-04-30 00:05:41,190{GMT}	INFO	[jepsen worker 1] jepsen.util: 1	:invoke	:read	[0 nil]
2022-04-30 00:05:41,191{GMT}	INFO	[jepsen worker 1] jepsen.util: 1	:fail	:read	[0 nil]	[:unknown "Not Leader"]
2022-04-30 00:05:41,450{GMT}	INFO	[jepsen worker 10] jepsen.util: 10	:invoke	:cas	[1 [1 1]]
2022-04-30 00:05:41,584{GMT}	INFO	[jepsen worker 18] jepsen.util: 18	:invoke	:cas	[1 [0 2]]
2022-04-30 00:05:41,589{GMT}	INFO	[jepsen worker 18] jepsen.util: 18	:info	:cas	[1 [0 2]]	[:unknown "Not Leader"]
2022-04-30 00:05:42,451{GMT}	INFO	[jepsen worker 10] jepsen.util: 10	:info	:cas	[1 [1 1]]	:net-timeout
2022-04-30 00:05:42,464{GMT}	INFO	[jepsen node n2] maelstrom.db: Tearing down n2
2022-04-30 00:05:42,464{GMT}	INFO	[jepsen node n3] maelstrom.db: Tearing down n3
2022-04-30 00:05:42,464{GMT}	INFO	[jepsen node n1] maelstrom.db: Tearing down n1
2022-04-30 00:05:42,465{GMT}	INFO	[jepsen node n4] maelstrom.db: Tearing down n4
2022-04-30 00:05:42,466{GMT}	INFO	[jepsen node n5] maelstrom.db: Tearing down n5
2022-04-30 00:05:43,607{GMT}	INFO	[jepsen test runner] jepsen.core: Run complete, writing
2022-04-30 00:05:43,664{GMT}	INFO	[jepsen test runner] jepsen.core: Analyzing...
2022-04-30 00:05:43,696{GMT}	WARN	[clojure-agent-send-off-pool-0] jepsen.checker: Error while checking history:
java.lang.IllegalStateException: Error rendering plot, verify gnuplot is installed and reachable
	at jepsen.checker.perf$plot_BANG_.invokeStatic(perf.clj:480)
	at jepsen.checker.perf$plot_BANG_.invoke(perf.clj:417)
	at jepsen.checker.perf$point_graph_BANG_.invokeStatic(perf.clj:511)
	at jepsen.checker.perf$point_graph_BANG_.invoke(perf.clj:484)
	at jepsen.checker$latency_graph$reify__8824.check(checker.clj:803)
	at jepsen.checker$check_safe.invokeStatic(checker.clj:78)
	at jepsen.checker$check_safe.invoke(checker.clj:71)
	at jepsen.checker$compose$reify__8612$fn__8614.invoke(checker.clj:94)
	at clojure.core$pmap$fn__8447$fn__8448.invoke(core.clj:7022)
	at clojure.core$binding_conveyor_fn$fn__5739.invoke(core.clj:2030)
	at clojure.lang.AFn.call(AFn.java:18)
	at java.base/java.util.concurrent.FutureTask.run(FutureTask.java:264)
	at java.base/java.util.concurrent.ThreadPoolExecutor.runWorker(ThreadPoolExecutor.java:1128)
	at java.base/java.util.concurrent.ThreadPoolExecutor$Worker.run(ThreadPoolExecutor.java:628)
	at java.base/java.lang.Thread.run(Thread.java:829)
Caused by: java.io.IOException: Cannot run program "gnuplot": error=2, No such file or directory
	at java.base/java.lang.ProcessBuilder.start(ProcessBuilder.java:1128)
	at java.base/java.lang.ProcessBuilder.start(ProcessBuilder.java:1071)
	at java.base/java.lang.Runtime.exec(Runtime.java:592)
	at clojure.java.shell$sh.invokeStatic(shell.clj:113)
	at clojure.java.shell$sh.doInvoke(shell.clj:79)
	at clojure.lang.RestFn.invoke(RestFn.java:512)
	at gnuplot.core$run_BANG_.invokeStatic(core.clj:76)
	at gnuplot.core$run_BANG_.invoke(core.clj:66)
	at gnuplot.core$raw_plot_BANG_.invokeStatic(core.clj:106)
	at gnuplot.core$raw_plot_BANG_.invoke(core.clj:91)
	... 15 common frames omitted
Caused by: java.io.IOException: error=2, No such file or directory
	at java.base/java.lang.ProcessImpl.forkAndExec(Native Method)
	at java.base/java.lang.ProcessImpl.<init>(ProcessImpl.java:340)
	at java.base/java.lang.ProcessImpl.start(ProcessImpl.java:271)
	at java.base/java.lang.ProcessBuilder.start(ProcessBuilder.java:1107)
	... 24 common frames omitted
2022-04-30 00:05:43,743{GMT}	INFO	[clojure-agent-send-pool-0] jepsen.independent: Wrote /home/peter/Documents/tf/lab3/store/lin-kv/20220430T000538.000+0100/independent/0/results.edn
2022-04-30 00:05:43,746{GMT}	INFO	[clojure-agent-send-pool-0] jepsen.independent: Wrote /home/peter/Documents/tf/lab3/store/lin-kv/20220430T000538.000+0100/independent/0/history.edn
2022-04-30 00:05:43,764{GMT}	INFO	[clojure-agent-send-pool-1] jepsen.independent: Wrote /home/peter/Documents/tf/lab3/store/lin-kv/20220430T000538.000+0100/independent/1/results.edn
2022-04-30 00:05:43,766{GMT}	INFO	[clojure-agent-send-pool-1] jepsen.independent: Wrote /home/peter/Documents/tf/lab3/store/lin-kv/20220430T000538.000+0100/independent/1/history.edn
2022-04-30 00:05:43,766{GMT}	INFO	[jepsen test runner] jepsen.core: Analysis complete
2022-04-30 00:05:43,806{GMT}	INFO	[jepsen results] jepsen.store: Wrote /home/peter/Documents/tf/lab3/store/lin-kv/20220430T000538.000+0100/results.edn
2022-04-30 00:05:43,829{GMT}	INFO	[jepsen test runner] jepsen.core: {:perf {:latency-graph {:valid? :unknown,
                        :error "java.lang.IllegalStateException: Error rendering plot, verify gnuplot is installed and reachable\n at jepsen.checker.perf$plot_BANG_.invokeStatic (perf.clj:480)\n    jepsen.checker.perf$plot_BANG_.invoke (perf.clj:417)\n    jepsen.checker.perf$point_graph_BANG_.invokeStatic (perf.clj:511)\n    jepsen.checker.perf$point_graph_BANG_.invoke (perf.clj:484)\n    jepsen.checker$latency_graph$reify__8824.check (checker.clj:803)\n    jepsen.checker$check_safe.invokeStatic (checker.clj:78)\n    jepsen.checker$check_safe.invoke (checker.clj:71)\n    jepsen.checker$compose$reify__8612$fn__8614.invoke (checker.clj:94)\n    clojure.core$pmap$fn__8447$fn__8448.invoke (core.clj:7022)\n    clojure.core$binding_conveyor_fn$fn__5739.invoke (core.clj:2030)\n    clojure.lang.AFn.call (AFn.java:18)\n    java.util.concurrent.FutureTask.run (FutureTask.java:264)\n    java.util.concurrent.ThreadPoolExecutor.runWorker (ThreadPoolExecutor.java:1128)\n    java.util.concurrent.ThreadPoolExecutor$Worker.run (ThreadPoolExecutor.java:628)\n    java.lang.Thread.run (Thread.java:829)\nCaused by: java.io.IOException: Cannot run program \"gnuplot\": error=2, No such file or directory\n at java.lang.ProcessBuilder.start (ProcessBuilder.java:1128)\n    java.lang.ProcessBuilder.start (ProcessBuilder.java:1071)\n    java.lang.Runtime.exec (Runtime.java:592)\n    clojure.java.shell$sh.invokeStatic (shell.clj:113)\n    clojure.java.shell$sh.doInvoke (shell.clj:79)\n    clojure.lang.RestFn.invoke (RestFn.java:512)\n    gnuplot.core$run_BANG_.invokeStatic (core.clj:76)\n    gnuplot.core$run_BANG_.invoke (core.clj:66)\n    gnuplot.core$raw_plot_BANG_.invokeStatic (core.clj:106)\n    gnuplot.core$raw_plot_BANG_.invoke (core.clj:91)\n    jepsen.checker.perf$plot_BANG_.invokeStatic (perf.clj:480)\n    jepsen.checker.perf$plot_BANG_.invoke (perf.clj:417)\n    jepsen.checker.perf$point_graph_BANG_.invokeStatic (perf.clj:511)\n    jepsen.checker.perf$point_graph_BANG_.invoke (perf.clj:484)\n    jepsen.checker$latency_graph$reify__8824.check (checker.clj:803)\n    jepsen.checker$check_safe.invokeStatic (checker.clj:78)\n    jepsen.checker$check_safe.invoke (checker.clj:71)\n    jepsen.checker$compose$reify__8612$fn__8614.invoke (checker.clj:94)\n    clojure.core$pmap$fn__8447$fn__8448.invoke (core.clj:7022)\n    clojure.core$binding_conveyor_fn$fn__5739.invoke (core.clj:2030)\n    clojure.lang.AFn.call (AFn.java:18)\n    java.util.concurrent.FutureTask.run (FutureTask.java:264)\n    java.util.concurrent.ThreadPoolExecutor.runWorker (ThreadPoolExecutor.java:1128)\n    java.util.concurrent.ThreadPoolExecutor$Worker.run (ThreadPoolExecutor.java:628)\n    java.lang.Thread.run (Thread.java:829)\nCaused by: java.io.IOException: error=2, No such file or directory\n at java.lang.ProcessImpl.forkAndExec (ProcessImpl.java:-2)\n    java.lang.ProcessImpl.<init> (ProcessImpl.java:340)\n    java.lang.ProcessImpl.start (ProcessImpl.java:271)\n    java.lang.ProcessBuilder.start (ProcessBuilder.java:1107)\n    java.lang.ProcessBuilder.start (ProcessBuilder.java:1071)\n    java.lang.Runtime.exec (Runtime.java:592)\n    clojure.java.shell$sh.invokeStatic (shell.clj:113)\n    clojure.java.shell$sh.doInvoke (shell.clj:79)\n    clojure.lang.RestFn.invoke (RestFn.java:512)\n    gnuplot.core$run_BANG_.invokeStatic (core.clj:76)\n    gnuplot.core$run_BANG_.invoke (core.clj:66)\n    gnuplot.core$raw_plot_BANG_.invokeStatic (core.clj:106)\n    gnuplot.core$raw_plot_BANG_.invoke (core.clj:91)\n    jepsen.checker.perf$plot_BANG_.invokeStatic (perf.clj:480)\n    jepsen.checker.perf$plot_BANG_.invoke (perf.clj:417)\n    jepsen.checker.perf$point_graph_BANG_.invokeStatic (perf.clj:511)\n    jepsen.checker.perf$point_graph_BANG_.invoke (perf.clj:484)\n    jepsen.checker$latency_graph$reify__8824.check (checker.clj:803)\n    jepsen.checker$check_safe.invokeStatic (checker.clj:78)\n    jepsen.checker$check_safe.invoke (checker.clj:71)\n    jepsen.checker$compose$reify__8612$fn__8614.invoke (checker.clj:94)\n    clojure.core$pmap$fn__8447$fn__8448.invoke (core.clj:7022)\n    clojure.core$binding_conveyor_fn$fn__5739.invoke (core.clj:2030)\n    clojure.lang.AFn.call (AFn.java:18)\n    java.util.concurrent.FutureTask.run (FutureTask.java:264)\n    java.util.concurrent.ThreadPoolExecutor.runWorker (ThreadPoolExecutor.java:1128)\n    java.util.concurrent.ThreadPoolExecutor$Worker.run (ThreadPoolExecutor.java:628)\n    java.lang.Thread.run (Thread.java:829)\n"},
        :rate-graph {:valid? true},
        :valid? :unknown},
 :timeline {:valid? true},
 :exceptions {:valid? true},
 :stats {:valid? false,
         :count 16,
         :ok-count 0,
         :fail-count 3,
         :info-count 13,
         :by-f {:cas {:valid? false,
                      :count 10,
                      :ok-count 0,
                      :fail-count 0,
                      :info-count 10},
                :read {:valid? false,
                       :count 3,
                       :ok-count 0,
                       :fail-count 3,
                       :info-count 0},
                :write {:valid? false,
                        :count 3,
                        :ok-count 0,
                        :fail-count 0,
                        :info-count 3}}},
 :net {:stats {:all {:send-count 49,
                     :recv-count 49,
                     :msg-count 49,
                     :msgs-per-op 3.0625},
               :clients {:send-count 41,
                         :recv-count 41,
                         :msg-count 41},
               :servers {:send-count 8,
                         :recv-count 8,
                         :msg-count 8,
                         :msgs-per-op 0.5}},
       :valid? true},
 :workload {:valid? true,
            :results {0 {:linearizable {:valid? true,
                                        :configs ({:model #knossos.model.CASRegister{:value nil},
                                                   :last-op nil,
                                                   :pending [{:process 6,
                                                              :type :invoke,
                                                              :f :write,
                                                              :value 0,
                                                              :index 24,
                                                              :time 2490762729}
                                                             {:process 7,
                                                              :type :invoke,
                                                              :f :cas,
                                                              :value [2
                                                                      1],
                                                              :index 10,
                                                              :time 577920589}
                                                             {:process 9,
                                                              :type :invoke,
                                                              :f :cas,
                                                              :value [4
                                                                      1],
                                                              :index 4,
                                                              :time 312554600}
                                                             {:process 29,
                                                              :type :invoke,
                                                              :f :cas,
                                                              :value [1
                                                                      3],
                                                              :index 18,
                                                              :time 1809533456}]}),
                                        :final-paths ()},
                         :timeline {:valid? true},
                         :valid? true},
                      1 {:linearizable {:valid? true,
                                        :configs ({:model #knossos.model.CASRegister{:value nil},
                                                   :last-op nil,
                                                   :pending [{:process 10,
                                                              :type :invoke,
                                                              :f :cas,
                                                              :value [1
                                                                      1],
                                                              :index 28,
                                                              :time 2805106202}
                                                             {:process 11,
                                                              :type :invoke,
                                                              :f :cas,
                                                              :value [3
                                                                      2],
                                                              :index 22,
                                                              :time 2149062301}
                                                             {:process 12,
                                                              :type :invoke,
                                                              :f :write,
                                                              :value 3,
                                                              :index 0,
                                                              :time 11911341}
                                                             {:process 13,
                                                              :type :invoke,
                                                              :f :cas,
                                                              :value [3
                                                                      1],
                                                              :index 12,
                                                              :time 934577929}
                                                             {:process 17,
                                                              :type :invoke,
                                                              :f :cas,
                                                              :value [2
                                                                      0],
                                                              :index 8,
                                                              :time 480011593}
                                                             {:process 18,
                                                              :type :invoke,
                                                              :f :cas,
                                                              :value [0
                                                                      2],
                                                              :index 29,
                                                              :time 2938968887}
                                                             {:process 32,
                                                              :type :invoke,
                                                              :f :cas,
                                                              :value [0
                                                                      2],
                                                              :index 2,
                                                              :time 55650016}
                                                             {:process 37,
                                                              :type :invoke,
                                                              :f :cas,
                                                              :value [2
                                                                      3],
                                                              :index 14,
                                                              :time 1266777531}
                                                             {:process 52,
                                                              :type :invoke,
                                                              :f :write,
                                                              :value 4,
                                                              :index 6,
                                                              :time 358110656}]}),
                                        :final-paths ()},
                         :timeline {:valid? true},
                         :valid? true}},
            :failures []},
 :valid? false}


Analysis invalid! (ﾉಥ益ಥ）ﾉ ┻━┻
