2022-05-04 15:20:15,035{GMT}	INFO	[jepsen test runner] jepsen.core: Test version 99e6fb2a3505fae4b1987d97b445a48b7ad1f664 (plus uncommitted changes)
2022-05-04 15:20:15,036{GMT}	INFO	[jepsen test runner] jepsen.core: Command line:
lein run test --bin raft.py --workload lin-kv --time-limit 2 --concurrency 4n
2022-05-04 15:20:15,256{GMT}	INFO	[jepsen test runner] jepsen.core: Running test:
{:remote #jepsen.control.SSHRemote{:session nil}
 :log-net-send false
 :node-count nil
 :max-txn-length 4
 :concurrency 20
 :db
 #object[maelstrom.db$db$reify__16747
         "0xcf0e8b4"
         "maelstrom.db$db$reify__16747@cf0e8b4"]
 :max-writes-per-key 16
 :leave-db-running? false
 :name "lin-kv"
 :logging-json? false
 :net-journal #object[clojure.lang.Atom "0x51a7ee4e" {:status :ready, :val []}]
 :start-time
 #object[org.joda.time.DateTime "0x424c8ebe" "2022-05-04T15:20:14.000+01:00"]
 :nemesis-interval 10
 :net
 #object[maelstrom.net$jepsen_adapter$reify__15560
         "0x7aafac17"
         "maelstrom.net$jepsen_adapter$reify__15560@7aafac17"]
 :client
 #object[maelstrom.workload.lin_kv$client$reify__17524
         "0x3054551f"
         "maelstrom.workload.lin_kv$client$reify__17524@3054551f"]
 :barrier
 #object[java.util.concurrent.CyclicBarrier
         "0x6b8cfbeb"
         "java.util.concurrent.CyclicBarrier@6b8cfbeb"]
 :log-stderr false
 :pure-generators true
 :ssh {:dummy? true}
 :rate 5
 :checker
 #object[jepsen.checker$compose$reify__8612
         "0x4603845b"
         "jepsen.checker$compose$reify__8612@4603845b"]
 :argv
 ("test"
  "--bin"
  "raft.py"
  "--workload"
  "lin-kv"
  "--time-limit"
  "2"
  "--concurrency"
  "4n")
 :nemesis
 (jepsen.nemesis.ReflCompose
  {:fm {:start-partition 0,
        :stop-partition 0,
        :kill 1,
        :start 1,
        :pause 1,
        :resume 1},
   :nemeses [#unprintable "jepsen.nemesis.combined$partition_nemesis$reify__17019@414b5798"
             #unprintable "jepsen.nemesis.combined$db_nemesis$reify__17000@53251e03"]})
 :active-histories
 #object[clojure.lang.Atom "0x5ffae42f" {:status :ready, :val #{}}]
 :nodes ["n1" "n2" "n3" "n4" "n5"]
 :test-count 1
 :latency {:mean 0, :dist :constant}
 :bin "raft.py"
 :generator
 (jepsen.generator.TimeLimit
  {:limit 2000000000,
   :cutoff nil,
   :gen (jepsen.generator.Any
         {:gens [(jepsen.generator.OnThreads {:f #{:nemesis}, :gen nil})
                 (jepsen.generator.OnThreads
                  {:f #object[clojure.core$complement$fn__5654
                              "0x3eff5c32"
                              "clojure.core$complement$fn__5654@3eff5c32"],
                   :gen (jepsen.generator.Stagger
                         {:dt 400000000,
                          :next-time nil,
                          :gen (jepsen.generator.OnThreads
                                {:f #object[clojure.core$complement$fn__5654
                                            "0x79d538c1"
                                            "clojure.core$complement$fn__5654@79d538c1"],
                                 :gen (jepsen.independent.ConcurrentGenerator
                                       {:n 10,
                                        :fgen #object[jepsen.tests.linearizable_register$test$fn__17324
                                                      "0x31e08c61"
                                                      "jepsen.tests.linearizable_register$test$fn__17324@31e08c61"],
                                        :group->threads nil,
                                        :thread->group nil,
                                        :keys (0 1 2 3 4 5 6 7 ...),
                                        :gens nil})})})})]})})
 :log-net-recv false
 :os
 #object[jepsen.os$reify__2490 "0x2db15764" "jepsen.os$reify__2490@2db15764"]
 :time-limit 2
 :workload :lin-kv
 :consistency-models [:strict-serializable]
 :topology :grid}

2022-05-04 15:20:15,291{GMT}	INFO	[jepsen test runner] jepsen.db: Tearing down DB
2022-05-04 15:20:15,298{GMT}	INFO	[jepsen test runner] jepsen.db: Setting up DB
2022-05-04 15:20:15,301{GMT}	INFO	[jepsen node n2] maelstrom.db: Setting up n2
2022-05-04 15:20:15,301{GMT}	INFO	[jepsen node n3] maelstrom.db: Setting up n3
2022-05-04 15:20:15,301{GMT}	INFO	[jepsen node n5] maelstrom.db: Setting up n5
2022-05-04 15:20:15,301{GMT}	INFO	[jepsen node n4] maelstrom.db: Setting up n4
2022-05-04 15:20:15,303{GMT}	INFO	[jepsen node n3] maelstrom.process: launching raft.py nil
2022-05-04 15:20:15,304{GMT}	INFO	[jepsen node n4] maelstrom.process: launching raft.py nil
2022-05-04 15:20:15,304{GMT}	INFO	[jepsen node n2] maelstrom.process: launching raft.py nil
2022-05-04 15:20:15,303{GMT}	INFO	[jepsen node n5] maelstrom.process: launching raft.py nil
2022-05-04 15:20:15,312{GMT}	INFO	[jepsen node n1] maelstrom.service: Starting services: (lin-kv lin-tso lww-kv seq-kv)
2022-05-04 15:20:15,438{GMT}	INFO	[jepsen node n1] maelstrom.db: Setting up n1
2022-05-04 15:20:15,440{GMT}	INFO	[jepsen node n1] maelstrom.process: launching raft.py nil
2022-05-04 15:20:15,626{GMT}	INFO	[jepsen test runner] jepsen.core: Relative time begins now
2022-05-04 15:20:15,737{GMT}	INFO	[jepsen worker 18] jepsen.util: 18	:invoke	:cas	[1 [0 2]]
2022-05-04 15:20:15,770{GMT}	INFO	[jepsen worker 18] jepsen.util: 18	:info	:cas	[1 [0 2]]	[:unknown "Not Leader"]
2022-05-04 15:20:15,815{GMT}	INFO	[jepsen worker 16] jepsen.util: 16	:invoke	:cas	[1 [1 0]]
2022-05-04 15:20:16,196{GMT}	INFO	[jepsen worker 11] jepsen.util: 11	:invoke	:cas	[1 [1 4]]
2022-05-04 15:20:16,350{GMT}	INFO	[jepsen worker 7] jepsen.util: 7	:invoke	:write	[0 1]
2022-05-04 15:20:16,356{GMT}	INFO	[jepsen worker 7] jepsen.util: 7	:info	:write	[0 1]	[:unknown "Not Leader"]
2022-05-04 15:20:16,478{GMT}	INFO	[jepsen worker 15] jepsen.util: 15	:invoke	:cas	[1 [3 1]]
2022-05-04 15:20:16,817{GMT}	INFO	[jepsen worker 16] jepsen.util: 16	:info	:cas	[1 [1 0]]	:net-timeout
2022-05-04 15:20:16,860{GMT}	INFO	[jepsen worker 3] jepsen.util: 3	:invoke	:read	[0 nil]
2022-05-04 15:20:16,870{GMT}	INFO	[jepsen worker 3] jepsen.util: 3	:fail	:read	[0 nil]	[:unknown "Not Leader"]
2022-05-04 15:20:17,167{GMT}	INFO	[jepsen worker 16] jepsen.util: 36	:invoke	:cas	[1 [4 0]]
2022-05-04 15:20:17,199{GMT}	INFO	[jepsen worker 11] jepsen.util: 11	:info	:cas	[1 [1 4]]	:net-timeout
2022-05-04 15:20:17,443{GMT}	INFO	[jepsen worker 0] jepsen.util: 0	:invoke	:read	[0 nil]
2022-05-04 15:20:17,480{GMT}	INFO	[jepsen worker 15] jepsen.util: 15	:info	:cas	[1 [3 1]]	:net-timeout
2022-05-04 15:20:17,555{GMT}	INFO	[jepsen worker 15] jepsen.util: 35	:invoke	:cas	[1 [1 0]]
2022-05-04 15:20:17,595{GMT}	INFO	[jepsen worker 2] jepsen.util: 2	:invoke	:read	[0 nil]
2022-05-04 15:20:17,604{GMT}	INFO	[jepsen worker 2] jepsen.util: 2	:fail	:read	[0 nil]	[:unknown "Not Leader"]
2022-05-04 15:20:17,656{GMT}	INFO	[jepsen worker 1] jepsen.util: 1	:invoke	:read	[0 nil]
2022-05-04 15:20:17,662{GMT}	INFO	[jepsen worker 1] jepsen.util: 1	:fail	:read	[0 nil]	[:unknown "Invalid Key"]
2022-05-04 15:20:18,168{GMT}	INFO	[jepsen worker 16] jepsen.util: 36	:info	:cas	[1 [4 0]]	:net-timeout
2022-05-04 15:20:18,445{GMT}	INFO	[jepsen worker 0] jepsen.util: 0	:fail	:read	[0 nil]	:net-timeout
2022-05-04 15:20:18,556{GMT}	INFO	[jepsen worker 15] jepsen.util: 35	:info	:cas	[1 [1 0]]	:net-timeout
2022-05-04 15:20:18,575{GMT}	INFO	[jepsen node n5] maelstrom.db: Tearing down n5
2022-05-04 15:20:18,575{GMT}	INFO	[jepsen node n1] maelstrom.db: Tearing down n1
2022-05-04 15:20:18,575{GMT}	INFO	[jepsen node n3] maelstrom.db: Tearing down n3
2022-05-04 15:20:18,575{GMT}	INFO	[jepsen node n2] maelstrom.db: Tearing down n2
2022-05-04 15:20:18,575{GMT}	INFO	[jepsen node n4] maelstrom.db: Tearing down n4
2022-05-04 15:20:19,517{GMT}	WARN	[main] jepsen.core: Test crashed!
clojure.lang.ExceptionInfo: Node n1 crashed with exit status 1. Before crashing, it wrote to STDOUT:

{"dest": "c4", "src": "n1", "body": {"msg_id": 1, "in_reply_to": 1, "type": "init_ok"}}
{"dest": "n2", "src": "n1", "body": {"msg_id": 2, "type": "AppendEntries", "term": 0, "prevIndex": 0, "prevTerm": 0, "entries": [], "commit": 0}}
{"dest": "n3", "src": "n1", "body": {"msg_id": 3, "type": "AppendEntries", "term": 0, "prevIndex": 0, "prevTerm": 0, "entries": [], "commit": 0}}
{"dest": "n4", "src": "n1", "body": {"msg_id": 4, "type": "AppendEntries", "term": 0, "prevIndex": 0, "prevTerm": 0, "entries": [], "commit": 0}}
{"dest": "n5", "src": "n1", "body": {"msg_id": 5, "type": "AppendEntries", "term": 0, "prevIndex": 0, "prevTerm": 0, "entries": [], "commit": 0}}
{"dest": "n2", "src": "n1", "body": {"msg_id": 6, "in_reply_to": 2, "type": "RequestVoteRes", "term": 1, "res": true}}
{"dest": "n2", "src": "n1", "body": {"msg_id": 7, "in_reply_to": 8, "type": "AppendEntriesRes", "res": true, "term": 1, "next": 1, "commit": 0}}
{"dest": "n4", "src": "n1", "body": {"msg_id": 8, "type": "AppendEntries", "term": 1, "prevIndex": -1, "prevTerm": 0, "entries": [[["pass", null], 0]], "commit": 0}}
{"dest": "n5", "src": "n1", "body": {"msg_id": 9, "type": "AppendEntries", "term": 1, "prevIndex": -1, "prevTerm": 0, "entries": [[["pass", null], 0]], "commit": 0}}
{"dest": "n3", "src": "n1", "body": {"msg_id": 10, "type": "AppendEntries", "term": 1, "prevIndex": -1, "prevTerm": 0, "entries": [[["pass", null], 0]], "commit": 0}}
{"dest": "n2", "src": "n1", "body": {"msg_id": 11, "in_reply_to": 12, "type": "AppendEntriesRes", "res": true, "term": 1, "next": 1, "commit": 0}}
{"dest": "n2", "src": "n1", "body": {"msg_id": 12, "type": "AppendEntries", "term": 1, "prevIndex": -1, "prevTerm": 0, "entries": [[["pass", null], 0]], "commit": 0}}
{"dest": "n2", "src": "n1", "body": {"msg_id": 13, "in_reply_to": 18, "type": "AppendEntriesRes", "res": true, "term": 1, "next": 1, "commit": 0}}
{"dest": "n4", "src": "n1", "body": {"msg_id": 14, "in_reply_to": 9, "type": "RequestVoteRes", "term": 1, "res": false}}
{"dest": "n5", "src": "n1", "body": {"msg_id": 15, "in_reply_to": 9, "type": "RequestVoteRes", "term": 1, "res": false}}
{"dest": "n3", "src": "n1", "body": {"msg_id": 16, "in_reply_to": 9, "type": "RequestVoteRes", "term": 1, "res": false}}

And to STDERR:

{}
cur term
1
log 
[(('pass', None), 0)]
commit indez e last applied
0
0
candidate, votes, voted for
False
None
None
timeout dict
{'n1': 1651674015621525750, 'n2': 1651674015831977895, 'n3': 1651674015814004534, 'n4': 1651674015786303221, 'n5': 1651674015813032204}
curr time
1651674015832478765

INFO:root:355
[(('pass', None), 0)]
[[['pass', None], 0], [['cas', [1, [1, 0]]], 2]]
0
0
n1
1

ERROR:root:fatal exception in handler
Traceback (most recent call last):
  File "/home/peter/Documents/tf/lab3/ms.py", line 27, in exitOnError
    fn(*args)
  File "/home/peter/Documents/tf/lab3/raft.py", line 356, in handle
    entry=log[msg.body.prevIndex+i] if len(log)>msg.body.prevIndex+i-1 else None
IndexError: list index out of range

Full STDERR logs are available in /home/peter/Documents/tf/lab3/store/lin-kv/20220504T152014.000+0100/node-logs/n1.log
	at slingshot.support$stack_trace.invoke(support.clj:201)
	at maelstrom.process$stop_node_BANG_.invokeStatic(process.clj:239)
	at maelstrom.process$stop_node_BANG_.invoke(process.clj:217)
	at maelstrom.db$db$reify__16747.teardown_BANG_(db.clj:75)
	at jepsen.db$fn__3285$G__3281__3289.invoke(db.clj:11)
	at jepsen.db$fn__3285$G__3280__3294.invoke(db.clj:11)
	at clojure.core$partial$fn__5824.invoke(core.clj:2625)
	at jepsen.control$on_nodes$fn__3165.invoke(control.clj:452)
	at clojure.lang.AFn.applyToHelper(AFn.java:154)
	at clojure.lang.AFn.applyTo(AFn.java:144)
	at clojure.core$apply.invokeStatic(core.clj:665)
	at clojure.core$with_bindings_STAR_.invokeStatic(core.clj:1973)
	at clojure.core$with_bindings_STAR_.doInvoke(core.clj:1973)
	at clojure.lang.RestFn.applyTo(RestFn.java:142)
	at clojure.core$apply.invokeStatic(core.clj:669)
	at clojure.core$bound_fn_STAR_$fn__5734.doInvoke(core.clj:2003)
	at clojure.lang.RestFn.invoke(RestFn.java:408)
	at dom_top.core$real_pmap_helper$build_thread__213$fn__214.invoke(core.clj:146)
	at clojure.lang.AFn.applyToHelper(AFn.java:152)
	at clojure.lang.AFn.applyTo(AFn.java:144)
	at clojure.core$apply.invokeStatic(core.clj:665)
	at clojure.core$with_bindings_STAR_.invokeStatic(core.clj:1973)
	at clojure.core$with_bindings_STAR_.doInvoke(core.clj:1973)
	at clojure.lang.RestFn.invoke(RestFn.java:425)
	at clojure.lang.AFn.applyToHelper(AFn.java:156)
	at clojure.lang.RestFn.applyTo(RestFn.java:132)
	at clojure.core$apply.invokeStatic(core.clj:669)
	at clojure.core$bound_fn_STAR_$fn__5734.doInvoke(core.clj:2003)
	at clojure.lang.RestFn.invoke(RestFn.java:397)
	at clojure.lang.AFn.run(AFn.java:22)
	at java.base/java.lang.Thread.run(Thread.java:833)
