DEBUG:root:received {"dest":"n5","body":{"type":"init","node_id":"n5","node_ids":["n1","n2","n3","n4","n5"],"msg_id":1},"src":"c1","id":1}
INFO:root:node n5 initialized
DEBUG:root:sending {"dest": "c1", "src": "n5", "body": {"msg_id": 1, "in_reply_to": 1, "type": "init_ok"}}
DEBUG:root:received {"dest":"n5","body":{"txn":[["append",9,2],["append",9,3],["r",8,null],["r",9,null]],"type":"txn","msg_id":1},"src":"c11","id":11}
INFO:root:executing txn
DEBUG:root:c11-1: locking 8
DEBUG:root:c11-1: locking 9
DEBUG:root:c11-1: appending to 9: 2
DEBUG:root:c11-1: appending to 9: 3
DEBUG:root:c11-1: reading 8
DEBUG:root:c11-1: reading 9
DEBUG:root:c11-1: updating 9: [2, 3]
DEBUG:root:sending {"dest": "c11", "src": "n5", "body": {"msg_id": 2, "in_reply_to": 1, "type": "txn_ok", "txn": [["append", 9, 2], ["append", 9, 3], ["r", 8, null], ["r", 9, [2, 3]]]}}
DEBUG:root:c11-1: unlocking 8
DEBUG:root:c11-1: unlocking 9
DEBUG:root:received {"dest":"n5","body":{"txn":[["append",4,1],["append",5,1]],"type":"txn","msg_id":1},"src":"c14","id":20}
INFO:root:executing txn
DEBUG:root:c14-1: locking 4
DEBUG:root:c14-1: locking 5
DEBUG:root:c14-1: appending to 4: 1
DEBUG:root:c14-1: appending to 5: 1
DEBUG:root:c14-1: updating 4: [1]
DEBUG:root:c14-1: updating 5: [1]
DEBUG:root:sending {"dest": "c14", "src": "n5", "body": {"msg_id": 3, "in_reply_to": 1, "type": "txn_ok", "txn": [["append", 4, 1], ["append", 5, 1]]}}
DEBUG:root:c14-1: unlocking 4
DEBUG:root:c14-1: unlocking 5
DEBUG:root:received {"dest":"n5","body":{"txn":[["r",8,null],["r",9,null]],"type":"txn","msg_id":1},"src":"c15","id":22}
INFO:root:executing txn
DEBUG:root:c15-1: locking 8
DEBUG:root:c15-1: locking 9
DEBUG:root:c15-1: reading 8
DEBUG:root:c15-1: reading 9
DEBUG:root:sending {"dest": "c15", "src": "n5", "body": {"msg_id": 4, "in_reply_to": 1, "type": "txn_ok", "txn": [["r", 8, null], ["r", 9, [2, 3]]]}}
DEBUG:root:c15-1: unlocking 8
DEBUG:root:c15-1: unlocking 9
DEBUG:root:received {"dest":"n5","body":{"txn":[["append",7,1],["r",8,null]],"type":"txn","msg_id":2},"src":"c11","id":24}
INFO:root:executing txn
DEBUG:root:c11-2: locking 7
DEBUG:root:c11-2: locking 8
DEBUG:root:c11-2: appending to 7: 1
DEBUG:root:c11-2: reading 8
DEBUG:root:c11-2: updating 7: [1]
DEBUG:root:sending {"dest": "c11", "src": "n5", "body": {"msg_id": 5, "in_reply_to": 2, "type": "txn_ok", "txn": [["append", 7, 1], ["r", 8, null]]}}
DEBUG:root:c11-2: unlocking 7
DEBUG:root:c11-2: unlocking 8
