DEBUG:root:received {"dest":"n3","body":{"type":"init","node_id":"n3","node_ids":["n1","n2","n3","n4","n5"],"msg_id":1},"src":"c0","id":0}
INFO:root:node n3 initialized
DEBUG:root:sending {"dest": "c0", "src": "n3", "body": {"msg_id": 1, "in_reply_to": 1, "type": "init_ok"}}
DEBUG:root:sending {"dest": "n1", "src": "n3", "body": {"msg_id": 2, "type": "RequestVote", "term": 1, "prevLogIndex": 0, "lastLogTerm": 0, "candidateId": "n3"}}
DEBUG:root:sending {"dest": "n2", "src": "n3", "body": {"msg_id": 3, "type": "RequestVote", "term": 1, "prevLogIndex": 0, "lastLogTerm": 0, "candidateId": "n3"}}
DEBUG:root:sending {"dest": "n3", "src": "n3", "body": {"msg_id": 4, "type": "RequestVote", "term": 1, "prevLogIndex": 0, "lastLogTerm": 0, "candidateId": "n3"}}
DEBUG:root:sending {"dest": "n4", "src": "n3", "body": {"msg_id": 5, "type": "RequestVote", "term": 1, "prevLogIndex": 0, "lastLogTerm": 0, "candidateId": "n3"}}
DEBUG:root:sending {"dest": "n5", "src": "n3", "body": {"msg_id": 6, "type": "RequestVote", "term": 1, "prevLogIndex": 0, "lastLogTerm": 0, "candidateId": "n3"}}
DEBUG:root:received {"dest":"n3","src":"n3","body":{"msg_id":4,"type":"RequestVote","term":1,"prevLogIndex":0,"lastLogTerm":0,"candidateId":"n3"},"id":15}
DEBUG:root:received {"dest":"n3","src":"n2","body":{"msg_id":4,"type":"RequestVote","term":1,"prevLogIndex":0,"lastLogTerm":0,"candidateId":"n2"},"id":16}
DEBUG:root:received {"dest":"n3","src":"n4","body":{"msg_id":4,"type":"RequestVote","term":1,"prevLogIndex":0,"lastLogTerm":0,"candidateId":"n4"},"id":17}
DEBUG:root:sending {"dest": "n3", "src": "n3", "body": {"msg_id": 7, "in_reply_to": 4, "type": "RequestVoteRes", "term": 1, "res": true}}
DEBUG:root:received {"dest":"n3","src":"n2","body":{"msg_id":7,"in_reply_to":3,"type":"RequestVoteRes","term":1,"res":true},"id":24}
DEBUG:root:received {"dest":"n3","src":"n5","body":{"msg_id":4,"type":"RequestVote","term":1,"prevLogIndex":0,"lastLogTerm":0,"candidateId":"n5"},"id":29}
DEBUG:root:received {"dest":"n3","src":"n4","body":{"msg_id":7,"in_reply_to":5,"type":"RequestVoteRes","term":1,"res":true},"id":31}
DEBUG:root:received {"dest":"n3","src":"n5","body":{"msg_id":7,"in_reply_to":6,"type":"RequestVoteRes","term":1,"res":true},"id":34}
DEBUG:root:received {"dest":"n3","src":"n3","body":{"msg_id":7,"in_reply_to":4,"type":"RequestVoteRes","term":1,"res":true},"id":38}
DEBUG:root:sending {"dest": "n2", "src": "n3", "body": {"msg_id": 8, "in_reply_to": 4, "type": "RequestVoteRes", "term": 1, "res": false}}
DEBUG:root:sending {"dest": "n4", "src": "n3", "body": {"msg_id": 9, "in_reply_to": 4, "type": "RequestVoteRes", "term": 1, "res": false}}
DEBUG:root:sending {"dest": "n5", "src": "n3", "body": {"msg_id": 10, "in_reply_to": 4, "type": "RequestVoteRes", "term": 1, "res": false}}
DEBUG:root:sending {"dest": "n1", "src": "n3", "body": {"msg_id": 11, "type": "AppendEntries", "term": 1, "prevIndex": 0, "prevTerm": 0, "entries": [[["pass", null], 0]], "commit": 0}}
DEBUG:root:sending {"dest": "n2", "src": "n3", "body": {"msg_id": 12, "type": "AppendEntries", "term": 1, "prevIndex": 0, "prevTerm": 0, "entries": [[["pass", null], 0]], "commit": 0}}
DEBUG:root:sending {"dest": "n4", "src": "n3", "body": {"msg_id": 13, "type": "AppendEntries", "term": 1, "prevIndex": 0, "prevTerm": 0, "entries": [[["pass", null], 0]], "commit": 0}}
DEBUG:root:sending {"dest": "n5", "src": "n3", "body": {"msg_id": 14, "type": "AppendEntries", "term": 1, "prevIndex": 0, "prevTerm": 0, "entries": [[["pass", null], 0]], "commit": 0}}
DEBUG:root:received {"dest":"n3","src":"n2","body":{"msg_id":11,"in_reply_to":12,"type":"AppendEntriesRes","res":true,"term":1,"next":1,"commit":0},"id":49}
DEBUG:root:received {"dest":"n3","src":"n5","body":{"msg_id":11,"in_reply_to":14,"type":"AppendEntriesRes","res":true,"term":1,"next":1,"commit":0},"id":50}
DEBUG:root:received {"dest":"n3","src":"n4","body":{"msg_id":11,"in_reply_to":13,"type":"AppendEntriesRes","res":true,"term":1,"next":1,"commit":0},"id":51}
DEBUG:root:received {"dest":"n3","src":"n1","body":{"msg_id":3,"type":"AppendEntries","term":0,"prevIndex":0,"prevTerm":0,"entries":[[["pass",null],0]],"commit":0},"id":54}
DEBUG:root:sending {"dest": "n1", "src": "n3", "body": {"msg_id": 15, "in_reply_to": 3, "type": "AppendEntriesRes", "res": false, "term": 1}}
DEBUG:root:received {"dest":"n3","src":"n1","body":{"msg_id":7,"in_reply_to":2,"type":"RequestVoteRes","term":1,"res":false},"id":60}
DEBUG:root:received {"dest":"n3","src":"n1","body":{"msg_id":10,"in_reply_to":11,"type":"AppendEntriesRes","res":true,"term":1,"next":1,"commit":0},"id":64}
DEBUG:root:received {"dest":"n3","src":"n1","body":{"msg_id":12,"type":"AppendEntries","term":1,"prevIndex":-1,"prevTerm":0,"entries":[[["pass",null],0]],"commit":0},"id":67}
DEBUG:root:sending {"dest": "n1", "src": "n3", "body": {"msg_id": 16, "in_reply_to": 12, "type": "AppendEntriesRes", "res": true, "term": 1, "next": 1, "commit": 0}}
DEBUG:root:received {"dest":"n3","body":{"key":1,"value":1,"type":"write","msg_id":1},"src":"c10","id":74}
DEBUG:root:sending {"dest": "n1", "src": "n3", "body": {"msg_id": 17, "type": "AppendEntries", "term": 1, "entries": [[["write", [1, 1]], 1]], "prevIndex": 0, "prevTerm": 0, "commit": 0}}
DEBUG:root:sending {"dest": "n2", "src": "n3", "body": {"msg_id": 18, "type": "AppendEntries", "term": 1, "entries": [[["write", [1, 1]], 1]], "prevIndex": 0, "prevTerm": 0, "commit": 0}}
DEBUG:root:sending {"dest": "n4", "src": "n3", "body": {"msg_id": 19, "type": "AppendEntries", "term": 1, "entries": [[["write", [1, 1]], 1]], "prevIndex": 0, "prevTerm": 0, "commit": 0}}
DEBUG:root:sending {"dest": "n5", "src": "n3", "body": {"msg_id": 20, "type": "AppendEntries", "term": 1, "entries": [[["write", [1, 1]], 1]], "prevIndex": 0, "prevTerm": 0, "commit": 0}}
DEBUG:root:received {"dest":"n3","src":"n1","body":{"msg_id":15,"in_reply_to":17,"type":"AppendEntriesRes","res":true,"term":1,"next":1,"commit":0},"id":78}
DEBUG:root:received {"dest":"n3","src":"n4","body":{"msg_id":14,"in_reply_to":19,"type":"AppendEntriesRes","res":true,"term":1,"next":1,"commit":0},"id":80}
DEBUG:root:received {"dest":"n3","src":"n2","body":{"msg_id":14,"in_reply_to":18,"type":"AppendEntriesRes","res":true,"term":1,"next":1,"commit":0},"id":81}
DEBUG:root:received {"dest":"n3","src":"n5","body":{"msg_id":14,"in_reply_to":20,"type":"AppendEntriesRes","res":true,"term":1,"next":1,"commit":0},"id":82}
DEBUG:root:sending {"dest": "n1", "src": "n3", "body": {"msg_id": 21, "type": "AppendEntries", "term": 1, "prevIndex": 0, "prevTerm": 0, "entries": [[["pass", null], 0], [["write", [1, 1]], 1]], "commit": 0}}
DEBUG:root:sending {"dest": "n2", "src": "n3", "body": {"msg_id": 22, "type": "AppendEntries", "term": 1, "prevIndex": 0, "prevTerm": 0, "entries": [[["pass", null], 0], [["write", [1, 1]], 1]], "commit": 0}}
DEBUG:root:sending {"dest": "n4", "src": "n3", "body": {"msg_id": 23, "type": "AppendEntries", "term": 1, "prevIndex": 0, "prevTerm": 0, "entries": [[["pass", null], 0], [["write", [1, 1]], 1]], "commit": 0}}
DEBUG:root:sending {"dest": "n5", "src": "n3", "body": {"msg_id": 24, "type": "AppendEntries", "term": 1, "prevIndex": 0, "prevTerm": 0, "entries": [[["pass", null], 0], [["write", [1, 1]], 1]], "commit": 0}}
DEBUG:root:received {"dest":"n3","src":"n1","body":{"msg_id":16,"in_reply_to":21,"type":"AppendEntriesRes","res":true,"term":1,"next":2,"commit":1},"id":90}
DEBUG:root:received {"dest":"n3","src":"n2","body":{"msg_id":16,"in_reply_to":22,"type":"AppendEntriesRes","res":true,"term":1,"next":2,"commit":1},"id":92}
DEBUG:root:received {"dest":"n3","src":"n4","body":{"msg_id":15,"in_reply_to":23,"type":"AppendEntriesRes","res":true,"term":1,"next":2,"commit":1},"id":93}
WARNING:root:380
[[['pass', None], 0], (('write', (1, 1)), 1)]
{1: namespace(dest='n3', body=namespace(key=1, value=1, type='write', msg_id=1), src='c10', id=74)}
0
{'n1': 1, 'n2': 1, 'n3': 0, 'n4': 1, 'n5': 0}
3
3

DEBUG:root:received {"dest":"n3","src":"n5","body":{"msg_id":16,"in_reply_to":24,"type":"AppendEntriesRes","res":true,"term":1,"next":2,"commit":1},"id":94}
Exception in thread Thread-1:
Traceback (most recent call last):
  File "/usr/lib/python3.10/threading.py", line 1009, in _bootstrap_inner
    self.run()
  File "/usr/lib/python3.10/threading.py", line 1371, in run
    self.function(*self.args, **self.kwargs)
TypeError: election_checker() missing 2 required positional arguments: 'min_time' and 'max_time'
DEBUG:root:received {"dest":"n3","src":"n1","body":{"msg_id":18,"type":"AppendEntries","term":1,"prevIndex":0,"prevTerm":0,"entries":[[["pass",null],0],[["write",[1,1]],1]],"commit":1},"id":96}
DEBUG:root:sending {"dest": "n1", "src": "n3", "body": {"msg_id": 25, "in_reply_to": 18, "type": "AppendEntriesRes", "res": true, "term": 1, "next": 2, "commit": 1}}
DEBUG:root:sending {"dest": "n1", "src": "n3", "body": {"msg_id": 26, "type": "AppendEntries", "term": 1, "prevIndex": 1, "prevTerm": 1, "entries": [[["pass", null], 0], [["write", [1, 1]], 1]], "commit": 1}}
DEBUG:root:sending {"dest": "n2", "src": "n3", "body": {"msg_id": 27, "type": "AppendEntries", "term": 1, "prevIndex": 1, "prevTerm": 1, "entries": [[["pass", null], 0], [["write", [1, 1]], 1]], "commit": 1}}
DEBUG:root:sending {"dest": "n4", "src": "n3", "body": {"msg_id": 28, "type": "AppendEntries", "term": 1, "prevIndex": 1, "prevTerm": 1, "entries": [[["pass", null], 0], [["write", [1, 1]], 1]], "commit": 1}}
DEBUG:root:sending {"dest": "n5", "src": "n3", "body": {"msg_id": 29, "type": "AppendEntries", "term": 1, "prevIndex": 1, "prevTerm": 1, "entries": [[["pass", null], 0], [["write", [1, 1]], 1]], "commit": 1}}
DEBUG:root:received {"dest":"n3","src":"n1","body":{"msg_id":21,"in_reply_to":26,"type":"AppendEntriesRes","res":true,"term":1,"next":2,"commit":1},"id":109}
DEBUG:root:received {"dest":"n3","src":"n2","body":{"msg_id":19,"in_reply_to":27,"type":"AppendEntriesRes","res":true,"term":1,"next":2,"commit":1},"id":110}
DEBUG:root:received {"dest":"n3","src":"n4","body":{"msg_id":17,"in_reply_to":28,"type":"AppendEntriesRes","res":true,"term":1,"next":2,"commit":1},"id":111}
DEBUG:root:received {"dest":"n3","src":"n5","body":{"msg_id":18,"in_reply_to":29,"type":"AppendEntriesRes","res":true,"term":1,"next":2,"commit":1},"id":112}
DEBUG:root:received {"dest":"n3","src":"n1","body":{"msg_id":23,"type":"AppendEntries","term":1,"prevIndex":1,"prevTerm":1,"entries":[[["pass",null],0],[["write",[1,1]],1]],"commit":1},"id":116}
DEBUG:root:sending {"dest": "n1", "src": "n3", "body": {"msg_id": 30, "in_reply_to": 23, "type": "AppendEntriesRes", "res": true, "term": 1, "next": 2, "commit": 1}}
DEBUG:root:sending {"dest": "n1", "src": "n3", "body": {"msg_id": 31, "type": "AppendEntries", "term": 1, "prevIndex": 1, "prevTerm": 1, "entries": [[["pass", null], 0], [["write", [1, 1]], 1]], "commit": 1}}
DEBUG:root:sending {"dest": "n2", "src": "n3", "body": {"msg_id": 32, "type": "AppendEntries", "term": 1, "prevIndex": 1, "prevTerm": 1, "entries": [[["pass", null], 0], [["write", [1, 1]], 1]], "commit": 1}}
DEBUG:root:sending {"dest": "n4", "src": "n3", "body": {"msg_id": 33, "type": "AppendEntries", "term": 1, "prevIndex": 1, "prevTerm": 1, "entries": [[["pass", null], 0], [["write", [1, 1]], 1]], "commit": 1}}
DEBUG:root:sending {"dest": "n5", "src": "n3", "body": {"msg_id": 34, "type": "AppendEntries", "term": 1, "prevIndex": 1, "prevTerm": 1, "entries": [[["pass", null], 0], [["write", [1, 1]], 1]], "commit": 1}}
DEBUG:root:received {"dest":"n3","src":"n1","body":{"msg_id":26,"in_reply_to":31,"type":"AppendEntriesRes","res":true,"term":1,"next":2,"commit":1},"id":129}
DEBUG:root:received {"dest":"n3","src":"n2","body":{"msg_id":21,"in_reply_to":32,"type":"AppendEntriesRes","res":true,"term":1,"next":2,"commit":1},"id":130}
DEBUG:root:received {"dest":"n3","src":"n4","body":{"msg_id":19,"in_reply_to":33,"type":"AppendEntriesRes","res":true,"term":1,"next":2,"commit":1},"id":131}
DEBUG:root:received {"dest":"n3","src":"n5","body":{"msg_id":22,"in_reply_to":34,"type":"AppendEntriesRes","res":true,"term":1,"next":2,"commit":1},"id":132}
DEBUG:root:received {"dest":"n3","src":"n1","body":{"msg_id":28,"type":"AppendEntries","term":1,"prevIndex":1,"prevTerm":1,"entries":[[["pass",null],0],[["write",[1,1]],1]],"commit":1},"id":134}
DEBUG:root:sending {"dest": "n1", "src": "n3", "body": {"msg_id": 35, "in_reply_to": 28, "type": "AppendEntriesRes", "res": true, "term": 1, "next": 2, "commit": 1}}
DEBUG:root:received {"dest":"n3","src":"n1","body":{"msg_id":32,"type":"AppendEntries","term":1,"prevIndex":1,"prevTerm":1,"entries":[[["pass",null],0],[["write",[1,1]],1]],"commit":1},"id":144}
DEBUG:root:sending {"dest": "n1", "src": "n3", "body": {"msg_id": 36, "in_reply_to": 32, "type": "AppendEntriesRes", "res": true, "term": 1, "next": 2, "commit": 1}}
DEBUG:root:sending {"dest": "n1", "src": "n3", "body": {"msg_id": 37, "type": "AppendEntries", "term": 1, "prevIndex": 1, "prevTerm": 1, "entries": [[["pass", null], 0], [["write", [1, 1]], 1]], "commit": 1}}
DEBUG:root:sending {"dest": "n2", "src": "n3", "body": {"msg_id": 38, "type": "AppendEntries", "term": 1, "prevIndex": 1, "prevTerm": 1, "entries": [[["pass", null], 0], [["write", [1, 1]], 1]], "commit": 1}}
DEBUG:root:sending {"dest": "n4", "src": "n3", "body": {"msg_id": 39, "type": "AppendEntries", "term": 1, "prevIndex": 1, "prevTerm": 1, "entries": [[["pass", null], 0], [["write", [1, 1]], 1]], "commit": 1}}
DEBUG:root:sending {"dest": "n5", "src": "n3", "body": {"msg_id": 40, "type": "AppendEntries", "term": 1, "prevIndex": 1, "prevTerm": 1, "entries": [[["pass", null], 0], [["write", [1, 1]], 1]], "commit": 1}}
DEBUG:root:received {"dest":"n3","src":"n1","body":{"msg_id":35,"in_reply_to":37,"type":"AppendEntriesRes","res":true,"term":1,"next":2,"commit":1},"id":155}
DEBUG:root:received {"dest":"n3","src":"n2","body":{"msg_id":24,"in_reply_to":38,"type":"AppendEntriesRes","res":true,"term":1,"next":2,"commit":1},"id":156}
DEBUG:root:received {"dest":"n3","src":"n4","body":{"msg_id":23,"in_reply_to":39,"type":"AppendEntriesRes","res":true,"term":1,"next":2,"commit":1},"id":157}
DEBUG:root:received {"dest":"n3","src":"n5","body":{"msg_id":25,"in_reply_to":40,"type":"AppendEntriesRes","res":true,"term":1,"next":2,"commit":1},"id":158}
DEBUG:root:sending {"dest": "n1", "src": "n3", "body": {"msg_id": 41, "type": "AppendEntries", "term": 1, "prevIndex": 1, "prevTerm": 1, "entries": [[["pass", null], 0], [["write", [1, 1]], 1]], "commit": 1}}
DEBUG:root:sending {"dest": "n2", "src": "n3", "body": {"msg_id": 42, "type": "AppendEntries", "term": 1, "prevIndex": 1, "prevTerm": 1, "entries": [[["pass", null], 0], [["write", [1, 1]], 1]], "commit": 1}}
DEBUG:root:sending {"dest": "n4", "src": "n3", "body": {"msg_id": 43, "type": "AppendEntries", "term": 1, "prevIndex": 1, "prevTerm": 1, "entries": [[["pass", null], 0], [["write", [1, 1]], 1]], "commit": 1}}
DEBUG:root:sending {"dest": "n5", "src": "n3", "body": {"msg_id": 44, "type": "AppendEntries", "term": 1, "prevIndex": 1, "prevTerm": 1, "entries": [[["pass", null], 0], [["write", [1, 1]], 1]], "commit": 1}}
DEBUG:root:received {"dest":"n3","src":"n1","body":{"msg_id":36,"in_reply_to":41,"type":"AppendEntriesRes","res":true,"term":1,"next":2,"commit":1},"id":165}
DEBUG:root:received {"dest":"n3","src":"n2","body":{"msg_id":25,"in_reply_to":42,"type":"AppendEntriesRes","res":true,"term":1,"next":2,"commit":1},"id":166}
DEBUG:root:received {"dest":"n3","src":"n4","body":{"msg_id":25,"in_reply_to":43,"type":"AppendEntriesRes","res":true,"term":1,"next":2,"commit":1},"id":167}
DEBUG:root:received {"dest":"n3","src":"n5","body":{"msg_id":26,"in_reply_to":44,"type":"AppendEntriesRes","res":true,"term":1,"next":2,"commit":1},"id":168}
DEBUG:root:received {"dest":"n3","src":"n1","body":{"msg_id":38,"type":"AppendEntries","term":1,"prevIndex":1,"prevTerm":1,"entries":[[["pass",null],0],[["write",[1,1]],1]],"commit":1},"id":170}
DEBUG:root:sending {"dest": "n1", "src": "n3", "body": {"msg_id": 45, "in_reply_to": 38, "type": "AppendEntriesRes", "res": true, "term": 1, "next": 2, "commit": 1}}
DEBUG:root:received {"dest":"n3","body":{"key":1,"value":2,"type":"write","msg_id":2},"src":"c10","id":179}
DEBUG:root:sending {"dest": "n1", "src": "n3", "body": {"msg_id": 46, "type": "AppendEntries", "term": 1, "entries": [[["write", [1, 2]], 1]], "prevIndex": 1, "prevTerm": 1, "commit": 1}}
DEBUG:root:sending {"dest": "n2", "src": "n3", "body": {"msg_id": 47, "type": "AppendEntries", "term": 1, "entries": [[["write", [1, 2]], 1]], "prevIndex": 1, "prevTerm": 1, "commit": 1}}
DEBUG:root:sending {"dest": "n4", "src": "n3", "body": {"msg_id": 48, "type": "AppendEntries", "term": 1, "entries": [[["write", [1, 2]], 1]], "prevIndex": 1, "prevTerm": 1, "commit": 1}}
DEBUG:root:sending {"dest": "n5", "src": "n3", "body": {"msg_id": 49, "type": "AppendEntries", "term": 1, "entries": [[["write", [1, 2]], 1]], "prevIndex": 1, "prevTerm": 1, "commit": 1}}
DEBUG:root:received {"dest":"n3","src":"n1","body":{"msg_id":41,"in_reply_to":46,"type":"AppendEntriesRes","res":true,"term":1,"next":1,"commit":0},"id":184}
DEBUG:root:received {"dest":"n3","src":"n2","body":{"msg_id":27,"in_reply_to":47,"type":"AppendEntriesRes","res":true,"term":1,"next":1,"commit":0},"id":185}
DEBUG:root:received {"dest":"n3","src":"n5","body":{"msg_id":29,"in_reply_to":49,"type":"AppendEntriesRes","res":true,"term":1,"next":1,"commit":0},"id":186}
DEBUG:root:received {"dest":"n3","src":"n4","body":{"msg_id":27,"in_reply_to":48,"type":"AppendEntriesRes","res":true,"term":1,"next":1,"commit":0},"id":187}
DEBUG:root:sending {"dest": "n1", "src": "n3", "body": {"msg_id": 50, "type": "AppendEntries", "term": 1, "prevIndex": 0, "prevTerm": 0, "entries": [[["pass", null], 0], [["write", [1, 1]], 1], [["write", [1, 2]], 1]], "commit": 1}}
DEBUG:root:sending {"dest": "n2", "src": "n3", "body": {"msg_id": 51, "type": "AppendEntries", "term": 1, "prevIndex": 0, "prevTerm": 0, "entries": [[["pass", null], 0], [["write", [1, 1]], 1], [["write", [1, 2]], 1]], "commit": 1}}
DEBUG:root:sending {"dest": "n4", "src": "n3", "body": {"msg_id": 52, "type": "AppendEntries", "term": 1, "prevIndex": 0, "prevTerm": 0, "entries": [[["pass", null], 0], [["write", [1, 1]], 1], [["write", [1, 2]], 1]], "commit": 1}}
DEBUG:root:sending {"dest": "n5", "src": "n3", "body": {"msg_id": 53, "type": "AppendEntries", "term": 1, "prevIndex": 0, "prevTerm": 0, "entries": [[["pass", null], 0], [["write", [1, 1]], 1], [["write", [1, 2]], 1]], "commit": 1}}
DEBUG:root:received {"dest":"n3","src":"n2","body":{"msg_id":28,"in_reply_to":51,"type":"AppendEntriesRes","res":true,"term":1,"next":1,"commit":1},"id":192}
DEBUG:root:received {"dest":"n3","src":"n4","body":{"msg_id":28,"in_reply_to":52,"type":"AppendEntriesRes","res":true,"term":1,"next":1,"commit":1},"id":193}
DEBUG:root:received {"dest":"n3","src":"n5","body":{"msg_id":30,"in_reply_to":53,"type":"AppendEntriesRes","res":true,"term":1,"next":1,"commit":1},"id":194}
DEBUG:root:received {"dest":"n3","src":"n1","body":{"msg_id":42,"in_reply_to":50,"type":"AppendEntriesRes","res":true,"term":1,"next":1,"commit":1},"id":195}
DEBUG:root:sending {"dest": "n1", "src": "n3", "body": {"msg_id": 54, "type": "AppendEntries", "term": 1, "prevIndex": 0, "prevTerm": 0, "entries": [[["pass", null], 0], [["write", [1, 1]], 1], [["write", [1, 2]], 1]], "commit": 1}}
DEBUG:root:sending {"dest": "n2", "src": "n3", "body": {"msg_id": 55, "type": "AppendEntries", "term": 1, "prevIndex": 0, "prevTerm": 0, "entries": [[["pass", null], 0], [["write", [1, 1]], 1], [["write", [1, 2]], 1]], "commit": 1}}
DEBUG:root:sending {"dest": "n4", "src": "n3", "body": {"msg_id": 56, "type": "AppendEntries", "term": 1, "prevIndex": 0, "prevTerm": 0, "entries": [[["pass", null], 0], [["write", [1, 1]], 1], [["write", [1, 2]], 1]], "commit": 1}}
DEBUG:root:sending {"dest": "n5", "src": "n3", "body": {"msg_id": 57, "type": "AppendEntries", "term": 1, "prevIndex": 0, "prevTerm": 0, "entries": [[["pass", null], 0], [["write", [1, 1]], 1], [["write", [1, 2]], 1]], "commit": 1}}
DEBUG:root:received {"dest":"n3","src":"n2","body":{"msg_id":29,"in_reply_to":55,"type":"AppendEntriesRes","res":true,"term":1,"next":3,"commit":2},"id":201}
DEBUG:root:received {"dest":"n3","src":"n4","body":{"msg_id":29,"in_reply_to":56,"type":"AppendEntriesRes","res":true,"term":1,"next":3,"commit":2},"id":200}
DEBUG:root:received {"dest":"n3","src":"n5","body":{"msg_id":31,"in_reply_to":57,"type":"AppendEntriesRes","res":true,"term":1,"next":3,"commit":2},"id":202}
DEBUG:root:received {"dest":"n3","src":"n1","body":{"msg_id":43,"in_reply_to":54,"type":"AppendEntriesRes","res":true,"term":1,"next":3,"commit":2},"id":203}
WARNING:root:380
[[['pass', None], 0], [['write', [1, 1]], 1], (('write', (1, 2)), 1)]
{2: namespace(dest='n3', body=namespace(key=1, value=2, type='write', msg_id=2), src='c10', id=179)}
1
{'n1': 1, 'n2': 2, 'n3': 0, 'n4': 2, 'n5': 2}
3
3

