DEBUG:root:received {"dest":"n5","body":{"type":"init","node_id":"n5","node_ids":["n1","n2","n3","n4","n5"],"msg_id":1},"src":"c1","id":1}
INFO:root:node n5 initialized
DEBUG:root:sending {"dest": "c1", "src": "n5", "body": {"msg_id": 1, "in_reply_to": 1, "type": "init_ok"}}
DEBUG:root:sending {"dest": "n1", "src": "n5", "body": {"msg_id": 2, "type": "RequestVote", "term": 1, "prevLogIndex": 0, "lastLogTerm": 0, "candidateId": "n5"}}
DEBUG:root:sending {"dest": "n2", "src": "n5", "body": {"msg_id": 3, "type": "RequestVote", "term": 1, "prevLogIndex": 0, "lastLogTerm": 0, "candidateId": "n5"}}
DEBUG:root:sending {"dest": "n3", "src": "n5", "body": {"msg_id": 4, "type": "RequestVote", "term": 1, "prevLogIndex": 0, "lastLogTerm": 0, "candidateId": "n5"}}
DEBUG:root:sending {"dest": "n4", "src": "n5", "body": {"msg_id": 5, "type": "RequestVote", "term": 1, "prevLogIndex": 0, "lastLogTerm": 0, "candidateId": "n5"}}
DEBUG:root:sending {"dest": "n5", "src": "n5", "body": {"msg_id": 6, "type": "RequestVote", "term": 1, "prevLogIndex": 0, "lastLogTerm": 0, "candidateId": "n5"}}
DEBUG:root:received {"dest":"n5","src":"n3","body":{"msg_id":6,"type":"RequestVote","term":1,"prevLogIndex":0,"lastLogTerm":0,"candidateId":"n3"},"id":21}
DEBUG:root:received {"dest":"n5","src":"n2","body":{"msg_id":6,"type":"RequestVote","term":1,"prevLogIndex":0,"lastLogTerm":0,"candidateId":"n2"},"id":22}
DEBUG:root:received {"dest":"n5","src":"n4","body":{"msg_id":6,"type":"RequestVote","term":1,"prevLogIndex":0,"lastLogTerm":0,"candidateId":"n4"},"id":23}
DEBUG:root:sending {"dest": "n3", "src": "n5", "body": {"msg_id": 7, "in_reply_to": 6, "type": "RequestVoteRes", "term": 1, "res": true}}
DEBUG:root:sending {"dest": "n2", "src": "n5", "body": {"msg_id": 8, "in_reply_to": 6, "type": "RequestVoteRes", "term": 1, "res": false}}
DEBUG:root:sending {"dest": "n4", "src": "n5", "body": {"msg_id": 9, "in_reply_to": 6, "type": "RequestVoteRes", "term": 1, "res": false}}
DEBUG:root:received {"dest":"n5","src":"n5","body":{"msg_id":6,"type":"RequestVote","term":1,"prevLogIndex":0,"lastLogTerm":0,"candidateId":"n5"},"id":32}
DEBUG:root:received {"dest":"n5","src":"n2","body":{"msg_id":10,"in_reply_to":3,"type":"RequestVoteRes","term":1,"res":false},"id":39}
DEBUG:root:sending {"dest": "n5", "src": "n5", "body": {"msg_id": 10, "in_reply_to": 6, "type": "RequestVoteRes", "term": 1, "res": false}}
DEBUG:root:received {"dest":"n5","src":"n5","body":{"msg_id":10,"in_reply_to":6,"type":"RequestVoteRes","term":1,"res":false},"id":41}
DEBUG:root:received {"dest":"n5","src":"n4","body":{"msg_id":10,"in_reply_to":5,"type":"RequestVoteRes","term":1,"res":false},"id":43}
DEBUG:root:received {"dest":"n5","src":"n3","body":{"msg_id":10,"in_reply_to":4,"type":"RequestVoteRes","term":1,"res":false},"id":44}
DEBUG:root:received {"dest":"n5","src":"n3","body":{"msg_id":14,"type":"AppendEntries","term":1,"prevIndex":0,"prevTerm":0,"entries":[[["pass",null],0]],"commit":0},"id":48}
DEBUG:root:sending {"dest": "n3", "src": "n5", "body": {"msg_id": 11, "in_reply_to": 14, "type": "AppendEntriesRes", "res": true, "term": 1, "next": 1, "commit": 0}}
DEBUG:root:received {"dest":"n5","src":"n1","body":{"msg_id":5,"type":"AppendEntries","term":0,"prevIndex":0,"prevTerm":0,"entries":[[["pass",null],0]],"commit":0},"id":56}
DEBUG:root:sending {"dest": "n1", "src": "n5", "body": {"msg_id": 12, "in_reply_to": 5, "type": "AppendEntriesRes", "res": false, "term": 1}}
DEBUG:root:received {"dest":"n5","src":"n1","body":{"msg_id":9,"in_reply_to":2,"type":"RequestVoteRes","term":1,"res":false},"id":62}
DEBUG:root:received {"dest":"n5","src":"n1","body":{"msg_id":14,"type":"AppendEntries","term":1,"prevIndex":-1,"prevTerm":0,"entries":[[["pass",null],0]],"commit":0},"id":70}
DEBUG:root:sending {"dest": "n1", "src": "n5", "body": {"msg_id": 13, "in_reply_to": 14, "type": "AppendEntriesRes", "res": true, "term": 1, "next": 1, "commit": 0}}
DEBUG:root:received {"dest":"n5","src":"n3","body":{"msg_id":20,"type":"AppendEntries","term":1,"entries":[[["write",[1,1]],1]],"prevIndex":0,"prevTerm":0,"commit":0},"id":79}
DEBUG:root:sending {"dest": "n3", "src": "n5", "body": {"msg_id": 14, "in_reply_to": 20, "type": "AppendEntriesRes", "res": true, "term": 1, "next": 1, "commit": 0}}
Exception in thread Thread-1:
Traceback (most recent call last):
  File "/usr/lib/python3.10/threading.py", line 1009, in _bootstrap_inner
    self.run()
  File "/usr/lib/python3.10/threading.py", line 1371, in run
    self.function(*self.args, **self.kwargs)
TypeError: election_checker() missing 2 required positional arguments: 'min_time' and 'max_time'
DEBUG:root:received {"dest":"n5","body":{"key":1,"value":0,"type":"write","msg_id":1},"src":"c12","id":85}
DEBUG:root:sending {"dest": "c12", "src": "n5", "body": {"msg_id": 15, "in_reply_to": 1, "type": "error", "code": 11, "text": "Not Leader"}}
DEBUG:root:received {"dest":"n5","src":"n3","body":{"msg_id":24,"type":"AppendEntries","term":1,"prevIndex":0,"prevTerm":0,"entries":[[["pass",null],0],[["write",[1,1]],1]],"commit":0},"id":91}
DEBUG:root:sending {"dest": "n3", "src": "n5", "body": {"msg_id": 16, "in_reply_to": 24, "type": "AppendEntriesRes", "res": true, "term": 1, "next": 2, "commit": 1}}
DEBUG:root:received {"dest":"n5","src":"n1","body":{"msg_id":20,"type":"AppendEntries","term":1,"prevIndex":0,"prevTerm":0,"entries":[[["pass",null],0],[["write",[1,1]],1]],"commit":1},"id":98}
DEBUG:root:sending {"dest": "n1", "src": "n5", "body": {"msg_id": 17, "in_reply_to": 20, "type": "AppendEntriesRes", "res": true, "term": 1, "next": 2, "commit": 1}}
DEBUG:root:received {"dest":"n5","src":"n3","body":{"msg_id":29,"type":"AppendEntries","term":1,"prevIndex":1,"prevTerm":1,"entries":[[["pass",null],0],[["write",[1,1]],1]],"commit":1},"id":108}
DEBUG:root:sending {"dest": "n3", "src": "n5", "body": {"msg_id": 18, "in_reply_to": 29, "type": "AppendEntriesRes", "res": true, "term": 1, "next": 2, "commit": 1}}
DEBUG:root:received {"dest":"n5","body":{"key":0,"type":"read","msg_id":1},"src":"c14","id":113}
DEBUG:root:sending {"dest": "c14", "src": "n5", "body": {"msg_id": 19, "in_reply_to": 1, "type": "error", "code": 11, "text": "Not Leader"}}
DEBUG:root:received {"dest":"n5","src":"n1","body":{"msg_id":25,"type":"AppendEntries","term":1,"prevIndex":1,"prevTerm":1,"entries":[[["pass",null],0],[["write",[1,1]],1]],"commit":1},"id":118}
DEBUG:root:sending {"dest": "n1", "src": "n5", "body": {"msg_id": 20, "in_reply_to": 25, "type": "AppendEntriesRes", "res": true, "term": 1, "next": 2, "commit": 1}}
DEBUG:root:received {"dest":"n5","body":{"key":1,"value":0,"type":"write","msg_id":1},"src":"c15","id":123}
DEBUG:root:sending {"dest": "c15", "src": "n5", "body": {"msg_id": 21, "in_reply_to": 1, "type": "error", "code": 11, "text": "Not Leader"}}
DEBUG:root:received {"dest":"n5","src":"n3","body":{"msg_id":34,"type":"AppendEntries","term":1,"prevIndex":1,"prevTerm":1,"entries":[[["pass",null],0],[["write",[1,1]],1]],"commit":1},"id":128}
DEBUG:root:sending {"dest": "n3", "src": "n5", "body": {"msg_id": 22, "in_reply_to": 34, "type": "AppendEntriesRes", "res": true, "term": 1, "next": 2, "commit": 1}}
DEBUG:root:received {"dest":"n5","src":"n1","body":{"msg_id":30,"type":"AppendEntries","term":1,"prevIndex":1,"prevTerm":1,"entries":[[["pass",null],0],[["write",[1,1]],1]],"commit":1},"id":136}
DEBUG:root:sending {"dest": "n1", "src": "n5", "body": {"msg_id": 23, "in_reply_to": 30, "type": "AppendEntriesRes", "res": true, "term": 1, "next": 2, "commit": 1}}
DEBUG:root:received {"dest":"n5","src":"n1","body":{"msg_id":34,"type":"AppendEntries","term":1,"prevIndex":1,"prevTerm":1,"entries":[[["pass",null],0],[["write",[1,1]],1]],"commit":1},"id":146}
DEBUG:root:sending {"dest": "n1", "src": "n5", "body": {"msg_id": 24, "in_reply_to": 34, "type": "AppendEntriesRes", "res": true, "term": 1, "next": 2, "commit": 1}}
DEBUG:root:received {"dest":"n5","src":"n3","body":{"msg_id":40,"type":"AppendEntries","term":1,"prevIndex":1,"prevTerm":1,"entries":[[["pass",null],0],[["write",[1,1]],1]],"commit":1},"id":154}
DEBUG:root:sending {"dest": "n3", "src": "n5", "body": {"msg_id": 25, "in_reply_to": 40, "type": "AppendEntriesRes", "res": true, "term": 1, "next": 2, "commit": 1}}
DEBUG:root:received {"dest":"n5","src":"n3","body":{"msg_id":44,"type":"AppendEntries","term":1,"prevIndex":1,"prevTerm":1,"entries":[[["pass",null],0],[["write",[1,1]],1]],"commit":1},"id":164}
DEBUG:root:sending {"dest": "n3", "src": "n5", "body": {"msg_id": 26, "in_reply_to": 44, "type": "AppendEntriesRes", "res": true, "term": 1, "next": 2, "commit": 1}}
DEBUG:root:received {"dest":"n5","src":"n1","body":{"msg_id":40,"type":"AppendEntries","term":1,"prevIndex":1,"prevTerm":1,"entries":[[["pass",null],0],[["write",[1,1]],1]],"commit":1},"id":172}
DEBUG:root:sending {"dest": "n1", "src": "n5", "body": {"msg_id": 27, "in_reply_to": 40, "type": "AppendEntriesRes", "res": true, "term": 1, "next": 2, "commit": 1}}
DEBUG:root:received {"dest":"n5","body":{"key":1,"from":4,"to":4,"type":"cas","msg_id":2},"src":"c12","id":177}
DEBUG:root:sending {"dest": "c12", "src": "n5", "body": {"msg_id": 28, "in_reply_to": 2, "type": "error", "code": 11, "text": "Not Leader"}}
DEBUG:root:received {"dest":"n5","src":"n3","body":{"msg_id":49,"type":"AppendEntries","term":1,"entries":[[["write",[1,2]],1]],"prevIndex":1,"prevTerm":1,"commit":1},"id":183}
DEBUG:root:sending {"dest": "n3", "src": "n5", "body": {"msg_id": 29, "in_reply_to": 49, "type": "AppendEntriesRes", "res": true, "term": 1, "next": 1, "commit": 0}}
DEBUG:root:received {"dest":"n5","src":"n3","body":{"msg_id":53,"type":"AppendEntries","term":1,"prevIndex":0,"prevTerm":0,"entries":[[["pass",null],0],[["write",[1,1]],1],[["write",[1,2]],1]],"commit":1},"id":191}
WARNING:root:326
[[['write', [1, 2]], 1]]
0
0
n5

DEBUG:root:sending {"dest": "n3", "src": "n5", "body": {"msg_id": 30, "in_reply_to": 53, "type": "AppendEntriesRes", "res": true, "term": 1, "next": 1, "commit": 1}}
DEBUG:root:received {"dest":"n5","src":"n3","body":{"msg_id":57,"type":"AppendEntries","term":1,"prevIndex":0,"prevTerm":0,"entries":[[["pass",null],0],[["write",[1,1]],1],[["write",[1,2]],1]],"commit":1},"id":199}
DEBUG:root:sending {"dest": "n3", "src": "n5", "body": {"msg_id": 31, "in_reply_to": 57, "type": "AppendEntriesRes", "res": true, "term": 1, "next": 3, "commit": 2}}
