DEBUG:root:received {"dest":"n1","body":{"type":"init","node_id":"n1","node_ids":["n0","n1","n2","n3"],"msg_id":1},"src":"c1","id":1}
INFO:root:node n1 initialized
DEBUG:root:sending {"dest": "c1", "src": "n1", "body": {"msg_id": 1, "in_reply_to": 1, "type": "init_ok"}}
DEBUG:root:received {"dest":"n1","body":{"txn":[["r",7,null],["r",9,null],["append",6,1]],"type":"txn","msg_id":1},"src":"c8","id":8}
INFO:root:Sending msg to be replicated, destn0
DEBUG:root:sending {"dest": "n0", "src": "n1", "body": {"msg_id": 2, "type": "txnRep", "msg": {"dest": "n1", "body": {"txn": [["r", 7, null], ["r", 9, null], ["append", 6, 1]], "type": "txn", "msg_id": 1}, "src": "c8", "id": 8}}}
INFO:root:Sending msg to be replicated, destn2
DEBUG:root:sending {"dest": "n2", "src": "n1", "body": {"msg_id": 3, "type": "txnRep", "msg": {"dest": "n1", "body": {"txn": [["r", 7, null], ["r", 9, null], ["append", 6, 1]], "type": "txn", "msg_id": 1}, "src": "c8", "id": 8}}}
INFO:root:Sending msg to be replicated, destn3
DEBUG:root:sending {"dest": "n3", "src": "n1", "body": {"msg_id": 4, "type": "txnRep", "msg": {"dest": "n1", "body": {"txn": [["r", 7, null], ["r", 9, null], ["append", 6, 1]], "type": "txn", "msg_id": 1}, "src": "c8", "id": 8}}}
INFO:root:cehcking if we can commit the msg: 1
INFO:root:msgs{}
/home/peter/Documents/tf/lab4/cent.py:54: RuntimeWarning: coroutine 'commit' was never awaited
  commit(msg,db,og)
RuntimeWarning: Enable tracemalloc to get the object allocation traceback
INFO:root:cehcking if we can commit the msg: 2
INFO:root:msgs{}
DEBUG:root:received {"dest":"n1","src":"n0","body":{"msg_id":2,"type":"txnRep","msg":{"dest":"n0","body":{"txn":[["append",9,1],["append",9,2],["append",9,3]],"type":"txn","msg_id":1},"src":"c9","id":12}},"id":13}
INFO:root:cehcking if we can commit the msg: 2
INFO:root:msgs{1: (namespace(dest='n0', body=namespace(txn=[['append', 9, 1], ['append', 9, 2], ['append', 9, 3]], type='txn', msg_id=1), src='c9', id=12), False)}
DEBUG:root:received {"dest":"n1","src":"n3","body":{"msg_id":3,"type":"txnRep","msg":{"dest":"n3","body":{"txn":[["append",9,4],["r",8,null],["r",8,null],["r",8,null]],"type":"txn","msg_id":1},"src":"c10","id":16}},"id":18}
INFO:root:cehcking if we can commit the msg: 2
INFO:root:msgs{1: (namespace(dest='n3', body=namespace(txn=[['append', 9, 4], ['r', 8, None], ['r', 8, None], ['r', 8, None]], type='txn', msg_id=1), src='c10', id=16), False)}
DEBUG:root:received {"dest":"n1","src":"n2","body":{"msg_id":3,"type":"txnRep","msg":{"dest":"n2","body":{"txn":[["r",8,null],["r",9,null],["append",9,5]],"type":"txn","msg_id":1},"src":"c11","id":20}},"id":22}
INFO:root:cehcking if we can commit the msg: 2
INFO:root:msgs{1: (namespace(dest='n2', body=namespace(txn=[['r', 8, None], ['r', 9, None], ['append', 9, 5]], type='txn', msg_id=1), src='c11', id=20), False)}
