DEBUG:root:received {"dest":"n5","body":{"type":"init","node_id":"n5","node_ids":["n1","n2","n3","n4","n5"],"msg_id":1},"src":"c4","id":4}
INFO:root:node n5 initialized
DEBUG:root:sending {"dest": "c4", "src": "n5", "body": {"msg_id": 1, "in_reply_to": 1, "type": "init_ok"}}
DEBUG:root:sending {"dest": "n1", "src": "n5", "body": {"msg_id": 2, "type": "RequestVote", "term": 1, "prevLogIndex": 0, "lastLogTerm": 0, "candidateId": "n5"}}
DEBUG:root:sending {"dest": "n2", "src": "n5", "body": {"msg_id": 3, "type": "RequestVote", "term": 1, "prevLogIndex": 0, "lastLogTerm": 0, "candidateId": "n5"}}
DEBUG:root:sending {"dest": "n3", "src": "n5", "body": {"msg_id": 4, "type": "RequestVote", "term": 1, "prevLogIndex": 0, "lastLogTerm": 0, "candidateId": "n5"}}
DEBUG:root:sending {"dest": "n4", "src": "n5", "body": {"msg_id": 5, "type": "RequestVote", "term": 1, "prevLogIndex": 0, "lastLogTerm": 0, "candidateId": "n5"}}
DEBUG:root:sending {"dest": "n5", "src": "n5", "body": {"msg_id": 6, "type": "RequestVote", "term": 1, "prevLogIndex": 0, "lastLogTerm": 0, "candidateId": "n5"}}
DEBUG:root:received {"dest":"n5","src":"n3","body":{"msg_id":6,"type":"RequestVote","term":1,"prevLogIndex":0,"lastLogTerm":0,"candidateId":"n3"},"id":22}
DEBUG:root:received {"dest":"n5","src":"n4","body":{"msg_id":6,"type":"RequestVote","term":1,"prevLogIndex":0,"lastLogTerm":0,"candidateId":"n4"},"id":23}
DEBUG:root:received {"dest":"n5","src":"n5","body":{"msg_id":6,"type":"RequestVote","term":1,"prevLogIndex":0,"lastLogTerm":0,"candidateId":"n5"},"id":30}
DEBUG:root:sending {"dest": "n3", "src": "n5", "body": {"msg_id": 7, "in_reply_to": 6, "type": "RequestVoteRes", "term": 1, "res": false}}
DEBUG:root:sending {"dest": "n4", "src": "n5", "body": {"msg_id": 8, "in_reply_to": 6, "type": "RequestVoteRes", "term": 1, "res": false}}
DEBUG:root:sending {"dest": "n5", "src": "n5", "body": {"msg_id": 9, "in_reply_to": 6, "type": "RequestVoteRes", "term": 1, "res": false}}
DEBUG:root:received {"dest":"n5","src":"n3","body":{"msg_id":10,"in_reply_to":4,"type":"RequestVoteRes","term":1,"res":false},"id":32}
DEBUG:root:received {"dest":"n5","src":"n4","body":{"msg_id":9,"in_reply_to":5,"type":"RequestVoteRes","term":1,"res":false},"id":34}
DEBUG:root:received {"dest":"n5","src":"n2","body":{"msg_id":6,"type":"RequestVote","term":1,"prevLogIndex":0,"lastLogTerm":0,"candidateId":"n2"},"id":35}
DEBUG:root:received {"dest":"n5","src":"n5","body":{"msg_id":9,"in_reply_to":6,"type":"RequestVoteRes","term":1,"res":false},"id":42}
DEBUG:root:received {"dest":"n5","src":"n2","body":{"msg_id":10,"in_reply_to":3,"type":"RequestVoteRes","term":1,"res":false},"id":43}
DEBUG:root:sending {"dest": "n2", "src": "n5", "body": {"msg_id": 10, "in_reply_to": 6, "type": "RequestVoteRes", "term": 1, "res": false}}
DEBUG:root:received {"dest":"n5","src":"n1","body":{"msg_id":5,"type":"AppendEntries","term":0,"prevIndex":0,"prevTerm":0,"entries":[[["pass",null],0]],"commit":0},"id":50}
DEBUG:root:received {"dest":"n5","src":"n1","body":{"msg_id":8,"in_reply_to":2,"type":"RequestVoteRes","term":1,"res":false},"id":54}
DEBUG:root:sending {"dest": "n1", "src": "n5", "body": {"msg_id": 11, "in_reply_to": 5, "type": "AppendEntriesRes", "res": false, "term": 1}}
DEBUG:root:received {"dest":"n5","src":"n1","body":{"msg_id":12,"in_reply_to":11,"type":"error","code":11,"text":"Not Leader"},"id":60}
WARNING:root:unknown message type error
Exception in thread Thread-1:
Traceback (most recent call last):
  File "/usr/lib/python3.10/threading.py", line 1009, in _bootstrap_inner
    self.run()
  File "/usr/lib/python3.10/threading.py", line 1371, in run
    self.function(*self.args, **self.kwargs)
TypeError: election_checker() missing 2 required positional arguments: 'min_time' and 'max_time'
DEBUG:root:received {"dest":"n5","body":{"key":0,"type":"read","msg_id":1},"src":"c13","id":67}
DEBUG:root:sending {"dest": "c13", "src": "n5", "body": {"msg_id": 12, "in_reply_to": 1, "type": "error", "code": 11, "text": "Not Leader"}}
DEBUG:root:received {"dest":"n5","body":{"key":1,"value":3,"type":"write","msg_id":1},"src":"c21","id":103}
DEBUG:root:sending {"dest": "c21", "src": "n5", "body": {"msg_id": 13, "in_reply_to": 1, "type": "error", "code": 11, "text": "Not Leader"}}
