DEBUG:root:received {"dest":"n2","body":{"type":"init","node_id":"n2","node_ids":["n1","n2","n3","n4","n5"],"msg_id":1},"src":"c1","id":1}
INFO:root:node n2 initialized
DEBUG:root:sending {"dest": "c1", "src": "n2", "body": {"msg_id": 1, "in_reply_to": 1, "type": "init_ok"}}
DEBUG:root:received {"dest":"n2","src":"n1","body":{"msg_id":3,"type":"AppendEntries","term":0,"prevIndex":0,"prevTerm":0,"entries":[[["pass",null],0]],"commit":0},"id":11}
DEBUG:root:sending {"dest": "n1", "src": "n2", "body": {"msg_id": 2, "in_reply_to": 3, "type": "AppendEntriesRes", "res": true, "term": 0, "next": 2, "commit": 0}}
DEBUG:root:received {"dest":"n2","body":{"key":0,"type":"read","msg_id":1},"src":"c11","id":21}
DEBUG:root:sending {"dest": "c11", "src": "n2", "body": {"msg_id": 3, "in_reply_to": 1, "type": "error", "code": 11, "text": "Not Leader"}}
DEBUG:root:received {"dest":"n2","body":{"key":0,"type":"read","msg_id":2},"src":"c11","id":32}
DEBUG:root:sending {"dest": "c11", "src": "n2", "body": {"msg_id": 4, "in_reply_to": 2, "type": "error", "code": 11, "text": "Not Leader"}}
DEBUG:root:received {"dest":"n2","body":{"key":1,"value":0,"type":"write","msg_id":1},"src":"c19","id":41}
DEBUG:root:sending {"dest": "c19", "src": "n2", "body": {"msg_id": 5, "in_reply_to": 1, "type": "error", "code": 11, "text": "Not Leader"}}
DEBUG:root:received {"dest":"n2","body":{"key":1,"from":0,"to":1,"type":"cas","msg_id":1},"src":"c22","id":52}
DEBUG:root:sending {"dest": "c22", "src": "n2", "body": {"msg_id": 6, "in_reply_to": 1, "type": "error", "code": 11, "text": "Not Leader"}}
DEBUG:root:received {"dest":"n2","body":{"key":2,"from":1,"to":1,"type":"cas","msg_id":2},"src":"c19","id":64}
DEBUG:root:sending {"dest": "c19", "src": "n2", "body": {"msg_id": 7, "in_reply_to": 2, "type": "error", "code": 11, "text": "Not Leader"}}
DEBUG:root:received {"dest":"n2","body":{"key":2,"from":0,"to":1,"type":"cas","msg_id":2},"src":"c22","id":70}
DEBUG:root:sending {"dest": "c22", "src": "n2", "body": {"msg_id": 8, "in_reply_to": 2, "type": "error", "code": 11, "text": "Not Leader"}}
DEBUG:root:received {"dest":"n2","body":{"key":2,"value":2,"type":"write","msg_id":3},"src":"c19","id":72}
DEBUG:root:sending {"dest": "c19", "src": "n2", "body": {"msg_id": 9, "in_reply_to": 3, "type": "error", "code": 11, "text": "Not Leader"}}
DEBUG:root:received {"dest":"n2","body":{"key":2,"value":4,"type":"write","msg_id":3},"src":"c22","id":74}
DEBUG:root:sending {"dest": "c22", "src": "n2", "body": {"msg_id": 10, "in_reply_to": 3, "type": "error", "code": 11, "text": "Not Leader"}}
DEBUG:root:received {"dest":"n2","body":{"key":0,"value":0,"type":"write","msg_id":1},"src":"c26","id":78}
DEBUG:root:sending {"dest": "c26", "src": "n2", "body": {"msg_id": 11, "in_reply_to": 1, "type": "error", "code": 11, "text": "Not Leader"}}
DEBUG:root:received {"dest":"n2","body":{"key":3,"type":"read","msg_id":3},"src":"c11","id":88}
DEBUG:root:sending {"dest": "c11", "src": "n2", "body": {"msg_id": 12, "in_reply_to": 3, "type": "error", "code": 11, "text": "Not Leader"}}
DEBUG:root:received {"dest":"n2","body":{"key":2,"from":2,"to":1,"type":"cas","msg_id":4},"src":"c22","id":94}
DEBUG:root:sending {"dest": "c22", "src": "n2", "body": {"msg_id": 13, "in_reply_to": 4, "type": "error", "code": 11, "text": "Not Leader"}}
DEBUG:root:received {"dest":"n2","body":{"key":2,"value":1,"type":"write","msg_id":4},"src":"c19","id":100}
DEBUG:root:sending {"dest": "c19", "src": "n2", "body": {"msg_id": 14, "in_reply_to": 4, "type": "error", "code": 11, "text": "Not Leader"}}
DEBUG:root:received {"dest":"n2","body":{"key":3,"type":"read","msg_id":4},"src":"c11","id":110}
DEBUG:root:sending {"dest": "c11", "src": "n2", "body": {"msg_id": 15, "in_reply_to": 4, "type": "error", "code": 11, "text": "Not Leader"}}
