DEBUG:root:received {"dest":"n5","body":{"type":"init","node_id":"n5","node_ids":["n1","n2","n3","n4","n5"],"msg_id":1},"src":"c3","id":3}
INFO:root:node n5 initialized
DEBUG:root:sending {"dest": "c3", "src": "n5", "body": {"msg_id": 1, "in_reply_to": 1, "type": "init_ok"}}
DEBUG:root:received {"dest":"n5","src":"n1","body":{"msg_id":6,"type":"AppendEntries","term":0,"prevIndex":0,"prevTerm":0,"entries":[[["pass",null],0]],"commit":0},"id":15}
DEBUG:root:sending {"dest": "n1", "src": "n5", "body": {"msg_id": 2, "in_reply_to": 6, "type": "AppendEntriesRes", "res": true, "term": 0, "next": 2, "commit": 0}}
DEBUG:root:received {"dest":"n5","body":{"key":0,"from":2,"to":1,"type":"cas","msg_id":1},"src":"c12","id":23}
DEBUG:root:sending {"dest": "c12", "src": "n5", "body": {"msg_id": 3, "in_reply_to": 1, "type": "error", "code": 11, "text": "Not Leader"}}
DEBUG:root:received {"dest":"n5","body":{"key":0,"value":3,"type":"write","msg_id":2},"src":"c12","id":25}
DEBUG:root:sending {"dest": "c12", "src": "n5", "body": {"msg_id": 4, "in_reply_to": 2, "type": "error", "code": 11, "text": "Not Leader"}}
DEBUG:root:received {"dest":"n5","body":{"key":1,"from":2,"to":1,"type":"cas","msg_id":1},"src":"c13","id":27}
DEBUG:root:sending {"dest": "c13", "src": "n5", "body": {"msg_id": 5, "in_reply_to": 1, "type": "error", "code": 11, "text": "Not Leader"}}
DEBUG:root:received {"dest":"n5","body":{"key":1,"from":4,"to":4,"type":"cas","msg_id":2},"src":"c13","id":35}
DEBUG:root:sending {"dest": "c13", "src": "n5", "body": {"msg_id": 6, "in_reply_to": 2, "type": "error", "code": 11, "text": "Not Leader"}}
DEBUG:root:received {"dest":"n5","body":{"key":1,"from":4,"to":3,"type":"cas","msg_id":1},"src":"c20","id":46}
DEBUG:root:sending {"dest": "c20", "src": "n5", "body": {"msg_id": 7, "in_reply_to": 1, "type": "error", "code": 11, "text": "Not Leader"}}
DEBUG:root:received {"dest":"n5","body":{"key":0,"type":"read","msg_id":1},"src":"c23","id":54}
DEBUG:root:sending {"dest": "c23", "src": "n5", "body": {"msg_id": 8, "in_reply_to": 1, "type": "error", "code": 11, "text": "Not Leader"}}
DEBUG:root:received {"dest":"n5","body":{"key":0,"type":"read","msg_id":2},"src":"c23","id":60}
DEBUG:root:sending {"dest": "c23", "src": "n5", "body": {"msg_id": 9, "in_reply_to": 2, "type": "error", "code": 11, "text": "Not Leader"}}
DEBUG:root:received {"dest":"n5","body":{"key":0,"type":"read","msg_id":3},"src":"c23","id":62}
DEBUG:root:sending {"dest": "c23", "src": "n5", "body": {"msg_id": 10, "in_reply_to": 3, "type": "error", "code": 11, "text": "Not Leader"}}
DEBUG:root:received {"dest":"n5","body":{"key":2,"from":4,"to":4,"type":"cas","msg_id":2},"src":"c20","id":68}
DEBUG:root:sending {"dest": "c20", "src": "n5", "body": {"msg_id": 11, "in_reply_to": 2, "type": "error", "code": 11, "text": "Not Leader"}}
DEBUG:root:received {"dest":"n5","body":{"key":3,"type":"read","msg_id":4},"src":"c23","id":85}
DEBUG:root:sending {"dest": "c23", "src": "n5", "body": {"msg_id": 12, "in_reply_to": 4, "type": "error", "code": 11, "text": "Not Leader"}}
DEBUG:root:received {"dest":"n5","body":{"key":3,"value":0,"type":"write","msg_id":3},"src":"c12","id":90}
DEBUG:root:sending {"dest": "c12", "src": "n5", "body": {"msg_id": 13, "in_reply_to": 3, "type": "error", "code": 11, "text": "Not Leader"}}
DEBUG:root:received {"dest":"n5","body":{"key":2,"value":4,"type":"write","msg_id":3},"src":"c20","id":92}
DEBUG:root:sending {"dest": "c20", "src": "n5", "body": {"msg_id": 14, "in_reply_to": 3, "type": "error", "code": 11, "text": "Not Leader"}}
DEBUG:root:received {"dest":"n5","body":{"key":3,"type":"read","msg_id":5},"src":"c23","id":98}
DEBUG:root:sending {"dest": "c23", "src": "n5", "body": {"msg_id": 15, "in_reply_to": 5, "type": "error", "code": 11, "text": "Not Leader"}}
DEBUG:root:received {"dest":"n5","body":{"key":2,"value":0,"type":"write","msg_id":4},"src":"c20","id":105}
DEBUG:root:sending {"dest": "c20", "src": "n5", "body": {"msg_id": 16, "in_reply_to": 4, "type": "error", "code": 11, "text": "Not Leader"}}
