DEBUG:root:received {"dest":"n1","body":{"type":"init","node_id":"n1","node_ids":["n1","n2","n3","n4","n5"],"msg_id":1},"src":"c4","id":4}
INFO:root:node n1 initialized
DEBUG:root:sending {"dest": "c4", "src": "n1", "body": {"msg_id": 1, "in_reply_to": 1, "type": "init_ok"}}
DEBUG:root:received {"dest":"n1","src":"n2","body":{"msg_id":2,"type":"RequestVote","term":1,"prevLogIndex":2,"lastLogTerm":0,"candidateId":"n2"},"id":8}
DEBUG:root:received {"dest":"n1","src":"n4","body":{"msg_id":2,"type":"RequestVote","term":1,"prevLogIndex":2,"lastLogTerm":0,"candidateId":"n4"},"id":13}
DEBUG:root:received {"dest":"n1","src":"n3","body":{"msg_id":2,"type":"RequestVote","term":1,"prevLogIndex":2,"lastLogTerm":0,"candidateId":"n3"},"id":14}
DEBUG:root:received {"dest":"n1","src":"n5","body":{"msg_id":2,"type":"RequestVote","term":1,"prevLogIndex":2,"lastLogTerm":0,"candidateId":"n5"},"id":24}
DEBUG:root:sending {"dest": "n1", "src": "n1", "body": {"msg_id": 2, "type": "RequestVote", "term": 1, "prevLogIndex": 2, "lastLogTerm": 0, "candidateId": "n1"}}
DEBUG:root:sending {"dest": "n2", "src": "n1", "body": {"msg_id": 3, "type": "RequestVote", "term": 1, "prevLogIndex": 2, "lastLogTerm": 0, "candidateId": "n1"}}
DEBUG:root:sending {"dest": "n3", "src": "n1", "body": {"msg_id": 4, "type": "RequestVote", "term": 1, "prevLogIndex": 2, "lastLogTerm": 0, "candidateId": "n1"}}
DEBUG:root:sending {"dest": "n4", "src": "n1", "body": {"msg_id": 5, "type": "RequestVote", "term": 1, "prevLogIndex": 2, "lastLogTerm": 0, "candidateId": "n1"}}
DEBUG:root:sending {"dest": "n5", "src": "n1", "body": {"msg_id": 6, "type": "RequestVote", "term": 1, "prevLogIndex": 2, "lastLogTerm": 0, "candidateId": "n1"}}
/home/peter/Documents/tf/lab3/raft.py:137: DeprecationWarning: non-integer arguments to randrange() have been deprecated since Python 3.10 and will be removed in a subsequent version
  sec = random.randrange(min_time,max_time)
DEBUG:root:received {"dest":"n1","src":"n1","body":{"msg_id":2,"type":"RequestVote","term":1,"prevLogIndex":2,"lastLogTerm":0,"candidateId":"n1"},"id":30}
DEBUG:root:received {"dest":"n1","body":{"key":0,"from":3,"to":4,"type":"cas","msg_id":1},"src":"c11","id":37}
DEBUG:root:sending {"dest": "c11", "src": "n1", "body": {"msg_id": 7, "in_reply_to": 1, "type": "error", "code": 11}}
DEBUG:root:received {"dest":"n1","body":{"key":1,"from":0,"to":4,"type":"cas","msg_id":1},"src":"c13","id":41}
DEBUG:root:sending {"dest": "c13", "src": "n1", "body": {"msg_id": 8, "in_reply_to": 1, "type": "error", "code": 11}}
DEBUG:root:received {"dest":"n1","body":{"key":0,"type":"read","msg_id":1},"src":"c14","id":43}
DEBUG:root:sending {"dest": "c14", "src": "n1", "body": {"msg_id": 9, "in_reply_to": 1, "type": "error", "code": 11}}
DEBUG:root:received {"dest":"n1","body":{"key":0,"type":"read","msg_id":2},"src":"c14","id":51}
DEBUG:root:sending {"dest": "c14", "src": "n1", "body": {"msg_id": 10, "in_reply_to": 2, "type": "error", "code": 11}}
