DEBUG:root:received {"dest":"n1","body":{"type":"init","node_id":"n1","node_ids":["n0","n1","n2","n3"],"msg_id":1},"src":"c2","id":2}
INFO:root:node n1 initialized
DEBUG:root:sending {"dest": "c2", "src": "n1", "body": {"msg_id": 1, "in_reply_to": 1, "type": "init_ok"}}
DEBUG:root:received {"dest":"n1","body":{"txn":[["append",8,1],["append",8,2],["r",7,null],["append",7,1]],"type":"txn","msg_id":1},"src":"c8","id":8}
INFO:root:executing txn
DEBUG:root:c8-1: locking 7
DEBUG:root:c8-1: locking 8
DEBUG:root:c8-1: appending to 8: 1
DEBUG:root:c8-1: appending to 8: 2
DEBUG:root:c8-1: reading 7
DEBUG:root:c8-1: appending to 7: 1
DEBUG:root:c8-1: updating 7: [1]
DEBUG:root:c8-1: updating 8: [1, 2]
DEBUG:root:sending {"dest": "c8", "src": "n1", "body": {"msg_id": 2, "in_reply_to": 1, "type": "txn_ok", "txn": [["append", 8, 1], ["append", 8, 2], ["r", 7, null], ["append", 7, 1]]}}
ERROR:asyncio:Task exception was never retrieved
future: <Task finished name='Task-3' coro=<handle() done, defined at /home/peter/Documents/tf/lab4/cent.py:13> exception=TypeError("'types.SimpleNamespace' object is not callable")>
Traceback (most recent call last):
  File "/home/peter/Documents/tf/lab4/cent.py", line 36, in handle
    msg(node, type='txnReplication',txn=msg.body.txn, originalid=msg.body.msg_id)
TypeError: 'types.SimpleNamespace' object is not callable
DEBUG:root:received {"dest":"n1","body":{"txn":[["r",9,null],["r",9,null]],"type":"txn","msg_id":2},"src":"c8","id":10}
INFO:root:executing txn
DEBUG:root:c8-2: locking 9
DEBUG:root:c8-2: reading 9
DEBUG:root:c8-2: reading 9
DEBUG:root:sending {"dest": "c8", "src": "n1", "body": {"msg_id": 3, "in_reply_to": 2, "type": "txn_ok", "txn": [["r", 9, null], ["r", 9, null]]}}
ERROR:asyncio:Task exception was never retrieved
future: <Task finished name='Task-4' coro=<handle() done, defined at /home/peter/Documents/tf/lab4/cent.py:13> exception=TypeError("'types.SimpleNamespace' object is not callable")>
Traceback (most recent call last):
  File "/home/peter/Documents/tf/lab4/cent.py", line 36, in handle
    msg(node, type='txnReplication',txn=msg.body.txn, originalid=msg.body.msg_id)
TypeError: 'types.SimpleNamespace' object is not callable
