2022-05-01 20:56:46,394{GMT}	INFO	[jepsen test runner] jepsen.core: Test version 9d8335254928801a78e4e56f8c438d06a68b66d5 (plus uncommitted changes)
2022-05-01 20:56:46,395{GMT}	INFO	[jepsen test runner] jepsen.core: Command line:
lein run test --workload lin-kv --bin raft.py --time-limit 10 --concurrency 4n
2022-05-01 20:56:46,462{GMT}	INFO	[jepsen test runner] jepsen.core: Running test:
{:remote #jepsen.control.SSHRemote{:session nil}
 :log-net-send false
 :node-count nil
 :max-txn-length 4
 :concurrency 20
 :db
 #object[maelstrom.db$db$reify__16747
         "0x3a5812dc"
         "maelstrom.db$db$reify__16747@3a5812dc"]
 :max-writes-per-key 16
 :leave-db-running? false
 :name "lin-kv"
 :logging-json? false
 :net-journal #object[clojure.lang.Atom "0x1b9075c9" {:status :ready, :val []}]
 :start-time
 #object[org.joda.time.DateTime "0x75be6796" "2022-05-01T20:56:46.000+01:00"]
 :nemesis-interval 10
 :net
 #object[maelstrom.net$jepsen_adapter$reify__15560
         "0xce24a98"
         "maelstrom.net$jepsen_adapter$reify__15560@ce24a98"]
 :client
 #object[maelstrom.workload.lin_kv$client$reify__17524
         "0x496101d1"
         "maelstrom.workload.lin_kv$client$reify__17524@496101d1"]
 :barrier
 #object[java.util.concurrent.CyclicBarrier
         "0x19858f26"
         "java.util.concurrent.CyclicBarrier@19858f26"]
 :log-stderr false
 :pure-generators true
 :ssh {:dummy? true}
 :rate 5
 :checker
 #object[jepsen.checker$compose$reify__8612
         "0x4c14ed24"
         "jepsen.checker$compose$reify__8612@4c14ed24"]
 :argv
 ("test"
  "--workload"
  "lin-kv"
  "--bin"
  "raft.py"
  "--time-limit"
  "10"
  "--concurrency"
  "4n")
 :nemesis
 (jepsen.nemesis.ReflCompose
  {:fm {:start-partition 0,
        :stop-partition 0,
        :kill 1,
        :start 1,
        :pause 1,
        :resume 1},
   :nemeses [#unprintable "jepsen.nemesis.combined$partition_nemesis$reify__17019@523cc8b4"
             #unprintable "jepsen.nemesis.combined$db_nemesis$reify__17000@139224ab"]})
 :active-histories
 #object[clojure.lang.Atom "0x26db7540" {:status :ready, :val #{}}]
 :nodes ["n1" "n2" "n3" "n4" "n5"]
 :test-count 1
 :latency {:mean 0, :dist :constant}
 :bin "raft.py"
 :generator
 (jepsen.generator.TimeLimit
  {:limit 10000000000,
   :cutoff nil,
   :gen (jepsen.generator.Any
         {:gens [(jepsen.generator.OnThreads {:f #{:nemesis}, :gen nil})
                 (jepsen.generator.OnThreads
                  {:f #object[clojure.core$complement$fn__5654
                              "0x1bc6a43c"
                              "clojure.core$complement$fn__5654@1bc6a43c"],
                   :gen (jepsen.generator.Stagger
                         {:dt 400000000,
                          :next-time nil,
                          :gen (jepsen.generator.OnThreads
                                {:f #object[clojure.core$complement$fn__5654
                                            "0x5f3fa154"
                                            "clojure.core$complement$fn__5654@5f3fa154"],
                                 :gen (jepsen.independent.ConcurrentGenerator
                                       {:n 10,
                                        :fgen #object[jepsen.tests.linearizable_register$test$fn__17324
                                                      "0x6193340e"
                                                      "jepsen.tests.linearizable_register$test$fn__17324@6193340e"],
                                        :group->threads nil,
                                        :thread->group nil,
                                        :keys (0 1 2 3 4 5 6 7 ...),
                                        :gens nil})})})})]})})
 :log-net-recv false
 :os
 #object[jepsen.os$reify__2490 "0x158774d3" "jepsen.os$reify__2490@158774d3"]
 :time-limit 10
 :workload :lin-kv
 :consistency-models [:strict-serializable]
 :topology :grid}

2022-05-01 20:56:46,483{GMT}	INFO	[jepsen test runner] jepsen.db: Tearing down DB
2022-05-01 20:56:46,486{GMT}	INFO	[jepsen test runner] jepsen.db: Setting up DB
2022-05-01 20:56:46,487{GMT}	INFO	[jepsen node n4] maelstrom.db: Setting up n4
2022-05-01 20:56:46,487{GMT}	INFO	[jepsen node n3] maelstrom.db: Setting up n3
2022-05-01 20:56:46,487{GMT}	INFO	[jepsen node n2] maelstrom.db: Setting up n2
2022-05-01 20:56:46,490{GMT}	INFO	[jepsen node n3] maelstrom.process: launching raft.py nil
2022-05-01 20:56:46,487{GMT}	INFO	[jepsen node n5] maelstrom.db: Setting up n5
2022-05-01 20:56:46,490{GMT}	INFO	[jepsen node n4] maelstrom.process: launching raft.py nil
2022-05-01 20:56:46,490{GMT}	INFO	[jepsen node n2] maelstrom.process: launching raft.py nil
2022-05-01 20:56:46,490{GMT}	INFO	[jepsen node n5] maelstrom.process: launching raft.py nil
2022-05-01 20:56:46,492{GMT}	INFO	[jepsen node n1] maelstrom.service: Starting services: (lin-kv lin-tso lww-kv seq-kv)
2022-05-01 20:56:46,493{GMT}	INFO	[jepsen node n1] maelstrom.db: Setting up n1
2022-05-01 20:56:46,494{GMT}	INFO	[jepsen node n1] maelstrom.process: launching raft.py nil
2022-05-01 20:56:46,552{GMT}	INFO	[jepsen test runner] jepsen.core: Relative time begins now
2022-05-01 20:56:46,578{GMT}	INFO	[jepsen worker 9] jepsen.util: 9	:invoke	:cas	[0 [0 0]]
2022-05-01 20:56:46,583{GMT}	INFO	[jepsen worker 9] jepsen.util: 9	:info	:cas	[0 [0 0]]	[:unknown "Not Leader"]
2022-05-01 20:56:46,583{GMT}	INFO	[jepsen worker 5] jepsen.util: 5	:invoke	:write	[0 2]
2022-05-01 20:56:46,676{GMT}	INFO	[jepsen worker 0] jepsen.util: 0	:invoke	:read	[0 nil]
2022-05-01 20:56:46,950{GMT}	INFO	[jepsen worker 14] jepsen.util: 14	:invoke	:write	[1 1]
2022-05-01 20:56:47,122{GMT}	INFO	[jepsen worker 17] jepsen.util: 17	:invoke	:cas	[1 [4 1]]
2022-05-01 20:56:47,420{GMT}	INFO	[jepsen worker 3] jepsen.util: 3	:invoke	:read	[0 nil]
2022-05-01 20:56:47,461{GMT}	INFO	[jepsen worker 18] jepsen.util: 18	:invoke	:cas	[1 [2 2]]
2022-05-01 20:56:47,584{GMT}	INFO	[jepsen worker 5] jepsen.util: 5	:info	:write	[0 2]	:net-timeout
2022-05-01 20:56:47,665{GMT}	INFO	[jepsen worker 5] jepsen.util: 25	:invoke	:cas	[0 [2 1]]
2022-05-01 20:56:47,677{GMT}	INFO	[jepsen worker 0] jepsen.util: 0	:fail	:read	[0 nil]	:net-timeout
2022-05-01 20:56:47,968{GMT}	INFO	[jepsen worker 14] jepsen.util: 14	:info	:write	[1 1]	:net-timeout
2022-05-01 20:56:48,058{GMT}	INFO	[jepsen worker 14] jepsen.util: 34	:invoke	:cas	[1 [4 1]]
2022-05-01 20:56:48,125{GMT}	INFO	[jepsen worker 17] jepsen.util: 17	:info	:cas	[1 [4 1]]	:net-timeout
2022-05-01 20:56:48,233{GMT}	INFO	[jepsen worker 9] jepsen.util: 29	:invoke	:cas	[0 [0 4]]
2022-05-01 20:56:48,242{GMT}	INFO	[jepsen worker 19] jepsen.util: 19	:invoke	:cas	[1 [2 2]]
2022-05-01 20:56:48,243{GMT}	INFO	[jepsen worker 6] jepsen.util: 6	:invoke	:cas	[0 [2 4]]
2022-05-01 20:56:48,316{GMT}	INFO	[jepsen worker 12] jepsen.util: 12	:invoke	:cas	[1 [2 3]]
2022-05-01 20:56:48,451{GMT}	INFO	[jepsen worker 3] jepsen.util: 3	:fail	:read	[0 nil]	:net-timeout
2022-05-01 20:56:48,465{GMT}	INFO	[jepsen worker 18] jepsen.util: 18	:info	:cas	[1 [2 2]]	:net-timeout
2022-05-01 20:56:48,636{GMT}	INFO	[jepsen worker 8] jepsen.util: 8	:invoke	:write	[0 3]
2022-05-01 20:56:48,666{GMT}	INFO	[jepsen worker 5] jepsen.util: 25	:info	:cas	[0 [2 1]]	:net-timeout
2022-05-01 20:56:48,668{GMT}	INFO	[jepsen worker 0] jepsen.util: 0	:invoke	:read	[0 nil]
2022-05-01 20:56:48,734{GMT}	INFO	[jepsen worker 15] jepsen.util: 15	:invoke	:cas	[1 [4 2]]
2022-05-01 20:56:49,059{GMT}	INFO	[jepsen worker 14] jepsen.util: 34	:info	:cas	[1 [4 1]]	:net-timeout
2022-05-01 20:56:49,133{GMT}	INFO	[jepsen worker 7] jepsen.util: 7	:invoke	:write	[0 2]
2022-05-01 20:56:49,234{GMT}	INFO	[jepsen worker 9] jepsen.util: 29	:info	:cas	[0 [0 4]]	:net-timeout
2022-05-01 20:56:49,242{GMT}	INFO	[jepsen worker 6] jepsen.util: 6	:info	:cas	[0 [2 4]]	:net-timeout
2022-05-01 20:56:49,243{GMT}	INFO	[jepsen worker 19] jepsen.util: 19	:info	:cas	[1 [2 2]]	:net-timeout
2022-05-01 20:56:49,317{GMT}	INFO	[jepsen worker 12] jepsen.util: 12	:info	:cas	[1 [2 3]]	:net-timeout
2022-05-01 20:56:49,459{GMT}	INFO	[jepsen worker 10] jepsen.util: 10	:invoke	:cas	[1 [2 3]]
2022-05-01 20:56:49,636{GMT}	INFO	[jepsen worker 8] jepsen.util: 8	:info	:write	[0 3]	:net-timeout
2022-05-01 20:56:49,680{GMT}	INFO	[jepsen worker 0] jepsen.util: 0	:fail	:read	[0 nil]	:net-timeout
2022-05-01 20:56:49,735{GMT}	INFO	[jepsen worker 15] jepsen.util: 15	:info	:cas	[1 [4 2]]	:net-timeout
2022-05-01 20:56:49,759{GMT}	INFO	[jepsen worker 8] jepsen.util: 28	:invoke	:cas	[0 [3 1]]
2022-05-01 20:56:50,022{GMT}	INFO	[jepsen worker 15] jepsen.util: 35	:invoke	:cas	[1 [3 0]]
2022-05-01 20:56:50,134{GMT}	INFO	[jepsen worker 7] jepsen.util: 7	:info	:write	[0 2]	:net-timeout
2022-05-01 20:56:50,169{GMT}	INFO	[jepsen worker 13] jepsen.util: 13	:invoke	:cas	[1 [1 1]]
2022-05-01 20:56:50,275{GMT}	INFO	[jepsen worker 14] jepsen.util: 54	:invoke	:write	[1 4]
2022-05-01 20:56:50,304{GMT}	INFO	[jepsen worker 5] jepsen.util: 45	:invoke	:cas	[0 [3 1]]
2022-05-01 20:56:50,461{GMT}	INFO	[jepsen worker 10] jepsen.util: 10	:info	:cas	[1 [2 3]]	:net-timeout
2022-05-01 20:56:50,702{GMT}	INFO	[jepsen worker 10] jepsen.util: 30	:invoke	:cas	[1 [3 1]]
2022-05-01 20:56:50,759{GMT}	INFO	[jepsen worker 8] jepsen.util: 28	:info	:cas	[0 [3 1]]	:net-timeout
2022-05-01 20:56:51,023{GMT}	INFO	[jepsen worker 15] jepsen.util: 35	:info	:cas	[1 [3 0]]	:net-timeout
2022-05-01 20:56:51,031{GMT}	INFO	[jepsen worker 6] jepsen.util: 26	:invoke	:write	[0 2]
2022-05-01 20:56:51,169{GMT}	INFO	[jepsen worker 13] jepsen.util: 13	:info	:cas	[1 [1 1]]	:net-timeout
2022-05-01 20:56:51,231{GMT}	INFO	[jepsen worker 18] jepsen.util: 38	:invoke	:cas	[1 [1 4]]
2022-05-01 20:56:51,275{GMT}	INFO	[jepsen worker 14] jepsen.util: 54	:info	:write	[1 4]	:net-timeout
2022-05-01 20:56:51,305{GMT}	INFO	[jepsen worker 5] jepsen.util: 45	:info	:cas	[0 [3 1]]	:net-timeout
2022-05-01 20:56:51,397{GMT}	INFO	[jepsen worker 8] jepsen.util: 48	:invoke	:cas	[0 [4 1]]
2022-05-01 20:56:51,653{GMT}	INFO	[jepsen worker 12] jepsen.util: 32	:invoke	:cas	[2 [0 2]]
2022-05-01 20:56:51,702{GMT}	INFO	[jepsen worker 10] jepsen.util: 30	:info	:cas	[1 [3 1]]	:net-timeout
2022-05-01 20:56:51,869{GMT}	INFO	[jepsen worker 4] jepsen.util: 4	:invoke	:read	[0 nil]
2022-05-01 20:56:52,031{GMT}	INFO	[jepsen worker 6] jepsen.util: 26	:info	:write	[0 2]	:net-timeout
2022-05-01 20:56:52,204{GMT}	INFO	[jepsen worker 10] jepsen.util: 50	:invoke	:cas	[2 [3 3]]
2022-05-01 20:56:52,232{GMT}	INFO	[jepsen worker 18] jepsen.util: 38	:info	:cas	[1 [1 4]]	:net-timeout
2022-05-01 20:56:52,398{GMT}	INFO	[jepsen worker 8] jepsen.util: 48	:info	:cas	[0 [4 1]]	:net-timeout
2022-05-01 20:56:52,400{GMT}	INFO	[jepsen worker 1] jepsen.util: 1	:invoke	:read	[3 nil]
2022-05-01 20:56:52,601{GMT}	INFO	[jepsen worker 16] jepsen.util: 16	:invoke	:cas	[2 [1 4]]
2022-05-01 20:56:52,653{GMT}	INFO	[jepsen worker 12] jepsen.util: 32	:info	:cas	[2 [0 2]]	:net-timeout
2022-05-01 20:56:52,870{GMT}	INFO	[jepsen worker 4] jepsen.util: 4	:fail	:read	[0 nil]	:net-timeout
2022-05-01 20:56:52,918{GMT}	INFO	[jepsen worker 19] jepsen.util: 39	:invoke	:write	[2 3]
2022-05-01 20:56:53,033{GMT}	INFO	[jepsen worker 12] jepsen.util: 52	:invoke	:cas	[2 [4 0]]
2022-05-01 20:56:53,171{GMT}	INFO	[jepsen worker 4] jepsen.util: 4	:invoke	:read	[3 nil]
2022-05-01 20:56:53,204{GMT}	INFO	[jepsen worker 10] jepsen.util: 50	:info	:cas	[2 [3 3]]	:net-timeout
2022-05-01 20:56:53,278{GMT}	INFO	[jepsen worker 14] jepsen.util: 74	:invoke	:write	[2 0]
2022-05-01 20:56:53,401{GMT}	INFO	[jepsen worker 1] jepsen.util: 1	:fail	:read	[3 nil]	:net-timeout
2022-05-01 20:56:53,405{GMT}	INFO	[jepsen worker 2] jepsen.util: 2	:invoke	:read	[3 nil]
2022-05-01 20:56:53,610{GMT}	INFO	[jepsen worker 16] jepsen.util: 16	:info	:cas	[2 [1 4]]	:net-timeout
2022-05-01 20:56:53,795{GMT}	INFO	[jepsen worker 16] jepsen.util: 36	:invoke	:cas	[2 [0 3]]
2022-05-01 20:56:53,919{GMT}	INFO	[jepsen worker 19] jepsen.util: 39	:info	:write	[2 3]	:net-timeout
2022-05-01 20:56:53,949{GMT}	INFO	[jepsen worker 13] jepsen.util: 33	:invoke	:cas	[2 [2 4]]
2022-05-01 20:56:54,059{GMT}	INFO	[jepsen worker 12] jepsen.util: 52	:info	:cas	[2 [4 0]]	:net-timeout
2022-05-01 20:56:54,171{GMT}	INFO	[jepsen worker 4] jepsen.util: 4	:fail	:read	[3 nil]	:net-timeout
2022-05-01 20:56:54,278{GMT}	INFO	[jepsen worker 14] jepsen.util: 74	:info	:write	[2 0]	:net-timeout
2022-05-01 20:56:54,293{GMT}	INFO	[jepsen worker 15] jepsen.util: 55	:invoke	:write	[2 4]
2022-05-01 20:56:54,405{GMT}	INFO	[jepsen worker 2] jepsen.util: 2	:fail	:read	[3 nil]	:net-timeout
2022-05-01 20:56:54,646{GMT}	INFO	[jepsen worker 12] jepsen.util: 72	:invoke	:write	[2 1]
2022-05-01 20:56:54,795{GMT}	INFO	[jepsen worker 16] jepsen.util: 36	:info	:cas	[2 [0 3]]	:net-timeout
2022-05-01 20:56:54,848{GMT}	INFO	[jepsen worker 10] jepsen.util: 70	:invoke	:write	[2 4]
2022-05-01 20:56:54,956{GMT}	INFO	[jepsen worker 13] jepsen.util: 33	:info	:cas	[2 [2 4]]	:net-timeout
2022-05-01 20:56:55,236{GMT}	INFO	[jepsen worker 5] jepsen.util: 65	:invoke	:write	[3 1]
2022-05-01 20:56:55,293{GMT}	INFO	[jepsen worker 15] jepsen.util: 55	:info	:write	[2 4]	:net-timeout
2022-05-01 20:56:55,576{GMT}	INFO	[jepsen worker 18] jepsen.util: 58	:invoke	:cas	[4 [0 1]]
2022-05-01 20:56:55,588{GMT}	INFO	[jepsen worker 1] jepsen.util: 1	:invoke	:read	[3 nil]
2022-05-01 20:56:55,647{GMT}	INFO	[jepsen worker 12] jepsen.util: 72	:info	:write	[2 1]	:net-timeout
2022-05-01 20:56:55,848{GMT}	INFO	[jepsen worker 10] jepsen.util: 70	:info	:write	[2 4]	:net-timeout
2022-05-01 20:56:55,905{GMT}	INFO	[jepsen worker 13] jepsen.util: 53	:invoke	:write	[4 4]
2022-05-01 20:56:56,060{GMT}	INFO	[jepsen worker 16] jepsen.util: 56	:invoke	:cas	[4 [1 3]]
2022-05-01 20:56:56,237{GMT}	INFO	[jepsen worker 5] jepsen.util: 65	:info	:write	[3 1]	:net-timeout
2022-05-01 20:56:56,248{GMT}	INFO	[jepsen worker 12] jepsen.util: 92	:invoke	:write	[4 4]
2022-05-01 20:56:56,393{GMT}	INFO	[jepsen worker 7] jepsen.util: 27	:invoke	:cas	[3 [1 4]]
2022-05-01 20:56:56,576{GMT}	INFO	[jepsen worker 18] jepsen.util: 58	:info	:cas	[4 [0 1]]	:net-timeout
2022-05-01 20:56:56,588{GMT}	INFO	[jepsen worker 1] jepsen.util: 1	:fail	:read	[3 nil]	:net-timeout
2022-05-01 20:56:56,905{GMT}	INFO	[jepsen worker 13] jepsen.util: 53	:info	:write	[4 4]	:net-timeout
2022-05-01 20:56:57,060{GMT}	INFO	[jepsen worker 16] jepsen.util: 56	:info	:cas	[4 [1 3]]	:net-timeout
2022-05-01 20:56:57,248{GMT}	INFO	[jepsen worker 12] jepsen.util: 92	:info	:write	[4 4]	:net-timeout
2022-05-01 20:56:57,394{GMT}	INFO	[jepsen worker 7] jepsen.util: 27	:info	:cas	[3 [1 4]]	:net-timeout
2022-05-01 20:56:57,443{GMT}	INFO	[jepsen node n1] maelstrom.db: Tearing down n1
2022-05-01 20:56:57,451{GMT}	INFO	[jepsen node n2] maelstrom.db: Tearing down n2
2022-05-01 20:56:57,452{GMT}	INFO	[jepsen node n3] maelstrom.db: Tearing down n3
2022-05-01 20:56:57,452{GMT}	INFO	[jepsen node n4] maelstrom.db: Tearing down n4
2022-05-01 20:56:57,452{GMT}	INFO	[jepsen node n5] maelstrom.db: Tearing down n5
2022-05-01 20:56:57,930{GMT}	WARN	[main] jepsen.core: Test crashed!
clojure.lang.ExceptionInfo: Node n4 crashed with exit status 1. Before crashing, it wrote to STDOUT:

{"dest": "c2", "src": "n4", "body": {"msg_id": 1, "in_reply_to": 1, "type": "init_ok"}}
{"dest": "n1", "src": "n4", "body": {"msg_id": 2, "in_reply_to": 5, "type": "AppendEntriesRes", "res": true, "term": 0, "next": 2, "commit": 0}}
{"dest": "n1", "src": "n4", "body": {"msg_id": 3, "in_reply_to": 10, "type": "AppendEntriesRes", "res": true, "term": 0, "next": 3, "commit": 0}}

And to STDERR:

DEBUG:root:received {"dest":"n4","body":{"type":"init","node_id":"n4","node_ids":["n1","n2","n3","n4","n5"],"msg_id":1},"src":"c2","id":2}
INFO:root:node n4 initialized
DEBUG:root:sending {"dest": "c2", "src": "n4", "body": {"msg_id": 1, "in_reply_to": 1, "type": "init_ok"}}
DEBUG:root:received {"dest":"n4","src":"n1","body":{"msg_id":5,"type":"AppendEntries","term":0,"prevIndex":0,"prevTerm":0,"entries":[[["pass",null],0]],"commit":0},"id":13}
DEBUG:root:sending {"dest": "n1", "src": "n4", "body": {"msg_id": 2, "in_reply_to": 5, "type": "AppendEntriesRes", "res": true, "term": 0, "next": 2, "commit": 0}}
DEBUG:root:received {"dest":"n4","src":"n1","body":{"msg_id":10,"type":"AppendEntries","term":0,"entries":[[["write",[0,2]],0]],"prevIndex":1,"prevTerm":0,"commit":0},"id":26}
DEBUG:root:sending {"dest": "n1", "src": "n4", "body": {"msg_id": 3, "in_reply_to": 10, "type": "AppendEntriesRes", "res": true, "term": 0, "next": 3, "commit": 0}}
DEBUG:root:received {"dest":"n4","src":"n1","body":{"msg_id":15,"type":"AppendEntries","term":0,"prevIndex":2,"prevTerm":0,"entries":[[["pass",null],0],[["pass",null],0],[["write",[0,2]],0]],"commit":0},"id":34}
ERROR:root:fatal exception in handler
Traceback (most recent call last):
  File "/home/peter/Documents/tf/lab3/ms.py", line 27, in exitOnError
    fn(*args)
  File "/home/peter/Documents/tf/lab3/raft.py", line 302, in handle
    if len(log)-1<=msg.body.prevIndex+i and log[msg.body.prevIndex+i][1]!=msg.body.entries[i-1][1]:
IndexError: list index out of range

Full STDERR logs are available in /home/peter/Documents/tf/lab3/store/lin-kv/20220501T205646.000+0100/node-logs/n4.log
	at slingshot.support$stack_trace.invoke(support.clj:201)
	at maelstrom.process$stop_node_BANG_.invokeStatic(process.clj:239)
	at maelstrom.process$stop_node_BANG_.invoke(process.clj:217)
	at maelstrom.db$db$reify__16747.teardown_BANG_(db.clj:75)
	at jepsen.db$fn__3285$G__3281__3289.invoke(db.clj:11)
	at jepsen.db$fn__3285$G__3280__3294.invoke(db.clj:11)
	at clojure.core$partial$fn__5824.invoke(core.clj:2625)
	at jepsen.control$on_nodes$fn__3165.invoke(control.clj:452)
	at clojure.lang.AFn.applyToHelper(AFn.java:154)
	at clojure.lang.AFn.applyTo(AFn.java:144)
	at clojure.core$apply.invokeStatic(core.clj:665)
	at clojure.core$with_bindings_STAR_.invokeStatic(core.clj:1973)
	at clojure.core$with_bindings_STAR_.doInvoke(core.clj:1973)
	at clojure.lang.RestFn.applyTo(RestFn.java:142)
	at clojure.core$apply.invokeStatic(core.clj:669)
	at clojure.core$bound_fn_STAR_$fn__5734.doInvoke(core.clj:2003)
	at clojure.lang.RestFn.invoke(RestFn.java:408)
	at dom_top.core$real_pmap_helper$build_thread__213$fn__214.invoke(core.clj:146)
	at clojure.lang.AFn.applyToHelper(AFn.java:152)
	at clojure.lang.AFn.applyTo(AFn.java:144)
	at clojure.core$apply.invokeStatic(core.clj:665)
	at clojure.core$with_bindings_STAR_.invokeStatic(core.clj:1973)
	at clojure.core$with_bindings_STAR_.doInvoke(core.clj:1973)
	at clojure.lang.RestFn.invoke(RestFn.java:425)
	at clojure.lang.AFn.applyToHelper(AFn.java:156)
	at clojure.lang.RestFn.applyTo(RestFn.java:132)
	at clojure.core$apply.invokeStatic(core.clj:669)
	at clojure.core$bound_fn_STAR_$fn__5734.doInvoke(core.clj:2003)
	at clojure.lang.RestFn.invoke(RestFn.java:397)
	at clojure.lang.AFn.run(AFn.java:22)
	at java.base/java.lang.Thread.run(Thread.java:829)
