DEBUG:root:received {"dest":"n1","body":{"type":"init","node_id":"n1","node_ids":["n1","n2","n3","n4","n5"],"msg_id":1},"src":"c4","id":4}
INFO:root:node n1 initialized
DEBUG:root:sending {"dest": "c4", "src": "n1", "body": {"msg_id": 1, "in_reply_to": 1, "type": "init_ok"}}
INFO:root:became leader
log
[(('pass', None), 0)]
match index
{'n1': 0, 'n2': 0, 'n3': 0, 'n4': 0, 'n5': 0}

INFO:root:vote ended, new leader is
n1

INFO:root:sending HB

INFO:root:HBdest
n2
nextIndex
{'n1': 1, 'n2': 1, 'n3': 1, 'n4': 1, 'n5': 1}
log
[(('pass', None), 0)]

DEBUG:root:sending {"dest": "n2", "src": "n1", "body": {"msg_id": 2, "type": "AppendEntries", "term": 0, "prevIndex": 0, "prevTerm": 0, "entries": [], "commit": 0}}
INFO:root:HBdest
n3
nextIndex
{'n1': 1, 'n2': 1, 'n3': 1, 'n4': 1, 'n5': 1}
log
[(('pass', None), 0)]

DEBUG:root:sending {"dest": "n3", "src": "n1", "body": {"msg_id": 3, "type": "AppendEntries", "term": 0, "prevIndex": 0, "prevTerm": 0, "entries": [], "commit": 0}}
INFO:root:HBdest
n4
nextIndex
{'n1': 1, 'n2': 1, 'n3': 1, 'n4': 1, 'n5': 1}
log
[(('pass', None), 0)]

DEBUG:root:sending {"dest": "n4", "src": "n1", "body": {"msg_id": 4, "type": "AppendEntries", "term": 0, "prevIndex": 0, "prevTerm": 0, "entries": [], "commit": 0}}
INFO:root:HBdest
n5
nextIndex
{'n1': 1, 'n2': 1, 'n3': 1, 'n4': 1, 'n5': 1}
log
[(('pass', None), 0)]

DEBUG:root:sending {"dest": "n5", "src": "n1", "body": {"msg_id": 5, "type": "AppendEntries", "term": 0, "prevIndex": 0, "prevTerm": 0, "entries": [], "commit": 0}}
DEBUG:root:received {"dest":"n1","src":"n4","body":{"msg_id":2,"in_reply_to":4,"type":"AppendEntriesRes","res":true,"term":0,"next":1,"commit":0},"id":14}
DEBUG:root:received {"dest":"n1","src":"n3","body":{"msg_id":2,"in_reply_to":3,"type":"AppendEntriesRes","res":true,"term":0,"next":1,"commit":0},"id":15}
DEBUG:root:received {"dest":"n1","src":"n2","body":{"msg_id":2,"in_reply_to":2,"type":"AppendEntriesRes","res":true,"term":0,"next":1,"commit":0},"id":16}
DEBUG:root:received {"dest":"n1","src":"n5","body":{"msg_id":2,"in_reply_to":5,"type":"AppendEntriesRes","res":true,"term":0,"next":1,"commit":0},"id":17}
DEBUG:root:received {"dest":"n1","body":{"key":0,"type":"read","msg_id":1},"src":"c10","id":18}
DEBUG:root:sending {"dest": "c10", "src": "n1", "body": {"msg_id": 6, "in_reply_to": 1, "type": "error", "code": 20, "text": "Invalid Key"}}
INFO:root:sending HB

INFO:root:HBdest
n2
nextIndex
{'n1': 1, 'n2': 1, 'n3': 1, 'n4': 1, 'n5': 1}
log
[(('pass', None), 0)]

DEBUG:root:sending {"dest": "n2", "src": "n1", "body": {"msg_id": 7, "type": "AppendEntries", "term": 0, "prevIndex": 0, "prevTerm": 0, "entries": [], "commit": 0}}
INFO:root:HBdest
n3
nextIndex
{'n1': 1, 'n2': 1, 'n3': 1, 'n4': 1, 'n5': 1}
log
[(('pass', None), 0)]

DEBUG:root:sending {"dest": "n3", "src": "n1", "body": {"msg_id": 8, "type": "AppendEntries", "term": 0, "prevIndex": 0, "prevTerm": 0, "entries": [], "commit": 0}}
INFO:root:HBdest
n4
nextIndex
{'n1': 1, 'n2': 1, 'n3': 1, 'n4': 1, 'n5': 1}
log
[(('pass', None), 0)]

DEBUG:root:sending {"dest": "n4", "src": "n1", "body": {"msg_id": 9, "type": "AppendEntries", "term": 0, "prevIndex": 0, "prevTerm": 0, "entries": [], "commit": 0}}
INFO:root:HBdest
n5
nextIndex
{'n1': 1, 'n2': 1, 'n3': 1, 'n4': 1, 'n5': 1}
log
[(('pass', None), 0)]

DEBUG:root:sending {"dest": "n5", "src": "n1", "body": {"msg_id": 10, "type": "AppendEntries", "term": 0, "prevIndex": 0, "prevTerm": 0, "entries": [], "commit": 0}}
DEBUG:root:received {"dest":"n1","src":"n2","body":{"msg_id":3,"in_reply_to":7,"type":"AppendEntriesRes","res":true,"term":0,"next":1,"commit":0},"id":23}
DEBUG:root:received {"dest":"n1","src":"n3","body":{"msg_id":3,"in_reply_to":8,"type":"AppendEntriesRes","res":true,"term":0,"next":1,"commit":0},"id":25}
DEBUG:root:received {"dest":"n1","src":"n4","body":{"msg_id":3,"in_reply_to":9,"type":"AppendEntriesRes","res":true,"term":0,"next":1,"commit":0},"id":26}
DEBUG:root:received {"dest":"n1","src":"n5","body":{"msg_id":3,"in_reply_to":10,"type":"AppendEntriesRes","res":true,"term":0,"next":1,"commit":0},"id":27}
INFO:root:sending HB

INFO:root:HBdest
n2
nextIndex
{'n1': 1, 'n2': 1, 'n3': 1, 'n4': 1, 'n5': 1}
log
[(('pass', None), 0)]

DEBUG:root:sending {"dest": "n2", "src": "n1", "body": {"msg_id": 11, "type": "AppendEntries", "term": 0, "prevIndex": 0, "prevTerm": 0, "entries": [], "commit": 0}}
INFO:root:HBdest
n3
nextIndex
{'n1': 1, 'n2': 1, 'n3': 1, 'n4': 1, 'n5': 1}
log
[(('pass', None), 0)]

DEBUG:root:sending {"dest": "n3", "src": "n1", "body": {"msg_id": 12, "type": "AppendEntries", "term": 0, "prevIndex": 0, "prevTerm": 0, "entries": [], "commit": 0}}
INFO:root:HBdest
n4
nextIndex
{'n1': 1, 'n2': 1, 'n3': 1, 'n4': 1, 'n5': 1}
log
[(('pass', None), 0)]

DEBUG:root:sending {"dest": "n4", "src": "n1", "body": {"msg_id": 13, "type": "AppendEntries", "term": 0, "prevIndex": 0, "prevTerm": 0, "entries": [], "commit": 0}}
INFO:root:HBdest
n5
nextIndex
{'n1': 1, 'n2': 1, 'n3': 1, 'n4': 1, 'n5': 1}
log
[(('pass', None), 0)]

DEBUG:root:sending {"dest": "n5", "src": "n1", "body": {"msg_id": 14, "type": "AppendEntries", "term": 0, "prevIndex": 0, "prevTerm": 0, "entries": [], "commit": 0}}
DEBUG:root:received {"dest":"n1","src":"n2","body":{"msg_id":4,"in_reply_to":11,"type":"AppendEntriesRes","res":true,"term":0,"next":1,"commit":0},"id":34}
DEBUG:root:received {"dest":"n1","src":"n3","body":{"msg_id":4,"in_reply_to":12,"type":"AppendEntriesRes","res":true,"term":0,"next":1,"commit":0},"id":35}
DEBUG:root:received {"dest":"n1","src":"n4","body":{"msg_id":4,"in_reply_to":13,"type":"AppendEntriesRes","res":true,"term":0,"next":1,"commit":0},"id":36}
DEBUG:root:received {"dest":"n1","src":"n5","body":{"msg_id":5,"in_reply_to":14,"type":"AppendEntriesRes","res":true,"term":0,"next":1,"commit":0},"id":37}
INFO:root:sending HB

INFO:root:HBdest
n2
nextIndex
{'n1': 1, 'n2': 1, 'n3': 1, 'n4': 1, 'n5': 1}
log
[(('pass', None), 0)]

DEBUG:root:sending {"dest": "n2", "src": "n1", "body": {"msg_id": 15, "type": "AppendEntries", "term": 0, "prevIndex": 0, "prevTerm": 0, "entries": [], "commit": 0}}
INFO:root:HBdest
n3
nextIndex
{'n1': 1, 'n2': 1, 'n3': 1, 'n4': 1, 'n5': 1}
log
[(('pass', None), 0)]

DEBUG:root:sending {"dest": "n3", "src": "n1", "body": {"msg_id": 16, "type": "AppendEntries", "term": 0, "prevIndex": 0, "prevTerm": 0, "entries": [], "commit": 0}}
INFO:root:HBdest
n4
nextIndex
{'n1': 1, 'n2': 1, 'n3': 1, 'n4': 1, 'n5': 1}
log
[(('pass', None), 0)]

DEBUG:root:sending {"dest": "n4", "src": "n1", "body": {"msg_id": 17, "type": "AppendEntries", "term": 0, "prevIndex": 0, "prevTerm": 0, "entries": [], "commit": 0}}
INFO:root:HBdest
n5
nextIndex
{'n1': 1, 'n2': 1, 'n3': 1, 'n4': 1, 'n5': 1}
log
[(('pass', None), 0)]

DEBUG:root:sending {"dest": "n5", "src": "n1", "body": {"msg_id": 18, "type": "AppendEntries", "term": 0, "prevIndex": 0, "prevTerm": 0, "entries": [], "commit": 0}}
DEBUG:root:received {"dest":"n1","src":"n2","body":{"msg_id":6,"in_reply_to":15,"type":"AppendEntriesRes","res":true,"term":0,"next":1,"commit":0},"id":44}
DEBUG:root:received {"dest":"n1","src":"n3","body":{"msg_id":5,"in_reply_to":16,"type":"AppendEntriesRes","res":true,"term":0,"next":1,"commit":0},"id":45}
DEBUG:root:received {"dest":"n1","src":"n4","body":{"msg_id":5,"in_reply_to":17,"type":"AppendEntriesRes","res":true,"term":0,"next":1,"commit":0},"id":46}
DEBUG:root:received {"dest":"n1","src":"n5","body":{"msg_id":6,"in_reply_to":18,"type":"AppendEntriesRes","res":true,"term":0,"next":1,"commit":0},"id":47}
DEBUG:root:received {"dest":"n1","body":{"key":1,"from":2,"to":2,"type":"cas","msg_id":1},"src":"c13","id":48}
DEBUG:root:sending {"dest": "n2", "src": "n1", "body": {"msg_id": 19, "type": "AppendEntries", "term": 0, "entries": [[["cas", [1, [2, 2]]], 0]], "prevIndex": 0, "prevTerm": 0, "commit": 0}}
DEBUG:root:sending {"dest": "n3", "src": "n1", "body": {"msg_id": 20, "type": "AppendEntries", "term": 0, "entries": [[["cas", [1, [2, 2]]], 0]], "prevIndex": 0, "prevTerm": 0, "commit": 0}}
DEBUG:root:sending {"dest": "n4", "src": "n1", "body": {"msg_id": 21, "type": "AppendEntries", "term": 0, "entries": [[["cas", [1, [2, 2]]], 0]], "prevIndex": 0, "prevTerm": 0, "commit": 0}}
DEBUG:root:sending {"dest": "n5", "src": "n1", "body": {"msg_id": 22, "type": "AppendEntries", "term": 0, "entries": [[["cas", [1, [2, 2]]], 0]], "prevIndex": 0, "prevTerm": 0, "commit": 0}}
DEBUG:root:received {"dest":"n1","src":"n3","body":{"msg_id":6,"in_reply_to":20,"type":"AppendEntriesRes","res":true,"term":0,"next":2,"commit":0},"id":53}
DEBUG:root:received {"dest":"n1","src":"n4","body":{"msg_id":6,"in_reply_to":21,"type":"AppendEntriesRes","res":true,"term":0,"next":2,"commit":0},"id":54}
DEBUG:root:received {"dest":"n1","src":"n2","body":{"msg_id":7,"in_reply_to":19,"type":"AppendEntriesRes","res":true,"term":0,"next":2,"commit":0},"id":55}
DEBUG:root:received {"dest":"n1","src":"n5","body":{"msg_id":7,"in_reply_to":22,"type":"AppendEntriesRes","res":true,"term":0,"next":2,"commit":0},"id":56}
INFO:root:sending HB

INFO:root:HBdest
n2
nextIndex
{'n1': 1, 'n2': 2, 'n3': 2, 'n4': 2, 'n5': 2}
log
[(('pass', None), 0), (('cas', (1, (2, 2))), 0)]

DEBUG:root:sending {"dest": "n2", "src": "n1", "body": {"msg_id": 23, "type": "AppendEntries", "term": 0, "prevIndex": 1, "prevTerm": 0, "entries": [], "commit": 0}}
INFO:root:HBdest
n3
nextIndex
{'n1': 1, 'n2': 2, 'n3': 2, 'n4': 2, 'n5': 2}
log
[(('pass', None), 0), (('cas', (1, (2, 2))), 0)]

DEBUG:root:sending {"dest": "n3", "src": "n1", "body": {"msg_id": 24, "type": "AppendEntries", "term": 0, "prevIndex": 1, "prevTerm": 0, "entries": [], "commit": 0}}
INFO:root:HBdest
n4
nextIndex
{'n1': 1, 'n2': 2, 'n3': 2, 'n4': 2, 'n5': 2}
log
[(('pass', None), 0), (('cas', (1, (2, 2))), 0)]

DEBUG:root:sending {"dest": "n4", "src": "n1", "body": {"msg_id": 25, "type": "AppendEntries", "term": 0, "prevIndex": 1, "prevTerm": 0, "entries": [], "commit": 0}}
INFO:root:HBdest
n5
nextIndex
{'n1': 1, 'n2': 2, 'n3': 2, 'n4': 2, 'n5': 2}
log
[(('pass', None), 0), (('cas', (1, (2, 2))), 0)]

DEBUG:root:sending {"dest": "n5", "src": "n1", "body": {"msg_id": 26, "type": "AppendEntries", "term": 0, "prevIndex": 1, "prevTerm": 0, "entries": [], "commit": 0}}
DEBUG:root:received {"dest":"n1","src":"n2","body":{"msg_id":9,"in_reply_to":23,"type":"AppendEntriesRes","res":true,"term":0,"next":2,"commit":0},"id":63}
DEBUG:root:received {"dest":"n1","src":"n3","body":{"msg_id":7,"in_reply_to":24,"type":"AppendEntriesRes","res":true,"term":0,"next":2,"commit":0},"id":64}
DEBUG:root:received {"dest":"n1","src":"n4","body":{"msg_id":7,"in_reply_to":25,"type":"AppendEntriesRes","res":true,"term":0,"next":2,"commit":0},"id":65}
DEBUG:root:received {"dest":"n1","src":"n5","body":{"msg_id":8,"in_reply_to":26,"type":"AppendEntriesRes","res":true,"term":0,"next":2,"commit":0},"id":66}
INFO:root:sending HB

INFO:root:HBdest
n2
nextIndex
{'n1': 1, 'n2': 2, 'n3': 2, 'n4': 2, 'n5': 2}
log
[(('pass', None), 0), (('cas', (1, (2, 2))), 0)]

DEBUG:root:sending {"dest": "n2", "src": "n1", "body": {"msg_id": 27, "type": "AppendEntries", "term": 0, "prevIndex": 1, "prevTerm": 0, "entries": [], "commit": 0}}
INFO:root:HBdest
n3
nextIndex
{'n1': 1, 'n2': 2, 'n3': 2, 'n4': 2, 'n5': 2}
log
[(('pass', None), 0), (('cas', (1, (2, 2))), 0)]

DEBUG:root:sending {"dest": "n3", "src": "n1", "body": {"msg_id": 28, "type": "AppendEntries", "term": 0, "prevIndex": 1, "prevTerm": 0, "entries": [], "commit": 0}}
INFO:root:HBdest
n4
nextIndex
{'n1': 1, 'n2': 2, 'n3': 2, 'n4': 2, 'n5': 2}
log
[(('pass', None), 0), (('cas', (1, (2, 2))), 0)]

DEBUG:root:sending {"dest": "n4", "src": "n1", "body": {"msg_id": 29, "type": "AppendEntries", "term": 0, "prevIndex": 1, "prevTerm": 0, "entries": [], "commit": 0}}
INFO:root:HBdest
n5
nextIndex
{'n1': 1, 'n2': 2, 'n3': 2, 'n4': 2, 'n5': 2}
log
[(('pass', None), 0), (('cas', (1, (2, 2))), 0)]

DEBUG:root:sending {"dest": "n5", "src": "n1", "body": {"msg_id": 30, "type": "AppendEntries", "term": 0, "prevIndex": 1, "prevTerm": 0, "entries": [], "commit": 0}}
DEBUG:root:received {"dest":"n1","src":"n2","body":{"msg_id":10,"in_reply_to":27,"type":"AppendEntriesRes","res":true,"term":0,"next":2,"commit":0},"id":71}
DEBUG:root:received {"dest":"n1","src":"n3","body":{"msg_id":8,"in_reply_to":28,"type":"AppendEntriesRes","res":true,"term":0,"next":2,"commit":0},"id":72}
DEBUG:root:received {"dest":"n1","src":"n4","body":{"msg_id":8,"in_reply_to":29,"type":"AppendEntriesRes","res":true,"term":0,"next":2,"commit":0},"id":73}
DEBUG:root:received {"dest":"n1","src":"n5","body":{"msg_id":9,"in_reply_to":30,"type":"AppendEntriesRes","res":true,"term":0,"next":2,"commit":0},"id":74}
DEBUG:root:received {"dest":"n1","body":{"key":1,"from":0,"to":2,"type":"cas","msg_id":1},"src":"c15","id":75}
DEBUG:root:sending {"dest": "n2", "src": "n1", "body": {"msg_id": 31, "type": "AppendEntries", "term": 0, "entries": [[["cas", [1, [0, 2]]], 0]], "prevIndex": 1, "prevTerm": 0, "commit": 0}}
DEBUG:root:sending {"dest": "n3", "src": "n1", "body": {"msg_id": 32, "type": "AppendEntries", "term": 0, "entries": [[["cas", [1, [0, 2]]], 0]], "prevIndex": 1, "prevTerm": 0, "commit": 0}}
DEBUG:root:sending {"dest": "n4", "src": "n1", "body": {"msg_id": 33, "type": "AppendEntries", "term": 0, "entries": [[["cas", [1, [0, 2]]], 0]], "prevIndex": 1, "prevTerm": 0, "commit": 0}}
DEBUG:root:sending {"dest": "n5", "src": "n1", "body": {"msg_id": 34, "type": "AppendEntries", "term": 0, "entries": [[["cas", [1, [0, 2]]], 0]], "prevIndex": 1, "prevTerm": 0, "commit": 0}}
DEBUG:root:received {"dest":"n1","src":"n2","body":{"msg_id":11,"in_reply_to":31,"type":"AppendEntriesRes","res":true,"term":0,"next":3,"commit":0},"id":79}
DEBUG:root:received {"dest":"n1","src":"n3","body":{"msg_id":9,"in_reply_to":32,"type":"AppendEntriesRes","res":true,"term":0,"next":3,"commit":0},"id":80}
DEBUG:root:received {"dest":"n1","src":"n4","body":{"msg_id":9,"in_reply_to":33,"type":"AppendEntriesRes","res":true,"term":0,"next":3,"commit":0},"id":82}
DEBUG:root:received {"dest":"n1","src":"n5","body":{"msg_id":10,"in_reply_to":34,"type":"AppendEntriesRes","res":true,"term":0,"next":3,"commit":0},"id":83}
INFO:root:sending HB

INFO:root:HBdest
n2
nextIndex
{'n1': 1, 'n2': 3, 'n3': 3, 'n4': 3, 'n5': 3}
log
[(('pass', None), 0), (('cas', (1, (2, 2))), 0), (('cas', (1, (0, 2))), 0)]

DEBUG:root:sending {"dest": "n2", "src": "n1", "body": {"msg_id": 35, "type": "AppendEntries", "term": 0, "prevIndex": 2, "prevTerm": 0, "entries": [], "commit": 0}}
INFO:root:HBdest
n3
nextIndex
{'n1': 1, 'n2': 3, 'n3': 3, 'n4': 3, 'n5': 3}
log
[(('pass', None), 0), (('cas', (1, (2, 2))), 0), (('cas', (1, (0, 2))), 0)]

DEBUG:root:sending {"dest": "n3", "src": "n1", "body": {"msg_id": 36, "type": "AppendEntries", "term": 0, "prevIndex": 2, "prevTerm": 0, "entries": [], "commit": 0}}
INFO:root:HBdest
n4
nextIndex
{'n1': 1, 'n2': 3, 'n3': 3, 'n4': 3, 'n5': 3}
log
[(('pass', None), 0), (('cas', (1, (2, 2))), 0), (('cas', (1, (0, 2))), 0)]

DEBUG:root:sending {"dest": "n4", "src": "n1", "body": {"msg_id": 37, "type": "AppendEntries", "term": 0, "prevIndex": 2, "prevTerm": 0, "entries": [], "commit": 0}}
INFO:root:HBdest
n5
nextIndex
{'n1': 1, 'n2': 3, 'n3': 3, 'n4': 3, 'n5': 3}
log
[(('pass', None), 0), (('cas', (1, (2, 2))), 0), (('cas', (1, (0, 2))), 0)]

DEBUG:root:sending {"dest": "n5", "src": "n1", "body": {"msg_id": 38, "type": "AppendEntries", "term": 0, "prevIndex": 2, "prevTerm": 0, "entries": [], "commit": 0}}
DEBUG:root:received {"dest":"n1","src":"n2","body":{"msg_id":13,"in_reply_to":35,"type":"AppendEntriesRes","res":true,"term":0,"next":3,"commit":0},"id":94}
DEBUG:root:received {"dest":"n1","src":"n3","body":{"msg_id":11,"in_reply_to":36,"type":"AppendEntriesRes","res":true,"term":0,"next":3,"commit":0},"id":95}
DEBUG:root:received {"dest":"n1","src":"n4","body":{"msg_id":11,"in_reply_to":37,"type":"AppendEntriesRes","res":true,"term":0,"next":3,"commit":0},"id":96}
DEBUG:root:received {"dest":"n1","src":"n5","body":{"msg_id":11,"in_reply_to":38,"type":"AppendEntriesRes","res":true,"term":0,"next":3,"commit":0},"id":97}
INFO:root:sending HB

INFO:root:HBdest
n2
nextIndex
{'n1': 1, 'n2': 3, 'n3': 3, 'n4': 3, 'n5': 3}
log
[(('pass', None), 0), (('cas', (1, (2, 2))), 0), (('cas', (1, (0, 2))), 0)]

DEBUG:root:sending {"dest": "n2", "src": "n1", "body": {"msg_id": 39, "type": "AppendEntries", "term": 0, "prevIndex": 2, "prevTerm": 0, "entries": [], "commit": 0}}
INFO:root:HBdest
n3
nextIndex
{'n1': 1, 'n2': 3, 'n3': 3, 'n4': 3, 'n5': 3}
log
[(('pass', None), 0), (('cas', (1, (2, 2))), 0), (('cas', (1, (0, 2))), 0)]

DEBUG:root:sending {"dest": "n3", "src": "n1", "body": {"msg_id": 40, "type": "AppendEntries", "term": 0, "prevIndex": 2, "prevTerm": 0, "entries": [], "commit": 0}}
INFO:root:HBdest
n4
nextIndex
{'n1': 1, 'n2': 3, 'n3': 3, 'n4': 3, 'n5': 3}
log
[(('pass', None), 0), (('cas', (1, (2, 2))), 0), (('cas', (1, (0, 2))), 0)]

DEBUG:root:sending {"dest": "n4", "src": "n1", "body": {"msg_id": 41, "type": "AppendEntries", "term": 0, "prevIndex": 2, "prevTerm": 0, "entries": [], "commit": 0}}
INFO:root:HBdest
n5
nextIndex
{'n1': 1, 'n2': 3, 'n3': 3, 'n4': 3, 'n5': 3}
log
[(('pass', None), 0), (('cas', (1, (2, 2))), 0), (('cas', (1, (0, 2))), 0)]

DEBUG:root:sending {"dest": "n5", "src": "n1", "body": {"msg_id": 42, "type": "AppendEntries", "term": 0, "prevIndex": 2, "prevTerm": 0, "entries": [], "commit": 0}}
DEBUG:root:received {"dest":"n1","src":"n5","body":{"msg_id":13,"in_reply_to":42,"type":"AppendEntriesRes","res":true,"term":0,"next":3,"commit":0},"id":105}
DEBUG:root:received {"dest":"n1","src":"n4","body":{"msg_id":12,"in_reply_to":41,"type":"AppendEntriesRes","res":true,"term":0,"next":3,"commit":0},"id":104}
DEBUG:root:received {"dest":"n1","src":"n3","body":{"msg_id":12,"in_reply_to":40,"type":"AppendEntriesRes","res":true,"term":0,"next":3,"commit":0},"id":106}
DEBUG:root:received {"dest":"n1","src":"n2","body":{"msg_id":14,"in_reply_to":39,"type":"AppendEntriesRes","res":true,"term":0,"next":3,"commit":0},"id":107}
INFO:root:sending HB

INFO:root:HBdest
n2
nextIndex
{'n1': 1, 'n2': 3, 'n3': 3, 'n4': 3, 'n5': 3}
log
[(('pass', None), 0), (('cas', (1, (2, 2))), 0), (('cas', (1, (0, 2))), 0)]

DEBUG:root:sending {"dest": "n2", "src": "n1", "body": {"msg_id": 43, "type": "AppendEntries", "term": 0, "prevIndex": 2, "prevTerm": 0, "entries": [], "commit": 0}}
INFO:root:HBdest
n3
nextIndex
{'n1': 1, 'n2': 3, 'n3': 3, 'n4': 3, 'n5': 3}
log
[(('pass', None), 0), (('cas', (1, (2, 2))), 0), (('cas', (1, (0, 2))), 0)]

DEBUG:root:sending {"dest": "n3", "src": "n1", "body": {"msg_id": 44, "type": "AppendEntries", "term": 0, "prevIndex": 2, "prevTerm": 0, "entries": [], "commit": 0}}
INFO:root:HBdest
n4
nextIndex
{'n1': 1, 'n2': 3, 'n3': 3, 'n4': 3, 'n5': 3}
log
[(('pass', None), 0), (('cas', (1, (2, 2))), 0), (('cas', (1, (0, 2))), 0)]

DEBUG:root:sending {"dest": "n4", "src": "n1", "body": {"msg_id": 45, "type": "AppendEntries", "term": 0, "prevIndex": 2, "prevTerm": 0, "entries": [], "commit": 0}}
INFO:root:HBdest
n5
nextIndex
{'n1': 1, 'n2': 3, 'n3': 3, 'n4': 3, 'n5': 3}
log
[(('pass', None), 0), (('cas', (1, (2, 2))), 0), (('cas', (1, (0, 2))), 0)]

DEBUG:root:sending {"dest": "n5", "src": "n1", "body": {"msg_id": 46, "type": "AppendEntries", "term": 0, "prevIndex": 2, "prevTerm": 0, "entries": [], "commit": 0}}
DEBUG:root:received {"dest":"n1","src":"n2","body":{"msg_id":15,"in_reply_to":43,"type":"AppendEntriesRes","res":true,"term":0,"next":3,"commit":0},"id":112}
DEBUG:root:received {"dest":"n1","src":"n3","body":{"msg_id":13,"in_reply_to":44,"type":"AppendEntriesRes","res":true,"term":0,"next":3,"commit":0},"id":113}
DEBUG:root:received {"dest":"n1","src":"n4","body":{"msg_id":13,"in_reply_to":45,"type":"AppendEntriesRes","res":true,"term":0,"next":3,"commit":0},"id":114}
DEBUG:root:received {"dest":"n1","src":"n5","body":{"msg_id":14,"in_reply_to":46,"type":"AppendEntriesRes","res":true,"term":0,"next":3,"commit":0},"id":115}
