DEBUG:root:received {"dest":"n3","body":{"type":"init","node_id":"n3","node_ids":["n1","n2","n3","n4","n5"],"msg_id":1},"src":"c0","id":0}
INFO:root:node n3 initialized
DEBUG:root:sending {"dest": "c0", "src": "n3", "body": {"msg_id": 1, "in_reply_to": 1, "type": "init_ok"}}
INFO:root:leader alive, resuming timeout checker

DEBUG:root:received {"dest":"n3","src":"n1","body":{"msg_id":3,"type":"AppendEntries","term":0,"prevIndex":0,"prevTerm":0,"entries":[],"commit":0},"id":11}
DEBUG:root:sending {"dest": "n1", "src": "n3", "body": {"msg_id": 2, "in_reply_to": 3, "type": "AppendEntriesRes", "res": true, "term": 0, "next": 1, "commit": 0}}
DEBUG:root:received {"dest":"n3","src":"n1","body":{"msg_id":8,"type":"AppendEntries","term":0,"prevIndex":0,"prevTerm":0,"entries":[],"commit":0},"id":21}
DEBUG:root:sending {"dest": "n1", "src": "n3", "body": {"msg_id": 3, "in_reply_to": 8, "type": "AppendEntriesRes", "res": true, "term": 0, "next": 1, "commit": 0}}
DEBUG:root:received {"dest":"n3","src":"n1","body":{"msg_id":12,"type":"AppendEntries","term":0,"prevIndex":0,"prevTerm":0,"entries":[],"commit":0},"id":31}
DEBUG:root:sending {"dest": "n1", "src": "n3", "body": {"msg_id": 4, "in_reply_to": 12, "type": "AppendEntriesRes", "res": true, "term": 0, "next": 1, "commit": 0}}
DEBUG:root:received {"dest":"n3","src":"n1","body":{"msg_id":16,"type":"AppendEntries","term":0,"prevIndex":0,"prevTerm":0,"entries":[],"commit":0},"id":41}
DEBUG:root:sending {"dest": "n1", "src": "n3", "body": {"msg_id": 5, "in_reply_to": 16, "type": "AppendEntriesRes", "res": true, "term": 0, "next": 1, "commit": 0}}
DEBUG:root:received {"dest":"n3","src":"n1","body":{"msg_id":20,"type":"AppendEntries","term":0,"entries":[[["cas",[1,[2,2]]],0]],"prevIndex":0,"prevTerm":0,"commit":0},"id":50}
INFO:root:commiting command
[['cas', [1, [2, 2]]], 0]

DEBUG:root:sending {"dest": "n1", "src": "n3", "body": {"msg_id": 6, "in_reply_to": 20, "type": "AppendEntriesRes", "res": true, "term": 0, "next": 2, "commit": 0}}
DEBUG:root:received {"dest":"n3","src":"n1","body":{"msg_id":24,"type":"AppendEntries","term":0,"prevIndex":1,"prevTerm":0,"entries":[],"commit":0},"id":60}
DEBUG:root:sending {"dest": "n1", "src": "n3", "body": {"msg_id": 7, "in_reply_to": 24, "type": "AppendEntriesRes", "res": true, "term": 0, "next": 2, "commit": 0}}
DEBUG:root:received {"dest":"n3","src":"n1","body":{"msg_id":28,"type":"AppendEntries","term":0,"prevIndex":1,"prevTerm":0,"entries":[],"commit":0},"id":68}
DEBUG:root:sending {"dest": "n1", "src": "n3", "body": {"msg_id": 8, "in_reply_to": 28, "type": "AppendEntriesRes", "res": true, "term": 0, "next": 2, "commit": 0}}
DEBUG:root:received {"dest":"n3","src":"n1","body":{"msg_id":32,"type":"AppendEntries","term":0,"entries":[[["cas",[1,[0,2]]],0]],"prevIndex":1,"prevTerm":0,"commit":0},"id":77}
INFO:root:commiting command
[['cas', [1, [0, 2]]], 0]

DEBUG:root:sending {"dest": "n1", "src": "n3", "body": {"msg_id": 9, "in_reply_to": 32, "type": "AppendEntriesRes", "res": true, "term": 0, "next": 3, "commit": 0}}
DEBUG:root:received {"dest":"n3","body":{"key":0,"from":2,"to":0,"type":"cas","msg_id":1},"src":"c17","id":88}
DEBUG:root:sending {"dest": "c17", "src": "n3", "body": {"msg_id": 10, "in_reply_to": 1, "type": "error", "code": 11, "text": "Not Leader"}}
DEBUG:root:received {"dest":"n3","src":"n1","body":{"msg_id":36,"type":"AppendEntries","term":0,"prevIndex":2,"prevTerm":0,"entries":[],"commit":0},"id":91}
DEBUG:root:sending {"dest": "n1", "src": "n3", "body": {"msg_id": 11, "in_reply_to": 36, "type": "AppendEntriesRes", "res": true, "term": 0, "next": 3, "commit": 0}}
DEBUG:root:received {"dest":"n3","src":"n1","body":{"msg_id":40,"type":"AppendEntries","term":0,"prevIndex":2,"prevTerm":0,"entries":[],"commit":0},"id":101}
DEBUG:root:sending {"dest": "n1", "src": "n3", "body": {"msg_id": 12, "in_reply_to": 40, "type": "AppendEntriesRes", "res": true, "term": 0, "next": 3, "commit": 0}}
DEBUG:root:received {"dest":"n3","src":"n1","body":{"msg_id":44,"type":"AppendEntries","term":0,"prevIndex":2,"prevTerm":0,"entries":[],"commit":0},"id":109}
DEBUG:root:sending {"dest": "n1", "src": "n3", "body": {"msg_id": 13, "in_reply_to": 44, "type": "AppendEntriesRes", "res": true, "term": 0, "next": 3, "commit": 0}}
