DEBUG:root:received {"dest":"n4","body":{"type":"init","node_id":"n4","node_ids":["n1","n2","n3","n4","n5"],"msg_id":1},"src":"c3","id":3}
INFO:root:node n4 initialized
DEBUG:root:sending {"dest": "c3", "src": "n4", "body": {"msg_id": 1, "in_reply_to": 1, "type": "init_ok"}}
INFO:root:leader alive, resuming timeout checker

DEBUG:root:received {"dest":"n4","src":"n1","body":{"msg_id":4,"type":"AppendEntries","term":0,"prevIndex":0,"prevTerm":0,"entries":[],"commit":0},"id":12}
DEBUG:root:sending {"dest": "n1", "src": "n4", "body": {"msg_id": 2, "in_reply_to": 4, "type": "AppendEntriesRes", "res": true, "term": 0, "next": 1, "commit": 0}}
DEBUG:root:received {"dest":"n4","src":"n1","body":{"msg_id":9,"type":"AppendEntries","term":0,"prevIndex":0,"prevTerm":0,"entries":[],"commit":0},"id":22}
DEBUG:root:sending {"dest": "n1", "src": "n4", "body": {"msg_id": 3, "in_reply_to": 9, "type": "AppendEntriesRes", "res": true, "term": 0, "next": 1, "commit": 0}}
DEBUG:root:received {"dest":"n4","src":"n1","body":{"msg_id":13,"type":"AppendEntries","term":0,"prevIndex":0,"prevTerm":0,"entries":[],"commit":0},"id":32}
DEBUG:root:sending {"dest": "n1", "src": "n4", "body": {"msg_id": 4, "in_reply_to": 13, "type": "AppendEntriesRes", "res": true, "term": 0, "next": 1, "commit": 0}}
DEBUG:root:received {"dest":"n4","src":"n1","body":{"msg_id":17,"type":"AppendEntries","term":0,"prevIndex":0,"prevTerm":0,"entries":[],"commit":0},"id":42}
DEBUG:root:sending {"dest": "n1", "src": "n4", "body": {"msg_id": 5, "in_reply_to": 17, "type": "AppendEntriesRes", "res": true, "term": 0, "next": 1, "commit": 0}}
DEBUG:root:received {"dest":"n4","src":"n1","body":{"msg_id":21,"type":"AppendEntries","term":0,"entries":[[["cas",[1,[2,2]]],0]],"prevIndex":0,"prevTerm":0,"commit":0},"id":51}
INFO:root:commiting command
[['cas', [1, [2, 2]]], 0]

DEBUG:root:sending {"dest": "n1", "src": "n4", "body": {"msg_id": 6, "in_reply_to": 21, "type": "AppendEntriesRes", "res": true, "term": 0, "next": 2, "commit": 0}}
DEBUG:root:received {"dest":"n4","src":"n1","body":{"msg_id":25,"type":"AppendEntries","term":0,"prevIndex":1,"prevTerm":0,"entries":[],"commit":0},"id":61}
DEBUG:root:sending {"dest": "n1", "src": "n4", "body": {"msg_id": 7, "in_reply_to": 25, "type": "AppendEntriesRes", "res": true, "term": 0, "next": 2, "commit": 0}}
DEBUG:root:received {"dest":"n4","src":"n1","body":{"msg_id":29,"type":"AppendEntries","term":0,"prevIndex":1,"prevTerm":0,"entries":[],"commit":0},"id":69}
DEBUG:root:sending {"dest": "n1", "src": "n4", "body": {"msg_id": 8, "in_reply_to": 29, "type": "AppendEntriesRes", "res": true, "term": 0, "next": 2, "commit": 0}}
DEBUG:root:received {"dest":"n4","src":"n1","body":{"msg_id":33,"type":"AppendEntries","term":0,"entries":[[["cas",[1,[0,2]]],0]],"prevIndex":1,"prevTerm":0,"commit":0},"id":78}
INFO:root:commiting command
[['cas', [1, [0, 2]]], 0]

DEBUG:root:sending {"dest": "n1", "src": "n4", "body": {"msg_id": 9, "in_reply_to": 33, "type": "AppendEntriesRes", "res": true, "term": 0, "next": 3, "commit": 0}}
DEBUG:root:received {"dest":"n4","body":{"key":1,"value":0,"type":"write","msg_id":1},"src":"c16","id":84}
DEBUG:root:sending {"dest": "c16", "src": "n4", "body": {"msg_id": 10, "in_reply_to": 1, "type": "error", "code": 11, "text": "Not Leader"}}
DEBUG:root:received {"dest":"n4","src":"n1","body":{"msg_id":37,"type":"AppendEntries","term":0,"prevIndex":2,"prevTerm":0,"entries":[],"commit":0},"id":92}
DEBUG:root:sending {"dest": "n1", "src": "n4", "body": {"msg_id": 11, "in_reply_to": 37, "type": "AppendEntriesRes", "res": true, "term": 0, "next": 3, "commit": 0}}
DEBUG:root:received {"dest":"n4","src":"n1","body":{"msg_id":41,"type":"AppendEntries","term":0,"prevIndex":2,"prevTerm":0,"entries":[],"commit":0},"id":102}
DEBUG:root:sending {"dest": "n1", "src": "n4", "body": {"msg_id": 12, "in_reply_to": 41, "type": "AppendEntriesRes", "res": true, "term": 0, "next": 3, "commit": 0}}
DEBUG:root:received {"dest":"n4","src":"n1","body":{"msg_id":45,"type":"AppendEntries","term":0,"prevIndex":2,"prevTerm":0,"entries":[],"commit":0},"id":110}
DEBUG:root:sending {"dest": "n1", "src": "n4", "body": {"msg_id": 13, "in_reply_to": 45, "type": "AppendEntriesRes", "res": true, "term": 0, "next": 3, "commit": 0}}
