DEBUG:root:received {"dest":"n1","body":{"type":"init","node_id":"n1","node_ids":["n1","n2","n3","n4","n5"],"msg_id":1},"src":"c4","id":4}
INFO:root:node n1 initialized
DEBUG:root:sending {"dest": "c4", "src": "n1", "body": {"msg_id": 1, "in_reply_to": 1, "type": "init_ok"}}
DEBUG:root:sending {"dest": "n2", "src": "n1", "body": {"msg_id": 2, "type": "AppendEntries", "term": 0, "prevIndex": 0, "prevTerm": 0, "entries": [[["pass", null], 0]], "commit": 0}}
DEBUG:root:sending {"dest": "n3", "src": "n1", "body": {"msg_id": 3, "type": "AppendEntries", "term": 0, "prevIndex": 0, "prevTerm": 0, "entries": [[["pass", null], 0]], "commit": 0}}
DEBUG:root:sending {"dest": "n4", "src": "n1", "body": {"msg_id": 4, "type": "AppendEntries", "term": 0, "prevIndex": 0, "prevTerm": 0, "entries": [[["pass", null], 0]], "commit": 0}}
DEBUG:root:sending {"dest": "n5", "src": "n1", "body": {"msg_id": 5, "type": "AppendEntries", "term": 0, "prevIndex": 0, "prevTerm": 0, "entries": [[["pass", null], 0]], "commit": 0}}
DEBUG:root:received {"dest":"n1","src":"n2","body":{"msg_id":2,"in_reply_to":2,"type":"AppendEntriesRes","res":true,"term":0,"next":1,"commit":0},"id":13}
DEBUG:root:received {"dest":"n1","src":"n3","body":{"msg_id":2,"in_reply_to":3,"type":"AppendEntriesRes","res":true,"term":0,"next":1,"commit":0},"id":15}
DEBUG:root:received {"dest":"n1","src":"n4","body":{"msg_id":2,"in_reply_to":4,"type":"AppendEntriesRes","res":true,"term":0,"next":1,"commit":0},"id":16}
DEBUG:root:received {"dest":"n1","src":"n5","body":{"msg_id":2,"in_reply_to":5,"type":"AppendEntriesRes","res":true,"term":0,"next":1,"commit":0},"id":17}
DEBUG:root:sending {"dest": "n2", "src": "n1", "body": {"msg_id": 6, "type": "AppendEntries", "term": 0, "prevIndex": 0, "prevTerm": 0, "entries": [[["pass", null], 0]], "commit": 0}}
DEBUG:root:sending {"dest": "n3", "src": "n1", "body": {"msg_id": 7, "type": "AppendEntries", "term": 0, "prevIndex": 0, "prevTerm": 0, "entries": [[["pass", null], 0]], "commit": 0}}
DEBUG:root:sending {"dest": "n4", "src": "n1", "body": {"msg_id": 8, "type": "AppendEntries", "term": 0, "prevIndex": 0, "prevTerm": 0, "entries": [[["pass", null], 0]], "commit": 0}}
DEBUG:root:sending {"dest": "n5", "src": "n1", "body": {"msg_id": 9, "type": "AppendEntries", "term": 0, "prevIndex": 0, "prevTerm": 0, "entries": [[["pass", null], 0]], "commit": 0}}
DEBUG:root:received {"dest":"n1","src":"n2","body":{"msg_id":4,"in_reply_to":6,"type":"AppendEntriesRes","res":true,"term":0,"next":1,"commit":0},"id":28}
DEBUG:root:received {"dest":"n1","src":"n4","body":{"msg_id":3,"in_reply_to":8,"type":"AppendEntriesRes","res":true,"term":0,"next":1,"commit":0},"id":29}
DEBUG:root:received {"dest":"n1","src":"n5","body":{"msg_id":3,"in_reply_to":9,"type":"AppendEntriesRes","res":true,"term":0,"next":1,"commit":0},"id":30}
DEBUG:root:received {"dest":"n1","src":"n3","body":{"msg_id":5,"in_reply_to":7,"type":"AppendEntriesRes","res":true,"term":0,"next":1,"commit":0},"id":31}
DEBUG:root:sending {"dest": "n2", "src": "n1", "body": {"msg_id": 10, "type": "AppendEntries", "term": 0, "prevIndex": 0, "prevTerm": 0, "entries": [[["pass", null], 0]], "commit": 0}}
DEBUG:root:sending {"dest": "n3", "src": "n1", "body": {"msg_id": 11, "type": "AppendEntries", "term": 0, "prevIndex": 0, "prevTerm": 0, "entries": [[["pass", null], 0]], "commit": 0}}
DEBUG:root:sending {"dest": "n4", "src": "n1", "body": {"msg_id": 12, "type": "AppendEntries", "term": 0, "prevIndex": 0, "prevTerm": 0, "entries": [[["pass", null], 0]], "commit": 0}}
DEBUG:root:sending {"dest": "n5", "src": "n1", "body": {"msg_id": 13, "type": "AppendEntries", "term": 0, "prevIndex": 0, "prevTerm": 0, "entries": [[["pass", null], 0]], "commit": 0}}
DEBUG:root:received {"dest":"n1","src":"n2","body":{"msg_id":5,"in_reply_to":10,"type":"AppendEntriesRes","res":true,"term":0,"next":1,"commit":0},"id":40}
DEBUG:root:received {"dest":"n1","src":"n3","body":{"msg_id":7,"in_reply_to":11,"type":"AppendEntriesRes","res":true,"term":0,"next":1,"commit":0},"id":41}
DEBUG:root:received {"dest":"n1","src":"n4","body":{"msg_id":5,"in_reply_to":12,"type":"AppendEntriesRes","res":true,"term":0,"next":1,"commit":0},"id":42}
DEBUG:root:received {"dest":"n1","src":"n5","body":{"msg_id":4,"in_reply_to":13,"type":"AppendEntriesRes","res":true,"term":0,"next":1,"commit":0},"id":43}
DEBUG:root:received {"dest":"n1","body":{"key":1,"from":1,"to":0,"type":"cas","msg_id":1},"src":"c14","id":46}
DEBUG:root:sending {"dest": "n2", "src": "n1", "body": {"msg_id": 14, "type": "AppendEntries", "term": 0, "prevIndex": 0, "prevTerm": 0, "entries": [[["pass", null], 0]], "commit": 0}}
DEBUG:root:sending {"dest": "n3", "src": "n1", "body": {"msg_id": 15, "type": "AppendEntries", "term": 0, "prevIndex": 0, "prevTerm": 0, "entries": [[["pass", null], 0]], "commit": 0}}
DEBUG:root:sending {"dest": "n4", "src": "n1", "body": {"msg_id": 16, "type": "AppendEntries", "term": 0, "prevIndex": 0, "prevTerm": 0, "entries": [[["pass", null], 0]], "commit": 0}}
DEBUG:root:sending {"dest": "n5", "src": "n1", "body": {"msg_id": 17, "type": "AppendEntries", "term": 0, "prevIndex": 0, "prevTerm": 0, "entries": [[["pass", null], 0]], "commit": 0}}
DEBUG:root:received {"dest":"n1","src":"n2","body":{"msg_id":6,"in_reply_to":14,"type":"AppendEntriesRes","res":true,"term":0,"next":1,"commit":0},"id":51}
DEBUG:root:received {"dest":"n1","src":"n4","body":{"msg_id":6,"in_reply_to":16,"type":"AppendEntriesRes","res":true,"term":0,"next":1,"commit":0},"id":52}
DEBUG:root:received {"dest":"n1","src":"n3","body":{"msg_id":8,"in_reply_to":15,"type":"AppendEntriesRes","res":true,"term":0,"next":1,"commit":0},"id":53}
DEBUG:root:received {"dest":"n1","src":"n5","body":{"msg_id":6,"in_reply_to":17,"type":"AppendEntriesRes","res":true,"term":0,"next":1,"commit":0},"id":54}
DEBUG:root:received {"dest":"n1","body":{"key":0,"type":"read","msg_id":1},"src":"c15","id":55}
DEBUG:root:sending {"dest": "n2", "src": "n1", "body": {"msg_id": 18, "type": "AppendEntries", "term": 0, "prevIndex": 0, "prevTerm": 0, "entries": [[["pass", null], 0]], "commit": 0}}
DEBUG:root:sending {"dest": "n3", "src": "n1", "body": {"msg_id": 19, "type": "AppendEntries", "term": 0, "prevIndex": 0, "prevTerm": 0, "entries": [[["pass", null], 0]], "commit": 0}}
DEBUG:root:sending {"dest": "n4", "src": "n1", "body": {"msg_id": 20, "type": "AppendEntries", "term": 0, "prevIndex": 0, "prevTerm": 0, "entries": [[["pass", null], 0]], "commit": 0}}
DEBUG:root:sending {"dest": "n5", "src": "n1", "body": {"msg_id": 21, "type": "AppendEntries", "term": 0, "prevIndex": 0, "prevTerm": 0, "entries": [[["pass", null], 0]], "commit": 0}}
DEBUG:root:received {"dest":"n1","src":"n2","body":{"msg_id":7,"in_reply_to":18,"type":"AppendEntriesRes","res":true,"term":0,"next":1,"commit":0},"id":60}
DEBUG:root:received {"dest":"n1","src":"n3","body":{"msg_id":9,"in_reply_to":19,"type":"AppendEntriesRes","res":true,"term":0,"next":1,"commit":0},"id":61}
DEBUG:root:received {"dest":"n1","src":"n4","body":{"msg_id":7,"in_reply_to":20,"type":"AppendEntriesRes","res":true,"term":0,"next":1,"commit":0},"id":62}
DEBUG:root:received {"dest":"n1","src":"n5","body":{"msg_id":7,"in_reply_to":21,"type":"AppendEntriesRes","res":true,"term":0,"next":1,"commit":0},"id":63}
DEBUG:root:sending {"dest": "n2", "src": "n1", "body": {"msg_id": 22, "type": "AppendEntries", "term": 0, "prevIndex": 0, "prevTerm": 0, "entries": [[["pass", null], 0]], "commit": 0}}
DEBUG:root:sending {"dest": "n3", "src": "n1", "body": {"msg_id": 23, "type": "AppendEntries", "term": 0, "prevIndex": 0, "prevTerm": 0, "entries": [[["pass", null], 0]], "commit": 0}}
DEBUG:root:sending {"dest": "n4", "src": "n1", "body": {"msg_id": 24, "type": "AppendEntries", "term": 0, "prevIndex": 0, "prevTerm": 0, "entries": [[["pass", null], 0]], "commit": 0}}
DEBUG:root:sending {"dest": "n5", "src": "n1", "body": {"msg_id": 25, "type": "AppendEntries", "term": 0, "prevIndex": 0, "prevTerm": 0, "entries": [[["pass", null], 0]], "commit": 0}}
DEBUG:root:received {"dest":"n1","src":"n2","body":{"msg_id":9,"in_reply_to":22,"type":"AppendEntriesRes","res":true,"term":0,"next":1,"commit":0},"id":72}
DEBUG:root:received {"dest":"n1","src":"n3","body":{"msg_id":10,"in_reply_to":23,"type":"AppendEntriesRes","res":true,"term":0,"next":1,"commit":0},"id":73}
DEBUG:root:received {"dest":"n1","src":"n4","body":{"msg_id":9,"in_reply_to":24,"type":"AppendEntriesRes","res":true,"term":0,"next":1,"commit":0},"id":74}
DEBUG:root:received {"dest":"n1","src":"n5","body":{"msg_id":8,"in_reply_to":25,"type":"AppendEntriesRes","res":true,"term":0,"next":1,"commit":0},"id":75}
DEBUG:root:sending {"dest": "n2", "src": "n1", "body": {"msg_id": 26, "type": "AppendEntries", "term": 0, "prevIndex": 0, "prevTerm": 0, "entries": [[["pass", null], 0]], "commit": 0}}
DEBUG:root:sending {"dest": "n3", "src": "n1", "body": {"msg_id": 27, "type": "AppendEntries", "term": 0, "prevIndex": 0, "prevTerm": 0, "entries": [[["pass", null], 0]], "commit": 0}}
DEBUG:root:sending {"dest": "n4", "src": "n1", "body": {"msg_id": 28, "type": "AppendEntries", "term": 0, "prevIndex": 0, "prevTerm": 0, "entries": [[["pass", null], 0]], "commit": 0}}
DEBUG:root:sending {"dest": "n5", "src": "n1", "body": {"msg_id": 29, "type": "AppendEntries", "term": 0, "prevIndex": 0, "prevTerm": 0, "entries": [[["pass", null], 0]], "commit": 0}}
DEBUG:root:received {"dest":"n1","src":"n2","body":{"msg_id":10,"in_reply_to":26,"type":"AppendEntriesRes","res":true,"term":0,"next":1,"commit":0},"id":84}
DEBUG:root:received {"dest":"n1","src":"n3","body":{"msg_id":11,"in_reply_to":27,"type":"AppendEntriesRes","res":true,"term":0,"next":1,"commit":0},"id":85}
DEBUG:root:received {"dest":"n1","src":"n4","body":{"msg_id":11,"in_reply_to":28,"type":"AppendEntriesRes","res":true,"term":0,"next":1,"commit":0},"id":86}
DEBUG:root:received {"dest":"n1","src":"n5","body":{"msg_id":10,"in_reply_to":29,"type":"AppendEntriesRes","res":true,"term":0,"next":1,"commit":0},"id":87}
DEBUG:root:sending {"dest": "n2", "src": "n1", "body": {"msg_id": 30, "type": "AppendEntries", "term": 0, "prevIndex": 0, "prevTerm": 0, "entries": [[["pass", null], 0]], "commit": 0}}
DEBUG:root:sending {"dest": "n3", "src": "n1", "body": {"msg_id": 31, "type": "AppendEntries", "term": 0, "prevIndex": 0, "prevTerm": 0, "entries": [[["pass", null], 0]], "commit": 0}}
DEBUG:root:sending {"dest": "n4", "src": "n1", "body": {"msg_id": 32, "type": "AppendEntries", "term": 0, "prevIndex": 0, "prevTerm": 0, "entries": [[["pass", null], 0]], "commit": 0}}
DEBUG:root:sending {"dest": "n5", "src": "n1", "body": {"msg_id": 33, "type": "AppendEntries", "term": 0, "prevIndex": 0, "prevTerm": 0, "entries": [[["pass", null], 0]], "commit": 0}}
DEBUG:root:received {"dest":"n1","src":"n2","body":{"msg_id":12,"in_reply_to":30,"type":"AppendEntriesRes","res":true,"term":0,"next":1,"commit":0},"id":96}
DEBUG:root:received {"dest":"n1","src":"n3","body":{"msg_id":12,"in_reply_to":31,"type":"AppendEntriesRes","res":true,"term":0,"next":1,"commit":0},"id":97}
DEBUG:root:received {"dest":"n1","src":"n4","body":{"msg_id":12,"in_reply_to":32,"type":"AppendEntriesRes","res":true,"term":0,"next":1,"commit":0},"id":98}
DEBUG:root:received {"dest":"n1","src":"n5","body":{"msg_id":12,"in_reply_to":33,"type":"AppendEntriesRes","res":true,"term":0,"next":1,"commit":0},"id":99}
DEBUG:root:received {"dest":"n1","body":{"key":1,"from":0,"to":2,"type":"cas","msg_id":1},"src":"c19","id":100}
DEBUG:root:sending {"dest": "n2", "src": "n1", "body": {"msg_id": 34, "type": "AppendEntries", "term": 0, "prevIndex": 0, "prevTerm": 0, "entries": [[["pass", null], 0]], "commit": 0}}
DEBUG:root:sending {"dest": "n3", "src": "n1", "body": {"msg_id": 35, "type": "AppendEntries", "term": 0, "prevIndex": 0, "prevTerm": 0, "entries": [[["pass", null], 0]], "commit": 0}}
DEBUG:root:sending {"dest": "n4", "src": "n1", "body": {"msg_id": 36, "type": "AppendEntries", "term": 0, "prevIndex": 0, "prevTerm": 0, "entries": [[["pass", null], 0]], "commit": 0}}
DEBUG:root:sending {"dest": "n5", "src": "n1", "body": {"msg_id": 37, "type": "AppendEntries", "term": 0, "prevIndex": 0, "prevTerm": 0, "entries": [[["pass", null], 0]], "commit": 0}}
DEBUG:root:received {"dest":"n1","src":"n2","body":{"msg_id":13,"in_reply_to":34,"type":"AppendEntriesRes","res":true,"term":0,"next":1,"commit":0},"id":105}
DEBUG:root:received {"dest":"n1","src":"n3","body":{"msg_id":13,"in_reply_to":35,"type":"AppendEntriesRes","res":true,"term":0,"next":1,"commit":0},"id":106}
DEBUG:root:received {"dest":"n1","src":"n4","body":{"msg_id":13,"in_reply_to":36,"type":"AppendEntriesRes","res":true,"term":0,"next":1,"commit":0},"id":107}
DEBUG:root:received {"dest":"n1","src":"n5","body":{"msg_id":13,"in_reply_to":37,"type":"AppendEntriesRes","res":true,"term":0,"next":1,"commit":0},"id":108}
DEBUG:root:sending {"dest": "n2", "src": "n1", "body": {"msg_id": 38, "type": "AppendEntries", "term": 0, "prevIndex": 0, "prevTerm": 0, "entries": [[["pass", null], 0]], "commit": 0}}
DEBUG:root:sending {"dest": "n3", "src": "n1", "body": {"msg_id": 39, "type": "AppendEntries", "term": 0, "prevIndex": 0, "prevTerm": 0, "entries": [[["pass", null], 0]], "commit": 0}}
DEBUG:root:sending {"dest": "n4", "src": "n1", "body": {"msg_id": 40, "type": "AppendEntries", "term": 0, "prevIndex": 0, "prevTerm": 0, "entries": [[["pass", null], 0]], "commit": 0}}
DEBUG:root:sending {"dest": "n5", "src": "n1", "body": {"msg_id": 41, "type": "AppendEntries", "term": 0, "prevIndex": 0, "prevTerm": 0, "entries": [[["pass", null], 0]], "commit": 0}}
DEBUG:root:received {"dest":"n1","src":"n2","body":{"msg_id":15,"in_reply_to":38,"type":"AppendEntriesRes","res":true,"term":0,"next":1,"commit":0},"id":119}
DEBUG:root:received {"dest":"n1","src":"n3","body":{"msg_id":14,"in_reply_to":39,"type":"AppendEntriesRes","res":true,"term":0,"next":1,"commit":0},"id":120}
DEBUG:root:received {"dest":"n1","src":"n4","body":{"msg_id":15,"in_reply_to":40,"type":"AppendEntriesRes","res":true,"term":0,"next":1,"commit":0},"id":121}
DEBUG:root:received {"dest":"n1","src":"n5","body":{"msg_id":15,"in_reply_to":41,"type":"AppendEntriesRes","res":true,"term":0,"next":1,"commit":0},"id":122}
DEBUG:root:sending {"dest": "n2", "src": "n1", "body": {"msg_id": 42, "type": "AppendEntries", "term": 0, "prevIndex": 0, "prevTerm": 0, "entries": [[["pass", null], 0]], "commit": 0}}
DEBUG:root:sending {"dest": "n3", "src": "n1", "body": {"msg_id": 43, "type": "AppendEntries", "term": 0, "prevIndex": 0, "prevTerm": 0, "entries": [[["pass", null], 0]], "commit": 0}}
DEBUG:root:sending {"dest": "n4", "src": "n1", "body": {"msg_id": 44, "type": "AppendEntries", "term": 0, "prevIndex": 0, "prevTerm": 0, "entries": [[["pass", null], 0]], "commit": 0}}
DEBUG:root:sending {"dest": "n5", "src": "n1", "body": {"msg_id": 45, "type": "AppendEntries", "term": 0, "prevIndex": 0, "prevTerm": 0, "entries": [[["pass", null], 0]], "commit": 0}}
DEBUG:root:received {"dest":"n1","src":"n2","body":{"msg_id":16,"in_reply_to":42,"type":"AppendEntriesRes","res":true,"term":0,"next":1,"commit":0},"id":127}
DEBUG:root:received {"dest":"n1","src":"n3","body":{"msg_id":15,"in_reply_to":43,"type":"AppendEntriesRes","res":true,"term":0,"next":1,"commit":0},"id":128}
DEBUG:root:received {"dest":"n1","src":"n5","body":{"msg_id":16,"in_reply_to":45,"type":"AppendEntriesRes","res":true,"term":0,"next":1,"commit":0},"id":130}
DEBUG:root:received {"dest":"n1","src":"n4","body":{"msg_id":16,"in_reply_to":44,"type":"AppendEntriesRes","res":true,"term":0,"next":1,"commit":0},"id":129}
DEBUG:root:received {"dest":"n1","body":{"key":1,"value":4,"type":"write","msg_id":2},"src":"c14","id":131}
DEBUG:root:received {"dest":"n1","body":{"key":1,"from":4,"to":3,"type":"cas","msg_id":2},"src":"c19","id":134}
DEBUG:root:sending {"dest": "n2", "src": "n1", "body": {"msg_id": 46, "type": "AppendEntries", "term": 0, "prevIndex": 0, "prevTerm": 0, "entries": [[["pass", null], 0]], "commit": 0}}
DEBUG:root:sending {"dest": "n3", "src": "n1", "body": {"msg_id": 47, "type": "AppendEntries", "term": 0, "prevIndex": 0, "prevTerm": 0, "entries": [[["pass", null], 0]], "commit": 0}}
DEBUG:root:sending {"dest": "n4", "src": "n1", "body": {"msg_id": 48, "type": "AppendEntries", "term": 0, "prevIndex": 0, "prevTerm": 0, "entries": [[["pass", null], 0]], "commit": 0}}
DEBUG:root:sending {"dest": "n5", "src": "n1", "body": {"msg_id": 49, "type": "AppendEntries", "term": 0, "prevIndex": 0, "prevTerm": 0, "entries": [[["pass", null], 0]], "commit": 0}}
DEBUG:root:received {"dest":"n1","src":"n2","body":{"msg_id":17,"in_reply_to":46,"type":"AppendEntriesRes","res":true,"term":0,"next":1,"commit":0},"id":139}
DEBUG:root:received {"dest":"n1","src":"n3","body":{"msg_id":16,"in_reply_to":47,"type":"AppendEntriesRes","res":true,"term":0,"next":1,"commit":0},"id":140}
DEBUG:root:received {"dest":"n1","src":"n4","body":{"msg_id":17,"in_reply_to":48,"type":"AppendEntriesRes","res":true,"term":0,"next":1,"commit":0},"id":141}
DEBUG:root:received {"dest":"n1","src":"n5","body":{"msg_id":18,"in_reply_to":49,"type":"AppendEntriesRes","res":true,"term":0,"next":1,"commit":0},"id":142}
DEBUG:root:sending {"dest": "n2", "src": "n1", "body": {"msg_id": 50, "type": "AppendEntries", "term": 0, "prevIndex": 0, "prevTerm": 0, "entries": [[["pass", null], 0]], "commit": 0}}
DEBUG:root:sending {"dest": "n3", "src": "n1", "body": {"msg_id": 51, "type": "AppendEntries", "term": 0, "prevIndex": 0, "prevTerm": 0, "entries": [[["pass", null], 0]], "commit": 0}}
DEBUG:root:sending {"dest": "n4", "src": "n1", "body": {"msg_id": 52, "type": "AppendEntries", "term": 0, "prevIndex": 0, "prevTerm": 0, "entries": [[["pass", null], 0]], "commit": 0}}
DEBUG:root:sending {"dest": "n5", "src": "n1", "body": {"msg_id": 53, "type": "AppendEntries", "term": 0, "prevIndex": 0, "prevTerm": 0, "entries": [[["pass", null], 0]], "commit": 0}}
DEBUG:root:received {"dest":"n1","src":"n2","body":{"msg_id":20,"in_reply_to":50,"type":"AppendEntriesRes","res":true,"term":0,"next":1,"commit":0},"id":151}
DEBUG:root:received {"dest":"n1","src":"n3","body":{"msg_id":17,"in_reply_to":51,"type":"AppendEntriesRes","res":true,"term":0,"next":1,"commit":0},"id":152}
DEBUG:root:received {"dest":"n1","src":"n4","body":{"msg_id":18,"in_reply_to":52,"type":"AppendEntriesRes","res":true,"term":0,"next":1,"commit":0},"id":153}
DEBUG:root:received {"dest":"n1","src":"n5","body":{"msg_id":19,"in_reply_to":53,"type":"AppendEntriesRes","res":true,"term":0,"next":1,"commit":0},"id":154}
DEBUG:root:sending {"dest": "n2", "src": "n1", "body": {"msg_id": 54, "type": "AppendEntries", "term": 0, "prevIndex": 0, "prevTerm": 0, "entries": [[["pass", null], 0]], "commit": 0}}
DEBUG:root:sending {"dest": "n3", "src": "n1", "body": {"msg_id": 55, "type": "AppendEntries", "term": 0, "prevIndex": 0, "prevTerm": 0, "entries": [[["pass", null], 0]], "commit": 0}}
DEBUG:root:sending {"dest": "n4", "src": "n1", "body": {"msg_id": 56, "type": "AppendEntries", "term": 0, "prevIndex": 0, "prevTerm": 0, "entries": [[["pass", null], 0]], "commit": 0}}
DEBUG:root:sending {"dest": "n5", "src": "n1", "body": {"msg_id": 57, "type": "AppendEntries", "term": 0, "prevIndex": 0, "prevTerm": 0, "entries": [[["pass", null], 0]], "commit": 0}}
DEBUG:root:received {"dest":"n1","src":"n2","body":{"msg_id":21,"in_reply_to":54,"type":"AppendEntriesRes","res":true,"term":0,"next":1,"commit":0},"id":163}
DEBUG:root:received {"dest":"n1","src":"n3","body":{"msg_id":18,"in_reply_to":55,"type":"AppendEntriesRes","res":true,"term":0,"next":1,"commit":0},"id":164}
DEBUG:root:received {"dest":"n1","src":"n4","body":{"msg_id":20,"in_reply_to":56,"type":"AppendEntriesRes","res":true,"term":0,"next":1,"commit":0},"id":165}
DEBUG:root:received {"dest":"n1","src":"n5","body":{"msg_id":21,"in_reply_to":57,"type":"AppendEntriesRes","res":true,"term":0,"next":1,"commit":0},"id":166}
