DEBUG:root:received {"dest":"n5","body":{"type":"init","node_id":"n5","node_ids":["n1","n2","n3","n4","n5"],"msg_id":1},"src":"c1","id":1}
INFO:root:node n5 initialized
DEBUG:root:sending {"dest": "c1", "src": "n5", "body": {"msg_id": 1, "in_reply_to": 1, "type": "init_ok"}}
DEBUG:root:received {"dest":"n5","src":"n1","body":{"msg_id":5,"type":"AppendEntries","term":0,"prevIndex":0,"prevTerm":0,"entries":[[["pass",null],0]],"commit":0},"id":13}
DEBUG:root:sending {"dest": "n1", "src": "n5", "body": {"msg_id": 2, "in_reply_to": 5, "type": "AppendEntriesRes", "res": true, "term": 0, "next": 1, "commit": 0}}
DEBUG:root:received {"dest":"n5","src":"n1","body":{"msg_id":9,"type":"AppendEntries","term":0,"prevIndex":1,"prevTerm":[1,[4,0]],"entries":[["write",[1,1],0]],"commit":0},"id":28}
DEBUG:root:sending {"dest": "n1", "src": "n5", "body": {"msg_id": 3, "in_reply_to": 9, "type": "AppendEntriesRes", "res": false, "term": 0}}
DEBUG:root:received {"dest":"n5","src":"n1","body":{"msg_id":13,"type":"AppendEntries","term":0,"prevIndex":0,"prevTerm":0,"entries":[["cas",[1,[4,0]],0],["write",[1,1],0]],"commit":0},"id":36}
DEBUG:root:sending {"dest": "n1", "src": "n5", "body": {"msg_id": 4, "in_reply_to": 13, "type": "AppendEntriesRes", "res": true, "term": 0, "next": 2, "commit": 0}}
DEBUG:root:received {"dest":"n5","body":{"key":1,"from":0,"to":0,"type":"cas","msg_id":1},"src":"c14","id":40}
DEBUG:root:sending {"dest": "c14", "src": "n5", "body": {"msg_id": 5, "in_reply_to": 1, "type": "error", "code": 11, "text": "Not Leader"}}
DEBUG:root:received {"dest":"n5","body":{"key":0,"type":"read","msg_id":1},"src":"c16","id":44}
DEBUG:root:sending {"dest": "c16", "src": "n5", "body": {"msg_id": 6, "in_reply_to": 1, "type": "error", "code": 11, "text": "Not Leader"}}
DEBUG:root:received {"dest":"n5","body":{"key":0,"type":"read","msg_id":2},"src":"c16","id":48}
DEBUG:root:sending {"dest": "c16", "src": "n5", "body": {"msg_id": 7, "in_reply_to": 2, "type": "error", "code": 11, "text": "Not Leader"}}
DEBUG:root:received {"dest":"n5","src":"n1","body":{"msg_id":17,"type":"AppendEntries","term":0,"prevIndex":2,"prevTerm":[1,1],"entries":[["cas",[0,[1,4]],0]],"commit":0},"id":54}
ERROR:root:fatal exception in handler
Traceback (most recent call last):
  File "/home/peter/Documents/tf/lab3/ms.py", line 27, in exitOnError
    fn(*args)
  File "/home/peter/Documents/tf/lab3/raft.py", line 276, in handle
    elif log[msg.body.prevIndex][1]!=msg.body.prevTerm:
IndexError: list index out of range
