2022-05-04 15:26:35,692{GMT}	INFO	[jepsen test runner] jepsen.core: Test version 99e6fb2a3505fae4b1987d97b445a48b7ad1f664 (plus uncommitted changes)
2022-05-04 15:26:35,693{GMT}	INFO	[jepsen test runner] jepsen.core: Command line:
lein run test --bin raft.py --workload lin-kv --time-limit 2 --concurrency 4n
2022-05-04 15:26:35,942{GMT}	INFO	[jepsen test runner] jepsen.core: Running test:
{:remote #jepsen.control.SSHRemote{:session nil}
 :log-net-send false
 :node-count nil
 :max-txn-length 4
 :concurrency 20
 :db
 #object[maelstrom.db$db$reify__16747
         "0xcf0e8b4"
         "maelstrom.db$db$reify__16747@cf0e8b4"]
 :max-writes-per-key 16
 :leave-db-running? false
 :name "lin-kv"
 :logging-json? false
 :net-journal #object[clojure.lang.Atom "0x51a7ee4e" {:status :ready, :val []}]
 :start-time
 #object[org.joda.time.DateTime "0x424c8ebe" "2022-05-04T15:26:35.000+01:00"]
 :nemesis-interval 10
 :net
 #object[maelstrom.net$jepsen_adapter$reify__15560
         "0x7aafac17"
         "maelstrom.net$jepsen_adapter$reify__15560@7aafac17"]
 :client
 #object[maelstrom.workload.lin_kv$client$reify__17524
         "0x3054551f"
         "maelstrom.workload.lin_kv$client$reify__17524@3054551f"]
 :barrier
 #object[java.util.concurrent.CyclicBarrier
         "0x6b8cfbeb"
         "java.util.concurrent.CyclicBarrier@6b8cfbeb"]
 :log-stderr false
 :pure-generators true
 :ssh {:dummy? true}
 :rate 5
 :checker
 #object[jepsen.checker$compose$reify__8612
         "0x4603845b"
         "jepsen.checker$compose$reify__8612@4603845b"]
 :argv
 ("test"
  "--bin"
  "raft.py"
  "--workload"
  "lin-kv"
  "--time-limit"
  "2"
  "--concurrency"
  "4n")
 :nemesis
 (jepsen.nemesis.ReflCompose
  {:fm {:start-partition 0,
        :stop-partition 0,
        :kill 1,
        :start 1,
        :pause 1,
        :resume 1},
   :nemeses [#unprintable "jepsen.nemesis.combined$partition_nemesis$reify__17019@414b5798"
             #unprintable "jepsen.nemesis.combined$db_nemesis$reify__17000@53251e03"]})
 :active-histories
 #object[clojure.lang.Atom "0x5ffae42f" {:status :ready, :val #{}}]
 :nodes ["n1" "n2" "n3" "n4" "n5"]
 :test-count 1
 :latency {:mean 0, :dist :constant}
 :bin "raft.py"
 :generator
 (jepsen.generator.TimeLimit
  {:limit 2000000000,
   :cutoff nil,
   :gen (jepsen.generator.Any
         {:gens [(jepsen.generator.OnThreads {:f #{:nemesis}, :gen nil})
                 (jepsen.generator.OnThreads
                  {:f #object[clojure.core$complement$fn__5654
                              "0x3eff5c32"
                              "clojure.core$complement$fn__5654@3eff5c32"],
                   :gen (jepsen.generator.Stagger
                         {:dt 400000000,
                          :next-time nil,
                          :gen (jepsen.generator.OnThreads
                                {:f #object[clojure.core$complement$fn__5654
                                            "0x79d538c1"
                                            "clojure.core$complement$fn__5654@79d538c1"],
                                 :gen (jepsen.independent.ConcurrentGenerator
                                       {:n 10,
                                        :fgen #object[jepsen.tests.linearizable_register$test$fn__17324
                                                      "0x31e08c61"
                                                      "jepsen.tests.linearizable_register$test$fn__17324@31e08c61"],
                                        :group->threads nil,
                                        :thread->group nil,
                                        :keys (0 1 2 3 4 5 6 7 ...),
                                        :gens nil})})})})]})})
 :log-net-recv false
 :os
 #object[jepsen.os$reify__2490 "0x2db15764" "jepsen.os$reify__2490@2db15764"]
 :time-limit 2
 :workload :lin-kv
 :consistency-models [:strict-serializable]
 :topology :grid}

2022-05-04 15:26:35,968{GMT}	INFO	[jepsen test runner] jepsen.db: Tearing down DB
2022-05-04 15:26:35,976{GMT}	INFO	[jepsen test runner] jepsen.db: Setting up DB
2022-05-04 15:26:35,980{GMT}	INFO	[jepsen node n2] maelstrom.db: Setting up n2
2022-05-04 15:26:35,980{GMT}	INFO	[jepsen node n4] maelstrom.db: Setting up n4
2022-05-04 15:26:35,981{GMT}	INFO	[jepsen node n5] maelstrom.db: Setting up n5
2022-05-04 15:26:35,983{GMT}	INFO	[jepsen node n3] maelstrom.db: Setting up n3
2022-05-04 15:26:35,985{GMT}	INFO	[jepsen node n5] maelstrom.process: launching raft.py nil
2022-05-04 15:26:35,983{GMT}	INFO	[jepsen node n2] maelstrom.process: launching raft.py nil
2022-05-04 15:26:35,983{GMT}	INFO	[jepsen node n4] maelstrom.process: launching raft.py nil
2022-05-04 15:26:35,985{GMT}	INFO	[jepsen node n3] maelstrom.process: launching raft.py nil
2022-05-04 15:26:35,990{GMT}	INFO	[jepsen node n1] maelstrom.service: Starting services: (lin-kv lin-tso lww-kv seq-kv)
2022-05-04 15:26:36,041{GMT}	INFO	[jepsen node n1] maelstrom.db: Setting up n1
2022-05-04 15:26:36,043{GMT}	INFO	[jepsen node n1] maelstrom.process: launching raft.py nil
2022-05-04 15:26:36,250{GMT}	INFO	[jepsen test runner] jepsen.core: Relative time begins now
2022-05-04 15:26:36,350{GMT}	INFO	[jepsen worker 11] jepsen.util: 11	:invoke	:cas	[1 [1 2]]
2022-05-04 15:26:36,406{GMT}	INFO	[jepsen worker 15] jepsen.util: 15	:invoke	:cas	[1 [3 0]]
2022-05-04 15:26:36,596{GMT}	INFO	[jepsen worker 0] jepsen.util: 0	:invoke	:read	[0 nil]
2022-05-04 15:26:36,610{GMT}	INFO	[jepsen worker 0] jepsen.util: 0	:fail	:read	[0 nil]	[:unknown "Invalid Key"]
2022-05-04 15:26:36,647{GMT}	INFO	[jepsen worker 12] jepsen.util: 12	:invoke	:cas	[1 [4 4]]
2022-05-04 15:26:36,654{GMT}	INFO	[jepsen worker 12] jepsen.util: 12	:info	:cas	[1 [4 4]]	[:unknown "Not Leader"]
2022-05-04 15:26:36,859{GMT}	INFO	[jepsen worker 7] jepsen.util: 7	:invoke	:cas	[0 [4 0]]
2022-05-04 15:26:36,864{GMT}	INFO	[jepsen worker 7] jepsen.util: 7	:info	:cas	[0 [4 0]]	[:unknown "Not Leader"]
2022-05-04 15:26:37,230{GMT}	INFO	[jepsen worker 14] jepsen.util: 14	:invoke	:write	[1 0]
2022-05-04 15:26:37,237{GMT}	INFO	[jepsen worker 14] jepsen.util: 14	:info	:write	[1 0]	[:unknown "Not Leader"]
2022-05-04 15:26:37,354{GMT}	INFO	[jepsen worker 11] jepsen.util: 11	:info	:cas	[1 [1 2]]	:net-timeout
2022-05-04 15:26:37,408{GMT}	INFO	[jepsen worker 15] jepsen.util: 15	:info	:cas	[1 [3 0]]	:net-timeout
2022-05-04 15:26:37,559{GMT}	INFO	[jepsen worker 18] jepsen.util: 18	:invoke	:write	[1 0]
2022-05-04 15:26:37,608{GMT}	INFO	[jepsen worker 18] jepsen.util: 18	:info	:write	[1 0]	[:unknown "Not Leader"]
2022-05-04 15:26:37,639{GMT}	INFO	[jepsen worker 16] jepsen.util: 16	:invoke	:cas	[1 [2 1]]
2022-05-04 15:26:37,956{GMT}	INFO	[jepsen worker 7] jepsen.util: 27	:invoke	:cas	[0 [4 4]]
2022-05-04 15:26:37,962{GMT}	INFO	[jepsen worker 7] jepsen.util: 27	:info	:cas	[0 [4 4]]	[:unknown "Not Leader"]
2022-05-04 15:26:38,067{GMT}	INFO	[jepsen worker 3] jepsen.util: 3	:invoke	:read	[0 nil]
2022-05-04 15:26:38,073{GMT}	INFO	[jepsen worker 3] jepsen.util: 3	:fail	:read	[0 nil]	[:unknown "Not Leader"]
2022-05-04 15:26:38,232{GMT}	INFO	[jepsen worker 4] jepsen.util: 4	:invoke	:read	[0 nil]
2022-05-04 15:26:38,247{GMT}	INFO	[jepsen worker 4] jepsen.util: 4	:fail	:read	[0 nil]	[:unknown "Not Leader"]
2022-05-04 15:26:38,249{GMT}	INFO	[jepsen worker 3] jepsen.util: 3	:invoke	:read	[0 nil]
2022-05-04 15:26:38,337{GMT}	INFO	[jepsen worker 3] jepsen.util: 3	:fail	:read	[0 nil]	[:unknown "Invalid Key"]
2022-05-04 15:26:38,641{GMT}	INFO	[jepsen worker 16] jepsen.util: 16	:info	:cas	[1 [2 1]]	:net-timeout
2022-05-04 15:26:38,663{GMT}	INFO	[jepsen node n1] maelstrom.db: Tearing down n1
2022-05-04 15:26:38,664{GMT}	INFO	[jepsen node n2] maelstrom.db: Tearing down n2
2022-05-04 15:26:38,665{GMT}	INFO	[jepsen node n4] maelstrom.db: Tearing down n4
2022-05-04 15:26:38,665{GMT}	INFO	[jepsen node n3] maelstrom.db: Tearing down n3
2022-05-04 15:26:38,665{GMT}	INFO	[jepsen node n5] maelstrom.db: Tearing down n5
2022-05-04 15:26:40,048{GMT}	INFO	[jepsen test runner] jepsen.core: Run complete, writing
2022-05-04 15:26:40,321{GMT}	INFO	[jepsen test runner] jepsen.core: Analyzing...
2022-05-04 15:26:40,578{GMT}	INFO	[clojure-agent-send-pool-0] jepsen.independent: Wrote /home/peter/Documents/tf/lab3/store/lin-kv/20220504T152635.000+0100/independent/0/results.edn
2022-05-04 15:26:40,588{GMT}	INFO	[clojure-agent-send-pool-0] jepsen.independent: Wrote /home/peter/Documents/tf/lab3/store/lin-kv/20220504T152635.000+0100/independent/0/history.edn
2022-05-04 15:26:40,666{GMT}	INFO	[clojure-agent-send-pool-1] jepsen.independent: Wrote /home/peter/Documents/tf/lab3/store/lin-kv/20220504T152635.000+0100/independent/1/results.edn
2022-05-04 15:26:40,671{GMT}	INFO	[clojure-agent-send-pool-1] jepsen.independent: Wrote /home/peter/Documents/tf/lab3/store/lin-kv/20220504T152635.000+0100/independent/1/history.edn
2022-05-04 15:26:41,465{GMT}	INFO	[jepsen test runner] jepsen.core: Analysis complete
2022-05-04 15:26:41,557{GMT}	INFO	[jepsen results] jepsen.store: Wrote /home/peter/Documents/tf/lab3/store/lin-kv/20220504T152635.000+0100/results.edn
2022-05-04 15:26:41,721{GMT}	INFO	[jepsen test runner] jepsen.core: {:perf {:latency-graph {:valid? true},
        :rate-graph {:valid? true},
        :valid? true},
 :timeline {:valid? true},
 :exceptions {:valid? true},
 :stats {:valid? false,
         :count 12,
         :ok-count 0,
         :fail-count 4,
         :info-count 8,
         :by-f {:cas {:valid? false,
                      :count 6,
                      :ok-count 0,
                      :fail-count 0,
                      :info-count 6},
                :read {:valid? false,
                       :count 4,
                       :ok-count 0,
                       :fail-count 4,
                       :info-count 0},
                :write {:valid? false,
                        :count 2,
                        :ok-count 0,
                        :fail-count 0,
                        :info-count 2}}},
 :net {:stats {:all {:send-count 1805,
                     :recv-count 1805,
                     :msg-count 1805,
                     :msgs-per-op 150.41667},
               :clients {:send-count 31,
                         :recv-count 31,
                         :msg-count 31},
               :servers {:send-count 1774,
                         :recv-count 1774,
                         :msg-count 1774,
                         :msgs-per-op 147.83333}},
       :valid? true},
 :workload {:valid? true,
            :results {0 {:linearizable {:valid? true,
                                        :configs ({:model #knossos.model.CASRegister{:value nil},
                                                   :last-op nil,
                                                   :pending [{:process 7,
                                                              :type :invoke,
                                                              :f :cas,
                                                              :value [4
                                                                      0],
                                                              :index 6,
                                                              :time 607601461}
                                                             {:process 27,
                                                              :type :invoke,
                                                              :f :cas,
                                                              :value [4
                                                                      4],
                                                              :index 15,
                                                              :time 1704452938}]}),
                                        :final-paths ()},
                         :timeline {:valid? true},
                         :valid? true},
                      1 {:linearizable {:valid? true,
                                        :configs ({:model #knossos.model.CASRegister{:value nil},
                                                   :last-op nil,
                                                   :pending [{:process 11,
                                                              :type :invoke,
                                                              :f :cas,
                                                              :value [1
                                                                      2],
                                                              :index 0,
                                                              :time 59859525}
                                                             {:process 12,
                                                              :type :invoke,
                                                              :f :cas,
                                                              :value [4
                                                                      4],
                                                              :index 4,
                                                              :time 396344294}
                                                             {:process 14,
                                                              :type :invoke,
                                                              :f :write,
                                                              :value 0,
                                                              :index 8,
                                                              :time 979321713}
                                                             {:process 15,
                                                              :type :invoke,
                                                              :f :cas,
                                                              :value [3
                                                                      0],
                                                              :index 1,
                                                              :time 154460270}
                                                             {:process 16,
                                                              :type :invoke,
                                                              :f :cas,
                                                              :value [2
                                                                      1],
                                                              :index 14,
                                                              :time 1389211067}
                                                             {:process 18,
                                                              :type :invoke,
                                                              :f :write,
                                                              :value 0,
                                                              :index 12,
                                                              :time 1308888024}]}),
                                        :final-paths ()},
                         :timeline {:valid? true},
                         :valid? true}},
            :failures []},
 :valid? false}


Analysis invalid! (ﾉಥ益ಥ）ﾉ ┻━┻
