DEBUG:root:received {"dest":"n4","body":{"type":"init","node_id":"n4","node_ids":["n1","n2","n3","n4","n5"],"msg_id":1},"src":"c3","id":3}
INFO:root:node n4 initialized
DEBUG:root:sending {"dest": "c3", "src": "n4", "body": {"msg_id": 1, "in_reply_to": 1, "type": "init_ok"}}
DEBUG:root:sending {"dest": "n1", "src": "n4", "body": {"msg_id": 2, "type": "RequestVote", "term": 1, "prevLogIndex": 2, "lastLogTerm": 0, "candidateId": "n4"}}
DEBUG:root:sending {"dest": "n2", "src": "n4", "body": {"msg_id": 3, "type": "RequestVote", "term": 1, "prevLogIndex": 2, "lastLogTerm": 0, "candidateId": "n4"}}
DEBUG:root:sending {"dest": "n3", "src": "n4", "body": {"msg_id": 4, "type": "RequestVote", "term": 1, "prevLogIndex": 2, "lastLogTerm": 0, "candidateId": "n4"}}
DEBUG:root:sending {"dest": "n4", "src": "n4", "body": {"msg_id": 5, "type": "RequestVote", "term": 1, "prevLogIndex": 2, "lastLogTerm": 0, "candidateId": "n4"}}
DEBUG:root:sending {"dest": "n5", "src": "n4", "body": {"msg_id": 6, "type": "RequestVote", "term": 1, "prevLogIndex": 2, "lastLogTerm": 0, "candidateId": "n4"}}
/home/peter/Documents/tf/lab3/raft.py:132: DeprecationWarning: non-integer arguments to randrange() have been deprecated since Python 3.10 and will be removed in a subsequent version
  sec = random.randrange(min_time,max_time)
DEBUG:root:received {"dest":"n4","src":"n4","body":{"msg_id":5,"type":"RequestVote","term":1,"prevLogIndex":2,"lastLogTerm":0,"candidateId":"n4"},"id":19}
DEBUG:root:received {"dest":"n4","src":"n3","body":{"msg_id":5,"type":"RequestVote","term":1,"prevLogIndex":2,"lastLogTerm":0,"candidateId":"n3"},"id":20}
DEBUG:root:received {"dest":"n4","src":"n5","body":{"msg_id":5,"type":"RequestVote","term":1,"prevLogIndex":2,"lastLogTerm":0,"candidateId":"n5"},"id":21}
DEBUG:root:received {"dest":"n4","src":"n2","body":{"msg_id":5,"type":"RequestVote","term":1,"prevLogIndex":2,"lastLogTerm":0,"candidateId":"n2"},"id":27}
DEBUG:root:received {"dest":"n4","body":{"key":0,"type":"read","msg_id":1},"src":"c10","id":30}
DEBUG:root:sending {"dest": "c10", "src": "n4", "body": {"msg_id": 7, "in_reply_to": 1, "type": "error", "code": 11}}
DEBUG:root:received {"dest":"n4","body":{"key":1,"value":0,"type":"write","msg_id":1},"src":"c11","id":32}
DEBUG:root:sending {"dest": "c11", "src": "n4", "body": {"msg_id": 8, "in_reply_to": 1, "type": "error", "code": 11}}
DEBUG:root:received {"dest":"n4","body":{"key":1,"value":4,"type":"write","msg_id":1},"src":"c16","id":41}
DEBUG:root:sending {"dest": "c16", "src": "n4", "body": {"msg_id": 9, "in_reply_to": 1, "type": "error", "code": 11}}
