2022-05-01 22:53:05,127{GMT}	INFO	[jepsen test runner] jepsen.core: Test version 9d8335254928801a78e4e56f8c438d06a68b66d5 (plus uncommitted changes)
2022-05-01 22:53:05,128{GMT}	INFO	[jepsen test runner] jepsen.core: Command line:
lein run test --workload lin-kv --bin raft.py --time-limit 5 --concurrency 4n
2022-05-01 22:53:05,183{GMT}	INFO	[jepsen test runner] jepsen.core: Running test:
{:remote #jepsen.control.SSHRemote{:session nil}
 :log-net-send false
 :node-count nil
 :max-txn-length 4
 :concurrency 20
 :db
 #object[maelstrom.db$db$reify__16747
         "0x3a5812dc"
         "maelstrom.db$db$reify__16747@3a5812dc"]
 :max-writes-per-key 16
 :leave-db-running? false
 :name "lin-kv"
 :logging-json? false
 :net-journal #object[clojure.lang.Atom "0x1b9075c9" {:status :ready, :val []}]
 :start-time
 #object[org.joda.time.DateTime "0x75be6796" "2022-05-01T22:53:05.000+01:00"]
 :nemesis-interval 10
 :net
 #object[maelstrom.net$jepsen_adapter$reify__15560
         "0xce24a98"
         "maelstrom.net$jepsen_adapter$reify__15560@ce24a98"]
 :client
 #object[maelstrom.workload.lin_kv$client$reify__17524
         "0x496101d1"
         "maelstrom.workload.lin_kv$client$reify__17524@496101d1"]
 :barrier
 #object[java.util.concurrent.CyclicBarrier
         "0x19858f26"
         "java.util.concurrent.CyclicBarrier@19858f26"]
 :log-stderr false
 :pure-generators true
 :ssh {:dummy? true}
 :rate 5
 :checker
 #object[jepsen.checker$compose$reify__8612
         "0x4c14ed24"
         "jepsen.checker$compose$reify__8612@4c14ed24"]
 :argv
 ("test"
  "--workload"
  "lin-kv"
  "--bin"
  "raft.py"
  "--time-limit"
  "5"
  "--concurrency"
  "4n")
 :nemesis
 (jepsen.nemesis.ReflCompose
  {:fm {:start-partition 0,
        :stop-partition 0,
        :kill 1,
        :start 1,
        :pause 1,
        :resume 1},
   :nemeses [#unprintable "jepsen.nemesis.combined$partition_nemesis$reify__17019@523cc8b4"
             #unprintable "jepsen.nemesis.combined$db_nemesis$reify__17000@139224ab"]})
 :active-histories
 #object[clojure.lang.Atom "0x26db7540" {:status :ready, :val #{}}]
 :nodes ["n1" "n2" "n3" "n4" "n5"]
 :test-count 1
 :latency {:mean 0, :dist :constant}
 :bin "raft.py"
 :generator
 (jepsen.generator.TimeLimit
  {:limit 5000000000,
   :cutoff nil,
   :gen (jepsen.generator.Any
         {:gens [(jepsen.generator.OnThreads {:f #{:nemesis}, :gen nil})
                 (jepsen.generator.OnThreads
                  {:f #object[clojure.core$complement$fn__5654
                              "0x1bc6a43c"
                              "clojure.core$complement$fn__5654@1bc6a43c"],
                   :gen (jepsen.generator.Stagger
                         {:dt 400000000,
                          :next-time nil,
                          :gen (jepsen.generator.OnThreads
                                {:f #object[clojure.core$complement$fn__5654
                                            "0x5f3fa154"
                                            "clojure.core$complement$fn__5654@5f3fa154"],
                                 :gen (jepsen.independent.ConcurrentGenerator
                                       {:n 10,
                                        :fgen #object[jepsen.tests.linearizable_register$test$fn__17324
                                                      "0x6193340e"
                                                      "jepsen.tests.linearizable_register$test$fn__17324@6193340e"],
                                        :group->threads nil,
                                        :thread->group nil,
                                        :keys (0 1 2 3 4 5 6 7 ...),
                                        :gens nil})})})})]})})
 :log-net-recv false
 :os
 #object[jepsen.os$reify__2490 "0x158774d3" "jepsen.os$reify__2490@158774d3"]
 :time-limit 5
 :workload :lin-kv
 :consistency-models [:strict-serializable]
 :topology :grid}

2022-05-01 22:53:05,190{GMT}	INFO	[jepsen test runner] jepsen.db: Tearing down DB
2022-05-01 22:53:05,193{GMT}	INFO	[jepsen test runner] jepsen.db: Setting up DB
2022-05-01 22:53:05,194{GMT}	INFO	[jepsen node n3] maelstrom.db: Setting up n3
2022-05-01 22:53:05,194{GMT}	INFO	[jepsen node n2] maelstrom.db: Setting up n2
2022-05-01 22:53:05,194{GMT}	INFO	[jepsen node n4] maelstrom.db: Setting up n4
2022-05-01 22:53:05,194{GMT}	INFO	[jepsen node n5] maelstrom.db: Setting up n5
2022-05-01 22:53:05,195{GMT}	INFO	[jepsen node n3] maelstrom.process: launching raft.py nil
2022-05-01 22:53:05,195{GMT}	INFO	[jepsen node n2] maelstrom.process: launching raft.py nil
2022-05-01 22:53:05,195{GMT}	INFO	[jepsen node n4] maelstrom.process: launching raft.py nil
2022-05-01 22:53:05,195{GMT}	INFO	[jepsen node n5] maelstrom.process: launching raft.py nil
2022-05-01 22:53:05,197{GMT}	INFO	[jepsen node n1] maelstrom.service: Starting services: (lin-kv lin-tso lww-kv seq-kv)
2022-05-01 22:53:05,220{GMT}	INFO	[jepsen node n1] maelstrom.db: Setting up n1
2022-05-01 22:53:05,225{GMT}	INFO	[jepsen node n1] maelstrom.process: launching raft.py nil
2022-05-01 22:53:05,262{GMT}	INFO	[jepsen test runner] jepsen.core: Relative time begins now
2022-05-01 22:53:05,289{GMT}	INFO	[jepsen worker 5] jepsen.util: 5	:invoke	:write	[0 0]
2022-05-01 22:53:05,296{GMT}	INFO	[jepsen worker 5] jepsen.util: 5	:info	:write	[0 0]	[:unknown "Not Leader"]
2022-05-01 22:53:05,566{GMT}	INFO	[jepsen worker 7] jepsen.util: 7	:invoke	:write	[0 2]
2022-05-01 22:53:05,570{GMT}	INFO	[jepsen worker 7] jepsen.util: 7	:info	:write	[0 2]	[:unknown "Not Leader"]
2022-05-01 22:53:05,611{GMT}	INFO	[jepsen worker 16] jepsen.util: 16	:invoke	:cas	[1 [3 0]]
2022-05-01 22:53:05,616{GMT}	INFO	[jepsen worker 16] jepsen.util: 16	:info	:cas	[1 [3 0]]	[:unknown "Not Leader"]
2022-05-01 22:53:05,858{GMT}	INFO	[jepsen worker 5] jepsen.util: 25	:invoke	:cas	[0 [1 2]]
2022-05-01 22:53:05,860{GMT}	INFO	[jepsen worker 5] jepsen.util: 25	:info	:cas	[0 [1 2]]	[:unknown "Not Leader"]
2022-05-01 22:53:05,956{GMT}	INFO	[jepsen worker 11] jepsen.util: 11	:invoke	:cas	[1 [3 3]]
2022-05-01 22:53:05,959{GMT}	INFO	[jepsen worker 11] jepsen.util: 11	:info	:cas	[1 [3 3]]	[:unknown "Not Leader"]
2022-05-01 22:53:05,983{GMT}	INFO	[jepsen worker 4] jepsen.util: 4	:invoke	:read	[0 nil]
2022-05-01 22:53:05,986{GMT}	INFO	[jepsen worker 4] jepsen.util: 4	:fail	:read	[0 nil]	[:unknown "Not Leader"]
2022-05-01 22:53:06,253{GMT}	INFO	[jepsen worker 7] jepsen.util: 27	:invoke	:cas	[0 [4 4]]
2022-05-01 22:53:06,258{GMT}	INFO	[jepsen worker 7] jepsen.util: 27	:info	:cas	[0 [4 4]]	[:unknown "Not Leader"]
2022-05-01 22:53:06,385{GMT}	INFO	[jepsen worker 1] jepsen.util: 1	:invoke	:read	[0 nil]
2022-05-01 22:53:06,391{GMT}	INFO	[jepsen worker 1] jepsen.util: 1	:fail	:read	[0 nil]	[:unknown "Not Leader"]
2022-05-01 22:53:06,418{GMT}	INFO	[jepsen worker 2] jepsen.util: 2	:invoke	:read	[0 nil]
2022-05-01 22:53:06,422{GMT}	INFO	[jepsen worker 2] jepsen.util: 2	:fail	:read	[0 nil]	[:unknown "Not Leader"]
2022-05-01 22:53:06,540{GMT}	INFO	[jepsen worker 0] jepsen.util: 0	:invoke	:read	[0 nil]
2022-05-01 22:53:06,543{GMT}	INFO	[jepsen worker 0] jepsen.util: 0	:fail	:read	[0 nil]	[:unknown "Not Leader"]
2022-05-01 22:53:06,593{GMT}	INFO	[jepsen worker 12] jepsen.util: 12	:invoke	:write	[1 3]
2022-05-01 22:53:06,594{GMT}	INFO	[jepsen worker 12] jepsen.util: 12	:info	:write	[1 3]	[:unknown "Not Leader"]
2022-05-01 22:53:06,765{GMT}	INFO	[jepsen worker 19] jepsen.util: 19	:invoke	:cas	[1 [1 3]]
2022-05-01 22:53:06,769{GMT}	INFO	[jepsen worker 19] jepsen.util: 19	:info	:cas	[1 [1 3]]	[:unknown "Not Leader"]
2022-05-01 22:53:07,066{GMT}	INFO	[jepsen worker 17] jepsen.util: 17	:invoke	:cas	[1 [1 0]]
2022-05-01 22:53:07,068{GMT}	INFO	[jepsen worker 17] jepsen.util: 17	:info	:cas	[1 [1 0]]	[:unknown "Not Leader"]
2022-05-01 22:53:07,346{GMT}	INFO	[jepsen worker 0] jepsen.util: 0	:invoke	:read	[0 nil]
2022-05-01 22:53:07,350{GMT}	INFO	[jepsen worker 0] jepsen.util: 0	:fail	:read	[0 nil]	[:unknown "Not Leader"]
2022-05-01 22:53:07,480{GMT}	INFO	[jepsen worker 0] jepsen.util: 0	:invoke	:read	[0 nil]
2022-05-01 22:53:07,484{GMT}	INFO	[jepsen worker 0] jepsen.util: 0	:fail	:read	[0 nil]	[:unknown "Not Leader"]
2022-05-01 22:53:07,556{GMT}	INFO	[jepsen worker 4] jepsen.util: 4	:invoke	:read	[0 nil]
2022-05-01 22:53:07,560{GMT}	INFO	[jepsen worker 4] jepsen.util: 4	:fail	:read	[0 nil]	[:unknown "Not Leader"]
2022-05-01 22:53:07,719{GMT}	INFO	[jepsen worker 2] jepsen.util: 2	:invoke	:read	[0 nil]
2022-05-01 22:53:07,723{GMT}	INFO	[jepsen worker 2] jepsen.util: 2	:fail	:read	[0 nil]	[:unknown "Not Leader"]
2022-05-01 22:53:08,068{GMT}	INFO	[jepsen worker 10] jepsen.util: 10	:invoke	:write	[1 4]
2022-05-01 22:53:08,073{GMT}	INFO	[jepsen worker 10] jepsen.util: 10	:info	:write	[1 4]	[:unknown "Not Leader"]
2022-05-01 22:53:08,416{GMT}	INFO	[jepsen worker 9] jepsen.util: 9	:invoke	:cas	[0 [2 4]]
2022-05-01 22:53:08,421{GMT}	INFO	[jepsen worker 9] jepsen.util: 9	:info	:cas	[0 [2 4]]	[:unknown "Not Leader"]
2022-05-01 22:53:08,646{GMT}	INFO	[jepsen worker 14] jepsen.util: 14	:invoke	:cas	[1 [3 1]]
2022-05-01 22:53:08,651{GMT}	INFO	[jepsen worker 14] jepsen.util: 14	:info	:cas	[1 [3 1]]	[:unknown "Not Leader"]
2022-05-01 22:53:09,044{GMT}	INFO	[jepsen worker 6] jepsen.util: 6	:invoke	:cas	[0 [3 2]]
2022-05-01 22:53:09,048{GMT}	INFO	[jepsen worker 6] jepsen.util: 6	:info	:cas	[0 [3 2]]	[:unknown "Not Leader"]
2022-05-01 22:53:09,306{GMT}	INFO	[jepsen worker 14] jepsen.util: 34	:invoke	:cas	[1 [3 2]]
2022-05-01 22:53:09,310{GMT}	INFO	[jepsen worker 14] jepsen.util: 34	:info	:cas	[1 [3 2]]	[:unknown "Not Leader"]
2022-05-01 22:53:09,524{GMT}	INFO	[jepsen worker 4] jepsen.util: 4	:invoke	:read	[0 nil]
2022-05-01 22:53:09,529{GMT}	INFO	[jepsen worker 4] jepsen.util: 4	:fail	:read	[0 nil]	[:unknown "Not Leader"]
2022-05-01 22:53:09,908{GMT}	INFO	[jepsen worker 5] jepsen.util: 45	:invoke	:write	[0 4]
2022-05-01 22:53:09,910{GMT}	INFO	[jepsen worker 5] jepsen.util: 45	:info	:write	[0 4]	[:unknown "Not Leader"]
2022-05-01 22:53:09,925{GMT}	INFO	[jepsen worker 9] jepsen.util: 29	:invoke	:cas	[0 [3 2]]
2022-05-01 22:53:09,926{GMT}	INFO	[jepsen worker 9] jepsen.util: 29	:info	:cas	[0 [3 2]]	[:unknown "Not Leader"]
2022-05-01 22:53:10,079{GMT}	INFO	[jepsen worker 11] jepsen.util: 31	:invoke	:write	[1 0]
2022-05-01 22:53:10,082{GMT}	INFO	[jepsen worker 11] jepsen.util: 31	:info	:write	[1 0]	[:unknown "Not Leader"]
2022-05-01 22:53:10,096{GMT}	INFO	[jepsen node n1] maelstrom.db: Tearing down n1
2022-05-01 22:53:10,096{GMT}	INFO	[jepsen node n4] maelstrom.db: Tearing down n4
2022-05-01 22:53:10,096{GMT}	INFO	[jepsen node n2] maelstrom.db: Tearing down n2
2022-05-01 22:53:10,097{GMT}	INFO	[jepsen node n3] maelstrom.db: Tearing down n3
2022-05-01 22:53:10,097{GMT}	INFO	[jepsen node n5] maelstrom.db: Tearing down n5
2022-05-01 22:53:11,233{GMT}	INFO	[jepsen test runner] jepsen.core: Run complete, writing
2022-05-01 22:53:11,334{GMT}	INFO	[jepsen test runner] jepsen.core: Analyzing...
2022-05-01 22:53:11,366{GMT}	WARN	[clojure-agent-send-off-pool-9] jepsen.checker: Error while checking history:
java.lang.IllegalStateException: Error rendering plot, verify gnuplot is installed and reachable
	at jepsen.checker.perf$plot_BANG_.invokeStatic(perf.clj:480)
	at jepsen.checker.perf$plot_BANG_.invoke(perf.clj:417)
	at jepsen.checker.perf$point_graph_BANG_.invokeStatic(perf.clj:511)
	at jepsen.checker.perf$point_graph_BANG_.invoke(perf.clj:484)
	at jepsen.checker$latency_graph$reify__8824.check(checker.clj:803)
	at jepsen.checker$check_safe.invokeStatic(checker.clj:78)
	at jepsen.checker$check_safe.invoke(checker.clj:71)
	at jepsen.checker$compose$reify__8612$fn__8614.invoke(checker.clj:94)
	at clojure.core$pmap$fn__8447$fn__8448.invoke(core.clj:7022)
	at clojure.core$binding_conveyor_fn$fn__5739.invoke(core.clj:2030)
	at clojure.lang.AFn.call(AFn.java:18)
	at java.base/java.util.concurrent.FutureTask.run(FutureTask.java:264)
	at java.base/java.util.concurrent.ThreadPoolExecutor.runWorker(ThreadPoolExecutor.java:1128)
	at java.base/java.util.concurrent.ThreadPoolExecutor$Worker.run(ThreadPoolExecutor.java:628)
	at java.base/java.lang.Thread.run(Thread.java:829)
Caused by: java.io.IOException: Cannot run program "gnuplot": error=2, No such file or directory
	at java.base/java.lang.ProcessBuilder.start(ProcessBuilder.java:1128)
	at java.base/java.lang.ProcessBuilder.start(ProcessBuilder.java:1071)
	at java.base/java.lang.Runtime.exec(Runtime.java:592)
	at clojure.java.shell$sh.invokeStatic(shell.clj:113)
	at clojure.java.shell$sh.doInvoke(shell.clj:79)
	at clojure.lang.RestFn.invoke(RestFn.java:512)
	at gnuplot.core$run_BANG_.invokeStatic(core.clj:76)
	at gnuplot.core$run_BANG_.invoke(core.clj:66)
	at gnuplot.core$raw_plot_BANG_.invokeStatic(core.clj:106)
	at gnuplot.core$raw_plot_BANG_.invoke(core.clj:91)
	... 15 common frames omitted
Caused by: java.io.IOException: error=2, No such file or directory
	at java.base/java.lang.ProcessImpl.forkAndExec(Native Method)
	at java.base/java.lang.ProcessImpl.<init>(ProcessImpl.java:340)
	at java.base/java.lang.ProcessImpl.start(ProcessImpl.java:271)
	at java.base/java.lang.ProcessBuilder.start(ProcessBuilder.java:1107)
	... 24 common frames omitted
2022-05-01 22:53:11,447{GMT}	INFO	[clojure-agent-send-pool-0] jepsen.independent: Wrote /home/peter/Documents/tf/lab3/store/lin-kv/20220501T225305.000+0100/independent/0/results.edn
2022-05-01 22:53:11,450{GMT}	INFO	[clojure-agent-send-pool-0] jepsen.independent: Wrote /home/peter/Documents/tf/lab3/store/lin-kv/20220501T225305.000+0100/independent/0/history.edn
2022-05-01 22:53:11,451{GMT}	INFO	[clojure-agent-send-pool-1] jepsen.independent: Wrote /home/peter/Documents/tf/lab3/store/lin-kv/20220501T225305.000+0100/independent/1/results.edn
2022-05-01 22:53:11,452{GMT}	INFO	[clojure-agent-send-pool-1] jepsen.independent: Wrote /home/peter/Documents/tf/lab3/store/lin-kv/20220501T225305.000+0100/independent/1/history.edn
2022-05-01 22:53:11,453{GMT}	INFO	[jepsen test runner] jepsen.core: Analysis complete
2022-05-01 22:53:11,487{GMT}	INFO	[jepsen results] jepsen.store: Wrote /home/peter/Documents/tf/lab3/store/lin-kv/20220501T225305.000+0100/results.edn
2022-05-01 22:53:11,517{GMT}	INFO	[jepsen test runner] jepsen.core: {:perf {:latency-graph {:valid? :unknown,
                        :error "java.lang.IllegalStateException: Error rendering plot, verify gnuplot is installed and reachable\n at jepsen.checker.perf$plot_BANG_.invokeStatic (perf.clj:480)\n    jepsen.checker.perf$plot_BANG_.invoke (perf.clj:417)\n    jepsen.checker.perf$point_graph_BANG_.invokeStatic (perf.clj:511)\n    jepsen.checker.perf$point_graph_BANG_.invoke (perf.clj:484)\n    jepsen.checker$latency_graph$reify__8824.check (checker.clj:803)\n    jepsen.checker$check_safe.invokeStatic (checker.clj:78)\n    jepsen.checker$check_safe.invoke (checker.clj:71)\n    jepsen.checker$compose$reify__8612$fn__8614.invoke (checker.clj:94)\n    clojure.core$pmap$fn__8447$fn__8448.invoke (core.clj:7022)\n    clojure.core$binding_conveyor_fn$fn__5739.invoke (core.clj:2030)\n    clojure.lang.AFn.call (AFn.java:18)\n    java.util.concurrent.FutureTask.run (FutureTask.java:264)\n    java.util.concurrent.ThreadPoolExecutor.runWorker (ThreadPoolExecutor.java:1128)\n    java.util.concurrent.ThreadPoolExecutor$Worker.run (ThreadPoolExecutor.java:628)\n    java.lang.Thread.run (Thread.java:829)\nCaused by: java.io.IOException: Cannot run program \"gnuplot\": error=2, No such file or directory\n at java.lang.ProcessBuilder.start (ProcessBuilder.java:1128)\n    java.lang.ProcessBuilder.start (ProcessBuilder.java:1071)\n    java.lang.Runtime.exec (Runtime.java:592)\n    clojure.java.shell$sh.invokeStatic (shell.clj:113)\n    clojure.java.shell$sh.doInvoke (shell.clj:79)\n    clojure.lang.RestFn.invoke (RestFn.java:512)\n    gnuplot.core$run_BANG_.invokeStatic (core.clj:76)\n    gnuplot.core$run_BANG_.invoke (core.clj:66)\n    gnuplot.core$raw_plot_BANG_.invokeStatic (core.clj:106)\n    gnuplot.core$raw_plot_BANG_.invoke (core.clj:91)\n    jepsen.checker.perf$plot_BANG_.invokeStatic (perf.clj:480)\n    jepsen.checker.perf$plot_BANG_.invoke (perf.clj:417)\n    jepsen.checker.perf$point_graph_BANG_.invokeStatic (perf.clj:511)\n    jepsen.checker.perf$point_graph_BANG_.invoke (perf.clj:484)\n    jepsen.checker$latency_graph$reify__8824.check (checker.clj:803)\n    jepsen.checker$check_safe.invokeStatic (checker.clj:78)\n    jepsen.checker$check_safe.invoke (checker.clj:71)\n    jepsen.checker$compose$reify__8612$fn__8614.invoke (checker.clj:94)\n    clojure.core$pmap$fn__8447$fn__8448.invoke (core.clj:7022)\n    clojure.core$binding_conveyor_fn$fn__5739.invoke (core.clj:2030)\n    clojure.lang.AFn.call (AFn.java:18)\n    java.util.concurrent.FutureTask.run (FutureTask.java:264)\n    java.util.concurrent.ThreadPoolExecutor.runWorker (ThreadPoolExecutor.java:1128)\n    java.util.concurrent.ThreadPoolExecutor$Worker.run (ThreadPoolExecutor.java:628)\n    java.lang.Thread.run (Thread.java:829)\nCaused by: java.io.IOException: error=2, No such file or directory\n at java.lang.ProcessImpl.forkAndExec (ProcessImpl.java:-2)\n    java.lang.ProcessImpl.<init> (ProcessImpl.java:340)\n    java.lang.ProcessImpl.start (ProcessImpl.java:271)\n    java.lang.ProcessBuilder.start (ProcessBuilder.java:1107)\n    java.lang.ProcessBuilder.start (ProcessBuilder.java:1071)\n    java.lang.Runtime.exec (Runtime.java:592)\n    clojure.java.shell$sh.invokeStatic (shell.clj:113)\n    clojure.java.shell$sh.doInvoke (shell.clj:79)\n    clojure.lang.RestFn.invoke (RestFn.java:512)\n    gnuplot.core$run_BANG_.invokeStatic (core.clj:76)\n    gnuplot.core$run_BANG_.invoke (core.clj:66)\n    gnuplot.core$raw_plot_BANG_.invokeStatic (core.clj:106)\n    gnuplot.core$raw_plot_BANG_.invoke (core.clj:91)\n    jepsen.checker.perf$plot_BANG_.invokeStatic (perf.clj:480)\n    jepsen.checker.perf$plot_BANG_.invoke (perf.clj:417)\n    jepsen.checker.perf$point_graph_BANG_.invokeStatic (perf.clj:511)\n    jepsen.checker.perf$point_graph_BANG_.invoke (perf.clj:484)\n    jepsen.checker$latency_graph$reify__8824.check (checker.clj:803)\n    jepsen.checker$check_safe.invokeStatic (checker.clj:78)\n    jepsen.checker$check_safe.invoke (checker.clj:71)\n    jepsen.checker$compose$reify__8612$fn__8614.invoke (checker.clj:94)\n    clojure.core$pmap$fn__8447$fn__8448.invoke (core.clj:7022)\n    clojure.core$binding_conveyor_fn$fn__5739.invoke (core.clj:2030)\n    clojure.lang.AFn.call (AFn.java:18)\n    java.util.concurrent.FutureTask.run (FutureTask.java:264)\n    java.util.concurrent.ThreadPoolExecutor.runWorker (ThreadPoolExecutor.java:1128)\n    java.util.concurrent.ThreadPoolExecutor$Worker.run (ThreadPoolExecutor.java:628)\n    java.lang.Thread.run (Thread.java:829)\n"},
        :rate-graph {:valid? true},
        :valid? :unknown},
 :timeline {:valid? true},
 :exceptions {:valid? true},
 :stats {:valid? false,
         :count 26,
         :ok-count 0,
         :fail-count 9,
         :info-count 17,
         :by-f {:cas {:valid? false,
                      :count 11,
                      :ok-count 0,
                      :fail-count 0,
                      :info-count 11},
                :read {:valid? false,
                       :count 9,
                       :ok-count 0,
                       :fail-count 9,
                       :info-count 0},
                :write {:valid? false,
                        :count 6,
                        :ok-count 0,
                        :fail-count 0,
                        :info-count 6}}},
 :net {:stats {:all {:send-count 113,
                     :recv-count 113,
                     :msg-count 113,
                     :msgs-per-op 4.3461537},
               :clients {:send-count 62,
                         :recv-count 62,
                         :msg-count 62},
               :servers {:send-count 51,
                         :recv-count 51,
                         :msg-count 51,
                         :msgs-per-op 1.9615384}},
       :valid? true},
 :workload {:valid? true,
            :results {0 {:linearizable {:valid? true,
                                        :configs ({:model #knossos.model.CASRegister{:value nil},
                                                   :last-op nil,
                                                   :pending [{:process 5,
                                                              :type :invoke,
                                                              :f :write,
                                                              :value 0,
                                                              :index 0,
                                                              :time 12536697}
                                                             {:process 6,
                                                              :type :invoke,
                                                              :f :cas,
                                                              :value [3
                                                                      2],
                                                              :index 40,
                                                              :time 3779941039}
                                                             {:process 7,
                                                              :type :invoke,
                                                              :f :write,
                                                              :value 2,
                                                              :index 2,
                                                              :time 301125868}
                                                             {:process 9,
                                                              :type :invoke,
                                                              :f :cas,
                                                              :value [2
                                                                      4],
                                                              :index 36,
                                                              :time 3152829563}
                                                             {:process 25,
                                                              :type :invoke,
                                                              :f :cas,
                                                              :value [1
                                                                      2],
                                                              :index 6,
                                                              :time 594928362}
                                                             {:process 27,
                                                              :type :invoke,
                                                              :f :cas,
                                                              :value [4
                                                                      4],
                                                              :index 12,
                                                              :time 988817276}
                                                             {:process 29,
                                                              :type :invoke,
                                                              :f :cas,
                                                              :value [3
                                                                      2],
                                                              :index 48,
                                                              :time 4662948595}
                                                             {:process 45,
                                                              :type :invoke,
                                                              :f :write,
                                                              :value 4,
                                                              :index 46,
                                                              :time 4630792809}]}),
                                        :final-paths ()},
                         :timeline {:valid? true},
                         :valid? true},
                      1 {:linearizable {:valid? true,
                                        :configs ({:model #knossos.model.CASRegister{:value nil},
                                                   :last-op nil,
                                                   :pending [{:process 10,
                                                              :type :invoke,
                                                              :f :write,
                                                              :value 4,
                                                              :index 34,
                                                              :time 2804210602}
                                                             {:process 11,
                                                              :type :invoke,
                                                              :f :cas,
                                                              :value [3
                                                                      3],
                                                              :index 8,
                                                              :time 693379185}
                                                             {:process 12,
                                                              :type :invoke,
                                                              :f :write,
                                                              :value 3,
                                                              :index 20,
                                                              :time 1330221377}
                                                             {:process 14,
                                                              :type :invoke,
                                                              :f :cas,
                                                              :value [3
                                                                      1],
                                                              :index 38,
                                                              :time 3382835976}
                                                             {:process 16,
                                                              :type :invoke,
                                                              :f :cas,
                                                              :value [3
                                                                      0],
                                                              :index 4,
                                                              :time 345611752}
                                                             {:process 17,
                                                              :type :invoke,
                                                              :f :cas,
                                                              :value [1
                                                                      0],
                                                              :index 24,
                                                              :time 1803370618}
                                                             {:process 19,
                                                              :type :invoke,
                                                              :f :cas,
                                                              :value [1
                                                                      3],
                                                              :index 22,
                                                              :time 1500865972}
                                                             {:process 31,
                                                              :type :invoke,
                                                              :f :write,
                                                              :value 0,
                                                              :index 50,
                                                              :time 4815323570}
                                                             {:process 34,
                                                              :type :invoke,
                                                              :f :cas,
                                                              :value [3
                                                                      2],
                                                              :index 42,
                                                              :time 4042597828}]}),
                                        :final-paths ()},
                         :timeline {:valid? true},
                         :valid? true}},
            :failures []},
 :valid? false}


Analysis invalid! (ﾉಥ益ಥ）ﾉ ┻━┻
