2022-05-01 21:38:18,110{GMT}	INFO	[jepsen test runner] jepsen.core: Test version 9d8335254928801a78e4e56f8c438d06a68b66d5 (plus uncommitted changes)
2022-05-01 21:38:18,110{GMT}	INFO	[jepsen test runner] jepsen.core: Command line:
lein run test --workload lin-kv --bin raft.py --time-limit 5 --concurrency 4n
2022-05-01 21:38:18,173{GMT}	INFO	[jepsen test runner] jepsen.core: Running test:
{:remote #jepsen.control.SSHRemote{:session nil}
 :log-net-send false
 :node-count nil
 :max-txn-length 4
 :concurrency 20
 :db
 #object[maelstrom.db$db$reify__16747
         "0x3a5812dc"
         "maelstrom.db$db$reify__16747@3a5812dc"]
 :max-writes-per-key 16
 :leave-db-running? false
 :name "lin-kv"
 :logging-json? false
 :net-journal #object[clojure.lang.Atom "0x1b9075c9" {:status :ready, :val []}]
 :start-time
 #object[org.joda.time.DateTime "0x75be6796" "2022-05-01T21:38:18.000+01:00"]
 :nemesis-interval 10
 :net
 #object[maelstrom.net$jepsen_adapter$reify__15560
         "0xce24a98"
         "maelstrom.net$jepsen_adapter$reify__15560@ce24a98"]
 :client
 #object[maelstrom.workload.lin_kv$client$reify__17524
         "0x496101d1"
         "maelstrom.workload.lin_kv$client$reify__17524@496101d1"]
 :barrier
 #object[java.util.concurrent.CyclicBarrier
         "0x19858f26"
         "java.util.concurrent.CyclicBarrier@19858f26"]
 :log-stderr false
 :pure-generators true
 :ssh {:dummy? true}
 :rate 5
 :checker
 #object[jepsen.checker$compose$reify__8612
         "0x4c14ed24"
         "jepsen.checker$compose$reify__8612@4c14ed24"]
 :argv
 ("test"
  "--workload"
  "lin-kv"
  "--bin"
  "raft.py"
  "--time-limit"
  "5"
  "--concurrency"
  "4n")
 :nemesis
 (jepsen.nemesis.ReflCompose
  {:fm {:start-partition 0,
        :stop-partition 0,
        :kill 1,
        :start 1,
        :pause 1,
        :resume 1},
   :nemeses [#unprintable "jepsen.nemesis.combined$partition_nemesis$reify__17019@523cc8b4"
             #unprintable "jepsen.nemesis.combined$db_nemesis$reify__17000@139224ab"]})
 :active-histories
 #object[clojure.lang.Atom "0x26db7540" {:status :ready, :val #{}}]
 :nodes ["n1" "n2" "n3" "n4" "n5"]
 :test-count 1
 :latency {:mean 0, :dist :constant}
 :bin "raft.py"
 :generator
 (jepsen.generator.TimeLimit
  {:limit 5000000000,
   :cutoff nil,
   :gen (jepsen.generator.Any
         {:gens [(jepsen.generator.OnThreads {:f #{:nemesis}, :gen nil})
                 (jepsen.generator.OnThreads
                  {:f #object[clojure.core$complement$fn__5654
                              "0x1bc6a43c"
                              "clojure.core$complement$fn__5654@1bc6a43c"],
                   :gen (jepsen.generator.Stagger
                         {:dt 400000000,
                          :next-time nil,
                          :gen (jepsen.generator.OnThreads
                                {:f #object[clojure.core$complement$fn__5654
                                            "0x5f3fa154"
                                            "clojure.core$complement$fn__5654@5f3fa154"],
                                 :gen (jepsen.independent.ConcurrentGenerator
                                       {:n 10,
                                        :fgen #object[jepsen.tests.linearizable_register$test$fn__17324
                                                      "0x6193340e"
                                                      "jepsen.tests.linearizable_register$test$fn__17324@6193340e"],
                                        :group->threads nil,
                                        :thread->group nil,
                                        :keys (0 1 2 3 4 5 6 7 ...),
                                        :gens nil})})})})]})})
 :log-net-recv false
 :os
 #object[jepsen.os$reify__2490 "0x158774d3" "jepsen.os$reify__2490@158774d3"]
 :time-limit 5
 :workload :lin-kv
 :consistency-models [:strict-serializable]
 :topology :grid}

2022-05-01 21:38:18,182{GMT}	INFO	[jepsen test runner] jepsen.db: Tearing down DB
2022-05-01 21:38:18,184{GMT}	INFO	[jepsen test runner] jepsen.db: Setting up DB
2022-05-01 21:38:18,187{GMT}	INFO	[jepsen node n4] maelstrom.db: Setting up n4
2022-05-01 21:38:18,187{GMT}	INFO	[jepsen node n5] maelstrom.db: Setting up n5
2022-05-01 21:38:18,189{GMT}	INFO	[jepsen node n5] maelstrom.process: launching raft.py nil
2022-05-01 21:38:18,187{GMT}	INFO	[jepsen node n2] maelstrom.db: Setting up n2
2022-05-01 21:38:18,191{GMT}	INFO	[jepsen node n4] maelstrom.process: launching raft.py nil
2022-05-01 21:38:18,191{GMT}	INFO	[jepsen node n2] maelstrom.process: launching raft.py nil
2022-05-01 21:38:18,187{GMT}	INFO	[jepsen node n3] maelstrom.db: Setting up n3
2022-05-01 21:38:18,194{GMT}	INFO	[jepsen node n3] maelstrom.process: launching raft.py nil
2022-05-01 21:38:18,212{GMT}	INFO	[jepsen node n1] maelstrom.service: Starting services: (lin-kv lin-tso lww-kv seq-kv)
2022-05-01 21:38:18,224{GMT}	INFO	[jepsen node n1] maelstrom.db: Setting up n1
2022-05-01 21:38:18,225{GMT}	INFO	[jepsen node n1] maelstrom.process: launching raft.py nil
2022-05-01 21:38:18,264{GMT}	INFO	[jepsen test runner] jepsen.core: Relative time begins now
2022-05-01 21:38:18,287{GMT}	INFO	[jepsen worker 3] jepsen.util: 3	:invoke	:read	[0 nil]
2022-05-01 21:38:18,293{GMT}	INFO	[jepsen worker 3] jepsen.util: 3	:fail	:read	[0 nil]	[:unknown "Not Leader"]
2022-05-01 21:38:18,399{GMT}	INFO	[jepsen worker 12] jepsen.util: 12	:invoke	:cas	[1 [4 0]]
2022-05-01 21:38:18,405{GMT}	INFO	[jepsen worker 12] jepsen.util: 12	:info	:cas	[1 [4 0]]	[:unknown "Not Leader"]
2022-05-01 21:38:18,529{GMT}	INFO	[jepsen worker 18] jepsen.util: 18	:invoke	:cas	[1 [1 1]]
2022-05-01 21:38:18,531{GMT}	INFO	[jepsen worker 18] jepsen.util: 18	:info	:cas	[1 [1 1]]	[:unknown "Not Leader"]
2022-05-01 21:38:18,761{GMT}	INFO	[jepsen worker 12] jepsen.util: 32	:invoke	:cas	[1 [3 1]]
2022-05-01 21:38:18,762{GMT}	INFO	[jepsen worker 12] jepsen.util: 32	:info	:cas	[1 [3 1]]	[:unknown "Not Leader"]
2022-05-01 21:38:18,768{GMT}	INFO	[jepsen worker 19] jepsen.util: 19	:invoke	:write	[1 4]
2022-05-01 21:38:18,770{GMT}	INFO	[jepsen worker 19] jepsen.util: 19	:info	:write	[1 4]	[:unknown "Not Leader"]
2022-05-01 21:38:18,900{GMT}	INFO	[jepsen worker 0] jepsen.util: 0	:invoke	:read	[0 nil]
2022-05-01 21:38:19,148{GMT}	INFO	[jepsen worker 2] jepsen.util: 2	:invoke	:read	[0 nil]
2022-05-01 21:38:19,150{GMT}	INFO	[jepsen worker 2] jepsen.util: 2	:fail	:read	[0 nil]	[:unknown "Not Leader"]
2022-05-01 21:38:19,256{GMT}	INFO	[jepsen worker 17] jepsen.util: 17	:invoke	:cas	[1 [0 2]]
2022-05-01 21:38:19,258{GMT}	INFO	[jepsen worker 17] jepsen.util: 17	:info	:cas	[1 [0 2]]	[:unknown "Not Leader"]
2022-05-01 21:38:19,389{GMT}	INFO	[jepsen worker 19] jepsen.util: 39	:invoke	:cas	[1 [2 1]]
2022-05-01 21:38:19,391{GMT}	INFO	[jepsen worker 19] jepsen.util: 39	:info	:cas	[1 [2 1]]	[:unknown "Not Leader"]
2022-05-01 21:38:19,694{GMT}	INFO	[jepsen worker 17] jepsen.util: 37	:invoke	:cas	[1 [1 1]]
2022-05-01 21:38:19,696{GMT}	INFO	[jepsen worker 17] jepsen.util: 37	:info	:cas	[1 [1 1]]	[:unknown "Not Leader"]
2022-05-01 21:38:19,901{GMT}	INFO	[jepsen worker 0] jepsen.util: 0	:fail	:read	[0 nil]	:net-timeout
2022-05-01 21:38:19,936{GMT}	INFO	[jepsen worker 15] jepsen.util: 15	:invoke	:write	[1 1]
2022-05-01 21:38:20,272{GMT}	INFO	[jepsen worker 18] jepsen.util: 38	:invoke	:write	[1 1]
2022-05-01 21:38:20,274{GMT}	INFO	[jepsen worker 18] jepsen.util: 38	:info	:write	[1 1]	[:unknown "Not Leader"]
2022-05-01 21:38:20,482{GMT}	INFO	[jepsen worker 19] jepsen.util: 59	:invoke	:write	[1 4]
2022-05-01 21:38:20,487{GMT}	INFO	[jepsen worker 19] jepsen.util: 59	:info	:write	[1 4]	[:unknown "Not Leader"]
2022-05-01 21:38:20,700{GMT}	INFO	[jepsen worker 6] jepsen.util: 6	:invoke	:write	[0 3]
2022-05-01 21:38:20,705{GMT}	INFO	[jepsen worker 6] jepsen.util: 6	:info	:write	[0 3]	[:unknown "Not Leader"]
2022-05-01 21:38:20,937{GMT}	INFO	[jepsen worker 15] jepsen.util: 15	:info	:write	[1 1]	:net-timeout
2022-05-01 21:38:20,953{GMT}	INFO	[jepsen worker 17] jepsen.util: 57	:invoke	:cas	[1 [3 0]]
2022-05-01 21:38:20,954{GMT}	INFO	[jepsen worker 17] jepsen.util: 57	:info	:cas	[1 [3 0]]	[:unknown "Not Leader"]
2022-05-01 21:38:21,090{GMT}	INFO	[jepsen worker 15] jepsen.util: 35	:invoke	:cas	[2 [4 3]]
2022-05-01 21:38:21,190{GMT}	INFO	[jepsen worker 10] jepsen.util: 10	:invoke	:cas	[2 [0 1]]
2022-05-01 21:38:21,500{GMT}	INFO	[jepsen worker 18] jepsen.util: 58	:invoke	:write	[2 2]
2022-05-01 21:38:21,501{GMT}	INFO	[jepsen worker 18] jepsen.util: 58	:info	:write	[2 2]	[:unknown "Not Leader"]
2022-05-01 21:38:21,835{GMT}	INFO	[jepsen worker 16] jepsen.util: 16	:invoke	:cas	[2 [0 3]]
2022-05-01 21:38:21,837{GMT}	INFO	[jepsen worker 16] jepsen.util: 16	:info	:cas	[2 [0 3]]	[:unknown "Not Leader"]
2022-05-01 21:38:21,865{GMT}	INFO	[jepsen worker 4] jepsen.util: 4	:invoke	:read	[0 nil]
2022-05-01 21:38:21,866{GMT}	INFO	[jepsen worker 4] jepsen.util: 4	:fail	:read	[0 nil]	[:unknown "Not Leader"]
2022-05-01 21:38:22,090{GMT}	INFO	[jepsen worker 15] jepsen.util: 35	:info	:cas	[2 [4 3]]	:net-timeout
2022-05-01 21:38:22,190{GMT}	INFO	[jepsen worker 10] jepsen.util: 10	:info	:cas	[2 [0 1]]	:net-timeout
2022-05-01 21:38:22,202{GMT}	INFO	[jepsen worker 9] jepsen.util: 9	:invoke	:cas	[0 [0 3]]
2022-05-01 21:38:22,204{GMT}	INFO	[jepsen worker 9] jepsen.util: 9	:info	:cas	[0 [0 3]]	[:unknown "Not Leader"]
2022-05-01 21:38:22,434{GMT}	INFO	[jepsen worker 10] jepsen.util: 30	:invoke	:cas	[2 [4 3]]
2022-05-01 21:38:22,714{GMT}	INFO	[jepsen worker 7] jepsen.util: 7	:invoke	:cas	[0 [1 2]]
2022-05-01 21:38:22,715{GMT}	INFO	[jepsen worker 7] jepsen.util: 7	:info	:cas	[0 [1 2]]	[:unknown "Not Leader"]
2022-05-01 21:38:22,902{GMT}	INFO	[jepsen worker 4] jepsen.util: 4	:invoke	:read	[0 nil]
2022-05-01 21:38:22,904{GMT}	INFO	[jepsen worker 4] jepsen.util: 4	:fail	:read	[0 nil]	[:unknown "Not Leader"]
2022-05-01 21:38:22,957{GMT}	INFO	[jepsen worker 8] jepsen.util: 8	:invoke	:cas	[0 [0 0]]
2022-05-01 21:38:22,959{GMT}	INFO	[jepsen worker 8] jepsen.util: 8	:info	:cas	[0 [0 0]]	[:unknown "Not Leader"]
2022-05-01 21:38:23,269{GMT}	INFO	[jepsen worker 0] jepsen.util: 0	:invoke	:read	[0 nil]
2022-05-01 21:38:23,434{GMT}	INFO	[jepsen worker 10] jepsen.util: 30	:info	:cas	[2 [4 3]]	:net-timeout
2022-05-01 21:38:24,269{GMT}	INFO	[jepsen worker 0] jepsen.util: 0	:fail	:read	[0 nil]	:net-timeout
2022-05-01 21:38:24,275{GMT}	INFO	[jepsen node n2] maelstrom.db: Tearing down n2
2022-05-01 21:38:24,275{GMT}	INFO	[jepsen node n5] maelstrom.db: Tearing down n5
2022-05-01 21:38:24,275{GMT}	INFO	[jepsen node n1] maelstrom.db: Tearing down n1
2022-05-01 21:38:24,275{GMT}	INFO	[jepsen node n3] maelstrom.db: Tearing down n3
2022-05-01 21:38:24,275{GMT}	INFO	[jepsen node n4] maelstrom.db: Tearing down n4
2022-05-01 21:38:25,229{GMT}	INFO	[jepsen test runner] jepsen.core: Run complete, writing
2022-05-01 21:38:25,267{GMT}	INFO	[jepsen test runner] jepsen.core: Analyzing...
2022-05-01 21:38:25,297{GMT}	WARN	[clojure-agent-send-off-pool-4] jepsen.checker: Error while checking history:
java.lang.IllegalStateException: Error rendering plot, verify gnuplot is installed and reachable
	at jepsen.checker.perf$plot_BANG_.invokeStatic(perf.clj:480)
	at jepsen.checker.perf$plot_BANG_.invoke(perf.clj:417)
	at jepsen.checker.perf$point_graph_BANG_.invokeStatic(perf.clj:511)
	at jepsen.checker.perf$point_graph_BANG_.invoke(perf.clj:484)
	at jepsen.checker$latency_graph$reify__8824.check(checker.clj:803)
	at jepsen.checker$check_safe.invokeStatic(checker.clj:78)
	at jepsen.checker$check_safe.invoke(checker.clj:71)
	at jepsen.checker$compose$reify__8612$fn__8614.invoke(checker.clj:94)
	at clojure.core$pmap$fn__8447$fn__8448.invoke(core.clj:7022)
	at clojure.core$binding_conveyor_fn$fn__5739.invoke(core.clj:2030)
	at clojure.lang.AFn.call(AFn.java:18)
	at java.base/java.util.concurrent.FutureTask.run(FutureTask.java:264)
	at java.base/java.util.concurrent.ThreadPoolExecutor.runWorker(ThreadPoolExecutor.java:1128)
	at java.base/java.util.concurrent.ThreadPoolExecutor$Worker.run(ThreadPoolExecutor.java:628)
	at java.base/java.lang.Thread.run(Thread.java:829)
Caused by: java.io.IOException: Cannot run program "gnuplot": error=2, No such file or directory
	at java.base/java.lang.ProcessBuilder.start(ProcessBuilder.java:1128)
	at java.base/java.lang.ProcessBuilder.start(ProcessBuilder.java:1071)
	at java.base/java.lang.Runtime.exec(Runtime.java:592)
	at clojure.java.shell$sh.invokeStatic(shell.clj:113)
	at clojure.java.shell$sh.doInvoke(shell.clj:79)
	at clojure.lang.RestFn.invoke(RestFn.java:512)
	at gnuplot.core$run_BANG_.invokeStatic(core.clj:76)
	at gnuplot.core$run_BANG_.invoke(core.clj:66)
	at gnuplot.core$raw_plot_BANG_.invokeStatic(core.clj:106)
	at gnuplot.core$raw_plot_BANG_.invoke(core.clj:91)
	... 15 common frames omitted
Caused by: java.io.IOException: error=2, No such file or directory
	at java.base/java.lang.ProcessImpl.forkAndExec(Native Method)
	at java.base/java.lang.ProcessImpl.<init>(ProcessImpl.java:340)
	at java.base/java.lang.ProcessImpl.start(ProcessImpl.java:271)
	at java.base/java.lang.ProcessBuilder.start(ProcessBuilder.java:1107)
	... 24 common frames omitted
2022-05-01 21:38:25,312{GMT}	WARN	[clojure-agent-send-off-pool-3] jepsen.checker: Error while checking history:
java.lang.IllegalStateException: Error rendering plot, verify gnuplot is installed and reachable
	at jepsen.checker.perf$plot_BANG_.invokeStatic(perf.clj:480)
	at jepsen.checker.perf$plot_BANG_.invoke(perf.clj:417)
	at jepsen.checker.perf$rate_graph_BANG_.invokeStatic(perf.clj:599)
	at jepsen.checker.perf$rate_graph_BANG_.invoke(perf.clj:559)
	at jepsen.checker$rate_graph$reify__8827.check(checker.clj:816)
	at jepsen.checker$check_safe.invokeStatic(checker.clj:78)
	at jepsen.checker$check_safe.invoke(checker.clj:71)
	at jepsen.checker$compose$reify__8612$fn__8614.invoke(checker.clj:94)
	at clojure.core$pmap$fn__8447$fn__8448.invoke(core.clj:7022)
	at clojure.core$binding_conveyor_fn$fn__5739.invoke(core.clj:2030)
	at clojure.lang.AFn.call(AFn.java:18)
	at java.base/java.util.concurrent.FutureTask.run(FutureTask.java:264)
	at java.base/java.util.concurrent.ThreadPoolExecutor.runWorker(ThreadPoolExecutor.java:1128)
	at java.base/java.util.concurrent.ThreadPoolExecutor$Worker.run(ThreadPoolExecutor.java:628)
	at java.base/java.lang.Thread.run(Thread.java:829)
Caused by: java.io.IOException: Cannot run program "gnuplot": error=2, No such file or directory
	at java.base/java.lang.ProcessBuilder.start(ProcessBuilder.java:1128)
	at java.base/java.lang.ProcessBuilder.start(ProcessBuilder.java:1071)
	at java.base/java.lang.Runtime.exec(Runtime.java:592)
	at clojure.java.shell$sh.invokeStatic(shell.clj:113)
	at clojure.java.shell$sh.doInvoke(shell.clj:79)
	at clojure.lang.RestFn.invoke(RestFn.java:512)
	at gnuplot.core$run_BANG_.invokeStatic(core.clj:76)
	at gnuplot.core$run_BANG_.invoke(core.clj:66)
	at gnuplot.core$raw_plot_BANG_.invokeStatic(core.clj:106)
	at gnuplot.core$raw_plot_BANG_.invoke(core.clj:91)
	... 15 common frames omitted
Caused by: java.io.IOException: error=2, No such file or directory
	at java.base/java.lang.ProcessImpl.forkAndExec(Native Method)
	at java.base/java.lang.ProcessImpl.<init>(ProcessImpl.java:340)
	at java.base/java.lang.ProcessImpl.start(ProcessImpl.java:271)
	at java.base/java.lang.ProcessBuilder.start(ProcessBuilder.java:1107)
	... 24 common frames omitted
2022-05-01 21:38:25,394{GMT}	INFO	[clojure-agent-send-pool-2] jepsen.independent: Wrote /home/peter/Documents/tf/lab3/store/lin-kv/20220501T213818.000+0100/independent/2/results.edn
2022-05-01 21:38:25,395{GMT}	INFO	[clojure-agent-send-pool-0] jepsen.independent: Wrote /home/peter/Documents/tf/lab3/store/lin-kv/20220501T213818.000+0100/independent/0/results.edn
2022-05-01 21:38:25,397{GMT}	INFO	[clojure-agent-send-pool-2] jepsen.independent: Wrote /home/peter/Documents/tf/lab3/store/lin-kv/20220501T213818.000+0100/independent/2/history.edn
2022-05-01 21:38:25,399{GMT}	INFO	[clojure-agent-send-pool-0] jepsen.independent: Wrote /home/peter/Documents/tf/lab3/store/lin-kv/20220501T213818.000+0100/independent/0/history.edn
2022-05-01 21:38:25,428{GMT}	INFO	[clojure-agent-send-pool-1] jepsen.independent: Wrote /home/peter/Documents/tf/lab3/store/lin-kv/20220501T213818.000+0100/independent/1/results.edn
2022-05-01 21:38:25,429{GMT}	INFO	[clojure-agent-send-pool-1] jepsen.independent: Wrote /home/peter/Documents/tf/lab3/store/lin-kv/20220501T213818.000+0100/independent/1/history.edn
2022-05-01 21:38:25,430{GMT}	INFO	[jepsen test runner] jepsen.core: Analysis complete
2022-05-01 21:38:25,482{GMT}	INFO	[jepsen results] jepsen.store: Wrote /home/peter/Documents/tf/lab3/store/lin-kv/20220501T213818.000+0100/results.edn
2022-05-01 21:38:25,558{GMT}	INFO	[jepsen test runner] jepsen.core: {:perf {:latency-graph {:valid? :unknown,
                        :error "java.lang.IllegalStateException: Error rendering plot, verify gnuplot is installed and reachable\n at jepsen.checker.perf$plot_BANG_.invokeStatic (perf.clj:480)\n    jepsen.checker.perf$plot_BANG_.invoke (perf.clj:417)\n    jepsen.checker.perf$point_graph_BANG_.invokeStatic (perf.clj:511)\n    jepsen.checker.perf$point_graph_BANG_.invoke (perf.clj:484)\n    jepsen.checker$latency_graph$reify__8824.check (checker.clj:803)\n    jepsen.checker$check_safe.invokeStatic (checker.clj:78)\n    jepsen.checker$check_safe.invoke (checker.clj:71)\n    jepsen.checker$compose$reify__8612$fn__8614.invoke (checker.clj:94)\n    clojure.core$pmap$fn__8447$fn__8448.invoke (core.clj:7022)\n    clojure.core$binding_conveyor_fn$fn__5739.invoke (core.clj:2030)\n    clojure.lang.AFn.call (AFn.java:18)\n    java.util.concurrent.FutureTask.run (FutureTask.java:264)\n    java.util.concurrent.ThreadPoolExecutor.runWorker (ThreadPoolExecutor.java:1128)\n    java.util.concurrent.ThreadPoolExecutor$Worker.run (ThreadPoolExecutor.java:628)\n    java.lang.Thread.run (Thread.java:829)\nCaused by: java.io.IOException: Cannot run program \"gnuplot\": error=2, No such file or directory\n at java.lang.ProcessBuilder.start (ProcessBuilder.java:1128)\n    java.lang.ProcessBuilder.start (ProcessBuilder.java:1071)\n    java.lang.Runtime.exec (Runtime.java:592)\n    clojure.java.shell$sh.invokeStatic (shell.clj:113)\n    clojure.java.shell$sh.doInvoke (shell.clj:79)\n    clojure.lang.RestFn.invoke (RestFn.java:512)\n    gnuplot.core$run_BANG_.invokeStatic (core.clj:76)\n    gnuplot.core$run_BANG_.invoke (core.clj:66)\n    gnuplot.core$raw_plot_BANG_.invokeStatic (core.clj:106)\n    gnuplot.core$raw_plot_BANG_.invoke (core.clj:91)\n    jepsen.checker.perf$plot_BANG_.invokeStatic (perf.clj:480)\n    jepsen.checker.perf$plot_BANG_.invoke (perf.clj:417)\n    jepsen.checker.perf$point_graph_BANG_.invokeStatic (perf.clj:511)\n    jepsen.checker.perf$point_graph_BANG_.invoke (perf.clj:484)\n    jepsen.checker$latency_graph$reify__8824.check (checker.clj:803)\n    jepsen.checker$check_safe.invokeStatic (checker.clj:78)\n    jepsen.checker$check_safe.invoke (checker.clj:71)\n    jepsen.checker$compose$reify__8612$fn__8614.invoke (checker.clj:94)\n    clojure.core$pmap$fn__8447$fn__8448.invoke (core.clj:7022)\n    clojure.core$binding_conveyor_fn$fn__5739.invoke (core.clj:2030)\n    clojure.lang.AFn.call (AFn.java:18)\n    java.util.concurrent.FutureTask.run (FutureTask.java:264)\n    java.util.concurrent.ThreadPoolExecutor.runWorker (ThreadPoolExecutor.java:1128)\n    java.util.concurrent.ThreadPoolExecutor$Worker.run (ThreadPoolExecutor.java:628)\n    java.lang.Thread.run (Thread.java:829)\nCaused by: java.io.IOException: error=2, No such file or directory\n at java.lang.ProcessImpl.forkAndExec (ProcessImpl.java:-2)\n    java.lang.ProcessImpl.<init> (ProcessImpl.java:340)\n    java.lang.ProcessImpl.start (ProcessImpl.java:271)\n    java.lang.ProcessBuilder.start (ProcessBuilder.java:1107)\n    java.lang.ProcessBuilder.start (ProcessBuilder.java:1071)\n    java.lang.Runtime.exec (Runtime.java:592)\n    clojure.java.shell$sh.invokeStatic (shell.clj:113)\n    clojure.java.shell$sh.doInvoke (shell.clj:79)\n    clojure.lang.RestFn.invoke (RestFn.java:512)\n    gnuplot.core$run_BANG_.invokeStatic (core.clj:76)\n    gnuplot.core$run_BANG_.invoke (core.clj:66)\n    gnuplot.core$raw_plot_BANG_.invokeStatic (core.clj:106)\n    gnuplot.core$raw_plot_BANG_.invoke (core.clj:91)\n    jepsen.checker.perf$plot_BANG_.invokeStatic (perf.clj:480)\n    jepsen.checker.perf$plot_BANG_.invoke (perf.clj:417)\n    jepsen.checker.perf$point_graph_BANG_.invokeStatic (perf.clj:511)\n    jepsen.checker.perf$point_graph_BANG_.invoke (perf.clj:484)\n    jepsen.checker$latency_graph$reify__8824.check (checker.clj:803)\n    jepsen.checker$check_safe.invokeStatic (checker.clj:78)\n    jepsen.checker$check_safe.invoke (checker.clj:71)\n    jepsen.checker$compose$reify__8612$fn__8614.invoke (checker.clj:94)\n    clojure.core$pmap$fn__8447$fn__8448.invoke (core.clj:7022)\n    clojure.core$binding_conveyor_fn$fn__5739.invoke (core.clj:2030)\n    clojure.lang.AFn.call (AFn.java:18)\n    java.util.concurrent.FutureTask.run (FutureTask.java:264)\n    java.util.concurrent.ThreadPoolExecutor.runWorker (ThreadPoolExecutor.java:1128)\n    java.util.concurrent.ThreadPoolExecutor$Worker.run (ThreadPoolExecutor.java:628)\n    java.lang.Thread.run (Thread.java:829)\n"},
        :rate-graph {:valid? :unknown,
                     :error "java.lang.IllegalStateException: Error rendering plot, verify gnuplot is installed and reachable\n at jepsen.checker.perf$plot_BANG_.invokeStatic (perf.clj:480)\n    jepsen.checker.perf$plot_BANG_.invoke (perf.clj:417)\n    jepsen.checker.perf$rate_graph_BANG_.invokeStatic (perf.clj:599)\n    jepsen.checker.perf$rate_graph_BANG_.invoke (perf.clj:559)\n    jepsen.checker$rate_graph$reify__8827.check (checker.clj:816)\n    jepsen.checker$check_safe.invokeStatic (checker.clj:78)\n    jepsen.checker$check_safe.invoke (checker.clj:71)\n    jepsen.checker$compose$reify__8612$fn__8614.invoke (checker.clj:94)\n    clojure.core$pmap$fn__8447$fn__8448.invoke (core.clj:7022)\n    clojure.core$binding_conveyor_fn$fn__5739.invoke (core.clj:2030)\n    clojure.lang.AFn.call (AFn.java:18)\n    java.util.concurrent.FutureTask.run (FutureTask.java:264)\n    java.util.concurrent.ThreadPoolExecutor.runWorker (ThreadPoolExecutor.java:1128)\n    java.util.concurrent.ThreadPoolExecutor$Worker.run (ThreadPoolExecutor.java:628)\n    java.lang.Thread.run (Thread.java:829)\nCaused by: java.io.IOException: Cannot run program \"gnuplot\": error=2, No such file or directory\n at java.lang.ProcessBuilder.start (ProcessBuilder.java:1128)\n    java.lang.ProcessBuilder.start (ProcessBuilder.java:1071)\n    java.lang.Runtime.exec (Runtime.java:592)\n    clojure.java.shell$sh.invokeStatic (shell.clj:113)\n    clojure.java.shell$sh.doInvoke (shell.clj:79)\n    clojure.lang.RestFn.invoke (RestFn.java:512)\n    gnuplot.core$run_BANG_.invokeStatic (core.clj:76)\n    gnuplot.core$run_BANG_.invoke (core.clj:66)\n    gnuplot.core$raw_plot_BANG_.invokeStatic (core.clj:106)\n    gnuplot.core$raw_plot_BANG_.invoke (core.clj:91)\n    jepsen.checker.perf$plot_BANG_.invokeStatic (perf.clj:480)\n    jepsen.checker.perf$plot_BANG_.invoke (perf.clj:417)\n    jepsen.checker.perf$rate_graph_BANG_.invokeStatic (perf.clj:599)\n    jepsen.checker.perf$rate_graph_BANG_.invoke (perf.clj:559)\n    jepsen.checker$rate_graph$reify__8827.check (checker.clj:816)\n    jepsen.checker$check_safe.invokeStatic (checker.clj:78)\n    jepsen.checker$check_safe.invoke (checker.clj:71)\n    jepsen.checker$compose$reify__8612$fn__8614.invoke (checker.clj:94)\n    clojure.core$pmap$fn__8447$fn__8448.invoke (core.clj:7022)\n    clojure.core$binding_conveyor_fn$fn__5739.invoke (core.clj:2030)\n    clojure.lang.AFn.call (AFn.java:18)\n    java.util.concurrent.FutureTask.run (FutureTask.java:264)\n    java.util.concurrent.ThreadPoolExecutor.runWorker (ThreadPoolExecutor.java:1128)\n    java.util.concurrent.ThreadPoolExecutor$Worker.run (ThreadPoolExecutor.java:628)\n    java.lang.Thread.run (Thread.java:829)\nCaused by: java.io.IOException: error=2, No such file or directory\n at java.lang.ProcessImpl.forkAndExec (ProcessImpl.java:-2)\n    java.lang.ProcessImpl.<init> (ProcessImpl.java:340)\n    java.lang.ProcessImpl.start (ProcessImpl.java:271)\n    java.lang.ProcessBuilder.start (ProcessBuilder.java:1107)\n    java.lang.ProcessBuilder.start (ProcessBuilder.java:1071)\n    java.lang.Runtime.exec (Runtime.java:592)\n    clojure.java.shell$sh.invokeStatic (shell.clj:113)\n    clojure.java.shell$sh.doInvoke (shell.clj:79)\n    clojure.lang.RestFn.invoke (RestFn.java:512)\n    gnuplot.core$run_BANG_.invokeStatic (core.clj:76)\n    gnuplot.core$run_BANG_.invoke (core.clj:66)\n    gnuplot.core$raw_plot_BANG_.invokeStatic (core.clj:106)\n    gnuplot.core$raw_plot_BANG_.invoke (core.clj:91)\n    jepsen.checker.perf$plot_BANG_.invokeStatic (perf.clj:480)\n    jepsen.checker.perf$plot_BANG_.invoke (perf.clj:417)\n    jepsen.checker.perf$rate_graph_BANG_.invokeStatic (perf.clj:599)\n    jepsen.checker.perf$rate_graph_BANG_.invoke (perf.clj:559)\n    jepsen.checker$rate_graph$reify__8827.check (checker.clj:816)\n    jepsen.checker$check_safe.invokeStatic (checker.clj:78)\n    jepsen.checker$check_safe.invoke (checker.clj:71)\n    jepsen.checker$compose$reify__8612$fn__8614.invoke (checker.clj:94)\n    clojure.core$pmap$fn__8447$fn__8448.invoke (core.clj:7022)\n    clojure.core$binding_conveyor_fn$fn__5739.invoke (core.clj:2030)\n    clojure.lang.AFn.call (AFn.java:18)\n    java.util.concurrent.FutureTask.run (FutureTask.java:264)\n    java.util.concurrent.ThreadPoolExecutor.runWorker (ThreadPoolExecutor.java:1128)\n    java.util.concurrent.ThreadPoolExecutor$Worker.run (ThreadPoolExecutor.java:628)\n    java.lang.Thread.run (Thread.java:829)\n"},
        :valid? :unknown},
 :timeline {:valid? true},
 :exceptions {:valid? true},
 :stats {:valid? false,
         :count 26,
         :ok-count 0,
         :fail-count 6,
         :info-count 20,
         :by-f {:cas {:valid? false,
                      :count 14,
                      :ok-count 0,
                      :fail-count 0,
                      :info-count 14},
                :read {:valid? false,
                       :count 6,
                       :ok-count 0,
                       :fail-count 6,
                       :info-count 0},
                :write {:valid? false,
                        :count 6,
                        :ok-count 0,
                        :fail-count 0,
                        :info-count 6}}},
 :net {:stats {:all {:send-count 184,
                     :recv-count 184,
                     :msg-count 184,
                     :msgs-per-op 7.076923},
               :clients {:send-count 56,
                         :recv-count 56,
                         :msg-count 56},
               :servers {:send-count 128,
                         :recv-count 128,
                         :msg-count 128,
                         :msgs-per-op 4.923077}},
       :valid? true},
 :workload {:valid? true,
            :results {0 {:linearizable {:valid? true,
                                        :configs ({:model #knossos.model.CASRegister{:value nil},
                                                   :last-op nil,
                                                   :pending [{:process 6,
                                                              :type :invoke,
                                                              :f :write,
                                                              :value 3,
                                                              :index 25,
                                                              :time 2434683859}
                                                             {:process 7,
                                                              :type :invoke,
                                                              :f :cas,
                                                              :value [1
                                                                      2],
                                                              :index 43,
                                                              :time 4450481040}
                                                             {:process 8,
                                                              :type :invoke,
                                                              :f :cas,
                                                              :value [0
                                                                      0],
                                                              :index 47,
                                                              :time 4693812311}
                                                             {:process 9,
                                                              :type :invoke,
                                                              :f :cas,
                                                              :value [0
                                                                      3],
                                                              :index 40,
                                                              :time 3938727020}]}),
                                        :final-paths ()},
                         :timeline {:valid? true},
                         :valid? true},
                      1 {:linearizable {:valid? true,
                                        :configs ({:model #knossos.model.CASRegister{:value nil},
                                                   :last-op nil,
                                                   :pending [{:process 12,
                                                              :type :invoke,
                                                              :f :cas,
                                                              :value [4
                                                                      0],
                                                              :index 2,
                                                              :time 132682023}
                                                             {:process 15,
                                                              :type :invoke,
                                                              :f :write,
                                                              :value 1,
                                                              :index 20,
                                                              :time 1669945391}
                                                             {:process 17,
                                                              :type :invoke,
                                                              :f :cas,
                                                              :value [0
                                                                      2],
                                                              :index 13,
                                                              :time 992195092}
                                                             {:process 18,
                                                              :type :invoke,
                                                              :f :cas,
                                                              :value [1
                                                                      1],
                                                              :index 4,
                                                              :time 264956686}
                                                             {:process 19,
                                                              :type :invoke,
                                                              :f :write,
                                                              :value 4,
                                                              :index 8,
                                                              :time 504298214}
                                                             {:process 32,
                                                              :type :invoke,
                                                              :f :cas,
                                                              :value [3
                                                                      1],
                                                              :index 6,
                                                              :time 496372690}
                                                             {:process 37,
                                                              :type :invoke,
                                                              :f :cas,
                                                              :value [1
                                                                      1],
                                                              :index 17,
                                                              :time 1430741822}
                                                             {:process 38,
                                                              :type :invoke,
                                                              :f :write,
                                                              :value 1,
                                                              :index 21,
                                                              :time 2008468872}
                                                             {:process 39,
                                                              :type :invoke,
                                                              :f :cas,
                                                              :value [2
                                                                      1],
                                                              :index 15,
                                                              :time 1125750751}
                                                             {:process 57,
                                                              :type :invoke,
                                                              :f :cas,
                                                              :value [3
                                                                      0],
                                                              :index 28,
                                                              :time 2689627692}
                                                             {:process 59,
                                                              :type :invoke,
                                                              :f :write,
                                                              :value 4,
                                                              :index 23,
                                                              :time 2217007315}]}),
                                        :final-paths ()},
                         :timeline {:valid? true},
                         :valid? true},
                      2 {:linearizable {:valid? true,
                                        :configs ({:model #knossos.model.CASRegister{:value nil},
                                                   :last-op nil,
                                                   :pending [{:process 10,
                                                              :type :invoke,
                                                              :f :cas,
                                                              :value [0
                                                                      1],
                                                              :index 31,
                                                              :time 2925956746}
                                                             {:process 16,
                                                              :type :invoke,
                                                              :f :cas,
                                                              :value [0
                                                                      3],
                                                              :index 34,
                                                              :time 3571200628}
                                                             {:process 30,
                                                              :type :invoke,
                                                              :f :cas,
                                                              :value [4
                                                                      3],
                                                              :index 42,
                                                              :time 4169773939}
                                                             {:process 35,
                                                              :type :invoke,
                                                              :f :cas,
                                                              :value [4
                                                                      3],
                                                              :index 30,
                                                              :time 2826058205}
                                                             {:process 58,
                                                              :type :invoke,
                                                              :f :write,
                                                              :value 2,
                                                              :index 32,
                                                              :time 3236440014}]}),
                                        :final-paths ()},
                         :timeline {:valid? true},
                         :valid? true}},
            :failures []},
 :valid? false}


Analysis invalid! (ﾉಥ益ಥ）ﾉ ┻━┻
