DEBUG:root:received {"dest":"n2","body":{"type":"init","node_id":"n2","node_ids":["n0","n1","n2","n3"],"msg_id":1},"src":"c2","id":2}
INFO:root:node n2 initialized
DEBUG:root:sending {"dest": "c2", "src": "n2", "body": {"msg_id": 1, "in_reply_to": 1, "type": "init_ok"}}
DEBUG:root:received {"dest":"n2","body":{"txn":[["r",9,null],["r",9,null]],"type":"txn","msg_id":1},"src":"c8","id":8}
INFO:root:executing txn
DEBUG:root:c8-1: locking 9
INFO:root:CTX 
namespace(tid='c8-1', locked=[9])
 msg id1
INFO:root:c8-1: aborted
DEBUG:root:sending {"dest": "c8", "src": "n2", "body": {"msg_id": 2, "in_reply_to": 1, "type": "error", "code": 14, "text": "transaction aborted"}}
DEBUG:root:c8-1: unlocking 9
DEBUG:root:received {"dest":"n2","body":{"txn":[["append",7,2],["r",8,null]],"type":"txn","msg_id":2},"src":"c8","id":14}
INFO:root:executing txn
DEBUG:root:c8-2: locking 7
DEBUG:root:c8-2: locking 8
INFO:root:CTX 
namespace(tid='c8-2', locked=[7, 8])
 msg id2
DEBUG:root:c8-2: appending to 7: 2
DEBUG:root:c8-2: reading 8
DEBUG:root:c8-2: updating 7: [2]
DEBUG:root:sending {"dest": "c8", "src": "n2", "body": {"msg_id": 3, "in_reply_to": 2, "type": "txn_ok", "txn": [["append", 7, 2], ["r", 8, null]]}}
ERROR:asyncio:Task exception was never retrieved
future: <Task finished name='Task-4' coro=<handle() done, defined at /home/peter/Documents/tf/lab4/cent.py:15> exception=TypeError("'types.SimpleNamespace' object is not callable")>
Traceback (most recent call last):
  File "/home/peter/Documents/tf/lab4/cent.py", line 39, in handle
    msg(node, type='txnRep',txn=msg.body.txn, originalid=msg.body.msg_id)
TypeError: 'types.SimpleNamespace' object is not callable
DEBUG:root:received {"dest":"n2","body":{"txn":[["r",9,null],["r",6,null],["r",9,null],["r",9,null]],"type":"txn","msg_id":3},"src":"c8","id":18}
INFO:root:executing txn
DEBUG:root:c8-3: locking 6
DEBUG:root:c8-3: locking 9
INFO:root:CTX 
namespace(tid='c8-3', locked=[6, 9])
 msg id3
DEBUG:root:c8-3: reading 9
DEBUG:root:c8-3: reading 6
DEBUG:root:c8-3: reading 9
DEBUG:root:c8-3: reading 9
DEBUG:root:sending {"dest": "c8", "src": "n2", "body": {"msg_id": 4, "in_reply_to": 3, "type": "txn_ok", "txn": [["r", 9, null], ["r", 6, null], ["r", 9, null], ["r", 9, null]]}}
ERROR:asyncio:Task exception was never retrieved
future: <Task finished name='Task-5' coro=<handle() done, defined at /home/peter/Documents/tf/lab4/cent.py:15> exception=TypeError("'types.SimpleNamespace' object is not callable")>
Traceback (most recent call last):
  File "/home/peter/Documents/tf/lab4/cent.py", line 39, in handle
    msg(node, type='txnRep',txn=msg.body.txn, originalid=msg.body.msg_id)
TypeError: 'types.SimpleNamespace' object is not callable
DEBUG:root:received {"dest":"n2","body":{"txn":[["append",7,5],["r",9,null]],"type":"txn","msg_id":4},"src":"c8","id":23}
INFO:root:executing txn
DEBUG:root:c8-4: locking 7
