DEBUG:root:received {"dest":"n3","body":{"type":"init","node_id":"n3","node_ids":["n0","n1","n2","n3"],"msg_id":1},"src":"c0","id":0}
INFO:root:node n3 initialized
DEBUG:root:sending {"dest": "c0", "src": "n3", "body": {"msg_id": 1, "in_reply_to": 1, "type": "init_ok"}}
DEBUG:root:received {"dest":"n3","body":{"txn":[["r",9,null],["append",9,6]],"type":"txn","msg_id":1},"src":"c11","id":24}
INFO:root:executing txn
DEBUG:root:c11-1: locking 9
INFO:root:CTX 
namespace(tid='c11-1', locked=[9])
 msg id1
INFO:root:c11-1: aborted
DEBUG:root:sending {"dest": "c11", "src": "n3", "body": {"msg_id": 2, "in_reply_to": 1, "type": "error", "code": 14, "text": "transaction aborted"}}
DEBUG:root:c11-1: unlocking 9
DEBUG:root:received {"dest":"n3","body":{"txn":[["r",5,null],["append",5,1],["r",7,null],["append",9,9]],"type":"txn","msg_id":2},"src":"c11","id":27}
INFO:root:executing txn
DEBUG:root:c11-2: locking 5
DEBUG:root:c11-2: locking 7
DEBUG:root:c11-2: locking 9
INFO:root:CTX 
namespace(tid='c11-2', locked=[5, 7, 9])
 msg id2
DEBUG:root:c11-2: reading 5
DEBUG:root:c11-2: appending to 5: 1
DEBUG:root:c11-2: reading 7
DEBUG:root:c11-2: appending to 9: 9
DEBUG:root:c11-2: updating 5: [1]
DEBUG:root:c11-2: updating 9: [9]
DEBUG:root:sending {"dest": "c11", "src": "n3", "body": {"msg_id": 3, "in_reply_to": 2, "type": "txn_ok", "txn": [["r", 5, null], ["append", 5, 1], ["r", 7, null], ["append", 9, 9]]}}
ERROR:asyncio:Task exception was never retrieved
future: <Task finished name='Task-4' coro=<handle() done, defined at /home/peter/Documents/tf/lab4/cent.py:15> exception=TypeError("'types.SimpleNamespace' object is not callable")>
Traceback (most recent call last):
  File "/home/peter/Documents/tf/lab4/cent.py", line 39, in handle
    msg(node, type='txnRep',txn=msg.body.txn, originalid=msg.body.msg_id)
TypeError: 'types.SimpleNamespace' object is not callable
