DEBUG:root:received {"dest":"n2","body":{"type":"init","node_id":"n2","node_ids":["n1","n2","n3","n4","n5"],"msg_id":1},"src":"c2","id":2}
INFO:root:node n2 initialized
DEBUG:root:sending {"dest": "c2", "src": "n2", "body": {"msg_id": 1, "in_reply_to": 1, "type": "init_ok"}}
INFO:root:node
n1
current time
1651669607425579350
node_time
1651669607425572641
dif
6709
True

INFO:root:LEADER IS DEAD bit of a aldrabation tho
n1

INFO:root:lead is dead

INFO:root:starting new elections, new term
1

INFO:root:Requesting new Vote

DEBUG:root:sending {"dest": "n1", "src": "n2", "body": {"msg_id": 2, "type": "RequestVote", "term": 1, "prevLogIndex": 0, "lastLogTerm": 0, "candidateId": "n2"}}
DEBUG:root:sending {"dest": "n2", "src": "n2", "body": {"msg_id": 3, "type": "RequestVote", "term": 1, "prevLogIndex": 0, "lastLogTerm": 0, "candidateId": "n2"}}
DEBUG:root:sending {"dest": "n3", "src": "n2", "body": {"msg_id": 4, "type": "RequestVote", "term": 1, "prevLogIndex": 0, "lastLogTerm": 0, "candidateId": "n2"}}
DEBUG:root:sending {"dest": "n4", "src": "n2", "body": {"msg_id": 5, "type": "RequestVote", "term": 1, "prevLogIndex": 0, "lastLogTerm": 0, "candidateId": "n2"}}
DEBUG:root:sending {"dest": "n5", "src": "n2", "body": {"msg_id": 6, "type": "RequestVote", "term": 1, "prevLogIndex": 0, "lastLogTerm": 0, "candidateId": "n2"}}
DEBUG:root:received {"dest":"n2","src":"n2","body":{"msg_id":3,"type":"RequestVote","term":1,"prevLogIndex":0,"lastLogTerm":0,"candidateId":"n2"},"id":10}
INFO:root:alrady voted in cur election
None
at time
1651669607435491675

DEBUG:root:sending {"dest": "n2", "src": "n2", "body": {"msg_id": 7, "in_reply_to": 3, "type": "RequestVoteRes", "term": 1, "res": true}}
DEBUG:root:received {"dest":"n2","src":"n4","body":{"msg_id":2,"in_reply_to":5,"type":"RequestVoteRes","term":1,"res":true},"id":13}
INFO:root:Got a response to the vote Request #475

INFO:root:node id:
n2
leader
n1
kvsotr
{}
cur term
1
log 
[(('pass', None), 0)]
commit indez e last applied
0
0
candidate, votes, voted for
True
0
None
timeout dict
{'n1': 1651669607425572641, 'n2': 1651669607435487898, 'n3': 1651669607425572641, 'n4': 1651669607437043864, 'n5': 1651669607425572641}

INFO:root:resposta
True
majority
3

INFO:root:antes  #487
0

INFO:root:depois  #489
1

DEBUG:root:received {"dest":"n2","src":"n2","body":{"msg_id":7,"in_reply_to":3,"type":"RequestVoteRes","term":1,"res":true},"id":15}
DEBUG:root:received {"dest":"n2","src":"n5","body":{"msg_id":2,"in_reply_to":6,"type":"RequestVoteRes","term":1,"res":true},"id":16}
DEBUG:root:received {"dest":"n2","src":"n3","body":{"msg_id":2,"in_reply_to":4,"type":"RequestVoteRes","term":1,"res":true},"id":17}
INFO:root:Got a response to the vote Request #475

INFO:root:node id:
n2
leader
n1
kvsotr
{}
cur term
1
log 
[(('pass', None), 0)]
commit indez e last applied
0
0
candidate, votes, voted for
True
1
None
timeout dict
{'n1': 1651669607425572641, 'n2': 1651669607439286546, 'n3': 1651669607425572641, 'n4': 1651669607437043864, 'n5': 1651669607425572641}

INFO:root:resposta
True
majority
3

INFO:root:antes  #487
1

INFO:root:depois  #489
2

INFO:root:Got a response to the vote Request #475

INFO:root:node id:
n2
leader
n1
kvsotr
{}
cur term
1
log 
[(('pass', None), 0)]
commit indez e last applied
0
0
candidate, votes, voted for
True
2
None
timeout dict
{'n1': 1651669607425572641, 'n2': 1651669607439286546, 'n3': 1651669607425572641, 'n4': 1651669607437043864, 'n5': 1651669607439711424}

INFO:root:resposta
True
majority
3

INFO:root:antes  #487
2

INFO:root:depois  #489
3

INFO:root:became leader
log
[(('pass', None), 0)]
match index
{'n1': 0, 'n2': 0, 'n3': 0, 'n4': 0, 'n5': 0}

INFO:root:vote ended, new leader is
n2

INFO:root:sending HB

INFO:root:HBdest
n1
nextIndex
{'n1': 1, 'n2': 1, 'n3': 1, 'n4': 1, 'n5': 1}
log
[(('pass', None), 0)]

DEBUG:root:sending {"dest": "n1", "src": "n2", "body": {"msg_id": 8, "type": "AppendEntries", "term": 1, "prevIndex": 0, "prevTerm": 0, "entries": [], "commit": 0}}
INFO:root:HBdest
n3
nextIndex
{'n1': 1, 'n2': 1, 'n3': 1, 'n4': 1, 'n5': 1}
log
[(('pass', None), 0)]

DEBUG:root:sending {"dest": "n3", "src": "n2", "body": {"msg_id": 9, "type": "AppendEntries", "term": 1, "prevIndex": 0, "prevTerm": 0, "entries": [], "commit": 0}}
INFO:root:HBdest
n4
nextIndex
{'n1': 1, 'n2': 1, 'n3': 1, 'n4': 1, 'n5': 1}
log
[(('pass', None), 0)]

DEBUG:root:sending {"dest": "n4", "src": "n2", "body": {"msg_id": 10, "type": "AppendEntries", "term": 1, "prevIndex": 0, "prevTerm": 0, "entries": [], "commit": 0}}
INFO:root:HBdest
n5
nextIndex
{'n1': 1, 'n2': 1, 'n3': 1, 'n4': 1, 'n5': 1}
log
[(('pass', None), 0)]

DEBUG:root:sending {"dest": "n5", "src": "n2", "body": {"msg_id": 11, "type": "AppendEntries", "term": 1, "prevIndex": 0, "prevTerm": 0, "entries": [], "commit": 0}}
INFO:root:Got a response to the vote Request #475

INFO:root:node id:
n2
leader
n2
kvsotr
{}
cur term
1
log 
[(('pass', None), 0)]
commit indez e last applied
0
0
candidate, votes, voted for
False
None
None
timeout dict
{'n1': 1651669607425572641, 'n2': 1651669607439286546, 'n3': 1651669607440745905, 'n4': 1651669607437043864, 'n5': 1651669607439711424}

INFO:root:resposta
True
majority
3

DEBUG:root:received {"dest":"n2","src":"n3","body":{"msg_id":3,"in_reply_to":9,"type":"AppendEntriesRes","res":true,"term":1,"next":1,"commit":0},"id":21}
DEBUG:root:received {"dest":"n2","src":"n4","body":{"msg_id":3,"in_reply_to":10,"type":"AppendEntriesRes","res":true,"term":1,"next":1,"commit":0},"id":23}
DEBUG:root:received {"dest":"n2","src":"n5","body":{"msg_id":3,"in_reply_to":11,"type":"AppendEntriesRes","res":true,"term":1,"next":1,"commit":0},"id":24}
DEBUG:root:received {"dest":"n2","src":"n1","body":{"msg_id":2,"type":"AppendEntries","term":0,"prevIndex":0,"prevTerm":0,"entries":[],"commit":0},"id":26}
DEBUG:root:sending {"dest": "n1", "src": "n2", "body": {"msg_id": 12, "in_reply_to": 2, "type": "AppendEntriesRes", "res": false, "term": 1}}
INFO:root:msg term
0
current term
1
log
[(('pass', None), 0)]
msg entries
[]

DEBUG:root:received {"dest":"n2","src":"n1","body":{"msg_id":6,"in_reply_to":2,"type":"RequestVoteRes","term":1,"res":true},"id":34}
INFO:root:Got a response to the vote Request #475

INFO:root:node id:
n2
leader
n2
kvsotr
{}
cur term
1
log 
[(('pass', None), 0)]
commit indez e last applied
0
0
candidate, votes, voted for
False
None
None
timeout dict
{'n1': 1651669607454909815, 'n2': 1651669607439286546, 'n3': 1651669607443552248, 'n4': 1651669607443586925, 'n5': 1651669607443753688}

INFO:root:resposta
True
majority
3

DEBUG:root:received {"dest":"n2","src":"n1","body":{"msg_id":7,"in_reply_to":8,"type":"AppendEntriesRes","res":true,"term":1,"next":1,"commit":0},"id":35}
DEBUG:root:received {"dest":"n2","src":"n1","body":{"msg_id":8,"type":"AppendEntries","term":1,"prevIndex":-1,"prevTerm":0,"entries":[[["pass",null],0]],"commit":0},"id":36}
INFO:root:commiting command
[['pass', None], 0]

DEBUG:root:sending {"dest": "n1", "src": "n2", "body": {"msg_id": 13, "in_reply_to": 8, "type": "AppendEntriesRes", "res": true, "term": 1, "next": 2, "commit": 0}}
DEBUG:root:received {"dest":"n2","body":{"key":0,"type":"read","msg_id":1},"src":"c10","id":44}
DEBUG:root:sending {"dest": "c10", "src": "n2", "body": {"msg_id": 14, "in_reply_to": 1, "type": "error", "code": 20, "text": "Invalid Key"}}
DEBUG:root:received {"dest":"n2","src":"n5","body":{"msg_id":7,"type":"RequestVote","term":2,"prevLogIndex":1,"lastLogTerm":0,"candidateId":"n5"},"id":47}
DEBUG:root:sending {"dest": "n5", "src": "n2", "body": {"msg_id": 15, "in_reply_to": 7, "type": "RequestVoteRes", "term": 2, "res": true}}
INFO:root:election started and voted vor
n5
at time
1651669607539506164

DEBUG:root:received {"dest":"n2","src":"n3","body":{"msg_id":7,"type":"RequestVote","term":2,"prevLogIndex":1,"lastLogTerm":0,"candidateId":"n3"},"id":52}
DEBUG:root:received {"dest":"n2","src":"n4","body":{"msg_id":7,"type":"RequestVote","term":2,"prevLogIndex":1,"lastLogTerm":0,"candidateId":"n4"},"id":55}
DEBUG:root:sending {"dest": "n3", "src": "n2", "body": {"msg_id": 16, "in_reply_to": 7, "type": "RequestVoteRes", "term": 2, "res": false}}
DEBUG:root:sending {"dest": "n4", "src": "n2", "body": {"msg_id": 17, "in_reply_to": 7, "type": "RequestVoteRes", "term": 2, "res": false}}
DEBUG:root:received {"dest":"n2","src":"n5","body":{"msg_id":14,"type":"AppendEntries","term":2,"prevIndex":1,"prevTerm":0,"entries":[],"commit":0},"id":74}
DEBUG:root:sending {"dest": "n5", "src": "n2", "body": {"msg_id": 18, "in_reply_to": 14, "type": "AppendEntriesRes", "res": true, "term": 2, "next": 2, "commit": 0}}
INFO:root:election timeout, starting new election

INFO:root:starting new elections, new term
3

INFO:root:Requesting new Vote

DEBUG:root:sending {"dest": "n1", "src": "n2", "body": {"msg_id": 19, "type": "RequestVote", "term": 3, "prevLogIndex": 1, "lastLogTerm": 0, "candidateId": "n2"}}
DEBUG:root:sending {"dest": "n2", "src": "n2", "body": {"msg_id": 20, "type": "RequestVote", "term": 3, "prevLogIndex": 1, "lastLogTerm": 0, "candidateId": "n2"}}
DEBUG:root:sending {"dest": "n3", "src": "n2", "body": {"msg_id": 21, "type": "RequestVote", "term": 3, "prevLogIndex": 1, "lastLogTerm": 0, "candidateId": "n2"}}
DEBUG:root:sending {"dest": "n4", "src": "n2", "body": {"msg_id": 22, "type": "RequestVote", "term": 3, "prevLogIndex": 1, "lastLogTerm": 0, "candidateId": "n2"}}
DEBUG:root:sending {"dest": "n5", "src": "n2", "body": {"msg_id": 23, "type": "RequestVote", "term": 3, "prevLogIndex": 1, "lastLogTerm": 0, "candidateId": "n2"}}
DEBUG:root:received {"dest":"n2","src":"n2","body":{"msg_id":20,"type":"RequestVote","term":3,"prevLogIndex":1,"lastLogTerm":0,"candidateId":"n2"},"id":88}
INFO:root:alrady voted in cur election
None
at time
1651669607641285434

DEBUG:root:sending {"dest": "n2", "src": "n2", "body": {"msg_id": 24, "in_reply_to": 20, "type": "RequestVoteRes", "term": 3, "res": true}}
DEBUG:root:received {"dest":"n2","src":"n2","body":{"msg_id":24,"in_reply_to":20,"type":"RequestVoteRes","term":3,"res":true},"id":92}
DEBUG:root:received {"dest":"n2","src":"n3","body":{"msg_id":15,"in_reply_to":21,"type":"RequestVoteRes","term":2,"res":false},"id":93}
DEBUG:root:received {"dest":"n2","src":"n4","body":{"msg_id":17,"in_reply_to":22,"type":"RequestVoteRes","term":2,"res":false},"id":94}
DEBUG:root:received {"dest":"n2","src":"n5","body":{"msg_id":18,"in_reply_to":23,"type":"RequestVoteRes","term":2,"res":false},"id":95}
INFO:root:Got a response to the vote Request #475

INFO:root:node id:
n2
leader
n2
kvsotr
{}
cur term
3
log 
[(('pass', None), 0), [['pass', None], 0]]
commit indez e last applied
0
0
candidate, votes, voted for
True
0
None
timeout dict
{'n1': 1651669607456352323, 'n2': 1651669607642989395, 'n3': 1651669607541437489, 'n4': 1651669607541615356, 'n5': 1651669607545413570}

INFO:root:resposta
True
majority
3

INFO:root:antes  #487
0

INFO:root:depois  #489
1

INFO:root:Got a response to the vote Request #475

INFO:root:node id:
n2
leader
n2
kvsotr
{}
cur term
3
log 
[(('pass', None), 0), [['pass', None], 0]]
commit indez e last applied
0
0
candidate, votes, voted for
True
1
None
timeout dict
{'n1': 1651669607456352323, 'n2': 1651669607642989395, 'n3': 1651669607643279792, 'n4': 1651669607541615356, 'n5': 1651669607545413570}

INFO:root:resposta
False
majority
3

INFO:root:Got a response to the vote Request #475

INFO:root:node id:
n2
leader
n2
kvsotr
{}
cur term
3
log 
[(('pass', None), 0), [['pass', None], 0]]
commit indez e last applied
0
0
candidate, votes, voted for
True
1
None
timeout dict
{'n1': 1651669607456352323, 'n2': 1651669607642989395, 'n3': 1651669607643279792, 'n4': 1651669607643428055, 'n5': 1651669607545413570}

INFO:root:resposta
False
majority
3

INFO:root:Got a response to the vote Request #475

INFO:root:node id:
n2
leader
n2
kvsotr
{}
cur term
3
log 
[(('pass', None), 0), [['pass', None], 0]]
commit indez e last applied
0
0
candidate, votes, voted for
True
1
None
timeout dict
{'n1': 1651669607456352323, 'n2': 1651669607642989395, 'n3': 1651669607643279792, 'n4': 1651669607643428055, 'n5': 1651669607643578718}

INFO:root:resposta
False
majority
3

DEBUG:root:received {"dest":"n2","src":"n5","body":{"msg_id":20,"type":"RequestVote","term":3,"prevLogIndex":1,"lastLogTerm":0,"candidateId":"n5"},"id":98}
DEBUG:root:received {"dest":"n2","src":"n3","body":{"msg_id":17,"type":"RequestVote","term":3,"prevLogIndex":1,"lastLogTerm":0,"candidateId":"n3"},"id":99}
DEBUG:root:sending {"dest": "n5", "src": "n2", "body": {"msg_id": 25, "in_reply_to": 20, "type": "RequestVoteRes", "term": 3, "res": true}}
INFO:root:election started and voted vor
n5
at time
1651669607645130441

DEBUG:root:received {"dest":"n2","src":"n4","body":{"msg_id":19,"type":"RequestVote","term":3,"prevLogIndex":1,"lastLogTerm":0,"candidateId":"n4"},"id":105}
DEBUG:root:received {"dest":"n2","src":"n5","body":{"msg_id":28,"type":"AppendEntries","term":3,"prevIndex":1,"prevTerm":0,"entries":[],"commit":0},"id":122}
DEBUG:root:sending {"dest": "n3", "src": "n2", "body": {"msg_id": 26, "in_reply_to": 17, "type": "RequestVoteRes", "term": 3, "res": false}}
DEBUG:root:sending {"dest": "n4", "src": "n2", "body": {"msg_id": 27, "in_reply_to": 19, "type": "RequestVoteRes", "term": 3, "res": false}}
DEBUG:root:sending {"dest": "n5", "src": "n2", "body": {"msg_id": 28, "in_reply_to": 28, "type": "AppendEntriesRes", "res": true, "term": 3, "next": 2, "commit": 0}}
INFO:root:election timeout, starting new election

INFO:root:starting new elections, new term
4

INFO:root:Requesting new Vote

DEBUG:root:sending {"dest": "n1", "src": "n2", "body": {"msg_id": 29, "type": "RequestVote", "term": 4, "prevLogIndex": 1, "lastLogTerm": 0, "candidateId": "n2"}}
DEBUG:root:sending {"dest": "n2", "src": "n2", "body": {"msg_id": 30, "type": "RequestVote", "term": 4, "prevLogIndex": 1, "lastLogTerm": 0, "candidateId": "n2"}}
DEBUG:root:sending {"dest": "n3", "src": "n2", "body": {"msg_id": 31, "type": "RequestVote", "term": 4, "prevLogIndex": 1, "lastLogTerm": 0, "candidateId": "n2"}}
DEBUG:root:sending {"dest": "n4", "src": "n2", "body": {"msg_id": 32, "type": "RequestVote", "term": 4, "prevLogIndex": 1, "lastLogTerm": 0, "candidateId": "n2"}}
DEBUG:root:sending {"dest": "n5", "src": "n2", "body": {"msg_id": 33, "type": "RequestVote", "term": 4, "prevLogIndex": 1, "lastLogTerm": 0, "candidateId": "n2"}}
DEBUG:root:received {"dest":"n2","src":"n2","body":{"msg_id":30,"type":"RequestVote","term":4,"prevLogIndex":1,"lastLogTerm":0,"candidateId":"n2"},"id":131}
INFO:root:alrady voted in cur election
None
at time
1651669607748279848

DEBUG:root:sending {"dest": "n2", "src": "n2", "body": {"msg_id": 34, "in_reply_to": 30, "type": "RequestVoteRes", "term": 4, "res": true}}
DEBUG:root:received {"dest":"n2","src":"n3","body":{"msg_id":26,"type":"RequestVote","term":4,"prevLogIndex":1,"lastLogTerm":0,"candidateId":"n3"},"id":134}
DEBUG:root:sending {"dest": "n3", "src": "n2", "body": {"msg_id": 35, "in_reply_to": 26, "type": "RequestVoteRes", "term": 4, "res": true}}
INFO:root:election started and voted vor
n3
at time
1651669607748885388

DEBUG:root:received {"dest":"n2","src":"n2","body":{"msg_id":34,"in_reply_to":30,"type":"RequestVoteRes","term":4,"res":true},"id":139}
DEBUG:root:received {"dest":"n2","src":"n4","body":{"msg_id":28,"type":"RequestVote","term":4,"prevLogIndex":1,"lastLogTerm":0,"candidateId":"n4"},"id":142}
INFO:root:Got a response to the vote Request #475

INFO:root:node id:
n2
leader
n2
kvsotr
{}
cur term
4
log 
[(('pass', None), 0), [['pass', None], 0]]
commit indez e last applied
0
0
candidate, votes, voted for
True
0
n3
timeout dict
{'n1': 1651669607456352323, 'n2': 1651669607749575762, 'n3': 1651669607748776211, 'n4': 1651669607649862773, 'n5': 1651669607649961313}

INFO:root:resposta
True
majority
3

INFO:root:antes  #487
0

INFO:root:depois  #489
1

DEBUG:root:sending {"dest": "n4", "src": "n2", "body": {"msg_id": 36, "in_reply_to": 28, "type": "RequestVoteRes", "term": 4, "res": false}}
DEBUG:root:received {"dest":"n2","src":"n4","body":{"msg_id":32,"in_reply_to":32,"type":"RequestVoteRes","term":4,"res":true},"id":148}
DEBUG:root:received {"dest":"n2","src":"n5","body":{"msg_id":31,"in_reply_to":33,"type":"RequestVoteRes","term":4,"res":true},"id":149}
DEBUG:root:received {"dest":"n2","src":"n3","body":{"msg_id":30,"in_reply_to":31,"type":"RequestVoteRes","term":4,"res":true},"id":150}
INFO:root:Got a response to the vote Request #475

INFO:root:node id:
n2
leader
n2
kvsotr
{}
cur term
4
log 
[(('pass', None), 0), [['pass', None], 0]]
commit indez e last applied
0
0
candidate, votes, voted for
True
1
n3
timeout dict
{'n1': 1651669607456352323, 'n2': 1651669607749575762, 'n3': 1651669607748776211, 'n4': 1651669607751757745, 'n5': 1651669607649961313}

INFO:root:resposta
True
majority
3

INFO:root:antes  #487
1

INFO:root:depois  #489
2

INFO:root:Got a response to the vote Request #475

INFO:root:node id:
n2
leader
n2
kvsotr
{}
cur term
4
log 
[(('pass', None), 0), [['pass', None], 0]]
commit indez e last applied
0
0
candidate, votes, voted for
True
2
n3
timeout dict
{'n1': 1651669607456352323, 'n2': 1651669607749575762, 'n3': 1651669607748776211, 'n4': 1651669607751757745, 'n5': 1651669607752068884}

INFO:root:resposta
True
majority
3

INFO:root:antes  #487
2

INFO:root:depois  #489
3

INFO:root:became leader
log
[(('pass', None), 0), [['pass', None], 0]]
match index
{'n1': 0, 'n2': 0, 'n3': 0, 'n4': 0, 'n5': 0}

INFO:root:vote ended, new leader is
n2

INFO:root:sending HB

INFO:root:HBdest
n1
nextIndex
{'n1': 2, 'n2': 2, 'n3': 2, 'n4': 2, 'n5': 2}
log
[(('pass', None), 0), [['pass', None], 0]]

DEBUG:root:sending {"dest": "n1", "src": "n2", "body": {"msg_id": 37, "type": "AppendEntries", "term": 4, "prevIndex": 1, "prevTerm": 0, "entries": [], "commit": 0}}
INFO:root:HBdest
n3
nextIndex
{'n1': 2, 'n2': 2, 'n3': 2, 'n4': 2, 'n5': 2}
log
[(('pass', None), 0), [['pass', None], 0]]

DEBUG:root:sending {"dest": "n3", "src": "n2", "body": {"msg_id": 38, "type": "AppendEntries", "term": 4, "prevIndex": 1, "prevTerm": 0, "entries": [], "commit": 0}}
INFO:root:HBdest
n4
nextIndex
{'n1': 2, 'n2': 2, 'n3': 2, 'n4': 2, 'n5': 2}
log
[(('pass', None), 0), [['pass', None], 0]]

DEBUG:root:sending {"dest": "n4", "src": "n2", "body": {"msg_id": 39, "type": "AppendEntries", "term": 4, "prevIndex": 1, "prevTerm": 0, "entries": [], "commit": 0}}
INFO:root:HBdest
n5
nextIndex
{'n1': 2, 'n2': 2, 'n3': 2, 'n4': 2, 'n5': 2}
log
[(('pass', None), 0), [['pass', None], 0]]

DEBUG:root:sending {"dest": "n5", "src": "n2", "body": {"msg_id": 40, "type": "AppendEntries", "term": 4, "prevIndex": 1, "prevTerm": 0, "entries": [], "commit": 0}}
INFO:root:Got a response to the vote Request #475

INFO:root:node id:
n2
leader
n2
kvsotr
{}
cur term
4
log 
[(('pass', None), 0), [['pass', None], 0]]
commit indez e last applied
0
0
candidate, votes, voted for
False
None
None
timeout dict
{'n1': 1651669607456352323, 'n2': 1651669607749575762, 'n3': 1651669607754131666, 'n4': 1651669607751757745, 'n5': 1651669607752068884}

INFO:root:resposta
True
majority
3

DEBUG:root:received {"dest":"n2","src":"n5","body":{"msg_id":34,"in_reply_to":40,"type":"AppendEntriesRes","res":true,"term":4,"next":2,"commit":0},"id":161}
DEBUG:root:received {"dest":"n2","src":"n3","body":{"msg_id":33,"in_reply_to":38,"type":"AppendEntriesRes","res":true,"term":4,"next":2,"commit":0},"id":162}
INFO:root:election ended

DEBUG:root:received {"dest":"n2","src":"n4","body":{"msg_id":35,"in_reply_to":39,"type":"AppendEntriesRes","res":true,"term":4,"next":2,"commit":0},"id":163}
INFO:root:sending HB

INFO:root:HBdest
n1
nextIndex
{'n1': 2, 'n2': 2, 'n3': 2, 'n4': 2, 'n5': 2}
log
[(('pass', None), 0), [['pass', None], 0]]

DEBUG:root:sending {"dest": "n1", "src": "n2", "body": {"msg_id": 41, "type": "AppendEntries", "term": 4, "prevIndex": 1, "prevTerm": 0, "entries": [], "commit": 0}}
INFO:root:HBdest
n3
nextIndex
{'n1': 2, 'n2': 2, 'n3': 2, 'n4': 2, 'n5': 2}
log
[(('pass', None), 0), [['pass', None], 0]]

DEBUG:root:sending {"dest": "n3", "src": "n2", "body": {"msg_id": 42, "type": "AppendEntries", "term": 4, "prevIndex": 1, "prevTerm": 0, "entries": [], "commit": 0}}
INFO:root:HBdest
n4
nextIndex
{'n1': 2, 'n2': 2, 'n3': 2, 'n4': 2, 'n5': 2}
log
[(('pass', None), 0), [['pass', None], 0]]

DEBUG:root:sending {"dest": "n4", "src": "n2", "body": {"msg_id": 43, "type": "AppendEntries", "term": 4, "prevIndex": 1, "prevTerm": 0, "entries": [], "commit": 0}}
INFO:root:HBdest
n5
nextIndex
{'n1': 2, 'n2': 2, 'n3': 2, 'n4': 2, 'n5': 2}
log
[(('pass', None), 0), [['pass', None], 0]]

DEBUG:root:sending {"dest": "n5", "src": "n2", "body": {"msg_id": 44, "type": "AppendEntries", "term": 4, "prevIndex": 1, "prevTerm": 0, "entries": [], "commit": 0}}
DEBUG:root:received {"dest":"n2","src":"n3","body":{"msg_id":34,"in_reply_to":42,"type":"AppendEntriesRes","res":true,"term":4,"next":2,"commit":0},"id":168}
DEBUG:root:received {"dest":"n2","src":"n4","body":{"msg_id":36,"in_reply_to":43,"type":"AppendEntriesRes","res":true,"term":4,"next":2,"commit":0},"id":169}
DEBUG:root:received {"dest":"n2","src":"n5","body":{"msg_id":35,"in_reply_to":44,"type":"AppendEntriesRes","res":true,"term":4,"next":2,"commit":0},"id":170}
DEBUG:root:received {"dest":"n2","src":"n5","body":{"msg_id":37,"type":"RequestVote","term":5,"prevLogIndex":1,"lastLogTerm":0,"candidateId":"n5"},"id":172}
DEBUG:root:sending {"dest": "n5", "src": "n2", "body": {"msg_id": 45, "in_reply_to": 37, "type": "RequestVoteRes", "term": 5, "res": true}}
INFO:root:election started and voted vor
n5
at time
1651669607801519378

DEBUG:root:received {"dest":"n2","body":{"key":0,"type":"read","msg_id":2},"src":"c10","id":180}
DEBUG:root:sending {"dest": "c10", "src": "n2", "body": {"msg_id": 46, "in_reply_to": 2, "type": "error", "code": 20, "text": "Invalid Key"}}
INFO:root:election timeout, starting new election

INFO:root:starting new elections, new term
6

INFO:root:Requesting new Vote

DEBUG:root:sending {"dest": "n1", "src": "n2", "body": {"msg_id": 47, "type": "RequestVote", "term": 6, "prevLogIndex": 1, "lastLogTerm": 0, "candidateId": "n2"}}
DEBUG:root:sending {"dest": "n2", "src": "n2", "body": {"msg_id": 48, "type": "RequestVote", "term": 6, "prevLogIndex": 1, "lastLogTerm": 0, "candidateId": "n2"}}
DEBUG:root:sending {"dest": "n3", "src": "n2", "body": {"msg_id": 49, "type": "RequestVote", "term": 6, "prevLogIndex": 1, "lastLogTerm": 0, "candidateId": "n2"}}
DEBUG:root:sending {"dest": "n4", "src": "n2", "body": {"msg_id": 50, "type": "RequestVote", "term": 6, "prevLogIndex": 1, "lastLogTerm": 0, "candidateId": "n2"}}
DEBUG:root:sending {"dest": "n5", "src": "n2", "body": {"msg_id": 51, "type": "RequestVote", "term": 6, "prevLogIndex": 1, "lastLogTerm": 0, "candidateId": "n2"}}
DEBUG:root:received {"dest":"n2","src":"n2","body":{"msg_id":48,"type":"RequestVote","term":6,"prevLogIndex":1,"lastLogTerm":0,"candidateId":"n2"},"id":183}
INFO:root:alrady voted in cur election
None
at time
1651669607850694655

DEBUG:root:sending {"dest": "n2", "src": "n2", "body": {"msg_id": 52, "in_reply_to": 48, "type": "RequestVoteRes", "term": 6, "res": true}}
DEBUG:root:received {"dest":"n2","src":"n2","body":{"msg_id":52,"in_reply_to":48,"type":"RequestVoteRes","term":6,"res":true},"id":187}
DEBUG:root:received {"dest":"n2","src":"n3","body":{"msg_id":36,"in_reply_to":49,"type":"RequestVoteRes","term":6,"res":true},"id":188}
DEBUG:root:received {"dest":"n2","src":"n5","body":{"msg_id":42,"in_reply_to":51,"type":"RequestVoteRes","term":6,"res":true},"id":189}
INFO:root:Got a response to the vote Request #475

INFO:root:node id:
n2
leader
n2
kvsotr
{}
cur term
6
log 
[(('pass', None), 0), [['pass', None], 0]]
commit indez e last applied
0
0
candidate, votes, voted for
True
0
None
timeout dict
{'n1': 1651669607456352323, 'n2': 1651669607851918694, 'n3': 1651669607769361922, 'n4': 1651669607769392188, 'n5': 1651669607801349707}

INFO:root:resposta
True
majority
3

INFO:root:antes  #487
0

INFO:root:depois  #489
1

INFO:root:Got a response to the vote Request #475

INFO:root:node id:
n2
leader
n2
kvsotr
{}
cur term
6
log 
[(('pass', None), 0), [['pass', None], 0]]
commit indez e last applied
0
0
candidate, votes, voted for
True
1
None
timeout dict
{'n1': 1651669607456352323, 'n2': 1651669607851918694, 'n3': 1651669607852268648, 'n4': 1651669607769392188, 'n5': 1651669607801349707}

INFO:root:resposta
True
majority
3

INFO:root:antes  #487
1

INFO:root:depois  #489
2

INFO:root:Got a response to the vote Request #475

INFO:root:node id:
n2
leader
n2
kvsotr
{}
cur term
6
log 
[(('pass', None), 0), [['pass', None], 0]]
commit indez e last applied
0
0
candidate, votes, voted for
True
2
None
timeout dict
{'n1': 1651669607456352323, 'n2': 1651669607851918694, 'n3': 1651669607852268648, 'n4': 1651669607769392188, 'n5': 1651669607852551184}

INFO:root:resposta
True
majority
3

INFO:root:antes  #487
2

INFO:root:depois  #489
3

INFO:root:became leader
log
[(('pass', None), 0), [['pass', None], 0]]
match index
{'n1': 0, 'n2': 0, 'n3': 0, 'n4': 0, 'n5': 0}

INFO:root:vote ended, new leader is
n2

INFO:root:sending HB

INFO:root:HBdest
n1
nextIndex
{'n1': 2, 'n2': 2, 'n3': 2, 'n4': 2, 'n5': 2}
log
[(('pass', None), 0), [['pass', None], 0]]

DEBUG:root:sending {"dest": "n1", "src": "n2", "body": {"msg_id": 53, "type": "AppendEntries", "term": 6, "prevIndex": 1, "prevTerm": 0, "entries": [], "commit": 0}}
INFO:root:HBdest
n3
nextIndex
{'n1': 2, 'n2': 2, 'n3': 2, 'n4': 2, 'n5': 2}
log
[(('pass', None), 0), [['pass', None], 0]]

DEBUG:root:sending {"dest": "n3", "src": "n2", "body": {"msg_id": 54, "type": "AppendEntries", "term": 6, "prevIndex": 1, "prevTerm": 0, "entries": [], "commit": 0}}
INFO:root:HBdest
n4
nextIndex
{'n1': 2, 'n2': 2, 'n3': 2, 'n4': 2, 'n5': 2}
log
[(('pass', None), 0), [['pass', None], 0]]

DEBUG:root:sending {"dest": "n4", "src": "n2", "body": {"msg_id": 55, "type": "AppendEntries", "term": 6, "prevIndex": 1, "prevTerm": 0, "entries": [], "commit": 0}}
INFO:root:HBdest
n5
nextIndex
{'n1': 2, 'n2': 2, 'n3': 2, 'n4': 2, 'n5': 2}
log
[(('pass', None), 0), [['pass', None], 0]]

DEBUG:root:sending {"dest": "n5", "src": "n2", "body": {"msg_id": 56, "type": "AppendEntries", "term": 6, "prevIndex": 1, "prevTerm": 0, "entries": [], "commit": 0}}
DEBUG:root:received {"dest":"n2","src":"n4","body":{"msg_id":38,"in_reply_to":50,"type":"RequestVoteRes","term":6,"res":true},"id":190}
DEBUG:root:received {"dest":"n2","src":"n5","body":{"msg_id":44,"type":"RequestVote","term":7,"prevLogIndex":1,"lastLogTerm":0,"candidateId":"n5"},"id":192}
DEBUG:root:received {"dest":"n2","src":"n3","body":{"msg_id":38,"type":"RequestVote","term":7,"prevLogIndex":1,"lastLogTerm":0,"candidateId":"n3"},"id":195}
DEBUG:root:received {"dest":"n2","src":"n4","body":{"msg_id":40,"type":"RequestVote","term":7,"prevLogIndex":1,"lastLogTerm":0,"candidateId":"n4"},"id":202}
INFO:root:Got a response to the vote Request #475

INFO:root:node id:
n2
leader
n2
kvsotr
{}
cur term
6
log 
[(('pass', None), 0), [['pass', None], 0]]
commit indez e last applied
0
0
candidate, votes, voted for
False
None
None
timeout dict
{'n1': 1651669607456352323, 'n2': 1651669607851918694, 'n3': 1651669607852268648, 'n4': 1651669607855417425, 'n5': 1651669607852551184}

INFO:root:resposta
True
majority
3

DEBUG:root:sending {"dest": "n5", "src": "n2", "body": {"msg_id": 57, "in_reply_to": 44, "type": "RequestVoteRes", "term": 7, "res": true}}
INFO:root:election started and voted vor
n5
at time
1651669607855776710

DEBUG:root:sending {"dest": "n3", "src": "n2", "body": {"msg_id": 58, "in_reply_to": 38, "type": "RequestVoteRes", "term": 7, "res": false}}
INFO:root:leader alive, resuming timeout checker

DEBUG:root:received {"dest":"n2","src":"n3","body":{"msg_id":45,"in_reply_to":54,"type":"AppendEntriesRes","res":false,"term":7},"id":216}
DEBUG:root:sending {"dest": "n4", "src": "n2", "body": {"msg_id": 59, "in_reply_to": 40, "type": "RequestVoteRes", "term": 7, "res": false}}
INFO:root:387##########:
node
n2
current term
7
next I
{'n1': 2, 'n2': 2, 'n3': 1, 'n4': 2, 'n5': 2}
log
[(('pass', None), 0), [['pass', None], 0]]
dest
n3

DEBUG:root:sending {"dest": "n3", "src": "n2", "body": {"msg_id": 60, "type": "AppendEntries", "term": 7, "prevIndex": 0, "prevTerm": 0, "entries": [[["pass", null], 0]], "commit": 0}}
DEBUG:root:received {"dest":"n2","src":"n4","body":{"msg_id":47,"in_reply_to":55,"type":"AppendEntriesRes","res":false,"term":7},"id":219}
DEBUG:root:received {"dest":"n2","src":"n5","body":{"msg_id":51,"in_reply_to":56,"type":"AppendEntriesRes","res":false,"term":7},"id":223}
INFO:root:387##########:
node
n2
current term
7
next I
{'n1': 2, 'n2': 2, 'n3': 1, 'n4': 1, 'n5': 2}
log
[(('pass', None), 0), [['pass', None], 0]]
dest
n4

DEBUG:root:sending {"dest": "n4", "src": "n2", "body": {"msg_id": 61, "type": "AppendEntries", "term": 7, "prevIndex": 0, "prevTerm": 0, "entries": [[["pass", null], 0]], "commit": 0}}
INFO:root:387##########:
node
n2
current term
7
next I
{'n1': 2, 'n2': 2, 'n3': 1, 'n4': 1, 'n5': 1}
log
[(('pass', None), 0), [['pass', None], 0]]
dest
n5

DEBUG:root:sending {"dest": "n5", "src": "n2", "body": {"msg_id": 62, "type": "AppendEntries", "term": 7, "prevIndex": 0, "prevTerm": 0, "entries": [[["pass", null], 0]], "commit": 0}}
DEBUG:root:received {"dest":"n2","src":"n5","body":{"msg_id":53,"type":"AppendEntries","term":7,"prevIndex":1,"prevTerm":0,"entries":[],"commit":0},"id":226}
DEBUG:root:sending {"dest": "n5", "src": "n2", "body": {"msg_id": 63, "in_reply_to": 53, "type": "AppendEntriesRes", "res": true, "term": 7, "next": 2, "commit": 0}}
DEBUG:root:received {"dest":"n2","src":"n4","body":{"msg_id":49,"in_reply_to":61,"type":"AppendEntriesRes","res":true,"term":7,"next":3,"commit":0},"id":234}
DEBUG:root:received {"dest":"n2","src":"n3","body":{"msg_id":47,"in_reply_to":60,"type":"AppendEntriesRes","res":true,"term":7,"next":3,"commit":0},"id":236}
DEBUG:root:received {"dest":"n2","src":"n5","body":{"msg_id":56,"in_reply_to":62,"type":"AppendEntriesRes","res":true,"term":7,"next":3,"commit":0},"id":237}
INFO:root:election timeout, starting new election

INFO:root:starting new elections, new term
8

INFO:root:Requesting new Vote

DEBUG:root:sending {"dest": "n1", "src": "n2", "body": {"msg_id": 64, "type": "RequestVote", "term": 8, "prevLogIndex": 1, "lastLogTerm": 0, "candidateId": "n2"}}
DEBUG:root:sending {"dest": "n2", "src": "n2", "body": {"msg_id": 65, "type": "RequestVote", "term": 8, "prevLogIndex": 1, "lastLogTerm": 0, "candidateId": "n2"}}
DEBUG:root:sending {"dest": "n3", "src": "n2", "body": {"msg_id": 66, "type": "RequestVote", "term": 8, "prevLogIndex": 1, "lastLogTerm": 0, "candidateId": "n2"}}
DEBUG:root:sending {"dest": "n4", "src": "n2", "body": {"msg_id": 67, "type": "RequestVote", "term": 8, "prevLogIndex": 1, "lastLogTerm": 0, "candidateId": "n2"}}
DEBUG:root:sending {"dest": "n5", "src": "n2", "body": {"msg_id": 68, "type": "RequestVote", "term": 8, "prevLogIndex": 1, "lastLogTerm": 0, "candidateId": "n2"}}
DEBUG:root:received {"dest":"n2","src":"n2","body":{"msg_id":65,"type":"RequestVote","term":8,"prevLogIndex":1,"lastLogTerm":0,"candidateId":"n2"},"id":239}
INFO:root:alrady voted in cur election
None
at time
1651669607902865945

DEBUG:root:sending {"dest": "n2", "src": "n2", "body": {"msg_id": 69, "in_reply_to": 65, "type": "RequestVoteRes", "term": 8, "res": true}}
DEBUG:root:received {"dest":"n2","src":"n2","body":{"msg_id":69,"in_reply_to":65,"type":"RequestVoteRes","term":8,"res":true},"id":243}
INFO:root:Got a response to the vote Request #475

INFO:root:node id:
n2
leader
n2
kvsotr
{}
cur term
8
log 
[(('pass', None), 0), [['pass', None], 0]]
commit indez e last applied
0
0
candidate, votes, voted for
True
0
None
timeout dict
{'n1': 1651669607456352323, 'n2': 1651669607903461706, 'n3': 1651669607860970637, 'n4': 1651669607860314374, 'n5': 1651669607861063447}

INFO:root:resposta
True
majority
3

INFO:root:antes  #487
0

INFO:root:depois  #489
1

DEBUG:root:received {"dest":"n2","src":"n3","body":{"msg_id":48,"in_reply_to":66,"type":"RequestVoteRes","term":7,"res":false},"id":244}
DEBUG:root:received {"dest":"n2","src":"n4","body":{"msg_id":50,"in_reply_to":67,"type":"RequestVoteRes","term":7,"res":false},"id":245}
INFO:root:Got a response to the vote Request #475

INFO:root:node id:
n2
leader
n2
kvsotr
{}
cur term
8
log 
[(('pass', None), 0), [['pass', None], 0]]
commit indez e last applied
0
0
candidate, votes, voted for
True
1
None
timeout dict
{'n1': 1651669607456352323, 'n2': 1651669607903461706, 'n3': 1651669607904020016, 'n4': 1651669607860314374, 'n5': 1651669607861063447}

INFO:root:resposta
False
majority
3

INFO:root:Got a response to the vote Request #475

INFO:root:node id:
n2
leader
n2
kvsotr
{}
cur term
8
log 
[(('pass', None), 0), [['pass', None], 0]]
commit indez e last applied
0
0
candidate, votes, voted for
True
1
None
timeout dict
{'n1': 1651669607456352323, 'n2': 1651669607903461706, 'n3': 1651669607904020016, 'n4': 1651669607904210979, 'n5': 1651669607861063447}

INFO:root:resposta
False
majority
3

DEBUG:root:received {"dest":"n2","src":"n5","body":{"msg_id":57,"in_reply_to":68,"type":"RequestVoteRes","term":7,"res":false},"id":246}
INFO:root:Got a response to the vote Request #475

INFO:root:node id:
n2
leader
n2
kvsotr
{}
cur term
8
log 
[(('pass', None), 0), [['pass', None], 0]]
commit indez e last applied
0
0
candidate, votes, voted for
True
1
None
timeout dict
{'n1': 1651669607456352323, 'n2': 1651669607903461706, 'n3': 1651669607904020016, 'n4': 1651669607904210979, 'n5': 1651669607904543362}

INFO:root:resposta
False
majority
3

DEBUG:root:received {"dest":"n2","src":"n5","body":{"msg_id":59,"type":"AppendEntries","term":7,"prevIndex":1,"prevTerm":0,"entries":[],"commit":0},"id":248}
DEBUG:root:sending {"dest": "n5", "src": "n2", "body": {"msg_id": 70, "in_reply_to": 59, "type": "AppendEntriesRes", "res": false, "term": 8}}
INFO:root:msg term
7
current term
8
log
[(('pass', None), 0), [['pass', None], 0]]
msg entries
[]

DEBUG:root:received {"dest":"n2","src":"n5","body":{"msg_id":62,"type":"AppendEntries","term":7,"prevIndex":0,"prevTerm":0,"entries":[[["pass",null],0],[["pass",null],0]],"commit":0},"id":254}
DEBUG:root:sending {"dest": "n5", "src": "n2", "body": {"msg_id": 71, "in_reply_to": 62, "type": "AppendEntriesRes", "res": false, "term": 8}}
INFO:root:msg term
7
current term
8
log
[(('pass', None), 0), [['pass', None], 0]]
msg entries
[[['pass', None], 0], [['pass', None], 0]]

DEBUG:root:received {"dest":"n2","src":"n5","body":{"msg_id":63,"type":"AppendEntries","term":7,"prevIndex":-1,"prevTerm":0,"entries":[[["pass",null],0],[["pass",null],0],[["pass",null],0]],"commit":0},"id":256}
DEBUG:root:sending {"dest": "n5", "src": "n2", "body": {"msg_id": 72, "in_reply_to": 63, "type": "AppendEntriesRes", "res": false, "term": 8}}
INFO:root:msg term
7
current term
8
log
[(('pass', None), 0), [['pass', None], 0]]
msg entries
[[['pass', None], 0], [['pass', None], 0], [['pass', None], 0]]

DEBUG:root:received {"dest":"n2","src":"n5","body":{"msg_id":64,"type":"AppendEntries","term":7,"prevIndex":-2,"prevTerm":0,"entries":[[["pass",null],0]],"commit":0},"id":258}
DEBUG:root:sending {"dest": "n5", "src": "n2", "body": {"msg_id": 73, "in_reply_to": 64, "type": "AppendEntriesRes", "res": false, "term": 8}}
INFO:root:msg term
7
current term
8
log
[(('pass', None), 0), [['pass', None], 0]]
msg entries
[[['pass', None], 0]]

DEBUG:root:received {"dest":"n2","src":"n5","body":{"msg_id":65,"type":"AppendEntries","term":7,"prevIndex":-3,"prevTerm":0,"entries":[[["pass",null],0],[["pass",null],0]],"commit":0},"id":260}
DEBUG:root:sending {"dest": "n5", "src": "n2", "body": {"msg_id": 74, "in_reply_to": 65, "type": "AppendEntriesRes", "res": false, "term": 8}}
INFO:root:msg term
7
current term
8
log
[(('pass', None), 0), [['pass', None], 0]]
msg entries
[[['pass', None], 0], [['pass', None], 0]]

DEBUG:root:received {"dest":"n2","src":"n4","body":{"msg_id":53,"type":"RequestVote","term":8,"prevLogIndex":2,"lastLogTerm":0,"candidateId":"n4"},"id":263}
DEBUG:root:sending {"dest": "n4", "src": "n2", "body": {"msg_id": 75, "in_reply_to": 53, "type": "RequestVoteRes", "term": 8, "res": true}}
INFO:root:election started and voted vor
n4
at time
1651669607954996762

INFO:root:election timeout, starting new election

INFO:root:starting new elections, new term
9

INFO:root:Requesting new Vote

DEBUG:root:sending {"dest": "n1", "src": "n2", "body": {"msg_id": 76, "type": "RequestVote", "term": 9, "prevLogIndex": 1, "lastLogTerm": 0, "candidateId": "n2"}}
DEBUG:root:sending {"dest": "n2", "src": "n2", "body": {"msg_id": 77, "type": "RequestVote", "term": 9, "prevLogIndex": 1, "lastLogTerm": 0, "candidateId": "n2"}}
DEBUG:root:sending {"dest": "n3", "src": "n2", "body": {"msg_id": 78, "type": "RequestVote", "term": 9, "prevLogIndex": 1, "lastLogTerm": 0, "candidateId": "n2"}}
DEBUG:root:sending {"dest": "n4", "src": "n2", "body": {"msg_id": 79, "type": "RequestVote", "term": 9, "prevLogIndex": 1, "lastLogTerm": 0, "candidateId": "n2"}}
DEBUG:root:sending {"dest": "n5", "src": "n2", "body": {"msg_id": 80, "type": "RequestVote", "term": 9, "prevLogIndex": 1, "lastLogTerm": 0, "candidateId": "n2"}}
DEBUG:root:received {"dest":"n2","src":"n2","body":{"msg_id":77,"type":"RequestVote","term":9,"prevLogIndex":1,"lastLogTerm":0,"candidateId":"n2"},"id":266}
DEBUG:root:received {"dest":"n2","src":"n3","body":{"msg_id":51,"type":"RequestVote","term":8,"prevLogIndex":2,"lastLogTerm":0,"candidateId":"n3"},"id":269}
DEBUG:root:received {"dest":"n2","src":"n3","body":{"msg_id":56,"type":"RequestVote","term":9,"prevLogIndex":2,"lastLogTerm":0,"candidateId":"n3"},"id":275}
INFO:root:alrady voted in cur election
None
at time
1651669607958310515

DEBUG:root:sending {"dest": "n2", "src": "n2", "body": {"msg_id": 81, "in_reply_to": 77, "type": "RequestVoteRes", "term": 9, "res": true}}
DEBUG:root:sending {"dest": "n3", "src": "n2", "body": {"msg_id": 82, "in_reply_to": 51, "type": "RequestVoteRes", "term": 9, "res": false}}
INFO:root:Bad election request, term is not up to date
None
at time
1651669607958602061

DEBUG:root:sending {"dest": "n3", "src": "n2", "body": {"msg_id": 83, "in_reply_to": 56, "type": "RequestVoteRes", "term": 9, "res": true}}
INFO:root:election started and voted vor
n3
at time
1651669607958755842

DEBUG:root:received {"dest":"n2","src":"n3","body":{"msg_id":60,"in_reply_to":78,"type":"RequestVoteRes","term":9,"res":false},"id":280}
INFO:root:Got a response to the vote Request #475

INFO:root:node id:
n2
leader
n2
kvsotr
{}
cur term
9
log 
[(('pass', None), 0), [['pass', None], 0]]
commit indez e last applied
0
0
candidate, votes, voted for
True
0
n3
timeout dict
{'n1': 1651669607456352323, 'n2': 1651669607958306845, 'n3': 1651669607959216639, 'n4': 1651669607954862583, 'n5': 1651669607950561662}

INFO:root:resposta
False
majority
3

DEBUG:root:received {"dest":"n2","src":"n4","body":{"msg_id":58,"type":"RequestVote","term":9,"prevLogIndex":2,"lastLogTerm":0,"candidateId":"n4"},"id":285}
DEBUG:root:received {"dest":"n2","src":"n4","body":{"msg_id":62,"in_reply_to":79,"type":"RequestVoteRes","term":9,"res":false},"id":289}
DEBUG:root:sending {"dest": "n4", "src": "n2", "body": {"msg_id": 84, "in_reply_to": 58, "type": "RequestVoteRes", "term": 9, "res": false}}
INFO:root:Got a response to the vote Request #475

INFO:root:node id:
n2
leader
n2
kvsotr
{}
cur term
9
log 
[(('pass', None), 0), [['pass', None], 0]]
commit indez e last applied
0
0
candidate, votes, voted for
True
0
n3
timeout dict
{'n1': 1651669607456352323, 'n2': 1651669607958306845, 'n3': 1651669607959216639, 'n4': 1651669607962429348, 'n5': 1651669607950561662}

INFO:root:resposta
False
majority
3

DEBUG:root:received {"dest":"n2","src":"n2","body":{"msg_id":81,"in_reply_to":77,"type":"RequestVoteRes","term":9,"res":true},"id":293}
INFO:root:Got a response to the vote Request #475

INFO:root:node id:
n2
leader
n2
kvsotr
{}
cur term
9
log 
[(('pass', None), 0), [['pass', None], 0]]
commit indez e last applied
0
0
candidate, votes, voted for
True
0
n3
timeout dict
{'n1': 1651669607456352323, 'n2': 1651669607963684837, 'n3': 1651669607959216639, 'n4': 1651669607962429348, 'n5': 1651669607950561662}

INFO:root:resposta
True
majority
3

INFO:root:antes  #487
0

INFO:root:depois  #489
1

DEBUG:root:received {"dest":"n2","src":"n3","body":{"msg_id":66,"type":"AppendEntries","term":9,"prevIndex":2,"prevTerm":0,"entries":[],"commit":0},"id":303}
INFO:root:280
[(('pass', None), 0), [['pass', None], 0]]
2
0
n2
[]

ERROR:root:fatal exception in handler
Traceback (most recent call last):
  File "/home/peter/Documents/tf/lab3/ms.py", line 27, in exitOnError
    fn(*args)
  File "/home/peter/Documents/tf/lab3/raft.py", line 326, in handle
    if a[1]!=msg.body.prevTerm:
IndexError: list index out of range
