DEBUG:root:received {"dest":"n1","body":{"type":"init","node_id":"n1","node_ids":["n1","n2","n3","n4","n5"],"msg_id":1},"src":"c3","id":3}
INFO:root:node n1 initialized
DEBUG:root:sending {"dest": "c3", "src": "n1", "body": {"msg_id": 1, "in_reply_to": 1, "type": "init_ok"}}
DEBUG:root:sending {"dest": "n2", "src": "n1", "body": {"msg_id": 2, "type": "AppendEntries", "term": 0, "prevIndex": 0, "prevTerm": 0, "entries": [[["pass", null], 0]], "commit": 0}}
DEBUG:root:sending {"dest": "n3", "src": "n1", "body": {"msg_id": 3, "type": "AppendEntries", "term": 0, "prevIndex": 0, "prevTerm": 0, "entries": [[["pass", null], 0]], "commit": 0}}
DEBUG:root:sending {"dest": "n4", "src": "n1", "body": {"msg_id": 4, "type": "AppendEntries", "term": 0, "prevIndex": 0, "prevTerm": 0, "entries": [[["pass", null], 0]], "commit": 0}}
DEBUG:root:sending {"dest": "n5", "src": "n1", "body": {"msg_id": 5, "type": "AppendEntries", "term": 0, "prevIndex": 0, "prevTerm": 0, "entries": [[["pass", null], 0]], "commit": 0}}
DEBUG:root:received {"dest":"n1","src":"n2","body":{"msg_id":2,"type":"RequestVote","term":1,"prevLogIndex":0,"lastLogTerm":0,"candidateId":"n2"},"id":9}
DEBUG:root:sending {"dest": "n2", "src": "n1", "body": {"msg_id": 6, "in_reply_to": 2, "type": "RequestVoteRes", "term": 1, "res": true}}
DEBUG:root:received {"dest":"n1","src":"n4","body":{"msg_id":2,"type":"RequestVote","term":1,"prevLogIndex":0,"lastLogTerm":0,"candidateId":"n4"},"id":10}
DEBUG:root:received {"dest":"n1","src":"n5","body":{"msg_id":2,"type":"RequestVote","term":1,"prevLogIndex":0,"lastLogTerm":0,"candidateId":"n5"},"id":11}
DEBUG:root:sending {"dest": "n4", "src": "n1", "body": {"msg_id": 7, "in_reply_to": 2, "type": "RequestVoteRes", "term": 1, "res": false}}
DEBUG:root:sending {"dest": "n5", "src": "n1", "body": {"msg_id": 8, "in_reply_to": 2, "type": "RequestVoteRes", "term": 1, "res": false}}
DEBUG:root:received {"dest":"n1","src":"n2","body":{"msg_id":10,"in_reply_to":2,"type":"AppendEntriesRes","res":false,"term":1},"id":35}
DEBUG:root:sending {"dest": "n2", "src": "n1", "body": {"msg_id": 9, "type": "AppendEntries", "term": 1, "prevIndex": -1, "prevTerm": 0, "entries": [[["pass", null], 0]], "commit": 0}}
DEBUG:root:received {"dest":"n1","src":"n4","body":{"msg_id":10,"in_reply_to":4,"type":"AppendEntriesRes","res":false,"term":1},"id":38}
DEBUG:root:sending {"dest": "n4", "src": "n1", "body": {"msg_id": 10, "type": "AppendEntries", "term": 1, "prevIndex": -1, "prevTerm": 0, "entries": [[["pass", null], 0]], "commit": 0}}
DEBUG:root:received {"dest":"n1","src":"n5","body":{"msg_id":10,"in_reply_to":5,"type":"AppendEntriesRes","res":false,"term":1},"id":40}
DEBUG:root:sending {"dest": "n5", "src": "n1", "body": {"msg_id": 11, "type": "AppendEntries", "term": 1, "prevIndex": -1, "prevTerm": 0, "entries": [[["pass", null], 0]], "commit": 0}}
DEBUG:root:received {"dest":"n1","src":"n3","body":{"msg_id":2,"type":"RequestVote","term":1,"prevLogIndex":0,"lastLogTerm":0,"candidateId":"n3"},"id":45}
DEBUG:root:sending {"dest": "n3", "src": "n1", "body": {"msg_id": 12, "in_reply_to": 2, "type": "RequestVoteRes", "term": 1, "res": false}}
DEBUG:root:received {"dest":"n1","src":"n2","body":{"msg_id":11,"in_reply_to":9,"type":"AppendEntriesRes","res":true,"term":1,"next":1,"commit":0},"id":48}
DEBUG:root:received {"dest":"n1","src":"n3","body":{"msg_id":10,"in_reply_to":3,"type":"AppendEntriesRes","res":false,"term":1},"id":57}
DEBUG:root:sending {"dest": "n3", "src": "n1", "body": {"msg_id": 13, "type": "AppendEntries", "term": 1, "prevIndex": -1, "prevTerm": 0, "entries": [[["pass", null], 0]], "commit": 0}}
DEBUG:root:received {"dest":"n1","src":"n4","body":{"msg_id":12,"in_reply_to":10,"type":"AppendEntriesRes","res":true,"term":1,"next":1,"commit":0},"id":61}
DEBUG:root:received {"dest":"n1","src":"n5","body":{"msg_id":12,"in_reply_to":11,"type":"AppendEntriesRes","res":true,"term":1,"next":1,"commit":0},"id":63}
DEBUG:root:received {"dest":"n1","src":"n3","body":{"msg_id":12,"in_reply_to":13,"type":"AppendEntriesRes","res":true,"term":1,"next":1,"commit":0},"id":65}
DEBUG:root:received {"dest":"n1","src":"n2","body":{"msg_id":14,"type":"RequestVote","term":2,"prevLogIndex":0,"lastLogTerm":0,"candidateId":"n2"},"id":69}
DEBUG:root:received {"dest":"n1","src":"n4","body":{"msg_id":13,"type":"RequestVote","term":2,"prevLogIndex":0,"lastLogTerm":0,"candidateId":"n4"},"id":68}
DEBUG:root:sending {"dest": "n2", "src": "n1", "body": {"msg_id": 14, "in_reply_to": 14, "type": "RequestVoteRes", "term": 2, "res": true}}
DEBUG:root:received {"dest":"n1","src":"n5","body":{"msg_id":13,"type":"RequestVote","term":2,"prevLogIndex":0,"lastLogTerm":0,"candidateId":"n5"},"id":71}
DEBUG:root:sending {"dest": "n1", "src": "n1", "body": {"msg_id": 15, "type": "RequestVote", "term": 3, "prevLogIndex": 0, "lastLogTerm": 0, "candidateId": "n1"}}
DEBUG:root:sending {"dest": "n2", "src": "n1", "body": {"msg_id": 16, "type": "RequestVote", "term": 3, "prevLogIndex": 0, "lastLogTerm": 0, "candidateId": "n1"}}
DEBUG:root:sending {"dest": "n3", "src": "n1", "body": {"msg_id": 17, "type": "RequestVote", "term": 3, "prevLogIndex": 0, "lastLogTerm": 0, "candidateId": "n1"}}
DEBUG:root:sending {"dest": "n4", "src": "n1", "body": {"msg_id": 18, "type": "RequestVote", "term": 3, "prevLogIndex": 0, "lastLogTerm": 0, "candidateId": "n1"}}
DEBUG:root:sending {"dest": "n5", "src": "n1", "body": {"msg_id": 19, "type": "RequestVote", "term": 3, "prevLogIndex": 0, "lastLogTerm": 0, "candidateId": "n1"}}
DEBUG:root:received {"dest":"n1","src":"n1","body":{"msg_id":15,"type":"RequestVote","term":3,"prevLogIndex":0,"lastLogTerm":0,"candidateId":"n1"},"id":94}
DEBUG:root:sending {"dest": "n4", "src": "n1", "body": {"msg_id": 20, "in_reply_to": 13, "type": "RequestVoteRes", "term": 3, "res": false}}
DEBUG:root:sending {"dest": "n5", "src": "n1", "body": {"msg_id": 21, "in_reply_to": 13, "type": "RequestVoteRes", "term": 3, "res": false}}
DEBUG:root:sending {"dest": "n1", "src": "n1", "body": {"msg_id": 22, "in_reply_to": 15, "type": "RequestVoteRes", "term": 3, "res": true}}
DEBUG:root:received {"dest":"n1","src":"n3","body":{"msg_id":16,"in_reply_to":17,"type":"RequestVoteRes","term":2,"res":false},"id":99}
DEBUG:root:received {"dest":"n1","src":"n4","body":{"msg_id":21,"in_reply_to":18,"type":"RequestVoteRes","term":2,"res":false},"id":102}
DEBUG:root:received {"dest":"n1","src":"n5","body":{"msg_id":21,"in_reply_to":19,"type":"RequestVoteRes","term":2,"res":false},"id":104}
DEBUG:root:received {"dest":"n1","src":"n1","body":{"msg_id":22,"in_reply_to":15,"type":"RequestVoteRes","term":3,"res":true},"id":106}
DEBUG:root:received {"dest":"n1","src":"n2","body":{"msg_id":22,"in_reply_to":16,"type":"RequestVoteRes","term":2,"res":false},"id":107}
DEBUG:root:received {"dest":"n1","src":"n3","body":{"msg_id":17,"type":"RequestVote","term":3,"prevLogIndex":0,"lastLogTerm":0,"candidateId":"n3"},"id":108}
DEBUG:root:sending {"dest": "n3", "src": "n1", "body": {"msg_id": 23, "in_reply_to": 17, "type": "RequestVoteRes", "term": 3, "res": false}}
DEBUG:root:received {"dest":"n1","src":"n4","body":{"msg_id":23,"type":"RequestVote","term":3,"prevLogIndex":0,"lastLogTerm":0,"candidateId":"n4"},"id":118}
DEBUG:root:received {"dest":"n1","src":"n3","body":{"msg_id":23,"type":"RequestVote","term":4,"prevLogIndex":0,"lastLogTerm":0,"candidateId":"n3"},"id":119}
DEBUG:root:sending {"dest": "n4", "src": "n1", "body": {"msg_id": 24, "in_reply_to": 23, "type": "RequestVoteRes", "term": 3, "res": false}}
DEBUG:root:sending {"dest": "n3", "src": "n1", "body": {"msg_id": 25, "in_reply_to": 23, "type": "RequestVoteRes", "term": 3, "res": false}}
DEBUG:root:received {"dest":"n1","src":"n4","body":{"msg_id":28,"type":"RequestVote","term":4,"prevLogIndex":0,"lastLogTerm":0,"candidateId":"n4"},"id":129}
DEBUG:root:sending {"dest": "n4", "src": "n1", "body": {"msg_id": 26, "in_reply_to": 28, "type": "RequestVoteRes", "term": 3, "res": false}}
DEBUG:root:sending {"dest": "n1", "src": "n1", "body": {"msg_id": 27, "type": "RequestVote", "term": 4, "prevLogIndex": 0, "lastLogTerm": 0, "candidateId": "n1"}}
DEBUG:root:sending {"dest": "n2", "src": "n1", "body": {"msg_id": 28, "type": "RequestVote", "term": 4, "prevLogIndex": 0, "lastLogTerm": 0, "candidateId": "n1"}}
DEBUG:root:sending {"dest": "n3", "src": "n1", "body": {"msg_id": 29, "type": "RequestVote", "term": 4, "prevLogIndex": 0, "lastLogTerm": 0, "candidateId": "n1"}}
DEBUG:root:sending {"dest": "n4", "src": "n1", "body": {"msg_id": 30, "type": "RequestVote", "term": 4, "prevLogIndex": 0, "lastLogTerm": 0, "candidateId": "n1"}}
DEBUG:root:sending {"dest": "n5", "src": "n1", "body": {"msg_id": 31, "type": "RequestVote", "term": 4, "prevLogIndex": 0, "lastLogTerm": 0, "candidateId": "n1"}}
DEBUG:root:received {"dest":"n1","src":"n5","body":{"msg_id":23,"type":"RequestVote","term":3,"prevLogIndex":0,"lastLogTerm":0,"candidateId":"n5"},"id":134}
DEBUG:root:received {"dest":"n1","src":"n1","body":{"msg_id":27,"type":"RequestVote","term":4,"prevLogIndex":0,"lastLogTerm":0,"candidateId":"n1"},"id":143}
DEBUG:root:received {"dest":"n1","src":"n2","body":{"msg_id":25,"type":"RequestVote","term":3,"prevLogIndex":0,"lastLogTerm":0,"candidateId":"n2"},"id":145}
DEBUG:root:sending {"dest": "n5", "src": "n1", "body": {"msg_id": 32, "in_reply_to": 23, "type": "RequestVoteRes", "term": 4, "res": false}}
DEBUG:root:sending {"dest": "n1", "src": "n1", "body": {"msg_id": 33, "in_reply_to": 27, "type": "RequestVoteRes", "term": 4, "res": true}}
DEBUG:root:sending {"dest": "n1", "src": "n1", "body": {"msg_id": 34, "type": "RequestVote", "term": 5, "prevLogIndex": 0, "lastLogTerm": 0, "candidateId": "n1"}}
DEBUG:root:received {"dest":"n1","src":"n1","body":{"msg_id":33,"in_reply_to":27,"type":"RequestVoteRes","term":4,"res":true},"id":159}
DEBUG:root:received {"dest":"n1","src":"n3","body":{"msg_id":32,"in_reply_to":29,"type":"RequestVoteRes","term":4,"res":false},"id":160}
DEBUG:root:received {"dest":"n1","src":"n3","body":{"msg_id":34,"type":"RequestVote","term":5,"prevLogIndex":0,"lastLogTerm":0,"candidateId":"n3"},"id":164}
DEBUG:root:received {"dest":"n1","src":"n2","body":{"msg_id":33,"in_reply_to":28,"type":"RequestVoteRes","term":4,"res":false},"id":166}
DEBUG:root:received {"dest":"n1","src":"n1","body":{"msg_id":34,"type":"RequestVote","term":5,"prevLogIndex":0,"lastLogTerm":0,"candidateId":"n1"},"id":167}
DEBUG:root:sending {"dest": "n2", "src": "n1", "body": {"msg_id": 35, "in_reply_to": 25, "type": "RequestVoteRes", "term": 5, "res": false}}
DEBUG:root:sending {"dest": "n2", "src": "n1", "body": {"msg_id": 36, "type": "RequestVote", "term": 5, "prevLogIndex": 0, "lastLogTerm": 0, "candidateId": "n1"}}
DEBUG:root:sending {"dest": "n3", "src": "n1", "body": {"msg_id": 37, "in_reply_to": 34, "type": "RequestVoteRes", "term": 5, "res": true}}
DEBUG:root:sending {"dest": "n3", "src": "n1", "body": {"msg_id": 38, "type": "RequestVote", "term": 5, "prevLogIndex": 0, "lastLogTerm": 0, "candidateId": "n1"}}
DEBUG:root:sending {"dest": "n4", "src": "n1", "body": {"msg_id": 39, "type": "RequestVote", "term": 5, "prevLogIndex": 0, "lastLogTerm": 0, "candidateId": "n1"}}
DEBUG:root:sending {"dest": "n5", "src": "n1", "body": {"msg_id": 40, "type": "RequestVote", "term": 5, "prevLogIndex": 0, "lastLogTerm": 0, "candidateId": "n1"}}
DEBUG:root:received {"dest":"n1","src":"n4","body":{"msg_id":38,"in_reply_to":30,"type":"RequestVoteRes","term":4,"res":false},"id":180}
DEBUG:root:received {"dest":"n1","src":"n2","body":{"msg_id":36,"in_reply_to":36,"type":"RequestVoteRes","term":5,"res":false},"id":184}
DEBUG:root:received {"dest":"n1","src":"n4","body":{"msg_id":40,"in_reply_to":39,"type":"RequestVoteRes","term":5,"res":false},"id":188}
DEBUG:root:received {"dest":"n1","src":"n3","body":{"msg_id":40,"in_reply_to":38,"type":"RequestVoteRes","term":5,"res":false},"id":189}
DEBUG:root:sending {"dest": "n1", "src": "n1", "body": {"msg_id": 41, "in_reply_to": 34, "type": "RequestVoteRes", "term": 5, "res": false}}
DEBUG:root:received {"dest":"n1","src":"n1","body":{"msg_id":41,"in_reply_to":34,"type":"RequestVoteRes","term":5,"res":false},"id":190}
DEBUG:root:received {"dest":"n1","src":"n5","body":{"msg_id":33,"in_reply_to":31,"type":"RequestVoteRes","term":4,"res":false},"id":195}
DEBUG:root:received {"dest":"n1","src":"n5","body":{"msg_id":35,"in_reply_to":40,"type":"RequestVoteRes","term":4,"res":false},"id":197}
DEBUG:root:sending {"dest": "n2", "src": "n1", "body": {"msg_id": 42, "type": "AppendEntries", "term": 5, "prevIndex": 0, "prevTerm": 0, "entries": [[["pass", null], 0]], "commit": 0}}
DEBUG:root:sending {"dest": "n3", "src": "n1", "body": {"msg_id": 43, "type": "AppendEntries", "term": 5, "prevIndex": 0, "prevTerm": 0, "entries": [[["pass", null], 0]], "commit": 0}}
DEBUG:root:sending {"dest": "n4", "src": "n1", "body": {"msg_id": 44, "type": "AppendEntries", "term": 5, "prevIndex": 0, "prevTerm": 0, "entries": [[["pass", null], 0]], "commit": 0}}
DEBUG:root:sending {"dest": "n5", "src": "n1", "body": {"msg_id": 45, "type": "AppendEntries", "term": 5, "prevIndex": 0, "prevTerm": 0, "entries": [[["pass", null], 0]], "commit": 0}}
DEBUG:root:received {"dest":"n1","src":"n5","body":{"msg_id":36,"type":"RequestVote","term":5,"prevLogIndex":0,"lastLogTerm":0,"candidateId":"n5"},"id":200}
DEBUG:root:sending {"dest": "n5", "src": "n1", "body": {"msg_id": 46, "in_reply_to": 36, "type": "RequestVoteRes", "term": 5, "res": false}}
DEBUG:root:received {"dest":"n1","src":"n2","body":{"msg_id":37,"in_reply_to":42,"type":"AppendEntriesRes","res":true,"term":5,"next":1,"commit":0},"id":207}
DEBUG:root:received {"dest":"n1","src":"n4","body":{"msg_id":41,"in_reply_to":44,"type":"AppendEntriesRes","res":true,"term":5,"next":1,"commit":0},"id":208}
DEBUG:root:received {"dest":"n1","src":"n5","body":{"msg_id":41,"in_reply_to":45,"type":"AppendEntriesRes","res":true,"term":5,"next":1,"commit":0},"id":210}
DEBUG:root:received {"dest":"n1","src":"n3","body":{"msg_id":41,"in_reply_to":43,"type":"AppendEntriesRes","res":true,"term":5,"next":1,"commit":0},"id":214}
DEBUG:root:received {"dest":"n1","body":{"key":1,"from":2,"to":4,"type":"cas","msg_id":1},"src":"c11","id":216}
DEBUG:root:sending {"dest": "n2", "src": "n1", "body": {"msg_id": 47, "type": "AppendEntries", "term": 5, "entries": [[["cas", [1, [2, 4]]], 5]], "prevIndex": 0, "prevTerm": 0, "commit": 0}}
DEBUG:root:sending {"dest": "n3", "src": "n1", "body": {"msg_id": 48, "type": "AppendEntries", "term": 5, "entries": [[["cas", [1, [2, 4]]], 5]], "prevIndex": 0, "prevTerm": 0, "commit": 0}}
DEBUG:root:sending {"dest": "n4", "src": "n1", "body": {"msg_id": 49, "type": "AppendEntries", "term": 5, "entries": [[["cas", [1, [2, 4]]], 5]], "prevIndex": 0, "prevTerm": 0, "commit": 0}}
DEBUG:root:sending {"dest": "n5", "src": "n1", "body": {"msg_id": 50, "type": "AppendEntries", "term": 5, "entries": [[["cas", [1, [2, 4]]], 5]], "prevIndex": 0, "prevTerm": 0, "commit": 0}}
DEBUG:root:received {"dest":"n1","src":"n2","body":{"msg_id":39,"in_reply_to":47,"type":"AppendEntriesRes","res":true,"term":5,"next":1,"commit":0},"id":221}
DEBUG:root:received {"dest":"n1","src":"n3","body":{"msg_id":43,"in_reply_to":48,"type":"AppendEntriesRes","res":true,"term":5,"next":1,"commit":0},"id":222}
DEBUG:root:received {"dest":"n1","src":"n4","body":{"msg_id":43,"in_reply_to":49,"type":"AppendEntriesRes","res":true,"term":5,"next":1,"commit":0},"id":223}
DEBUG:root:received {"dest":"n1","src":"n5","body":{"msg_id":43,"in_reply_to":50,"type":"AppendEntriesRes","res":true,"term":5,"next":1,"commit":0},"id":224}
DEBUG:root:received {"dest":"n1","src":"n3","body":{"msg_id":44,"type":"RequestVote","term":6,"prevLogIndex":0,"lastLogTerm":0,"candidateId":"n3"},"id":225}
DEBUG:root:sending {"dest": "n3", "src": "n1", "body": {"msg_id": 51, "in_reply_to": 44, "type": "RequestVoteRes", "term": 5, "res": false}}
DEBUG:root:received {"dest":"n1","src":"n2","body":{"msg_id":40,"type":"RequestVote","term":6,"prevLogIndex":0,"lastLogTerm":0,"candidateId":"n2"},"id":228}
DEBUG:root:received {"dest":"n1","src":"n4","body":{"msg_id":44,"type":"RequestVote","term":6,"prevLogIndex":0,"lastLogTerm":0,"candidateId":"n4"},"id":230}
DEBUG:root:sending {"dest": "n1", "src": "n1", "body": {"msg_id": 52, "type": "RequestVote", "term": 6, "prevLogIndex": 1, "lastLogTerm": 5, "candidateId": "n1"}}
DEBUG:root:sending {"dest": "n2", "src": "n1", "body": {"msg_id": 53, "type": "RequestVote", "term": 6, "prevLogIndex": 1, "lastLogTerm": 5, "candidateId": "n1"}}
DEBUG:root:sending {"dest": "n3", "src": "n1", "body": {"msg_id": 54, "type": "RequestVote", "term": 6, "prevLogIndex": 1, "lastLogTerm": 5, "candidateId": "n1"}}
DEBUG:root:sending {"dest": "n4", "src": "n1", "body": {"msg_id": 55, "type": "RequestVote", "term": 6, "prevLogIndex": 1, "lastLogTerm": 5, "candidateId": "n1"}}
DEBUG:root:sending {"dest": "n5", "src": "n1", "body": {"msg_id": 56, "type": "RequestVote", "term": 6, "prevLogIndex": 1, "lastLogTerm": 5, "candidateId": "n1"}}
DEBUG:root:sending {"dest": "n2", "src": "n1", "body": {"msg_id": 57, "in_reply_to": 40, "type": "RequestVoteRes", "term": 6, "res": false}}
DEBUG:root:sending {"dest": "n4", "src": "n1", "body": {"msg_id": 58, "in_reply_to": 44, "type": "RequestVoteRes", "term": 6, "res": false}}
DEBUG:root:received {"dest":"n1","src":"n1","body":{"msg_id":52,"type":"RequestVote","term":6,"prevLogIndex":1,"lastLogTerm":5,"candidateId":"n1"},"id":250}
DEBUG:root:sending {"dest": "n1", "src": "n1", "body": {"msg_id": 59, "in_reply_to": 52, "type": "RequestVoteRes", "term": 6, "res": true}}
DEBUG:root:received {"dest":"n1","src":"n4","body":{"msg_id":52,"type":"RequestVote","term":7,"prevLogIndex":0,"lastLogTerm":0,"candidateId":"n4"},"id":256}
DEBUG:root:received {"dest":"n1","src":"n3","body":{"msg_id":52,"in_reply_to":54,"type":"RequestVoteRes","term":6,"res":false},"id":257}
DEBUG:root:received {"dest":"n1","src":"n1","body":{"msg_id":59,"in_reply_to":52,"type":"RequestVoteRes","term":6,"res":true},"id":264}
DEBUG:root:received {"dest":"n1","src":"n5","body":{"msg_id":47,"in_reply_to":56,"type":"RequestVoteRes","term":5,"res":false},"id":265}
DEBUG:root:sending {"dest": "n4", "src": "n1", "body": {"msg_id": 60, "in_reply_to": 52, "type": "RequestVoteRes", "term": 6, "res": false}}
DEBUG:root:sending {"dest": "n1", "src": "n1", "body": {"msg_id": 61, "type": "RequestVote", "term": 7, "prevLogIndex": 1, "lastLogTerm": 5, "candidateId": "n1"}}
DEBUG:root:sending {"dest": "n2", "src": "n1", "body": {"msg_id": 62, "type": "RequestVote", "term": 7, "prevLogIndex": 1, "lastLogTerm": 5, "candidateId": "n1"}}
DEBUG:root:sending {"dest": "n3", "src": "n1", "body": {"msg_id": 63, "type": "RequestVote", "term": 7, "prevLogIndex": 1, "lastLogTerm": 5, "candidateId": "n1"}}
DEBUG:root:sending {"dest": "n4", "src": "n1", "body": {"msg_id": 64, "type": "RequestVote", "term": 7, "prevLogIndex": 1, "lastLogTerm": 5, "candidateId": "n1"}}
DEBUG:root:sending {"dest": "n5", "src": "n1", "body": {"msg_id": 65, "type": "RequestVote", "term": 7, "prevLogIndex": 1, "lastLogTerm": 5, "candidateId": "n1"}}
DEBUG:root:received {"dest":"n1","src":"n3","body":{"msg_id":53,"type":"RequestVote","term":7,"prevLogIndex":0,"lastLogTerm":0,"candidateId":"n3"},"id":266}
DEBUG:root:received {"dest":"n1","src":"n4","body":{"msg_id":57,"in_reply_to":55,"type":"RequestVoteRes","term":7,"res":false},"id":272}
DEBUG:root:received {"dest":"n1","src":"n4","body":{"msg_id":59,"type":"RequestVote","term":8,"prevLogIndex":0,"lastLogTerm":0,"candidateId":"n4"},"id":276}
DEBUG:root:received {"dest":"n1","src":"n2","body":{"msg_id":48,"in_reply_to":53,"type":"RequestVoteRes","term":6,"res":false},"id":277}
DEBUG:root:received {"dest":"n1","src":"n2","body":{"msg_id":50,"type":"RequestVote","term":7,"prevLogIndex":0,"lastLogTerm":0,"candidateId":"n2"},"id":280}
DEBUG:root:received {"dest":"n1","src":"n1","body":{"msg_id":61,"type":"RequestVote","term":7,"prevLogIndex":1,"lastLogTerm":5,"candidateId":"n1"},"id":290}
DEBUG:root:received {"dest":"n1","src":"n5","body":{"msg_id":48,"type":"RequestVote","term":6,"prevLogIndex":0,"lastLogTerm":0,"candidateId":"n5"},"id":291}
DEBUG:root:received {"dest":"n1","src":"n5","body":{"msg_id":54,"type":"RequestVote","term":8,"prevLogIndex":0,"lastLogTerm":0,"candidateId":"n5"},"id":303}
DEBUG:root:sending {"dest": "n3", "src": "n1", "body": {"msg_id": 66, "in_reply_to": 53, "type": "RequestVoteRes", "term": 7, "res": false}}
DEBUG:root:sending {"dest": "n4", "src": "n1", "body": {"msg_id": 67, "in_reply_to": 59, "type": "RequestVoteRes", "term": 7, "res": false}}
DEBUG:root:sending {"dest": "n2", "src": "n1", "body": {"msg_id": 68, "in_reply_to": 50, "type": "RequestVoteRes", "term": 7, "res": false}}
DEBUG:root:sending {"dest": "n1", "src": "n1", "body": {"msg_id": 69, "in_reply_to": 61, "type": "RequestVoteRes", "term": 7, "res": true}}
DEBUG:root:sending {"dest": "n5", "src": "n1", "body": {"msg_id": 70, "in_reply_to": 48, "type": "RequestVoteRes", "term": 7, "res": false}}
DEBUG:root:sending {"dest": "n5", "src": "n1", "body": {"msg_id": 71, "in_reply_to": 54, "type": "RequestVoteRes", "term": 7, "res": false}}
DEBUG:root:received {"dest":"n1","src":"n5","body":{"msg_id":62,"in_reply_to":65,"type":"RequestVoteRes","term":8,"res":false},"id":313}
DEBUG:root:received {"dest":"n1","src":"n1","body":{"msg_id":69,"in_reply_to":61,"type":"RequestVoteRes","term":7,"res":true},"id":319}
DEBUG:root:received {"dest":"n1","src":"n3","body":{"msg_id":62,"in_reply_to":63,"type":"RequestVoteRes","term":8,"res":false},"id":326}
DEBUG:root:received {"dest":"n1","src":"n2","body":{"msg_id":59,"in_reply_to":62,"type":"RequestVoteRes","term":7,"res":false},"id":329}
DEBUG:root:received {"dest":"n1","src":"n4","body":{"msg_id":67,"in_reply_to":64,"type":"RequestVoteRes","term":8,"res":false},"id":332}
DEBUG:root:received {"dest":"n1","src":"n5","body":{"msg_id":65,"type":"RequestVote","term":9,"prevLogIndex":0,"lastLogTerm":0,"candidateId":"n5"},"id":335}
DEBUG:root:sending {"dest": "n5", "src": "n1", "body": {"msg_id": 72, "in_reply_to": 65, "type": "RequestVoteRes", "term": 7, "res": false}}
DEBUG:root:received {"dest":"n1","src":"n3","body":{"msg_id":66,"type":"RequestVote","term":9,"prevLogIndex":0,"lastLogTerm":0,"candidateId":"n3"},"id":345}
DEBUG:root:sending {"dest": "n3", "src": "n1", "body": {"msg_id": 73, "in_reply_to": 66, "type": "RequestVoteRes", "term": 7, "res": false}}
DEBUG:root:received {"dest":"n1","src":"n3","body":{"msg_id":72,"type":"RequestVote","term":10,"prevLogIndex":0,"lastLogTerm":0,"candidateId":"n3"},"id":355}
DEBUG:root:sending {"dest": "n3", "src": "n1", "body": {"msg_id": 74, "in_reply_to": 72, "type": "RequestVoteRes", "term": 7, "res": false}}
DEBUG:root:received {"dest":"n1","src":"n3","body":{"msg_id":78,"type":"RequestVote","term":11,"prevLogIndex":0,"lastLogTerm":0,"candidateId":"n3"},"id":365}
DEBUG:root:received {"dest":"n1","src":"n4","body":{"msg_id":73,"type":"RequestVote","term":9,"prevLogIndex":0,"lastLogTerm":0,"candidateId":"n4"},"id":366}
DEBUG:root:sending {"dest": "n3", "src": "n1", "body": {"msg_id": 75, "in_reply_to": 78, "type": "RequestVoteRes", "term": 7, "res": false}}
DEBUG:root:sending {"dest": "n4", "src": "n1", "body": {"msg_id": 76, "in_reply_to": 73, "type": "RequestVoteRes", "term": 7, "res": false}}
DEBUG:root:received {"dest":"n1","src":"n2","body":{"msg_id":66,"type":"RequestVote","term":12,"prevLogIndex":0,"lastLogTerm":0,"candidateId":"n2"},"id":385}
DEBUG:root:sending {"dest": "n2", "src": "n1", "body": {"msg_id": 77, "in_reply_to": 66, "type": "RequestVoteRes", "term": 7, "res": false}}
DEBUG:root:sending {"dest": "n1", "src": "n1", "body": {"msg_id": 78, "type": "RequestVote", "term": 8, "prevLogIndex": 1, "lastLogTerm": 5, "candidateId": "n1"}}
DEBUG:root:sending {"dest": "n2", "src": "n1", "body": {"msg_id": 79, "type": "RequestVote", "term": 8, "prevLogIndex": 1, "lastLogTerm": 5, "candidateId": "n1"}}
DEBUG:root:sending {"dest": "n3", "src": "n1", "body": {"msg_id": 80, "type": "RequestVote", "term": 8, "prevLogIndex": 1, "lastLogTerm": 5, "candidateId": "n1"}}
DEBUG:root:sending {"dest": "n4", "src": "n1", "body": {"msg_id": 81, "type": "RequestVote", "term": 8, "prevLogIndex": 1, "lastLogTerm": 5, "candidateId": "n1"}}
DEBUG:root:sending {"dest": "n5", "src": "n1", "body": {"msg_id": 82, "type": "RequestVote", "term": 8, "prevLogIndex": 1, "lastLogTerm": 5, "candidateId": "n1"}}
DEBUG:root:received {"dest":"n1","src":"n1","body":{"msg_id":78,"type":"RequestVote","term":8,"prevLogIndex":1,"lastLogTerm":5,"candidateId":"n1"},"id":395}
DEBUG:root:sending {"dest": "n1", "src": "n1", "body": {"msg_id": 83, "in_reply_to": 78, "type": "RequestVoteRes", "term": 8, "res": true}}
DEBUG:root:received {"dest":"n1","src":"n3","body":{"msg_id":86,"type":"RequestVote","term":12,"prevLogIndex":0,"lastLogTerm":0,"candidateId":"n3"},"id":400}
DEBUG:root:received {"dest":"n1","src":"n2","body":{"msg_id":72,"in_reply_to":79,"type":"RequestVoteRes","term":12,"res":false},"id":401}
DEBUG:root:received {"dest":"n1","src":"n5","body":{"msg_id":76,"in_reply_to":82,"type":"RequestVoteRes","term":9,"res":false},"id":404}
DEBUG:root:sending {"dest": "n3", "src": "n1", "body": {"msg_id": 84, "in_reply_to": 86, "type": "RequestVoteRes", "term": 8, "res": false}}
DEBUG:root:received {"dest":"n1","src":"n4","body":{"msg_id":81,"in_reply_to":81,"type":"RequestVoteRes","term":11,"res":false},"id":405}
DEBUG:root:received {"dest":"n1","src":"n1","body":{"msg_id":83,"in_reply_to":78,"type":"RequestVoteRes","term":8,"res":true},"id":403}
DEBUG:root:received {"dest":"n1","src":"n3","body":{"msg_id":87,"in_reply_to":80,"type":"RequestVoteRes","term":12,"res":false},"id":407}
DEBUG:root:received {"dest":"n1","src":"n4","body":{"msg_id":83,"type":"RequestVote","term":13,"prevLogIndex":0,"lastLogTerm":0,"candidateId":"n4"},"id":415}
DEBUG:root:sending {"dest": "n4", "src": "n1", "body": {"msg_id": 85, "in_reply_to": 83, "type": "RequestVoteRes", "term": 8, "res": false}}
DEBUG:root:received {"dest":"n1","src":"n5","body":{"msg_id":78,"type":"RequestVote","term":10,"prevLogIndex":0,"lastLogTerm":0,"candidateId":"n5"},"id":424}
DEBUG:root:sending {"dest": "n5", "src": "n1", "body": {"msg_id": 86, "in_reply_to": 78, "type": "RequestVoteRes", "term": 8, "res": false}}
DEBUG:root:received {"dest":"n1","src":"n2","body":{"msg_id":76,"type":"RequestVote","term":13,"prevLogIndex":0,"lastLogTerm":0,"candidateId":"n2"},"id":435}
DEBUG:root:sending {"dest": "n2", "src": "n1", "body": {"msg_id": 87, "in_reply_to": 76, "type": "RequestVoteRes", "term": 8, "res": false}}
DEBUG:root:received {"dest":"n1","src":"n5","body":{"msg_id":86,"type":"RequestVote","term":14,"prevLogIndex":0,"lastLogTerm":0,"candidateId":"n5"},"id":445}
DEBUG:root:received {"dest":"n1","src":"n4","body":{"msg_id":91,"type":"RequestVote","term":14,"prevLogIndex":0,"lastLogTerm":0,"candidateId":"n4"},"id":446}
DEBUG:root:sending {"dest": "n5", "src": "n1", "body": {"msg_id": 88, "in_reply_to": 86, "type": "RequestVoteRes", "term": 8, "res": false}}
DEBUG:root:sending {"dest": "n4", "src": "n1", "body": {"msg_id": 89, "in_reply_to": 91, "type": "RequestVoteRes", "term": 8, "res": false}}
DEBUG:root:sending {"dest": "n1", "src": "n1", "body": {"msg_id": 90, "type": "RequestVote", "term": 9, "prevLogIndex": 1, "lastLogTerm": 5, "candidateId": "n1"}}
DEBUG:root:sending {"dest": "n2", "src": "n1", "body": {"msg_id": 91, "type": "RequestVote", "term": 9, "prevLogIndex": 1, "lastLogTerm": 5, "candidateId": "n1"}}
DEBUG:root:sending {"dest": "n3", "src": "n1", "body": {"msg_id": 92, "type": "RequestVote", "term": 9, "prevLogIndex": 1, "lastLogTerm": 5, "candidateId": "n1"}}
DEBUG:root:sending {"dest": "n4", "src": "n1", "body": {"msg_id": 93, "type": "RequestVote", "term": 9, "prevLogIndex": 1, "lastLogTerm": 5, "candidateId": "n1"}}
DEBUG:root:sending {"dest": "n5", "src": "n1", "body": {"msg_id": 94, "type": "RequestVote", "term": 9, "prevLogIndex": 1, "lastLogTerm": 5, "candidateId": "n1"}}
DEBUG:root:received {"dest":"n1","src":"n1","body":{"msg_id":90,"type":"RequestVote","term":9,"prevLogIndex":1,"lastLogTerm":5,"candidateId":"n1"},"id":458}
DEBUG:root:sending {"dest": "n1", "src": "n1", "body": {"msg_id": 95, "in_reply_to": 90, "type": "RequestVoteRes", "term": 9, "res": true}}
DEBUG:root:received {"dest":"n1","src":"n1","body":{"msg_id":95,"in_reply_to":90,"type":"RequestVoteRes","term":9,"res":true},"id":466}
DEBUG:root:received {"dest":"n1","src":"n3","body":{"msg_id":98,"in_reply_to":92,"type":"RequestVoteRes","term":12,"res":false},"id":467}
DEBUG:root:received {"dest":"n1","src":"n2","body":{"msg_id":84,"in_reply_to":91,"type":"RequestVoteRes","term":13,"res":false},"id":468}
DEBUG:root:received {"dest":"n1","src":"n4","body":{"msg_id":98,"in_reply_to":93,"type":"RequestVoteRes","term":14,"res":false},"id":472}
DEBUG:root:received {"dest":"n1","src":"n5","body":{"msg_id":93,"in_reply_to":94,"type":"RequestVoteRes","term":14,"res":false},"id":475}
DEBUG:root:received {"dest":"n1","src":"n3","body":{"msg_id":99,"type":"RequestVote","term":13,"prevLogIndex":0,"lastLogTerm":0,"candidateId":"n3"},"id":474}
DEBUG:root:sending {"dest": "n3", "src": "n1", "body": {"msg_id": 96, "in_reply_to": 99, "type": "RequestVoteRes", "term": 9, "res": false}}
DEBUG:root:received {"dest":"n1","src":"n4","body":{"msg_id":99,"type":"RequestVote","term":15,"prevLogIndex":0,"lastLogTerm":0,"candidateId":"n4"},"id":484}
DEBUG:root:sending {"dest": "n4", "src": "n1", "body": {"msg_id": 97, "in_reply_to": 99, "type": "RequestVoteRes", "term": 9, "res": false}}
DEBUG:root:sending {"dest": "n1", "src": "n1", "body": {"msg_id": 98, "type": "RequestVote", "term": 10, "prevLogIndex": 1, "lastLogTerm": 5, "candidateId": "n1"}}
DEBUG:root:sending {"dest": "n2", "src": "n1", "body": {"msg_id": 99, "type": "RequestVote", "term": 10, "prevLogIndex": 1, "lastLogTerm": 5, "candidateId": "n1"}}
DEBUG:root:sending {"dest": "n3", "src": "n1", "body": {"msg_id": 100, "type": "RequestVote", "term": 10, "prevLogIndex": 1, "lastLogTerm": 5, "candidateId": "n1"}}
DEBUG:root:sending {"dest": "n4", "src": "n1", "body": {"msg_id": 101, "type": "RequestVote", "term": 10, "prevLogIndex": 1, "lastLogTerm": 5, "candidateId": "n1"}}
DEBUG:root:sending {"dest": "n5", "src": "n1", "body": {"msg_id": 102, "type": "RequestVote", "term": 10, "prevLogIndex": 1, "lastLogTerm": 5, "candidateId": "n1"}}
DEBUG:root:received {"dest":"n1","src":"n1","body":{"msg_id":98,"type":"RequestVote","term":10,"prevLogIndex":1,"lastLogTerm":5,"candidateId":"n1"},"id":494}
DEBUG:root:sending {"dest": "n1", "src": "n1", "body": {"msg_id": 103, "in_reply_to": 98, "type": "RequestVoteRes", "term": 10, "res": true}}
DEBUG:root:received {"dest":"n1","src":"n1","body":{"msg_id":103,"in_reply_to":98,"type":"RequestVoteRes","term":10,"res":true},"id":500}
DEBUG:root:received {"dest":"n1","src":"n3","body":{"msg_id":106,"in_reply_to":100,"type":"RequestVoteRes","term":13,"res":false},"id":501}
DEBUG:root:received {"dest":"n1","src":"n4","body":{"msg_id":106,"in_reply_to":101,"type":"RequestVoteRes","term":15,"res":false},"id":502}
DEBUG:root:received {"dest":"n1","src":"n2","body":{"msg_id":87,"in_reply_to":99,"type":"RequestVoteRes","term":13,"res":false},"id":503}
DEBUG:root:received {"dest":"n1","src":"n5","body":{"msg_id":96,"in_reply_to":102,"type":"RequestVoteRes","term":14,"res":false},"id":504}
DEBUG:root:received {"dest":"n1","src":"n5","body":{"msg_id":97,"type":"RequestVote","term":15,"prevLogIndex":0,"lastLogTerm":0,"candidateId":"n5"},"id":505}
DEBUG:root:sending {"dest": "n5", "src": "n1", "body": {"msg_id": 104, "in_reply_to": 97, "type": "RequestVoteRes", "term": 10, "res": false}}
DEBUG:root:received {"dest":"n1","src":"n4","body":{"msg_id":108,"type":"RequestVote","term":16,"prevLogIndex":0,"lastLogTerm":0,"candidateId":"n4"},"id":515}
DEBUG:root:sending {"dest": "n4", "src": "n1", "body": {"msg_id": 105, "in_reply_to": 108, "type": "RequestVoteRes", "term": 10, "res": false}}
DEBUG:root:received {"dest":"n1","src":"n2","body":{"msg_id":90,"type":"RequestVote","term":14,"prevLogIndex":0,"lastLogTerm":0,"candidateId":"n2"},"id":525}
DEBUG:root:sending {"dest": "n2", "src": "n1", "body": {"msg_id": 106, "in_reply_to": 90, "type": "RequestVoteRes", "term": 10, "res": false}}
DEBUG:root:received {"dest":"n1","src":"n3","body":{"msg_id":110,"type":"RequestVote","term":14,"prevLogIndex":0,"lastLogTerm":0,"candidateId":"n3"},"id":535}
DEBUG:root:sending {"dest": "n3", "src": "n1", "body": {"msg_id": 107, "in_reply_to": 110, "type": "RequestVoteRes", "term": 10, "res": false}}
DEBUG:root:received {"dest":"n1","src":"n2","body":{"msg_id":97,"type":"RequestVote","term":15,"prevLogIndex":0,"lastLogTerm":0,"candidateId":"n2"},"id":545}
DEBUG:root:sending {"dest": "n2", "src": "n1", "body": {"msg_id": 108, "in_reply_to": 97, "type": "RequestVoteRes", "term": 10, "res": false}}
DEBUG:root:received {"dest":"n1","src":"n2","body":{"msg_id":103,"type":"RequestVote","term":16,"prevLogIndex":0,"lastLogTerm":0,"candidateId":"n2"},"id":555}
DEBUG:root:sending {"dest": "n2", "src": "n1", "body": {"msg_id": 109, "in_reply_to": 103, "type": "RequestVoteRes", "term": 10, "res": false}}
DEBUG:root:received {"dest":"n1","src":"n2","body":{"msg_id":109,"type":"RequestVote","term":17,"prevLogIndex":0,"lastLogTerm":0,"candidateId":"n2"},"id":565}
DEBUG:root:sending {"dest": "n2", "src": "n1", "body": {"msg_id": 110, "in_reply_to": 109, "type": "RequestVoteRes", "term": 10, "res": false}}
DEBUG:root:received {"dest":"n1","src":"n3","body":{"msg_id":118,"type":"RequestVote","term":15,"prevLogIndex":0,"lastLogTerm":0,"candidateId":"n3"},"id":566}
DEBUG:root:sending {"dest": "n3", "src": "n1", "body": {"msg_id": 111, "in_reply_to": 118, "type": "RequestVoteRes", "term": 10, "res": false}}
DEBUG:root:received {"dest":"n1","src":"n5","body":{"msg_id":110,"type":"RequestVote","term":16,"prevLogIndex":0,"lastLogTerm":0,"candidateId":"n5"},"id":585}
DEBUG:root:sending {"dest": "n5", "src": "n1", "body": {"msg_id": 112, "in_reply_to": 110, "type": "RequestVoteRes", "term": 10, "res": false}}
DEBUG:root:received {"dest":"n1","src":"n4","body":{"msg_id":121,"type":"RequestVote","term":17,"prevLogIndex":0,"lastLogTerm":0,"candidateId":"n4"},"id":595}
DEBUG:root:sending {"dest": "n4", "src": "n1", "body": {"msg_id": 113, "in_reply_to": 121, "type": "RequestVoteRes", "term": 10, "res": false}}
DEBUG:root:received {"dest":"n1","src":"n3","body":{"msg_id":127,"type":"RequestVote","term":16,"prevLogIndex":0,"lastLogTerm":0,"candidateId":"n3"},"id":605}
DEBUG:root:received {"dest":"n1","src":"n2","body":{"msg_id":118,"type":"RequestVote","term":18,"prevLogIndex":0,"lastLogTerm":0,"candidateId":"n2"},"id":608}
DEBUG:root:sending {"dest": "n3", "src": "n1", "body": {"msg_id": 114, "in_reply_to": 127, "type": "RequestVoteRes", "term": 10, "res": false}}
DEBUG:root:sending {"dest": "n2", "src": "n1", "body": {"msg_id": 115, "in_reply_to": 118, "type": "RequestVoteRes", "term": 10, "res": false}}
DEBUG:root:received {"dest":"n1","src":"n4","body":{"msg_id":127,"type":"RequestVote","term":18,"prevLogIndex":0,"lastLogTerm":0,"candidateId":"n4"},"id":615}
DEBUG:root:sending {"dest": "n4", "src": "n1", "body": {"msg_id": 116, "in_reply_to": 127, "type": "RequestVoteRes", "term": 10, "res": false}}
DEBUG:root:received {"dest":"n1","src":"n2","body":{"msg_id":126,"type":"RequestVote","term":19,"prevLogIndex":0,"lastLogTerm":0,"candidateId":"n2"},"id":629}
DEBUG:root:sending {"dest": "n2", "src": "n1", "body": {"msg_id": 117, "in_reply_to": 126, "type": "RequestVoteRes", "term": 10, "res": false}}
DEBUG:root:sending {"dest": "n1", "src": "n1", "body": {"msg_id": 118, "type": "RequestVote", "term": 11, "prevLogIndex": 1, "lastLogTerm": 5, "candidateId": "n1"}}
DEBUG:root:sending {"dest": "n2", "src": "n1", "body": {"msg_id": 119, "type": "RequestVote", "term": 11, "prevLogIndex": 1, "lastLogTerm": 5, "candidateId": "n1"}}
DEBUG:root:sending {"dest": "n3", "src": "n1", "body": {"msg_id": 120, "type": "RequestVote", "term": 11, "prevLogIndex": 1, "lastLogTerm": 5, "candidateId": "n1"}}
DEBUG:root:sending {"dest": "n4", "src": "n1", "body": {"msg_id": 121, "type": "RequestVote", "term": 11, "prevLogIndex": 1, "lastLogTerm": 5, "candidateId": "n1"}}
DEBUG:root:sending {"dest": "n5", "src": "n1", "body": {"msg_id": 122, "type": "RequestVote", "term": 11, "prevLogIndex": 1, "lastLogTerm": 5, "candidateId": "n1"}}
DEBUG:root:received {"dest":"n1","src":"n3","body":{"msg_id":136,"type":"RequestVote","term":17,"prevLogIndex":0,"lastLogTerm":0,"candidateId":"n3"},"id":643}
DEBUG:root:received {"dest":"n1","src":"n1","body":{"msg_id":118,"type":"RequestVote","term":11,"prevLogIndex":1,"lastLogTerm":5,"candidateId":"n1"},"id":650}
DEBUG:root:received {"dest":"n1","src":"n4","body":{"msg_id":136,"type":"RequestVote","term":20,"prevLogIndex":0,"lastLogTerm":0,"candidateId":"n4"},"id":655}
DEBUG:root:sending {"dest": "n3", "src": "n1", "body": {"msg_id": 123, "in_reply_to": 136, "type": "RequestVoteRes", "term": 11, "res": false}}
DEBUG:root:sending {"dest": "n1", "src": "n1", "body": {"msg_id": 124, "in_reply_to": 118, "type": "RequestVoteRes", "term": 11, "res": true}}
DEBUG:root:received {"dest":"n1","src":"n1","body":{"msg_id":124,"in_reply_to":118,"type":"RequestVoteRes","term":11,"res":true},"id":663}
DEBUG:root:received {"dest":"n1","src":"n5","body":{"msg_id":121,"type":"RequestVote","term":17,"prevLogIndex":0,"lastLogTerm":0,"candidateId":"n5"},"id":665}
DEBUG:root:sending {"dest": "n4", "src": "n1", "body": {"msg_id": 125, "in_reply_to": 136, "type": "RequestVoteRes", "term": 11, "res": false}}
DEBUG:root:sending {"dest": "n5", "src": "n1", "body": {"msg_id": 126, "in_reply_to": 121, "type": "RequestVoteRes", "term": 11, "res": false}}
DEBUG:root:received {"dest":"n1","src":"n3","body":{"msg_id":142,"in_reply_to":120,"type":"RequestVoteRes","term":17,"res":false},"id":671}
DEBUG:root:received {"dest":"n1","src":"n5","body":{"msg_id":127,"in_reply_to":122,"type":"RequestVoteRes","term":17,"res":false},"id":675}
DEBUG:root:received {"dest":"n1","src":"n2","body":{"msg_id":133,"in_reply_to":119,"type":"RequestVoteRes","term":19,"res":false},"id":677}
DEBUG:root:received {"dest":"n1","src":"n2","body":{"msg_id":136,"type":"RequestVote","term":20,"prevLogIndex":0,"lastLogTerm":0,"candidateId":"n2"},"id":680}
DEBUG:root:sending {"dest": "n2", "src": "n1", "body": {"msg_id": 127, "in_reply_to": 136, "type": "RequestVoteRes", "term": 11, "res": false}}
DEBUG:root:received {"dest":"n1","src":"n4","body":{"msg_id":142,"in_reply_to":121,"type":"RequestVoteRes","term":20,"res":false},"id":687}
DEBUG:root:received {"dest":"n1","src":"n4","body":{"msg_id":144,"type":"RequestVote","term":21,"prevLogIndex":0,"lastLogTerm":0,"candidateId":"n4"},"id":693}
DEBUG:root:sending {"dest": "n4", "src": "n1", "body": {"msg_id": 128, "in_reply_to": 144, "type": "RequestVoteRes", "term": 11, "res": false}}
DEBUG:root:sending {"dest": "n1", "src": "n1", "body": {"msg_id": 129, "type": "RequestVote", "term": 12, "prevLogIndex": 1, "lastLogTerm": 5, "candidateId": "n1"}}
DEBUG:root:sending {"dest": "n2", "src": "n1", "body": {"msg_id": 130, "type": "RequestVote", "term": 12, "prevLogIndex": 1, "lastLogTerm": 5, "candidateId": "n1"}}
DEBUG:root:sending {"dest": "n3", "src": "n1", "body": {"msg_id": 131, "type": "RequestVote", "term": 12, "prevLogIndex": 1, "lastLogTerm": 5, "candidateId": "n1"}}
DEBUG:root:sending {"dest": "n4", "src": "n1", "body": {"msg_id": 132, "type": "RequestVote", "term": 12, "prevLogIndex": 1, "lastLogTerm": 5, "candidateId": "n1"}}
DEBUG:root:sending {"dest": "n5", "src": "n1", "body": {"msg_id": 133, "type": "RequestVote", "term": 12, "prevLogIndex": 1, "lastLogTerm": 5, "candidateId": "n1"}}
DEBUG:root:received {"dest":"n1","src":"n1","body":{"msg_id":129,"type":"RequestVote","term":12,"prevLogIndex":1,"lastLogTerm":5,"candidateId":"n1"},"id":702}
DEBUG:root:received {"dest":"n1","src":"n4","body":{"msg_id":149,"type":"RequestVote","term":22,"prevLogIndex":0,"lastLogTerm":0,"candidateId":"n4"},"id":707}
DEBUG:root:received {"dest":"n1","src":"n3","body":{"msg_id":147,"in_reply_to":131,"type":"RequestVoteRes","term":17,"res":false},"id":712}
DEBUG:root:sending {"dest": "n1", "src": "n1", "body": {"msg_id": 134, "in_reply_to": 129, "type": "RequestVoteRes", "term": 12, "res": true}}
DEBUG:root:received {"dest":"n1","src":"n5","body":{"msg_id":132,"type":"RequestVote","term":18,"prevLogIndex":0,"lastLogTerm":0,"candidateId":"n5"},"id":714}
DEBUG:root:received {"dest":"n1","src":"n1","body":{"msg_id":134,"in_reply_to":129,"type":"RequestVoteRes","term":12,"res":true},"id":720}
DEBUG:root:received {"dest":"n1","src":"n5","body":{"msg_id":137,"in_reply_to":133,"type":"RequestVoteRes","term":18,"res":false},"id":723}
DEBUG:root:received {"dest":"n1","src":"n3","body":{"msg_id":149,"type":"RequestVote","term":18,"prevLogIndex":0,"lastLogTerm":0,"candidateId":"n3"},"id":725}
DEBUG:root:received {"dest":"n1","src":"n2","body":{"msg_id":143,"in_reply_to":130,"type":"RequestVoteRes","term":20,"res":false},"id":726}
DEBUG:root:received {"dest":"n1","src":"n4","body":{"msg_id":157,"in_reply_to":132,"type":"RequestVoteRes","term":22,"res":false},"id":735}
DEBUG:root:sending {"dest": "n4", "src": "n1", "body": {"msg_id": 135, "in_reply_to": 149, "type": "RequestVoteRes", "term": 12, "res": false}}
DEBUG:root:sending {"dest": "n5", "src": "n1", "body": {"msg_id": 136, "in_reply_to": 132, "type": "RequestVoteRes", "term": 12, "res": false}}
DEBUG:root:sending {"dest": "n3", "src": "n1", "body": {"msg_id": 137, "in_reply_to": 149, "type": "RequestVoteRes", "term": 12, "res": false}}
DEBUG:root:received {"dest":"n1","src":"n4","body":{"msg_id":161,"type":"RequestVote","term":23,"prevLogIndex":0,"lastLogTerm":0,"candidateId":"n4"},"id":745}
DEBUG:root:sending {"dest": "n1", "src": "n1", "body": {"msg_id": 138, "type": "RequestVote", "term": 13, "prevLogIndex": 1, "lastLogTerm": 5, "candidateId": "n1"}}
DEBUG:root:sending {"dest": "n4", "src": "n1", "body": {"msg_id": 139, "in_reply_to": 161, "type": "RequestVoteRes", "term": 13, "res": false}}
DEBUG:root:sending {"dest": "n2", "src": "n1", "body": {"msg_id": 140, "type": "RequestVote", "term": 13, "prevLogIndex": 1, "lastLogTerm": 5, "candidateId": "n1"}}
DEBUG:root:sending {"dest": "n3", "src": "n1", "body": {"msg_id": 141, "type": "RequestVote", "term": 13, "prevLogIndex": 1, "lastLogTerm": 5, "candidateId": "n1"}}
DEBUG:root:sending {"dest": "n4", "src": "n1", "body": {"msg_id": 142, "type": "RequestVote", "term": 13, "prevLogIndex": 1, "lastLogTerm": 5, "candidateId": "n1"}}
DEBUG:root:sending {"dest": "n5", "src": "n1", "body": {"msg_id": 143, "type": "RequestVote", "term": 13, "prevLogIndex": 1, "lastLogTerm": 5, "candidateId": "n1"}}
DEBUG:root:received {"dest":"n1","src":"n1","body":{"msg_id":138,"type":"RequestVote","term":13,"prevLogIndex":1,"lastLogTerm":5,"candidateId":"n1"},"id":750}
DEBUG:root:sending {"dest": "n1", "src": "n1", "body": {"msg_id": 144, "in_reply_to": 138, "type": "RequestVoteRes", "term": 13, "res": true}}
DEBUG:root:received {"dest":"n1","src":"n3","body":{"msg_id":157,"in_reply_to":141,"type":"RequestVoteRes","term":18,"res":false},"id":759}
DEBUG:root:received {"dest":"n1","src":"n2","body":{"msg_id":148,"in_reply_to":140,"type":"RequestVoteRes","term":20,"res":false},"id":760}
DEBUG:root:received {"dest":"n1","src":"n1","body":{"msg_id":144,"in_reply_to":138,"type":"RequestVoteRes","term":13,"res":true},"id":761}
DEBUG:root:received {"dest":"n1","src":"n5","body":{"msg_id":142,"in_reply_to":143,"type":"RequestVoteRes","term":23,"res":false},"id":763}
DEBUG:root:received {"dest":"n1","src":"n5","body":{"msg_id":143,"type":"RequestVote","term":24,"prevLogIndex":0,"lastLogTerm":0,"candidateId":"n5"},"id":764}
DEBUG:root:sending {"dest": "n5", "src": "n1", "body": {"msg_id": 145, "in_reply_to": 143, "type": "RequestVoteRes", "term": 13, "res": false}}
DEBUG:root:received {"dest":"n1","src":"n4","body":{"msg_id":167,"in_reply_to":142,"type":"RequestVoteRes","term":23,"res":false},"id":769}
DEBUG:root:received {"dest":"n1","src":"n4","body":{"msg_id":169,"type":"RequestVote","term":24,"prevLogIndex":0,"lastLogTerm":0,"candidateId":"n4"},"id":775}
DEBUG:root:sending {"dest": "n4", "src": "n1", "body": {"msg_id": 146, "in_reply_to": 169, "type": "RequestVoteRes", "term": 13, "res": false}}
DEBUG:root:received {"dest":"n1","src":"n2","body":{"msg_id":151,"type":"RequestVote","term":21,"prevLogIndex":0,"lastLogTerm":0,"candidateId":"n2"},"id":785}
DEBUG:root:sending {"dest": "n2", "src": "n1", "body": {"msg_id": 147, "in_reply_to": 151, "type": "RequestVoteRes", "term": 13, "res": false}}
DEBUG:root:received {"dest":"n1","src":"n3","body":{"msg_id":161,"type":"RequestVote","term":25,"prevLogIndex":0,"lastLogTerm":0,"candidateId":"n3"},"id":793}
DEBUG:root:sending {"dest": "n3", "src": "n1", "body": {"msg_id": 148, "in_reply_to": 161, "type": "RequestVoteRes", "term": 13, "res": false}}
DEBUG:root:received {"dest":"n1","src":"n2","body":{"msg_id":158,"type":"RequestVote","term":22,"prevLogIndex":0,"lastLogTerm":0,"candidateId":"n2"},"id":807}
DEBUG:root:sending {"dest": "n2", "src": "n1", "body": {"msg_id": 149, "in_reply_to": 158, "type": "RequestVoteRes", "term": 13, "res": false}}
DEBUG:root:received {"dest":"n1","src":"n3","body":{"msg_id":168,"type":"RequestVote","term":26,"prevLogIndex":0,"lastLogTerm":0,"candidateId":"n3"},"id":817}
DEBUG:root:sending {"dest": "n3", "src": "n1", "body": {"msg_id": 150, "in_reply_to": 168, "type": "RequestVoteRes", "term": 13, "res": false}}
DEBUG:root:received {"dest":"n1","src":"n2","body":{"msg_id":165,"type":"RequestVote","term":23,"prevLogIndex":0,"lastLogTerm":0,"candidateId":"n2"},"id":827}
DEBUG:root:received {"dest":"n1","src":"n2","body":{"msg_id":166,"type":"RequestVote","term":24,"prevLogIndex":0,"lastLogTerm":0,"candidateId":"n2"},"id":828}
DEBUG:root:sending {"dest": "n2", "src": "n1", "body": {"msg_id": 151, "in_reply_to": 165, "type": "RequestVoteRes", "term": 13, "res": false}}
DEBUG:root:sending {"dest": "n2", "src": "n1", "body": {"msg_id": 152, "in_reply_to": 166, "type": "RequestVoteRes", "term": 13, "res": false}}
DEBUG:root:received {"dest":"n1","src":"n3","body":{"msg_id":176,"type":"RequestVote","term":27,"prevLogIndex":0,"lastLogTerm":0,"candidateId":"n3"},"id":841}
DEBUG:root:sending {"dest": "n3", "src": "n1", "body": {"msg_id": 153, "in_reply_to": 176, "type": "RequestVoteRes", "term": 13, "res": false}}
DEBUG:root:received {"dest":"n1","src":"n2","body":{"msg_id":176,"type":"RequestVote","term":25,"prevLogIndex":0,"lastLogTerm":0,"candidateId":"n2"},"id":855}
DEBUG:root:sending {"dest": "n2", "src": "n1", "body": {"msg_id": 154, "in_reply_to": 176, "type": "RequestVoteRes", "term": 13, "res": false}}
DEBUG:root:sending {"dest": "n1", "src": "n1", "body": {"msg_id": 155, "type": "RequestVote", "term": 14, "prevLogIndex": 1, "lastLogTerm": 5, "candidateId": "n1"}}
DEBUG:root:sending {"dest": "n2", "src": "n1", "body": {"msg_id": 156, "type": "RequestVote", "term": 14, "prevLogIndex": 1, "lastLogTerm": 5, "candidateId": "n1"}}
DEBUG:root:sending {"dest": "n3", "src": "n1", "body": {"msg_id": 157, "type": "RequestVote", "term": 14, "prevLogIndex": 1, "lastLogTerm": 5, "candidateId": "n1"}}
DEBUG:root:sending {"dest": "n4", "src": "n1", "body": {"msg_id": 158, "type": "RequestVote", "term": 14, "prevLogIndex": 1, "lastLogTerm": 5, "candidateId": "n1"}}
DEBUG:root:sending {"dest": "n5", "src": "n1", "body": {"msg_id": 159, "type": "RequestVote", "term": 14, "prevLogIndex": 1, "lastLogTerm": 5, "candidateId": "n1"}}
DEBUG:root:received {"dest":"n1","src":"n1","body":{"msg_id":155,"type":"RequestVote","term":14,"prevLogIndex":1,"lastLogTerm":5,"candidateId":"n1"},"id":862}
DEBUG:root:received {"dest":"n1","src":"n3","body":{"msg_id":183,"in_reply_to":157,"type":"RequestVoteRes","term":27,"res":false},"id":868}
DEBUG:root:received {"dest":"n1","src":"n4","body":{"msg_id":182,"in_reply_to":158,"type":"RequestVoteRes","term":24,"res":false},"id":869}
DEBUG:root:sending {"dest": "n1", "src": "n1", "body": {"msg_id": 160, "in_reply_to": 155, "type": "RequestVoteRes", "term": 14, "res": true}}
DEBUG:root:received {"dest":"n1","src":"n5","body":{"msg_id":158,"in_reply_to":159,"type":"RequestVoteRes","term":24,"res":false},"id":871}
DEBUG:root:received {"dest":"n1","src":"n1","body":{"msg_id":160,"in_reply_to":155,"type":"RequestVoteRes","term":14,"res":true},"id":872}
DEBUG:root:received {"dest":"n1","src":"n2","body":{"msg_id":184,"in_reply_to":156,"type":"RequestVoteRes","term":27,"res":false},"id":876}
DEBUG:root:received {"dest":"n1","src":"n5","body":{"msg_id":160,"type":"RequestVote","term":25,"prevLogIndex":0,"lastLogTerm":0,"candidateId":"n5"},"id":877}
DEBUG:root:sending {"dest": "n5", "src": "n1", "body": {"msg_id": 161, "in_reply_to": 160, "type": "RequestVoteRes", "term": 14, "res": false}}
DEBUG:root:received {"dest":"n1","src":"n4","body":{"msg_id":185,"type":"RequestVote","term":25,"prevLogIndex":0,"lastLogTerm":0,"candidateId":"n4"},"id":887}
DEBUG:root:sending {"dest": "n4", "src": "n1", "body": {"msg_id": 162, "in_reply_to": 185, "type": "RequestVoteRes", "term": 14, "res": false}}
DEBUG:root:received {"dest":"n1","src":"n2","body":{"msg_id":187,"type":"RequestVote","term":28,"prevLogIndex":0,"lastLogTerm":0,"candidateId":"n2"},"id":897}
DEBUG:root:sending {"dest": "n2", "src": "n1", "body": {"msg_id": 163, "in_reply_to": 187, "type": "RequestVoteRes", "term": 14, "res": false}}
DEBUG:root:received {"dest":"n1","src":"n3","body":{"msg_id":187,"type":"RequestVote","term":28,"prevLogIndex":0,"lastLogTerm":0,"candidateId":"n3"},"id":907}
DEBUG:root:sending {"dest": "n3", "src": "n1", "body": {"msg_id": 164, "in_reply_to": 187, "type": "RequestVoteRes", "term": 14, "res": false}}
DEBUG:root:received {"dest":"n1","src":"n4","body":{"msg_id":193,"type":"RequestVote","term":26,"prevLogIndex":0,"lastLogTerm":0,"candidateId":"n4"},"id":917}
DEBUG:root:sending {"dest": "n4", "src": "n1", "body": {"msg_id": 165, "in_reply_to": 193, "type": "RequestVoteRes", "term": 14, "res": false}}
DEBUG:root:received {"dest":"n1","src":"n4","body":{"msg_id":198,"type":"RequestVote","term":27,"prevLogIndex":0,"lastLogTerm":0,"candidateId":"n4"},"id":922}
DEBUG:root:received {"dest":"n1","src":"n2","body":{"msg_id":194,"type":"RequestVote","term":29,"prevLogIndex":0,"lastLogTerm":0,"candidateId":"n2"},"id":923}
DEBUG:root:received {"dest":"n1","src":"n2","body":{"msg_id":199,"type":"RequestVote","term":30,"prevLogIndex":0,"lastLogTerm":0,"candidateId":"n2"},"id":932}
DEBUG:root:sending {"dest": "n4", "src": "n1", "body": {"msg_id": 166, "in_reply_to": 198, "type": "RequestVoteRes", "term": 14, "res": false}}
DEBUG:root:sending {"dest": "n2", "src": "n1", "body": {"msg_id": 167, "in_reply_to": 194, "type": "RequestVoteRes", "term": 14, "res": false}}
DEBUG:root:sending {"dest": "n2", "src": "n1", "body": {"msg_id": 168, "in_reply_to": 199, "type": "RequestVoteRes", "term": 14, "res": false}}
DEBUG:root:received {"dest":"n1","src":"n3","body":{"msg_id":197,"type":"RequestVote","term":29,"prevLogIndex":0,"lastLogTerm":0,"candidateId":"n3"},"id":955}
DEBUG:root:sending {"dest": "n3", "src": "n1", "body": {"msg_id": 169, "in_reply_to": 197, "type": "RequestVoteRes", "term": 14, "res": false}}
DEBUG:root:sending {"dest": "n1", "src": "n1", "body": {"msg_id": 170, "type": "RequestVote", "term": 15, "prevLogIndex": 1, "lastLogTerm": 5, "candidateId": "n1"}}
DEBUG:root:sending {"dest": "n2", "src": "n1", "body": {"msg_id": 171, "type": "RequestVote", "term": 15, "prevLogIndex": 1, "lastLogTerm": 5, "candidateId": "n1"}}
DEBUG:root:sending {"dest": "n3", "src": "n1", "body": {"msg_id": 172, "type": "RequestVote", "term": 15, "prevLogIndex": 1, "lastLogTerm": 5, "candidateId": "n1"}}
DEBUG:root:sending {"dest": "n4", "src": "n1", "body": {"msg_id": 173, "type": "RequestVote", "term": 15, "prevLogIndex": 1, "lastLogTerm": 5, "candidateId": "n1"}}
DEBUG:root:sending {"dest": "n5", "src": "n1", "body": {"msg_id": 174, "type": "RequestVote", "term": 15, "prevLogIndex": 1, "lastLogTerm": 5, "candidateId": "n1"}}
DEBUG:root:received {"dest":"n1","src":"n1","body":{"msg_id":170,"type":"RequestVote","term":15,"prevLogIndex":1,"lastLogTerm":5,"candidateId":"n1"},"id":966}
DEBUG:root:sending {"dest": "n1", "src": "n1", "body": {"msg_id": 175, "in_reply_to": 170, "type": "RequestVoteRes", "term": 15, "res": true}}
DEBUG:root:received {"dest":"n1","src":"n2","body":{"msg_id":209,"in_reply_to":171,"type":"RequestVoteRes","term":30,"res":false},"id":972}
DEBUG:root:received {"dest":"n1","src":"n1","body":{"msg_id":175,"in_reply_to":170,"type":"RequestVoteRes","term":15,"res":true},"id":973}
DEBUG:root:received {"dest":"n1","src":"n4","body":{"msg_id":208,"in_reply_to":173,"type":"RequestVoteRes","term":30,"res":false},"id":974}
DEBUG:root:received {"dest":"n1","src":"n5","body":{"msg_id":174,"in_reply_to":174,"type":"RequestVoteRes","term":25,"res":false},"id":975}
DEBUG:root:received {"dest":"n1","src":"n5","body":{"msg_id":175,"type":"RequestVote","term":26,"prevLogIndex":0,"lastLogTerm":0,"candidateId":"n5"},"id":976}
DEBUG:root:received {"dest":"n1","src":"n3","body":{"msg_id":203,"in_reply_to":172,"type":"RequestVoteRes","term":29,"res":false},"id":978}
DEBUG:root:sending {"dest": "n5", "src": "n1", "body": {"msg_id": 176, "in_reply_to": 175, "type": "RequestVoteRes", "term": 15, "res": false}}
DEBUG:root:received {"dest":"n1","src":"n2","body":{"msg_id":211,"type":"RequestVote","term":31,"prevLogIndex":0,"lastLogTerm":0,"candidateId":"n2"},"id":987}
DEBUG:root:sending {"dest": "n2", "src": "n1", "body": {"msg_id": 177, "in_reply_to": 211, "type": "RequestVoteRes", "term": 15, "res": false}}
DEBUG:root:received {"dest":"n1","src":"n4","body":{"msg_id":211,"type":"RequestVote","term":32,"prevLogIndex":0,"lastLogTerm":0,"candidateId":"n4"},"id":997}
DEBUG:root:sending {"dest": "n4", "src": "n1", "body": {"msg_id": 178, "in_reply_to": 211, "type": "RequestVoteRes", "term": 15, "res": false}}
DEBUG:root:received {"dest":"n1","src":"n5","body":{"msg_id":182,"type":"RequestVote","term":27,"prevLogIndex":0,"lastLogTerm":0,"candidateId":"n5"},"id":1006}
DEBUG:root:sending {"dest": "n5", "src": "n1", "body": {"msg_id": 179, "in_reply_to": 182, "type": "RequestVoteRes", "term": 15, "res": false}}
DEBUG:root:received {"dest":"n1","src":"n3","body":{"msg_id":208,"type":"RequestVote","term":30,"prevLogIndex":0,"lastLogTerm":0,"candidateId":"n3"},"id":1017}
DEBUG:root:sending {"dest": "n3", "src": "n1", "body": {"msg_id": 180, "in_reply_to": 208, "type": "RequestVoteRes", "term": 15, "res": false}}
DEBUG:root:received {"dest":"n1","src":"n3","body":{"msg_id":213,"type":"RequestVote","term":31,"prevLogIndex":0,"lastLogTerm":0,"candidateId":"n3"},"id":1024}
DEBUG:root:sending {"dest": "n1", "src": "n1", "body": {"msg_id": 181, "type": "RequestVote", "term": 16, "prevLogIndex": 1, "lastLogTerm": 5, "candidateId": "n1"}}
DEBUG:root:sending {"dest": "n2", "src": "n1", "body": {"msg_id": 182, "type": "RequestVote", "term": 16, "prevLogIndex": 1, "lastLogTerm": 5, "candidateId": "n1"}}
DEBUG:root:sending {"dest": "n3", "src": "n1", "body": {"msg_id": 183, "type": "RequestVote", "term": 16, "prevLogIndex": 1, "lastLogTerm": 5, "candidateId": "n1"}}
DEBUG:root:sending {"dest": "n4", "src": "n1", "body": {"msg_id": 184, "type": "RequestVote", "term": 16, "prevLogIndex": 1, "lastLogTerm": 5, "candidateId": "n1"}}
DEBUG:root:sending {"dest": "n5", "src": "n1", "body": {"msg_id": 185, "type": "RequestVote", "term": 16, "prevLogIndex": 1, "lastLogTerm": 5, "candidateId": "n1"}}
DEBUG:root:sending {"dest": "n3", "src": "n1", "body": {"msg_id": 186, "in_reply_to": 213, "type": "RequestVoteRes", "term": 16, "res": false}}
DEBUG:root:received {"dest":"n1","src":"n5","body":{"msg_id":189,"type":"RequestVote","term":33,"prevLogIndex":0,"lastLogTerm":0,"candidateId":"n5"},"id":1028}
DEBUG:root:received {"dest":"n1","src":"n1","body":{"msg_id":181,"type":"RequestVote","term":16,"prevLogIndex":1,"lastLogTerm":5,"candidateId":"n1"},"id":1029}
DEBUG:root:received {"dest":"n1","src":"n4","body":{"msg_id":219,"type":"RequestVote","term":33,"prevLogIndex":0,"lastLogTerm":0,"candidateId":"n4"},"id":1037}
DEBUG:root:sending {"dest": "n5", "src": "n1", "body": {"msg_id": 187, "in_reply_to": 189, "type": "RequestVoteRes", "term": 16, "res": false}}
DEBUG:root:sending {"dest": "n1", "src": "n1", "body": {"msg_id": 188, "in_reply_to": 181, "type": "RequestVoteRes", "term": 16, "res": true}}
DEBUG:root:sending {"dest": "n4", "src": "n1", "body": {"msg_id": 189, "in_reply_to": 219, "type": "RequestVoteRes", "term": 16, "res": false}}
DEBUG:root:received {"dest":"n1","src":"n4","body":{"msg_id":225,"in_reply_to":184,"type":"RequestVoteRes","term":33,"res":false},"id":1049}
DEBUG:root:received {"dest":"n1","src":"n1","body":{"msg_id":188,"in_reply_to":181,"type":"RequestVoteRes","term":16,"res":true},"id":1050}
DEBUG:root:received {"dest":"n1","src":"n2","body":{"msg_id":221,"in_reply_to":182,"type":"RequestVoteRes","term":31,"res":false},"id":1054}
DEBUG:root:received {"dest":"n1","src":"n5","body":{"msg_id":196,"in_reply_to":185,"type":"RequestVoteRes","term":33,"res":false},"id":1059}
DEBUG:root:received {"dest":"n1","src":"n3","body":{"msg_id":220,"in_reply_to":183,"type":"RequestVoteRes","term":31,"res":false},"id":1062}
DEBUG:root:sending {"dest": "n1", "src": "n1", "body": {"msg_id": 190, "type": "RequestVote", "term": 17, "prevLogIndex": 1, "lastLogTerm": 5, "candidateId": "n1"}}
DEBUG:root:sending {"dest": "n2", "src": "n1", "body": {"msg_id": 191, "type": "RequestVote", "term": 17, "prevLogIndex": 1, "lastLogTerm": 5, "candidateId": "n1"}}
DEBUG:root:sending {"dest": "n3", "src": "n1", "body": {"msg_id": 192, "type": "RequestVote", "term": 17, "prevLogIndex": 1, "lastLogTerm": 5, "candidateId": "n1"}}
DEBUG:root:sending {"dest": "n4", "src": "n1", "body": {"msg_id": 193, "type": "RequestVote", "term": 17, "prevLogIndex": 1, "lastLogTerm": 5, "candidateId": "n1"}}
DEBUG:root:sending {"dest": "n5", "src": "n1", "body": {"msg_id": 194, "type": "RequestVote", "term": 17, "prevLogIndex": 1, "lastLogTerm": 5, "candidateId": "n1"}}
DEBUG:root:received {"dest":"n1","src":"n5","body":{"msg_id":199,"type":"RequestVote","term":34,"prevLogIndex":0,"lastLogTerm":0,"candidateId":"n5"},"id":1067}
DEBUG:root:received {"dest":"n1","src":"n1","body":{"msg_id":190,"type":"RequestVote","term":17,"prevLogIndex":1,"lastLogTerm":5,"candidateId":"n1"},"id":1072}
DEBUG:root:sending {"dest": "n5", "src": "n1", "body": {"msg_id": 195, "in_reply_to": 199, "type": "RequestVoteRes", "term": 17, "res": false}}
DEBUG:root:received {"dest":"n1","src":"n2","body":{"msg_id":225,"type":"RequestVote","term":32,"prevLogIndex":0,"lastLogTerm":0,"candidateId":"n2"},"id":1080}
DEBUG:root:sending {"dest": "n1", "src": "n1", "body": {"msg_id": 196, "in_reply_to": 190, "type": "RequestVoteRes", "term": 17, "res": true}}
DEBUG:root:received {"dest":"n1","src":"n4","body":{"msg_id":229,"type":"RequestVote","term":34,"prevLogIndex":0,"lastLogTerm":0,"candidateId":"n4"},"id":1081}
DEBUG:root:received {"dest":"n1","src":"n3","body":{"msg_id":224,"in_reply_to":192,"type":"RequestVoteRes","term":31,"res":false},"id":1087}
DEBUG:root:sending {"dest": "n2", "src": "n1", "body": {"msg_id": 197, "in_reply_to": 225, "type": "RequestVoteRes", "term": 17, "res": false}}
DEBUG:root:sending {"dest": "n4", "src": "n1", "body": {"msg_id": 198, "in_reply_to": 229, "type": "RequestVoteRes", "term": 17, "res": false}}
DEBUG:root:received {"dest":"n1","src":"n3","body":{"msg_id":226,"type":"RequestVote","term":32,"prevLogIndex":0,"lastLogTerm":0,"candidateId":"n3"},"id":1092}
DEBUG:root:received {"dest":"n1","src":"n2","body":{"msg_id":230,"in_reply_to":191,"type":"RequestVoteRes","term":32,"res":false},"id":1094}
DEBUG:root:sending {"dest": "n3", "src": "n1", "body": {"msg_id": 199, "in_reply_to": 226, "type": "RequestVoteRes", "term": 17, "res": false}}
DEBUG:root:received {"dest":"n1","src":"n4","body":{"msg_id":234,"in_reply_to":193,"type":"RequestVoteRes","term":34,"res":false},"id":1099}
DEBUG:root:received {"dest":"n1","src":"n5","body":{"msg_id":205,"type":"RequestVote","term":35,"prevLogIndex":0,"lastLogTerm":0,"candidateId":"n5"},"id":1101}
DEBUG:root:received {"dest":"n1","src":"n1","body":{"msg_id":196,"in_reply_to":190,"type":"RequestVoteRes","term":17,"res":true},"id":1107}
DEBUG:root:sending {"dest": "n5", "src": "n1", "body": {"msg_id": 200, "in_reply_to": 205, "type": "RequestVoteRes", "term": 17, "res": false}}
DEBUG:root:received {"dest":"n1","src":"n5","body":{"msg_id":207,"in_reply_to":194,"type":"RequestVoteRes","term":35,"res":false},"id":1113}
DEBUG:root:received {"dest":"n1","src":"n5","body":{"msg_id":215,"type":"RequestVote","term":36,"prevLogIndex":0,"lastLogTerm":0,"candidateId":"n5"},"id":1127}
DEBUG:root:sending {"dest": "n5", "src": "n1", "body": {"msg_id": 201, "in_reply_to": 215, "type": "RequestVoteRes", "term": 17, "res": false}}
DEBUG:root:received {"dest":"n1","src":"n4","body":{"msg_id":239,"type":"RequestVote","term":35,"prevLogIndex":0,"lastLogTerm":0,"candidateId":"n4"},"id":1133}
DEBUG:root:sending {"dest": "n4", "src": "n1", "body": {"msg_id": 202, "in_reply_to": 239, "type": "RequestVoteRes", "term": 17, "res": false}}
DEBUG:root:sending {"dest": "n1", "src": "n1", "body": {"msg_id": 203, "type": "RequestVote", "term": 18, "prevLogIndex": 1, "lastLogTerm": 5, "candidateId": "n1"}}
DEBUG:root:sending {"dest": "n2", "src": "n1", "body": {"msg_id": 204, "type": "RequestVote", "term": 18, "prevLogIndex": 1, "lastLogTerm": 5, "candidateId": "n1"}}
DEBUG:root:sending {"dest": "n3", "src": "n1", "body": {"msg_id": 205, "type": "RequestVote", "term": 18, "prevLogIndex": 1, "lastLogTerm": 5, "candidateId": "n1"}}
DEBUG:root:received {"dest":"n1","src":"n1","body":{"msg_id":203,"type":"RequestVote","term":18,"prevLogIndex":1,"lastLogTerm":5,"candidateId":"n1"},"id":1146}
DEBUG:root:sending {"dest": "n4", "src": "n1", "body": {"msg_id": 206, "type": "RequestVote", "term": 18, "prevLogIndex": 1, "lastLogTerm": 5, "candidateId": "n1"}}
DEBUG:root:sending {"dest": "n5", "src": "n1", "body": {"msg_id": 207, "type": "RequestVote", "term": 18, "prevLogIndex": 1, "lastLogTerm": 5, "candidateId": "n1"}}
DEBUG:root:sending {"dest": "n1", "src": "n1", "body": {"msg_id": 208, "in_reply_to": 203, "type": "RequestVoteRes", "term": 18, "res": true}}
DEBUG:root:received {"dest":"n1","src":"n2","body":{"msg_id":237,"in_reply_to":204,"type":"RequestVoteRes","term":35,"res":false},"id":1150}
DEBUG:root:received {"dest":"n1","src":"n3","body":{"msg_id":236,"in_reply_to":205,"type":"RequestVoteRes","term":35,"res":false},"id":1153}
DEBUG:root:received {"dest":"n1","src":"n1","body":{"msg_id":208,"in_reply_to":203,"type":"RequestVoteRes","term":18,"res":true},"id":1154}
DEBUG:root:received {"dest":"n1","src":"n5","body":{"msg_id":222,"in_reply_to":207,"type":"RequestVoteRes","term":36,"res":false},"id":1155}
DEBUG:root:received {"dest":"n1","src":"n4","body":{"msg_id":246,"in_reply_to":206,"type":"RequestVoteRes","term":36,"res":false},"id":1156}
DEBUG:root:received {"dest":"n1","src":"n2","body":{"msg_id":238,"type":"RequestVote","term":36,"prevLogIndex":0,"lastLogTerm":0,"candidateId":"n2"},"id":1157}
DEBUG:root:sending {"dest": "n2", "src": "n1", "body": {"msg_id": 209, "in_reply_to": 238, "type": "RequestVoteRes", "term": 18, "res": false}}
DEBUG:root:received {"dest":"n1","src":"n3","body":{"msg_id":238,"type":"RequestVote","term":36,"prevLogIndex":0,"lastLogTerm":0,"candidateId":"n3"},"id":1167}
DEBUG:root:sending {"dest": "n3", "src": "n1", "body": {"msg_id": 210, "in_reply_to": 238, "type": "RequestVoteRes", "term": 18, "res": false}}
DEBUG:root:received {"dest":"n1","src":"n3","body":{"msg_id":244,"type":"RequestVote","term":37,"prevLogIndex":0,"lastLogTerm":0,"candidateId":"n3"},"id":1177}
DEBUG:root:received {"dest":"n1","src":"n2","body":{"msg_id":245,"type":"RequestVote","term":37,"prevLogIndex":0,"lastLogTerm":0,"candidateId":"n2"},"id":1179}
DEBUG:root:sending {"dest": "n3", "src": "n1", "body": {"msg_id": 211, "in_reply_to": 244, "type": "RequestVoteRes", "term": 18, "res": false}}
DEBUG:root:sending {"dest": "n2", "src": "n1", "body": {"msg_id": 212, "in_reply_to": 245, "type": "RequestVoteRes", "term": 18, "res": false}}
DEBUG:root:received {"dest":"n1","src":"n2","body":{"msg_id":250,"type":"RequestVote","term":38,"prevLogIndex":0,"lastLogTerm":0,"candidateId":"n2"},"id":1187}
DEBUG:root:sending {"dest": "n2", "src": "n1", "body": {"msg_id": 213, "in_reply_to": 250, "type": "RequestVoteRes", "term": 18, "res": false}}
DEBUG:root:received {"dest":"n1","src":"n3","body":{"msg_id":252,"type":"RequestVote","term":38,"prevLogIndex":0,"lastLogTerm":0,"candidateId":"n3"},"id":1207}
DEBUG:root:sending {"dest": "n3", "src": "n1", "body": {"msg_id": 214, "in_reply_to": 252, "type": "RequestVoteRes", "term": 18, "res": false}}
DEBUG:root:received {"dest":"n1","src":"n3","body":{"msg_id":258,"type":"RequestVote","term":39,"prevLogIndex":0,"lastLogTerm":0,"candidateId":"n3"},"id":1217}
DEBUG:root:sending {"dest": "n3", "src": "n1", "body": {"msg_id": 215, "in_reply_to": 258, "type": "RequestVoteRes", "term": 18, "res": false}}
DEBUG:root:received {"dest":"n1","src":"n2","body":{"msg_id":260,"type":"RequestVote","term":39,"prevLogIndex":0,"lastLogTerm":0,"candidateId":"n2"},"id":1227}
DEBUG:root:sending {"dest": "n2", "src": "n1", "body": {"msg_id": 216, "in_reply_to": 260, "type": "RequestVoteRes", "term": 18, "res": false}}
DEBUG:root:sending {"dest": "n1", "src": "n1", "body": {"msg_id": 217, "type": "RequestVote", "term": 19, "prevLogIndex": 1, "lastLogTerm": 5, "candidateId": "n1"}}
DEBUG:root:sending {"dest": "n2", "src": "n1", "body": {"msg_id": 218, "type": "RequestVote", "term": 19, "prevLogIndex": 1, "lastLogTerm": 5, "candidateId": "n1"}}
DEBUG:root:sending {"dest": "n3", "src": "n1", "body": {"msg_id": 219, "type": "RequestVote", "term": 19, "prevLogIndex": 1, "lastLogTerm": 5, "candidateId": "n1"}}
DEBUG:root:sending {"dest": "n4", "src": "n1", "body": {"msg_id": 220, "type": "RequestVote", "term": 19, "prevLogIndex": 1, "lastLogTerm": 5, "candidateId": "n1"}}
DEBUG:root:sending {"dest": "n5", "src": "n1", "body": {"msg_id": 221, "type": "RequestVote", "term": 19, "prevLogIndex": 1, "lastLogTerm": 5, "candidateId": "n1"}}
DEBUG:root:received {"dest":"n1","src":"n1","body":{"msg_id":217,"type":"RequestVote","term":19,"prevLogIndex":1,"lastLogTerm":5,"candidateId":"n1"},"id":1237}
DEBUG:root:received {"dest":"n1","src":"n3","body":{"msg_id":265,"type":"RequestVote","term":40,"prevLogIndex":0,"lastLogTerm":0,"candidateId":"n3"},"id":1239}
DEBUG:root:received {"dest":"n1","src":"n2","body":{"msg_id":266,"type":"RequestVote","term":40,"prevLogIndex":0,"lastLogTerm":0,"candidateId":"n2"},"id":1238}
DEBUG:root:sending {"dest": "n1", "src": "n1", "body": {"msg_id": 222, "type": "RequestVote", "term": 20, "prevLogIndex": 1, "lastLogTerm": 5, "candidateId": "n1"}}
DEBUG:root:sending {"dest": "n1", "src": "n1", "body": {"msg_id": 223, "in_reply_to": 217, "type": "RequestVoteRes", "term": 20, "res": false}}
DEBUG:root:received {"dest":"n1","src":"n1","body":{"msg_id":222,"type":"RequestVote","term":20,"prevLogIndex":1,"lastLogTerm":5,"candidateId":"n1"},"id":1252}
DEBUG:root:received {"dest":"n1","src":"n4","body":{"msg_id":255,"in_reply_to":220,"type":"RequestVoteRes","term":36,"res":false},"id":1253}
DEBUG:root:received {"dest":"n1","src":"n3","body":{"msg_id":270,"in_reply_to":219,"type":"RequestVoteRes","term":40,"res":false},"id":1255}
DEBUG:root:sending {"dest": "n2", "src": "n1", "body": {"msg_id": 224, "type": "RequestVote", "term": 20, "prevLogIndex": 1, "lastLogTerm": 5, "candidateId": "n1"}}
DEBUG:root:sending {"dest": "n3", "src": "n1", "body": {"msg_id": 225, "in_reply_to": 265, "type": "RequestVoteRes", "term": 20, "res": false}}
DEBUG:root:received {"dest":"n1","src":"n5","body":{"msg_id":231,"in_reply_to":221,"type":"RequestVoteRes","term":36,"res":false},"id":1256}
DEBUG:root:sending {"dest": "n3", "src": "n1", "body": {"msg_id": 226, "type": "RequestVote", "term": 20, "prevLogIndex": 1, "lastLogTerm": 5, "candidateId": "n1"}}
DEBUG:root:received {"dest":"n1","src":"n2","body":{"msg_id":271,"in_reply_to":218,"type":"RequestVoteRes","term":40,"res":false},"id":1260}
DEBUG:root:sending {"dest": "n2", "src": "n1", "body": {"msg_id": 227, "in_reply_to": 266, "type": "RequestVoteRes", "term": 20, "res": false}}
DEBUG:root:sending {"dest": "n4", "src": "n1", "body": {"msg_id": 228, "type": "RequestVote", "term": 20, "prevLogIndex": 1, "lastLogTerm": 5, "candidateId": "n1"}}
DEBUG:root:received {"dest":"n1","src":"n1","body":{"msg_id":223,"in_reply_to":217,"type":"RequestVoteRes","term":20,"res":false},"id":1262}
DEBUG:root:received {"dest":"n1","src":"n2","body":{"msg_id":273,"type":"RequestVote","term":41,"prevLogIndex":0,"lastLogTerm":0,"candidateId":"n2"},"id":1264}
DEBUG:root:sending {"dest": "n1", "src": "n1", "body": {"msg_id": 229, "in_reply_to": 222, "type": "RequestVoteRes", "term": 20, "res": true}}
DEBUG:root:sending {"dest": "n5", "src": "n1", "body": {"msg_id": 230, "type": "RequestVote", "term": 20, "prevLogIndex": 1, "lastLogTerm": 5, "candidateId": "n1"}}
DEBUG:root:received {"dest":"n1","src":"n3","body":{"msg_id":273,"in_reply_to":226,"type":"RequestVoteRes","term":40,"res":false},"id":1273}
DEBUG:root:received {"dest":"n1","src":"n4","body":{"msg_id":258,"type":"RequestVote","term":37,"prevLogIndex":0,"lastLogTerm":0,"candidateId":"n4"},"id":1275}
DEBUG:root:received {"dest":"n1","src":"n1","body":{"msg_id":229,"in_reply_to":222,"type":"RequestVoteRes","term":20,"res":true},"id":1282}
DEBUG:root:sending {"dest": "n1", "src": "n1", "body": {"msg_id": 231, "type": "RequestVote", "term": 21, "prevLogIndex": 1, "lastLogTerm": 5, "candidateId": "n1"}}
DEBUG:root:received {"dest":"n1","src":"n5","body":{"msg_id":234,"in_reply_to":230,"type":"RequestVoteRes","term":36,"res":false},"id":1284}
DEBUG:root:sending {"dest": "n2", "src": "n1", "body": {"msg_id": 232, "in_reply_to": 273, "type": "RequestVoteRes", "term": 21, "res": false}}
DEBUG:root:sending {"dest": "n2", "src": "n1", "body": {"msg_id": 233, "type": "RequestVote", "term": 21, "prevLogIndex": 1, "lastLogTerm": 5, "candidateId": "n1"}}
DEBUG:root:received {"dest":"n1","src":"n2","body":{"msg_id":278,"in_reply_to":224,"type":"RequestVoteRes","term":41,"res":false},"id":1287}
DEBUG:root:received {"dest":"n1","src":"n4","body":{"msg_id":263,"in_reply_to":228,"type":"RequestVoteRes","term":37,"res":false},"id":1286}
DEBUG:root:sending {"dest": "n3", "src": "n1", "body": {"msg_id": 235, "type": "RequestVote", "term": 21, "prevLogIndex": 1, "lastLogTerm": 5, "candidateId": "n1"}}
DEBUG:root:received {"dest":"n1","src":"n1","body":{"msg_id":231,"type":"RequestVote","term":21,"prevLogIndex":1,"lastLogTerm":5,"candidateId":"n1"},"id":1292}
DEBUG:root:received {"dest":"n1","src":"n3","body":{"msg_id":276,"type":"RequestVote","term":42,"prevLogIndex":0,"lastLogTerm":0,"candidateId":"n3"},"id":1297}
DEBUG:root:sending {"dest": "n4", "src": "n1", "body": {"msg_id": 236, "type": "RequestVote", "term": 21, "prevLogIndex": 1, "lastLogTerm": 5, "candidateId": "n1"}}
DEBUG:root:sending {"dest": "n5", "src": "n1", "body": {"msg_id": 237, "type": "RequestVote", "term": 21, "prevLogIndex": 1, "lastLogTerm": 5, "candidateId": "n1"}}
DEBUG:root:sending {"dest": "n4", "src": "n1", "body": {"msg_id": 234, "in_reply_to": 258, "type": "RequestVoteRes", "term": 21, "res": false}}
DEBUG:root:sending {"dest": "n1", "src": "n1", "body": {"msg_id": 238, "in_reply_to": 231, "type": "RequestVoteRes", "term": 21, "res": true}}
DEBUG:root:received {"dest":"n1","src":"n2","body":{"msg_id":282,"in_reply_to":233,"type":"RequestVoteRes","term":41,"res":false},"id":1302}
DEBUG:root:received {"dest":"n1","src":"n5","body":{"msg_id":238,"in_reply_to":237,"type":"RequestVoteRes","term":36,"res":false},"id":1310}
DEBUG:root:received {"dest":"n1","src":"n3","body":{"msg_id":282,"in_reply_to":235,"type":"RequestVoteRes","term":42,"res":false},"id":1311}
DEBUG:root:received {"dest":"n1","src":"n1","body":{"msg_id":238,"in_reply_to":231,"type":"RequestVoteRes","term":21,"res":true},"id":1312}
DEBUG:root:received {"dest":"n1","src":"n5","body":{"msg_id":239,"type":"RequestVote","term":37,"prevLogIndex":0,"lastLogTerm":0,"candidateId":"n5"},"id":1314}
DEBUG:root:sending {"dest": "n3", "src": "n1", "body": {"msg_id": 239, "in_reply_to": 276, "type": "RequestVoteRes", "term": 21, "res": false}}
DEBUG:root:sending {"dest": "n5", "src": "n1", "body": {"msg_id": 240, "in_reply_to": 239, "type": "RequestVoteRes", "term": 21, "res": false}}
DEBUG:root:received {"dest":"n1","src":"n4","body":{"msg_id":267,"in_reply_to":236,"type":"RequestVoteRes","term":41,"res":false},"id":1318}
DEBUG:root:received {"dest":"n1","src":"n5","body":{"msg_id":245,"type":"RequestVote","term":38,"prevLogIndex":0,"lastLogTerm":0,"candidateId":"n5"},"id":1327}
DEBUG:root:sending {"dest": "n5", "src": "n1", "body": {"msg_id": 241, "in_reply_to": 245, "type": "RequestVoteRes", "term": 21, "res": false}}
DEBUG:root:received {"dest":"n1","src":"n4","body":{"msg_id":270,"type":"RequestVote","term":42,"prevLogIndex":0,"lastLogTerm":0,"candidateId":"n4"},"id":1337}
DEBUG:root:sending {"dest": "n4", "src": "n1", "body": {"msg_id": 242, "in_reply_to": 270, "type": "RequestVoteRes", "term": 21, "res": false}}
DEBUG:root:sending {"dest": "n2", "src": "n1", "body": {"msg_id": 243, "type": "AppendEntries", "term": 21, "prevIndex": 0, "prevTerm": 0, "entries": [[["pass", null], 0], [["cas", [1, [2, 4]]], 5]], "commit": 0}}
DEBUG:root:sending {"dest": "n3", "src": "n1", "body": {"msg_id": 244, "type": "AppendEntries", "term": 21, "prevIndex": 0, "prevTerm": 0, "entries": [[["pass", null], 0], [["cas", [1, [2, 4]]], 5]], "commit": 0}}
DEBUG:root:sending {"dest": "n4", "src": "n1", "body": {"msg_id": 245, "type": "AppendEntries", "term": 21, "prevIndex": 0, "prevTerm": 0, "entries": [[["pass", null], 0], [["cas", [1, [2, 4]]], 5]], "commit": 0}}
DEBUG:root:sending {"dest": "n5", "src": "n1", "body": {"msg_id": 246, "type": "AppendEntries", "term": 21, "prevIndex": 0, "prevTerm": 0, "entries": [[["pass", null], 0], [["cas", [1, [2, 4]]], 5]], "commit": 0}}
DEBUG:root:received {"dest":"n1","src":"n2","body":{"msg_id":287,"in_reply_to":243,"type":"AppendEntriesRes","res":false,"term":41},"id":1351}
DEBUG:root:received {"dest":"n1","src":"n3","body":{"msg_id":286,"in_reply_to":244,"type":"AppendEntriesRes","res":false,"term":42},"id":1352}
DEBUG:root:received {"dest":"n1","src":"n5","body":{"msg_id":252,"in_reply_to":246,"type":"AppendEntriesRes","res":false,"term":38},"id":1353}
DEBUG:root:sending {"dest": "n2", "src": "n1", "body": {"msg_id": 247, "type": "AppendEntries", "term": 21, "prevIndex": -1, "prevTerm": 5, "entries": [[["pass", null], 0], [["cas", [1, [2, 4]]], 5]], "commit": 0}}
DEBUG:root:received {"dest":"n1","src":"n4","body":{"msg_id":276,"in_reply_to":245,"type":"AppendEntriesRes","res":false,"term":42},"id":1354}
DEBUG:root:sending {"dest": "n3", "src": "n1", "body": {"msg_id": 248, "type": "AppendEntries", "term": 21, "prevIndex": -1, "prevTerm": 5, "entries": [[["pass", null], 0], [["cas", [1, [2, 4]]], 5]], "commit": 0}}
DEBUG:root:sending {"dest": "n5", "src": "n1", "body": {"msg_id": 249, "type": "AppendEntries", "term": 21, "prevIndex": -1, "prevTerm": 5, "entries": [[["pass", null], 0], [["cas", [1, [2, 4]]], 5]], "commit": 0}}
DEBUG:root:sending {"dest": "n4", "src": "n1", "body": {"msg_id": 250, "type": "AppendEntries", "term": 21, "prevIndex": -1, "prevTerm": 5, "entries": [[["pass", null], 0], [["cas", [1, [2, 4]]], 5]], "commit": 0}}
DEBUG:root:received {"dest":"n1","src":"n2","body":{"msg_id":288,"in_reply_to":247,"type":"AppendEntriesRes","res":false,"term":41},"id":1359}
DEBUG:root:received {"dest":"n1","src":"n3","body":{"msg_id":287,"in_reply_to":248,"type":"AppendEntriesRes","res":false,"term":42},"id":1360}
DEBUG:root:sending {"dest": "n2", "src": "n1", "body": {"msg_id": 251, "type": "AppendEntries", "term": 21, "prevIndex": -2, "prevTerm": 0, "entries": [[["cas", [1, [2, 4]]], 5]], "commit": 0}}
DEBUG:root:received {"dest":"n1","src":"n5","body":{"msg_id":253,"in_reply_to":249,"type":"AppendEntriesRes","res":false,"term":38},"id":1361}
DEBUG:root:received {"dest":"n1","src":"n4","body":{"msg_id":277,"in_reply_to":250,"type":"AppendEntriesRes","res":false,"term":42},"id":1362}
DEBUG:root:received {"dest":"n1","src":"n4","body":{"msg_id":278,"type":"RequestVote","term":43,"prevLogIndex":0,"lastLogTerm":0,"candidateId":"n4"},"id":1363}
DEBUG:root:sending {"dest": "n3", "src": "n1", "body": {"msg_id": 252, "type": "AppendEntries", "term": 21, "prevIndex": -2, "prevTerm": 0, "entries": [[["cas", [1, [2, 4]]], 5]], "commit": 0}}
DEBUG:root:sending {"dest": "n5", "src": "n1", "body": {"msg_id": 253, "type": "AppendEntries", "term": 21, "prevIndex": -2, "prevTerm": 0, "entries": [[["cas", [1, [2, 4]]], 5]], "commit": 0}}
DEBUG:root:sending {"dest": "n4", "src": "n1", "body": {"msg_id": 254, "type": "AppendEntries", "term": 21, "prevIndex": -2, "prevTerm": 0, "entries": [[["cas", [1, [2, 4]]], 5]], "commit": 0}}
DEBUG:root:sending {"dest": "n4", "src": "n1", "body": {"msg_id": 255, "in_reply_to": 278, "type": "RequestVoteRes", "term": 21, "res": false}}
DEBUG:root:received {"dest":"n1","src":"n2","body":{"msg_id":290,"in_reply_to":251,"type":"AppendEntriesRes","res":false,"term":41},"id":1373}
ERROR:root:fatal exception in handler
Traceback (most recent call last):
  File "/home/peter/Documents/tf/lab3/ms.py", line 27, in exitOnError
    fn(*args)
  File "/home/peter/Documents/tf/lab3/raft.py", line 387, in handle
    send(node_id, dest, type='AppendEntries', term=current_term, prevIndex = nextIndex[dest]-1,prevTerm=log[nextIndex[dest]-1][1] ,entries=log[nextIndex[dest]:],commit=commitIndex)
IndexError: list index out of range
