2022-05-04 13:48:24,649{GMT}	INFO	[jepsen test runner] jepsen.core: Test version 99e6fb2a3505fae4b1987d97b445a48b7ad1f664 (plus uncommitted changes)
2022-05-04 13:48:24,649{GMT}	INFO	[jepsen test runner] jepsen.core: Command line:
lein run test --bin raft.py --workload lin-kv --time-limit 2 --concurrency 4n
2022-05-04 13:48:24,714{GMT}	INFO	[jepsen test runner] jepsen.core: Running test:
{:remote #jepsen.control.SSHRemote{:session nil}
 :log-net-send false
 :node-count nil
 :max-txn-length 4
 :concurrency 20
 :db
 #object[maelstrom.db$db$reify__16747
         "0xcf0e8b4"
         "maelstrom.db$db$reify__16747@cf0e8b4"]
 :max-writes-per-key 16
 :leave-db-running? false
 :name "lin-kv"
 :logging-json? false
 :net-journal #object[clojure.lang.Atom "0x51a7ee4e" {:status :ready, :val []}]
 :start-time
 #object[org.joda.time.DateTime "0x424c8ebe" "2022-05-04T13:48:24.000+01:00"]
 :nemesis-interval 10
 :net
 #object[maelstrom.net$jepsen_adapter$reify__15560
         "0x7aafac17"
         "maelstrom.net$jepsen_adapter$reify__15560@7aafac17"]
 :client
 #object[maelstrom.workload.lin_kv$client$reify__17524
         "0x3054551f"
         "maelstrom.workload.lin_kv$client$reify__17524@3054551f"]
 :barrier
 #object[java.util.concurrent.CyclicBarrier
         "0x6b8cfbeb"
         "java.util.concurrent.CyclicBarrier@6b8cfbeb"]
 :log-stderr false
 :pure-generators true
 :ssh {:dummy? true}
 :rate 5
 :checker
 #object[jepsen.checker$compose$reify__8612
         "0x4603845b"
         "jepsen.checker$compose$reify__8612@4603845b"]
 :argv
 ("test"
  "--bin"
  "raft.py"
  "--workload"
  "lin-kv"
  "--time-limit"
  "2"
  "--concurrency"
  "4n")
 :nemesis
 (jepsen.nemesis.ReflCompose
  {:fm {:start-partition 0,
        :stop-partition 0,
        :kill 1,
        :start 1,
        :pause 1,
        :resume 1},
   :nemeses [#unprintable "jepsen.nemesis.combined$partition_nemesis$reify__17019@414b5798"
             #unprintable "jepsen.nemesis.combined$db_nemesis$reify__17000@53251e03"]})
 :active-histories
 #object[clojure.lang.Atom "0x5ffae42f" {:status :ready, :val #{}}]
 :nodes ["n1" "n2" "n3" "n4" "n5"]
 :test-count 1
 :latency {:mean 0, :dist :constant}
 :bin "raft.py"
 :generator
 (jepsen.generator.TimeLimit
  {:limit 2000000000,
   :cutoff nil,
   :gen (jepsen.generator.Any
         {:gens [(jepsen.generator.OnThreads {:f #{:nemesis}, :gen nil})
                 (jepsen.generator.OnThreads
                  {:f #object[clojure.core$complement$fn__5654
                              "0x3eff5c32"
                              "clojure.core$complement$fn__5654@3eff5c32"],
                   :gen (jepsen.generator.Stagger
                         {:dt 400000000,
                          :next-time nil,
                          :gen (jepsen.generator.OnThreads
                                {:f #object[clojure.core$complement$fn__5654
                                            "0x79d538c1"
                                            "clojure.core$complement$fn__5654@79d538c1"],
                                 :gen (jepsen.independent.ConcurrentGenerator
                                       {:n 10,
                                        :fgen #object[jepsen.tests.linearizable_register$test$fn__17324
                                                      "0x31e08c61"
                                                      "jepsen.tests.linearizable_register$test$fn__17324@31e08c61"],
                                        :group->threads nil,
                                        :thread->group nil,
                                        :keys (0 1 2 3 4 5 6 7 ...),
                                        :gens nil})})})})]})})
 :log-net-recv false
 :os
 #object[jepsen.os$reify__2490 "0x2db15764" "jepsen.os$reify__2490@2db15764"]
 :time-limit 2
 :workload :lin-kv
 :consistency-models [:strict-serializable]
 :topology :grid}

2022-05-04 13:48:24,720{GMT}	INFO	[jepsen test runner] jepsen.db: Tearing down DB
2022-05-04 13:48:24,722{GMT}	INFO	[jepsen test runner] jepsen.db: Setting up DB
2022-05-04 13:48:24,723{GMT}	INFO	[jepsen node n3] maelstrom.db: Setting up n3
2022-05-04 13:48:24,723{GMT}	INFO	[jepsen node n2] maelstrom.db: Setting up n2
2022-05-04 13:48:24,725{GMT}	INFO	[jepsen node n3] maelstrom.process: launching raft.py nil
2022-05-04 13:48:24,724{GMT}	INFO	[jepsen node n4] maelstrom.db: Setting up n4
2022-05-04 13:48:24,726{GMT}	INFO	[jepsen node n1] maelstrom.service: Starting services: (lin-kv lin-tso lww-kv seq-kv)
2022-05-04 13:48:24,724{GMT}	INFO	[jepsen node n5] maelstrom.db: Setting up n5
2022-05-04 13:48:24,727{GMT}	INFO	[jepsen node n4] maelstrom.process: launching raft.py nil
2022-05-04 13:48:24,728{GMT}	INFO	[jepsen node n2] maelstrom.process: launching raft.py nil
2022-05-04 13:48:24,728{GMT}	INFO	[jepsen node n5] maelstrom.process: launching raft.py nil
2022-05-04 13:48:24,730{GMT}	INFO	[jepsen node n1] maelstrom.db: Setting up n1
2022-05-04 13:48:24,730{GMT}	INFO	[jepsen node n1] maelstrom.process: launching raft.py nil
2022-05-04 13:48:24,798{GMT}	INFO	[jepsen test runner] jepsen.core: Relative time begins now
2022-05-04 13:48:24,822{GMT}	INFO	[jepsen worker 13] jepsen.util: 13	:invoke	:write	[1 3]
2022-05-04 13:48:24,829{GMT}	INFO	[jepsen worker 13] jepsen.util: 13	:info	:write	[1 3]	[:unknown "Not Leader"]
2022-05-04 13:48:24,856{GMT}	INFO	[jepsen worker 3] jepsen.util: 3	:invoke	:read	[0 nil]
2022-05-04 13:48:24,858{GMT}	INFO	[jepsen worker 3] jepsen.util: 3	:fail	:read	[0 nil]	[:unknown "Not Leader"]
2022-05-04 13:48:24,939{GMT}	INFO	[jepsen worker 14] jepsen.util: 14	:invoke	:cas	[1 [3 4]]
2022-05-04 13:48:24,942{GMT}	INFO	[jepsen worker 14] jepsen.util: 14	:info	:cas	[1 [3 4]]	[:unknown "Not Leader"]
2022-05-04 13:48:25,156{GMT}	INFO	[jepsen worker 0] jepsen.util: 0	:invoke	:read	[0 nil]
2022-05-04 13:48:25,162{GMT}	INFO	[jepsen worker 0] jepsen.util: 0	:fail	:read	[0 nil]	[:unknown "Invalid Key"]
2022-05-04 13:48:25,469{GMT}	INFO	[jepsen worker 7] jepsen.util: 7	:invoke	:cas	[0 [2 3]]
2022-05-04 13:48:25,471{GMT}	INFO	[jepsen worker 7] jepsen.util: 7	:info	:cas	[0 [2 3]]	[:unknown "Not Leader"]
2022-05-04 13:48:25,539{GMT}	INFO	[jepsen worker 17] jepsen.util: 17	:invoke	:cas	[1 [0 4]]
2022-05-04 13:48:25,541{GMT}	INFO	[jepsen worker 17] jepsen.util: 17	:info	:cas	[1 [0 4]]	[:unknown "Not Leader"]
2022-05-04 13:48:25,885{GMT}	INFO	[jepsen worker 9] jepsen.util: 9	:invoke	:cas	[0 [4 0]]
2022-05-04 13:48:25,899{GMT}	INFO	[jepsen worker 9] jepsen.util: 9	:info	:cas	[0 [4 0]]	[:unknown "Not Leader"]
2022-05-04 13:48:25,933{GMT}	INFO	[jepsen worker 7] jepsen.util: 27	:invoke	:write	[0 1]
2022-05-04 13:48:25,951{GMT}	INFO	[jepsen worker 7] jepsen.util: 27	:info	:write	[0 1]	[:unknown "Not Leader"]
2022-05-04 13:48:26,220{GMT}	INFO	[jepsen worker 6] jepsen.util: 6	:invoke	:cas	[0 [2 3]]
2022-05-04 13:48:26,222{GMT}	INFO	[jepsen worker 6] jepsen.util: 6	:info	:cas	[0 [2 3]]	[:unknown "Not Leader"]
2022-05-04 13:48:26,341{GMT}	INFO	[jepsen worker 9] jepsen.util: 29	:invoke	:cas	[0 [2 1]]
2022-05-04 13:48:26,504{GMT}	INFO	[jepsen worker 9] jepsen.util: 29	:info	:cas	[0 [2 1]]	[:unknown "Not Leader"]
2022-05-04 13:48:26,701{GMT}	INFO	[jepsen worker 17] jepsen.util: 37	:invoke	:cas	[1 [3 1]]
2022-05-04 13:48:27,068{GMT}	INFO	[jepsen worker 17] jepsen.util: 37	:info	:cas	[1 [3 1]]	[:unknown "Not Leader"]
2022-05-04 13:48:27,085{GMT}	INFO	[jepsen node n3] maelstrom.db: Tearing down n3
2022-05-04 13:48:27,085{GMT}	INFO	[jepsen node n1] maelstrom.db: Tearing down n1
2022-05-04 13:48:27,086{GMT}	INFO	[jepsen node n4] maelstrom.db: Tearing down n4
2022-05-04 13:48:27,087{GMT}	INFO	[jepsen node n2] maelstrom.db: Tearing down n2
2022-05-04 13:48:27,092{GMT}	INFO	[jepsen node n5] maelstrom.db: Tearing down n5
2022-05-04 13:48:28,735{GMT}	INFO	[jepsen test runner] jepsen.core: Run complete, writing
2022-05-04 13:48:29,001{GMT}	INFO	[jepsen test runner] jepsen.core: Analyzing...
2022-05-04 13:48:29,072{GMT}	INFO	[clojure-agent-send-pool-1] jepsen.independent: Wrote /home/peter/Documents/tf/lab3/store/lin-kv/20220504T134824.000+0100/independent/1/results.edn
2022-05-04 13:48:29,074{GMT}	INFO	[clojure-agent-send-pool-1] jepsen.independent: Wrote /home/peter/Documents/tf/lab3/store/lin-kv/20220504T134824.000+0100/independent/1/history.edn
2022-05-04 13:48:29,076{GMT}	INFO	[clojure-agent-send-pool-0] jepsen.independent: Wrote /home/peter/Documents/tf/lab3/store/lin-kv/20220504T134824.000+0100/independent/0/results.edn
2022-05-04 13:48:29,078{GMT}	INFO	[clojure-agent-send-pool-0] jepsen.independent: Wrote /home/peter/Documents/tf/lab3/store/lin-kv/20220504T134824.000+0100/independent/0/history.edn
2022-05-04 13:48:29,642{GMT}	INFO	[jepsen test runner] jepsen.core: Analysis complete
2022-05-04 13:48:29,667{GMT}	INFO	[jepsen results] jepsen.store: Wrote /home/peter/Documents/tf/lab3/store/lin-kv/20220504T134824.000+0100/results.edn
2022-05-04 13:48:29,939{GMT}	INFO	[jepsen test runner] jepsen.core: {:perf {:latency-graph {:valid? true},
        :rate-graph {:valid? true},
        :valid? true},
 :timeline {:valid? true},
 :exceptions {:valid? true},
 :stats {:valid? false,
         :count 11,
         :ok-count 0,
         :fail-count 2,
         :info-count 9,
         :by-f {:cas {:valid? false,
                      :count 7,
                      :ok-count 0,
                      :fail-count 0,
                      :info-count 7},
                :read {:valid? false,
                       :count 2,
                       :ok-count 0,
                       :fail-count 2,
                       :info-count 0},
                :write {:valid? false,
                        :count 2,
                        :ok-count 0,
                        :fail-count 0,
                        :info-count 2}}},
 :net {:stats {:all {:send-count 17760,
                     :recv-count 17760,
                     :msg-count 17760,
                     :msgs-per-op 1614.5454},
               :clients {:send-count 32,
                         :recv-count 32,
                         :msg-count 32},
               :servers {:send-count 17728,
                         :recv-count 17728,
                         :msg-count 17728,
                         :msgs-per-op 1611.6364}},
       :valid? true},
 :workload {:valid? true,
            :results {0 {:linearizable {:valid? true,
                                        :configs ({:model #knossos.model.CASRegister{:value nil},
                                                   :last-op nil,
                                                   :pending [{:process 6,
                                                              :type :invoke,
                                                              :f :cas,
                                                              :value [2
                                                                      3],
                                                              :index 16,
                                                              :time 1421971607}
                                                             {:process 7,
                                                              :type :invoke,
                                                              :f :cas,
                                                              :value [2
                                                                      3],
                                                              :index 8,
                                                              :time 671508736}
                                                             {:process 9,
                                                              :type :invoke,
                                                              :f :cas,
                                                              :value [4
                                                                      0],
                                                              :index 12,
                                                              :time 1086507973}
                                                             {:process 27,
                                                              :type :invoke,
                                                              :f :write,
                                                              :value 1,
                                                              :index 14,
                                                              :time 1135185194}
                                                             {:process 29,
                                                              :type :invoke,
                                                              :f :cas,
                                                              :value [2
                                                                      1],
                                                              :index 18,
                                                              :time 1543155691}]}),
                                        :final-paths ()},
                         :timeline {:valid? true},
                         :valid? true},
                      1 {:linearizable {:valid? true,
                                        :configs ({:model #knossos.model.CASRegister{:value nil},
                                                   :last-op nil,
                                                   :pending [{:process 13,
                                                              :type :invoke,
                                                              :f :write,
                                                              :value 3,
                                                              :index 0,
                                                              :time 12186573}
                                                             {:process 14,
                                                              :type :invoke,
                                                              :f :cas,
                                                              :value [3
                                                                      4],
                                                              :index 4,
                                                              :time 140985231}
                                                             {:process 17,
                                                              :type :invoke,
                                                              :f :cas,
                                                              :value [0
                                                                      4],
                                                              :index 10,
                                                              :time 741272735}
                                                             {:process 37,
                                                              :type :invoke,
                                                              :f :cas,
                                                              :value [3
                                                                      1],
                                                              :index 20,
                                                              :time 1897759101}]}),
                                        :final-paths ()},
                         :timeline {:valid? true},
                         :valid? true}},
            :failures []},
 :valid? false}


Analysis invalid! (ﾉಥ益ಥ）ﾉ ┻━┻
