DEBUG:root:received {"dest":"n3","body":{"type":"init","node_id":"n3","node_ids":["n1","n2","n3","n4","n5"],"msg_id":1},"src":"c4","id":4}
INFO:root:node n3 initialized
DEBUG:root:sending {"dest": "c4", "src": "n3", "body": {"msg_id": 1, "in_reply_to": 1, "type": "init_ok"}}
DEBUG:root:sending {"dest": "n1", "src": "n3", "body": {"msg_id": 2, "type": "RequestVote", "term": 1, "prevLogIndex": 0, "lastLogTerm": 0, "candidateId": "n3"}}
DEBUG:root:sending {"dest": "n2", "src": "n3", "body": {"msg_id": 3, "type": "RequestVote", "term": 1, "prevLogIndex": 0, "lastLogTerm": 0, "candidateId": "n3"}}
DEBUG:root:sending {"dest": "n3", "src": "n3", "body": {"msg_id": 4, "type": "RequestVote", "term": 1, "prevLogIndex": 0, "lastLogTerm": 0, "candidateId": "n3"}}
DEBUG:root:sending {"dest": "n4", "src": "n3", "body": {"msg_id": 5, "type": "RequestVote", "term": 1, "prevLogIndex": 0, "lastLogTerm": 0, "candidateId": "n3"}}
DEBUG:root:sending {"dest": "n5", "src": "n3", "body": {"msg_id": 6, "type": "RequestVote", "term": 1, "prevLogIndex": 0, "lastLogTerm": 0, "candidateId": "n3"}}
DEBUG:root:received {"dest":"n3","src":"n4","body":{"msg_id":4,"type":"RequestVote","term":1,"prevLogIndex":0,"lastLogTerm":0,"candidateId":"n4"},"id":14}
DEBUG:root:received {"dest":"n3","src":"n3","body":{"msg_id":4,"type":"RequestVote","term":1,"prevLogIndex":0,"lastLogTerm":0,"candidateId":"n3"},"id":15}
DEBUG:root:sending {"dest": "n4", "src": "n3", "body": {"msg_id": 7, "in_reply_to": 4, "type": "RequestVoteRes", "term": 1, "res": true}}
DEBUG:root:sending {"dest": "n3", "src": "n3", "body": {"msg_id": 8, "in_reply_to": 4, "type": "RequestVoteRes", "term": 1, "res": false}}
DEBUG:root:received {"dest":"n3","src":"n4","body":{"msg_id":8,"in_reply_to":5,"type":"RequestVoteRes","term":1,"res":false},"id":22}
DEBUG:root:received {"dest":"n3","src":"n2","body":{"msg_id":4,"type":"RequestVote","term":1,"prevLogIndex":0,"lastLogTerm":0,"candidateId":"n2"},"id":23}
DEBUG:root:received {"dest":"n3","src":"n3","body":{"msg_id":8,"in_reply_to":4,"type":"RequestVoteRes","term":1,"res":false},"id":27}
DEBUG:root:received {"dest":"n3","src":"n2","body":{"msg_id":9,"in_reply_to":3,"type":"RequestVoteRes","term":1,"res":false},"id":29}
DEBUG:root:sending {"dest": "n2", "src": "n3", "body": {"msg_id": 9, "in_reply_to": 4, "type": "RequestVoteRes", "term": 1, "res": false}}
DEBUG:root:received {"dest":"n3","src":"n5","body":{"msg_id":4,"type":"RequestVote","term":1,"prevLogIndex":0,"lastLogTerm":0,"candidateId":"n5"},"id":35}
DEBUG:root:sending {"dest": "n5", "src": "n3", "body": {"msg_id": 10, "in_reply_to": 4, "type": "RequestVoteRes", "term": 1, "res": false}}
DEBUG:root:received {"dest":"n3","src":"n5","body":{"msg_id":7,"in_reply_to":6,"type":"RequestVoteRes","term":1,"res":true},"id":41}
DEBUG:root:received {"dest":"n3","src":"n1","body":{"msg_id":3,"type":"AppendEntries","term":0,"prevIndex":0,"prevTerm":0,"entries":[[["pass",null],0]],"commit":0},"id":47}
DEBUG:root:sending {"dest": "n1", "src": "n3", "body": {"msg_id": 11, "in_reply_to": 3, "type": "AppendEntriesRes", "res": false, "term": 1}}
DEBUG:root:received {"dest":"n3","src":"n1","body":{"msg_id":8,"in_reply_to":2,"type":"RequestVoteRes","term":1,"res":false},"id":53}
DEBUG:root:received {"dest":"n3","src":"n1","body":{"msg_id":10,"type":"AppendEntries","term":1,"prevIndex":-1,"prevTerm":0,"entries":[[["pass",null],0]],"commit":0},"id":58}
DEBUG:root:sending {"dest": "n1", "src": "n3", "body": {"msg_id": 12, "in_reply_to": 10, "type": "AppendEntriesRes", "res": true, "term": 1, "next": 1, "commit": 0}}
DEBUG:root:received {"dest":"n3","src":"n4","body":{"msg_id":14,"type":"AppendEntries","term":1,"prevIndex":0,"prevTerm":0,"entries":[[["pass",null],0]],"commit":0},"id":63}
DEBUG:root:sending {"dest": "n4", "src": "n3", "body": {"msg_id": 13, "in_reply_to": 14, "type": "AppendEntriesRes", "res": true, "term": 1, "next": 1, "commit": 0}}
Exception in thread Thread-1:
Traceback (most recent call last):
  File "/usr/lib/python3.10/threading.py", line 1009, in _bootstrap_inner
    self.run()
  File "/usr/lib/python3.10/threading.py", line 1371, in run
    self.function(*self.args, **self.kwargs)
TypeError: election_checker() missing 2 required positional arguments: 'min_time' and 'max_time'
DEBUG:root:received {"dest":"n3","body":{"key":1,"value":2,"type":"write","msg_id":1},"src":"c14","id":75}
DEBUG:root:sending {"dest": "c14", "src": "n3", "body": {"msg_id": 14, "in_reply_to": 1, "type": "error", "code": 11, "text": "Not Leader"}}
DEBUG:root:received {"dest":"n3","body":{"key":1,"from":4,"to":2,"type":"cas","msg_id":1},"src":"c15","id":77}
DEBUG:root:sending {"dest": "c15", "src": "n3", "body": {"msg_id": 15, "in_reply_to": 1, "type": "error", "code": 11, "text": "Not Leader"}}
