DEBUG:root:received {"dest":"n5","body":{"type":"init","node_id":"n5","node_ids":["n1","n2","n3","n4","n5"],"msg_id":1},"src":"c2","id":2}
INFO:root:node n5 initialized
DEBUG:root:received {"dest":"n5","src":"n2","body":{"msg_id":6,"type":"RequestVote","term":1,"prevLogIndex":0,"lastLogTerm":0,"candidateId":"n2"},"id":11}
DEBUG:root:sending {"dest": "c2", "src": "n5", "body": {"msg_id": 1, "in_reply_to": 1, "type": "init_ok"}}
INFO:root:node
n1
current time
1651673274189108570
node_time
1651673274189091581
dif
16989
True

INFO:root:leader alive, resuming timeout checker

INFO:root:log atual
[(('pass', None), 0)]
prevlog index
0
 last log term
0

DEBUG:root:sending {"dest": "n2", "src": "n5", "body": {"msg_id": 2, "in_reply_to": 6, "type": "RequestVoteRes", "term": 1, "res": true}}
INFO:root:election started and voted vor
n2
at time
1651673274191262843

DEBUG:root:received {"dest":"n5","src":"n2","body":{"msg_id":11,"type":"AppendEntries","term":1,"prevIndex":0,"prevTerm":0,"entries":[],"commit":0},"id":21}
DEBUG:root:sending {"dest": "n2", "src": "n5", "body": {"msg_id": 3, "in_reply_to": 11, "type": "AppendEntriesRes", "res": true, "term": 1, "next": 1, "commit": 0}}
DEBUG:root:received {"dest":"n5","src":"n1","body":{"msg_id":5,"type":"AppendEntries","term":0,"prevIndex":0,"prevTerm":0,"entries":[],"commit":0},"id":29}
DEBUG:root:sending {"dest": "n1", "src": "n5", "body": {"msg_id": 4, "in_reply_to": 5, "type": "AppendEntriesRes", "res": false, "term": 1}}
INFO:root:msg term
0
current term
1
log
[(('pass', None), 0)]
msg entries
[]

DEBUG:root:received {"dest":"n5","src":"n1","body":{"msg_id":10,"type":"AppendEntries","term":1,"prevIndex":-1,"prevTerm":0,"entries":[[["pass",null],0]],"commit":0},"id":40}
INFO:root:commiting command
[['pass', None], 0]

DEBUG:root:sending {"dest": "n1", "src": "n5", "body": {"msg_id": 5, "in_reply_to": 10, "type": "AppendEntriesRes", "res": true, "term": 1, "next": 2, "commit": 0}}
DEBUG:root:received {"dest":"n5","src":"n2","body":{"msg_id":17,"type":"AppendEntries","term":1,"prevIndex":0,"prevTerm":0,"entries":[],"commit":0},"id":47}
DEBUG:root:sending {"dest": "n2", "src": "n5", "body": {"msg_id": 6, "in_reply_to": 17, "type": "AppendEntriesRes", "res": true, "term": 1, "next": 2, "commit": 0}}
DEBUG:root:received {"dest":"n5","src":"n2","body":{"msg_id":21,"type":"AppendEntries","term":1,"prevIndex":1,"prevTerm":0,"entries":[],"commit":0},"id":59}
DEBUG:root:sending {"dest": "n2", "src": "n5", "body": {"msg_id": 7, "in_reply_to": 21, "type": "AppendEntriesRes", "res": true, "term": 1, "next": 2, "commit": 0}}
DEBUG:root:received {"dest":"n5","src":"n4","body":{"msg_id":13,"type":"RequestVote","term":2,"prevLogIndex":1,"lastLogTerm":0,"candidateId":"n4"},"id":68}
INFO:root:log atual
[(('pass', None), 0), [['pass', None], 0]]
prevlog index
1
 last log term
0

DEBUG:root:sending {"dest": "n4", "src": "n5", "body": {"msg_id": 8, "in_reply_to": 13, "type": "RequestVoteRes", "term": 1, "res": false}}
INFO:root:election timeout, starting new election

INFO:root:starting new elections, new term
2
sec, min max hb
0.3359444678396553
0.3333333333333333
0.5

INFO:root:Requesting new Vote

DEBUG:root:sending {"dest": "n1", "src": "n5", "body": {"msg_id": 9, "type": "RequestVote", "term": 2, "prevLogIndex": 1, "lastLogTerm": 0, "candidateId": "n5"}}
DEBUG:root:sending {"dest": "n2", "src": "n5", "body": {"msg_id": 10, "type": "RequestVote", "term": 2, "prevLogIndex": 1, "lastLogTerm": 0, "candidateId": "n5"}}
DEBUG:root:sending {"dest": "n3", "src": "n5", "body": {"msg_id": 11, "type": "RequestVote", "term": 2, "prevLogIndex": 1, "lastLogTerm": 0, "candidateId": "n5"}}
DEBUG:root:sending {"dest": "n4", "src": "n5", "body": {"msg_id": 12, "type": "RequestVote", "term": 2, "prevLogIndex": 1, "lastLogTerm": 0, "candidateId": "n5"}}
DEBUG:root:sending {"dest": "n5", "src": "n5", "body": {"msg_id": 13, "type": "RequestVote", "term": 2, "prevLogIndex": 1, "lastLogTerm": 0, "candidateId": "n5"}}
DEBUG:root:received {"dest":"n5","src":"n1","body":{"msg_id":15,"in_reply_to":9,"type":"RequestVoteRes","term":1,"res":false},"id":77}
INFO:root:Got a response to the vote Request #475

INFO:root:node id:
n5
leader
n1
kvsotr
{}
cur term
2
log 
[(('pass', None), 0), [['pass', None], 0]]
commit indez e last applied
0
0
candidate, votes, voted for
True
0
None
timeout dict
{'n1': 1651673274453324856, 'n2': 1651673274381176704, 'n3': 1651673274189091581, 'n4': 1651673274439451027, 'n5': 1651673274189091581}
curr time
1651673274453624417

INFO:root:resposta
False
majority
3

DEBUG:root:received {"dest":"n5","src":"n5","body":{"msg_id":13,"type":"RequestVote","term":2,"prevLogIndex":1,"lastLogTerm":0,"candidateId":"n5"},"id":83}
DEBUG:root:received {"dest":"n5","src":"n2","body":{"msg_id":26,"type":"AppendEntries","term":2,"prevIndex":1,"prevTerm":0,"entries":[],"commit":0},"id":87}
DEBUG:root:received {"dest":"n5","src":"n3","body":{"msg_id":14,"type":"RequestVote","term":2,"prevLogIndex":1,"lastLogTerm":0,"candidateId":"n3"},"id":88}
DEBUG:root:received {"dest":"n5","src":"n2","body":{"msg_id":27,"in_reply_to":10,"type":"RequestVoteRes","term":2,"res":false},"id":89}
INFO:root:voting for myself
n5
at time
1651673274460420346
nr votes
0

DEBUG:root:sending {"dest": "n5", "src": "n5", "body": {"msg_id": 14, "in_reply_to": 13, "type": "RequestVoteRes", "term": 2, "res": true}}
DEBUG:root:sending {"dest": "n2", "src": "n5", "body": {"msg_id": 15, "in_reply_to": 26, "type": "AppendEntriesRes", "res": true, "term": 2, "next": 2, "commit": 0}}
INFO:root:log atual
[(('pass', None), 0), [['pass', None], 0]]
prevlog index
1
 last log term
0

DEBUG:root:sending {"dest": "n3", "src": "n5", "body": {"msg_id": 16, "in_reply_to": 14, "type": "RequestVoteRes", "term": 2, "res": false}}
INFO:root:Got a response to the vote Request #475

INFO:root:node id:
n5
leader
n1
kvsotr
{}
cur term
2
log 
[(('pass', None), 0), [['pass', None], 0]]
commit indez e last applied
0
0
candidate, votes, voted for
True
0
n5
timeout dict
{'n1': 1651673274453324856, 'n2': 1651673274461977558, 'n3': 1651673274461408468, 'n4': 1651673274439451027, 'n5': 1651673274460410969}
curr time
1651673274462152989

INFO:root:resposta
False
majority
3

DEBUG:root:received {"dest":"n5","src":"n3","body":{"msg_id":15,"in_reply_to":11,"type":"RequestVoteRes","term":2,"res":true},"id":90}
DEBUG:root:received {"dest":"n5","src":"n5","body":{"msg_id":14,"in_reply_to":13,"type":"RequestVoteRes","term":2,"res":true},"id":91}
INFO:root:Got a response to the vote Request #475

INFO:root:node id:
n5
leader
n1
kvsotr
{}
cur term
2
log 
[(('pass', None), 0), [['pass', None], 0]]
commit indez e last applied
0
0
candidate, votes, voted for
True
0
n5
timeout dict
{'n1': 1651673274453324856, 'n2': 1651673274461977558, 'n3': 1651673274471576101, 'n4': 1651673274439451027, 'n5': 1651673274460410969}
curr time
1651673274472231693

INFO:root:resposta
True
majority
3

INFO:root:antes  #487
0

INFO:root:depois  #489
1

INFO:root:Got a response to the vote Request #475

INFO:root:node id:
n5
leader
n1
kvsotr
{}
cur term
2
log 
[(('pass', None), 0), [['pass', None], 0]]
commit indez e last applied
0
0
candidate, votes, voted for
True
1
n5
timeout dict
{'n1': 1651673274453324856, 'n2': 1651673274461977558, 'n3': 1651673274471576101, 'n4': 1651673274439451027, 'n5': 1651673274473041869}
curr time
1651673274473199820

INFO:root:resposta
True
majority
3

INFO:root:antes  #487
1

INFO:root:depois  #489
2

DEBUG:root:received {"dest":"n5","src":"n4","body":{"msg_id":15,"in_reply_to":12,"type":"RequestVoteRes","term":2,"res":false},"id":97}
INFO:root:Got a response to the vote Request #475

INFO:root:node id:
n5
leader
n1
kvsotr
{}
cur term
2
log 
[(('pass', None), 0), [['pass', None], 0]]
commit indez e last applied
0
0
candidate, votes, voted for
True
2
n5
timeout dict
{'n1': 1651673274453324856, 'n2': 1651673274461977558, 'n3': 1651673274471576101, 'n4': 1651673274474212656, 'n5': 1651673274473041869}
curr time
1651673274474409793

INFO:root:resposta
False
majority
3

DEBUG:root:received {"dest":"n5","src":"n2","body":{"msg_id":32,"type":"AppendEntries","term":2,"prevIndex":1,"prevTerm":0,"entries":[],"commit":0},"id":105}
DEBUG:root:sending {"dest": "n2", "src": "n5", "body": {"msg_id": 17, "in_reply_to": 32, "type": "AppendEntriesRes", "res": true, "term": 2, "next": 2, "commit": 0}}
DEBUG:root:received {"dest":"n5","src":"n2","body":{"msg_id":36,"type":"AppendEntries","term":2,"prevIndex":1,"prevTerm":0,"entries":[],"commit":0},"id":113}
DEBUG:root:sending {"dest": "n2", "src": "n5", "body": {"msg_id": 18, "in_reply_to": 36, "type": "AppendEntriesRes", "res": true, "term": 2, "next": 2, "commit": 0}}
DEBUG:root:received {"dest":"n5","src":"n4","body":{"msg_id":24,"type":"RequestVote","term":3,"prevLogIndex":1,"lastLogTerm":0,"candidateId":"n4"},"id":123}
INFO:root:log atual
[(('pass', None), 0), [['pass', None], 0]]
prevlog index
1
 last log term
0

DEBUG:root:sending {"dest": "n4", "src": "n5", "body": {"msg_id": 19, "in_reply_to": 24, "type": "RequestVoteRes", "term": 2, "res": false}}
DEBUG:root:received {"dest":"n5","src":"n2","body":{"msg_id":42,"type":"RequestVote","term":4,"prevLogIndex":1,"lastLogTerm":0,"candidateId":"n2"},"id":133}
INFO:root:log atual
[(('pass', None), 0), [['pass', None], 0]]
prevlog index
1
 last log term
0

DEBUG:root:sending {"dest": "n2", "src": "n5", "body": {"msg_id": 20, "in_reply_to": 42, "type": "RequestVoteRes", "term": 2, "res": false}}
DEBUG:root:received {"dest":"n5","src":"n4","body":{"msg_id":29,"type":"AppendEntries","term":3,"prevIndex":1,"prevTerm":0,"entries":[],"commit":0},"id":140}
INFO:root:vote ended, new leader is
n1

INFO:root:there is a new leader

INFO:root:node id:
n5
leader
n4
kvsotr
{}
cur term
2
log 
[(('pass', None), 0), [['pass', None], 0]]
commit indez e last applied
0
0
candidate, votes, voted for
False
None
None
timeout dict
{'n1': 1651673274453324856, 'n2': 1651673274696322618, 'n3': 1651673274471576101, 'n4': 1651673274705685714, 'n5': 1651673274473041869}
curr time
1651673274706179855

DEBUG:root:sending {"dest": "n4", "src": "n5", "body": {"msg_id": 21, "in_reply_to": 29, "type": "AppendEntriesRes", "res": true, "term": 3, "next": 2, "commit": 0}}
DEBUG:root:received {"dest":"n5","src":"n2","body":{"msg_id":47,"type":"AppendEntries","term":4,"prevIndex":1,"prevTerm":0,"entries":[],"commit":0},"id":149}
INFO:root:election ended

INFO:root:vote ended, new leader is
n4

INFO:root:there is a new leader

INFO:root:node id:
n5
leader
n2
kvsotr
{}
cur term
3
log 
[(('pass', None), 0), [['pass', None], 0]]
commit indez e last applied
0
0
candidate, votes, voted for
False
None
None
timeout dict
{'n1': 1651673274453324856, 'n2': 1651673274713890772, 'n3': 1651673274471576101, 'n4': 1651673274705685714, 'n5': 1651673274473041869}
curr time
1651673274714355811

DEBUG:root:sending {"dest": "n2", "src": "n5", "body": {"msg_id": 22, "in_reply_to": 47, "type": "AppendEntriesRes", "res": true, "term": 4, "next": 2, "commit": 0}}
DEBUG:root:received {"dest":"n5","src":"n2","body":{"msg_id":53,"type":"AppendEntries","term":4,"prevIndex":1,"prevTerm":0,"entries":[],"commit":0},"id":163}
DEBUG:root:sending {"dest": "n2", "src": "n5", "body": {"msg_id": 23, "in_reply_to": 53, "type": "AppendEntriesRes", "res": true, "term": 4, "next": 2, "commit": 0}}
DEBUG:root:received {"dest":"n5","src":"n4","body":{"msg_id":37,"type":"AppendEntries","term":4,"entries":[[["write",[1,4]],4]],"prevIndex":1,"prevTerm":0,"commit":0},"id":171}
INFO:root:commiting command
[['write', [1, 4]], 4]

DEBUG:root:sending {"dest": "n4", "src": "n5", "body": {"msg_id": 24, "in_reply_to": 37, "type": "AppendEntriesRes", "res": true, "term": 4, "next": 3, "commit": 0}}
DEBUG:root:received {"dest":"n5","src":"n2","body":{"msg_id":57,"type":"AppendEntries","term":4,"prevIndex":1,"prevTerm":0,"entries":[],"commit":0},"id":177}
DEBUG:root:sending {"dest": "n2", "src": "n5", "body": {"msg_id": 25, "in_reply_to": 57, "type": "AppendEntriesRes", "res": true, "term": 4, "next": 3, "commit": 0}}
DEBUG:root:received {"dest":"n5","src":"n4","body":{"msg_id":43,"type":"RequestVote","term":5,"prevLogIndex":2,"lastLogTerm":4,"candidateId":"n4"},"id":186}
INFO:root:log atual
[(('pass', None), 0), [['pass', None], 0], [['write', [1, 4]], 4]]
prevlog index
2
 last log term
4

DEBUG:root:sending {"dest": "n4", "src": "n5", "body": {"msg_id": 26, "in_reply_to": 43, "type": "RequestVoteRes", "term": 5, "res": true}}
INFO:root:election started and voted vor
n4
at time
1651673274941462990

DEBUG:root:received {"dest":"n5","src":"n1","body":{"msg_id":32,"type":"RequestVote","term":6,"prevLogIndex":0,"lastLogTerm":0,"candidateId":"n1"},"id":199}
DEBUG:root:received {"dest":"n5","src":"n2","body":{"msg_id":63,"type":"RequestVote","term":5,"prevLogIndex":2,"lastLogTerm":0,"candidateId":"n2"},"id":201}
INFO:root:log atual
[(('pass', None), 0), [['pass', None], 0], [['write', [1, 4]], 4]]
prevlog index
0
 last log term
0

DEBUG:root:sending {"dest": "n1", "src": "n5", "body": {"msg_id": 27, "in_reply_to": 32, "type": "RequestVoteRes", "term": 5, "res": false}}
INFO:root:log atual
[(('pass', None), 0), [['pass', None], 0], [['write', [1, 4]], 4]]
prevlog index
2
 last log term
0

DEBUG:root:sending {"dest": "n2", "src": "n5", "body": {"msg_id": 28, "in_reply_to": 63, "type": "RequestVoteRes", "term": 5, "res": false}}
DEBUG:root:received {"dest":"n5","src":"n2","body":{"msg_id":68,"type":"RequestVote","term":6,"prevLogIndex":2,"lastLogTerm":0,"candidateId":"n2"},"id":206}
INFO:root:log atual
[(('pass', None), 0), [['pass', None], 0], [['write', [1, 4]], 4]]
prevlog index
2
 last log term
0

DEBUG:root:sending {"dest": "n2", "src": "n5", "body": {"msg_id": 29, "in_reply_to": 68, "type": "RequestVoteRes", "term": 5, "res": false}}
DEBUG:root:received {"dest":"n5","src":"n4","body":{"msg_id":48,"type":"AppendEntries","term":5,"prevIndex":2,"prevTerm":4,"entries":[],"commit":0},"id":219}
DEBUG:root:sending {"dest": "n4", "src": "n5", "body": {"msg_id": 30, "in_reply_to": 48, "type": "AppendEntriesRes", "res": true, "term": 5, "next": 3, "commit": 0}}
DEBUG:root:received {"dest":"n5","src":"n2","body":{"msg_id":75,"type":"AppendEntries","term":6,"prevIndex":2,"prevTerm":0,"entries":[],"commit":0},"id":234}
DEBUG:root:sending {"dest": "n2", "src": "n5", "body": {"msg_id": 31, "in_reply_to": 75, "type": "AppendEntriesRes", "res": false, "term": 5}}
DEBUG:root:received {"dest":"n5","src":"n2","body":{"msg_id":79,"type":"AppendEntries","term":6,"prevIndex":1,"prevTerm":0,"entries":[[["pass",null],0]],"commit":0},"id":240}
INFO:root:vote ended, new leader is
n2

INFO:root:there is a new leader

INFO:root:node id:
n5
leader
n2
kvsotr
{}
cur term
5
log 
[(('pass', None), 0), [['pass', None], 0], [['write', [1, 4]], 4]]
commit indez e last applied
0
0
candidate, votes, voted for
False
None
None
timeout dict
{'n1': 1651673274949304785, 'n2': 1651673274985184781, 'n3': 1651673274471576101, 'n4': 1651673274963715726, 'n5': 1651673274473041869}
curr time
1651673274985591627

INFO:root:commiting command
[['pass', None], 0]

DEBUG:root:sending {"dest": "n2", "src": "n5", "body": {"msg_id": 32, "in_reply_to": 79, "type": "AppendEntriesRes", "res": true, "term": 6, "next": 4, "commit": 0}}
DEBUG:root:received {"dest":"n5","body":{"key":1,"value":3,"type":"write","msg_id":1},"src":"c15","id":248}
DEBUG:root:sending {"dest": "c15", "src": "n5", "body": {"msg_id": 33, "in_reply_to": 1, "type": "error", "code": 11, "text": "Not Leader"}}
INFO:root:election ended

DEBUG:root:received {"dest":"n5","src":"n1","body":{"msg_id":43,"type":"RequestVote","term":7,"prevLogIndex":0,"lastLogTerm":0,"candidateId":"n1"},"id":254}
INFO:root:log atual
[(('pass', None), 0), [['pass', None], 0], [['write', [1, 4]], 4], [['pass', None], 0]]
prevlog index
0
 last log term
0

DEBUG:root:sending {"dest": "n1", "src": "n5", "body": {"msg_id": 34, "in_reply_to": 43, "type": "RequestVoteRes", "term": 6, "res": false}}
DEBUG:root:received {"dest":"n5","src":"n1","body":{"msg_id":49,"type":"RequestVote","term":8,"prevLogIndex":0,"lastLogTerm":0,"candidateId":"n1"},"id":265}
INFO:root:log atual
[(('pass', None), 0), [['pass', None], 0], [['write', [1, 4]], 4], [['pass', None], 0]]
prevlog index
0
 last log term
0

DEBUG:root:sending {"dest": "n1", "src": "n5", "body": {"msg_id": 35, "in_reply_to": 49, "type": "RequestVoteRes", "term": 6, "res": false}}
DEBUG:root:received {"dest":"n5","src":"n2","body":{"msg_id":87,"type":"RequestVote","term":7,"prevLogIndex":2,"lastLogTerm":0,"candidateId":"n2"},"id":273}
INFO:root:log atual
[(('pass', None), 0), [['pass', None], 0], [['write', [1, 4]], 4], [['pass', None], 0]]
prevlog index
2
 last log term
0

DEBUG:root:sending {"dest": "n2", "src": "n5", "body": {"msg_id": 36, "in_reply_to": 87, "type": "RequestVoteRes", "term": 6, "res": false}}
INFO:root:node
n2
current time
1651673275216760877
node_time
1651673274473041869
dif
743719008
False

INFO:root:leader alive, resuming timeout checker

DEBUG:root:received {"dest":"n5","src":"n2","body":{"msg_id":93,"type":"RequestVote","term":8,"prevLogIndex":2,"lastLogTerm":0,"candidateId":"n2"},"id":286}
INFO:root:log atual
[(('pass', None), 0), [['pass', None], 0], [['write', [1, 4]], 4], [['pass', None], 0]]
prevlog index
2
 last log term
0

DEBUG:root:sending {"dest": "n2", "src": "n5", "body": {"msg_id": 37, "in_reply_to": 93, "type": "RequestVoteRes", "term": 6, "res": false}}
DEBUG:root:received {"dest":"n5","src":"n1","body":{"msg_id":58,"type":"RequestVote","term":9,"prevLogIndex":0,"lastLogTerm":0,"candidateId":"n1"},"id":298}
INFO:root:log atual
[(('pass', None), 0), [['pass', None], 0], [['write', [1, 4]], 4], [['pass', None], 0]]
prevlog index
0
 last log term
0

DEBUG:root:sending {"dest": "n1", "src": "n5", "body": {"msg_id": 38, "in_reply_to": 58, "type": "RequestVoteRes", "term": 6, "res": false}}
DEBUG:root:received {"dest":"n5","src":"n1","body":{"msg_id":64,"type":"RequestVote","term":10,"prevLogIndex":0,"lastLogTerm":0,"candidateId":"n1"},"id":308}
INFO:root:log atual
[(('pass', None), 0), [['pass', None], 0], [['write', [1, 4]], 4], [['pass', None], 0]]
prevlog index
0
 last log term
0

DEBUG:root:sending {"dest": "n1", "src": "n5", "body": {"msg_id": 39, "in_reply_to": 64, "type": "RequestVoteRes", "term": 6, "res": false}}
DEBUG:root:received {"dest":"n5","src":"n2","body":{"msg_id":101,"type":"RequestVote","term":9,"prevLogIndex":2,"lastLogTerm":0,"candidateId":"n2"},"id":318}
INFO:root:log atual
[(('pass', None), 0), [['pass', None], 0], [['write', [1, 4]], 4], [['pass', None], 0]]
prevlog index
2
 last log term
0

DEBUG:root:sending {"dest": "n2", "src": "n5", "body": {"msg_id": 40, "in_reply_to": 101, "type": "RequestVoteRes", "term": 6, "res": false}}
DEBUG:root:received {"dest":"n5","src":"n2","body":{"msg_id":107,"type":"RequestVote","term":10,"prevLogIndex":2,"lastLogTerm":0,"candidateId":"n2"},"id":328}
INFO:root:log atual
[(('pass', None), 0), [['pass', None], 0], [['write', [1, 4]], 4], [['pass', None], 0]]
prevlog index
2
 last log term
0

DEBUG:root:sending {"dest": "n2", "src": "n5", "body": {"msg_id": 41, "in_reply_to": 107, "type": "RequestVoteRes", "term": 6, "res": false}}
DEBUG:root:received {"dest":"n5","src":"n4","body":{"msg_id":66,"type":"RequestVote","term":7,"prevLogIndex":3,"lastLogTerm":0,"candidateId":"n4"},"id":340}
INFO:root:log atual
[(('pass', None), 0), [['pass', None], 0], [['write', [1, 4]], 4], [['pass', None], 0]]
prevlog index
3
 last log term
0

DEBUG:root:sending {"dest": "n4", "src": "n5", "body": {"msg_id": 42, "in_reply_to": 66, "type": "RequestVoteRes", "term": 7, "res": true}}
INFO:root:election started and voted vor
n4
at time
1651673275694295593

INFO:root:node
n2
current time
1651673275695066850
node_time
1651673274473041869
dif
1222024981
False

INFO:root:leader alive, resuming timeout checker

DEBUG:root:received {"dest":"n5","src":"n1","body":{"msg_id":73,"type":"RequestVote","term":11,"prevLogIndex":0,"lastLogTerm":0,"candidateId":"n1"},"id":352}
INFO:root:log atual
[(('pass', None), 0), [['pass', None], 0], [['write', [1, 4]], 4], [['pass', None], 0]]
prevlog index
0
 last log term
0

DEBUG:root:sending {"dest": "n1", "src": "n5", "body": {"msg_id": 43, "in_reply_to": 73, "type": "RequestVoteRes", "term": 7, "res": false}}
DEBUG:root:received {"dest":"n5","src":"n4","body":{"msg_id":71,"type":"AppendEntries","term":7,"prevIndex":3,"prevTerm":0,"entries":[],"commit":0},"id":360}
DEBUG:root:sending {"dest": "n4", "src": "n5", "body": {"msg_id": 44, "in_reply_to": 71, "type": "AppendEntriesRes", "res": true, "term": 7, "next": 4, "commit": 0}}
DEBUG:root:received {"dest":"n5","src":"n1","body":{"msg_id":79,"type":"RequestVote","term":12,"prevLogIndex":0,"lastLogTerm":0,"candidateId":"n1"},"id":367}
INFO:root:log atual
[(('pass', None), 0), [['pass', None], 0], [['write', [1, 4]], 4], [['pass', None], 0]]
prevlog index
0
 last log term
0

DEBUG:root:sending {"dest": "n1", "src": "n5", "body": {"msg_id": 45, "in_reply_to": 79, "type": "RequestVoteRes", "term": 7, "res": false}}
DEBUG:root:received {"dest":"n5","src":"n2","body":{"msg_id":117,"type":"RequestVote","term":11,"prevLogIndex":2,"lastLogTerm":0,"candidateId":"n2"},"id":379}
INFO:root:log atual
[(('pass', None), 0), [['pass', None], 0], [['write', [1, 4]], 4], [['pass', None], 0]]
prevlog index
2
 last log term
0

DEBUG:root:sending {"dest": "n2", "src": "n5", "body": {"msg_id": 46, "in_reply_to": 117, "type": "RequestVoteRes", "term": 7, "res": false}}
DEBUG:root:received {"dest":"n5","src":"n2","body":{"msg_id":123,"type":"RequestVote","term":12,"prevLogIndex":2,"lastLogTerm":0,"candidateId":"n2"},"id":391}
INFO:root:log atual
[(('pass', None), 0), [['pass', None], 0], [['write', [1, 4]], 4], [['pass', None], 0]]
prevlog index
2
 last log term
0

DEBUG:root:sending {"dest": "n2", "src": "n5", "body": {"msg_id": 47, "in_reply_to": 123, "type": "RequestVoteRes", "term": 7, "res": false}}
DEBUG:root:received {"dest":"n5","src":"n4","body":{"msg_id":79,"type":"AppendEntries","term":7,"prevIndex":3,"prevTerm":0,"entries":[],"commit":0},"id":399}
DEBUG:root:sending {"dest": "n4", "src": "n5", "body": {"msg_id": 48, "in_reply_to": 79, "type": "AppendEntriesRes", "res": true, "term": 7, "next": 4, "commit": 0}}
DEBUG:root:received {"dest":"n5","src":"n4","body":{"msg_id":83,"type":"AppendEntries","term":7,"prevIndex":3,"prevTerm":0,"entries":[],"commit":0},"id":407}
DEBUG:root:sending {"dest": "n4", "src": "n5", "body": {"msg_id": 49, "in_reply_to": 83, "type": "AppendEntriesRes", "res": true, "term": 7, "next": 4, "commit": 0}}
INFO:root:election timeout, starting new election

INFO:root:starting new elections, new term
8
sec, min max hb
0.3440390725573556
0.3333333333333333
0.5

INFO:root:Requesting new Vote

DEBUG:root:sending {"dest": "n1", "src": "n5", "body": {"msg_id": 50, "type": "RequestVote", "term": 8, "prevLogIndex": 3, "lastLogTerm": 0, "candidateId": "n5"}}
DEBUG:root:sending {"dest": "n2", "src": "n5", "body": {"msg_id": 51, "type": "RequestVote", "term": 8, "prevLogIndex": 3, "lastLogTerm": 0, "candidateId": "n5"}}
DEBUG:root:sending {"dest": "n3", "src": "n5", "body": {"msg_id": 52, "type": "RequestVote", "term": 8, "prevLogIndex": 3, "lastLogTerm": 0, "candidateId": "n5"}}
DEBUG:root:sending {"dest": "n4", "src": "n5", "body": {"msg_id": 53, "type": "RequestVote", "term": 8, "prevLogIndex": 3, "lastLogTerm": 0, "candidateId": "n5"}}
DEBUG:root:sending {"dest": "n5", "src": "n5", "body": {"msg_id": 54, "type": "RequestVote", "term": 8, "prevLogIndex": 3, "lastLogTerm": 0, "candidateId": "n5"}}
DEBUG:root:received {"dest":"n5","src":"n1","body":{"msg_id":90,"type":"RequestVote","term":13,"prevLogIndex":0,"lastLogTerm":0,"candidateId":"n1"},"id":420}
DEBUG:root:received {"dest":"n5","src":"n3","body":{"msg_id":58,"type":"RequestVote","term":8,"prevLogIndex":3,"lastLogTerm":0,"candidateId":"n3"},"id":422}
DEBUG:root:received {"dest":"n5","src":"n5","body":{"msg_id":54,"type":"RequestVote","term":8,"prevLogIndex":3,"lastLogTerm":0,"candidateId":"n5"},"id":426}
INFO:root:log atual
[(('pass', None), 0), [['pass', None], 0], [['write', [1, 4]], 4], [['pass', None], 0]]
prevlog index
0
 last log term
0

DEBUG:root:sending {"dest": "n1", "src": "n5", "body": {"msg_id": 55, "in_reply_to": 90, "type": "RequestVoteRes", "term": 8, "res": false}}
INFO:root:log atual
[(('pass', None), 0), [['pass', None], 0], [['write', [1, 4]], 4], [['pass', None], 0]]
prevlog index
3
 last log term
0

DEBUG:root:sending {"dest": "n3", "src": "n5", "body": {"msg_id": 56, "in_reply_to": 58, "type": "RequestVoteRes", "term": 8, "res": true}}
INFO:root:election started and voted vor
n3
at time
1651673275956850018

DEBUG:root:received {"dest":"n5","src":"n2","body":{"msg_id":129,"in_reply_to":51,"type":"RequestVoteRes","term":12,"res":false},"id":434}
DEBUG:root:received {"dest":"n5","src":"n4","body":{"msg_id":89,"type":"AppendEntries","term":8,"prevIndex":3,"prevTerm":0,"entries":[],"commit":0},"id":441}
DEBUG:root:received {"dest":"n5","src":"n1","body":{"msg_id":93,"in_reply_to":50,"type":"RequestVoteRes","term":13,"res":false},"id":442}
DEBUG:root:received {"dest":"n5","src":"n4","body":{"msg_id":90,"in_reply_to":53,"type":"RequestVoteRes","term":8,"res":false},"id":444}
INFO:root:voting for myself
n5
at time
1651673275963107402
nr votes
0

DEBUG:root:sending {"dest": "n5", "src": "n5", "body": {"msg_id": 57, "in_reply_to": 54, "type": "RequestVoteRes", "term": 8, "res": true}}
INFO:root:Got a response to the vote Request #475

INFO:root:node id:
n5
leader
n2
kvsotr
{}
cur term
8
log 
[(('pass', None), 0), [['pass', None], 0], [['write', [1, 4]], 4], [['pass', None], 0]]
commit indez e last applied
0
0
candidate, votes, voted for
True
0
n5
timeout dict
{'n1': 1651673275955582813, 'n2': 1651673275963772670, 'n3': 1651673275956309621, 'n4': 1651673275869377095, 'n5': 1651673275963096202}
curr time
1651673275963929921

INFO:root:resposta
False
majority
3

DEBUG:root:sending {"dest": "n4", "src": "n5", "body": {"msg_id": 58, "in_reply_to": 89, "type": "AppendEntriesRes", "res": true, "term": 8, "next": 4, "commit": 0}}
INFO:root:Got a response to the vote Request #475

INFO:root:node id:
n5
leader
n2
kvsotr
{}
cur term
8
log 
[(('pass', None), 0), [['pass', None], 0], [['write', [1, 4]], 4], [['pass', None], 0]]
commit indez e last applied
0
0
candidate, votes, voted for
True
0
n5
timeout dict
{'n1': 1651673275964740550, 'n2': 1651673275963772670, 'n3': 1651673275956309621, 'n4': 1651673275964371005, 'n5': 1651673275963096202}
curr time
1651673275964895006

INFO:root:resposta
False
majority
3

INFO:root:Got a response to the vote Request #475

INFO:root:node id:
n5
leader
n2
kvsotr
{}
cur term
8
log 
[(('pass', None), 0), [['pass', None], 0], [['write', [1, 4]], 4], [['pass', None], 0]]
commit indez e last applied
0
0
candidate, votes, voted for
True
0
n5
timeout dict
{'n1': 1651673275964740550, 'n2': 1651673275963772670, 'n3': 1651673275956309621, 'n4': 1651673275968867992, 'n5': 1651673275963096202}
curr time
1651673275969138731

INFO:root:resposta
False
majority
3

DEBUG:root:received {"dest":"n5","src":"n3","body":{"msg_id":61,"in_reply_to":52,"type":"RequestVoteRes","term":8,"res":false},"id":449}
DEBUG:root:received {"dest":"n5","src":"n5","body":{"msg_id":57,"in_reply_to":54,"type":"RequestVoteRes","term":8,"res":true},"id":451}
INFO:root:Got a response to the vote Request #475

INFO:root:node id:
n5
leader
n2
kvsotr
{}
cur term
8
log 
[(('pass', None), 0), [['pass', None], 0], [['write', [1, 4]], 4], [['pass', None], 0]]
commit indez e last applied
0
0
candidate, votes, voted for
True
0
n5
timeout dict
{'n1': 1651673275964740550, 'n2': 1651673275963772670, 'n3': 1651673275970636184, 'n4': 1651673275968867992, 'n5': 1651673275963096202}
curr time
1651673275970852460

INFO:root:resposta
False
majority
3

INFO:root:Got a response to the vote Request #475

INFO:root:node id:
n5
leader
n2
kvsotr
{}
cur term
8
log 
[(('pass', None), 0), [['pass', None], 0], [['write', [1, 4]], 4], [['pass', None], 0]]
commit indez e last applied
0
0
candidate, votes, voted for
True
0
n5
timeout dict
{'n1': 1651673275964740550, 'n2': 1651673275963772670, 'n3': 1651673275970636184, 'n4': 1651673275968867992, 'n5': 1651673275971428930}
curr time
1651673275971615034

INFO:root:resposta
True
majority
3

INFO:root:antes  #487
0

INFO:root:depois  #489
1

DEBUG:root:received {"dest":"n5","src":"n3","body":{"msg_id":65,"type":"AppendEntries","term":8,"prevIndex":3,"prevTerm":0,"entries":[],"commit":0},"id":457}
DEBUG:root:received {"dest":"n5","src":"n1","body":{"msg_id":101,"type":"RequestVote","term":14,"prevLogIndex":0,"lastLogTerm":0,"candidateId":"n1"},"id":460}
DEBUG:root:sending {"dest": "n3", "src": "n5", "body": {"msg_id": 59, "in_reply_to": 65, "type": "AppendEntriesRes", "res": true, "term": 8, "next": 4, "commit": 0}}
INFO:root:log atual
[(('pass', None), 0), [['pass', None], 0], [['write', [1, 4]], 4], [['pass', None], 0]]
prevlog index
0
 last log term
0

DEBUG:root:sending {"dest": "n1", "src": "n5", "body": {"msg_id": 60, "in_reply_to": 101, "type": "RequestVoteRes", "term": 8, "res": false}}
DEBUG:root:received {"dest":"n5","src":"n2","body":{"msg_id":135,"type":"RequestVote","term":13,"prevLogIndex":2,"lastLogTerm":0,"candidateId":"n2"},"id":470}
DEBUG:root:received {"dest":"n5","src":"n2","body":{"msg_id":142,"type":"RequestVote","term":14,"prevLogIndex":2,"lastLogTerm":0,"candidateId":"n2"},"id":477}
INFO:root:log atual
[(('pass', None), 0), [['pass', None], 0], [['write', [1, 4]], 4], [['pass', None], 0]]
prevlog index
2
 last log term
0

DEBUG:root:sending {"dest": "n2", "src": "n5", "body": {"msg_id": 61, "in_reply_to": 135, "type": "RequestVoteRes", "term": 8, "res": false}}
INFO:root:log atual
[(('pass', None), 0), [['pass', None], 0], [['write', [1, 4]], 4], [['pass', None], 0]]
prevlog index
2
 last log term
0

DEBUG:root:sending {"dest": "n2", "src": "n5", "body": {"msg_id": 62, "in_reply_to": 142, "type": "RequestVoteRes", "term": 8, "res": false}}
DEBUG:root:received {"dest":"n5","src":"n4","body":{"msg_id":98,"type":"AppendEntries","term":8,"prevIndex":3,"prevTerm":0,"entries":[],"commit":0},"id":493}
DEBUG:root:sending {"dest": "n4", "src": "n5", "body": {"msg_id": 63, "in_reply_to": 98, "type": "AppendEntriesRes", "res": true, "term": 8, "next": 4, "commit": 0}}
DEBUG:root:received {"dest":"n5","src":"n3","body":{"msg_id":74,"type":"AppendEntries","term":8,"prevIndex":3,"prevTerm":0,"entries":[],"commit":0},"id":500}
DEBUG:root:sending {"dest": "n3", "src": "n5", "body": {"msg_id": 64, "in_reply_to": 74, "type": "AppendEntriesRes", "res": true, "term": 8, "next": 4, "commit": 0}}
DEBUG:root:received {"dest":"n5","src":"n4","body":{"msg_id":103,"type":"AppendEntries","term":8,"prevIndex":3,"prevTerm":0,"entries":[],"commit":0},"id":509}
DEBUG:root:sending {"dest": "n4", "src": "n5", "body": {"msg_id": 65, "in_reply_to": 103, "type": "AppendEntriesRes", "res": true, "term": 8, "next": 4, "commit": 0}}
DEBUG:root:received {"dest":"n5","src":"n3","body":{"msg_id":79,"type":"AppendEntries","term":8,"prevIndex":3,"prevTerm":0,"entries":[],"commit":0},"id":514}
DEBUG:root:sending {"dest": "n3", "src": "n5", "body": {"msg_id": 66, "in_reply_to": 79, "type": "AppendEntriesRes", "res": true, "term": 8, "next": 4, "commit": 0}}
INFO:root:election timeout, starting new election

INFO:root:starting new elections, new term
9
sec, min max hb
0.4569566995931023
0.3333333333333333
0.5

INFO:root:Requesting new Vote

DEBUG:root:sending {"dest": "n1", "src": "n5", "body": {"msg_id": 67, "type": "RequestVote", "term": 9, "prevLogIndex": 3, "lastLogTerm": 0, "candidateId": "n5"}}
DEBUG:root:sending {"dest": "n2", "src": "n5", "body": {"msg_id": 68, "type": "RequestVote", "term": 9, "prevLogIndex": 3, "lastLogTerm": 0, "candidateId": "n5"}}
DEBUG:root:sending {"dest": "n3", "src": "n5", "body": {"msg_id": 69, "type": "RequestVote", "term": 9, "prevLogIndex": 3, "lastLogTerm": 0, "candidateId": "n5"}}
DEBUG:root:sending {"dest": "n4", "src": "n5", "body": {"msg_id": 70, "type": "RequestVote", "term": 9, "prevLogIndex": 3, "lastLogTerm": 0, "candidateId": "n5"}}
DEBUG:root:sending {"dest": "n5", "src": "n5", "body": {"msg_id": 71, "type": "RequestVote", "term": 9, "prevLogIndex": 3, "lastLogTerm": 0, "candidateId": "n5"}}
DEBUG:root:received {"dest":"n5","src":"n5","body":{"msg_id":71,"type":"RequestVote","term":9,"prevLogIndex":3,"lastLogTerm":0,"candidateId":"n5"},"id":522}
DEBUG:root:received {"dest":"n5","src":"n3","body":{"msg_id":80,"in_reply_to":69,"type":"RequestVoteRes","term":9,"res":true},"id":523}
DEBUG:root:received {"dest":"n5","src":"n2","body":{"msg_id":150,"in_reply_to":68,"type":"RequestVoteRes","term":14,"res":false},"id":524}
DEBUG:root:received {"dest":"n5","src":"n4","body":{"msg_id":105,"in_reply_to":70,"type":"RequestVoteRes","term":8,"res":false},"id":525}
INFO:root:election timeout, starting new election

INFO:root:starting new elections, new term
10
sec, min max hb
0.42316954565561515
0.3333333333333333
0.5

INFO:root:Requesting new Vote

DEBUG:root:sending {"dest": "n1", "src": "n5", "body": {"msg_id": 72, "type": "RequestVote", "term": 10, "prevLogIndex": 3, "lastLogTerm": 0, "candidateId": "n5"}}
DEBUG:root:sending {"dest": "n2", "src": "n5", "body": {"msg_id": 73, "type": "RequestVote", "term": 10, "prevLogIndex": 3, "lastLogTerm": 0, "candidateId": "n5"}}
DEBUG:root:sending {"dest": "n3", "src": "n5", "body": {"msg_id": 74, "type": "RequestVote", "term": 10, "prevLogIndex": 3, "lastLogTerm": 0, "candidateId": "n5"}}
DEBUG:root:sending {"dest": "n4", "src": "n5", "body": {"msg_id": 75, "type": "RequestVote", "term": 10, "prevLogIndex": 3, "lastLogTerm": 0, "candidateId": "n5"}}
DEBUG:root:sending {"dest": "n5", "src": "n5", "body": {"msg_id": 76, "type": "RequestVote", "term": 10, "prevLogIndex": 3, "lastLogTerm": 0, "candidateId": "n5"}}
DEBUG:root:sending {"dest": "n5", "src": "n5", "body": {"msg_id": 77, "in_reply_to": 71, "type": "RequestVoteRes", "term": 10, "res": false}}
INFO:root:Bad election request, term is not up to date
None
at time
1651673276221699161

INFO:root:Got a response to the vote Request #475

INFO:root:node id:
n5
leader
n2
kvsotr
{}
cur term
10
log 
[(('pass', None), 0), [['pass', None], 0], [['write', [1, 4]], 4], [['pass', None], 0]]
commit indez e last applied
0
0
candidate, votes, voted for
True
0
None
timeout dict
{'n1': 1651673275977192930, 'n2': 1651673275997076585, 'n3': 1651673276222052128, 'n4': 1651673276141678568, 'n5': 1651673276221270379}
curr time
1651673276222261318

INFO:root:resposta
True
majority
3

INFO:root:antes  #487
0

INFO:root:depois  #489
1

INFO:root:Got a response to the vote Request #475

INFO:root:node id:
n5
leader
n2
kvsotr
{}
cur term
10
log 
[(('pass', None), 0), [['pass', None], 0], [['write', [1, 4]], 4], [['pass', None], 0]]
commit indez e last applied
0
0
candidate, votes, voted for
True
1
None
timeout dict
{'n1': 1651673275977192930, 'n2': 1651673276223102940, 'n3': 1651673276222052128, 'n4': 1651673276141678568, 'n5': 1651673276221270379}
curr time
1651673276223284617

INFO:root:resposta
False
majority
3

INFO:root:Got a response to the vote Request #475

INFO:root:node id:
n5
leader
n2
kvsotr
{}
cur term
10
log 
[(('pass', None), 0), [['pass', None], 0], [['write', [1, 4]], 4], [['pass', None], 0]]
commit indez e last applied
0
0
candidate, votes, voted for
True
1
None
timeout dict
{'n1': 1651673275977192930, 'n2': 1651673276223102940, 'n3': 1651673276222052128, 'n4': 1651673276223794184, 'n5': 1651673276221270379}
curr time
1651673276223972286

INFO:root:resposta
False
majority
3

DEBUG:root:received {"dest":"n5","src":"n4","body":{"msg_id":110,"type":"RequestVote","term":9,"prevLogIndex":3,"lastLogTerm":0,"candidateId":"n4"},"id":530}
DEBUG:root:received {"dest":"n5","src":"n5","body":{"msg_id":76,"type":"RequestVote","term":10,"prevLogIndex":3,"lastLogTerm":0,"candidateId":"n5"},"id":537}
DEBUG:root:received {"dest":"n5","src":"n5","body":{"msg_id":77,"in_reply_to":71,"type":"RequestVoteRes","term":10,"res":false},"id":538}
DEBUG:root:received {"dest":"n5","src":"n3","body":{"msg_id":82,"in_reply_to":74,"type":"RequestVoteRes","term":10,"res":true},"id":539}
DEBUG:root:received {"dest":"n5","src":"n2","body":{"msg_id":155,"type":"RequestVote","term":15,"prevLogIndex":3,"lastLogTerm":14,"candidateId":"n2"},"id":544}
DEBUG:root:received {"dest":"n5","src":"n4","body":{"msg_id":115,"type":"AppendEntries","term":9,"prevIndex":3,"prevTerm":0,"entries":[],"commit":0},"id":549}
DEBUG:root:sending {"dest": "n4", "src": "n5", "body": {"msg_id": 78, "in_reply_to": 110, "type": "RequestVoteRes", "term": 10, "res": false}}
INFO:root:Bad election request, term is not up to date
None
at time
1651673276245068399

INFO:root:voting for myself
n5
at time
1651673276245407106
nr votes
1

DEBUG:root:sending {"dest": "n5", "src": "n5", "body": {"msg_id": 79, "in_reply_to": 76, "type": "RequestVoteRes", "term": 10, "res": true}}
INFO:root:Got a response to the vote Request #475

INFO:root:node id:
n5
leader
n2
kvsotr
{}
cur term
10
log 
[(('pass', None), 0), [['pass', None], 0], [['write', [1, 4]], 4], [['pass', None], 0]]
commit indez e last applied
0
0
candidate, votes, voted for
True
1
n5
timeout dict
{'n1': 1651673275977192930, 'n2': 1651673276223102940, 'n3': 1651673276222052128, 'n4': 1651673276244679261, 'n5': 1651673276246006637}
curr time
1651673276246191445

INFO:root:resposta
False
majority
3

INFO:root:Got a response to the vote Request #475

INFO:root:node id:
n5
leader
n2
kvsotr
{}
cur term
10
log 
[(('pass', None), 0), [['pass', None], 0], [['write', [1, 4]], 4], [['pass', None], 0]]
commit indez e last applied
0
0
candidate, votes, voted for
True
1
n5
timeout dict
{'n1': 1651673275977192930, 'n2': 1651673276223102940, 'n3': 1651673276246711278, 'n4': 1651673276244679261, 'n5': 1651673276246006637}
curr time
1651673276246867995

INFO:root:resposta
True
majority
3

INFO:root:antes  #487
1

INFO:root:depois  #489
2

INFO:root:log atual
[(('pass', None), 0), [['pass', None], 0], [['write', [1, 4]], 4], [['pass', None], 0]]
prevlog index
3
 last log term
14

DEBUG:root:sending {"dest": "n2", "src": "n5", "body": {"msg_id": 80, "in_reply_to": 155, "type": "RequestVoteRes", "term": 10, "res": false}}
DEBUG:root:sending {"dest": "n4", "src": "n5", "body": {"msg_id": 81, "in_reply_to": 115, "type": "AppendEntriesRes", "res": false, "term": 10}}
INFO:root:msg term
9
current term
10
log
[(('pass', None), 0), [['pass', None], 0], [['write', [1, 4]], 4], [['pass', None], 0]]
msg entries
[]

DEBUG:root:received {"dest":"n5","src":"n2","body":{"msg_id":157,"in_reply_to":73,"type":"RequestVoteRes","term":15,"res":false},"id":554}
DEBUG:root:received {"dest":"n5","src":"n3","body":{"msg_id":88,"type":"AppendEntries","term":10,"prevIndex":3,"prevTerm":0,"entries":[],"commit":0},"id":557}
DEBUG:root:received {"dest":"n5","src":"n5","body":{"msg_id":79,"in_reply_to":76,"type":"RequestVoteRes","term":10,"res":true},"id":563}
DEBUG:root:received {"dest":"n5","src":"n2","body":{"msg_id":163,"type":"RequestVote","term":16,"prevLogIndex":3,"lastLogTerm":14,"candidateId":"n2"},"id":564}
INFO:root:Got a response to the vote Request #475

INFO:root:node id:
n5
leader
n2
kvsotr
{}
cur term
10
log 
[(('pass', None), 0), [['pass', None], 0], [['write', [1, 4]], 4], [['pass', None], 0]]
commit indez e last applied
0
0
candidate, votes, voted for
True
2
n5
timeout dict
{'n1': 1651673275977192930, 'n2': 1651673276268389479, 'n3': 1651673276246711278, 'n4': 1651673276248119555, 'n5': 1651673276246006637}
curr time
1651673276268614536

INFO:root:resposta
False
majority
3

DEBUG:root:sending {"dest": "n3", "src": "n5", "body": {"msg_id": 82, "in_reply_to": 88, "type": "AppendEntriesRes", "res": true, "term": 10, "next": 4, "commit": 0}}
INFO:root:Got a response to the vote Request #475

INFO:root:node id:
n5
leader
n2
kvsotr
{}
cur term
10
log 
[(('pass', None), 0), [['pass', None], 0], [['write', [1, 4]], 4], [['pass', None], 0]]
commit indez e last applied
0
0
candidate, votes, voted for
True
2
n5
timeout dict
{'n1': 1651673275977192930, 'n2': 1651673276268389479, 'n3': 1651673276269147313, 'n4': 1651673276248119555, 'n5': 1651673276269601258}
curr time
1651673276269762573

INFO:root:resposta
True
majority
3

INFO:root:antes  #487
2

INFO:root:depois  #489
3

INFO:root:became leader
log
[(('pass', None), 0), [['pass', None], 0], [['write', [1, 4]], 4], [['pass', None], 0]]
match index
{'n1': 0, 'n2': 0, 'n3': 0, 'n4': 0, 'n5': 0}

INFO:root:vote ended, new leader is
n5

INFO:root:sending HB

INFO:root:HBdest
n1
nextIndex
{'n1': 4, 'n2': 4, 'n3': 4, 'n4': 4, 'n5': 4}
log
[(('pass', None), 0), [['pass', None], 0], [['write', [1, 4]], 4], [['pass', None], 0]]

DEBUG:root:sending {"dest": "n1", "src": "n5", "body": {"msg_id": 83, "type": "AppendEntries", "term": 10, "prevIndex": 3, "prevTerm": 0, "entries": [], "commit": 0}}
INFO:root:HBdest
n2
nextIndex
{'n1': 4, 'n2': 4, 'n3': 4, 'n4': 4, 'n5': 4}
log
[(('pass', None), 0), [['pass', None], 0], [['write', [1, 4]], 4], [['pass', None], 0]]

DEBUG:root:sending {"dest": "n2", "src": "n5", "body": {"msg_id": 84, "type": "AppendEntries", "term": 10, "prevIndex": 3, "prevTerm": 0, "entries": [], "commit": 0}}
INFO:root:HBdest
n3
nextIndex
{'n1': 4, 'n2': 4, 'n3': 4, 'n4': 4, 'n5': 4}
log
[(('pass', None), 0), [['pass', None], 0], [['write', [1, 4]], 4], [['pass', None], 0]]

DEBUG:root:sending {"dest": "n3", "src": "n5", "body": {"msg_id": 85, "type": "AppendEntries", "term": 10, "prevIndex": 3, "prevTerm": 0, "entries": [], "commit": 0}}
INFO:root:HBdest
n4
nextIndex
{'n1': 4, 'n2': 4, 'n3': 4, 'n4': 4, 'n5': 4}
log
[(('pass', None), 0), [['pass', None], 0], [['write', [1, 4]], 4], [['pass', None], 0]]

DEBUG:root:sending {"dest": "n4", "src": "n5", "body": {"msg_id": 86, "type": "AppendEntries", "term": 10, "prevIndex": 3, "prevTerm": 0, "entries": [], "commit": 0}}
INFO:root:log atual
[(('pass', None), 0), [['pass', None], 0], [['write', [1, 4]], 4], [['pass', None], 0]]
prevlog index
3
 last log term
14

DEBUG:root:sending {"dest": "n2", "src": "n5", "body": {"msg_id": 87, "in_reply_to": 163, "type": "RequestVoteRes", "term": 16, "res": true}}
INFO:root:election started and voted vor
n2
at time
1651673276277820382

DEBUG:root:received {"dest":"n5","src":"n4","body":{"msg_id":116,"in_reply_to":75,"type":"RequestVoteRes","term":9,"res":false},"id":570}
DEBUG:root:received {"dest":"n5","src":"n2","body":{"msg_id":167,"in_reply_to":84,"type":"AppendEntriesRes","res":false,"term":16},"id":578}
DEBUG:root:received {"dest":"n5","src":"n4","body":{"msg_id":121,"in_reply_to":81,"type":"error","code":11,"text":"Not Leader"},"id":583}
DEBUG:root:received {"dest":"n5","src":"n4","body":{"msg_id":122,"in_reply_to":86,"type":"AppendEntriesRes","res":false,"term":16},"id":584}
DEBUG:root:received {"dest":"n5","src":"n3","body":{"msg_id":90,"in_reply_to":85,"type":"AppendEntriesRes","res":true,"term":10,"next":4,"commit":0},"id":585}
DEBUG:root:received {"dest":"n5","src":"n2","body":{"msg_id":171,"type":"AppendEntries","term":16,"prevIndex":3,"prevTerm":14,"entries":[],"commit":0},"id":589}
INFO:root:Got a response to the vote Request #475

INFO:root:node id:
n5
leader
n5
kvsotr
{}
cur term
16
log 
[(('pass', None), 0), [['pass', None], 0], [['write', [1, 4]], 4], [['pass', None], 0]]
commit indez e last applied
0
0
candidate, votes, voted for
False
None
n2
timeout dict
{'n1': 1651673275977192930, 'n2': 1651673276277049179, 'n3': 1651673276269147313, 'n4': 1651673276291211354, 'n5': 1651673276269601258}
curr time
1651673276291511602

INFO:root:resposta
False
majority
3

INFO:root:387##########:
node
n5
current term
16
next I
{'n1': 4, 'n2': 3, 'n3': 4, 'n4': 4, 'n5': 4}
log
[(('pass', None), 0), [['pass', None], 0], [['write', [1, 4]], 4], [['pass', None], 0]]
dest
n2

DEBUG:root:sending {"dest": "n2", "src": "n5", "body": {"msg_id": 88, "type": "AppendEntries", "term": 16, "prevIndex": 2, "prevTerm": 4, "entries": [[["pass", null], 0]], "commit": 0}}
WARNING:root:unknown message type error
INFO:root:387##########:
node
n5
current term
16
next I
{'n1': 4, 'n2': 3, 'n3': 4, 'n4': 3, 'n5': 4}
log
[(('pass', None), 0), [['pass', None], 0], [['write', [1, 4]], 4], [['pass', None], 0]]
dest
n4

DEBUG:root:sending {"dest": "n4", "src": "n5", "body": {"msg_id": 89, "type": "AppendEntries", "term": 16, "prevIndex": 2, "prevTerm": 4, "entries": [[["pass", null], 0]], "commit": 0}}
DEBUG:root:sending {"dest": "n2", "src": "n5", "body": {"msg_id": 90, "in_reply_to": 171, "type": "AppendEntriesRes", "res": false, "term": 16}}
DEBUG:root:received {"dest":"n5","src":"n4","body":{"msg_id":124,"in_reply_to":89,"type":"AppendEntriesRes","res":true,"term":16,"next":5,"commit":0},"id":595}
DEBUG:root:received {"dest":"n5","src":"n2","body":{"msg_id":174,"in_reply_to":88,"type":"AppendEntriesRes","res":false,"term":16},"id":599}
DEBUG:root:received {"dest":"n5","src":"n2","body":{"msg_id":175,"type":"AppendEntries","term":16,"prevIndex":2,"prevTerm":0,"entries":[[["cas",[1,[3,2]]],14]],"commit":0},"id":600}
INFO:root:387##########:
node
n5
current term
16
next I
{'n1': 4, 'n2': 2, 'n3': 4, 'n4': 5, 'n5': 4}
log
[(('pass', None), 0), [['pass', None], 0], [['write', [1, 4]], 4], [['pass', None], 0]]
dest
n2

DEBUG:root:sending {"dest": "n2", "src": "n5", "body": {"msg_id": 91, "type": "AppendEntries", "term": 16, "prevIndex": 1, "prevTerm": 0, "entries": [[["write", [1, 4]], 4], [["pass", null], 0]], "commit": 0}}
DEBUG:root:sending {"dest": "n2", "src": "n5", "body": {"msg_id": 92, "in_reply_to": 175, "type": "AppendEntriesRes", "res": false, "term": 16}}
DEBUG:root:received {"dest":"n5","src":"n2","body":{"msg_id":178,"in_reply_to":91,"type":"AppendEntriesRes","res":true,"term":16,"next":6,"commit":0},"id":607}
DEBUG:root:received {"dest":"n5","src":"n2","body":{"msg_id":179,"type":"AppendEntries","term":16,"prevIndex":1,"prevTerm":0,"entries":[[["pass",null],0],[["cas",[1,[3,2]]],14],[["write",[1,4]],4],[["pass",null],0]],"commit":0},"id":609}
INFO:root:355
[(('pass', None), 0), [['pass', None], 0], [['write', [1, 4]], 4], [['pass', None], 0]]
[[['pass', None], 0], [['cas', [1, [3, 2]]], 14], [['write', [1, 4]], 4], [['pass', None], 0]]
1
0
n5
1

INFO:root:355
[(('pass', None), 0), [['pass', None], 0], [['write', [1, 4]], 4], [['pass', None], 0]]
[[['pass', None], 0], [['cas', [1, [3, 2]]], 14], [['write', [1, 4]], 4], [['pass', None], 0]]
1
0
n5
2

INFO:root:commiting command
[['cas', [1, [3, 2]]], 14]

INFO:root:commiting command
[['write', [1, 4]], 4]

INFO:root:commiting command
[['pass', None], 0]

DEBUG:root:sending {"dest": "n2", "src": "n5", "body": {"msg_id": 93, "in_reply_to": 179, "type": "AppendEntriesRes", "res": true, "term": 16, "next": 5, "commit": 1}}
INFO:root:sending HB

INFO:root:HBdest
n1
nextIndex
{'n1': 4, 'n2': 6, 'n3': 4, 'n4': 5, 'n5': 4}
log
[(('pass', None), 0), [['pass', None], 0], [['cas', [1, [3, 2]]], 14], [['write', [1, 4]], 4], [['pass', None], 0]]

DEBUG:root:sending {"dest": "n1", "src": "n5", "body": {"msg_id": 94, "type": "AppendEntries", "term": 16, "prevIndex": 3, "prevTerm": 4, "entries": [], "commit": 1}}
INFO:root:HBdest
n2
nextIndex
{'n1': 4, 'n2': 6, 'n3': 4, 'n4': 5, 'n5': 4}
log
[(('pass', None), 0), [['pass', None], 0], [['cas', [1, [3, 2]]], 14], [['write', [1, 4]], 4], [['pass', None], 0]]

Exception in thread Thread-14:
Traceback (most recent call last):
  File "/usr/lib/python3.10/threading.py", line 1009, in _bootstrap_inner
    self.run()
  File "/usr/lib/python3.10/threading.py", line 1371, in run
    self.function(*self.args, **self.kwargs)
  File "/home/peter/Documents/tf/lab3/raft.py", line 136, in recursive_heartbeats
    heartbeat(dest)
  File "/home/peter/Documents/tf/lab3/raft.py", line 124, in heartbeat
    prevTerm=log[nextIndex[dest]-1][1]
IndexError: list index out of range
INFO:root:election timeout, starting new election

INFO:root:starting new elections, new term
17
sec, min max hb
0.44024479034378505
0.3333333333333333
0.5

INFO:root:Requesting new Vote

DEBUG:root:sending {"dest": "n1", "src": "n5", "body": {"msg_id": 95, "type": "RequestVote", "term": 17, "prevLogIndex": 4, "lastLogTerm": 0, "candidateId": "n5"}}
DEBUG:root:sending {"dest": "n2", "src": "n5", "body": {"msg_id": 96, "type": "RequestVote", "term": 17, "prevLogIndex": 4, "lastLogTerm": 0, "candidateId": "n5"}}
DEBUG:root:sending {"dest": "n3", "src": "n5", "body": {"msg_id": 97, "type": "RequestVote", "term": 17, "prevLogIndex": 4, "lastLogTerm": 0, "candidateId": "n5"}}
DEBUG:root:sending {"dest": "n4", "src": "n5", "body": {"msg_id": 98, "type": "RequestVote", "term": 17, "prevLogIndex": 4, "lastLogTerm": 0, "candidateId": "n5"}}
DEBUG:root:sending {"dest": "n5", "src": "n5", "body": {"msg_id": 99, "type": "RequestVote", "term": 17, "prevLogIndex": 4, "lastLogTerm": 0, "candidateId": "n5"}}
DEBUG:root:received {"dest":"n5","src":"n5","body":{"msg_id":99,"type":"RequestVote","term":17,"prevLogIndex":4,"lastLogTerm":0,"candidateId":"n5"},"id":627}
INFO:root:voting for myself
n5
at time
1651673276467226669
nr votes
0

DEBUG:root:sending {"dest": "n5", "src": "n5", "body": {"msg_id": 100, "in_reply_to": 99, "type": "RequestVoteRes", "term": 17, "res": true}}
DEBUG:root:received {"dest":"n5","src":"n4","body":{"msg_id":127,"in_reply_to":98,"type":"RequestVoteRes","term":16,"res":false},"id":628}
DEBUG:root:received {"dest":"n5","src":"n3","body":{"msg_id":99,"in_reply_to":97,"type":"RequestVoteRes","term":16,"res":false},"id":629}
DEBUG:root:received {"dest":"n5","src":"n2","body":{"msg_id":186,"in_reply_to":96,"type":"RequestVoteRes","term":16,"res":false},"id":630}
DEBUG:root:received {"dest":"n5","src":"n5","body":{"msg_id":100,"in_reply_to":99,"type":"RequestVoteRes","term":17,"res":true},"id":631}
INFO:root:Got a response to the vote Request #475

INFO:root:node id:
n5
leader
n5
kvsotr
{}
cur term
17
log 
[(('pass', None), 0), [['pass', None], 0], [['cas', [1, [3, 2]]], 14], [['write', [1, 4]], 4], [['pass', None], 0]]
commit indez e last applied
1
1
candidate, votes, voted for
True
0
n5
timeout dict
{'n1': 1651673275977192930, 'n2': 1651673276319057479, 'n3': 1651673276293497987, 'n4': 1651673276470636335, 'n5': 1651673276467213184}
curr time
1651673276470815140

INFO:root:resposta
False
majority
3

INFO:root:Got a response to the vote Request #475

INFO:root:node id:
n5
leader
n5
kvsotr
{}
cur term
17
log 
[(('pass', None), 0), [['pass', None], 0], [['cas', [1, [3, 2]]], 14], [['write', [1, 4]], 4], [['pass', None], 0]]
commit indez e last applied
1
1
candidate, votes, voted for
True
0
n5
timeout dict
{'n1': 1651673275977192930, 'n2': 1651673276319057479, 'n3': 1651673276471308298, 'n4': 1651673276470636335, 'n5': 1651673276467213184}
curr time
1651673276471453467

INFO:root:resposta
False
majority
3

INFO:root:Got a response to the vote Request #475

INFO:root:node id:
n5
leader
n5
kvsotr
{}
cur term
17
log 
[(('pass', None), 0), [['pass', None], 0], [['cas', [1, [3, 2]]], 14], [['write', [1, 4]], 4], [['pass', None], 0]]
commit indez e last applied
1
1
candidate, votes, voted for
True
0
n5
timeout dict
{'n1': 1651673275977192930, 'n2': 1651673276471876039, 'n3': 1651673276471308298, 'n4': 1651673276470636335, 'n5': 1651673276467213184}
curr time
1651673276472061144

INFO:root:resposta
False
majority
3

INFO:root:Got a response to the vote Request #475

INFO:root:node id:
n5
leader
n5
kvsotr
{}
cur term
17
log 
[(('pass', None), 0), [['pass', None], 0], [['cas', [1, [3, 2]]], 14], [['write', [1, 4]], 4], [['pass', None], 0]]
commit indez e last applied
1
1
candidate, votes, voted for
True
0
n5
timeout dict
{'n1': 1651673275977192930, 'n2': 1651673276471876039, 'n3': 1651673276471308298, 'n4': 1651673276470636335, 'n5': 1651673276472491100}
curr time
1651673276472627113

INFO:root:resposta
True
majority
3

INFO:root:antes  #487
0

INFO:root:depois  #489
1

INFO:root:election timeout, starting new election

INFO:root:starting new elections, new term
18
sec, min max hb
0.35979396531714725
0.3333333333333333
0.5

INFO:root:Requesting new Vote

DEBUG:root:sending {"dest": "n1", "src": "n5", "body": {"msg_id": 101, "type": "RequestVote", "term": 18, "prevLogIndex": 4, "lastLogTerm": 0, "candidateId": "n5"}}
DEBUG:root:sending {"dest": "n2", "src": "n5", "body": {"msg_id": 102, "type": "RequestVote", "term": 18, "prevLogIndex": 4, "lastLogTerm": 0, "candidateId": "n5"}}
DEBUG:root:sending {"dest": "n3", "src": "n5", "body": {"msg_id": 103, "type": "RequestVote", "term": 18, "prevLogIndex": 4, "lastLogTerm": 0, "candidateId": "n5"}}
DEBUG:root:sending {"dest": "n4", "src": "n5", "body": {"msg_id": 104, "type": "RequestVote", "term": 18, "prevLogIndex": 4, "lastLogTerm": 0, "candidateId": "n5"}}
DEBUG:root:sending {"dest": "n5", "src": "n5", "body": {"msg_id": 105, "type": "RequestVote", "term": 18, "prevLogIndex": 4, "lastLogTerm": 0, "candidateId": "n5"}}
DEBUG:root:received {"dest":"n5","src":"n5","body":{"msg_id":105,"type":"RequestVote","term":18,"prevLogIndex":4,"lastLogTerm":0,"candidateId":"n5"},"id":636}
DEBUG:root:received {"dest":"n5","src":"n4","body":{"msg_id":128,"in_reply_to":104,"type":"RequestVoteRes","term":16,"res":false},"id":637}
DEBUG:root:received {"dest":"n5","src":"n2","body":{"msg_id":187,"in_reply_to":102,"type":"RequestVoteRes","term":16,"res":false},"id":638}
DEBUG:root:received {"dest":"n5","src":"n3","body":{"msg_id":100,"in_reply_to":103,"type":"RequestVoteRes","term":16,"res":false},"id":639}
INFO:root:voting for myself
n5
at time
1651673276488218462
nr votes
0

DEBUG:root:sending {"dest": "n5", "src": "n5", "body": {"msg_id": 106, "in_reply_to": 105, "type": "RequestVoteRes", "term": 18, "res": true}}
DEBUG:root:received {"dest":"n5","src":"n5","body":{"msg_id":106,"in_reply_to":105,"type":"RequestVoteRes","term":18,"res":true},"id":640}
INFO:root:Got a response to the vote Request #475

INFO:root:node id:
n5
leader
n5
kvsotr
{}
cur term
18
log 
[(('pass', None), 0), [['pass', None], 0], [['cas', [1, [3, 2]]], 14], [['write', [1, 4]], 4], [['pass', None], 0]]
commit indez e last applied
1
1
candidate, votes, voted for
True
0
n5
timeout dict
{'n1': 1651673275977192930, 'n2': 1651673276471876039, 'n3': 1651673276471308298, 'n4': 1651673276490714022, 'n5': 1651673276488207729}
curr time
1651673276490925155

INFO:root:resposta
False
majority
3

INFO:root:Got a response to the vote Request #475

INFO:root:node id:
n5
leader
n5
kvsotr
{}
cur term
18
log 
[(('pass', None), 0), [['pass', None], 0], [['cas', [1, [3, 2]]], 14], [['write', [1, 4]], 4], [['pass', None], 0]]
commit indez e last applied
1
1
candidate, votes, voted for
True
0
n5
timeout dict
{'n1': 1651673275977192930, 'n2': 1651673276491401289, 'n3': 1651673276471308298, 'n4': 1651673276490714022, 'n5': 1651673276488207729}
curr time
1651673276491542909

INFO:root:resposta
False
majority
3

INFO:root:Got a response to the vote Request #475

INFO:root:node id:
n5
leader
n5
kvsotr
{}
cur term
18
log 
[(('pass', None), 0), [['pass', None], 0], [['cas', [1, [3, 2]]], 14], [['write', [1, 4]], 4], [['pass', None], 0]]
commit indez e last applied
1
1
candidate, votes, voted for
True
0
n5
timeout dict
{'n1': 1651673275977192930, 'n2': 1651673276491401289, 'n3': 1651673276491973329, 'n4': 1651673276490714022, 'n5': 1651673276488207729}
curr time
1651673276492111294

INFO:root:resposta
False
majority
3

INFO:root:Got a response to the vote Request #475

INFO:root:node id:
n5
leader
n5
kvsotr
{}
cur term
18
log 
[(('pass', None), 0), [['pass', None], 0], [['cas', [1, [3, 2]]], 14], [['write', [1, 4]], 4], [['pass', None], 0]]
commit indez e last applied
1
1
candidate, votes, voted for
True
0
n5
timeout dict
{'n1': 1651673275977192930, 'n2': 1651673276491401289, 'n3': 1651673276491973329, 'n4': 1651673276490714022, 'n5': 1651673276492506935}
curr time
1651673276492654786

INFO:root:resposta
True
majority
3

INFO:root:antes  #487
0

INFO:root:depois  #489
1

DEBUG:root:received {"dest":"n5","src":"n4","body":{"msg_id":133,"type":"RequestVote","term":17,"prevLogIndex":6,"lastLogTerm":14,"candidateId":"n4"},"id":645}
DEBUG:root:sending {"dest": "n4", "src": "n5", "body": {"msg_id": 107, "in_reply_to": 133, "type": "RequestVoteRes", "term": 18, "res": false}}
INFO:root:Bad election request, term is not up to date
n5
at time
1651673276507933350

DEBUG:root:received {"dest":"n5","src":"n4","body":{"msg_id":139,"type":"RequestVote","term":18,"prevLogIndex":6,"lastLogTerm":14,"candidateId":"n4"},"id":654}
INFO:root:log atual
[(('pass', None), 0), [['pass', None], 0], [['cas', [1, [3, 2]]], 14], [['write', [1, 4]], 4], [['pass', None], 0]]
prevlog index
6
 last log term
14

DEBUG:root:sending {"dest": "n4", "src": "n5", "body": {"msg_id": 108, "in_reply_to": 139, "type": "RequestVoteRes", "term": 18, "res": false}}
INFO:root:election timeout, starting new election

INFO:root:starting new elections, new term
19
sec, min max hb
0.49782311667249135
0.3333333333333333
0.5

INFO:root:Requesting new Vote

DEBUG:root:sending {"dest": "n1", "src": "n5", "body": {"msg_id": 109, "type": "RequestVote", "term": 19, "prevLogIndex": 4, "lastLogTerm": 0, "candidateId": "n5"}}
DEBUG:root:sending {"dest": "n2", "src": "n5", "body": {"msg_id": 110, "type": "RequestVote", "term": 19, "prevLogIndex": 4, "lastLogTerm": 0, "candidateId": "n5"}}
DEBUG:root:sending {"dest": "n3", "src": "n5", "body": {"msg_id": 111, "type": "RequestVote", "term": 19, "prevLogIndex": 4, "lastLogTerm": 0, "candidateId": "n5"}}
DEBUG:root:sending {"dest": "n4", "src": "n5", "body": {"msg_id": 112, "type": "RequestVote", "term": 19, "prevLogIndex": 4, "lastLogTerm": 0, "candidateId": "n5"}}
DEBUG:root:sending {"dest": "n5", "src": "n5", "body": {"msg_id": 113, "type": "RequestVote", "term": 19, "prevLogIndex": 4, "lastLogTerm": 0, "candidateId": "n5"}}
DEBUG:root:received {"dest":"n5","src":"n5","body":{"msg_id":113,"type":"RequestVote","term":19,"prevLogIndex":4,"lastLogTerm":0,"candidateId":"n5"},"id":663}
INFO:root:voting for myself
n5
at time
1651673276558817638
nr votes
0

DEBUG:root:sending {"dest": "n5", "src": "n5", "body": {"msg_id": 114, "in_reply_to": 113, "type": "RequestVoteRes", "term": 19, "res": true}}
DEBUG:root:received {"dest":"n5","src":"n2","body":{"msg_id":190,"in_reply_to":110,"type":"RequestVoteRes","term":18,"res":false},"id":664}
DEBUG:root:received {"dest":"n5","src":"n3","body":{"msg_id":103,"in_reply_to":111,"type":"RequestVoteRes","term":16,"res":false},"id":665}
INFO:root:Got a response to the vote Request #475

INFO:root:node id:
n5
leader
n5
kvsotr
{}
cur term
19
log 
[(('pass', None), 0), [['pass', None], 0], [['cas', [1, [3, 2]]], 14], [['write', [1, 4]], 4], [['pass', None], 0]]
commit indez e last applied
1
1
candidate, votes, voted for
True
0
n5
timeout dict
{'n1': 1651673275977192930, 'n2': 1651673276560848662, 'n3': 1651673276491973329, 'n4': 1651673276539400915, 'n5': 1651673276558804631}
curr time
1651673276561031932

INFO:root:resposta
False
majority
3

INFO:root:Got a response to the vote Request #475

INFO:root:node id:
n5
leader
n5
kvsotr
{}
cur term
19
log 
[(('pass', None), 0), [['pass', None], 0], [['cas', [1, [3, 2]]], 14], [['write', [1, 4]], 4], [['pass', None], 0]]
commit indez e last applied
1
1
candidate, votes, voted for
True
0
n5
timeout dict
{'n1': 1651673275977192930, 'n2': 1651673276560848662, 'n3': 1651673276561506784, 'n4': 1651673276539400915, 'n5': 1651673276558804631}
curr time
1651673276561653738

INFO:root:resposta
False
majority
3

DEBUG:root:received {"dest":"n5","src":"n5","body":{"msg_id":114,"in_reply_to":113,"type":"RequestVoteRes","term":19,"res":true},"id":666}
INFO:root:Got a response to the vote Request #475

INFO:root:node id:
n5
leader
n5
kvsotr
{}
cur term
19
log 
[(('pass', None), 0), [['pass', None], 0], [['cas', [1, [3, 2]]], 14], [['write', [1, 4]], 4], [['pass', None], 0]]
commit indez e last applied
1
1
candidate, votes, voted for
True
0
n5
timeout dict
{'n1': 1651673275977192930, 'n2': 1651673276560848662, 'n3': 1651673276561506784, 'n4': 1651673276539400915, 'n5': 1651673276568873078}
curr time
1651673276569198238

INFO:root:resposta
True
majority
3

INFO:root:antes  #487
0

INFO:root:depois  #489
1

DEBUG:root:received {"dest":"n5","src":"n4","body":{"msg_id":141,"in_reply_to":112,"type":"RequestVoteRes","term":18,"res":false},"id":667}
INFO:root:Got a response to the vote Request #475

INFO:root:node id:
n5
leader
n5
kvsotr
{}
cur term
19
log 
[(('pass', None), 0), [['pass', None], 0], [['cas', [1, [3, 2]]], 14], [['write', [1, 4]], 4], [['pass', None], 0]]
commit indez e last applied
1
1
candidate, votes, voted for
True
1
n5
timeout dict
{'n1': 1651673275977192930, 'n2': 1651673276560848662, 'n3': 1651673276561506784, 'n4': 1651673276570772966, 'n5': 1651673276568873078}
curr time
1651673276570993213

INFO:root:resposta
False
majority
3

INFO:root:election timeout, starting new election

INFO:root:starting new elections, new term
20
sec, min max hb
0.4050813546785394
0.3333333333333333
0.5

INFO:root:Requesting new Vote

DEBUG:root:sending {"dest": "n1", "src": "n5", "body": {"msg_id": 115, "type": "RequestVote", "term": 20, "prevLogIndex": 4, "lastLogTerm": 0, "candidateId": "n5"}}
DEBUG:root:sending {"dest": "n2", "src": "n5", "body": {"msg_id": 116, "type": "RequestVote", "term": 20, "prevLogIndex": 4, "lastLogTerm": 0, "candidateId": "n5"}}
DEBUG:root:sending {"dest": "n3", "src": "n5", "body": {"msg_id": 117, "type": "RequestVote", "term": 20, "prevLogIndex": 4, "lastLogTerm": 0, "candidateId": "n5"}}
DEBUG:root:sending {"dest": "n4", "src": "n5", "body": {"msg_id": 118, "type": "RequestVote", "term": 20, "prevLogIndex": 4, "lastLogTerm": 0, "candidateId": "n5"}}
DEBUG:root:sending {"dest": "n5", "src": "n5", "body": {"msg_id": 119, "type": "RequestVote", "term": 20, "prevLogIndex": 4, "lastLogTerm": 0, "candidateId": "n5"}}
DEBUG:root:received {"dest":"n5","src":"n5","body":{"msg_id":119,"type":"RequestVote","term":20,"prevLogIndex":4,"lastLogTerm":0,"candidateId":"n5"},"id":672}
DEBUG:root:received {"dest":"n5","src":"n4","body":{"msg_id":142,"in_reply_to":118,"type":"RequestVoteRes","term":18,"res":false},"id":673}
DEBUG:root:received {"dest":"n5","src":"n2","body":{"msg_id":191,"in_reply_to":116,"type":"RequestVoteRes","term":18,"res":false},"id":674}
INFO:root:voting for myself
n5
at time
1651673276718605853
nr votes
0

DEBUG:root:sending {"dest": "n5", "src": "n5", "body": {"msg_id": 120, "in_reply_to": 119, "type": "RequestVoteRes", "term": 20, "res": true}}
INFO:root:Got a response to the vote Request #475

INFO:root:node id:
n5
leader
n5
kvsotr
{}
cur term
20
log 
[(('pass', None), 0), [['pass', None], 0], [['cas', [1, [3, 2]]], 14], [['write', [1, 4]], 4], [['pass', None], 0]]
commit indez e last applied
1
1
candidate, votes, voted for
True
0
n5
timeout dict
{'n1': 1651673275977192930, 'n2': 1651673276560848662, 'n3': 1651673276561506784, 'n4': 1651673276719187314, 'n5': 1651673276718595856}
curr time
1651673276719337045

INFO:root:resposta
False
majority
3

INFO:root:Got a response to the vote Request #475

INFO:root:node id:
n5
leader
n5
kvsotr
{}
cur term
20
log 
[(('pass', None), 0), [['pass', None], 0], [['cas', [1, [3, 2]]], 14], [['write', [1, 4]], 4], [['pass', None], 0]]
commit indez e last applied
1
1
candidate, votes, voted for
True
0
n5
timeout dict
{'n1': 1651673275977192930, 'n2': 1651673276719794068, 'n3': 1651673276561506784, 'n4': 1651673276719187314, 'n5': 1651673276718595856}
curr time
1651673276719948551

INFO:root:resposta
False
majority
3

DEBUG:root:received {"dest":"n5","src":"n3","body":{"msg_id":104,"in_reply_to":117,"type":"RequestVoteRes","term":16,"res":false},"id":675}
DEBUG:root:received {"dest":"n5","src":"n5","body":{"msg_id":120,"in_reply_to":119,"type":"RequestVoteRes","term":20,"res":true},"id":676}
INFO:root:Got a response to the vote Request #475

INFO:root:node id:
n5
leader
n5
kvsotr
{}
cur term
20
log 
[(('pass', None), 0), [['pass', None], 0], [['cas', [1, [3, 2]]], 14], [['write', [1, 4]], 4], [['pass', None], 0]]
commit indez e last applied
1
1
candidate, votes, voted for
True
0
n5
timeout dict
{'n1': 1651673275977192930, 'n2': 1651673276719794068, 'n3': 1651673276731187505, 'n4': 1651673276719187314, 'n5': 1651673276718595856}
curr time
1651673276731466037

INFO:root:resposta
False
majority
3

INFO:root:Got a response to the vote Request #475

INFO:root:node id:
n5
leader
n5
kvsotr
{}
cur term
20
log 
[(('pass', None), 0), [['pass', None], 0], [['cas', [1, [3, 2]]], 14], [['write', [1, 4]], 4], [['pass', None], 0]]
commit indez e last applied
1
1
candidate, votes, voted for
True
0
n5
timeout dict
{'n1': 1651673275977192930, 'n2': 1651673276719794068, 'n3': 1651673276731187505, 'n4': 1651673276719187314, 'n5': 1651673276731971206}
curr time
1651673276732112647

INFO:root:resposta
True
majority
3

INFO:root:antes  #487
0

INFO:root:depois  #489
1

DEBUG:root:received {"dest":"n5","src":"n3","body":{"msg_id":109,"type":"RequestVote","term":17,"prevLogIndex":9,"lastLogTerm":0,"candidateId":"n3"},"id":681}
DEBUG:root:sending {"dest": "n3", "src": "n5", "body": {"msg_id": 121, "in_reply_to": 109, "type": "RequestVoteRes", "term": 20, "res": false}}
INFO:root:Bad election request, term is not up to date
n5
at time
1651673276740165978

INFO:root:election timeout, starting new election

INFO:root:starting new elections, new term
21
sec, min max hb
0.408329490374098
0.3333333333333333
0.5

INFO:root:Requesting new Vote

DEBUG:root:sending {"dest": "n1", "src": "n5", "body": {"msg_id": 122, "type": "RequestVote", "term": 21, "prevLogIndex": 4, "lastLogTerm": 0, "candidateId": "n5"}}
DEBUG:root:sending {"dest": "n2", "src": "n5", "body": {"msg_id": 123, "type": "RequestVote", "term": 21, "prevLogIndex": 4, "lastLogTerm": 0, "candidateId": "n5"}}
DEBUG:root:sending {"dest": "n3", "src": "n5", "body": {"msg_id": 124, "type": "RequestVote", "term": 21, "prevLogIndex": 4, "lastLogTerm": 0, "candidateId": "n5"}}
DEBUG:root:sending {"dest": "n4", "src": "n5", "body": {"msg_id": 125, "type": "RequestVote", "term": 21, "prevLogIndex": 4, "lastLogTerm": 0, "candidateId": "n5"}}
DEBUG:root:sending {"dest": "n5", "src": "n5", "body": {"msg_id": 126, "type": "RequestVote", "term": 21, "prevLogIndex": 4, "lastLogTerm": 0, "candidateId": "n5"}}
DEBUG:root:received {"dest":"n5","src":"n5","body":{"msg_id":126,"type":"RequestVote","term":21,"prevLogIndex":4,"lastLogTerm":0,"candidateId":"n5"},"id":690}
INFO:root:voting for myself
n5
at time
1651673276753628960
nr votes
0

DEBUG:root:sending {"dest": "n5", "src": "n5", "body": {"msg_id": 127, "in_reply_to": 126, "type": "RequestVoteRes", "term": 21, "res": true}}
DEBUG:root:received {"dest":"n5","src":"n4","body":{"msg_id":144,"in_reply_to":125,"type":"RequestVoteRes","term":18,"res":false},"id":691}
DEBUG:root:received {"dest":"n5","src":"n2","body":{"msg_id":193,"in_reply_to":123,"type":"RequestVoteRes","term":18,"res":false},"id":692}
DEBUG:root:received {"dest":"n5","src":"n5","body":{"msg_id":127,"in_reply_to":126,"type":"RequestVoteRes","term":21,"res":true},"id":693}
DEBUG:root:received {"dest":"n5","src":"n3","body":{"msg_id":111,"in_reply_to":124,"type":"RequestVoteRes","term":17,"res":false},"id":694}
INFO:root:Got a response to the vote Request #475

INFO:root:node id:
n5
leader
n5
kvsotr
{}
cur term
21
log 
[(('pass', None), 0), [['pass', None], 0], [['cas', [1, [3, 2]]], 14], [['write', [1, 4]], 4], [['pass', None], 0]]
commit indez e last applied
1
1
candidate, votes, voted for
True
0
n5
timeout dict
{'n1': 1651673275977192930, 'n2': 1651673276719794068, 'n3': 1651673276739777053, 'n4': 1651673276757178997, 'n5': 1651673276753617945}
curr time
1651673276757934501

INFO:root:resposta
False
majority
3

INFO:root:Got a response to the vote Request #475

INFO:root:node id:
n5
leader
n5
kvsotr
{}
cur term
21
log 
[(('pass', None), 0), [['pass', None], 0], [['cas', [1, [3, 2]]], 14], [['write', [1, 4]], 4], [['pass', None], 0]]
commit indez e last applied
1
1
candidate, votes, voted for
True
0
n5
timeout dict
{'n1': 1651673275977192930, 'n2': 1651673276758469244, 'n3': 1651673276739777053, 'n4': 1651673276757178997, 'n5': 1651673276753617945}
curr time
1651673276758658300

INFO:root:resposta
False
majority
3

INFO:root:Got a response to the vote Request #475

INFO:root:node id:
n5
leader
n5
kvsotr
{}
cur term
21
log 
[(('pass', None), 0), [['pass', None], 0], [['cas', [1, [3, 2]]], 14], [['write', [1, 4]], 4], [['pass', None], 0]]
commit indez e last applied
1
1
candidate, votes, voted for
True
0
n5
timeout dict
{'n1': 1651673275977192930, 'n2': 1651673276758469244, 'n3': 1651673276739777053, 'n4': 1651673276757178997, 'n5': 1651673276759122918}
curr time
1651673276759276714

INFO:root:resposta
True
majority
3

INFO:root:antes  #487
0

INFO:root:depois  #489
1

INFO:root:Got a response to the vote Request #475

INFO:root:node id:
n5
leader
n5
kvsotr
{}
cur term
21
log 
[(('pass', None), 0), [['pass', None], 0], [['cas', [1, [3, 2]]], 14], [['write', [1, 4]], 4], [['pass', None], 0]]
commit indez e last applied
1
1
candidate, votes, voted for
True
1
n5
timeout dict
{'n1': 1651673275977192930, 'n2': 1651673276758469244, 'n3': 1651673276759981477, 'n4': 1651673276757178997, 'n5': 1651673276759122918}
curr time
1651673276760129358

INFO:root:resposta
False
majority
3

DEBUG:root:received {"dest":"n5","src":"n2","body":{"msg_id":198,"type":"RequestVote","term":19,"prevLogIndex":5,"lastLogTerm":0,"candidateId":"n2"},"id":699}
DEBUG:root:sending {"dest": "n2", "src": "n5", "body": {"msg_id": 128, "in_reply_to": 198, "type": "RequestVoteRes", "term": 21, "res": false}}
INFO:root:Bad election request, term is not up to date
n5
at time
1651673276766478250

DEBUG:root:received {"dest":"n5","src":"n4","body":{"msg_id":150,"type":"RequestVote","term":19,"prevLogIndex":6,"lastLogTerm":14,"candidateId":"n4"},"id":708}
DEBUG:root:sending {"dest": "n4", "src": "n5", "body": {"msg_id": 129, "in_reply_to": 150, "type": "RequestVoteRes", "term": 21, "res": false}}
INFO:root:Bad election request, term is not up to date
n5
at time
1651673276775517511

DEBUG:root:received {"dest":"n5","src":"n4","body":{"msg_id":156,"type":"RequestVote","term":20,"prevLogIndex":6,"lastLogTerm":14,"candidateId":"n4"},"id":717}
DEBUG:root:sending {"dest": "n4", "src": "n5", "body": {"msg_id": 130, "in_reply_to": 156, "type": "RequestVoteRes", "term": 21, "res": false}}
INFO:root:Bad election request, term is not up to date
n5
at time
1651673276792622957

DEBUG:root:received {"dest":"n5","src":"n2","body":{"msg_id":205,"type":"RequestVote","term":20,"prevLogIndex":5,"lastLogTerm":0,"candidateId":"n2"},"id":723}
DEBUG:root:sending {"dest": "n2", "src": "n5", "body": {"msg_id": 131, "in_reply_to": 205, "type": "RequestVoteRes", "term": 21, "res": false}}
INFO:root:Bad election request, term is not up to date
n5
at time
1651673276795691677

INFO:root:election timeout, starting new election

INFO:root:starting new elections, new term
22
sec, min max hb
0.46298129952198364
0.3333333333333333
0.5

INFO:root:Requesting new Vote

DEBUG:root:sending {"dest": "n1", "src": "n5", "body": {"msg_id": 132, "type": "RequestVote", "term": 22, "prevLogIndex": 4, "lastLogTerm": 0, "candidateId": "n5"}}
DEBUG:root:sending {"dest": "n2", "src": "n5", "body": {"msg_id": 133, "type": "RequestVote", "term": 22, "prevLogIndex": 4, "lastLogTerm": 0, "candidateId": "n5"}}
DEBUG:root:sending {"dest": "n3", "src": "n5", "body": {"msg_id": 134, "type": "RequestVote", "term": 22, "prevLogIndex": 4, "lastLogTerm": 0, "candidateId": "n5"}}
DEBUG:root:sending {"dest": "n4", "src": "n5", "body": {"msg_id": 135, "type": "RequestVote", "term": 22, "prevLogIndex": 4, "lastLogTerm": 0, "candidateId": "n5"}}
DEBUG:root:sending {"dest": "n5", "src": "n5", "body": {"msg_id": 136, "type": "RequestVote", "term": 22, "prevLogIndex": 4, "lastLogTerm": 0, "candidateId": "n5"}}
DEBUG:root:received {"dest":"n5","src":"n5","body":{"msg_id":136,"type":"RequestVote","term":22,"prevLogIndex":4,"lastLogTerm":0,"candidateId":"n5"},"id":735}
INFO:root:voting for myself
n5
at time
1651673276815262308
nr votes
0

DEBUG:root:sending {"dest": "n5", "src": "n5", "body": {"msg_id": 137, "in_reply_to": 136, "type": "RequestVoteRes", "term": 22, "res": true}}
DEBUG:root:received {"dest":"n5","src":"n5","body":{"msg_id":137,"in_reply_to":136,"type":"RequestVoteRes","term":22,"res":true},"id":736}
INFO:root:Got a response to the vote Request #475

INFO:root:node id:
n5
leader
n5
kvsotr
{}
cur term
22
log 
[(('pass', None), 0), [['pass', None], 0], [['cas', [1, [3, 2]]], 14], [['write', [1, 4]], 4], [['pass', None], 0]]
commit indez e last applied
1
1
candidate, votes, voted for
True
0
n5
timeout dict
{'n1': 1651673275977192930, 'n2': 1651673276795253236, 'n3': 1651673276759981477, 'n4': 1651673276792234292, 'n5': 1651673276817856867}
curr time
1651673276818063742

INFO:root:resposta
True
majority
3

INFO:root:antes  #487
0

INFO:root:depois  #489
1

DEBUG:root:received {"dest":"n5","src":"n3","body":{"msg_id":116,"in_reply_to":134,"type":"RequestVoteRes","term":17,"res":false},"id":737}
INFO:root:Got a response to the vote Request #475

INFO:root:node id:
n5
leader
n5
kvsotr
{}
cur term
22
log 
[(('pass', None), 0), [['pass', None], 0], [['cas', [1, [3, 2]]], 14], [['write', [1, 4]], 4], [['pass', None], 0]]
commit indez e last applied
1
1
candidate, votes, voted for
True
1
n5
timeout dict
{'n1': 1651673275977192930, 'n2': 1651673276795253236, 'n3': 1651673276819322543, 'n4': 1651673276792234292, 'n5': 1651673276817856867}
curr time
1651673276819556024

INFO:root:resposta
False
majority
3

DEBUG:root:received {"dest":"n5","src":"n2","body":{"msg_id":208,"in_reply_to":133,"type":"RequestVoteRes","term":20,"res":false},"id":738}
INFO:root:Got a response to the vote Request #475

INFO:root:node id:
n5
leader
n5
kvsotr
{}
cur term
22
log 
[(('pass', None), 0), [['pass', None], 0], [['cas', [1, [3, 2]]], 14], [['write', [1, 4]], 4], [['pass', None], 0]]
commit indez e last applied
1
1
candidate, votes, voted for
True
1
n5
timeout dict
{'n1': 1651673275977192930, 'n2': 1651673276823782348, 'n3': 1651673276819322543, 'n4': 1651673276792234292, 'n5': 1651673276817856867}
curr time
1651673276824012789

INFO:root:resposta
False
majority
3

DEBUG:root:received {"dest":"n5","src":"n4","body":{"msg_id":159,"in_reply_to":135,"type":"RequestVoteRes","term":20,"res":false},"id":739}
INFO:root:Got a response to the vote Request #475

INFO:root:node id:
n5
leader
n5
kvsotr
{}
cur term
22
log 
[(('pass', None), 0), [['pass', None], 0], [['cas', [1, [3, 2]]], 14], [['write', [1, 4]], 4], [['pass', None], 0]]
commit indez e last applied
1
1
candidate, votes, voted for
True
1
n5
timeout dict
{'n1': 1651673275977192930, 'n2': 1651673276823782348, 'n3': 1651673276819322543, 'n4': 1651673276828226481, 'n5': 1651673276817856867}
curr time
1651673276828506245

INFO:root:resposta
False
majority
3

INFO:root:election timeout, starting new election

INFO:root:starting new elections, new term
23
sec, min max hb
0.34804417739323057
0.3333333333333333
0.5

INFO:root:Requesting new Vote

DEBUG:root:sending {"dest": "n1", "src": "n5", "body": {"msg_id": 138, "type": "RequestVote", "term": 23, "prevLogIndex": 4, "lastLogTerm": 0, "candidateId": "n5"}}
DEBUG:root:sending {"dest": "n2", "src": "n5", "body": {"msg_id": 139, "type": "RequestVote", "term": 23, "prevLogIndex": 4, "lastLogTerm": 0, "candidateId": "n5"}}
DEBUG:root:sending {"dest": "n3", "src": "n5", "body": {"msg_id": 140, "type": "RequestVote", "term": 23, "prevLogIndex": 4, "lastLogTerm": 0, "candidateId": "n5"}}
DEBUG:root:sending {"dest": "n4", "src": "n5", "body": {"msg_id": 141, "type": "RequestVote", "term": 23, "prevLogIndex": 4, "lastLogTerm": 0, "candidateId": "n5"}}
DEBUG:root:sending {"dest": "n5", "src": "n5", "body": {"msg_id": 142, "type": "RequestVote", "term": 23, "prevLogIndex": 4, "lastLogTerm": 0, "candidateId": "n5"}}
DEBUG:root:received {"dest":"n5","src":"n5","body":{"msg_id":142,"type":"RequestVote","term":23,"prevLogIndex":4,"lastLogTerm":0,"candidateId":"n5"},"id":744}
INFO:root:voting for myself
n5
at time
1651673276970796145
nr votes
0

DEBUG:root:sending {"dest": "n5", "src": "n5", "body": {"msg_id": 143, "in_reply_to": 142, "type": "RequestVoteRes", "term": 23, "res": true}}
DEBUG:root:received {"dest":"n5","src":"n3","body":{"msg_id":117,"in_reply_to":140,"type":"RequestVoteRes","term":17,"res":false},"id":745}
DEBUG:root:received {"dest":"n5","src":"n5","body":{"msg_id":143,"in_reply_to":142,"type":"RequestVoteRes","term":23,"res":true},"id":746}
DEBUG:root:received {"dest":"n5","src":"n4","body":{"msg_id":160,"in_reply_to":141,"type":"RequestVoteRes","term":20,"res":false},"id":747}
DEBUG:root:received {"dest":"n5","src":"n2","body":{"msg_id":209,"in_reply_to":139,"type":"RequestVoteRes","term":20,"res":false},"id":748}
INFO:root:Got a response to the vote Request #475

INFO:root:node id:
n5
leader
n5
kvsotr
{}
cur term
23
log 
[(('pass', None), 0), [['pass', None], 0], [['cas', [1, [3, 2]]], 14], [['write', [1, 4]], 4], [['pass', None], 0]]
commit indez e last applied
1
1
candidate, votes, voted for
True
0
n5
timeout dict
{'n1': 1651673275977192930, 'n2': 1651673276823782348, 'n3': 1651673276973503134, 'n4': 1651673276828226481, 'n5': 1651673276970786438}
curr time
1651673276973768240

INFO:root:resposta
False
majority
3

INFO:root:Got a response to the vote Request #475

INFO:root:node id:
n5
leader
n5
kvsotr
{}
cur term
23
log 
[(('pass', None), 0), [['pass', None], 0], [['cas', [1, [3, 2]]], 14], [['write', [1, 4]], 4], [['pass', None], 0]]
commit indez e last applied
1
1
candidate, votes, voted for
True
0
n5
timeout dict
{'n1': 1651673275977192930, 'n2': 1651673276823782348, 'n3': 1651673276973503134, 'n4': 1651673276828226481, 'n5': 1651673276974263544}
curr time
1651673276974399503

INFO:root:resposta
True
majority
3

INFO:root:antes  #487
0

INFO:root:depois  #489
1

INFO:root:Got a response to the vote Request #475

INFO:root:node id:
n5
leader
n5
kvsotr
{}
cur term
23
log 
[(('pass', None), 0), [['pass', None], 0], [['cas', [1, [3, 2]]], 14], [['write', [1, 4]], 4], [['pass', None], 0]]
commit indez e last applied
1
1
candidate, votes, voted for
True
1
n5
timeout dict
{'n1': 1651673275977192930, 'n2': 1651673276823782348, 'n3': 1651673276973503134, 'n4': 1651673276975052652, 'n5': 1651673276974263544}
curr time
1651673276975182284

INFO:root:resposta
False
majority
3

INFO:root:Got a response to the vote Request #475

INFO:root:node id:
n5
leader
n5
kvsotr
{}
cur term
23
log 
[(('pass', None), 0), [['pass', None], 0], [['cas', [1, [3, 2]]], 14], [['write', [1, 4]], 4], [['pass', None], 0]]
commit indez e last applied
1
1
candidate, votes, voted for
True
1
n5
timeout dict
{'n1': 1651673275977192930, 'n2': 1651673276975618898, 'n3': 1651673276973503134, 'n4': 1651673276975052652, 'n5': 1651673276974263544}
curr time
1651673276975747914

INFO:root:resposta
False
majority
3

DEBUG:root:received {"dest":"n5","src":"n3","body":{"msg_id":122,"type":"RequestVote","term":18,"prevLogIndex":9,"lastLogTerm":0,"candidateId":"n3"},"id":753}
DEBUG:root:sending {"dest": "n3", "src": "n5", "body": {"msg_id": 144, "in_reply_to": 122, "type": "RequestVoteRes", "term": 23, "res": false}}
INFO:root:Bad election request, term is not up to date
n5
at time
1651673276979042745

