DEBUG:root:received {"dest":"n2","body":{"type":"init","node_id":"n2","node_ids":["n1","n2","n3","n4","n5"],"msg_id":1},"src":"c2","id":2}
INFO:root:node n2 initialized
DEBUG:root:sending {"dest": "c2", "src": "n2", "body": {"msg_id": 1, "in_reply_to": 1, "type": "init_ok"}}
DEBUG:root:received {"dest":"n2","src":"n1","body":{"msg_id":3,"type":"AppendEntries","term":0,"prevIndex":0,"prevTerm":0,"entries":[[["pass",null],0]],"commit":0},"id":11}
DEBUG:root:sending {"dest": "n1", "src": "n2", "body": {"msg_id": 2, "in_reply_to": 3, "type": "AppendEntriesRes", "res": true, "term": 0, "next": 1, "commit": 0}}
DEBUG:root:received {"dest":"n2","src":"n1","body":{"msg_id":9,"type":"AppendEntries","term":0,"prevIndex":0,"prevTerm":0,"entries":[[["pass",null],0]],"commit":0},"id":21}
DEBUG:root:sending {"dest": "n1", "src": "n2", "body": {"msg_id": 3, "in_reply_to": 9, "type": "AppendEntriesRes", "res": true, "term": 0, "next": 1, "commit": 0}}
DEBUG:root:received {"dest":"n2","src":"n1","body":{"msg_id":15,"type":"AppendEntries","term":0,"prevIndex":0,"prevTerm":0,"entries":[[["pass",null],0]],"commit":0},"id":33}
DEBUG:root:sending {"dest": "n1", "src": "n2", "body": {"msg_id": 4, "in_reply_to": 15, "type": "AppendEntriesRes", "res": true, "term": 0, "next": 1, "commit": 0}}
DEBUG:root:received {"dest":"n2","src":"n1","body":{"msg_id":21,"type":"AppendEntries","term":0,"prevIndex":0,"prevTerm":0,"entries":[[["pass",null],0]],"commit":0},"id":45}
DEBUG:root:sending {"dest": "n1", "src": "n2", "body": {"msg_id": 5, "in_reply_to": 21, "type": "AppendEntriesRes", "res": true, "term": 0, "next": 1, "commit": 0}}
DEBUG:root:received {"dest":"n2","src":"n1","body":{"msg_id":27,"type":"AppendEntries","term":0,"prevIndex":0,"prevTerm":0,"entries":[[["pass",null],0]],"commit":0},"id":55}
DEBUG:root:sending {"dest": "n1", "src": "n2", "body": {"msg_id": 6, "in_reply_to": 27, "type": "AppendEntriesRes", "res": true, "term": 0, "next": 1, "commit": 0}}
DEBUG:root:received {"dest":"n2","src":"n1","body":{"msg_id":33,"type":"AppendEntries","term":0,"prevIndex":0,"prevTerm":0,"entries":[[["pass",null],0]],"commit":0},"id":67}
DEBUG:root:sending {"dest": "n1", "src": "n2", "body": {"msg_id": 7, "in_reply_to": 33, "type": "AppendEntriesRes", "res": true, "term": 0, "next": 1, "commit": 0}}
DEBUG:root:received {"dest":"n2","src":"n1","body":{"msg_id":39,"type":"AppendEntries","term":0,"prevIndex":0,"prevTerm":0,"entries":[[["pass",null],0]],"commit":0},"id":77}
DEBUG:root:sending {"dest": "n1", "src": "n2", "body": {"msg_id": 8, "in_reply_to": 39, "type": "AppendEntriesRes", "res": true, "term": 0, "next": 1, "commit": 0}}
DEBUG:root:received {"dest":"n2","src":"n1","body":{"msg_id":45,"type":"AppendEntries","term":0,"prevIndex":0,"prevTerm":0,"entries":[[["pass",null],0]],"commit":0},"id":87}
DEBUG:root:sending {"dest": "n1", "src": "n2", "body": {"msg_id": 9, "in_reply_to": 45, "type": "AppendEntriesRes", "res": true, "term": 0, "next": 1, "commit": 0}}
DEBUG:root:received {"dest":"n2","src":"n1","body":{"msg_id":51,"type":"AppendEntries","term":0,"prevIndex":0,"prevTerm":0,"entries":[[["pass",null],0]],"commit":0},"id":97}
DEBUG:root:sending {"dest": "n1", "src": "n2", "body": {"msg_id": 10, "in_reply_to": 51, "type": "AppendEntriesRes", "res": true, "term": 0, "next": 1, "commit": 0}}
DEBUG:root:received {"dest":"n2","src":"n1","body":{"msg_id":57,"type":"AppendEntries","term":0,"prevIndex":0,"prevTerm":0,"entries":[[["pass",null],0]],"commit":0},"id":109}
DEBUG:root:sending {"dest": "n1", "src": "n2", "body": {"msg_id": 11, "in_reply_to": 57, "type": "AppendEntriesRes", "res": true, "term": 0, "next": 1, "commit": 0}}
DEBUG:root:received {"dest":"n2","src":"n1","body":{"msg_id":63,"type":"AppendEntries","term":0,"prevIndex":0,"prevTerm":0,"entries":[[["pass",null],0]],"commit":0},"id":119}
DEBUG:root:sending {"dest": "n1", "src": "n2", "body": {"msg_id": 12, "in_reply_to": 63, "type": "AppendEntriesRes", "res": true, "term": 0, "next": 1, "commit": 0}}
DEBUG:root:received {"dest":"n2","src":"n1","body":{"msg_id":69,"type":"AppendEntries","term":0,"prevIndex":0,"prevTerm":0,"entries":[[["pass",null],0]],"commit":0},"id":131}
DEBUG:root:sending {"dest": "n1", "src": "n2", "body": {"msg_id": 13, "in_reply_to": 69, "type": "AppendEntriesRes", "res": true, "term": 0, "next": 1, "commit": 0}}
DEBUG:root:received {"dest":"n2","src":"n1","body":{"msg_id":75,"type":"AppendEntries","term":0,"prevIndex":0,"prevTerm":0,"entries":[[["pass",null],0]],"commit":0},"id":141}
DEBUG:root:sending {"dest": "n1", "src": "n2", "body": {"msg_id": 14, "in_reply_to": 75, "type": "AppendEntriesRes", "res": true, "term": 0, "next": 1, "commit": 0}}
DEBUG:root:received {"dest":"n2","src":"n1","body":{"msg_id":81,"type":"AppendEntries","term":0,"prevIndex":0,"prevTerm":0,"entries":[[["pass",null],0]],"commit":0},"id":151}
DEBUG:root:sending {"dest": "n1", "src": "n2", "body": {"msg_id": 15, "in_reply_to": 81, "type": "AppendEntriesRes", "res": true, "term": 0, "next": 1, "commit": 0}}
DEBUG:root:received {"dest":"n2","src":"n1","body":{"msg_id":87,"type":"AppendEntries","term":0,"prevIndex":0,"prevTerm":0,"entries":[[["pass",null],0]],"commit":0},"id":161}
DEBUG:root:sending {"dest": "n1", "src": "n2", "body": {"msg_id": 16, "in_reply_to": 87, "type": "AppendEntriesRes", "res": true, "term": 0, "next": 1, "commit": 0}}
DEBUG:root:received {"dest":"n2","src":"n1","body":{"msg_id":93,"type":"AppendEntries","term":0,"prevIndex":0,"prevTerm":0,"entries":[[["pass",null],0]],"commit":0},"id":171}
DEBUG:root:sending {"dest": "n1", "src": "n2", "body": {"msg_id": 17, "in_reply_to": 93, "type": "AppendEntriesRes", "res": true, "term": 0, "next": 1, "commit": 0}}
DEBUG:root:received {"dest":"n2","src":"n1","body":{"msg_id":99,"type":"AppendEntries","term":0,"prevIndex":0,"prevTerm":0,"entries":[[["pass",null],0]],"commit":0},"id":181}
DEBUG:root:sending {"dest": "n1", "src": "n2", "body": {"msg_id": 18, "in_reply_to": 99, "type": "AppendEntriesRes", "res": true, "term": 0, "next": 1, "commit": 0}}
DEBUG:root:received {"dest":"n2","src":"n1","body":{"msg_id":105,"type":"AppendEntries","term":0,"prevIndex":0,"prevTerm":0,"entries":[[["pass",null],0]],"commit":0},"id":191}
DEBUG:root:sending {"dest": "n1", "src": "n2", "body": {"msg_id": 19, "in_reply_to": 105, "type": "AppendEntriesRes", "res": true, "term": 0, "next": 1, "commit": 0}}
DEBUG:root:received {"dest":"n2","src":"n1","body":{"msg_id":111,"type":"AppendEntries","term":0,"prevIndex":0,"prevTerm":0,"entries":[[["pass",null],0]],"commit":0},"id":201}
DEBUG:root:sending {"dest": "n1", "src": "n2", "body": {"msg_id": 20, "in_reply_to": 111, "type": "AppendEntriesRes", "res": true, "term": 0, "next": 1, "commit": 0}}
DEBUG:root:received {"dest":"n2","src":"n1","body":{"msg_id":117,"type":"AppendEntries","term":0,"prevIndex":0,"prevTerm":0,"entries":[[["pass",null],0]],"commit":0},"id":211}
DEBUG:root:sending {"dest": "n1", "src": "n2", "body": {"msg_id": 21, "in_reply_to": 117, "type": "AppendEntriesRes", "res": true, "term": 0, "next": 1, "commit": 0}}
DEBUG:root:received {"dest":"n2","src":"n1","body":{"msg_id":122,"type":"AppendEntries","term":0,"entries":[[["write",[1,4]],0]],"prevIndex":0,"prevTerm":0,"commit":0},"id":221}
DEBUG:root:sending {"dest": "n1", "src": "n2", "body": {"msg_id": 22, "in_reply_to": 122, "type": "AppendEntriesRes", "res": true, "term": 0, "next": 1, "commit": 0}}
DEBUG:root:received {"dest":"n2","src":"n1","body":{"msg_id":127,"type":"AppendEntries","term":0,"prevIndex":0,"prevTerm":0,"entries":[[["pass",null],0],[["write",[1,4]],0]],"commit":0},"id":230}
DEBUG:root:sending {"dest": "n1", "src": "n2", "body": {"msg_id": 23, "in_reply_to": 127, "type": "AppendEntriesRes", "res": true, "term": 0, "next": 1, "commit": 0}}
DEBUG:root:received {"dest":"n2","src":"n1","body":{"msg_id":133,"type":"AppendEntries","term":0,"prevIndex":0,"prevTerm":0,"entries":[[["pass",null],0],[["write",[1,4]],0]],"commit":0},"id":240}
DEBUG:root:sending {"dest": "n1", "src": "n2", "body": {"msg_id": 24, "in_reply_to": 133, "type": "AppendEntriesRes", "res": true, "term": 0, "next": 1, "commit": 0}}
DEBUG:root:received {"dest":"n2","src":"n1","body":{"msg_id":139,"type":"AppendEntries","term":0,"prevIndex":0,"prevTerm":0,"entries":[[["pass",null],0],[["write",[1,4]],0]],"commit":0},"id":250}
DEBUG:root:sending {"dest": "n1", "src": "n2", "body": {"msg_id": 25, "in_reply_to": 139, "type": "AppendEntriesRes", "res": true, "term": 0, "next": 1, "commit": 0}}
DEBUG:root:received {"dest":"n2","src":"n1","body":{"msg_id":145,"type":"AppendEntries","term":0,"prevIndex":0,"prevTerm":0,"entries":[[["pass",null],0],[["write",[1,4]],0]],"commit":0},"id":260}
DEBUG:root:sending {"dest": "n1", "src": "n2", "body": {"msg_id": 26, "in_reply_to": 145, "type": "AppendEntriesRes", "res": true, "term": 0, "next": 1, "commit": 0}}
DEBUG:root:received {"dest":"n2","src":"n1","body":{"msg_id":151,"type":"AppendEntries","term":0,"prevIndex":0,"prevTerm":0,"entries":[[["pass",null],0],[["write",[1,4]],0]],"commit":0},"id":270}
DEBUG:root:sending {"dest": "n1", "src": "n2", "body": {"msg_id": 27, "in_reply_to": 151, "type": "AppendEntriesRes", "res": true, "term": 0, "next": 1, "commit": 0}}
DEBUG:root:received {"dest":"n2","src":"n1","body":{"msg_id":157,"type":"AppendEntries","term":0,"prevIndex":0,"prevTerm":0,"entries":[[["pass",null],0],[["write",[1,4]],0]],"commit":0},"id":280}
DEBUG:root:sending {"dest": "n1", "src": "n2", "body": {"msg_id": 28, "in_reply_to": 157, "type": "AppendEntriesRes", "res": true, "term": 0, "next": 1, "commit": 0}}
DEBUG:root:received {"dest":"n2","src":"n1","body":{"msg_id":163,"type":"AppendEntries","term":0,"prevIndex":0,"prevTerm":0,"entries":[[["pass",null],0],[["write",[1,4]],0]],"commit":0},"id":290}
DEBUG:root:sending {"dest": "n1", "src": "n2", "body": {"msg_id": 29, "in_reply_to": 163, "type": "AppendEntriesRes", "res": true, "term": 0, "next": 1, "commit": 0}}
DEBUG:root:received {"dest":"n2","src":"n1","body":{"msg_id":169,"type":"AppendEntries","term":0,"prevIndex":0,"prevTerm":0,"entries":[[["pass",null],0],[["write",[1,4]],0]],"commit":0},"id":300}
DEBUG:root:sending {"dest": "n1", "src": "n2", "body": {"msg_id": 30, "in_reply_to": 169, "type": "AppendEntriesRes", "res": true, "term": 0, "next": 1, "commit": 0}}
DEBUG:root:received {"dest":"n2","body":{"key":0,"type":"read","msg_id":1},"src":"c16","id":309}
DEBUG:root:sending {"dest": "c16", "src": "n2", "body": {"msg_id": 31, "in_reply_to": 1, "type": "error", "code": 11, "text": "Not Leader"}}
DEBUG:root:received {"dest":"n2","src":"n1","body":{"msg_id":175,"type":"AppendEntries","term":0,"prevIndex":0,"prevTerm":0,"entries":[[["pass",null],0],[["write",[1,4]],0]],"commit":0},"id":312}
DEBUG:root:sending {"dest": "n1", "src": "n2", "body": {"msg_id": 32, "in_reply_to": 175, "type": "AppendEntriesRes", "res": true, "term": 0, "next": 1, "commit": 0}}
DEBUG:root:received {"dest":"n2","src":"n1","body":{"msg_id":181,"type":"AppendEntries","term":0,"prevIndex":0,"prevTerm":0,"entries":[[["pass",null],0],[["write",[1,4]],0]],"commit":0},"id":322}
DEBUG:root:sending {"dest": "n1", "src": "n2", "body": {"msg_id": 33, "in_reply_to": 181, "type": "AppendEntriesRes", "res": true, "term": 0, "next": 1, "commit": 0}}
DEBUG:root:received {"dest":"n2","src":"n1","body":{"msg_id":187,"type":"AppendEntries","term":0,"prevIndex":0,"prevTerm":0,"entries":[[["pass",null],0],[["write",[1,4]],0]],"commit":0},"id":334}
DEBUG:root:sending {"dest": "n1", "src": "n2", "body": {"msg_id": 34, "in_reply_to": 187, "type": "AppendEntriesRes", "res": true, "term": 0, "next": 1, "commit": 0}}
DEBUG:root:received {"dest":"n2","src":"n1","body":{"msg_id":193,"type":"AppendEntries","term":0,"prevIndex":0,"prevTerm":0,"entries":[[["pass",null],0],[["write",[1,4]],0]],"commit":0},"id":344}
DEBUG:root:sending {"dest": "n1", "src": "n2", "body": {"msg_id": 35, "in_reply_to": 193, "type": "AppendEntriesRes", "res": true, "term": 0, "next": 1, "commit": 0}}
DEBUG:root:received {"dest":"n2","body":{"key":0,"value":1,"type":"write","msg_id":1},"src":"c18","id":353}
DEBUG:root:sending {"dest": "c18", "src": "n2", "body": {"msg_id": 36, "in_reply_to": 1, "type": "error", "code": 11, "text": "Not Leader"}}
DEBUG:root:received {"dest":"n2","src":"n1","body":{"msg_id":199,"type":"AppendEntries","term":0,"prevIndex":0,"prevTerm":0,"entries":[[["pass",null],0],[["write",[1,4]],0]],"commit":0},"id":356}
DEBUG:root:sending {"dest": "n1", "src": "n2", "body": {"msg_id": 37, "in_reply_to": 199, "type": "AppendEntriesRes", "res": true, "term": 0, "next": 1, "commit": 0}}
DEBUG:root:received {"dest":"n2","src":"n1","body":{"msg_id":205,"type":"AppendEntries","term":0,"prevIndex":0,"prevTerm":0,"entries":[[["pass",null],0],[["write",[1,4]],0]],"commit":0},"id":366}
DEBUG:root:sending {"dest": "n1", "src": "n2", "body": {"msg_id": 38, "in_reply_to": 205, "type": "AppendEntriesRes", "res": true, "term": 0, "next": 1, "commit": 0}}
DEBUG:root:received {"dest":"n2","src":"n1","body":{"msg_id":211,"type":"AppendEntries","term":0,"prevIndex":0,"prevTerm":0,"entries":[[["pass",null],0],[["write",[1,4]],0]],"commit":0},"id":376}
DEBUG:root:sending {"dest": "n1", "src": "n2", "body": {"msg_id": 39, "in_reply_to": 211, "type": "AppendEntriesRes", "res": true, "term": 0, "next": 1, "commit": 0}}
DEBUG:root:received {"dest":"n2","src":"n1","body":{"msg_id":217,"type":"AppendEntries","term":0,"prevIndex":0,"prevTerm":0,"entries":[[["pass",null],0],[["write",[1,4]],0]],"commit":0},"id":386}
DEBUG:root:sending {"dest": "n1", "src": "n2", "body": {"msg_id": 40, "in_reply_to": 217, "type": "AppendEntriesRes", "res": true, "term": 0, "next": 1, "commit": 0}}
DEBUG:root:received {"dest":"n2","src":"n1","body":{"msg_id":223,"type":"AppendEntries","term":0,"prevIndex":0,"prevTerm":0,"entries":[[["pass",null],0],[["write",[1,4]],0]],"commit":0},"id":396}
DEBUG:root:sending {"dest": "n1", "src": "n2", "body": {"msg_id": 41, "in_reply_to": 223, "type": "AppendEntriesRes", "res": true, "term": 0, "next": 1, "commit": 0}}
DEBUG:root:received {"dest":"n2","src":"n1","body":{"msg_id":229,"type":"AppendEntries","term":0,"prevIndex":0,"prevTerm":0,"entries":[[["pass",null],0],[["write",[1,4]],0]],"commit":0},"id":406}
DEBUG:root:sending {"dest": "n1", "src": "n2", "body": {"msg_id": 42, "in_reply_to": 229, "type": "AppendEntriesRes", "res": true, "term": 0, "next": 1, "commit": 0}}
DEBUG:root:received {"dest":"n2","src":"n1","body":{"msg_id":235,"type":"AppendEntries","term":0,"prevIndex":0,"prevTerm":0,"entries":[[["pass",null],0],[["write",[1,4]],0]],"commit":0},"id":416}
DEBUG:root:sending {"dest": "n1", "src": "n2", "body": {"msg_id": 43, "in_reply_to": 235, "type": "AppendEntriesRes", "res": true, "term": 0, "next": 1, "commit": 0}}
DEBUG:root:received {"dest":"n2","src":"n1","body":{"msg_id":241,"type":"AppendEntries","term":0,"prevIndex":0,"prevTerm":0,"entries":[[["pass",null],0],[["write",[1,4]],0]],"commit":0},"id":426}
DEBUG:root:sending {"dest": "n1", "src": "n2", "body": {"msg_id": 44, "in_reply_to": 241, "type": "AppendEntriesRes", "res": true, "term": 0, "next": 1, "commit": 0}}
DEBUG:root:received {"dest":"n2","src":"n1","body":{"msg_id":247,"type":"AppendEntries","term":0,"prevIndex":0,"prevTerm":0,"entries":[[["pass",null],0],[["write",[1,4]],0]],"commit":0},"id":436}
DEBUG:root:sending {"dest": "n1", "src": "n2", "body": {"msg_id": 45, "in_reply_to": 247, "type": "AppendEntriesRes", "res": true, "term": 0, "next": 1, "commit": 0}}
DEBUG:root:received {"dest":"n2","body":{"key":1,"from":1,"to":3,"type":"cas","msg_id":1},"src":"c19","id":445}
DEBUG:root:sending {"dest": "c19", "src": "n2", "body": {"msg_id": 46, "in_reply_to": 1, "type": "error", "code": 11, "text": "Not Leader"}}
DEBUG:root:received {"dest":"n2","src":"n1","body":{"msg_id":253,"type":"AppendEntries","term":0,"prevIndex":0,"prevTerm":0,"entries":[[["pass",null],0],[["write",[1,4]],0]],"commit":0},"id":448}
DEBUG:root:sending {"dest": "n1", "src": "n2", "body": {"msg_id": 47, "in_reply_to": 253, "type": "AppendEntriesRes", "res": true, "term": 0, "next": 1, "commit": 0}}
DEBUG:root:received {"dest":"n2","src":"n1","body":{"msg_id":259,"type":"AppendEntries","term":0,"prevIndex":0,"prevTerm":0,"entries":[[["pass",null],0],[["write",[1,4]],0]],"commit":0},"id":458}
DEBUG:root:sending {"dest": "n1", "src": "n2", "body": {"msg_id": 48, "in_reply_to": 259, "type": "AppendEntriesRes", "res": true, "term": 0, "next": 1, "commit": 0}}
DEBUG:root:received {"dest":"n2","src":"n1","body":{"msg_id":265,"type":"AppendEntries","term":0,"prevIndex":0,"prevTerm":0,"entries":[[["pass",null],0],[["write",[1,4]],0]],"commit":0},"id":468}
DEBUG:root:sending {"dest": "n1", "src": "n2", "body": {"msg_id": 49, "in_reply_to": 265, "type": "AppendEntriesRes", "res": true, "term": 0, "next": 1, "commit": 0}}
DEBUG:root:received {"dest":"n2","src":"n1","body":{"msg_id":271,"type":"AppendEntries","term":0,"prevIndex":0,"prevTerm":0,"entries":[[["pass",null],0],[["write",[1,4]],0]],"commit":0},"id":478}
DEBUG:root:sending {"dest": "n1", "src": "n2", "body": {"msg_id": 50, "in_reply_to": 271, "type": "AppendEntriesRes", "res": true, "term": 0, "next": 1, "commit": 0}}
DEBUG:root:received {"dest":"n2","src":"n1","body":{"msg_id":277,"type":"AppendEntries","term":0,"prevIndex":0,"prevTerm":0,"entries":[[["pass",null],0],[["write",[1,4]],0]],"commit":0},"id":488}
DEBUG:root:sending {"dest": "n1", "src": "n2", "body": {"msg_id": 51, "in_reply_to": 277, "type": "AppendEntriesRes", "res": true, "term": 0, "next": 1, "commit": 0}}
DEBUG:root:received {"dest":"n2","src":"n1","body":{"msg_id":283,"type":"AppendEntries","term":0,"prevIndex":0,"prevTerm":0,"entries":[[["pass",null],0],[["write",[1,4]],0]],"commit":0},"id":498}
DEBUG:root:sending {"dest": "n1", "src": "n2", "body": {"msg_id": 52, "in_reply_to": 283, "type": "AppendEntriesRes", "res": true, "term": 0, "next": 1, "commit": 0}}
DEBUG:root:received {"dest":"n2","src":"n1","body":{"msg_id":289,"type":"AppendEntries","term":0,"prevIndex":0,"prevTerm":0,"entries":[[["pass",null],0],[["write",[1,4]],0]],"commit":0},"id":508}
DEBUG:root:sending {"dest": "n1", "src": "n2", "body": {"msg_id": 53, "in_reply_to": 289, "type": "AppendEntriesRes", "res": true, "term": 0, "next": 1, "commit": 0}}
DEBUG:root:received {"dest":"n2","src":"n1","body":{"msg_id":295,"type":"AppendEntries","term":0,"prevIndex":0,"prevTerm":0,"entries":[[["pass",null],0],[["write",[1,4]],0]],"commit":0},"id":518}
DEBUG:root:sending {"dest": "n1", "src": "n2", "body": {"msg_id": 54, "in_reply_to": 295, "type": "AppendEntriesRes", "res": true, "term": 0, "next": 1, "commit": 0}}
DEBUG:root:received {"dest":"n2","src":"n1","body":{"msg_id":301,"type":"AppendEntries","term":0,"prevIndex":0,"prevTerm":0,"entries":[[["pass",null],0],[["write",[1,4]],0]],"commit":0},"id":528}
DEBUG:root:sending {"dest": "n1", "src": "n2", "body": {"msg_id": 55, "in_reply_to": 301, "type": "AppendEntriesRes", "res": true, "term": 0, "next": 1, "commit": 0}}
DEBUG:root:received {"dest":"n2","src":"n1","body":{"msg_id":307,"type":"AppendEntries","term":0,"prevIndex":0,"prevTerm":0,"entries":[[["pass",null],0],[["write",[1,4]],0]],"commit":0},"id":540}
DEBUG:root:sending {"dest": "n1", "src": "n2", "body": {"msg_id": 56, "in_reply_to": 307, "type": "AppendEntriesRes", "res": true, "term": 0, "next": 1, "commit": 0}}
DEBUG:root:received {"dest":"n2","src":"n1","body":{"msg_id":313,"type":"AppendEntries","term":0,"prevIndex":0,"prevTerm":0,"entries":[[["pass",null],0],[["write",[1,4]],0]],"commit":0},"id":550}
DEBUG:root:sending {"dest": "n1", "src": "n2", "body": {"msg_id": 57, "in_reply_to": 313, "type": "AppendEntriesRes", "res": true, "term": 0, "next": 1, "commit": 0}}
DEBUG:root:received {"dest":"n2","src":"n1","body":{"msg_id":319,"type":"AppendEntries","term":0,"prevIndex":0,"prevTerm":0,"entries":[[["pass",null],0],[["write",[1,4]],0]],"commit":0},"id":560}
DEBUG:root:sending {"dest": "n1", "src": "n2", "body": {"msg_id": 58, "in_reply_to": 319, "type": "AppendEntriesRes", "res": true, "term": 0, "next": 1, "commit": 0}}
DEBUG:root:received {"dest":"n2","src":"n1","body":{"msg_id":325,"type":"AppendEntries","term":0,"prevIndex":0,"prevTerm":0,"entries":[[["pass",null],0],[["write",[1,4]],0]],"commit":0},"id":570}
DEBUG:root:sending {"dest": "n1", "src": "n2", "body": {"msg_id": 59, "in_reply_to": 325, "type": "AppendEntriesRes", "res": true, "term": 0, "next": 1, "commit": 0}}
DEBUG:root:received {"dest":"n2","src":"n1","body":{"msg_id":331,"type":"AppendEntries","term":0,"prevIndex":0,"prevTerm":0,"entries":[[["pass",null],0],[["write",[1,4]],0]],"commit":0},"id":580}
DEBUG:root:sending {"dest": "n1", "src": "n2", "body": {"msg_id": 60, "in_reply_to": 331, "type": "AppendEntriesRes", "res": true, "term": 0, "next": 1, "commit": 0}}
DEBUG:root:received {"dest":"n2","src":"n1","body":{"msg_id":337,"type":"AppendEntries","term":0,"prevIndex":0,"prevTerm":0,"entries":[[["pass",null],0],[["write",[1,4]],0]],"commit":0},"id":590}
DEBUG:root:sending {"dest": "n1", "src": "n2", "body": {"msg_id": 61, "in_reply_to": 337, "type": "AppendEntriesRes", "res": true, "term": 0, "next": 1, "commit": 0}}
DEBUG:root:received {"dest":"n2","src":"n1","body":{"msg_id":343,"type":"AppendEntries","term":0,"prevIndex":0,"prevTerm":0,"entries":[[["pass",null],0],[["write",[1,4]],0]],"commit":0},"id":600}
DEBUG:root:sending {"dest": "n1", "src": "n2", "body": {"msg_id": 62, "in_reply_to": 343, "type": "AppendEntriesRes", "res": true, "term": 0, "next": 1, "commit": 0}}
DEBUG:root:received {"dest":"n2","src":"n1","body":{"msg_id":349,"type":"AppendEntries","term":0,"prevIndex":0,"prevTerm":0,"entries":[[["pass",null],0],[["write",[1,4]],0]],"commit":0},"id":610}
DEBUG:root:sending {"dest": "n1", "src": "n2", "body": {"msg_id": 63, "in_reply_to": 349, "type": "AppendEntriesRes", "res": true, "term": 0, "next": 1, "commit": 0}}
DEBUG:root:received {"dest":"n2","body":{"key":0,"type":"read","msg_id":2},"src":"c16","id":619}
DEBUG:root:sending {"dest": "c16", "src": "n2", "body": {"msg_id": 64, "in_reply_to": 2, "type": "error", "code": 11, "text": "Not Leader"}}
DEBUG:root:received {"dest":"n2","src":"n1","body":{"msg_id":355,"type":"AppendEntries","term":0,"prevIndex":0,"prevTerm":0,"entries":[[["pass",null],0],[["write",[1,4]],0]],"commit":0},"id":622}
DEBUG:root:sending {"dest": "n1", "src": "n2", "body": {"msg_id": 65, "in_reply_to": 355, "type": "AppendEntriesRes", "res": true, "term": 0, "next": 1, "commit": 0}}
DEBUG:root:received {"dest":"n2","src":"n1","body":{"msg_id":361,"type":"AppendEntries","term":0,"prevIndex":0,"prevTerm":0,"entries":[[["pass",null],0],[["write",[1,4]],0]],"commit":0},"id":632}
DEBUG:root:sending {"dest": "n1", "src": "n2", "body": {"msg_id": 66, "in_reply_to": 361, "type": "AppendEntriesRes", "res": true, "term": 0, "next": 1, "commit": 0}}
DEBUG:root:received {"dest":"n2","src":"n1","body":{"msg_id":367,"type":"AppendEntries","term":0,"prevIndex":0,"prevTerm":0,"entries":[[["pass",null],0],[["write",[1,4]],0]],"commit":0},"id":642}
DEBUG:root:sending {"dest": "n1", "src": "n2", "body": {"msg_id": 67, "in_reply_to": 367, "type": "AppendEntriesRes", "res": true, "term": 0, "next": 1, "commit": 0}}
DEBUG:root:received {"dest":"n2","src":"n1","body":{"msg_id":373,"type":"AppendEntries","term":0,"prevIndex":0,"prevTerm":0,"entries":[[["pass",null],0],[["write",[1,4]],0]],"commit":0},"id":652}
DEBUG:root:sending {"dest": "n1", "src": "n2", "body": {"msg_id": 68, "in_reply_to": 373, "type": "AppendEntriesRes", "res": true, "term": 0, "next": 1, "commit": 0}}
DEBUG:root:received {"dest":"n2","src":"n1","body":{"msg_id":379,"type":"AppendEntries","term":0,"prevIndex":0,"prevTerm":0,"entries":[[["pass",null],0],[["write",[1,4]],0]],"commit":0},"id":662}
DEBUG:root:sending {"dest": "n1", "src": "n2", "body": {"msg_id": 69, "in_reply_to": 379, "type": "AppendEntriesRes", "res": true, "term": 0, "next": 1, "commit": 0}}
DEBUG:root:received {"dest":"n2","src":"n1","body":{"msg_id":385,"type":"AppendEntries","term":0,"prevIndex":0,"prevTerm":0,"entries":[[["pass",null],0],[["write",[1,4]],0]],"commit":0},"id":672}
DEBUG:root:sending {"dest": "n1", "src": "n2", "body": {"msg_id": 70, "in_reply_to": 385, "type": "AppendEntriesRes", "res": true, "term": 0, "next": 1, "commit": 0}}
DEBUG:root:received {"dest":"n2","src":"n1","body":{"msg_id":391,"type":"AppendEntries","term":0,"prevIndex":0,"prevTerm":0,"entries":[[["pass",null],0],[["write",[1,4]],0]],"commit":0},"id":684}
DEBUG:root:sending {"dest": "n1", "src": "n2", "body": {"msg_id": 71, "in_reply_to": 391, "type": "AppendEntriesRes", "res": true, "term": 0, "next": 1, "commit": 0}}
DEBUG:root:received {"dest":"n2","src":"n1","body":{"msg_id":397,"type":"AppendEntries","term":0,"prevIndex":0,"prevTerm":0,"entries":[[["pass",null],0],[["write",[1,4]],0]],"commit":0},"id":694}
DEBUG:root:sending {"dest": "n1", "src": "n2", "body": {"msg_id": 72, "in_reply_to": 397, "type": "AppendEntriesRes", "res": true, "term": 0, "next": 1, "commit": 0}}
DEBUG:root:received {"dest":"n2","src":"n1","body":{"msg_id":403,"type":"AppendEntries","term":0,"prevIndex":0,"prevTerm":0,"entries":[[["pass",null],0],[["write",[1,4]],0]],"commit":0},"id":704}
DEBUG:root:sending {"dest": "n1", "src": "n2", "body": {"msg_id": 73, "in_reply_to": 403, "type": "AppendEntriesRes", "res": true, "term": 0, "next": 1, "commit": 0}}
DEBUG:root:received {"dest":"n2","src":"n1","body":{"msg_id":409,"type":"AppendEntries","term":0,"prevIndex":0,"prevTerm":0,"entries":[[["pass",null],0],[["write",[1,4]],0]],"commit":0},"id":714}
DEBUG:root:sending {"dest": "n1", "src": "n2", "body": {"msg_id": 74, "in_reply_to": 409, "type": "AppendEntriesRes", "res": true, "term": 0, "next": 1, "commit": 0}}
DEBUG:root:received {"dest":"n2","src":"n1","body":{"msg_id":415,"type":"AppendEntries","term":0,"prevIndex":0,"prevTerm":0,"entries":[[["pass",null],0],[["write",[1,4]],0]],"commit":0},"id":726}
DEBUG:root:sending {"dest": "n1", "src": "n2", "body": {"msg_id": 75, "in_reply_to": 415, "type": "AppendEntriesRes", "res": true, "term": 0, "next": 1, "commit": 0}}
DEBUG:root:received {"dest":"n2","src":"n1","body":{"msg_id":421,"type":"AppendEntries","term":0,"prevIndex":0,"prevTerm":0,"entries":[[["pass",null],0],[["write",[1,4]],0]],"commit":0},"id":736}
DEBUG:root:sending {"dest": "n1", "src": "n2", "body": {"msg_id": 76, "in_reply_to": 421, "type": "AppendEntriesRes", "res": true, "term": 0, "next": 1, "commit": 0}}
DEBUG:root:received {"dest":"n2","src":"n1","body":{"msg_id":427,"type":"AppendEntries","term":0,"prevIndex":0,"prevTerm":0,"entries":[[["pass",null],0],[["write",[1,4]],0]],"commit":0},"id":746}
DEBUG:root:sending {"dest": "n1", "src": "n2", "body": {"msg_id": 77, "in_reply_to": 427, "type": "AppendEntriesRes", "res": true, "term": 0, "next": 1, "commit": 0}}
DEBUG:root:received {"dest":"n2","src":"n1","body":{"msg_id":433,"type":"AppendEntries","term":0,"prevIndex":0,"prevTerm":0,"entries":[[["pass",null],0],[["write",[1,4]],0]],"commit":0},"id":758}
DEBUG:root:sending {"dest": "n1", "src": "n2", "body": {"msg_id": 78, "in_reply_to": 433, "type": "AppendEntriesRes", "res": true, "term": 0, "next": 1, "commit": 0}}
DEBUG:root:received {"dest":"n2","src":"n1","body":{"msg_id":439,"type":"AppendEntries","term":0,"prevIndex":0,"prevTerm":0,"entries":[[["pass",null],0],[["write",[1,4]],0]],"commit":0},"id":768}
DEBUG:root:sending {"dest": "n1", "src": "n2", "body": {"msg_id": 79, "in_reply_to": 439, "type": "AppendEntriesRes", "res": true, "term": 0, "next": 1, "commit": 0}}
DEBUG:root:received {"dest":"n2","src":"n1","body":{"msg_id":445,"type":"AppendEntries","term":0,"prevIndex":0,"prevTerm":0,"entries":[[["pass",null],0],[["write",[1,4]],0]],"commit":0},"id":778}
DEBUG:root:sending {"dest": "n1", "src": "n2", "body": {"msg_id": 80, "in_reply_to": 445, "type": "AppendEntriesRes", "res": true, "term": 0, "next": 1, "commit": 0}}
DEBUG:root:received {"dest":"n2","src":"n1","body":{"msg_id":451,"type":"AppendEntries","term":0,"prevIndex":0,"prevTerm":0,"entries":[[["pass",null],0],[["write",[1,4]],0]],"commit":0},"id":788}
DEBUG:root:sending {"dest": "n1", "src": "n2", "body": {"msg_id": 81, "in_reply_to": 451, "type": "AppendEntriesRes", "res": true, "term": 0, "next": 1, "commit": 0}}
DEBUG:root:received {"dest":"n2","src":"n1","body":{"msg_id":457,"type":"AppendEntries","term":0,"prevIndex":0,"prevTerm":0,"entries":[[["pass",null],0],[["write",[1,4]],0]],"commit":0},"id":798}
DEBUG:root:sending {"dest": "n1", "src": "n2", "body": {"msg_id": 82, "in_reply_to": 457, "type": "AppendEntriesRes", "res": true, "term": 0, "next": 1, "commit": 0}}
DEBUG:root:received {"dest":"n2","src":"n1","body":{"msg_id":463,"type":"AppendEntries","term":0,"prevIndex":0,"prevTerm":0,"entries":[[["pass",null],0],[["write",[1,4]],0]],"commit":0},"id":808}
DEBUG:root:sending {"dest": "n1", "src": "n2", "body": {"msg_id": 83, "in_reply_to": 463, "type": "AppendEntriesRes", "res": true, "term": 0, "next": 1, "commit": 0}}
DEBUG:root:received {"dest":"n2","src":"n1","body":{"msg_id":469,"type":"AppendEntries","term":0,"prevIndex":0,"prevTerm":0,"entries":[[["pass",null],0],[["write",[1,4]],0]],"commit":0},"id":818}
DEBUG:root:sending {"dest": "n1", "src": "n2", "body": {"msg_id": 84, "in_reply_to": 469, "type": "AppendEntriesRes", "res": true, "term": 0, "next": 1, "commit": 0}}
DEBUG:root:received {"dest":"n2","src":"n1","body":{"msg_id":475,"type":"AppendEntries","term":0,"prevIndex":0,"prevTerm":0,"entries":[[["pass",null],0],[["write",[1,4]],0]],"commit":0},"id":828}
DEBUG:root:sending {"dest": "n1", "src": "n2", "body": {"msg_id": 85, "in_reply_to": 475, "type": "AppendEntriesRes", "res": true, "term": 0, "next": 1, "commit": 0}}
DEBUG:root:received {"dest":"n2","src":"n1","body":{"msg_id":481,"type":"AppendEntries","term":0,"prevIndex":0,"prevTerm":0,"entries":[[["pass",null],0],[["write",[1,4]],0]],"commit":0},"id":838}
DEBUG:root:sending {"dest": "n1", "src": "n2", "body": {"msg_id": 86, "in_reply_to": 481, "type": "AppendEntriesRes", "res": true, "term": 0, "next": 1, "commit": 0}}
DEBUG:root:received {"dest":"n2","src":"n1","body":{"msg_id":487,"type":"AppendEntries","term":0,"prevIndex":0,"prevTerm":0,"entries":[[["pass",null],0],[["write",[1,4]],0]],"commit":0},"id":848}
DEBUG:root:sending {"dest": "n1", "src": "n2", "body": {"msg_id": 87, "in_reply_to": 487, "type": "AppendEntriesRes", "res": true, "term": 0, "next": 1, "commit": 0}}
DEBUG:root:received {"dest":"n2","src":"n1","body":{"msg_id":493,"type":"AppendEntries","term":0,"prevIndex":0,"prevTerm":0,"entries":[[["pass",null],0],[["write",[1,4]],0]],"commit":0},"id":858}
DEBUG:root:sending {"dest": "n1", "src": "n2", "body": {"msg_id": 88, "in_reply_to": 493, "type": "AppendEntriesRes", "res": true, "term": 0, "next": 1, "commit": 0}}
DEBUG:root:received {"dest":"n2","src":"n1","body":{"msg_id":499,"type":"AppendEntries","term":0,"prevIndex":0,"prevTerm":0,"entries":[[["pass",null],0],[["write",[1,4]],0]],"commit":0},"id":872}
DEBUG:root:sending {"dest": "n1", "src": "n2", "body": {"msg_id": 89, "in_reply_to": 499, "type": "AppendEntriesRes", "res": true, "term": 0, "next": 1, "commit": 0}}
DEBUG:root:received {"dest":"n2","src":"n1","body":{"msg_id":505,"type":"AppendEntries","term":0,"prevIndex":0,"prevTerm":0,"entries":[[["pass",null],0],[["write",[1,4]],0]],"commit":0},"id":882}
DEBUG:root:sending {"dest": "n1", "src": "n2", "body": {"msg_id": 90, "in_reply_to": 505, "type": "AppendEntriesRes", "res": true, "term": 0, "next": 1, "commit": 0}}
DEBUG:root:received {"dest":"n2","src":"n1","body":{"msg_id":511,"type":"AppendEntries","term":0,"prevIndex":0,"prevTerm":0,"entries":[[["pass",null],0],[["write",[1,4]],0]],"commit":0},"id":892}
DEBUG:root:sending {"dest": "n1", "src": "n2", "body": {"msg_id": 91, "in_reply_to": 511, "type": "AppendEntriesRes", "res": true, "term": 0, "next": 1, "commit": 0}}
DEBUG:root:received {"dest":"n2","src":"n1","body":{"msg_id":517,"type":"AppendEntries","term":0,"prevIndex":0,"prevTerm":0,"entries":[[["pass",null],0],[["write",[1,4]],0]],"commit":0},"id":902}
DEBUG:root:sending {"dest": "n1", "src": "n2", "body": {"msg_id": 92, "in_reply_to": 517, "type": "AppendEntriesRes", "res": true, "term": 0, "next": 1, "commit": 0}}
DEBUG:root:received {"dest":"n2","src":"n1","body":{"msg_id":523,"type":"AppendEntries","term":0,"prevIndex":0,"prevTerm":0,"entries":[[["pass",null],0],[["write",[1,4]],0]],"commit":0},"id":912}
DEBUG:root:sending {"dest": "n1", "src": "n2", "body": {"msg_id": 93, "in_reply_to": 523, "type": "AppendEntriesRes", "res": true, "term": 0, "next": 1, "commit": 0}}
DEBUG:root:received {"dest":"n2","src":"n1","body":{"msg_id":529,"type":"AppendEntries","term":0,"prevIndex":0,"prevTerm":0,"entries":[[["pass",null],0],[["write",[1,4]],0]],"commit":0},"id":922}
DEBUG:root:sending {"dest": "n1", "src": "n2", "body": {"msg_id": 94, "in_reply_to": 529, "type": "AppendEntriesRes", "res": true, "term": 0, "next": 1, "commit": 0}}
DEBUG:root:received {"dest":"n2","src":"n1","body":{"msg_id":535,"type":"AppendEntries","term":0,"prevIndex":0,"prevTerm":0,"entries":[[["pass",null],0],[["write",[1,4]],0]],"commit":0},"id":936}
DEBUG:root:sending {"dest": "n1", "src": "n2", "body": {"msg_id": 95, "in_reply_to": 535, "type": "AppendEntriesRes", "res": true, "term": 0, "next": 1, "commit": 0}}
DEBUG:root:received {"dest":"n2","src":"n1","body":{"msg_id":541,"type":"AppendEntries","term":0,"prevIndex":0,"prevTerm":0,"entries":[[["pass",null],0],[["write",[1,4]],0]],"commit":0},"id":946}
DEBUG:root:sending {"dest": "n1", "src": "n2", "body": {"msg_id": 96, "in_reply_to": 541, "type": "AppendEntriesRes", "res": true, "term": 0, "next": 1, "commit": 0}}
DEBUG:root:received {"dest":"n2","src":"n1","body":{"msg_id":547,"type":"AppendEntries","term":0,"prevIndex":0,"prevTerm":0,"entries":[[["pass",null],0],[["write",[1,4]],0]],"commit":0},"id":956}
DEBUG:root:sending {"dest": "n1", "src": "n2", "body": {"msg_id": 97, "in_reply_to": 547, "type": "AppendEntriesRes", "res": true, "term": 0, "next": 1, "commit": 0}}
DEBUG:root:received {"dest":"n2","src":"n1","body":{"msg_id":553,"type":"AppendEntries","term":0,"prevIndex":0,"prevTerm":0,"entries":[[["pass",null],0],[["write",[1,4]],0]],"commit":0},"id":966}
DEBUG:root:sending {"dest": "n1", "src": "n2", "body": {"msg_id": 98, "in_reply_to": 553, "type": "AppendEntriesRes", "res": true, "term": 0, "next": 1, "commit": 0}}
DEBUG:root:received {"dest":"n2","src":"n1","body":{"msg_id":559,"type":"AppendEntries","term":0,"prevIndex":0,"prevTerm":0,"entries":[[["pass",null],0],[["write",[1,4]],0]],"commit":0},"id":978}
DEBUG:root:sending {"dest": "n1", "src": "n2", "body": {"msg_id": 99, "in_reply_to": 559, "type": "AppendEntriesRes", "res": true, "term": 0, "next": 1, "commit": 0}}
DEBUG:root:received {"dest":"n2","src":"n1","body":{"msg_id":565,"type":"AppendEntries","term":0,"prevIndex":0,"prevTerm":0,"entries":[[["pass",null],0],[["write",[1,4]],0]],"commit":0},"id":988}
DEBUG:root:sending {"dest": "n1", "src": "n2", "body": {"msg_id": 100, "in_reply_to": 565, "type": "AppendEntriesRes", "res": true, "term": 0, "next": 1, "commit": 0}}
DEBUG:root:received {"dest":"n2","src":"n1","body":{"msg_id":571,"type":"AppendEntries","term":0,"prevIndex":0,"prevTerm":0,"entries":[[["pass",null],0],[["write",[1,4]],0]],"commit":0},"id":998}
DEBUG:root:sending {"dest": "n1", "src": "n2", "body": {"msg_id": 101, "in_reply_to": 571, "type": "AppendEntriesRes", "res": true, "term": 0, "next": 1, "commit": 0}}
DEBUG:root:received {"dest":"n2","src":"n1","body":{"msg_id":577,"type":"AppendEntries","term":0,"prevIndex":0,"prevTerm":0,"entries":[[["pass",null],0],[["write",[1,4]],0]],"commit":0},"id":1008}
DEBUG:root:sending {"dest": "n1", "src": "n2", "body": {"msg_id": 102, "in_reply_to": 577, "type": "AppendEntriesRes", "res": true, "term": 0, "next": 1, "commit": 0}}
DEBUG:root:received {"dest":"n2","src":"n1","body":{"msg_id":583,"type":"AppendEntries","term":0,"prevIndex":0,"prevTerm":0,"entries":[[["pass",null],0],[["write",[1,4]],0]],"commit":0},"id":1018}
DEBUG:root:sending {"dest": "n1", "src": "n2", "body": {"msg_id": 103, "in_reply_to": 583, "type": "AppendEntriesRes", "res": true, "term": 0, "next": 1, "commit": 0}}
DEBUG:root:received {"dest":"n2","src":"n1","body":{"msg_id":589,"type":"AppendEntries","term":0,"prevIndex":0,"prevTerm":0,"entries":[[["pass",null],0],[["write",[1,4]],0]],"commit":0},"id":1028}
DEBUG:root:sending {"dest": "n1", "src": "n2", "body": {"msg_id": 104, "in_reply_to": 589, "type": "AppendEntriesRes", "res": true, "term": 0, "next": 1, "commit": 0}}
DEBUG:root:received {"dest":"n2","src":"n1","body":{"msg_id":595,"type":"AppendEntries","term":0,"prevIndex":0,"prevTerm":0,"entries":[[["pass",null],0],[["write",[1,4]],0]],"commit":0},"id":1038}
DEBUG:root:sending {"dest": "n1", "src": "n2", "body": {"msg_id": 105, "in_reply_to": 595, "type": "AppendEntriesRes", "res": true, "term": 0, "next": 1, "commit": 0}}
DEBUG:root:received {"dest":"n2","src":"n1","body":{"msg_id":601,"type":"AppendEntries","term":0,"prevIndex":0,"prevTerm":0,"entries":[[["pass",null],0],[["write",[1,4]],0]],"commit":0},"id":1048}
DEBUG:root:sending {"dest": "n1", "src": "n2", "body": {"msg_id": 106, "in_reply_to": 601, "type": "AppendEntriesRes", "res": true, "term": 0, "next": 1, "commit": 0}}
DEBUG:root:received {"dest":"n2","src":"n1","body":{"msg_id":607,"type":"AppendEntries","term":0,"prevIndex":0,"prevTerm":0,"entries":[[["pass",null],0],[["write",[1,4]],0]],"commit":0},"id":1058}
DEBUG:root:sending {"dest": "n1", "src": "n2", "body": {"msg_id": 107, "in_reply_to": 607, "type": "AppendEntriesRes", "res": true, "term": 0, "next": 1, "commit": 0}}
DEBUG:root:received {"dest":"n2","src":"n1","body":{"msg_id":613,"type":"AppendEntries","term":0,"prevIndex":0,"prevTerm":0,"entries":[[["pass",null],0],[["write",[1,4]],0]],"commit":0},"id":1068}
DEBUG:root:sending {"dest": "n1", "src": "n2", "body": {"msg_id": 108, "in_reply_to": 613, "type": "AppendEntriesRes", "res": true, "term": 0, "next": 1, "commit": 0}}
DEBUG:root:received {"dest":"n2","src":"n1","body":{"msg_id":618,"type":"AppendEntries","term":0,"entries":[[["write",[1,4]],0],[["write",[0,2]],0]],"prevIndex":0,"prevTerm":0,"commit":0},"id":1078}
DEBUG:root:sending {"dest": "n1", "src": "n2", "body": {"msg_id": 109, "in_reply_to": 618, "type": "AppendEntriesRes", "res": true, "term": 0, "next": 1, "commit": 0}}
DEBUG:root:received {"dest":"n2","src":"n1","body":{"msg_id":623,"type":"AppendEntries","term":0,"prevIndex":0,"prevTerm":0,"entries":[[["pass",null],0],[["write",[1,4]],0],[["write",[0,2]],0]],"commit":0},"id":1087}
DEBUG:root:sending {"dest": "n1", "src": "n2", "body": {"msg_id": 110, "in_reply_to": 623, "type": "AppendEntriesRes", "res": true, "term": 0, "next": 1, "commit": 0}}
DEBUG:root:received {"dest":"n2","src":"n1","body":{"msg_id":629,"type":"AppendEntries","term":0,"prevIndex":0,"prevTerm":0,"entries":[[["pass",null],0],[["write",[1,4]],0],[["write",[0,2]],0]],"commit":0},"id":1097}
DEBUG:root:sending {"dest": "n1", "src": "n2", "body": {"msg_id": 111, "in_reply_to": 629, "type": "AppendEntriesRes", "res": true, "term": 0, "next": 1, "commit": 0}}
DEBUG:root:received {"dest":"n2","src":"n1","body":{"msg_id":635,"type":"AppendEntries","term":0,"prevIndex":0,"prevTerm":0,"entries":[[["pass",null],0],[["write",[1,4]],0],[["write",[0,2]],0]],"commit":0},"id":1107}
DEBUG:root:sending {"dest": "n1", "src": "n2", "body": {"msg_id": 112, "in_reply_to": 635, "type": "AppendEntriesRes", "res": true, "term": 0, "next": 1, "commit": 0}}
DEBUG:root:received {"dest":"n2","src":"n1","body":{"msg_id":641,"type":"AppendEntries","term":0,"prevIndex":0,"prevTerm":0,"entries":[[["pass",null],0],[["write",[1,4]],0],[["write",[0,2]],0]],"commit":0},"id":1117}
DEBUG:root:sending {"dest": "n1", "src": "n2", "body": {"msg_id": 113, "in_reply_to": 641, "type": "AppendEntriesRes", "res": true, "term": 0, "next": 1, "commit": 0}}
DEBUG:root:received {"dest":"n2","src":"n1","body":{"msg_id":647,"type":"AppendEntries","term":0,"prevIndex":0,"prevTerm":0,"entries":[[["pass",null],0],[["write",[1,4]],0],[["write",[0,2]],0]],"commit":0},"id":1127}
DEBUG:root:sending {"dest": "n1", "src": "n2", "body": {"msg_id": 114, "in_reply_to": 647, "type": "AppendEntriesRes", "res": true, "term": 0, "next": 1, "commit": 0}}
DEBUG:root:received {"dest":"n2","src":"n1","body":{"msg_id":653,"type":"AppendEntries","term":0,"prevIndex":0,"prevTerm":0,"entries":[[["pass",null],0],[["write",[1,4]],0],[["write",[0,2]],0]],"commit":0},"id":1137}
DEBUG:root:sending {"dest": "n1", "src": "n2", "body": {"msg_id": 115, "in_reply_to": 653, "type": "AppendEntriesRes", "res": true, "term": 0, "next": 1, "commit": 0}}
DEBUG:root:received {"dest":"n2","src":"n1","body":{"msg_id":659,"type":"AppendEntries","term":0,"prevIndex":0,"prevTerm":0,"entries":[[["pass",null],0],[["write",[1,4]],0],[["write",[0,2]],0]],"commit":0},"id":1147}
DEBUG:root:sending {"dest": "n1", "src": "n2", "body": {"msg_id": 116, "in_reply_to": 659, "type": "AppendEntriesRes", "res": true, "term": 0, "next": 1, "commit": 0}}
DEBUG:root:received {"dest":"n2","src":"n1","body":{"msg_id":665,"type":"AppendEntries","term":0,"prevIndex":0,"prevTerm":0,"entries":[[["pass",null],0],[["write",[1,4]],0],[["write",[0,2]],0]],"commit":0},"id":1157}
DEBUG:root:sending {"dest": "n1", "src": "n2", "body": {"msg_id": 117, "in_reply_to": 665, "type": "AppendEntriesRes", "res": true, "term": 0, "next": 1, "commit": 0}}
DEBUG:root:received {"dest":"n2","src":"n1","body":{"msg_id":671,"type":"AppendEntries","term":0,"prevIndex":0,"prevTerm":0,"entries":[[["pass",null],0],[["write",[1,4]],0],[["write",[0,2]],0]],"commit":0},"id":1167}
DEBUG:root:sending {"dest": "n1", "src": "n2", "body": {"msg_id": 118, "in_reply_to": 671, "type": "AppendEntriesRes", "res": true, "term": 0, "next": 1, "commit": 0}}
DEBUG:root:received {"dest":"n2","body":{"key":1,"from":3,"to":0,"type":"cas","msg_id":1},"src":"c25","id":1176}
DEBUG:root:sending {"dest": "c25", "src": "n2", "body": {"msg_id": 119, "in_reply_to": 1, "type": "error", "code": 11, "text": "Not Leader"}}
DEBUG:root:received {"dest":"n2","src":"n1","body":{"msg_id":677,"type":"AppendEntries","term":0,"prevIndex":0,"prevTerm":0,"entries":[[["pass",null],0],[["write",[1,4]],0],[["write",[0,2]],0]],"commit":0},"id":1178}
DEBUG:root:sending {"dest": "n1", "src": "n2", "body": {"msg_id": 120, "in_reply_to": 677, "type": "AppendEntriesRes", "res": true, "term": 0, "next": 1, "commit": 0}}
DEBUG:root:received {"dest":"n2","src":"n1","body":{"msg_id":683,"type":"AppendEntries","term":0,"prevIndex":0,"prevTerm":0,"entries":[[["pass",null],0],[["write",[1,4]],0],[["write",[0,2]],0]],"commit":0},"id":1189}
DEBUG:root:sending {"dest": "n1", "src": "n2", "body": {"msg_id": 121, "in_reply_to": 683, "type": "AppendEntriesRes", "res": true, "term": 0, "next": 1, "commit": 0}}
DEBUG:root:received {"dest":"n2","src":"n1","body":{"msg_id":689,"type":"AppendEntries","term":0,"prevIndex":0,"prevTerm":0,"entries":[[["pass",null],0],[["write",[1,4]],0],[["write",[0,2]],0]],"commit":0},"id":1199}
DEBUG:root:sending {"dest": "n1", "src": "n2", "body": {"msg_id": 122, "in_reply_to": 689, "type": "AppendEntriesRes", "res": true, "term": 0, "next": 1, "commit": 0}}
DEBUG:root:received {"dest":"n2","src":"n1","body":{"msg_id":695,"type":"AppendEntries","term":0,"prevIndex":0,"prevTerm":0,"entries":[[["pass",null],0],[["write",[1,4]],0],[["write",[0,2]],0]],"commit":0},"id":1211}
DEBUG:root:sending {"dest": "n1", "src": "n2", "body": {"msg_id": 123, "in_reply_to": 695, "type": "AppendEntriesRes", "res": true, "term": 0, "next": 1, "commit": 0}}
DEBUG:root:received {"dest":"n2","src":"n1","body":{"msg_id":701,"type":"AppendEntries","term":0,"prevIndex":0,"prevTerm":0,"entries":[[["pass",null],0],[["write",[1,4]],0],[["write",[0,2]],0]],"commit":0},"id":1221}
DEBUG:root:sending {"dest": "n1", "src": "n2", "body": {"msg_id": 124, "in_reply_to": 701, "type": "AppendEntriesRes", "res": true, "term": 0, "next": 1, "commit": 0}}
DEBUG:root:received {"dest":"n2","src":"n1","body":{"msg_id":707,"type":"AppendEntries","term":0,"prevIndex":0,"prevTerm":0,"entries":[[["pass",null],0],[["write",[1,4]],0],[["write",[0,2]],0]],"commit":0},"id":1231}
DEBUG:root:sending {"dest": "n1", "src": "n2", "body": {"msg_id": 125, "in_reply_to": 707, "type": "AppendEntriesRes", "res": true, "term": 0, "next": 1, "commit": 0}}
DEBUG:root:received {"dest":"n2","src":"n1","body":{"msg_id":713,"type":"AppendEntries","term":0,"prevIndex":0,"prevTerm":0,"entries":[[["pass",null],0],[["write",[1,4]],0],[["write",[0,2]],0]],"commit":0},"id":1241}
DEBUG:root:sending {"dest": "n1", "src": "n2", "body": {"msg_id": 126, "in_reply_to": 713, "type": "AppendEntriesRes", "res": true, "term": 0, "next": 1, "commit": 0}}
DEBUG:root:received {"dest":"n2","src":"n1","body":{"msg_id":719,"type":"AppendEntries","term":0,"prevIndex":0,"prevTerm":0,"entries":[[["pass",null],0],[["write",[1,4]],0],[["write",[0,2]],0]],"commit":0},"id":1251}
DEBUG:root:sending {"dest": "n1", "src": "n2", "body": {"msg_id": 127, "in_reply_to": 719, "type": "AppendEntriesRes", "res": true, "term": 0, "next": 1, "commit": 0}}
DEBUG:root:received {"dest":"n2","src":"n1","body":{"msg_id":725,"type":"AppendEntries","term":0,"prevIndex":0,"prevTerm":0,"entries":[[["pass",null],0],[["write",[1,4]],0],[["write",[0,2]],0]],"commit":0},"id":1261}
DEBUG:root:sending {"dest": "n1", "src": "n2", "body": {"msg_id": 128, "in_reply_to": 725, "type": "AppendEntriesRes", "res": true, "term": 0, "next": 1, "commit": 0}}
DEBUG:root:received {"dest":"n2","src":"n1","body":{"msg_id":731,"type":"AppendEntries","term":0,"prevIndex":0,"prevTerm":0,"entries":[[["pass",null],0],[["write",[1,4]],0],[["write",[0,2]],0]],"commit":0},"id":1271}
DEBUG:root:sending {"dest": "n1", "src": "n2", "body": {"msg_id": 129, "in_reply_to": 731, "type": "AppendEntriesRes", "res": true, "term": 0, "next": 1, "commit": 0}}
DEBUG:root:received {"dest":"n2","src":"n1","body":{"msg_id":737,"type":"AppendEntries","term":0,"prevIndex":0,"prevTerm":0,"entries":[[["pass",null],0],[["write",[1,4]],0],[["write",[0,2]],0]],"commit":0},"id":1283}
DEBUG:root:sending {"dest": "n1", "src": "n2", "body": {"msg_id": 130, "in_reply_to": 737, "type": "AppendEntriesRes", "res": true, "term": 0, "next": 1, "commit": 0}}
DEBUG:root:received {"dest":"n2","src":"n1","body":{"msg_id":743,"type":"AppendEntries","term":0,"prevIndex":0,"prevTerm":0,"entries":[[["pass",null],0],[["write",[1,4]],0],[["write",[0,2]],0]],"commit":0},"id":1293}
DEBUG:root:sending {"dest": "n1", "src": "n2", "body": {"msg_id": 131, "in_reply_to": 743, "type": "AppendEntriesRes", "res": true, "term": 0, "next": 1, "commit": 0}}
DEBUG:root:received {"dest":"n2","src":"n1","body":{"msg_id":749,"type":"AppendEntries","term":0,"prevIndex":0,"prevTerm":0,"entries":[[["pass",null],0],[["write",[1,4]],0],[["write",[0,2]],0]],"commit":0},"id":1303}
DEBUG:root:sending {"dest": "n1", "src": "n2", "body": {"msg_id": 132, "in_reply_to": 749, "type": "AppendEntriesRes", "res": true, "term": 0, "next": 1, "commit": 0}}
DEBUG:root:received {"dest":"n2","src":"n1","body":{"msg_id":755,"type":"AppendEntries","term":0,"prevIndex":0,"prevTerm":0,"entries":[[["pass",null],0],[["write",[1,4]],0],[["write",[0,2]],0]],"commit":0},"id":1313}
DEBUG:root:sending {"dest": "n1", "src": "n2", "body": {"msg_id": 133, "in_reply_to": 755, "type": "AppendEntriesRes", "res": true, "term": 0, "next": 1, "commit": 0}}
DEBUG:root:received {"dest":"n2","src":"n1","body":{"msg_id":761,"type":"AppendEntries","term":0,"prevIndex":0,"prevTerm":0,"entries":[[["pass",null],0],[["write",[1,4]],0],[["write",[0,2]],0]],"commit":0},"id":1323}
DEBUG:root:sending {"dest": "n1", "src": "n2", "body": {"msg_id": 134, "in_reply_to": 761, "type": "AppendEntriesRes", "res": true, "term": 0, "next": 1, "commit": 0}}
DEBUG:root:received {"dest":"n2","src":"n1","body":{"msg_id":767,"type":"AppendEntries","term":0,"prevIndex":0,"prevTerm":0,"entries":[[["pass",null],0],[["write",[1,4]],0],[["write",[0,2]],0]],"commit":0},"id":1333}
DEBUG:root:sending {"dest": "n1", "src": "n2", "body": {"msg_id": 135, "in_reply_to": 767, "type": "AppendEntriesRes", "res": true, "term": 0, "next": 1, "commit": 0}}
DEBUG:root:received {"dest":"n2","src":"n1","body":{"msg_id":773,"type":"AppendEntries","term":0,"prevIndex":0,"prevTerm":0,"entries":[[["pass",null],0],[["write",[1,4]],0],[["write",[0,2]],0]],"commit":0},"id":1343}
DEBUG:root:sending {"dest": "n1", "src": "n2", "body": {"msg_id": 136, "in_reply_to": 773, "type": "AppendEntriesRes", "res": true, "term": 0, "next": 1, "commit": 0}}
DEBUG:root:received {"dest":"n2","src":"n1","body":{"msg_id":779,"type":"AppendEntries","term":0,"prevIndex":0,"prevTerm":0,"entries":[[["pass",null],0],[["write",[1,4]],0],[["write",[0,2]],0]],"commit":0},"id":1353}
DEBUG:root:sending {"dest": "n1", "src": "n2", "body": {"msg_id": 137, "in_reply_to": 779, "type": "AppendEntriesRes", "res": true, "term": 0, "next": 1, "commit": 0}}
DEBUG:root:received {"dest":"n2","src":"n1","body":{"msg_id":785,"type":"AppendEntries","term":0,"prevIndex":0,"prevTerm":0,"entries":[[["pass",null],0],[["write",[1,4]],0],[["write",[0,2]],0]],"commit":0},"id":1363}
DEBUG:root:sending {"dest": "n1", "src": "n2", "body": {"msg_id": 138, "in_reply_to": 785, "type": "AppendEntriesRes", "res": true, "term": 0, "next": 1, "commit": 0}}
