DEBUG:root:received {"dest":"n3","body":{"type":"init","node_id":"n3","node_ids":["n1","n2","n3","n4","n5"],"msg_id":1},"src":"c3","id":3}
INFO:root:node n3 initialized
DEBUG:root:sending {"dest": "c3", "src": "n3", "body": {"msg_id": 1, "in_reply_to": 1, "type": "init_ok"}}
DEBUG:root:received {"dest":"n3","src":"n1","body":{"msg_id":4,"type":"AppendEntries","term":0,"prevIndex":0,"prevTerm":0,"entries":[[["pass",null],0]],"commit":0},"id":12}
DEBUG:root:sending {"dest": "n1", "src": "n3", "body": {"msg_id": 2, "in_reply_to": 4, "type": "AppendEntriesRes", "res": true, "term": 0, "next": 1, "commit": 0}}
DEBUG:root:received {"dest":"n3","src":"n1","body":{"msg_id":10,"type":"AppendEntries","term":0,"prevIndex":0,"prevTerm":0,"entries":[[["pass",null],0]],"commit":0},"id":22}
DEBUG:root:sending {"dest": "n1", "src": "n3", "body": {"msg_id": 3, "in_reply_to": 10, "type": "AppendEntriesRes", "res": true, "term": 0, "next": 1, "commit": 0}}
DEBUG:root:received {"dest":"n3","src":"n1","body":{"msg_id":16,"type":"AppendEntries","term":0,"prevIndex":0,"prevTerm":0,"entries":[[["pass",null],0]],"commit":0},"id":34}
DEBUG:root:sending {"dest": "n1", "src": "n3", "body": {"msg_id": 4, "in_reply_to": 16, "type": "AppendEntriesRes", "res": true, "term": 0, "next": 1, "commit": 0}}
DEBUG:root:received {"dest":"n3","body":{"key":1,"from":2,"to":3,"type":"cas","msg_id":1},"src":"c11","id":42}
DEBUG:root:sending {"dest": "c11", "src": "n3", "body": {"msg_id": 5, "in_reply_to": 1, "type": "error", "code": 11, "text": "Not Leader"}}
DEBUG:root:received {"dest":"n3","src":"n1","body":{"msg_id":22,"type":"AppendEntries","term":0,"prevIndex":0,"prevTerm":0,"entries":[[["pass",null],0]],"commit":0},"id":46}
DEBUG:root:sending {"dest": "n1", "src": "n3", "body": {"msg_id": 6, "in_reply_to": 22, "type": "AppendEntriesRes", "res": true, "term": 0, "next": 1, "commit": 0}}
DEBUG:root:received {"dest":"n3","src":"n1","body":{"msg_id":28,"type":"AppendEntries","term":0,"prevIndex":0,"prevTerm":0,"entries":[[["pass",null],0]],"commit":0},"id":56}
DEBUG:root:sending {"dest": "n1", "src": "n3", "body": {"msg_id": 7, "in_reply_to": 28, "type": "AppendEntriesRes", "res": true, "term": 0, "next": 1, "commit": 0}}
DEBUG:root:received {"dest":"n3","src":"n1","body":{"msg_id":34,"type":"AppendEntries","term":0,"prevIndex":0,"prevTerm":0,"entries":[[["pass",null],0]],"commit":0},"id":68}
DEBUG:root:sending {"dest": "n1", "src": "n3", "body": {"msg_id": 8, "in_reply_to": 34, "type": "AppendEntriesRes", "res": true, "term": 0, "next": 1, "commit": 0}}
DEBUG:root:received {"dest":"n3","src":"n1","body":{"msg_id":40,"type":"AppendEntries","term":0,"prevIndex":0,"prevTerm":0,"entries":[[["pass",null],0]],"commit":0},"id":78}
DEBUG:root:sending {"dest": "n1", "src": "n3", "body": {"msg_id": 9, "in_reply_to": 40, "type": "AppendEntriesRes", "res": true, "term": 0, "next": 1, "commit": 0}}
DEBUG:root:received {"dest":"n3","src":"n1","body":{"msg_id":46,"type":"AppendEntries","term":0,"prevIndex":0,"prevTerm":0,"entries":[[["pass",null],0]],"commit":0},"id":88}
DEBUG:root:sending {"dest": "n1", "src": "n3", "body": {"msg_id": 10, "in_reply_to": 46, "type": "AppendEntriesRes", "res": true, "term": 0, "next": 1, "commit": 0}}
DEBUG:root:received {"dest":"n3","src":"n1","body":{"msg_id":52,"type":"AppendEntries","term":0,"prevIndex":0,"prevTerm":0,"entries":[[["pass",null],0]],"commit":0},"id":98}
DEBUG:root:sending {"dest": "n1", "src": "n3", "body": {"msg_id": 11, "in_reply_to": 52, "type": "AppendEntriesRes", "res": true, "term": 0, "next": 1, "commit": 0}}
DEBUG:root:received {"dest":"n3","src":"n1","body":{"msg_id":58,"type":"AppendEntries","term":0,"prevIndex":0,"prevTerm":0,"entries":[[["pass",null],0]],"commit":0},"id":110}
DEBUG:root:sending {"dest": "n1", "src": "n3", "body": {"msg_id": 12, "in_reply_to": 58, "type": "AppendEntriesRes", "res": true, "term": 0, "next": 1, "commit": 0}}
DEBUG:root:received {"dest":"n3","src":"n1","body":{"msg_id":64,"type":"AppendEntries","term":0,"prevIndex":0,"prevTerm":0,"entries":[[["pass",null],0]],"commit":0},"id":120}
DEBUG:root:sending {"dest": "n1", "src": "n3", "body": {"msg_id": 13, "in_reply_to": 64, "type": "AppendEntriesRes", "res": true, "term": 0, "next": 1, "commit": 0}}
DEBUG:root:received {"dest":"n3","src":"n1","body":{"msg_id":70,"type":"AppendEntries","term":0,"prevIndex":0,"prevTerm":0,"entries":[[["pass",null],0]],"commit":0},"id":133}
DEBUG:root:sending {"dest": "n1", "src": "n3", "body": {"msg_id": 14, "in_reply_to": 70, "type": "AppendEntriesRes", "res": true, "term": 0, "next": 1, "commit": 0}}
DEBUG:root:received {"dest":"n3","src":"n1","body":{"msg_id":76,"type":"AppendEntries","term":0,"prevIndex":0,"prevTerm":0,"entries":[[["pass",null],0]],"commit":0},"id":142}
DEBUG:root:sending {"dest": "n1", "src": "n3", "body": {"msg_id": 15, "in_reply_to": 76, "type": "AppendEntriesRes", "res": true, "term": 0, "next": 1, "commit": 0}}
DEBUG:root:received {"dest":"n3","src":"n1","body":{"msg_id":82,"type":"AppendEntries","term":0,"prevIndex":0,"prevTerm":0,"entries":[[["pass",null],0]],"commit":0},"id":152}
DEBUG:root:sending {"dest": "n1", "src": "n3", "body": {"msg_id": 16, "in_reply_to": 82, "type": "AppendEntriesRes", "res": true, "term": 0, "next": 1, "commit": 0}}
DEBUG:root:received {"dest":"n3","src":"n1","body":{"msg_id":88,"type":"AppendEntries","term":0,"prevIndex":0,"prevTerm":0,"entries":[[["pass",null],0]],"commit":0},"id":162}
DEBUG:root:sending {"dest": "n1", "src": "n3", "body": {"msg_id": 17, "in_reply_to": 88, "type": "AppendEntriesRes", "res": true, "term": 0, "next": 1, "commit": 0}}
DEBUG:root:received {"dest":"n3","src":"n1","body":{"msg_id":94,"type":"AppendEntries","term":0,"prevIndex":0,"prevTerm":0,"entries":[[["pass",null],0]],"commit":0},"id":172}
DEBUG:root:sending {"dest": "n1", "src": "n3", "body": {"msg_id": 18, "in_reply_to": 94, "type": "AppendEntriesRes", "res": true, "term": 0, "next": 1, "commit": 0}}
DEBUG:root:received {"dest":"n3","src":"n1","body":{"msg_id":100,"type":"AppendEntries","term":0,"prevIndex":0,"prevTerm":0,"entries":[[["pass",null],0]],"commit":0},"id":182}
DEBUG:root:sending {"dest": "n1", "src": "n3", "body": {"msg_id": 19, "in_reply_to": 100, "type": "AppendEntriesRes", "res": true, "term": 0, "next": 1, "commit": 0}}
DEBUG:root:received {"dest":"n3","src":"n1","body":{"msg_id":106,"type":"AppendEntries","term":0,"prevIndex":0,"prevTerm":0,"entries":[[["pass",null],0]],"commit":0},"id":192}
DEBUG:root:sending {"dest": "n1", "src": "n3", "body": {"msg_id": 20, "in_reply_to": 106, "type": "AppendEntriesRes", "res": true, "term": 0, "next": 1, "commit": 0}}
DEBUG:root:received {"dest":"n3","src":"n1","body":{"msg_id":112,"type":"AppendEntries","term":0,"prevIndex":0,"prevTerm":0,"entries":[[["pass",null],0]],"commit":0},"id":202}
DEBUG:root:sending {"dest": "n1", "src": "n3", "body": {"msg_id": 21, "in_reply_to": 112, "type": "AppendEntriesRes", "res": true, "term": 0, "next": 1, "commit": 0}}
DEBUG:root:received {"dest":"n3","src":"n1","body":{"msg_id":118,"type":"AppendEntries","term":0,"prevIndex":0,"prevTerm":0,"entries":[[["pass",null],0]],"commit":0},"id":212}
DEBUG:root:sending {"dest": "n1", "src": "n3", "body": {"msg_id": 22, "in_reply_to": 118, "type": "AppendEntriesRes", "res": true, "term": 0, "next": 1, "commit": 0}}
DEBUG:root:received {"dest":"n3","src":"n1","body":{"msg_id":123,"type":"AppendEntries","term":0,"entries":[[["write",[1,4]],0]],"prevIndex":0,"prevTerm":0,"commit":0},"id":222}
DEBUG:root:sending {"dest": "n1", "src": "n3", "body": {"msg_id": 23, "in_reply_to": 123, "type": "AppendEntriesRes", "res": true, "term": 0, "next": 1, "commit": 0}}
DEBUG:root:received {"dest":"n3","src":"n1","body":{"msg_id":128,"type":"AppendEntries","term":0,"prevIndex":0,"prevTerm":0,"entries":[[["pass",null],0],[["write",[1,4]],0]],"commit":0},"id":231}
DEBUG:root:sending {"dest": "n1", "src": "n3", "body": {"msg_id": 24, "in_reply_to": 128, "type": "AppendEntriesRes", "res": true, "term": 0, "next": 1, "commit": 0}}
DEBUG:root:received {"dest":"n3","src":"n1","body":{"msg_id":134,"type":"AppendEntries","term":0,"prevIndex":0,"prevTerm":0,"entries":[[["pass",null],0],[["write",[1,4]],0]],"commit":0},"id":241}
DEBUG:root:sending {"dest": "n1", "src": "n3", "body": {"msg_id": 25, "in_reply_to": 134, "type": "AppendEntriesRes", "res": true, "term": 0, "next": 1, "commit": 0}}
DEBUG:root:received {"dest":"n3","src":"n1","body":{"msg_id":140,"type":"AppendEntries","term":0,"prevIndex":0,"prevTerm":0,"entries":[[["pass",null],0],[["write",[1,4]],0]],"commit":0},"id":251}
DEBUG:root:sending {"dest": "n1", "src": "n3", "body": {"msg_id": 26, "in_reply_to": 140, "type": "AppendEntriesRes", "res": true, "term": 0, "next": 1, "commit": 0}}
DEBUG:root:received {"dest":"n3","src":"n1","body":{"msg_id":146,"type":"AppendEntries","term":0,"prevIndex":0,"prevTerm":0,"entries":[[["pass",null],0],[["write",[1,4]],0]],"commit":0},"id":261}
DEBUG:root:sending {"dest": "n1", "src": "n3", "body": {"msg_id": 27, "in_reply_to": 146, "type": "AppendEntriesRes", "res": true, "term": 0, "next": 1, "commit": 0}}
DEBUG:root:received {"dest":"n3","src":"n1","body":{"msg_id":152,"type":"AppendEntries","term":0,"prevIndex":0,"prevTerm":0,"entries":[[["pass",null],0],[["write",[1,4]],0]],"commit":0},"id":271}
DEBUG:root:sending {"dest": "n1", "src": "n3", "body": {"msg_id": 28, "in_reply_to": 152, "type": "AppendEntriesRes", "res": true, "term": 0, "next": 1, "commit": 0}}
DEBUG:root:received {"dest":"n3","src":"n1","body":{"msg_id":158,"type":"AppendEntries","term":0,"prevIndex":0,"prevTerm":0,"entries":[[["pass",null],0],[["write",[1,4]],0]],"commit":0},"id":281}
DEBUG:root:sending {"dest": "n1", "src": "n3", "body": {"msg_id": 29, "in_reply_to": 158, "type": "AppendEntriesRes", "res": true, "term": 0, "next": 1, "commit": 0}}
DEBUG:root:received {"dest":"n3","src":"n1","body":{"msg_id":164,"type":"AppendEntries","term":0,"prevIndex":0,"prevTerm":0,"entries":[[["pass",null],0],[["write",[1,4]],0]],"commit":0},"id":291}
DEBUG:root:sending {"dest": "n1", "src": "n3", "body": {"msg_id": 30, "in_reply_to": 164, "type": "AppendEntriesRes", "res": true, "term": 0, "next": 1, "commit": 0}}
DEBUG:root:received {"dest":"n3","src":"n1","body":{"msg_id":170,"type":"AppendEntries","term":0,"prevIndex":0,"prevTerm":0,"entries":[[["pass",null],0],[["write",[1,4]],0]],"commit":0},"id":301}
DEBUG:root:sending {"dest": "n1", "src": "n3", "body": {"msg_id": 31, "in_reply_to": 170, "type": "AppendEntriesRes", "res": true, "term": 0, "next": 1, "commit": 0}}
DEBUG:root:received {"dest":"n3","src":"n1","body":{"msg_id":176,"type":"AppendEntries","term":0,"prevIndex":0,"prevTerm":0,"entries":[[["pass",null],0],[["write",[1,4]],0]],"commit":0},"id":313}
DEBUG:root:sending {"dest": "n1", "src": "n3", "body": {"msg_id": 32, "in_reply_to": 176, "type": "AppendEntriesRes", "res": true, "term": 0, "next": 1, "commit": 0}}
DEBUG:root:received {"dest":"n3","src":"n1","body":{"msg_id":182,"type":"AppendEntries","term":0,"prevIndex":0,"prevTerm":0,"entries":[[["pass",null],0],[["write",[1,4]],0]],"commit":0},"id":323}
DEBUG:root:sending {"dest": "n1", "src": "n3", "body": {"msg_id": 33, "in_reply_to": 182, "type": "AppendEntriesRes", "res": true, "term": 0, "next": 1, "commit": 0}}
DEBUG:root:received {"dest":"n3","src":"n1","body":{"msg_id":188,"type":"AppendEntries","term":0,"prevIndex":0,"prevTerm":0,"entries":[[["pass",null],0],[["write",[1,4]],0]],"commit":0},"id":335}
DEBUG:root:sending {"dest": "n1", "src": "n3", "body": {"msg_id": 34, "in_reply_to": 188, "type": "AppendEntriesRes", "res": true, "term": 0, "next": 1, "commit": 0}}
DEBUG:root:received {"dest":"n3","src":"n1","body":{"msg_id":194,"type":"AppendEntries","term":0,"prevIndex":0,"prevTerm":0,"entries":[[["pass",null],0],[["write",[1,4]],0]],"commit":0},"id":345}
DEBUG:root:sending {"dest": "n1", "src": "n3", "body": {"msg_id": 35, "in_reply_to": 194, "type": "AppendEntriesRes", "res": true, "term": 0, "next": 1, "commit": 0}}
DEBUG:root:received {"dest":"n3","src":"n1","body":{"msg_id":200,"type":"AppendEntries","term":0,"prevIndex":0,"prevTerm":0,"entries":[[["pass",null],0],[["write",[1,4]],0]],"commit":0},"id":358}
DEBUG:root:sending {"dest": "n1", "src": "n3", "body": {"msg_id": 36, "in_reply_to": 200, "type": "AppendEntriesRes", "res": true, "term": 0, "next": 1, "commit": 0}}
DEBUG:root:received {"dest":"n3","src":"n1","body":{"msg_id":206,"type":"AppendEntries","term":0,"prevIndex":0,"prevTerm":0,"entries":[[["pass",null],0],[["write",[1,4]],0]],"commit":0},"id":367}
DEBUG:root:sending {"dest": "n1", "src": "n3", "body": {"msg_id": 37, "in_reply_to": 206, "type": "AppendEntriesRes", "res": true, "term": 0, "next": 1, "commit": 0}}
DEBUG:root:received {"dest":"n3","src":"n1","body":{"msg_id":212,"type":"AppendEntries","term":0,"prevIndex":0,"prevTerm":0,"entries":[[["pass",null],0],[["write",[1,4]],0]],"commit":0},"id":377}
DEBUG:root:sending {"dest": "n1", "src": "n3", "body": {"msg_id": 38, "in_reply_to": 212, "type": "AppendEntriesRes", "res": true, "term": 0, "next": 1, "commit": 0}}
DEBUG:root:received {"dest":"n3","src":"n1","body":{"msg_id":218,"type":"AppendEntries","term":0,"prevIndex":0,"prevTerm":0,"entries":[[["pass",null],0],[["write",[1,4]],0]],"commit":0},"id":387}
DEBUG:root:sending {"dest": "n1", "src": "n3", "body": {"msg_id": 39, "in_reply_to": 218, "type": "AppendEntriesRes", "res": true, "term": 0, "next": 1, "commit": 0}}
DEBUG:root:received {"dest":"n3","src":"n1","body":{"msg_id":224,"type":"AppendEntries","term":0,"prevIndex":0,"prevTerm":0,"entries":[[["pass",null],0],[["write",[1,4]],0]],"commit":0},"id":397}
DEBUG:root:sending {"dest": "n1", "src": "n3", "body": {"msg_id": 40, "in_reply_to": 224, "type": "AppendEntriesRes", "res": true, "term": 0, "next": 1, "commit": 0}}
DEBUG:root:received {"dest":"n3","src":"n1","body":{"msg_id":230,"type":"AppendEntries","term":0,"prevIndex":0,"prevTerm":0,"entries":[[["pass",null],0],[["write",[1,4]],0]],"commit":0},"id":407}
DEBUG:root:sending {"dest": "n1", "src": "n3", "body": {"msg_id": 41, "in_reply_to": 230, "type": "AppendEntriesRes", "res": true, "term": 0, "next": 1, "commit": 0}}
DEBUG:root:received {"dest":"n3","src":"n1","body":{"msg_id":236,"type":"AppendEntries","term":0,"prevIndex":0,"prevTerm":0,"entries":[[["pass",null],0],[["write",[1,4]],0]],"commit":0},"id":417}
DEBUG:root:sending {"dest": "n1", "src": "n3", "body": {"msg_id": 42, "in_reply_to": 236, "type": "AppendEntriesRes", "res": true, "term": 0, "next": 1, "commit": 0}}
DEBUG:root:received {"dest":"n3","src":"n1","body":{"msg_id":242,"type":"AppendEntries","term":0,"prevIndex":0,"prevTerm":0,"entries":[[["pass",null],0],[["write",[1,4]],0]],"commit":0},"id":427}
DEBUG:root:sending {"dest": "n1", "src": "n3", "body": {"msg_id": 43, "in_reply_to": 242, "type": "AppendEntriesRes", "res": true, "term": 0, "next": 1, "commit": 0}}
DEBUG:root:received {"dest":"n3","src":"n1","body":{"msg_id":248,"type":"AppendEntries","term":0,"prevIndex":0,"prevTerm":0,"entries":[[["pass",null],0],[["write",[1,4]],0]],"commit":0},"id":437}
DEBUG:root:sending {"dest": "n1", "src": "n3", "body": {"msg_id": 44, "in_reply_to": 248, "type": "AppendEntriesRes", "res": true, "term": 0, "next": 1, "commit": 0}}
DEBUG:root:received {"dest":"n3","src":"n1","body":{"msg_id":254,"type":"AppendEntries","term":0,"prevIndex":0,"prevTerm":0,"entries":[[["pass",null],0],[["write",[1,4]],0]],"commit":0},"id":449}
DEBUG:root:sending {"dest": "n1", "src": "n3", "body": {"msg_id": 45, "in_reply_to": 254, "type": "AppendEntriesRes", "res": true, "term": 0, "next": 1, "commit": 0}}
DEBUG:root:received {"dest":"n3","src":"n1","body":{"msg_id":260,"type":"AppendEntries","term":0,"prevIndex":0,"prevTerm":0,"entries":[[["pass",null],0],[["write",[1,4]],0]],"commit":0},"id":459}
DEBUG:root:sending {"dest": "n1", "src": "n3", "body": {"msg_id": 46, "in_reply_to": 260, "type": "AppendEntriesRes", "res": true, "term": 0, "next": 1, "commit": 0}}
DEBUG:root:received {"dest":"n3","src":"n1","body":{"msg_id":266,"type":"AppendEntries","term":0,"prevIndex":0,"prevTerm":0,"entries":[[["pass",null],0],[["write",[1,4]],0]],"commit":0},"id":469}
DEBUG:root:sending {"dest": "n1", "src": "n3", "body": {"msg_id": 47, "in_reply_to": 266, "type": "AppendEntriesRes", "res": true, "term": 0, "next": 1, "commit": 0}}
DEBUG:root:received {"dest":"n3","src":"n1","body":{"msg_id":272,"type":"AppendEntries","term":0,"prevIndex":0,"prevTerm":0,"entries":[[["pass",null],0],[["write",[1,4]],0]],"commit":0},"id":479}
DEBUG:root:sending {"dest": "n1", "src": "n3", "body": {"msg_id": 48, "in_reply_to": 272, "type": "AppendEntriesRes", "res": true, "term": 0, "next": 1, "commit": 0}}
DEBUG:root:received {"dest":"n3","src":"n1","body":{"msg_id":278,"type":"AppendEntries","term":0,"prevIndex":0,"prevTerm":0,"entries":[[["pass",null],0],[["write",[1,4]],0]],"commit":0},"id":489}
DEBUG:root:sending {"dest": "n1", "src": "n3", "body": {"msg_id": 49, "in_reply_to": 278, "type": "AppendEntriesRes", "res": true, "term": 0, "next": 1, "commit": 0}}
DEBUG:root:received {"dest":"n3","src":"n1","body":{"msg_id":284,"type":"AppendEntries","term":0,"prevIndex":0,"prevTerm":0,"entries":[[["pass",null],0],[["write",[1,4]],0]],"commit":0},"id":499}
DEBUG:root:sending {"dest": "n1", "src": "n3", "body": {"msg_id": 50, "in_reply_to": 284, "type": "AppendEntriesRes", "res": true, "term": 0, "next": 1, "commit": 0}}
DEBUG:root:received {"dest":"n3","src":"n1","body":{"msg_id":290,"type":"AppendEntries","term":0,"prevIndex":0,"prevTerm":0,"entries":[[["pass",null],0],[["write",[1,4]],0]],"commit":0},"id":509}
DEBUG:root:sending {"dest": "n1", "src": "n3", "body": {"msg_id": 51, "in_reply_to": 290, "type": "AppendEntriesRes", "res": true, "term": 0, "next": 1, "commit": 0}}
DEBUG:root:received {"dest":"n3","src":"n1","body":{"msg_id":296,"type":"AppendEntries","term":0,"prevIndex":0,"prevTerm":0,"entries":[[["pass",null],0],[["write",[1,4]],0]],"commit":0},"id":519}
DEBUG:root:sending {"dest": "n1", "src": "n3", "body": {"msg_id": 52, "in_reply_to": 296, "type": "AppendEntriesRes", "res": true, "term": 0, "next": 1, "commit": 0}}
DEBUG:root:received {"dest":"n3","src":"n1","body":{"msg_id":302,"type":"AppendEntries","term":0,"prevIndex":0,"prevTerm":0,"entries":[[["pass",null],0],[["write",[1,4]],0]],"commit":0},"id":530}
DEBUG:root:sending {"dest": "n1", "src": "n3", "body": {"msg_id": 53, "in_reply_to": 302, "type": "AppendEntriesRes", "res": true, "term": 0, "next": 1, "commit": 0}}
DEBUG:root:received {"dest":"n3","src":"n1","body":{"msg_id":308,"type":"AppendEntries","term":0,"prevIndex":0,"prevTerm":0,"entries":[[["pass",null],0],[["write",[1,4]],0]],"commit":0},"id":541}
DEBUG:root:sending {"dest": "n1", "src": "n3", "body": {"msg_id": 54, "in_reply_to": 308, "type": "AppendEntriesRes", "res": true, "term": 0, "next": 1, "commit": 0}}
DEBUG:root:received {"dest":"n3","src":"n1","body":{"msg_id":314,"type":"AppendEntries","term":0,"prevIndex":0,"prevTerm":0,"entries":[[["pass",null],0],[["write",[1,4]],0]],"commit":0},"id":551}
DEBUG:root:sending {"dest": "n1", "src": "n3", "body": {"msg_id": 55, "in_reply_to": 314, "type": "AppendEntriesRes", "res": true, "term": 0, "next": 1, "commit": 0}}
DEBUG:root:received {"dest":"n3","src":"n1","body":{"msg_id":320,"type":"AppendEntries","term":0,"prevIndex":0,"prevTerm":0,"entries":[[["pass",null],0],[["write",[1,4]],0]],"commit":0},"id":561}
DEBUG:root:sending {"dest": "n1", "src": "n3", "body": {"msg_id": 56, "in_reply_to": 320, "type": "AppendEntriesRes", "res": true, "term": 0, "next": 1, "commit": 0}}
DEBUG:root:received {"dest":"n3","src":"n1","body":{"msg_id":326,"type":"AppendEntries","term":0,"prevIndex":0,"prevTerm":0,"entries":[[["pass",null],0],[["write",[1,4]],0]],"commit":0},"id":571}
DEBUG:root:sending {"dest": "n1", "src": "n3", "body": {"msg_id": 57, "in_reply_to": 326, "type": "AppendEntriesRes", "res": true, "term": 0, "next": 1, "commit": 0}}
DEBUG:root:received {"dest":"n3","src":"n1","body":{"msg_id":332,"type":"AppendEntries","term":0,"prevIndex":0,"prevTerm":0,"entries":[[["pass",null],0],[["write",[1,4]],0]],"commit":0},"id":581}
DEBUG:root:sending {"dest": "n1", "src": "n3", "body": {"msg_id": 58, "in_reply_to": 332, "type": "AppendEntriesRes", "res": true, "term": 0, "next": 1, "commit": 0}}
DEBUG:root:received {"dest":"n3","src":"n1","body":{"msg_id":338,"type":"AppendEntries","term":0,"prevIndex":0,"prevTerm":0,"entries":[[["pass",null],0],[["write",[1,4]],0]],"commit":0},"id":591}
DEBUG:root:sending {"dest": "n1", "src": "n3", "body": {"msg_id": 59, "in_reply_to": 338, "type": "AppendEntriesRes", "res": true, "term": 0, "next": 1, "commit": 0}}
DEBUG:root:received {"dest":"n3","src":"n1","body":{"msg_id":344,"type":"AppendEntries","term":0,"prevIndex":0,"prevTerm":0,"entries":[[["pass",null],0],[["write",[1,4]],0]],"commit":0},"id":601}
DEBUG:root:sending {"dest": "n1", "src": "n3", "body": {"msg_id": 60, "in_reply_to": 344, "type": "AppendEntriesRes", "res": true, "term": 0, "next": 1, "commit": 0}}
DEBUG:root:received {"dest":"n3","src":"n1","body":{"msg_id":350,"type":"AppendEntries","term":0,"prevIndex":0,"prevTerm":0,"entries":[[["pass",null],0],[["write",[1,4]],0]],"commit":0},"id":611}
DEBUG:root:sending {"dest": "n1", "src": "n3", "body": {"msg_id": 61, "in_reply_to": 350, "type": "AppendEntriesRes", "res": true, "term": 0, "next": 1, "commit": 0}}
DEBUG:root:received {"dest":"n3","src":"n1","body":{"msg_id":356,"type":"AppendEntries","term":0,"prevIndex":0,"prevTerm":0,"entries":[[["pass",null],0],[["write",[1,4]],0]],"commit":0},"id":623}
DEBUG:root:sending {"dest": "n1", "src": "n3", "body": {"msg_id": 62, "in_reply_to": 356, "type": "AppendEntriesRes", "res": true, "term": 0, "next": 1, "commit": 0}}
DEBUG:root:received {"dest":"n3","src":"n1","body":{"msg_id":362,"type":"AppendEntries","term":0,"prevIndex":0,"prevTerm":0,"entries":[[["pass",null],0],[["write",[1,4]],0]],"commit":0},"id":633}
DEBUG:root:sending {"dest": "n1", "src": "n3", "body": {"msg_id": 63, "in_reply_to": 362, "type": "AppendEntriesRes", "res": true, "term": 0, "next": 1, "commit": 0}}
DEBUG:root:received {"dest":"n3","src":"n1","body":{"msg_id":368,"type":"AppendEntries","term":0,"prevIndex":0,"prevTerm":0,"entries":[[["pass",null],0],[["write",[1,4]],0]],"commit":0},"id":643}
DEBUG:root:sending {"dest": "n1", "src": "n3", "body": {"msg_id": 64, "in_reply_to": 368, "type": "AppendEntriesRes", "res": true, "term": 0, "next": 1, "commit": 0}}
DEBUG:root:received {"dest":"n3","src":"n1","body":{"msg_id":374,"type":"AppendEntries","term":0,"prevIndex":0,"prevTerm":0,"entries":[[["pass",null],0],[["write",[1,4]],0]],"commit":0},"id":653}
DEBUG:root:sending {"dest": "n1", "src": "n3", "body": {"msg_id": 65, "in_reply_to": 374, "type": "AppendEntriesRes", "res": true, "term": 0, "next": 1, "commit": 0}}
DEBUG:root:received {"dest":"n3","src":"n1","body":{"msg_id":380,"type":"AppendEntries","term":0,"prevIndex":0,"prevTerm":0,"entries":[[["pass",null],0],[["write",[1,4]],0]],"commit":0},"id":663}
DEBUG:root:sending {"dest": "n1", "src": "n3", "body": {"msg_id": 66, "in_reply_to": 380, "type": "AppendEntriesRes", "res": true, "term": 0, "next": 1, "commit": 0}}
DEBUG:root:received {"dest":"n3","src":"n1","body":{"msg_id":386,"type":"AppendEntries","term":0,"prevIndex":0,"prevTerm":0,"entries":[[["pass",null],0],[["write",[1,4]],0]],"commit":0},"id":673}
DEBUG:root:sending {"dest": "n1", "src": "n3", "body": {"msg_id": 67, "in_reply_to": 386, "type": "AppendEntriesRes", "res": true, "term": 0, "next": 1, "commit": 0}}
DEBUG:root:received {"dest":"n3","src":"n1","body":{"msg_id":392,"type":"AppendEntries","term":0,"prevIndex":0,"prevTerm":0,"entries":[[["pass",null],0],[["write",[1,4]],0]],"commit":0},"id":685}
DEBUG:root:sending {"dest": "n1", "src": "n3", "body": {"msg_id": 68, "in_reply_to": 392, "type": "AppendEntriesRes", "res": true, "term": 0, "next": 1, "commit": 0}}
DEBUG:root:received {"dest":"n3","src":"n1","body":{"msg_id":398,"type":"AppendEntries","term":0,"prevIndex":0,"prevTerm":0,"entries":[[["pass",null],0],[["write",[1,4]],0]],"commit":0},"id":695}
DEBUG:root:sending {"dest": "n1", "src": "n3", "body": {"msg_id": 69, "in_reply_to": 398, "type": "AppendEntriesRes", "res": true, "term": 0, "next": 1, "commit": 0}}
DEBUG:root:received {"dest":"n3","src":"n1","body":{"msg_id":404,"type":"AppendEntries","term":0,"prevIndex":0,"prevTerm":0,"entries":[[["pass",null],0],[["write",[1,4]],0]],"commit":0},"id":705}
DEBUG:root:sending {"dest": "n1", "src": "n3", "body": {"msg_id": 70, "in_reply_to": 404, "type": "AppendEntriesRes", "res": true, "term": 0, "next": 1, "commit": 0}}
DEBUG:root:received {"dest":"n3","src":"n1","body":{"msg_id":410,"type":"AppendEntries","term":0,"prevIndex":0,"prevTerm":0,"entries":[[["pass",null],0],[["write",[1,4]],0]],"commit":0},"id":715}
DEBUG:root:sending {"dest": "n1", "src": "n3", "body": {"msg_id": 71, "in_reply_to": 410, "type": "AppendEntriesRes", "res": true, "term": 0, "next": 1, "commit": 0}}
DEBUG:root:received {"dest":"n3","src":"n1","body":{"msg_id":416,"type":"AppendEntries","term":0,"prevIndex":0,"prevTerm":0,"entries":[[["pass",null],0],[["write",[1,4]],0]],"commit":0},"id":727}
DEBUG:root:sending {"dest": "n1", "src": "n3", "body": {"msg_id": 72, "in_reply_to": 416, "type": "AppendEntriesRes", "res": true, "term": 0, "next": 1, "commit": 0}}
DEBUG:root:received {"dest":"n3","src":"n1","body":{"msg_id":422,"type":"AppendEntries","term":0,"prevIndex":0,"prevTerm":0,"entries":[[["pass",null],0],[["write",[1,4]],0]],"commit":0},"id":737}
DEBUG:root:sending {"dest": "n1", "src": "n3", "body": {"msg_id": 73, "in_reply_to": 422, "type": "AppendEntriesRes", "res": true, "term": 0, "next": 1, "commit": 0}}
DEBUG:root:received {"dest":"n3","src":"n1","body":{"msg_id":428,"type":"AppendEntries","term":0,"prevIndex":0,"prevTerm":0,"entries":[[["pass",null],0],[["write",[1,4]],0]],"commit":0},"id":747}
DEBUG:root:sending {"dest": "n1", "src": "n3", "body": {"msg_id": 74, "in_reply_to": 428, "type": "AppendEntriesRes", "res": true, "term": 0, "next": 1, "commit": 0}}
DEBUG:root:received {"dest":"n3","body":{"key":1,"from":0,"to":1,"type":"cas","msg_id":2},"src":"c11","id":755}
DEBUG:root:sending {"dest": "c11", "src": "n3", "body": {"msg_id": 75, "in_reply_to": 2, "type": "error", "code": 11, "text": "Not Leader"}}
DEBUG:root:received {"dest":"n3","src":"n1","body":{"msg_id":434,"type":"AppendEntries","term":0,"prevIndex":0,"prevTerm":0,"entries":[[["pass",null],0],[["write",[1,4]],0]],"commit":0},"id":759}
DEBUG:root:sending {"dest": "n1", "src": "n3", "body": {"msg_id": 76, "in_reply_to": 434, "type": "AppendEntriesRes", "res": true, "term": 0, "next": 1, "commit": 0}}
DEBUG:root:received {"dest":"n3","src":"n1","body":{"msg_id":440,"type":"AppendEntries","term":0,"prevIndex":0,"prevTerm":0,"entries":[[["pass",null],0],[["write",[1,4]],0]],"commit":0},"id":769}
DEBUG:root:sending {"dest": "n1", "src": "n3", "body": {"msg_id": 77, "in_reply_to": 440, "type": "AppendEntriesRes", "res": true, "term": 0, "next": 1, "commit": 0}}
DEBUG:root:received {"dest":"n3","src":"n1","body":{"msg_id":446,"type":"AppendEntries","term":0,"prevIndex":0,"prevTerm":0,"entries":[[["pass",null],0],[["write",[1,4]],0]],"commit":0},"id":779}
DEBUG:root:sending {"dest": "n1", "src": "n3", "body": {"msg_id": 78, "in_reply_to": 446, "type": "AppendEntriesRes", "res": true, "term": 0, "next": 1, "commit": 0}}
DEBUG:root:received {"dest":"n3","src":"n1","body":{"msg_id":452,"type":"AppendEntries","term":0,"prevIndex":0,"prevTerm":0,"entries":[[["pass",null],0],[["write",[1,4]],0]],"commit":0},"id":789}
DEBUG:root:sending {"dest": "n1", "src": "n3", "body": {"msg_id": 79, "in_reply_to": 452, "type": "AppendEntriesRes", "res": true, "term": 0, "next": 1, "commit": 0}}
DEBUG:root:received {"dest":"n3","src":"n1","body":{"msg_id":458,"type":"AppendEntries","term":0,"prevIndex":0,"prevTerm":0,"entries":[[["pass",null],0],[["write",[1,4]],0]],"commit":0},"id":799}
DEBUG:root:sending {"dest": "n1", "src": "n3", "body": {"msg_id": 80, "in_reply_to": 458, "type": "AppendEntriesRes", "res": true, "term": 0, "next": 1, "commit": 0}}
DEBUG:root:received {"dest":"n3","src":"n1","body":{"msg_id":464,"type":"AppendEntries","term":0,"prevIndex":0,"prevTerm":0,"entries":[[["pass",null],0],[["write",[1,4]],0]],"commit":0},"id":809}
DEBUG:root:sending {"dest": "n1", "src": "n3", "body": {"msg_id": 81, "in_reply_to": 464, "type": "AppendEntriesRes", "res": true, "term": 0, "next": 1, "commit": 0}}
DEBUG:root:received {"dest":"n3","src":"n1","body":{"msg_id":470,"type":"AppendEntries","term":0,"prevIndex":0,"prevTerm":0,"entries":[[["pass",null],0],[["write",[1,4]],0]],"commit":0},"id":819}
DEBUG:root:sending {"dest": "n1", "src": "n3", "body": {"msg_id": 82, "in_reply_to": 470, "type": "AppendEntriesRes", "res": true, "term": 0, "next": 1, "commit": 0}}
DEBUG:root:received {"dest":"n3","src":"n1","body":{"msg_id":476,"type":"AppendEntries","term":0,"prevIndex":0,"prevTerm":0,"entries":[[["pass",null],0],[["write",[1,4]],0]],"commit":0},"id":829}
DEBUG:root:sending {"dest": "n1", "src": "n3", "body": {"msg_id": 83, "in_reply_to": 476, "type": "AppendEntriesRes", "res": true, "term": 0, "next": 1, "commit": 0}}
DEBUG:root:received {"dest":"n3","src":"n1","body":{"msg_id":482,"type":"AppendEntries","term":0,"prevIndex":0,"prevTerm":0,"entries":[[["pass",null],0],[["write",[1,4]],0]],"commit":0},"id":839}
DEBUG:root:sending {"dest": "n1", "src": "n3", "body": {"msg_id": 84, "in_reply_to": 482, "type": "AppendEntriesRes", "res": true, "term": 0, "next": 1, "commit": 0}}
DEBUG:root:received {"dest":"n3","src":"n1","body":{"msg_id":488,"type":"AppendEntries","term":0,"prevIndex":0,"prevTerm":0,"entries":[[["pass",null],0],[["write",[1,4]],0]],"commit":0},"id":849}
DEBUG:root:sending {"dest": "n1", "src": "n3", "body": {"msg_id": 85, "in_reply_to": 488, "type": "AppendEntriesRes", "res": true, "term": 0, "next": 1, "commit": 0}}
DEBUG:root:received {"dest":"n3","body":{"key":1,"from":4,"to":0,"type":"cas","msg_id":1},"src":"c21","id":859}
DEBUG:root:sending {"dest": "c21", "src": "n3", "body": {"msg_id": 86, "in_reply_to": 1, "type": "error", "code": 11, "text": "Not Leader"}}
DEBUG:root:received {"dest":"n3","src":"n1","body":{"msg_id":494,"type":"AppendEntries","term":0,"prevIndex":0,"prevTerm":0,"entries":[[["pass",null],0],[["write",[1,4]],0]],"commit":0},"id":860}
DEBUG:root:sending {"dest": "n1", "src": "n3", "body": {"msg_id": 87, "in_reply_to": 494, "type": "AppendEntriesRes", "res": true, "term": 0, "next": 1, "commit": 0}}
DEBUG:root:received {"dest":"n3","body":{"key":0,"type":"read","msg_id":1},"src":"c22","id":869}
DEBUG:root:sending {"dest": "c22", "src": "n3", "body": {"msg_id": 88, "in_reply_to": 1, "type": "error", "code": 11, "text": "Not Leader"}}
DEBUG:root:received {"dest":"n3","src":"n1","body":{"msg_id":500,"type":"AppendEntries","term":0,"prevIndex":0,"prevTerm":0,"entries":[[["pass",null],0],[["write",[1,4]],0]],"commit":0},"id":873}
DEBUG:root:sending {"dest": "n1", "src": "n3", "body": {"msg_id": 89, "in_reply_to": 500, "type": "AppendEntriesRes", "res": true, "term": 0, "next": 1, "commit": 0}}
DEBUG:root:received {"dest":"n3","src":"n1","body":{"msg_id":506,"type":"AppendEntries","term":0,"prevIndex":0,"prevTerm":0,"entries":[[["pass",null],0],[["write",[1,4]],0]],"commit":0},"id":883}
DEBUG:root:sending {"dest": "n1", "src": "n3", "body": {"msg_id": 90, "in_reply_to": 506, "type": "AppendEntriesRes", "res": true, "term": 0, "next": 1, "commit": 0}}
DEBUG:root:received {"dest":"n3","src":"n1","body":{"msg_id":512,"type":"AppendEntries","term":0,"prevIndex":0,"prevTerm":0,"entries":[[["pass",null],0],[["write",[1,4]],0]],"commit":0},"id":893}
DEBUG:root:sending {"dest": "n1", "src": "n3", "body": {"msg_id": 91, "in_reply_to": 512, "type": "AppendEntriesRes", "res": true, "term": 0, "next": 1, "commit": 0}}
DEBUG:root:received {"dest":"n3","src":"n1","body":{"msg_id":518,"type":"AppendEntries","term":0,"prevIndex":0,"prevTerm":0,"entries":[[["pass",null],0],[["write",[1,4]],0]],"commit":0},"id":903}
DEBUG:root:sending {"dest": "n1", "src": "n3", "body": {"msg_id": 92, "in_reply_to": 518, "type": "AppendEntriesRes", "res": true, "term": 0, "next": 1, "commit": 0}}
DEBUG:root:received {"dest":"n3","src":"n1","body":{"msg_id":524,"type":"AppendEntries","term":0,"prevIndex":0,"prevTerm":0,"entries":[[["pass",null],0],[["write",[1,4]],0]],"commit":0},"id":913}
DEBUG:root:sending {"dest": "n1", "src": "n3", "body": {"msg_id": 93, "in_reply_to": 524, "type": "AppendEntriesRes", "res": true, "term": 0, "next": 1, "commit": 0}}
DEBUG:root:received {"dest":"n3","src":"n1","body":{"msg_id":530,"type":"AppendEntries","term":0,"prevIndex":0,"prevTerm":0,"entries":[[["pass",null],0],[["write",[1,4]],0]],"commit":0},"id":923}
DEBUG:root:sending {"dest": "n1", "src": "n3", "body": {"msg_id": 94, "in_reply_to": 530, "type": "AppendEntriesRes", "res": true, "term": 0, "next": 1, "commit": 0}}
DEBUG:root:received {"dest":"n3","src":"n1","body":{"msg_id":536,"type":"AppendEntries","term":0,"prevIndex":0,"prevTerm":0,"entries":[[["pass",null],0],[["write",[1,4]],0]],"commit":0},"id":937}
DEBUG:root:sending {"dest": "n1", "src": "n3", "body": {"msg_id": 95, "in_reply_to": 536, "type": "AppendEntriesRes", "res": true, "term": 0, "next": 1, "commit": 0}}
DEBUG:root:received {"dest":"n3","src":"n1","body":{"msg_id":542,"type":"AppendEntries","term":0,"prevIndex":0,"prevTerm":0,"entries":[[["pass",null],0],[["write",[1,4]],0]],"commit":0},"id":947}
DEBUG:root:sending {"dest": "n1", "src": "n3", "body": {"msg_id": 96, "in_reply_to": 542, "type": "AppendEntriesRes", "res": true, "term": 0, "next": 1, "commit": 0}}
DEBUG:root:received {"dest":"n3","src":"n1","body":{"msg_id":548,"type":"AppendEntries","term":0,"prevIndex":0,"prevTerm":0,"entries":[[["pass",null],0],[["write",[1,4]],0]],"commit":0},"id":957}
DEBUG:root:sending {"dest": "n1", "src": "n3", "body": {"msg_id": 97, "in_reply_to": 548, "type": "AppendEntriesRes", "res": true, "term": 0, "next": 1, "commit": 0}}
DEBUG:root:received {"dest":"n3","src":"n1","body":{"msg_id":554,"type":"AppendEntries","term":0,"prevIndex":0,"prevTerm":0,"entries":[[["pass",null],0],[["write",[1,4]],0]],"commit":0},"id":967}
DEBUG:root:sending {"dest": "n1", "src": "n3", "body": {"msg_id": 98, "in_reply_to": 554, "type": "AppendEntriesRes", "res": true, "term": 0, "next": 1, "commit": 0}}
DEBUG:root:received {"dest":"n3","src":"n1","body":{"msg_id":560,"type":"AppendEntries","term":0,"prevIndex":0,"prevTerm":0,"entries":[[["pass",null],0],[["write",[1,4]],0]],"commit":0},"id":979}
DEBUG:root:sending {"dest": "n1", "src": "n3", "body": {"msg_id": 99, "in_reply_to": 560, "type": "AppendEntriesRes", "res": true, "term": 0, "next": 1, "commit": 0}}
DEBUG:root:received {"dest":"n3","src":"n1","body":{"msg_id":566,"type":"AppendEntries","term":0,"prevIndex":0,"prevTerm":0,"entries":[[["pass",null],0],[["write",[1,4]],0]],"commit":0},"id":989}
DEBUG:root:sending {"dest": "n1", "src": "n3", "body": {"msg_id": 100, "in_reply_to": 566, "type": "AppendEntriesRes", "res": true, "term": 0, "next": 1, "commit": 0}}
DEBUG:root:received {"dest":"n3","src":"n1","body":{"msg_id":572,"type":"AppendEntries","term":0,"prevIndex":0,"prevTerm":0,"entries":[[["pass",null],0],[["write",[1,4]],0]],"commit":0},"id":999}
DEBUG:root:sending {"dest": "n1", "src": "n3", "body": {"msg_id": 101, "in_reply_to": 572, "type": "AppendEntriesRes", "res": true, "term": 0, "next": 1, "commit": 0}}
DEBUG:root:received {"dest":"n3","src":"n1","body":{"msg_id":578,"type":"AppendEntries","term":0,"prevIndex":0,"prevTerm":0,"entries":[[["pass",null],0],[["write",[1,4]],0]],"commit":0},"id":1009}
DEBUG:root:sending {"dest": "n1", "src": "n3", "body": {"msg_id": 102, "in_reply_to": 578, "type": "AppendEntriesRes", "res": true, "term": 0, "next": 1, "commit": 0}}
DEBUG:root:received {"dest":"n3","src":"n1","body":{"msg_id":584,"type":"AppendEntries","term":0,"prevIndex":0,"prevTerm":0,"entries":[[["pass",null],0],[["write",[1,4]],0]],"commit":0},"id":1019}
DEBUG:root:sending {"dest": "n1", "src": "n3", "body": {"msg_id": 103, "in_reply_to": 584, "type": "AppendEntriesRes", "res": true, "term": 0, "next": 1, "commit": 0}}
DEBUG:root:received {"dest":"n3","src":"n1","body":{"msg_id":590,"type":"AppendEntries","term":0,"prevIndex":0,"prevTerm":0,"entries":[[["pass",null],0],[["write",[1,4]],0]],"commit":0},"id":1029}
DEBUG:root:sending {"dest": "n1", "src": "n3", "body": {"msg_id": 104, "in_reply_to": 590, "type": "AppendEntriesRes", "res": true, "term": 0, "next": 1, "commit": 0}}
DEBUG:root:received {"dest":"n3","src":"n1","body":{"msg_id":596,"type":"AppendEntries","term":0,"prevIndex":0,"prevTerm":0,"entries":[[["pass",null],0],[["write",[1,4]],0]],"commit":0},"id":1039}
DEBUG:root:sending {"dest": "n1", "src": "n3", "body": {"msg_id": 105, "in_reply_to": 596, "type": "AppendEntriesRes", "res": true, "term": 0, "next": 1, "commit": 0}}
DEBUG:root:received {"dest":"n3","src":"n1","body":{"msg_id":602,"type":"AppendEntries","term":0,"prevIndex":0,"prevTerm":0,"entries":[[["pass",null],0],[["write",[1,4]],0]],"commit":0},"id":1049}
DEBUG:root:sending {"dest": "n1", "src": "n3", "body": {"msg_id": 106, "in_reply_to": 602, "type": "AppendEntriesRes", "res": true, "term": 0, "next": 1, "commit": 0}}
DEBUG:root:received {"dest":"n3","src":"n1","body":{"msg_id":608,"type":"AppendEntries","term":0,"prevIndex":0,"prevTerm":0,"entries":[[["pass",null],0],[["write",[1,4]],0]],"commit":0},"id":1059}
DEBUG:root:sending {"dest": "n1", "src": "n3", "body": {"msg_id": 107, "in_reply_to": 608, "type": "AppendEntriesRes", "res": true, "term": 0, "next": 1, "commit": 0}}
DEBUG:root:received {"dest":"n3","src":"n1","body":{"msg_id":614,"type":"AppendEntries","term":0,"prevIndex":0,"prevTerm":0,"entries":[[["pass",null],0],[["write",[1,4]],0]],"commit":0},"id":1069}
DEBUG:root:sending {"dest": "n1", "src": "n3", "body": {"msg_id": 108, "in_reply_to": 614, "type": "AppendEntriesRes", "res": true, "term": 0, "next": 1, "commit": 0}}
DEBUG:root:received {"dest":"n3","src":"n1","body":{"msg_id":619,"type":"AppendEntries","term":0,"entries":[[["write",[1,4]],0],[["write",[0,2]],0]],"prevIndex":0,"prevTerm":0,"commit":0},"id":1079}
DEBUG:root:sending {"dest": "n1", "src": "n3", "body": {"msg_id": 109, "in_reply_to": 619, "type": "AppendEntriesRes", "res": true, "term": 0, "next": 1, "commit": 0}}
DEBUG:root:received {"dest":"n3","src":"n1","body":{"msg_id":624,"type":"AppendEntries","term":0,"prevIndex":0,"prevTerm":0,"entries":[[["pass",null],0],[["write",[1,4]],0],[["write",[0,2]],0]],"commit":0},"id":1088}
DEBUG:root:sending {"dest": "n1", "src": "n3", "body": {"msg_id": 110, "in_reply_to": 624, "type": "AppendEntriesRes", "res": true, "term": 0, "next": 1, "commit": 0}}
DEBUG:root:received {"dest":"n3","src":"n1","body":{"msg_id":630,"type":"AppendEntries","term":0,"prevIndex":0,"prevTerm":0,"entries":[[["pass",null],0],[["write",[1,4]],0],[["write",[0,2]],0]],"commit":0},"id":1098}
DEBUG:root:sending {"dest": "n1", "src": "n3", "body": {"msg_id": 111, "in_reply_to": 630, "type": "AppendEntriesRes", "res": true, "term": 0, "next": 1, "commit": 0}}
DEBUG:root:received {"dest":"n3","src":"n1","body":{"msg_id":636,"type":"AppendEntries","term":0,"prevIndex":0,"prevTerm":0,"entries":[[["pass",null],0],[["write",[1,4]],0],[["write",[0,2]],0]],"commit":0},"id":1108}
DEBUG:root:sending {"dest": "n1", "src": "n3", "body": {"msg_id": 112, "in_reply_to": 636, "type": "AppendEntriesRes", "res": true, "term": 0, "next": 1, "commit": 0}}
DEBUG:root:received {"dest":"n3","src":"n1","body":{"msg_id":642,"type":"AppendEntries","term":0,"prevIndex":0,"prevTerm":0,"entries":[[["pass",null],0],[["write",[1,4]],0],[["write",[0,2]],0]],"commit":0},"id":1118}
DEBUG:root:sending {"dest": "n1", "src": "n3", "body": {"msg_id": 113, "in_reply_to": 642, "type": "AppendEntriesRes", "res": true, "term": 0, "next": 1, "commit": 0}}
DEBUG:root:received {"dest":"n3","src":"n1","body":{"msg_id":648,"type":"AppendEntries","term":0,"prevIndex":0,"prevTerm":0,"entries":[[["pass",null],0],[["write",[1,4]],0],[["write",[0,2]],0]],"commit":0},"id":1128}
DEBUG:root:sending {"dest": "n1", "src": "n3", "body": {"msg_id": 114, "in_reply_to": 648, "type": "AppendEntriesRes", "res": true, "term": 0, "next": 1, "commit": 0}}
DEBUG:root:received {"dest":"n3","src":"n1","body":{"msg_id":654,"type":"AppendEntries","term":0,"prevIndex":0,"prevTerm":0,"entries":[[["pass",null],0],[["write",[1,4]],0],[["write",[0,2]],0]],"commit":0},"id":1138}
DEBUG:root:sending {"dest": "n1", "src": "n3", "body": {"msg_id": 115, "in_reply_to": 654, "type": "AppendEntriesRes", "res": true, "term": 0, "next": 1, "commit": 0}}
DEBUG:root:received {"dest":"n3","src":"n1","body":{"msg_id":660,"type":"AppendEntries","term":0,"prevIndex":0,"prevTerm":0,"entries":[[["pass",null],0],[["write",[1,4]],0],[["write",[0,2]],0]],"commit":0},"id":1148}
DEBUG:root:sending {"dest": "n1", "src": "n3", "body": {"msg_id": 116, "in_reply_to": 660, "type": "AppendEntriesRes", "res": true, "term": 0, "next": 1, "commit": 0}}
DEBUG:root:received {"dest":"n3","src":"n1","body":{"msg_id":666,"type":"AppendEntries","term":0,"prevIndex":0,"prevTerm":0,"entries":[[["pass",null],0],[["write",[1,4]],0],[["write",[0,2]],0]],"commit":0},"id":1158}
DEBUG:root:sending {"dest": "n1", "src": "n3", "body": {"msg_id": 117, "in_reply_to": 666, "type": "AppendEntriesRes", "res": true, "term": 0, "next": 1, "commit": 0}}
DEBUG:root:received {"dest":"n3","src":"n1","body":{"msg_id":672,"type":"AppendEntries","term":0,"prevIndex":0,"prevTerm":0,"entries":[[["pass",null],0],[["write",[1,4]],0],[["write",[0,2]],0]],"commit":0},"id":1168}
DEBUG:root:sending {"dest": "n1", "src": "n3", "body": {"msg_id": 118, "in_reply_to": 672, "type": "AppendEntriesRes", "res": true, "term": 0, "next": 1, "commit": 0}}
DEBUG:root:received {"dest":"n3","src":"n1","body":{"msg_id":678,"type":"AppendEntries","term":0,"prevIndex":0,"prevTerm":0,"entries":[[["pass",null],0],[["write",[1,4]],0],[["write",[0,2]],0]],"commit":0},"id":1179}
DEBUG:root:sending {"dest": "n1", "src": "n3", "body": {"msg_id": 119, "in_reply_to": 678, "type": "AppendEntriesRes", "res": true, "term": 0, "next": 1, "commit": 0}}
DEBUG:root:received {"dest":"n3","src":"n1","body":{"msg_id":684,"type":"AppendEntries","term":0,"prevIndex":0,"prevTerm":0,"entries":[[["pass",null],0],[["write",[1,4]],0],[["write",[0,2]],0]],"commit":0},"id":1190}
DEBUG:root:sending {"dest": "n1", "src": "n3", "body": {"msg_id": 120, "in_reply_to": 684, "type": "AppendEntriesRes", "res": true, "term": 0, "next": 1, "commit": 0}}
DEBUG:root:received {"dest":"n3","src":"n1","body":{"msg_id":690,"type":"AppendEntries","term":0,"prevIndex":0,"prevTerm":0,"entries":[[["pass",null],0],[["write",[1,4]],0],[["write",[0,2]],0]],"commit":0},"id":1200}
DEBUG:root:sending {"dest": "n1", "src": "n3", "body": {"msg_id": 121, "in_reply_to": 690, "type": "AppendEntriesRes", "res": true, "term": 0, "next": 1, "commit": 0}}
DEBUG:root:received {"dest":"n3","src":"n1","body":{"msg_id":696,"type":"AppendEntries","term":0,"prevIndex":0,"prevTerm":0,"entries":[[["pass",null],0],[["write",[1,4]],0],[["write",[0,2]],0]],"commit":0},"id":1212}
DEBUG:root:sending {"dest": "n1", "src": "n3", "body": {"msg_id": 122, "in_reply_to": 696, "type": "AppendEntriesRes", "res": true, "term": 0, "next": 1, "commit": 0}}
DEBUG:root:received {"dest":"n3","src":"n1","body":{"msg_id":702,"type":"AppendEntries","term":0,"prevIndex":0,"prevTerm":0,"entries":[[["pass",null],0],[["write",[1,4]],0],[["write",[0,2]],0]],"commit":0},"id":1222}
DEBUG:root:sending {"dest": "n1", "src": "n3", "body": {"msg_id": 123, "in_reply_to": 702, "type": "AppendEntriesRes", "res": true, "term": 0, "next": 1, "commit": 0}}
DEBUG:root:received {"dest":"n3","src":"n1","body":{"msg_id":708,"type":"AppendEntries","term":0,"prevIndex":0,"prevTerm":0,"entries":[[["pass",null],0],[["write",[1,4]],0],[["write",[0,2]],0]],"commit":0},"id":1232}
DEBUG:root:sending {"dest": "n1", "src": "n3", "body": {"msg_id": 124, "in_reply_to": 708, "type": "AppendEntriesRes", "res": true, "term": 0, "next": 1, "commit": 0}}
DEBUG:root:received {"dest":"n3","src":"n1","body":{"msg_id":714,"type":"AppendEntries","term":0,"prevIndex":0,"prevTerm":0,"entries":[[["pass",null],0],[["write",[1,4]],0],[["write",[0,2]],0]],"commit":0},"id":1242}
DEBUG:root:sending {"dest": "n1", "src": "n3", "body": {"msg_id": 125, "in_reply_to": 714, "type": "AppendEntriesRes", "res": true, "term": 0, "next": 1, "commit": 0}}
DEBUG:root:received {"dest":"n3","src":"n1","body":{"msg_id":720,"type":"AppendEntries","term":0,"prevIndex":0,"prevTerm":0,"entries":[[["pass",null],0],[["write",[1,4]],0],[["write",[0,2]],0]],"commit":0},"id":1252}
DEBUG:root:sending {"dest": "n1", "src": "n3", "body": {"msg_id": 126, "in_reply_to": 720, "type": "AppendEntriesRes", "res": true, "term": 0, "next": 1, "commit": 0}}
DEBUG:root:received {"dest":"n3","src":"n1","body":{"msg_id":726,"type":"AppendEntries","term":0,"prevIndex":0,"prevTerm":0,"entries":[[["pass",null],0],[["write",[1,4]],0],[["write",[0,2]],0]],"commit":0},"id":1262}
DEBUG:root:sending {"dest": "n1", "src": "n3", "body": {"msg_id": 127, "in_reply_to": 726, "type": "AppendEntriesRes", "res": true, "term": 0, "next": 1, "commit": 0}}
DEBUG:root:received {"dest":"n3","src":"n1","body":{"msg_id":732,"type":"AppendEntries","term":0,"prevIndex":0,"prevTerm":0,"entries":[[["pass",null],0],[["write",[1,4]],0],[["write",[0,2]],0]],"commit":0},"id":1272}
DEBUG:root:sending {"dest": "n1", "src": "n3", "body": {"msg_id": 128, "in_reply_to": 732, "type": "AppendEntriesRes", "res": true, "term": 0, "next": 1, "commit": 0}}
DEBUG:root:received {"dest":"n3","body":{"key":0,"from":3,"to":2,"type":"cas","msg_id":1},"src":"c26","id":1280}
DEBUG:root:sending {"dest": "c26", "src": "n3", "body": {"msg_id": 129, "in_reply_to": 1, "type": "error", "code": 11, "text": "Not Leader"}}
DEBUG:root:received {"dest":"n3","src":"n1","body":{"msg_id":738,"type":"AppendEntries","term":0,"prevIndex":0,"prevTerm":0,"entries":[[["pass",null],0],[["write",[1,4]],0],[["write",[0,2]],0]],"commit":0},"id":1284}
DEBUG:root:sending {"dest": "n1", "src": "n3", "body": {"msg_id": 130, "in_reply_to": 738, "type": "AppendEntriesRes", "res": true, "term": 0, "next": 1, "commit": 0}}
DEBUG:root:received {"dest":"n3","src":"n1","body":{"msg_id":744,"type":"AppendEntries","term":0,"prevIndex":0,"prevTerm":0,"entries":[[["pass",null],0],[["write",[1,4]],0],[["write",[0,2]],0]],"commit":0},"id":1294}
DEBUG:root:sending {"dest": "n1", "src": "n3", "body": {"msg_id": 131, "in_reply_to": 744, "type": "AppendEntriesRes", "res": true, "term": 0, "next": 1, "commit": 0}}
DEBUG:root:received {"dest":"n3","src":"n1","body":{"msg_id":750,"type":"AppendEntries","term":0,"prevIndex":0,"prevTerm":0,"entries":[[["pass",null],0],[["write",[1,4]],0],[["write",[0,2]],0]],"commit":0},"id":1304}
DEBUG:root:sending {"dest": "n1", "src": "n3", "body": {"msg_id": 132, "in_reply_to": 750, "type": "AppendEntriesRes", "res": true, "term": 0, "next": 1, "commit": 0}}
DEBUG:root:received {"dest":"n3","src":"n1","body":{"msg_id":756,"type":"AppendEntries","term":0,"prevIndex":0,"prevTerm":0,"entries":[[["pass",null],0],[["write",[1,4]],0],[["write",[0,2]],0]],"commit":0},"id":1314}
DEBUG:root:sending {"dest": "n1", "src": "n3", "body": {"msg_id": 133, "in_reply_to": 756, "type": "AppendEntriesRes", "res": true, "term": 0, "next": 1, "commit": 0}}
DEBUG:root:received {"dest":"n3","src":"n1","body":{"msg_id":762,"type":"AppendEntries","term":0,"prevIndex":0,"prevTerm":0,"entries":[[["pass",null],0],[["write",[1,4]],0],[["write",[0,2]],0]],"commit":0},"id":1324}
DEBUG:root:sending {"dest": "n1", "src": "n3", "body": {"msg_id": 134, "in_reply_to": 762, "type": "AppendEntriesRes", "res": true, "term": 0, "next": 1, "commit": 0}}
DEBUG:root:received {"dest":"n3","src":"n1","body":{"msg_id":768,"type":"AppendEntries","term":0,"prevIndex":0,"prevTerm":0,"entries":[[["pass",null],0],[["write",[1,4]],0],[["write",[0,2]],0]],"commit":0},"id":1334}
DEBUG:root:sending {"dest": "n1", "src": "n3", "body": {"msg_id": 135, "in_reply_to": 768, "type": "AppendEntriesRes", "res": true, "term": 0, "next": 1, "commit": 0}}
DEBUG:root:received {"dest":"n3","src":"n1","body":{"msg_id":774,"type":"AppendEntries","term":0,"prevIndex":0,"prevTerm":0,"entries":[[["pass",null],0],[["write",[1,4]],0],[["write",[0,2]],0]],"commit":0},"id":1344}
DEBUG:root:sending {"dest": "n1", "src": "n3", "body": {"msg_id": 136, "in_reply_to": 774, "type": "AppendEntriesRes", "res": true, "term": 0, "next": 1, "commit": 0}}
DEBUG:root:received {"dest":"n3","src":"n1","body":{"msg_id":780,"type":"AppendEntries","term":0,"prevIndex":0,"prevTerm":0,"entries":[[["pass",null],0],[["write",[1,4]],0],[["write",[0,2]],0]],"commit":0},"id":1354}
DEBUG:root:sending {"dest": "n1", "src": "n3", "body": {"msg_id": 137, "in_reply_to": 780, "type": "AppendEntriesRes", "res": true, "term": 0, "next": 1, "commit": 0}}
DEBUG:root:received {"dest":"n3","src":"n1","body":{"msg_id":786,"type":"AppendEntries","term":0,"prevIndex":0,"prevTerm":0,"entries":[[["pass",null],0],[["write",[1,4]],0],[["write",[0,2]],0]],"commit":0},"id":1364}
DEBUG:root:sending {"dest": "n1", "src": "n3", "body": {"msg_id": 138, "in_reply_to": 786, "type": "AppendEntriesRes", "res": true, "term": 0, "next": 1, "commit": 0}}
