DEBUG:root:received {"dest":"n5","body":{"type":"init","node_id":"n5","node_ids":["n1","n2","n3","n4","n5"],"msg_id":1},"src":"c4","id":4}
INFO:root:node n5 initialized
DEBUG:root:sending {"dest": "c4", "src": "n5", "body": {"msg_id": 1, "in_reply_to": 1, "type": "init_ok"}}
DEBUG:root:received {"dest":"n5","src":"n1","body":{"msg_id":6,"type":"AppendEntries","term":0,"prevIndex":0,"prevTerm":0,"entries":[[["pass",null],0]],"commit":0},"id":14}
DEBUG:root:sending {"dest": "n1", "src": "n5", "body": {"msg_id": 2, "in_reply_to": 6, "type": "AppendEntriesRes", "res": true, "term": 0, "next": 1, "commit": 0}}
DEBUG:root:received {"dest":"n5","src":"n1","body":{"msg_id":12,"type":"AppendEntries","term":0,"prevIndex":0,"prevTerm":0,"entries":[[["pass",null],0]],"commit":0},"id":24}
DEBUG:root:sending {"dest": "n1", "src": "n5", "body": {"msg_id": 3, "in_reply_to": 12, "type": "AppendEntriesRes", "res": true, "term": 0, "next": 1, "commit": 0}}
DEBUG:root:received {"dest":"n5","body":{"key":0,"type":"read","msg_id":1},"src":"c10","id":30}
DEBUG:root:sending {"dest": "c10", "src": "n5", "body": {"msg_id": 4, "in_reply_to": 1, "type": "error", "code": 11, "text": "Not Leader"}}
DEBUG:root:received {"dest":"n5","src":"n1","body":{"msg_id":18,"type":"AppendEntries","term":0,"prevIndex":0,"prevTerm":0,"entries":[[["pass",null],0]],"commit":0},"id":36}
DEBUG:root:sending {"dest": "n1", "src": "n5", "body": {"msg_id": 5, "in_reply_to": 18, "type": "AppendEntriesRes", "res": true, "term": 0, "next": 1, "commit": 0}}
DEBUG:root:received {"dest":"n5","src":"n1","body":{"msg_id":24,"type":"AppendEntries","term":0,"prevIndex":0,"prevTerm":0,"entries":[[["pass",null],0]],"commit":0},"id":49}
DEBUG:root:sending {"dest": "n1", "src": "n5", "body": {"msg_id": 6, "in_reply_to": 24, "type": "AppendEntriesRes", "res": true, "term": 0, "next": 1, "commit": 0}}
DEBUG:root:received {"dest":"n5","src":"n1","body":{"msg_id":30,"type":"AppendEntries","term":0,"prevIndex":0,"prevTerm":0,"entries":[[["pass",null],0]],"commit":0},"id":58}
DEBUG:root:sending {"dest": "n1", "src": "n5", "body": {"msg_id": 7, "in_reply_to": 30, "type": "AppendEntriesRes", "res": true, "term": 0, "next": 1, "commit": 0}}
DEBUG:root:received {"dest":"n5","body":{"key":0,"from":0,"to":0,"type":"cas","msg_id":1},"src":"c12","id":64}
DEBUG:root:sending {"dest": "c12", "src": "n5", "body": {"msg_id": 8, "in_reply_to": 1, "type": "error", "code": 11, "text": "Not Leader"}}
DEBUG:root:received {"dest":"n5","src":"n1","body":{"msg_id":36,"type":"AppendEntries","term":0,"prevIndex":0,"prevTerm":0,"entries":[[["pass",null],0]],"commit":0},"id":70}
DEBUG:root:sending {"dest": "n1", "src": "n5", "body": {"msg_id": 9, "in_reply_to": 36, "type": "AppendEntriesRes", "res": true, "term": 0, "next": 1, "commit": 0}}
DEBUG:root:received {"dest":"n5","src":"n1","body":{"msg_id":42,"type":"AppendEntries","term":0,"prevIndex":0,"prevTerm":0,"entries":[[["pass",null],0]],"commit":0},"id":80}
DEBUG:root:sending {"dest": "n1", "src": "n5", "body": {"msg_id": 10, "in_reply_to": 42, "type": "AppendEntriesRes", "res": true, "term": 0, "next": 1, "commit": 0}}
DEBUG:root:received {"dest":"n5","src":"n1","body":{"msg_id":48,"type":"AppendEntries","term":0,"prevIndex":0,"prevTerm":0,"entries":[[["pass",null],0]],"commit":0},"id":90}
DEBUG:root:sending {"dest": "n1", "src": "n5", "body": {"msg_id": 11, "in_reply_to": 48, "type": "AppendEntriesRes", "res": true, "term": 0, "next": 1, "commit": 0}}
DEBUG:root:received {"dest":"n5","src":"n1","body":{"msg_id":54,"type":"AppendEntries","term":0,"prevIndex":0,"prevTerm":0,"entries":[[["pass",null],0]],"commit":0},"id":101}
DEBUG:root:sending {"dest": "n1", "src": "n5", "body": {"msg_id": 12, "in_reply_to": 54, "type": "AppendEntriesRes", "res": true, "term": 0, "next": 1, "commit": 0}}
DEBUG:root:received {"dest":"n5","src":"n1","body":{"msg_id":60,"type":"AppendEntries","term":0,"prevIndex":0,"prevTerm":0,"entries":[[["pass",null],0]],"commit":0},"id":112}
DEBUG:root:sending {"dest": "n1", "src": "n5", "body": {"msg_id": 13, "in_reply_to": 60, "type": "AppendEntriesRes", "res": true, "term": 0, "next": 1, "commit": 0}}
DEBUG:root:received {"dest":"n5","src":"n1","body":{"msg_id":66,"type":"AppendEntries","term":0,"prevIndex":0,"prevTerm":0,"entries":[[["pass",null],0]],"commit":0},"id":123}
DEBUG:root:sending {"dest": "n1", "src": "n5", "body": {"msg_id": 14, "in_reply_to": 66, "type": "AppendEntriesRes", "res": true, "term": 0, "next": 1, "commit": 0}}
DEBUG:root:received {"dest":"n5","body":{"key":1,"from":4,"to":0,"type":"cas","msg_id":1},"src":"c14","id":128}
DEBUG:root:sending {"dest": "c14", "src": "n5", "body": {"msg_id": 15, "in_reply_to": 1, "type": "error", "code": 11, "text": "Not Leader"}}
DEBUG:root:received {"dest":"n5","src":"n1","body":{"msg_id":72,"type":"AppendEntries","term":0,"prevIndex":0,"prevTerm":0,"entries":[[["pass",null],0]],"commit":0},"id":135}
DEBUG:root:sending {"dest": "n1", "src": "n5", "body": {"msg_id": 16, "in_reply_to": 72, "type": "AppendEntriesRes", "res": true, "term": 0, "next": 1, "commit": 0}}
DEBUG:root:received {"dest":"n5","src":"n1","body":{"msg_id":78,"type":"AppendEntries","term":0,"prevIndex":0,"prevTerm":0,"entries":[[["pass",null],0]],"commit":0},"id":144}
DEBUG:root:sending {"dest": "n1", "src": "n5", "body": {"msg_id": 17, "in_reply_to": 78, "type": "AppendEntriesRes", "res": true, "term": 0, "next": 1, "commit": 0}}
DEBUG:root:received {"dest":"n5","src":"n1","body":{"msg_id":84,"type":"AppendEntries","term":0,"prevIndex":0,"prevTerm":0,"entries":[[["pass",null],0]],"commit":0},"id":154}
DEBUG:root:sending {"dest": "n1", "src": "n5", "body": {"msg_id": 18, "in_reply_to": 84, "type": "AppendEntriesRes", "res": true, "term": 0, "next": 1, "commit": 0}}
DEBUG:root:received {"dest":"n5","src":"n1","body":{"msg_id":90,"type":"AppendEntries","term":0,"prevIndex":0,"prevTerm":0,"entries":[[["pass",null],0]],"commit":0},"id":164}
DEBUG:root:sending {"dest": "n1", "src": "n5", "body": {"msg_id": 19, "in_reply_to": 90, "type": "AppendEntriesRes", "res": true, "term": 0, "next": 1, "commit": 0}}
DEBUG:root:received {"dest":"n5","src":"n1","body":{"msg_id":96,"type":"AppendEntries","term":0,"prevIndex":0,"prevTerm":0,"entries":[[["pass",null],0]],"commit":0},"id":174}
DEBUG:root:sending {"dest": "n1", "src": "n5", "body": {"msg_id": 20, "in_reply_to": 96, "type": "AppendEntriesRes", "res": true, "term": 0, "next": 1, "commit": 0}}
DEBUG:root:received {"dest":"n5","src":"n1","body":{"msg_id":102,"type":"AppendEntries","term":0,"prevIndex":0,"prevTerm":0,"entries":[[["pass",null],0]],"commit":0},"id":185}
DEBUG:root:sending {"dest": "n1", "src": "n5", "body": {"msg_id": 21, "in_reply_to": 102, "type": "AppendEntriesRes", "res": true, "term": 0, "next": 1, "commit": 0}}
DEBUG:root:received {"dest":"n5","src":"n1","body":{"msg_id":108,"type":"AppendEntries","term":0,"prevIndex":0,"prevTerm":0,"entries":[[["pass",null],0]],"commit":0},"id":194}
DEBUG:root:sending {"dest": "n1", "src": "n5", "body": {"msg_id": 22, "in_reply_to": 108, "type": "AppendEntriesRes", "res": true, "term": 0, "next": 1, "commit": 0}}
DEBUG:root:received {"dest":"n5","src":"n1","body":{"msg_id":114,"type":"AppendEntries","term":0,"prevIndex":0,"prevTerm":0,"entries":[[["pass",null],0]],"commit":0},"id":204}
DEBUG:root:sending {"dest": "n1", "src": "n5", "body": {"msg_id": 23, "in_reply_to": 114, "type": "AppendEntriesRes", "res": true, "term": 0, "next": 1, "commit": 0}}
DEBUG:root:received {"dest":"n5","src":"n1","body":{"msg_id":120,"type":"AppendEntries","term":0,"prevIndex":0,"prevTerm":0,"entries":[[["pass",null],0]],"commit":0},"id":215}
DEBUG:root:sending {"dest": "n1", "src": "n5", "body": {"msg_id": 24, "in_reply_to": 120, "type": "AppendEntriesRes", "res": true, "term": 0, "next": 1, "commit": 0}}
DEBUG:root:received {"dest":"n5","src":"n1","body":{"msg_id":125,"type":"AppendEntries","term":0,"entries":[[["write",[1,4]],0]],"prevIndex":0,"prevTerm":0,"commit":0},"id":225}
DEBUG:root:sending {"dest": "n1", "src": "n5", "body": {"msg_id": 25, "in_reply_to": 125, "type": "AppendEntriesRes", "res": true, "term": 0, "next": 1, "commit": 0}}
DEBUG:root:received {"dest":"n5","src":"n1","body":{"msg_id":130,"type":"AppendEntries","term":0,"prevIndex":0,"prevTerm":0,"entries":[[["pass",null],0],[["write",[1,4]],0]],"commit":0},"id":233}
DEBUG:root:sending {"dest": "n1", "src": "n5", "body": {"msg_id": 26, "in_reply_to": 130, "type": "AppendEntriesRes", "res": true, "term": 0, "next": 1, "commit": 0}}
DEBUG:root:received {"dest":"n5","src":"n1","body":{"msg_id":136,"type":"AppendEntries","term":0,"prevIndex":0,"prevTerm":0,"entries":[[["pass",null],0],[["write",[1,4]],0]],"commit":0},"id":246}
DEBUG:root:sending {"dest": "n1", "src": "n5", "body": {"msg_id": 27, "in_reply_to": 136, "type": "AppendEntriesRes", "res": true, "term": 0, "next": 1, "commit": 0}}
DEBUG:root:received {"dest":"n5","src":"n1","body":{"msg_id":142,"type":"AppendEntries","term":0,"prevIndex":0,"prevTerm":0,"entries":[[["pass",null],0],[["write",[1,4]],0]],"commit":0},"id":253}
DEBUG:root:sending {"dest": "n1", "src": "n5", "body": {"msg_id": 28, "in_reply_to": 142, "type": "AppendEntriesRes", "res": true, "term": 0, "next": 1, "commit": 0}}
DEBUG:root:received {"dest":"n5","src":"n1","body":{"msg_id":148,"type":"AppendEntries","term":0,"prevIndex":0,"prevTerm":0,"entries":[[["pass",null],0],[["write",[1,4]],0]],"commit":0},"id":263}
DEBUG:root:sending {"dest": "n1", "src": "n5", "body": {"msg_id": 29, "in_reply_to": 148, "type": "AppendEntriesRes", "res": true, "term": 0, "next": 1, "commit": 0}}
DEBUG:root:received {"dest":"n5","src":"n1","body":{"msg_id":154,"type":"AppendEntries","term":0,"prevIndex":0,"prevTerm":0,"entries":[[["pass",null],0],[["write",[1,4]],0]],"commit":0},"id":273}
DEBUG:root:sending {"dest": "n1", "src": "n5", "body": {"msg_id": 30, "in_reply_to": 154, "type": "AppendEntriesRes", "res": true, "term": 0, "next": 1, "commit": 0}}
DEBUG:root:received {"dest":"n5","src":"n1","body":{"msg_id":160,"type":"AppendEntries","term":0,"prevIndex":0,"prevTerm":0,"entries":[[["pass",null],0],[["write",[1,4]],0]],"commit":0},"id":284}
DEBUG:root:sending {"dest": "n1", "src": "n5", "body": {"msg_id": 31, "in_reply_to": 160, "type": "AppendEntriesRes", "res": true, "term": 0, "next": 1, "commit": 0}}
DEBUG:root:received {"dest":"n5","src":"n1","body":{"msg_id":166,"type":"AppendEntries","term":0,"prevIndex":0,"prevTerm":0,"entries":[[["pass",null],0],[["write",[1,4]],0]],"commit":0},"id":293}
DEBUG:root:sending {"dest": "n1", "src": "n5", "body": {"msg_id": 32, "in_reply_to": 166, "type": "AppendEntriesRes", "res": true, "term": 0, "next": 1, "commit": 0}}
DEBUG:root:received {"dest":"n5","src":"n1","body":{"msg_id":172,"type":"AppendEntries","term":0,"prevIndex":0,"prevTerm":0,"entries":[[["pass",null],0],[["write",[1,4]],0]],"commit":0},"id":303}
DEBUG:root:sending {"dest": "n1", "src": "n5", "body": {"msg_id": 33, "in_reply_to": 172, "type": "AppendEntriesRes", "res": true, "term": 0, "next": 1, "commit": 0}}
DEBUG:root:received {"dest":"n5","src":"n1","body":{"msg_id":178,"type":"AppendEntries","term":0,"prevIndex":0,"prevTerm":0,"entries":[[["pass",null],0],[["write",[1,4]],0]],"commit":0},"id":315}
DEBUG:root:sending {"dest": "n1", "src": "n5", "body": {"msg_id": 34, "in_reply_to": 178, "type": "AppendEntriesRes", "res": true, "term": 0, "next": 1, "commit": 0}}
DEBUG:root:received {"dest":"n5","src":"n1","body":{"msg_id":184,"type":"AppendEntries","term":0,"prevIndex":0,"prevTerm":0,"entries":[[["pass",null],0],[["write",[1,4]],0]],"commit":0},"id":325}
DEBUG:root:sending {"dest": "n1", "src": "n5", "body": {"msg_id": 35, "in_reply_to": 184, "type": "AppendEntriesRes", "res": true, "term": 0, "next": 1, "commit": 0}}
DEBUG:root:received {"dest":"n5","src":"n1","body":{"msg_id":190,"type":"AppendEntries","term":0,"prevIndex":0,"prevTerm":0,"entries":[[["pass",null],0],[["write",[1,4]],0]],"commit":0},"id":339}
DEBUG:root:sending {"dest": "n1", "src": "n5", "body": {"msg_id": 36, "in_reply_to": 190, "type": "AppendEntriesRes", "res": true, "term": 0, "next": 1, "commit": 0}}
DEBUG:root:received {"dest":"n5","src":"n1","body":{"msg_id":196,"type":"AppendEntries","term":0,"prevIndex":0,"prevTerm":0,"entries":[[["pass",null],0],[["write",[1,4]],0]],"commit":0},"id":347}
DEBUG:root:sending {"dest": "n1", "src": "n5", "body": {"msg_id": 37, "in_reply_to": 196, "type": "AppendEntriesRes", "res": true, "term": 0, "next": 1, "commit": 0}}
DEBUG:root:received {"dest":"n5","src":"n1","body":{"msg_id":202,"type":"AppendEntries","term":0,"prevIndex":0,"prevTerm":0,"entries":[[["pass",null],0],[["write",[1,4]],0]],"commit":0},"id":360}
DEBUG:root:sending {"dest": "n1", "src": "n5", "body": {"msg_id": 38, "in_reply_to": 202, "type": "AppendEntriesRes", "res": true, "term": 0, "next": 1, "commit": 0}}
DEBUG:root:received {"dest":"n5","src":"n1","body":{"msg_id":208,"type":"AppendEntries","term":0,"prevIndex":0,"prevTerm":0,"entries":[[["pass",null],0],[["write",[1,4]],0]],"commit":0},"id":369}
DEBUG:root:sending {"dest": "n1", "src": "n5", "body": {"msg_id": 39, "in_reply_to": 208, "type": "AppendEntriesRes", "res": true, "term": 0, "next": 1, "commit": 0}}
DEBUG:root:received {"dest":"n5","src":"n1","body":{"msg_id":214,"type":"AppendEntries","term":0,"prevIndex":0,"prevTerm":0,"entries":[[["pass",null],0],[["write",[1,4]],0]],"commit":0},"id":379}
DEBUG:root:sending {"dest": "n1", "src": "n5", "body": {"msg_id": 40, "in_reply_to": 214, "type": "AppendEntriesRes", "res": true, "term": 0, "next": 1, "commit": 0}}
DEBUG:root:received {"dest":"n5","src":"n1","body":{"msg_id":220,"type":"AppendEntries","term":0,"prevIndex":0,"prevTerm":0,"entries":[[["pass",null],0],[["write",[1,4]],0]],"commit":0},"id":389}
DEBUG:root:sending {"dest": "n1", "src": "n5", "body": {"msg_id": 41, "in_reply_to": 220, "type": "AppendEntriesRes", "res": true, "term": 0, "next": 1, "commit": 0}}
DEBUG:root:received {"dest":"n5","src":"n1","body":{"msg_id":226,"type":"AppendEntries","term":0,"prevIndex":0,"prevTerm":0,"entries":[[["pass",null],0],[["write",[1,4]],0]],"commit":0},"id":399}
DEBUG:root:sending {"dest": "n1", "src": "n5", "body": {"msg_id": 42, "in_reply_to": 226, "type": "AppendEntriesRes", "res": true, "term": 0, "next": 1, "commit": 0}}
DEBUG:root:received {"dest":"n5","src":"n1","body":{"msg_id":232,"type":"AppendEntries","term":0,"prevIndex":0,"prevTerm":0,"entries":[[["pass",null],0],[["write",[1,4]],0]],"commit":0},"id":409}
DEBUG:root:sending {"dest": "n1", "src": "n5", "body": {"msg_id": 43, "in_reply_to": 232, "type": "AppendEntriesRes", "res": true, "term": 0, "next": 1, "commit": 0}}
DEBUG:root:received {"dest":"n5","src":"n1","body":{"msg_id":238,"type":"AppendEntries","term":0,"prevIndex":0,"prevTerm":0,"entries":[[["pass",null],0],[["write",[1,4]],0]],"commit":0},"id":419}
DEBUG:root:sending {"dest": "n1", "src": "n5", "body": {"msg_id": 44, "in_reply_to": 238, "type": "AppendEntriesRes", "res": true, "term": 0, "next": 1, "commit": 0}}
DEBUG:root:received {"dest":"n5","src":"n1","body":{"msg_id":244,"type":"AppendEntries","term":0,"prevIndex":0,"prevTerm":0,"entries":[[["pass",null],0],[["write",[1,4]],0]],"commit":0},"id":429}
DEBUG:root:sending {"dest": "n1", "src": "n5", "body": {"msg_id": 45, "in_reply_to": 244, "type": "AppendEntriesRes", "res": true, "term": 0, "next": 1, "commit": 0}}
DEBUG:root:received {"dest":"n5","src":"n1","body":{"msg_id":250,"type":"AppendEntries","term":0,"prevIndex":0,"prevTerm":0,"entries":[[["pass",null],0],[["write",[1,4]],0]],"commit":0},"id":439}
DEBUG:root:sending {"dest": "n1", "src": "n5", "body": {"msg_id": 46, "in_reply_to": 250, "type": "AppendEntriesRes", "res": true, "term": 0, "next": 1, "commit": 0}}
DEBUG:root:received {"dest":"n5","src":"n1","body":{"msg_id":256,"type":"AppendEntries","term":0,"prevIndex":0,"prevTerm":0,"entries":[[["pass",null],0],[["write",[1,4]],0]],"commit":0},"id":451}
DEBUG:root:sending {"dest": "n1", "src": "n5", "body": {"msg_id": 47, "in_reply_to": 256, "type": "AppendEntriesRes", "res": true, "term": 0, "next": 1, "commit": 0}}
DEBUG:root:received {"dest":"n5","src":"n1","body":{"msg_id":262,"type":"AppendEntries","term":0,"prevIndex":0,"prevTerm":0,"entries":[[["pass",null],0],[["write",[1,4]],0]],"commit":0},"id":461}
DEBUG:root:sending {"dest": "n1", "src": "n5", "body": {"msg_id": 48, "in_reply_to": 262, "type": "AppendEntriesRes", "res": true, "term": 0, "next": 1, "commit": 0}}
DEBUG:root:received {"dest":"n5","src":"n1","body":{"msg_id":268,"type":"AppendEntries","term":0,"prevIndex":0,"prevTerm":0,"entries":[[["pass",null],0],[["write",[1,4]],0]],"commit":0},"id":471}
DEBUG:root:sending {"dest": "n1", "src": "n5", "body": {"msg_id": 49, "in_reply_to": 268, "type": "AppendEntriesRes", "res": true, "term": 0, "next": 1, "commit": 0}}
DEBUG:root:received {"dest":"n5","src":"n1","body":{"msg_id":274,"type":"AppendEntries","term":0,"prevIndex":0,"prevTerm":0,"entries":[[["pass",null],0],[["write",[1,4]],0]],"commit":0},"id":481}
DEBUG:root:sending {"dest": "n1", "src": "n5", "body": {"msg_id": 50, "in_reply_to": 274, "type": "AppendEntriesRes", "res": true, "term": 0, "next": 1, "commit": 0}}
DEBUG:root:received {"dest":"n5","src":"n1","body":{"msg_id":280,"type":"AppendEntries","term":0,"prevIndex":0,"prevTerm":0,"entries":[[["pass",null],0],[["write",[1,4]],0]],"commit":0},"id":491}
DEBUG:root:sending {"dest": "n1", "src": "n5", "body": {"msg_id": 51, "in_reply_to": 280, "type": "AppendEntriesRes", "res": true, "term": 0, "next": 1, "commit": 0}}
DEBUG:root:received {"dest":"n5","src":"n1","body":{"msg_id":286,"type":"AppendEntries","term":0,"prevIndex":0,"prevTerm":0,"entries":[[["pass",null],0],[["write",[1,4]],0]],"commit":0},"id":501}
DEBUG:root:sending {"dest": "n1", "src": "n5", "body": {"msg_id": 52, "in_reply_to": 286, "type": "AppendEntriesRes", "res": true, "term": 0, "next": 1, "commit": 0}}
DEBUG:root:received {"dest":"n5","src":"n1","body":{"msg_id":292,"type":"AppendEntries","term":0,"prevIndex":0,"prevTerm":0,"entries":[[["pass",null],0],[["write",[1,4]],0]],"commit":0},"id":511}
DEBUG:root:sending {"dest": "n1", "src": "n5", "body": {"msg_id": 53, "in_reply_to": 292, "type": "AppendEntriesRes", "res": true, "term": 0, "next": 1, "commit": 0}}
DEBUG:root:received {"dest":"n5","src":"n1","body":{"msg_id":298,"type":"AppendEntries","term":0,"prevIndex":0,"prevTerm":0,"entries":[[["pass",null],0],[["write",[1,4]],0]],"commit":0},"id":522}
DEBUG:root:sending {"dest": "n1", "src": "n5", "body": {"msg_id": 54, "in_reply_to": 298, "type": "AppendEntriesRes", "res": true, "term": 0, "next": 1, "commit": 0}}
DEBUG:root:received {"dest":"n5","body":{"key":0,"type":"read","msg_id":2},"src":"c10","id":529}
DEBUG:root:sending {"dest": "c10", "src": "n5", "body": {"msg_id": 55, "in_reply_to": 2, "type": "error", "code": 11, "text": "Not Leader"}}
DEBUG:root:received {"dest":"n5","src":"n1","body":{"msg_id":304,"type":"AppendEntries","term":0,"prevIndex":0,"prevTerm":0,"entries":[[["pass",null],0],[["write",[1,4]],0]],"commit":0},"id":532}
DEBUG:root:sending {"dest": "n1", "src": "n5", "body": {"msg_id": 56, "in_reply_to": 304, "type": "AppendEntriesRes", "res": true, "term": 0, "next": 1, "commit": 0}}
DEBUG:root:received {"dest":"n5","src":"n1","body":{"msg_id":310,"type":"AppendEntries","term":0,"prevIndex":0,"prevTerm":0,"entries":[[["pass",null],0],[["write",[1,4]],0]],"commit":0},"id":543}
DEBUG:root:sending {"dest": "n1", "src": "n5", "body": {"msg_id": 57, "in_reply_to": 310, "type": "AppendEntriesRes", "res": true, "term": 0, "next": 1, "commit": 0}}
DEBUG:root:received {"dest":"n5","src":"n1","body":{"msg_id":316,"type":"AppendEntries","term":0,"prevIndex":0,"prevTerm":0,"entries":[[["pass",null],0],[["write",[1,4]],0]],"commit":0},"id":554}
DEBUG:root:sending {"dest": "n1", "src": "n5", "body": {"msg_id": 58, "in_reply_to": 316, "type": "AppendEntriesRes", "res": true, "term": 0, "next": 1, "commit": 0}}
DEBUG:root:received {"dest":"n5","src":"n1","body":{"msg_id":322,"type":"AppendEntries","term":0,"prevIndex":0,"prevTerm":0,"entries":[[["pass",null],0],[["write",[1,4]],0]],"commit":0},"id":563}
DEBUG:root:sending {"dest": "n1", "src": "n5", "body": {"msg_id": 59, "in_reply_to": 322, "type": "AppendEntriesRes", "res": true, "term": 0, "next": 1, "commit": 0}}
DEBUG:root:received {"dest":"n5","src":"n1","body":{"msg_id":328,"type":"AppendEntries","term":0,"prevIndex":0,"prevTerm":0,"entries":[[["pass",null],0],[["write",[1,4]],0]],"commit":0},"id":575}
DEBUG:root:sending {"dest": "n1", "src": "n5", "body": {"msg_id": 60, "in_reply_to": 328, "type": "AppendEntriesRes", "res": true, "term": 0, "next": 1, "commit": 0}}
DEBUG:root:received {"dest":"n5","src":"n1","body":{"msg_id":334,"type":"AppendEntries","term":0,"prevIndex":0,"prevTerm":0,"entries":[[["pass",null],0],[["write",[1,4]],0]],"commit":0},"id":583}
DEBUG:root:sending {"dest": "n1", "src": "n5", "body": {"msg_id": 61, "in_reply_to": 334, "type": "AppendEntriesRes", "res": true, "term": 0, "next": 1, "commit": 0}}
DEBUG:root:received {"dest":"n5","src":"n1","body":{"msg_id":340,"type":"AppendEntries","term":0,"prevIndex":0,"prevTerm":0,"entries":[[["pass",null],0],[["write",[1,4]],0]],"commit":0},"id":593}
DEBUG:root:sending {"dest": "n1", "src": "n5", "body": {"msg_id": 62, "in_reply_to": 340, "type": "AppendEntriesRes", "res": true, "term": 0, "next": 1, "commit": 0}}
DEBUG:root:received {"dest":"n5","src":"n1","body":{"msg_id":346,"type":"AppendEntries","term":0,"prevIndex":0,"prevTerm":0,"entries":[[["pass",null],0],[["write",[1,4]],0]],"commit":0},"id":603}
DEBUG:root:sending {"dest": "n1", "src": "n5", "body": {"msg_id": 63, "in_reply_to": 346, "type": "AppendEntriesRes", "res": true, "term": 0, "next": 1, "commit": 0}}
DEBUG:root:received {"dest":"n5","src":"n1","body":{"msg_id":352,"type":"AppendEntries","term":0,"prevIndex":0,"prevTerm":0,"entries":[[["pass",null],0],[["write",[1,4]],0]],"commit":0},"id":613}
DEBUG:root:sending {"dest": "n1", "src": "n5", "body": {"msg_id": 64, "in_reply_to": 352, "type": "AppendEntriesRes", "res": true, "term": 0, "next": 1, "commit": 0}}
DEBUG:root:received {"dest":"n5","src":"n1","body":{"msg_id":359,"type":"AppendEntries","term":0,"prevIndex":0,"prevTerm":0,"entries":[[["pass",null],0],[["write",[1,4]],0]],"commit":0},"id":629}
DEBUG:root:sending {"dest": "n1", "src": "n5", "body": {"msg_id": 65, "in_reply_to": 359, "type": "AppendEntriesRes", "res": true, "term": 0, "next": 1, "commit": 0}}
DEBUG:root:received {"dest":"n5","src":"n1","body":{"msg_id":364,"type":"AppendEntries","term":0,"prevIndex":0,"prevTerm":0,"entries":[[["pass",null],0],[["write",[1,4]],0]],"commit":0},"id":635}
DEBUG:root:sending {"dest": "n1", "src": "n5", "body": {"msg_id": 66, "in_reply_to": 364, "type": "AppendEntriesRes", "res": true, "term": 0, "next": 1, "commit": 0}}
DEBUG:root:received {"dest":"n5","src":"n1","body":{"msg_id":370,"type":"AppendEntries","term":0,"prevIndex":0,"prevTerm":0,"entries":[[["pass",null],0],[["write",[1,4]],0]],"commit":0},"id":645}
DEBUG:root:sending {"dest": "n1", "src": "n5", "body": {"msg_id": 67, "in_reply_to": 370, "type": "AppendEntriesRes", "res": true, "term": 0, "next": 1, "commit": 0}}
DEBUG:root:received {"dest":"n5","src":"n1","body":{"msg_id":376,"type":"AppendEntries","term":0,"prevIndex":0,"prevTerm":0,"entries":[[["pass",null],0],[["write",[1,4]],0]],"commit":0},"id":655}
DEBUG:root:sending {"dest": "n1", "src": "n5", "body": {"msg_id": 68, "in_reply_to": 376, "type": "AppendEntriesRes", "res": true, "term": 0, "next": 1, "commit": 0}}
DEBUG:root:received {"dest":"n5","src":"n1","body":{"msg_id":382,"type":"AppendEntries","term":0,"prevIndex":0,"prevTerm":0,"entries":[[["pass",null],0],[["write",[1,4]],0]],"commit":0},"id":665}
DEBUG:root:sending {"dest": "n1", "src": "n5", "body": {"msg_id": 69, "in_reply_to": 382, "type": "AppendEntriesRes", "res": true, "term": 0, "next": 1, "commit": 0}}
DEBUG:root:received {"dest":"n5","src":"n1","body":{"msg_id":388,"type":"AppendEntries","term":0,"prevIndex":0,"prevTerm":0,"entries":[[["pass",null],0],[["write",[1,4]],0]],"commit":0},"id":675}
DEBUG:root:sending {"dest": "n1", "src": "n5", "body": {"msg_id": 70, "in_reply_to": 388, "type": "AppendEntriesRes", "res": true, "term": 0, "next": 1, "commit": 0}}
DEBUG:root:received {"dest":"n5","src":"n1","body":{"msg_id":394,"type":"AppendEntries","term":0,"prevIndex":0,"prevTerm":0,"entries":[[["pass",null],0],[["write",[1,4]],0]],"commit":0},"id":687}
DEBUG:root:sending {"dest": "n1", "src": "n5", "body": {"msg_id": 71, "in_reply_to": 394, "type": "AppendEntriesRes", "res": true, "term": 0, "next": 1, "commit": 0}}
DEBUG:root:received {"dest":"n5","src":"n1","body":{"msg_id":400,"type":"AppendEntries","term":0,"prevIndex":0,"prevTerm":0,"entries":[[["pass",null],0],[["write",[1,4]],0]],"commit":0},"id":697}
DEBUG:root:sending {"dest": "n1", "src": "n5", "body": {"msg_id": 72, "in_reply_to": 400, "type": "AppendEntriesRes", "res": true, "term": 0, "next": 1, "commit": 0}}
DEBUG:root:received {"dest":"n5","src":"n1","body":{"msg_id":406,"type":"AppendEntries","term":0,"prevIndex":0,"prevTerm":0,"entries":[[["pass",null],0],[["write",[1,4]],0]],"commit":0},"id":707}
DEBUG:root:sending {"dest": "n1", "src": "n5", "body": {"msg_id": 73, "in_reply_to": 406, "type": "AppendEntriesRes", "res": true, "term": 0, "next": 1, "commit": 0}}
DEBUG:root:received {"dest":"n5","src":"n1","body":{"msg_id":412,"type":"AppendEntries","term":0,"prevIndex":0,"prevTerm":0,"entries":[[["pass",null],0],[["write",[1,4]],0]],"commit":0},"id":717}
DEBUG:root:sending {"dest": "n1", "src": "n5", "body": {"msg_id": 74, "in_reply_to": 412, "type": "AppendEntriesRes", "res": true, "term": 0, "next": 1, "commit": 0}}
DEBUG:root:received {"dest":"n5","src":"n1","body":{"msg_id":418,"type":"AppendEntries","term":0,"prevIndex":0,"prevTerm":0,"entries":[[["pass",null],0],[["write",[1,4]],0]],"commit":0},"id":729}
DEBUG:root:sending {"dest": "n1", "src": "n5", "body": {"msg_id": 75, "in_reply_to": 418, "type": "AppendEntriesRes", "res": true, "term": 0, "next": 1, "commit": 0}}
DEBUG:root:received {"dest":"n5","src":"n1","body":{"msg_id":424,"type":"AppendEntries","term":0,"prevIndex":0,"prevTerm":0,"entries":[[["pass",null],0],[["write",[1,4]],0]],"commit":0},"id":739}
DEBUG:root:sending {"dest": "n1", "src": "n5", "body": {"msg_id": 76, "in_reply_to": 424, "type": "AppendEntriesRes", "res": true, "term": 0, "next": 1, "commit": 0}}
DEBUG:root:received {"dest":"n5","src":"n1","body":{"msg_id":430,"type":"AppendEntries","term":0,"prevIndex":0,"prevTerm":0,"entries":[[["pass",null],0],[["write",[1,4]],0]],"commit":0},"id":749}
DEBUG:root:sending {"dest": "n1", "src": "n5", "body": {"msg_id": 77, "in_reply_to": 430, "type": "AppendEntriesRes", "res": true, "term": 0, "next": 1, "commit": 0}}
DEBUG:root:received {"dest":"n5","src":"n1","body":{"msg_id":436,"type":"AppendEntries","term":0,"prevIndex":0,"prevTerm":0,"entries":[[["pass",null],0],[["write",[1,4]],0]],"commit":0},"id":761}
DEBUG:root:sending {"dest": "n1", "src": "n5", "body": {"msg_id": 78, "in_reply_to": 436, "type": "AppendEntriesRes", "res": true, "term": 0, "next": 1, "commit": 0}}
DEBUG:root:received {"dest":"n5","src":"n1","body":{"msg_id":442,"type":"AppendEntries","term":0,"prevIndex":0,"prevTerm":0,"entries":[[["pass",null],0],[["write",[1,4]],0]],"commit":0},"id":771}
DEBUG:root:sending {"dest": "n1", "src": "n5", "body": {"msg_id": 79, "in_reply_to": 442, "type": "AppendEntriesRes", "res": true, "term": 0, "next": 1, "commit": 0}}
DEBUG:root:received {"dest":"n5","src":"n1","body":{"msg_id":448,"type":"AppendEntries","term":0,"prevIndex":0,"prevTerm":0,"entries":[[["pass",null],0],[["write",[1,4]],0]],"commit":0},"id":781}
DEBUG:root:sending {"dest": "n1", "src": "n5", "body": {"msg_id": 80, "in_reply_to": 448, "type": "AppendEntriesRes", "res": true, "term": 0, "next": 1, "commit": 0}}
DEBUG:root:received {"dest":"n5","src":"n1","body":{"msg_id":454,"type":"AppendEntries","term":0,"prevIndex":0,"prevTerm":0,"entries":[[["pass",null],0],[["write",[1,4]],0]],"commit":0},"id":791}
DEBUG:root:sending {"dest": "n1", "src": "n5", "body": {"msg_id": 81, "in_reply_to": 454, "type": "AppendEntriesRes", "res": true, "term": 0, "next": 1, "commit": 0}}
DEBUG:root:received {"dest":"n5","src":"n1","body":{"msg_id":460,"type":"AppendEntries","term":0,"prevIndex":0,"prevTerm":0,"entries":[[["pass",null],0],[["write",[1,4]],0]],"commit":0},"id":801}
DEBUG:root:sending {"dest": "n1", "src": "n5", "body": {"msg_id": 82, "in_reply_to": 460, "type": "AppendEntriesRes", "res": true, "term": 0, "next": 1, "commit": 0}}
DEBUG:root:received {"dest":"n5","src":"n1","body":{"msg_id":466,"type":"AppendEntries","term":0,"prevIndex":0,"prevTerm":0,"entries":[[["pass",null],0],[["write",[1,4]],0]],"commit":0},"id":811}
DEBUG:root:sending {"dest": "n1", "src": "n5", "body": {"msg_id": 83, "in_reply_to": 466, "type": "AppendEntriesRes", "res": true, "term": 0, "next": 1, "commit": 0}}
DEBUG:root:received {"dest":"n5","src":"n1","body":{"msg_id":472,"type":"AppendEntries","term":0,"prevIndex":0,"prevTerm":0,"entries":[[["pass",null],0],[["write",[1,4]],0]],"commit":0},"id":821}
DEBUG:root:sending {"dest": "n1", "src": "n5", "body": {"msg_id": 84, "in_reply_to": 472, "type": "AppendEntriesRes", "res": true, "term": 0, "next": 1, "commit": 0}}
DEBUG:root:received {"dest":"n5","src":"n1","body":{"msg_id":478,"type":"AppendEntries","term":0,"prevIndex":0,"prevTerm":0,"entries":[[["pass",null],0],[["write",[1,4]],0]],"commit":0},"id":831}
DEBUG:root:sending {"dest": "n1", "src": "n5", "body": {"msg_id": 85, "in_reply_to": 478, "type": "AppendEntriesRes", "res": true, "term": 0, "next": 1, "commit": 0}}
DEBUG:root:received {"dest":"n5","src":"n1","body":{"msg_id":484,"type":"AppendEntries","term":0,"prevIndex":0,"prevTerm":0,"entries":[[["pass",null],0],[["write",[1,4]],0]],"commit":0},"id":841}
DEBUG:root:sending {"dest": "n1", "src": "n5", "body": {"msg_id": 86, "in_reply_to": 484, "type": "AppendEntriesRes", "res": true, "term": 0, "next": 1, "commit": 0}}
DEBUG:root:received {"dest":"n5","src":"n1","body":{"msg_id":490,"type":"AppendEntries","term":0,"prevIndex":0,"prevTerm":0,"entries":[[["pass",null],0],[["write",[1,4]],0]],"commit":0},"id":851}
DEBUG:root:sending {"dest": "n1", "src": "n5", "body": {"msg_id": 87, "in_reply_to": 490, "type": "AppendEntriesRes", "res": true, "term": 0, "next": 1, "commit": 0}}
DEBUG:root:received {"dest":"n5","src":"n1","body":{"msg_id":497,"type":"AppendEntries","term":0,"prevIndex":0,"prevTerm":0,"entries":[[["pass",null],0],[["write",[1,4]],0]],"commit":0},"id":865}
DEBUG:root:sending {"dest": "n1", "src": "n5", "body": {"msg_id": 88, "in_reply_to": 497, "type": "AppendEntriesRes", "res": true, "term": 0, "next": 1, "commit": 0}}
DEBUG:root:received {"dest":"n5","src":"n1","body":{"msg_id":503,"type":"AppendEntries","term":0,"prevIndex":0,"prevTerm":0,"entries":[[["pass",null],0],[["write",[1,4]],0]],"commit":0},"id":879}
DEBUG:root:sending {"dest": "n1", "src": "n5", "body": {"msg_id": 89, "in_reply_to": 503, "type": "AppendEntriesRes", "res": true, "term": 0, "next": 1, "commit": 0}}
DEBUG:root:received {"dest":"n5","src":"n1","body":{"msg_id":508,"type":"AppendEntries","term":0,"prevIndex":0,"prevTerm":0,"entries":[[["pass",null],0],[["write",[1,4]],0]],"commit":0},"id":885}
DEBUG:root:sending {"dest": "n1", "src": "n5", "body": {"msg_id": 90, "in_reply_to": 508, "type": "AppendEntriesRes", "res": true, "term": 0, "next": 1, "commit": 0}}
DEBUG:root:received {"dest":"n5","src":"n1","body":{"msg_id":514,"type":"AppendEntries","term":0,"prevIndex":0,"prevTerm":0,"entries":[[["pass",null],0],[["write",[1,4]],0]],"commit":0},"id":895}
DEBUG:root:sending {"dest": "n1", "src": "n5", "body": {"msg_id": 91, "in_reply_to": 514, "type": "AppendEntriesRes", "res": true, "term": 0, "next": 1, "commit": 0}}
DEBUG:root:received {"dest":"n5","src":"n1","body":{"msg_id":520,"type":"AppendEntries","term":0,"prevIndex":0,"prevTerm":0,"entries":[[["pass",null],0],[["write",[1,4]],0]],"commit":0},"id":905}
DEBUG:root:sending {"dest": "n1", "src": "n5", "body": {"msg_id": 92, "in_reply_to": 520, "type": "AppendEntriesRes", "res": true, "term": 0, "next": 1, "commit": 0}}
DEBUG:root:received {"dest":"n5","src":"n1","body":{"msg_id":526,"type":"AppendEntries","term":0,"prevIndex":0,"prevTerm":0,"entries":[[["pass",null],0],[["write",[1,4]],0]],"commit":0},"id":915}
DEBUG:root:sending {"dest": "n1", "src": "n5", "body": {"msg_id": 93, "in_reply_to": 526, "type": "AppendEntriesRes", "res": true, "term": 0, "next": 1, "commit": 0}}
DEBUG:root:received {"dest":"n5","src":"n1","body":{"msg_id":532,"type":"AppendEntries","term":0,"prevIndex":0,"prevTerm":0,"entries":[[["pass",null],0],[["write",[1,4]],0]],"commit":0},"id":925}
DEBUG:root:sending {"dest": "n1", "src": "n5", "body": {"msg_id": 94, "in_reply_to": 532, "type": "AppendEntriesRes", "res": true, "term": 0, "next": 1, "commit": 0}}
DEBUG:root:received {"dest":"n5","body":{"key":1,"from":2,"to":4,"type":"cas","msg_id":1},"src":"c23","id":931}
DEBUG:root:sending {"dest": "c23", "src": "n5", "body": {"msg_id": 95, "in_reply_to": 1, "type": "error", "code": 11, "text": "Not Leader"}}
DEBUG:root:received {"dest":"n5","src":"n1","body":{"msg_id":538,"type":"AppendEntries","term":0,"prevIndex":0,"prevTerm":0,"entries":[[["pass",null],0],[["write",[1,4]],0]],"commit":0},"id":939}
DEBUG:root:sending {"dest": "n1", "src": "n5", "body": {"msg_id": 96, "in_reply_to": 538, "type": "AppendEntriesRes", "res": true, "term": 0, "next": 1, "commit": 0}}
DEBUG:root:received {"dest":"n5","src":"n1","body":{"msg_id":544,"type":"AppendEntries","term":0,"prevIndex":0,"prevTerm":0,"entries":[[["pass",null],0],[["write",[1,4]],0]],"commit":0},"id":949}
DEBUG:root:sending {"dest": "n1", "src": "n5", "body": {"msg_id": 97, "in_reply_to": 544, "type": "AppendEntriesRes", "res": true, "term": 0, "next": 1, "commit": 0}}
DEBUG:root:received {"dest":"n5","src":"n1","body":{"msg_id":550,"type":"AppendEntries","term":0,"prevIndex":0,"prevTerm":0,"entries":[[["pass",null],0],[["write",[1,4]],0]],"commit":0},"id":959}
DEBUG:root:sending {"dest": "n1", "src": "n5", "body": {"msg_id": 98, "in_reply_to": 550, "type": "AppendEntriesRes", "res": true, "term": 0, "next": 1, "commit": 0}}
DEBUG:root:received {"dest":"n5","src":"n1","body":{"msg_id":556,"type":"AppendEntries","term":0,"prevIndex":0,"prevTerm":0,"entries":[[["pass",null],0],[["write",[1,4]],0]],"commit":0},"id":969}
DEBUG:root:sending {"dest": "n1", "src": "n5", "body": {"msg_id": 99, "in_reply_to": 556, "type": "AppendEntriesRes", "res": true, "term": 0, "next": 1, "commit": 0}}
DEBUG:root:received {"dest":"n5","body":{"key":0,"from":0,"to":0,"type":"cas","msg_id":2},"src":"c12","id":975}
DEBUG:root:sending {"dest": "c12", "src": "n5", "body": {"msg_id": 100, "in_reply_to": 2, "type": "error", "code": 11, "text": "Not Leader"}}
DEBUG:root:received {"dest":"n5","src":"n1","body":{"msg_id":562,"type":"AppendEntries","term":0,"prevIndex":0,"prevTerm":0,"entries":[[["pass",null],0],[["write",[1,4]],0]],"commit":0},"id":981}
DEBUG:root:sending {"dest": "n1", "src": "n5", "body": {"msg_id": 101, "in_reply_to": 562, "type": "AppendEntriesRes", "res": true, "term": 0, "next": 1, "commit": 0}}
DEBUG:root:received {"dest":"n5","src":"n1","body":{"msg_id":568,"type":"AppendEntries","term":0,"prevIndex":0,"prevTerm":0,"entries":[[["pass",null],0],[["write",[1,4]],0]],"commit":0},"id":991}
DEBUG:root:sending {"dest": "n1", "src": "n5", "body": {"msg_id": 102, "in_reply_to": 568, "type": "AppendEntriesRes", "res": true, "term": 0, "next": 1, "commit": 0}}
DEBUG:root:received {"dest":"n5","src":"n1","body":{"msg_id":574,"type":"AppendEntries","term":0,"prevIndex":0,"prevTerm":0,"entries":[[["pass",null],0],[["write",[1,4]],0]],"commit":0},"id":1001}
DEBUG:root:sending {"dest": "n1", "src": "n5", "body": {"msg_id": 103, "in_reply_to": 574, "type": "AppendEntriesRes", "res": true, "term": 0, "next": 1, "commit": 0}}
DEBUG:root:received {"dest":"n5","src":"n1","body":{"msg_id":580,"type":"AppendEntries","term":0,"prevIndex":0,"prevTerm":0,"entries":[[["pass",null],0],[["write",[1,4]],0]],"commit":0},"id":1013}
DEBUG:root:sending {"dest": "n1", "src": "n5", "body": {"msg_id": 104, "in_reply_to": 580, "type": "AppendEntriesRes", "res": true, "term": 0, "next": 1, "commit": 0}}
DEBUG:root:received {"dest":"n5","src":"n1","body":{"msg_id":586,"type":"AppendEntries","term":0,"prevIndex":0,"prevTerm":0,"entries":[[["pass",null],0],[["write",[1,4]],0]],"commit":0},"id":1022}
DEBUG:root:sending {"dest": "n1", "src": "n5", "body": {"msg_id": 105, "in_reply_to": 586, "type": "AppendEntriesRes", "res": true, "term": 0, "next": 1, "commit": 0}}
DEBUG:root:received {"dest":"n5","src":"n1","body":{"msg_id":592,"type":"AppendEntries","term":0,"prevIndex":0,"prevTerm":0,"entries":[[["pass",null],0],[["write",[1,4]],0]],"commit":0},"id":1031}
DEBUG:root:sending {"dest": "n1", "src": "n5", "body": {"msg_id": 106, "in_reply_to": 592, "type": "AppendEntriesRes", "res": true, "term": 0, "next": 1, "commit": 0}}
DEBUG:root:received {"dest":"n5","src":"n1","body":{"msg_id":598,"type":"AppendEntries","term":0,"prevIndex":0,"prevTerm":0,"entries":[[["pass",null],0],[["write",[1,4]],0]],"commit":0},"id":1041}
DEBUG:root:sending {"dest": "n1", "src": "n5", "body": {"msg_id": 107, "in_reply_to": 598, "type": "AppendEntriesRes", "res": true, "term": 0, "next": 1, "commit": 0}}
DEBUG:root:received {"dest":"n5","src":"n1","body":{"msg_id":604,"type":"AppendEntries","term":0,"prevIndex":0,"prevTerm":0,"entries":[[["pass",null],0],[["write",[1,4]],0]],"commit":0},"id":1051}
DEBUG:root:sending {"dest": "n1", "src": "n5", "body": {"msg_id": 108, "in_reply_to": 604, "type": "AppendEntriesRes", "res": true, "term": 0, "next": 1, "commit": 0}}
DEBUG:root:received {"dest":"n5","src":"n1","body":{"msg_id":610,"type":"AppendEntries","term":0,"prevIndex":0,"prevTerm":0,"entries":[[["pass",null],0],[["write",[1,4]],0]],"commit":0},"id":1061}
DEBUG:root:sending {"dest": "n1", "src": "n5", "body": {"msg_id": 109, "in_reply_to": 610, "type": "AppendEntriesRes", "res": true, "term": 0, "next": 1, "commit": 0}}
DEBUG:root:received {"dest":"n5","src":"n1","body":{"msg_id":616,"type":"AppendEntries","term":0,"prevIndex":0,"prevTerm":0,"entries":[[["pass",null],0],[["write",[1,4]],0]],"commit":0},"id":1071}
DEBUG:root:sending {"dest": "n1", "src": "n5", "body": {"msg_id": 110, "in_reply_to": 616, "type": "AppendEntriesRes", "res": true, "term": 0, "next": 1, "commit": 0}}
DEBUG:root:received {"dest":"n5","src":"n1","body":{"msg_id":621,"type":"AppendEntries","term":0,"entries":[[["write",[1,4]],0],[["write",[0,2]],0]],"prevIndex":0,"prevTerm":0,"commit":0},"id":1081}
DEBUG:root:sending {"dest": "n1", "src": "n5", "body": {"msg_id": 111, "in_reply_to": 621, "type": "AppendEntriesRes", "res": true, "term": 0, "next": 1, "commit": 0}}
DEBUG:root:received {"dest":"n5","src":"n1","body":{"msg_id":626,"type":"AppendEntries","term":0,"prevIndex":0,"prevTerm":0,"entries":[[["pass",null],0],[["write",[1,4]],0],[["write",[0,2]],0]],"commit":0},"id":1090}
DEBUG:root:sending {"dest": "n1", "src": "n5", "body": {"msg_id": 112, "in_reply_to": 626, "type": "AppendEntriesRes", "res": true, "term": 0, "next": 1, "commit": 0}}
DEBUG:root:received {"dest":"n5","src":"n1","body":{"msg_id":632,"type":"AppendEntries","term":0,"prevIndex":0,"prevTerm":0,"entries":[[["pass",null],0],[["write",[1,4]],0],[["write",[0,2]],0]],"commit":0},"id":1100}
DEBUG:root:sending {"dest": "n1", "src": "n5", "body": {"msg_id": 113, "in_reply_to": 632, "type": "AppendEntriesRes", "res": true, "term": 0, "next": 1, "commit": 0}}
DEBUG:root:received {"dest":"n5","src":"n1","body":{"msg_id":638,"type":"AppendEntries","term":0,"prevIndex":0,"prevTerm":0,"entries":[[["pass",null],0],[["write",[1,4]],0],[["write",[0,2]],0]],"commit":0},"id":1110}
DEBUG:root:sending {"dest": "n1", "src": "n5", "body": {"msg_id": 114, "in_reply_to": 638, "type": "AppendEntriesRes", "res": true, "term": 0, "next": 1, "commit": 0}}
DEBUG:root:received {"dest":"n5","src":"n1","body":{"msg_id":644,"type":"AppendEntries","term":0,"prevIndex":0,"prevTerm":0,"entries":[[["pass",null],0],[["write",[1,4]],0],[["write",[0,2]],0]],"commit":0},"id":1120}
DEBUG:root:sending {"dest": "n1", "src": "n5", "body": {"msg_id": 115, "in_reply_to": 644, "type": "AppendEntriesRes", "res": true, "term": 0, "next": 1, "commit": 0}}
DEBUG:root:received {"dest":"n5","src":"n1","body":{"msg_id":650,"type":"AppendEntries","term":0,"prevIndex":0,"prevTerm":0,"entries":[[["pass",null],0],[["write",[1,4]],0],[["write",[0,2]],0]],"commit":0},"id":1130}
DEBUG:root:sending {"dest": "n1", "src": "n5", "body": {"msg_id": 116, "in_reply_to": 650, "type": "AppendEntriesRes", "res": true, "term": 0, "next": 1, "commit": 0}}
DEBUG:root:received {"dest":"n5","src":"n1","body":{"msg_id":656,"type":"AppendEntries","term":0,"prevIndex":0,"prevTerm":0,"entries":[[["pass",null],0],[["write",[1,4]],0],[["write",[0,2]],0]],"commit":0},"id":1140}
DEBUG:root:sending {"dest": "n1", "src": "n5", "body": {"msg_id": 117, "in_reply_to": 656, "type": "AppendEntriesRes", "res": true, "term": 0, "next": 1, "commit": 0}}
DEBUG:root:received {"dest":"n5","src":"n1","body":{"msg_id":662,"type":"AppendEntries","term":0,"prevIndex":0,"prevTerm":0,"entries":[[["pass",null],0],[["write",[1,4]],0],[["write",[0,2]],0]],"commit":0},"id":1150}
DEBUG:root:sending {"dest": "n1", "src": "n5", "body": {"msg_id": 118, "in_reply_to": 662, "type": "AppendEntriesRes", "res": true, "term": 0, "next": 1, "commit": 0}}
DEBUG:root:received {"dest":"n5","src":"n1","body":{"msg_id":668,"type":"AppendEntries","term":0,"prevIndex":0,"prevTerm":0,"entries":[[["pass",null],0],[["write",[1,4]],0],[["write",[0,2]],0]],"commit":0},"id":1160}
DEBUG:root:sending {"dest": "n1", "src": "n5", "body": {"msg_id": 119, "in_reply_to": 668, "type": "AppendEntriesRes", "res": true, "term": 0, "next": 1, "commit": 0}}
DEBUG:root:received {"dest":"n5","src":"n1","body":{"msg_id":674,"type":"AppendEntries","term":0,"prevIndex":0,"prevTerm":0,"entries":[[["pass",null],0],[["write",[1,4]],0],[["write",[0,2]],0]],"commit":0},"id":1170}
DEBUG:root:sending {"dest": "n1", "src": "n5", "body": {"msg_id": 120, "in_reply_to": 674, "type": "AppendEntriesRes", "res": true, "term": 0, "next": 1, "commit": 0}}
DEBUG:root:received {"dest":"n5","src":"n1","body":{"msg_id":681,"type":"AppendEntries","term":0,"prevIndex":0,"prevTerm":0,"entries":[[["pass",null],0],[["write",[1,4]],0],[["write",[0,2]],0]],"commit":0},"id":1185}
DEBUG:root:sending {"dest": "n1", "src": "n5", "body": {"msg_id": 121, "in_reply_to": 681, "type": "AppendEntriesRes", "res": true, "term": 0, "next": 1, "commit": 0}}
DEBUG:root:received {"dest":"n5","src":"n1","body":{"msg_id":686,"type":"AppendEntries","term":0,"prevIndex":0,"prevTerm":0,"entries":[[["pass",null],0],[["write",[1,4]],0],[["write",[0,2]],0]],"commit":0},"id":1192}
DEBUG:root:sending {"dest": "n1", "src": "n5", "body": {"msg_id": 122, "in_reply_to": 686, "type": "AppendEntriesRes", "res": true, "term": 0, "next": 1, "commit": 0}}
DEBUG:root:received {"dest":"n5","src":"n1","body":{"msg_id":692,"type":"AppendEntries","term":0,"prevIndex":0,"prevTerm":0,"entries":[[["pass",null],0],[["write",[1,4]],0],[["write",[0,2]],0]],"commit":0},"id":1202}
DEBUG:root:sending {"dest": "n1", "src": "n5", "body": {"msg_id": 123, "in_reply_to": 692, "type": "AppendEntriesRes", "res": true, "term": 0, "next": 1, "commit": 0}}
DEBUG:root:received {"dest":"n5","body":{"key":0,"from":2,"to":3,"type":"cas","msg_id":3},"src":"c12","id":1208}
DEBUG:root:sending {"dest": "c12", "src": "n5", "body": {"msg_id": 124, "in_reply_to": 3, "type": "error", "code": 11, "text": "Not Leader"}}
DEBUG:root:received {"dest":"n5","src":"n1","body":{"msg_id":698,"type":"AppendEntries","term":0,"prevIndex":0,"prevTerm":0,"entries":[[["pass",null],0],[["write",[1,4]],0],[["write",[0,2]],0]],"commit":0},"id":1214}
DEBUG:root:sending {"dest": "n1", "src": "n5", "body": {"msg_id": 125, "in_reply_to": 698, "type": "AppendEntriesRes", "res": true, "term": 0, "next": 1, "commit": 0}}
DEBUG:root:received {"dest":"n5","src":"n1","body":{"msg_id":704,"type":"AppendEntries","term":0,"prevIndex":0,"prevTerm":0,"entries":[[["pass",null],0],[["write",[1,4]],0],[["write",[0,2]],0]],"commit":0},"id":1225}
DEBUG:root:sending {"dest": "n1", "src": "n5", "body": {"msg_id": 126, "in_reply_to": 704, "type": "AppendEntriesRes", "res": true, "term": 0, "next": 1, "commit": 0}}
DEBUG:root:received {"dest":"n5","src":"n1","body":{"msg_id":710,"type":"AppendEntries","term":0,"prevIndex":0,"prevTerm":0,"entries":[[["pass",null],0],[["write",[1,4]],0],[["write",[0,2]],0]],"commit":0},"id":1234}
DEBUG:root:sending {"dest": "n1", "src": "n5", "body": {"msg_id": 127, "in_reply_to": 710, "type": "AppendEntriesRes", "res": true, "term": 0, "next": 1, "commit": 0}}
DEBUG:root:received {"dest":"n5","src":"n1","body":{"msg_id":716,"type":"AppendEntries","term":0,"prevIndex":0,"prevTerm":0,"entries":[[["pass",null],0],[["write",[1,4]],0],[["write",[0,2]],0]],"commit":0},"id":1246}
DEBUG:root:sending {"dest": "n1", "src": "n5", "body": {"msg_id": 128, "in_reply_to": 716, "type": "AppendEntriesRes", "res": true, "term": 0, "next": 1, "commit": 0}}
DEBUG:root:received {"dest":"n5","src":"n1","body":{"msg_id":722,"type":"AppendEntries","term":0,"prevIndex":0,"prevTerm":0,"entries":[[["pass",null],0],[["write",[1,4]],0],[["write",[0,2]],0]],"commit":0},"id":1254}
DEBUG:root:sending {"dest": "n1", "src": "n5", "body": {"msg_id": 129, "in_reply_to": 722, "type": "AppendEntriesRes", "res": true, "term": 0, "next": 1, "commit": 0}}
DEBUG:root:received {"dest":"n5","src":"n1","body":{"msg_id":728,"type":"AppendEntries","term":0,"prevIndex":0,"prevTerm":0,"entries":[[["pass",null],0],[["write",[1,4]],0],[["write",[0,2]],0]],"commit":0},"id":1264}
DEBUG:root:sending {"dest": "n1", "src": "n5", "body": {"msg_id": 130, "in_reply_to": 728, "type": "AppendEntriesRes", "res": true, "term": 0, "next": 1, "commit": 0}}
DEBUG:root:received {"dest":"n5","src":"n1","body":{"msg_id":734,"type":"AppendEntries","term":0,"prevIndex":0,"prevTerm":0,"entries":[[["pass",null],0],[["write",[1,4]],0],[["write",[0,2]],0]],"commit":0},"id":1274}
DEBUG:root:sending {"dest": "n1", "src": "n5", "body": {"msg_id": 131, "in_reply_to": 734, "type": "AppendEntriesRes", "res": true, "term": 0, "next": 1, "commit": 0}}
DEBUG:root:received {"dest":"n5","src":"n1","body":{"msg_id":740,"type":"AppendEntries","term":0,"prevIndex":0,"prevTerm":0,"entries":[[["pass",null],0],[["write",[1,4]],0],[["write",[0,2]],0]],"commit":0},"id":1286}
DEBUG:root:sending {"dest": "n1", "src": "n5", "body": {"msg_id": 132, "in_reply_to": 740, "type": "AppendEntriesRes", "res": true, "term": 0, "next": 1, "commit": 0}}
DEBUG:root:received {"dest":"n5","src":"n1","body":{"msg_id":746,"type":"AppendEntries","term":0,"prevIndex":0,"prevTerm":0,"entries":[[["pass",null],0],[["write",[1,4]],0],[["write",[0,2]],0]],"commit":0},"id":1296}
DEBUG:root:sending {"dest": "n1", "src": "n5", "body": {"msg_id": 133, "in_reply_to": 746, "type": "AppendEntriesRes", "res": true, "term": 0, "next": 1, "commit": 0}}
DEBUG:root:received {"dest":"n5","src":"n1","body":{"msg_id":752,"type":"AppendEntries","term":0,"prevIndex":0,"prevTerm":0,"entries":[[["pass",null],0],[["write",[1,4]],0],[["write",[0,2]],0]],"commit":0},"id":1306}
DEBUG:root:sending {"dest": "n1", "src": "n5", "body": {"msg_id": 134, "in_reply_to": 752, "type": "AppendEntriesRes", "res": true, "term": 0, "next": 1, "commit": 0}}
DEBUG:root:received {"dest":"n5","src":"n1","body":{"msg_id":758,"type":"AppendEntries","term":0,"prevIndex":0,"prevTerm":0,"entries":[[["pass",null],0],[["write",[1,4]],0],[["write",[0,2]],0]],"commit":0},"id":1316}
DEBUG:root:sending {"dest": "n1", "src": "n5", "body": {"msg_id": 135, "in_reply_to": 758, "type": "AppendEntriesRes", "res": true, "term": 0, "next": 1, "commit": 0}}
DEBUG:root:received {"dest":"n5","src":"n1","body":{"msg_id":764,"type":"AppendEntries","term":0,"prevIndex":0,"prevTerm":0,"entries":[[["pass",null],0],[["write",[1,4]],0],[["write",[0,2]],0]],"commit":0},"id":1328}
DEBUG:root:sending {"dest": "n1", "src": "n5", "body": {"msg_id": 136, "in_reply_to": 764, "type": "AppendEntriesRes", "res": true, "term": 0, "next": 1, "commit": 0}}
DEBUG:root:received {"dest":"n5","src":"n1","body":{"msg_id":770,"type":"AppendEntries","term":0,"prevIndex":0,"prevTerm":0,"entries":[[["pass",null],0],[["write",[1,4]],0],[["write",[0,2]],0]],"commit":0},"id":1336}
DEBUG:root:sending {"dest": "n1", "src": "n5", "body": {"msg_id": 137, "in_reply_to": 770, "type": "AppendEntriesRes", "res": true, "term": 0, "next": 1, "commit": 0}}
DEBUG:root:received {"dest":"n5","src":"n1","body":{"msg_id":776,"type":"AppendEntries","term":0,"prevIndex":0,"prevTerm":0,"entries":[[["pass",null],0],[["write",[1,4]],0],[["write",[0,2]],0]],"commit":0},"id":1346}
DEBUG:root:sending {"dest": "n1", "src": "n5", "body": {"msg_id": 138, "in_reply_to": 776, "type": "AppendEntriesRes", "res": true, "term": 0, "next": 1, "commit": 0}}
DEBUG:root:received {"dest":"n5","src":"n1","body":{"msg_id":782,"type":"AppendEntries","term":0,"prevIndex":0,"prevTerm":0,"entries":[[["pass",null],0],[["write",[1,4]],0],[["write",[0,2]],0]],"commit":0},"id":1358}
DEBUG:root:sending {"dest": "n1", "src": "n5", "body": {"msg_id": 139, "in_reply_to": 782, "type": "AppendEntriesRes", "res": true, "term": 0, "next": 1, "commit": 0}}
DEBUG:root:received {"dest":"n5","src":"n1","body":{"msg_id":788,"type":"AppendEntries","term":0,"prevIndex":0,"prevTerm":0,"entries":[[["pass",null],0],[["write",[1,4]],0],[["write",[0,2]],0]],"commit":0},"id":1366}
DEBUG:root:sending {"dest": "n1", "src": "n5", "body": {"msg_id": 140, "in_reply_to": 788, "type": "AppendEntriesRes", "res": true, "term": 0, "next": 1, "commit": 0}}
