DEBUG:root:received {"dest":"n1","body":{"type":"init","node_id":"n1","node_ids":["n1","n2","n3","n4","n5"],"msg_id":1},"src":"c4","id":4}
INFO:root:node n1 initialized
DEBUG:root:sending {"dest": "c4", "src": "n1", "body": {"msg_id": 1, "in_reply_to": 1, "type": "init_ok"}}
DEBUG:root:received {"dest":"n1","src":"n2","body":{"msg_id":2,"type":"RequestVote","term":1,"prevLogIndex":0,"lastLogTerm":0,"candidateId":"n2"},"id":8}
DEBUG:root:received {"dest":"n1","src":"n2","body":{"msg_id":8,"type":"AppendEntries","term":1,"prevIndex":0,"prevTerm":0,"entries":[],"commit":0},"id":18}
INFO:root:became leader
log
[(('pass', None), 0)]
match index
{'n1': 0, 'n2': 0, 'n3': 0, 'n4': 0, 'n5': 0}

INFO:root:vote ended, new leader is
n1

INFO:root:sending HB

INFO:root:HBdest
n2
nextIndex
{'n1': 1, 'n2': 1, 'n3': 1, 'n4': 1, 'n5': 1}
log
[(('pass', None), 0)]

DEBUG:root:sending {"dest": "n2", "src": "n1", "body": {"msg_id": 2, "type": "AppendEntries", "term": 0, "prevIndex": 0, "prevTerm": 0, "entries": [], "commit": 0}}
INFO:root:HBdest
n3
nextIndex
{'n1': 1, 'n2': 1, 'n3': 1, 'n4': 1, 'n5': 1}
log
[(('pass', None), 0)]

DEBUG:root:sending {"dest": "n3", "src": "n1", "body": {"msg_id": 3, "type": "AppendEntries", "term": 0, "prevIndex": 0, "prevTerm": 0, "entries": [], "commit": 0}}
INFO:root:HBdest
n4
nextIndex
{'n1': 1, 'n2': 1, 'n3': 1, 'n4': 1, 'n5': 1}
log
[(('pass', None), 0)]

DEBUG:root:sending {"dest": "n4", "src": "n1", "body": {"msg_id": 4, "type": "AppendEntries", "term": 0, "prevIndex": 0, "prevTerm": 0, "entries": [], "commit": 0}}
INFO:root:HBdest
n5
nextIndex
{'n1': 1, 'n2': 1, 'n3': 1, 'n4': 1, 'n5': 1}
log
[(('pass', None), 0)]

DEBUG:root:sending {"dest": "n5", "src": "n1", "body": {"msg_id": 5, "type": "AppendEntries", "term": 0, "prevIndex": 0, "prevTerm": 0, "entries": [], "commit": 0}}
DEBUG:root:received {"dest":"n1","src":"n2","body":{"msg_id":12,"in_reply_to":2,"type":"AppendEntriesRes","res":false,"term":1},"id":29}
DEBUG:root:received {"dest":"n1","src":"n3","body":{"msg_id":4,"in_reply_to":3,"type":"AppendEntriesRes","res":false,"term":1},"id":30}
INFO:root:log atual
[(('pass', None), 0)]
prevlog index
0
 last log term
0

DEBUG:root:received {"dest":"n1","src":"n4","body":{"msg_id":4,"in_reply_to":4,"type":"AppendEntriesRes","res":false,"term":1},"id":32}
DEBUG:root:sending {"dest": "n2", "src": "n1", "body": {"msg_id": 6, "in_reply_to": 2, "type": "RequestVoteRes", "term": 0, "res": true}}
DEBUG:root:received {"dest":"n1","src":"n5","body":{"msg_id":4,"in_reply_to":5,"type":"AppendEntriesRes","res":false,"term":1},"id":33}
INFO:root:election started and voted vor
n2
at time
1651678768801629412

INFO:root:vote ended, new leader is
n1

INFO:root:there is a new leader

INFO:root:node id:
n1
leader
n2
kvsotr
{}
cur term
0
log 
[(('pass', None), 0)]
commit indez e last applied
0
0
candidate, votes, voted for
False
None
None
timeout dict
{'n1': 1651678768797493692, 'n2': 1651678768801932603, 'n3': 1651678768797493692, 'n4': 1651678768797493692, 'n5': 1651678768797493692}
curr time
1651678768802043865

DEBUG:root:sending {"dest": "n2", "src": "n1", "body": {"msg_id": 7, "in_reply_to": 8, "type": "AppendEntriesRes", "res": true, "term": 1, "next": 1, "commit": 0}}
DEBUG:root:sending {"dest": "n2", "src": "n1", "body": {"msg_id": 8, "in_reply_to": 12, "type": "error", "code": 11, "text": "Not Leader"}}
DEBUG:root:sending {"dest": "n3", "src": "n1", "body": {"msg_id": 9, "in_reply_to": 4, "type": "error", "code": 11, "text": "Not Leader"}}
DEBUG:root:sending {"dest": "n4", "src": "n1", "body": {"msg_id": 10, "in_reply_to": 4, "type": "error", "code": 11, "text": "Not Leader"}}
DEBUG:root:sending {"dest": "n5", "src": "n1", "body": {"msg_id": 11, "in_reply_to": 4, "type": "error", "code": 11, "text": "Not Leader"}}
DEBUG:root:received {"dest":"n1","src":"n2","body":{"msg_id":13,"type":"AppendEntries","term":1,"prevIndex":0,"prevTerm":0,"entries":[],"commit":0},"id":42}
DEBUG:root:sending {"dest": "n2", "src": "n1", "body": {"msg_id": 12, "in_reply_to": 13, "type": "AppendEntriesRes", "res": true, "term": 1, "next": 1, "commit": 0}}
DEBUG:root:received {"dest":"n1","src":"n2","body":{"msg_id":17,"type":"AppendEntries","term":1,"prevIndex":0,"prevTerm":0,"entries":[],"commit":0},"id":50}
DEBUG:root:sending {"dest": "n2", "src": "n1", "body": {"msg_id": 13, "in_reply_to": 17, "type": "AppendEntriesRes", "res": true, "term": 1, "next": 1, "commit": 0}}
DEBUG:root:received {"dest":"n1","src":"n2","body":{"msg_id":21,"type":"AppendEntries","term":1,"prevIndex":0,"prevTerm":0,"entries":[],"commit":0},"id":58}
DEBUG:root:sending {"dest": "n2", "src": "n1", "body": {"msg_id": 14, "in_reply_to": 21, "type": "AppendEntriesRes", "res": true, "term": 1, "next": 1, "commit": 0}}
INFO:root:election ended

DEBUG:root:received {"dest":"n1","src":"n2","body":{"msg_id":25,"type":"AppendEntries","term":1,"entries":[[["cas",[1,[0,2]]],1]],"prevIndex":0,"prevTerm":0,"commit":0},"id":67}
INFO:root:commiting command
[['cas', [1, [0, 2]]], 1]

DEBUG:root:sending {"dest": "n2", "src": "n1", "body": {"msg_id": 15, "in_reply_to": 25, "type": "AppendEntriesRes", "res": true, "term": 1, "next": 2, "commit": 0}}
DEBUG:root:received {"dest":"n1","src":"n2","body":{"msg_id":29,"type":"AppendEntries","term":1,"prevIndex":1,"prevTerm":1,"entries":[],"commit":0},"id":75}
DEBUG:root:sending {"dest": "n2", "src": "n1", "body": {"msg_id": 16, "in_reply_to": 29, "type": "AppendEntriesRes", "res": true, "term": 1, "next": 2, "commit": 0}}
DEBUG:root:received {"dest":"n1","body":{"key":0,"value":3,"type":"write","msg_id":1},"src":"c12","id":83}
DEBUG:root:sending {"dest": "c12", "src": "n1", "body": {"msg_id": 17, "in_reply_to": 1, "type": "error", "code": 11, "text": "Not Leader"}}
DEBUG:root:received {"dest":"n1","src":"n2","body":{"msg_id":33,"type":"AppendEntries","term":1,"prevIndex":1,"prevTerm":1,"entries":[],"commit":0},"id":85}
DEBUG:root:sending {"dest": "n2", "src": "n1", "body": {"msg_id": 18, "in_reply_to": 33, "type": "AppendEntriesRes", "res": true, "term": 1, "next": 2, "commit": 0}}
DEBUG:root:received {"dest":"n1","body":{"key":1,"from":2,"to":0,"type":"cas","msg_id":1},"src":"c14","id":95}
DEBUG:root:sending {"dest": "c14", "src": "n1", "body": {"msg_id": 19, "in_reply_to": 1, "type": "error", "code": 11, "text": "Not Leader"}}
DEBUG:root:received {"dest":"n1","src":"n2","body":{"msg_id":37,"type":"AppendEntries","term":1,"prevIndex":1,"prevTerm":1,"entries":[],"commit":0},"id":97}
DEBUG:root:sending {"dest": "n2", "src": "n1", "body": {"msg_id": 20, "in_reply_to": 37, "type": "AppendEntriesRes", "res": true, "term": 1, "next": 2, "commit": 0}}
DEBUG:root:received {"dest":"n1","src":"n2","body":{"msg_id":41,"type":"AppendEntries","term":1,"prevIndex":1,"prevTerm":1,"entries":[],"commit":0},"id":107}
DEBUG:root:sending {"dest": "n2", "src": "n1", "body": {"msg_id": 21, "in_reply_to": 41, "type": "AppendEntriesRes", "res": true, "term": 1, "next": 2, "commit": 0}}
DEBUG:root:received {"dest":"n1","src":"n2","body":{"msg_id":45,"type":"AppendEntries","term":1,"prevIndex":1,"prevTerm":1,"entries":[],"commit":0},"id":115}
DEBUG:root:sending {"dest": "n2", "src": "n1", "body": {"msg_id": 22, "in_reply_to": 45, "type": "AppendEntriesRes", "res": true, "term": 1, "next": 2, "commit": 0}}
DEBUG:root:received {"dest":"n1","src":"n2","body":{"msg_id":49,"type":"AppendEntries","term":1,"prevIndex":1,"prevTerm":1,"entries":[],"commit":0},"id":123}
DEBUG:root:sending {"dest": "n2", "src": "n1", "body": {"msg_id": 23, "in_reply_to": 49, "type": "AppendEntriesRes", "res": true, "term": 1, "next": 2, "commit": 0}}
INFO:root:node
n2
current time
1651678769552818996
node_time
1651678768797493692
dif
755325304
False

INFO:root:leader alive, resuming timeout checker

DEBUG:root:received {"dest":"n1","src":"n2","body":{"msg_id":53,"type":"AppendEntries","term":1,"entries":[[["cas",[0,[3,4]]],1]],"prevIndex":1,"prevTerm":1,"commit":0},"id":134}
INFO:root:commiting command
[['cas', [0, [3, 4]]], 1]

DEBUG:root:sending {"dest": "n2", "src": "n1", "body": {"msg_id": 24, "in_reply_to": 53, "type": "AppendEntriesRes", "res": true, "term": 1, "next": 3, "commit": 0}}
DEBUG:root:received {"dest":"n1","src":"n2","body":{"msg_id":57,"type":"AppendEntries","term":1,"prevIndex":2,"prevTerm":1,"entries":[],"commit":0},"id":142}
DEBUG:root:sending {"dest": "n2", "src": "n1", "body": {"msg_id": 25, "in_reply_to": 57, "type": "AppendEntriesRes", "res": true, "term": 1, "next": 3, "commit": 0}}
DEBUG:root:received {"dest":"n1","src":"n2","body":{"msg_id":61,"type":"AppendEntries","term":1,"prevIndex":2,"prevTerm":1,"entries":[],"commit":0},"id":150}
DEBUG:root:sending {"dest": "n2", "src": "n1", "body": {"msg_id": 26, "in_reply_to": 61, "type": "AppendEntriesRes", "res": true, "term": 1, "next": 3, "commit": 0}}
DEBUG:root:received {"dest":"n1","src":"n2","body":{"msg_id":65,"type":"AppendEntries","term":1,"prevIndex":2,"prevTerm":1,"entries":[],"commit":0},"id":158}
DEBUG:root:sending {"dest": "n2", "src": "n1", "body": {"msg_id": 27, "in_reply_to": 65, "type": "AppendEntriesRes", "res": true, "term": 1, "next": 3, "commit": 0}}
DEBUG:root:received {"dest":"n1","src":"n2","body":{"msg_id":70,"type":"AppendEntries","term":1,"prevIndex":2,"prevTerm":1,"entries":[],"commit":0},"id":170}
DEBUG:root:sending {"dest": "n2", "src": "n1", "body": {"msg_id": 28, "in_reply_to": 70, "type": "AppendEntriesRes", "res": true, "term": 1, "next": 3, "commit": 0}}
DEBUG:root:received {"dest":"n1","src":"n2","body":{"msg_id":74,"type":"AppendEntries","term":1,"prevIndex":2,"prevTerm":1,"entries":[],"commit":0},"id":178}
DEBUG:root:sending {"dest": "n2", "src": "n1", "body": {"msg_id": 29, "in_reply_to": 74, "type": "AppendEntriesRes", "res": true, "term": 1, "next": 3, "commit": 0}}
DEBUG:root:received {"dest":"n1","src":"n2","body":{"msg_id":78,"type":"AppendEntries","term":1,"prevIndex":2,"prevTerm":1,"entries":[],"commit":0},"id":188}
DEBUG:root:sending {"dest": "n2", "src": "n1", "body": {"msg_id": 30, "in_reply_to": 78, "type": "AppendEntriesRes", "res": true, "term": 1, "next": 3, "commit": 0}}
DEBUG:root:received {"dest":"n1","src":"n2","body":{"msg_id":82,"type":"AppendEntries","term":1,"prevIndex":2,"prevTerm":1,"entries":[],"commit":0},"id":198}
DEBUG:root:sending {"dest": "n2", "src": "n1", "body": {"msg_id": 31, "in_reply_to": 82, "type": "AppendEntriesRes", "res": true, "term": 1, "next": 3, "commit": 0}}
DEBUG:root:received {"dest":"n1","src":"n2","body":{"msg_id":86,"type":"AppendEntries","term":1,"prevIndex":2,"prevTerm":1,"entries":[],"commit":0},"id":206}
DEBUG:root:sending {"dest": "n2", "src": "n1", "body": {"msg_id": 32, "in_reply_to": 86, "type": "AppendEntriesRes", "res": true, "term": 1, "next": 3, "commit": 0}}
DEBUG:root:received {"dest":"n1","src":"n2","body":{"msg_id":90,"type":"AppendEntries","term":1,"prevIndex":2,"prevTerm":1,"entries":[],"commit":0},"id":216}
DEBUG:root:sending {"dest": "n2", "src": "n1", "body": {"msg_id": 33, "in_reply_to": 90, "type": "AppendEntriesRes", "res": true, "term": 1, "next": 3, "commit": 0}}
DEBUG:root:received {"dest":"n1","src":"n2","body":{"msg_id":94,"type":"AppendEntries","term":1,"prevIndex":2,"prevTerm":1,"entries":[],"commit":0},"id":224}
DEBUG:root:sending {"dest": "n2", "src": "n1", "body": {"msg_id": 34, "in_reply_to": 94, "type": "AppendEntriesRes", "res": true, "term": 1, "next": 3, "commit": 0}}
DEBUG:root:received {"dest":"n1","src":"n2","body":{"msg_id":98,"type":"AppendEntries","term":1,"prevIndex":2,"prevTerm":1,"entries":[],"commit":0},"id":232}
DEBUG:root:sending {"dest": "n2", "src": "n1", "body": {"msg_id": 35, "in_reply_to": 98, "type": "AppendEntriesRes", "res": true, "term": 1, "next": 3, "commit": 0}}
DEBUG:root:received {"dest":"n1","src":"n2","body":{"msg_id":102,"type":"AppendEntries","term":1,"prevIndex":2,"prevTerm":1,"entries":[],"commit":0},"id":240}
DEBUG:root:sending {"dest": "n2", "src": "n1", "body": {"msg_id": 36, "in_reply_to": 102, "type": "AppendEntriesRes", "res": true, "term": 1, "next": 3, "commit": 0}}
DEBUG:root:received {"dest":"n1","src":"n2","body":{"msg_id":107,"type":"AppendEntries","term":1,"prevIndex":2,"prevTerm":1,"entries":[],"commit":0},"id":250}
DEBUG:root:sending {"dest": "n2", "src": "n1", "body": {"msg_id": 37, "in_reply_to": 107, "type": "AppendEntriesRes", "res": true, "term": 1, "next": 3, "commit": 0}}
DEBUG:root:received {"dest":"n1","src":"n2","body":{"msg_id":111,"type":"AppendEntries","term":1,"prevIndex":2,"prevTerm":1,"entries":[],"commit":0},"id":259}
DEBUG:root:sending {"dest": "n2", "src": "n1", "body": {"msg_id": 38, "in_reply_to": 111, "type": "AppendEntriesRes", "res": true, "term": 1, "next": 3, "commit": 0}}
DEBUG:root:received {"dest":"n1","body":{"key":0,"from":0,"to":3,"type":"cas","msg_id":2},"src":"c12","id":270}
DEBUG:root:sending {"dest": "c12", "src": "n1", "body": {"msg_id": 39, "in_reply_to": 2, "type": "error", "code": 11, "text": "Not Leader"}}
