DEBUG:root:received {"dest":"n4","body":{"type":"init","node_id":"n4","node_ids":["n1","n2","n3","n4","n5"],"msg_id":1},"src":"c4","id":4}
INFO:root:node n4 initialized
DEBUG:root:sending {"dest": "c4", "src": "n4", "body": {"msg_id": 1, "in_reply_to": 1, "type": "init_ok"}}
DEBUG:root:sending {"dest": "n1", "src": "n4", "body": {"msg_id": 2, "type": "RequestVote", "term": 1, "prevLogIndex": 0, "lastLogTerm": 0, "candidateId": "n4"}}
DEBUG:root:sending {"dest": "n2", "src": "n4", "body": {"msg_id": 3, "type": "RequestVote", "term": 1, "prevLogIndex": 0, "lastLogTerm": 0, "candidateId": "n4"}}
DEBUG:root:sending {"dest": "n3", "src": "n4", "body": {"msg_id": 4, "type": "RequestVote", "term": 1, "prevLogIndex": 0, "lastLogTerm": 0, "candidateId": "n4"}}
DEBUG:root:sending {"dest": "n4", "src": "n4", "body": {"msg_id": 5, "type": "RequestVote", "term": 1, "prevLogIndex": 0, "lastLogTerm": 0, "candidateId": "n4"}}
DEBUG:root:sending {"dest": "n5", "src": "n4", "body": {"msg_id": 6, "type": "RequestVote", "term": 1, "prevLogIndex": 0, "lastLogTerm": 0, "candidateId": "n4"}}
DEBUG:root:received {"dest":"n4","src":"n2","body":{"msg_id":5,"type":"RequestVote","term":1,"prevLogIndex":0,"lastLogTerm":0,"candidateId":"n2"},"id":22}
DEBUG:root:received {"dest":"n4","src":"n1","body":{"msg_id":4,"type":"AppendEntries","term":0,"prevIndex":0,"prevTerm":0,"entries":[[["pass",null],0]],"commit":0},"id":23}
DEBUG:root:received {"dest":"n4","src":"n3","body":{"msg_id":5,"type":"RequestVote","term":1,"prevLogIndex":0,"lastLogTerm":0,"candidateId":"n3"},"id":24}
DEBUG:root:received {"dest":"n4","src":"n4","body":{"msg_id":5,"type":"RequestVote","term":1,"prevLogIndex":0,"lastLogTerm":0,"candidateId":"n4"},"id":29}
DEBUG:root:received {"dest":"n4","src":"n5","body":{"msg_id":5,"type":"RequestVote","term":1,"prevLogIndex":0,"lastLogTerm":0,"candidateId":"n5"},"id":30}
DEBUG:root:sending {"dest": "n2", "src": "n4", "body": {"msg_id": 7, "in_reply_to": 5, "type": "RequestVoteRes", "term": 1, "res": true}}
ERROR:root:fatal exception in handler
Traceback (most recent call last):
  File "/home/peter/Documents/tf/lab3/ms.py", line 27, in exitOnError
    fn(*args)
  File "/home/peter/Documents/tf/lab3/raft.py", line 442, in handle
    Timer(sec, election_checker).start()
NameError: name 'sec' is not defined
