2022-05-05 16:25:10,726{GMT}	INFO	[jepsen test runner] jepsen.core: Test version 6febe5a1f668e2662c4320709bf01696ca7cdd1d (plus uncommitted changes)
2022-05-05 16:25:10,727{GMT}	INFO	[jepsen test runner] jepsen.core: Command line:
lein run test --bin cent.py --workload txn-list-append --time-limit 2 --node-count 4 --latency 200
2022-05-05 16:25:10,793{GMT}	INFO	[jepsen test runner] jepsen.core: Running test:
{:remote #jepsen.control.SSHRemote{:session nil}
 :log-net-send false
 :node-count 4
 :max-txn-length 4
 :concurrency 4
 :db
 #object[maelstrom.db$db$reify__16747
         "0xcf0e8b4"
         "maelstrom.db$db$reify__16747@cf0e8b4"]
 :max-writes-per-key 16
 :leave-db-running? false
 :name "txn-list-append"
 :logging-json? false
 :net-journal #object[clojure.lang.Atom "0x51a7ee4e" {:status :ready, :val []}]
 :start-time
 #object[org.joda.time.DateTime "0x424c8ebe" "2022-05-05T16:25:10.000+01:00"]
 :nemesis-interval 10
 :net
 #object[maelstrom.net$jepsen_adapter$reify__15560
         "0x7aafac17"
         "maelstrom.net$jepsen_adapter$reify__15560@7aafac17"]
 :client
 #object[maelstrom.workload.txn_list_append$client$reify__18442
         "0x3054551f"
         "maelstrom.workload.txn_list_append$client$reify__18442@3054551f"]
 :barrier
 #object[java.util.concurrent.CyclicBarrier
         "0x6b8cfbeb"
         "java.util.concurrent.CyclicBarrier@6b8cfbeb"]
 :log-stderr false
 :pure-generators true
 :ssh {:dummy? true}
 :rate 5
 :checker
 #object[jepsen.checker$compose$reify__8612
         "0x4603845b"
         "jepsen.checker$compose$reify__8612@4603845b"]
 :argv
 ("test"
  "--bin"
  "cent.py"
  "--workload"
  "txn-list-append"
  "--time-limit"
  "2"
  "--node-count"
  "4"
  "--latency"
  "200")
 :nemesis
 (jepsen.nemesis.ReflCompose
  {:fm {:start-partition 0,
        :stop-partition 0,
        :kill 1,
        :start 1,
        :pause 1,
        :resume 1},
   :nemeses [#unprintable "jepsen.nemesis.combined$partition_nemesis$reify__17019@414b5798"
             #unprintable "jepsen.nemesis.combined$db_nemesis$reify__17000@53251e03"]})
 :active-histories
 #object[clojure.lang.Atom "0x5ffae42f" {:status :ready, :val #{}}]
 :nodes ["n0" "n1" "n2" "n3"]
 :test-count 1
 :latency {:mean 200, :dist :constant}
 :bin "cent.py"
 :generator
 (jepsen.generator.TimeLimit
  {:limit 2000000000,
   :cutoff nil,
   :gen (jepsen.generator.Any
         {:gens [(jepsen.generator.OnThreads {:f #{:nemesis}, :gen nil})
                 (jepsen.generator.OnThreads
                  {:f #object[clojure.core$complement$fn__5654
                              "0x3eff5c32"
                              "clojure.core$complement$fn__5654@3eff5c32"],
                   :gen (jepsen.generator.Stagger
                         {:dt 400000000,
                          :next-time nil,
                          :gen ({:type :invoke,
                                 :f :txn,
                                 :value [[:append 9 1]
                                         [:append 6 1]
                                         [:append 7 1]]}
                                {:type :invoke, :f :txn, :value [[:r 9 nil]]}
                                {:type :invoke, :f :txn, :value [[:append 9 2]]}
                                {:type :invoke,
                                 :f :txn,
                                 :value [[:r 4 nil]
                                         [:r 7 nil]
                                         [:append 8 1]
                                         [:r 9 nil]]}
                                {:type :invoke,
                                 :f :txn,
                                 :value [[:append 9 3] [:r 7 nil]]}
                                {:type :invoke,
                                 :f :txn,
                                 :value [[:append 9 4] [:r 9 nil] [:append 9 5]]}
                                {:type :invoke,
                                 :f :txn,
                                 :value [[:append 8 2]
                                         [:r 9 nil]
                                         [:append 9 6]
                                         [:append 7 2]]}
                                {:type :invoke,
                                 :f :txn,
                                 :value [[:r 9 nil]
                                         [:r 8 nil]
                                         [:r 9 nil]
                                         [:append 9 7]]}
                                ...)})})]})})
 :log-net-recv false
 :os
 #object[jepsen.os$reify__2490 "0x1377af49" "jepsen.os$reify__2490@1377af49"]
 :time-limit 2
 :workload :txn-list-append
 :consistency-models [:strict-serializable]
 :topology :grid}

2022-05-05 16:25:10,800{GMT}	INFO	[jepsen test runner] jepsen.db: Tearing down DB
2022-05-05 16:25:10,801{GMT}	INFO	[jepsen test runner] jepsen.db: Setting up DB
2022-05-05 16:25:10,802{GMT}	INFO	[jepsen node n1] maelstrom.db: Setting up n1
2022-05-05 16:25:10,802{GMT}	INFO	[jepsen node n2] maelstrom.db: Setting up n2
2022-05-05 16:25:10,802{GMT}	INFO	[jepsen node n3] maelstrom.db: Setting up n3
2022-05-05 16:25:10,803{GMT}	INFO	[jepsen node n2] maelstrom.process: launching cent.py nil
2022-05-05 16:25:10,803{GMT}	INFO	[jepsen node n1] maelstrom.process: launching cent.py nil
2022-05-05 16:25:10,803{GMT}	INFO	[jepsen node n3] maelstrom.process: launching cent.py nil
2022-05-05 16:25:10,805{GMT}	INFO	[jepsen node n0] maelstrom.service: Starting services: (lin-kv lin-tso lww-kv seq-kv)
2022-05-05 16:25:10,834{GMT}	INFO	[jepsen node n0] maelstrom.db: Setting up n0
2022-05-05 16:25:10,835{GMT}	INFO	[jepsen node n0] maelstrom.process: launching cent.py nil
2022-05-05 16:25:10,918{GMT}	INFO	[jepsen test runner] jepsen.core: Relative time begins now
2022-05-05 16:25:10,928{GMT}	INFO	[jepsen worker 0] jepsen.util: 0	:invoke	:txn	[[:append 9 1] [:append 6 1] [:append 7 1]]
2022-05-05 16:25:11,069{GMT}	INFO	[jepsen worker 0] jepsen.util: 0	:ok	:txn	[[:append 9 1] [:append 6 1] [:append 7 1]]
2022-05-05 16:25:11,163{GMT}	INFO	[jepsen worker 1] jepsen.util: 1	:invoke	:txn	[[:r 9 nil]]
2022-05-05 16:25:11,311{GMT}	INFO	[jepsen worker 0] jepsen.util: 0	:invoke	:txn	[[:append 9 2]]
2022-05-05 16:25:11,378{GMT}	INFO	[jepsen worker 1] jepsen.util: 1	:ok	:txn	[[:r 9 [1]]]
2022-05-05 16:25:11,443{GMT}	INFO	[jepsen worker 1] jepsen.util: 1	:invoke	:txn	[[:r 4 nil] [:r 7 nil] [:append 8 1] [:r 9 nil]]
2022-05-05 16:25:11,480{GMT}	INFO	[jepsen worker 0] jepsen.util: 0	:ok	:txn	[[:append 9 2]]
2022-05-05 16:25:11,606{GMT}	INFO	[jepsen worker 0] jepsen.util: 0	:invoke	:txn	[[:append 9 3] [:r 7 nil]]
2022-05-05 16:25:11,729{GMT}	INFO	[jepsen worker 2] jepsen.util: 2	:invoke	:txn	[[:append 9 4] [:r 9 nil] [:append 9 5]]
2022-05-05 16:25:11,902{GMT}	INFO	[jepsen worker 0] jepsen.util: 0	:ok	:txn	[[:append 9 3] [:r 7 [1]]]
2022-05-05 16:25:12,068{GMT}	INFO	[jepsen worker 3] jepsen.util: 3	:invoke	:txn	[[:append 8 2] [:r 9 nil] [:append 9 6] [:append 7 2]]
2022-05-05 16:25:12,450{GMT}	INFO	[jepsen worker 0] jepsen.util: 0	:invoke	:txn	[[:r 9 nil] [:r 8 nil] [:r 9 nil] [:append 9 7]]
2022-05-05 16:25:12,500{GMT}	INFO	[jepsen worker 0] jepsen.util: 0	:info	:txn	[[:r 9 nil] [:r 8 nil] [:r 9 nil] [:append 9 7]]	[:unknown "transaction aborted"]
2022-05-05 16:25:12,722{GMT}	INFO	[jepsen worker 0] jepsen.util: 4	:invoke	:txn	[[:append 8 3] [:r 3 nil] [:r 7 nil] [:r 9 nil]]
2022-05-05 16:25:12,871{GMT}	INFO	[jepsen worker 0] jepsen.util: 4	:ok	:txn	[[:append 8 3] [:r 3 nil] [:r 7 [1]] [:r 9 [1 2 3]]]
2022-05-05 16:25:12,875{GMT}	INFO	[jepsen worker 0] jepsen.util: 4	:invoke	:txn	[[:append 9 8] [:r 8 nil]]
2022-05-05 16:25:12,999{GMT}	INFO	[jepsen worker 0] jepsen.util: 4	:ok	:txn	[[:append 9 8] [:r 8 [3]]]
2022-05-05 16:25:16,444{GMT}	INFO	[jepsen worker 1] jepsen.util: 1	:info	:txn	[[:r 4 nil] [:r 7 nil] [:append 8 1] [:r 9 nil]]	:net-timeout
2022-05-05 16:25:16,731{GMT}	INFO	[jepsen worker 2] jepsen.util: 2	:info	:txn	[[:append 9 4] [:r 9 nil] [:append 9 5]]	:net-timeout
2022-05-05 16:25:17,069{GMT}	INFO	[jepsen worker 3] jepsen.util: 3	:info	:txn	[[:append 8 2] [:r 9 nil] [:append 9 6] [:append 7 2]]	:net-timeout
2022-05-05 16:25:17,081{GMT}	INFO	[jepsen node n0] maelstrom.db: Tearing down n0
2022-05-05 16:25:17,082{GMT}	INFO	[jepsen node n2] maelstrom.db: Tearing down n2
2022-05-05 16:25:17,082{GMT}	INFO	[jepsen node n3] maelstrom.db: Tearing down n3
2022-05-05 16:25:17,082{GMT}	INFO	[jepsen node n1] maelstrom.db: Tearing down n1
2022-05-05 16:25:18,839{GMT}	INFO	[jepsen test runner] jepsen.core: Run complete, writing
2022-05-05 16:25:18,869{GMT}	INFO	[jepsen test runner] jepsen.core: Analyzing...
2022-05-05 16:25:19,071{GMT}	INFO	[jepsen test runner] jepsen.core: Analysis complete
2022-05-05 16:25:19,080{GMT}	INFO	[jepsen results] jepsen.store: Wrote /home/peter/Documents/tf/lab4/store/txn-list-append/20220505T162510.000+0100/results.edn
2022-05-05 16:25:19,090{GMT}	INFO	[jepsen test runner] jepsen.core: {:perf {:latency-graph {:valid? true},
        :rate-graph {:valid? true},
        :valid? true},
 :timeline {:valid? true},
 :exceptions {:valid? true},
 :stats {:valid? true,
         :count 10,
         :ok-count 6,
         :fail-count 0,
         :info-count 4,
         :by-f {:txn {:valid? true,
                      :count 10,
                      :ok-count 6,
                      :fail-count 0,
                      :info-count 4}}},
 :net {:stats {:all {:send-count 55,
                     :recv-count 55,
                     :msg-count 55,
                     :msgs-per-op 5.5},
               :clients {:send-count 25,
                         :recv-count 25,
                         :msg-count 25},
               :servers {:send-count 30,
                         :recv-count 30,
                         :msg-count 30,
                         :msgs-per-op 3.0}},
       :valid? true},
 :workload {:valid? true},
 :valid? true}


Everything looks good! ヽ(‘ー`)ノ
