DEBUG:root:received {"dest":"n3","body":{"type":"init","node_id":"n3","node_ids":["n1","n2","n3","n4","n5"],"msg_id":1},"src":"c4","id":4}
INFO:root:node n3 initialized
DEBUG:root:sending {"dest": "c4", "src": "n3", "body": {"msg_id": 1, "in_reply_to": 1, "type": "init_ok"}}
DEBUG:root:sending {"dest": "n1", "src": "n3", "body": {"msg_id": 2, "type": "RequestVote", "term": 1, "prevLogIndex": 0, "lastLogTerm": 0, "candidateId": "n3"}}
DEBUG:root:sending {"dest": "n2", "src": "n3", "body": {"msg_id": 3, "type": "RequestVote", "term": 1, "prevLogIndex": 0, "lastLogTerm": 0, "candidateId": "n3"}}
DEBUG:root:sending {"dest": "n3", "src": "n3", "body": {"msg_id": 4, "type": "RequestVote", "term": 1, "prevLogIndex": 0, "lastLogTerm": 0, "candidateId": "n3"}}
DEBUG:root:sending {"dest": "n4", "src": "n3", "body": {"msg_id": 5, "type": "RequestVote", "term": 1, "prevLogIndex": 0, "lastLogTerm": 0, "candidateId": "n3"}}
DEBUG:root:sending {"dest": "n5", "src": "n3", "body": {"msg_id": 6, "type": "RequestVote", "term": 1, "prevLogIndex": 0, "lastLogTerm": 0, "candidateId": "n3"}}
DEBUG:root:received {"dest":"n3","src":"n1","body":{"msg_id":3,"type":"AppendEntries","term":0,"prevIndex":0,"prevTerm":0,"entries":[[["pass",null],0]],"commit":0},"id":16}
DEBUG:root:received {"dest":"n3","src":"n4","body":{"msg_id":4,"type":"RequestVote","term":1,"prevLogIndex":0,"lastLogTerm":0,"candidateId":"n4"},"id":17}
DEBUG:root:received {"dest":"n3","src":"n2","body":{"msg_id":4,"type":"RequestVote","term":1,"prevLogIndex":0,"lastLogTerm":0,"candidateId":"n2"},"id":21}
DEBUG:root:received {"dest":"n3","src":"n5","body":{"msg_id":4,"type":"RequestVote","term":1,"prevLogIndex":0,"lastLogTerm":0,"candidateId":"n5"},"id":31}
DEBUG:root:received {"dest":"n3","src":"n3","body":{"msg_id":4,"type":"RequestVote","term":1,"prevLogIndex":0,"lastLogTerm":0,"candidateId":"n3"},"id":34}
DEBUG:root:received {"dest":"n3","src":"n1","body":{"msg_id":7,"in_reply_to":2,"type":"RequestVoteRes","term":1,"res":false},"id":40}
DEBUG:root:received {"dest":"n3","src":"n2","body":{"msg_id":11,"in_reply_to":3,"type":"RequestVoteRes","term":1,"res":false},"id":49}
DEBUG:root:received {"dest":"n3","src":"n5","body":{"msg_id":11,"in_reply_to":6,"type":"RequestVoteRes","term":1,"res":false},"id":55}
DEBUG:root:received {"dest":"n3","src":"n4","body":{"msg_id":11,"in_reply_to":5,"type":"RequestVoteRes","term":1,"res":false},"id":56}
DEBUG:root:sending {"dest": "n1", "src": "n3", "body": {"msg_id": 7, "in_reply_to": 3, "type": "AppendEntriesRes", "res": false, "term": 1}}
DEBUG:root:sending {"dest": "n4", "src": "n3", "body": {"msg_id": 8, "in_reply_to": 4, "type": "RequestVoteRes", "term": 1, "res": true}}
DEBUG:root:received {"dest":"n3","src":"n4","body":{"msg_id":15,"type":"AppendEntries","term":1,"prevIndex":0,"prevTerm":0,"entries":[[["pass",null],0]],"commit":0},"id":62}
DEBUG:root:received {"dest":"n3","src":"n1","body":{"msg_id":14,"type":"AppendEntries","term":1,"prevIndex":-1,"prevTerm":0,"entries":[[["pass",null],0]],"commit":0},"id":64}
DEBUG:root:sending {"dest": "n2", "src": "n3", "body": {"msg_id": 9, "in_reply_to": 4, "type": "RequestVoteRes", "term": 1, "res": false}}
DEBUG:root:sending {"dest": "n5", "src": "n3", "body": {"msg_id": 10, "in_reply_to": 4, "type": "RequestVoteRes", "term": 1, "res": false}}
DEBUG:root:sending {"dest": "n3", "src": "n3", "body": {"msg_id": 11, "in_reply_to": 4, "type": "RequestVoteRes", "term": 1, "res": false}}
DEBUG:root:sending {"dest": "n4", "src": "n3", "body": {"msg_id": 12, "in_reply_to": 15, "type": "AppendEntriesRes", "res": true, "term": 1, "next": 1, "commit": 0}}
DEBUG:root:sending {"dest": "n1", "src": "n3", "body": {"msg_id": 13, "in_reply_to": 14, "type": "AppendEntriesRes", "res": true, "term": 1, "next": 1, "commit": 0}}
DEBUG:root:received {"dest":"n3","src":"n3","body":{"msg_id":11,"in_reply_to":4,"type":"RequestVoteRes","term":1,"res":false},"id":71}
DEBUG:root:received {"dest":"n3","body":{"key":0,"from":4,"to":0,"type":"cas","msg_id":1},"src":"c10","id":74}
DEBUG:root:sending {"dest": "c10", "src": "n3", "body": {"msg_id": 14, "in_reply_to": 1, "type": "error", "code": 11, "text": "Not Leader"}}
DEBUG:root:received {"dest":"n3","src":"n1","body":{"msg_id":16,"type":"AppendEntries","term":1,"prevIndex":0,"prevTerm":0,"entries":[[["pass",null],0]],"commit":0},"id":77}
DEBUG:root:sending {"dest": "n1", "src": "n3", "body": {"msg_id": 15, "in_reply_to": 16, "type": "AppendEntriesRes", "res": true, "term": 1, "next": 1, "commit": 0}}
DEBUG:root:received {"dest":"n3","src":"n4","body":{"msg_id":20,"type":"AppendEntries","term":1,"prevIndex":0,"prevTerm":0,"entries":[[["pass",null],0]],"commit":0},"id":86}
DEBUG:root:sending {"dest": "n4", "src": "n3", "body": {"msg_id": 16, "in_reply_to": 20, "type": "AppendEntriesRes", "res": true, "term": 1, "next": 1, "commit": 0}}
Exception in thread Thread-1:
Traceback (most recent call last):
  File "/usr/lib/python3.10/threading.py", line 1009, in _bootstrap_inner
    self.run()
  File "/usr/lib/python3.10/threading.py", line 1371, in run
    self.function(*self.args, **self.kwargs)
TypeError: election_checker() missing 2 required positional arguments: 'min_time' and 'max_time'
DEBUG:root:received {"dest":"n3","src":"n1","body":{"msg_id":21,"type":"AppendEntries","term":1,"prevIndex":0,"prevTerm":0,"entries":[[["pass",null],0]],"commit":0},"id":95}
DEBUG:root:sending {"dest": "n1", "src": "n3", "body": {"msg_id": 17, "in_reply_to": 21, "type": "AppendEntriesRes", "res": true, "term": 1, "next": 1, "commit": 0}}
DEBUG:root:received {"dest":"n3","src":"n1","body":{"msg_id":25,"type":"AppendEntries","term":1,"entries":[[["cas",[0,[0,0]]],1]],"prevIndex":0,"prevTerm":0,"commit":0},"id":104}
DEBUG:root:sending {"dest": "n1", "src": "n3", "body": {"msg_id": 18, "in_reply_to": 25, "type": "AppendEntriesRes", "res": true, "term": 1, "next": 1, "commit": 0}}
DEBUG:root:received {"dest":"n3","src":"n4","body":{"msg_id":26,"type":"AppendEntries","term":1,"prevIndex":0,"prevTerm":0,"entries":[[["pass",null],0]],"commit":0},"id":113}
DEBUG:root:sending {"dest": "n4", "src": "n3", "body": {"msg_id": 19, "in_reply_to": 26, "type": "AppendEntriesRes", "res": true, "term": 1, "next": 1, "commit": 0}}
DEBUG:root:received {"dest":"n3","src":"n1","body":{"msg_id":30,"type":"AppendEntries","term":1,"prevIndex":0,"prevTerm":0,"entries":[[["pass",null],0],[["cas",[0,[0,0]]],1]],"commit":0},"id":121}
DEBUG:root:sending {"dest": "n1", "src": "n3", "body": {"msg_id": 20, "in_reply_to": 30, "type": "AppendEntriesRes", "res": true, "term": 1, "next": 1, "commit": 0}}
DEBUG:root:received {"dest":"n3","src":"n1","body":{"msg_id":34,"type":"AppendEntries","term":1,"prevIndex":0,"prevTerm":0,"entries":[[["pass",null],0],[["cas",[0,[0,0]]],1]],"commit":0},"id":132}
DEBUG:root:sending {"dest": "n1", "src": "n3", "body": {"msg_id": 21, "in_reply_to": 34, "type": "AppendEntriesRes", "res": true, "term": 1, "next": 1, "commit": 0}}
DEBUG:root:received {"dest":"n3","body":{"key":1,"from":4,"to":1,"type":"cas","msg_id":1},"src":"c15","id":139}
DEBUG:root:sending {"dest": "c15", "src": "n3", "body": {"msg_id": 22, "in_reply_to": 1, "type": "error", "code": 11, "text": "Not Leader"}}
DEBUG:root:received {"dest":"n3","src":"n1","body":{"msg_id":38,"type":"AppendEntries","term":1,"prevIndex":0,"prevTerm":0,"entries":[[["pass",null],0],[["cas",[0,[0,0]]],1]],"commit":0},"id":144}
DEBUG:root:sending {"dest": "n1", "src": "n3", "body": {"msg_id": 23, "in_reply_to": 38, "type": "AppendEntriesRes", "res": true, "term": 1, "next": 1, "commit": 0}}
DEBUG:root:received {"dest":"n3","src":"n1","body":{"msg_id":42,"type":"AppendEntries","term":1,"prevIndex":0,"prevTerm":0,"entries":[[["pass",null],0],[["cas",[0,[0,0]]],1]],"commit":0},"id":154}
DEBUG:root:sending {"dest": "n1", "src": "n3", "body": {"msg_id": 24, "in_reply_to": 42, "type": "AppendEntriesRes", "res": true, "term": 1, "next": 1, "commit": 0}}
DEBUG:root:received {"dest":"n3","src":"n4","body":{"msg_id":34,"type":"AppendEntries","term":1,"entries":[[["cas",[1,[4,4]]],1]],"prevIndex":0,"prevTerm":0,"commit":0},"id":163}
DEBUG:root:sending {"dest": "n4", "src": "n3", "body": {"msg_id": 25, "in_reply_to": 34, "type": "AppendEntriesRes", "res": true, "term": 1, "next": 1, "commit": 0}}
DEBUG:root:received {"dest":"n3","src":"n1","body":{"msg_id":46,"type":"AppendEntries","term":1,"prevIndex":0,"prevTerm":0,"entries":[[["pass",null],0],[["cas",[0,[0,0]]],1]],"commit":0},"id":169}
DEBUG:root:sending {"dest": "n1", "src": "n3", "body": {"msg_id": 26, "in_reply_to": 46, "type": "AppendEntriesRes", "res": true, "term": 1, "next": 1, "commit": 0}}
DEBUG:root:received {"dest":"n3","src":"n1","body":{"msg_id":50,"type":"AppendEntries","term":1,"prevIndex":0,"prevTerm":0,"entries":[[["pass",null],0],[["cas",[0,[0,0]]],1]],"commit":0},"id":177}
DEBUG:root:sending {"dest": "n1", "src": "n3", "body": {"msg_id": 27, "in_reply_to": 50, "type": "AppendEntriesRes", "res": true, "term": 1, "next": 1, "commit": 0}}
DEBUG:root:received {"dest":"n3","src":"n1","body":{"msg_id":54,"type":"AppendEntries","term":1,"prevIndex":0,"prevTerm":0,"entries":[[["pass",null],0],[["cas",[0,[0,0]]],1]],"commit":0},"id":185}
DEBUG:root:sending {"dest": "n1", "src": "n3", "body": {"msg_id": 28, "in_reply_to": 54, "type": "AppendEntriesRes", "res": true, "term": 1, "next": 1, "commit": 0}}
