DEBUG:root:received {"dest":"n4","body":{"type":"init","node_id":"n4","node_ids":["n1","n2","n3","n4","n5"],"msg_id":1},"src":"c2","id":2}
INFO:root:node n4 initialized
DEBUG:root:sending {"dest": "c2", "src": "n4", "body": {"msg_id": 1, "in_reply_to": 1, "type": "init_ok"}}
DEBUG:root:sending {"dest": "n1", "src": "n4", "body": {"msg_id": 2, "type": "RequestVote", "term": 1, "prevLogIndex": 0, "lastLogTerm": 0, "candidateId": "n4"}}
DEBUG:root:sending {"dest": "n2", "src": "n4", "body": {"msg_id": 3, "type": "RequestVote", "term": 1, "prevLogIndex": 0, "lastLogTerm": 0, "candidateId": "n4"}}
DEBUG:root:sending {"dest": "n3", "src": "n4", "body": {"msg_id": 4, "type": "RequestVote", "term": 1, "prevLogIndex": 0, "lastLogTerm": 0, "candidateId": "n4"}}
DEBUG:root:sending {"dest": "n4", "src": "n4", "body": {"msg_id": 5, "type": "RequestVote", "term": 1, "prevLogIndex": 0, "lastLogTerm": 0, "candidateId": "n4"}}
DEBUG:root:sending {"dest": "n5", "src": "n4", "body": {"msg_id": 6, "type": "RequestVote", "term": 1, "prevLogIndex": 0, "lastLogTerm": 0, "candidateId": "n4"}}
DEBUG:root:received {"dest":"n4","src":"n1","body":{"msg_id":4,"type":"AppendEntries","term":0,"prevIndex":0,"prevTerm":0,"entries":[[["pass",null],0]],"commit":0},"id":19}
DEBUG:root:received {"dest":"n4","src":"n4","body":{"msg_id":5,"type":"RequestVote","term":1,"prevLogIndex":0,"lastLogTerm":0,"candidateId":"n4"},"id":20}
DEBUG:root:received {"dest":"n4","src":"n2","body":{"msg_id":5,"type":"RequestVote","term":1,"prevLogIndex":0,"lastLogTerm":0,"candidateId":"n2"},"id":24}
DEBUG:root:received {"dest":"n4","src":"n2","body":{"msg_id":8,"in_reply_to":3,"type":"RequestVoteRes","term":1,"res":true},"id":27}
DEBUG:root:sending {"dest": "n1", "src": "n4", "body": {"msg_id": 7, "in_reply_to": 4, "type": "AppendEntriesRes", "res": false, "term": 1}}
DEBUG:root:sending {"dest": "n4", "src": "n4", "body": {"msg_id": 8, "in_reply_to": 5, "type": "RequestVoteRes", "term": 1, "res": true}}
DEBUG:root:sending {"dest": "n2", "src": "n4", "body": {"msg_id": 9, "in_reply_to": 5, "type": "RequestVoteRes", "term": 1, "res": false}}
DEBUG:root:received {"dest":"n4","src":"n5","body":{"msg_id":5,"type":"RequestVote","term":1,"prevLogIndex":0,"lastLogTerm":0,"candidateId":"n5"},"id":33}
DEBUG:root:received {"dest":"n4","src":"n3","body":{"msg_id":5,"type":"RequestVote","term":1,"prevLogIndex":0,"lastLogTerm":0,"candidateId":"n3"},"id":36}
DEBUG:root:received {"dest":"n4","src":"n4","body":{"msg_id":8,"in_reply_to":5,"type":"RequestVoteRes","term":1,"res":true},"id":38}
DEBUG:root:received {"dest":"n4","src":"n1","body":{"msg_id":8,"in_reply_to":2,"type":"RequestVoteRes","term":1,"res":false},"id":42}
DEBUG:root:received {"dest":"n4","src":"n1","body":{"msg_id":11,"type":"AppendEntries","term":1,"prevIndex":-1,"prevTerm":0,"entries":[[["pass",null],0]],"commit":0},"id":45}
DEBUG:root:sending {"dest": "n5", "src": "n4", "body": {"msg_id": 10, "in_reply_to": 5, "type": "RequestVoteRes", "term": 1, "res": false}}
DEBUG:root:received {"dest":"n4","src":"n5","body":{"msg_id":8,"in_reply_to":6,"type":"RequestVoteRes","term":1,"res":true},"id":48}
DEBUG:root:sending {"dest": "n3", "src": "n4", "body": {"msg_id": 11, "in_reply_to": 5, "type": "RequestVoteRes", "term": 1, "res": false}}
DEBUG:root:sending {"dest": "n1", "src": "n4", "body": {"msg_id": 12, "in_reply_to": 11, "type": "AppendEntriesRes", "res": true, "term": 1, "next": 1, "commit": 0}}
DEBUG:root:sending {"dest": "n1", "src": "n4", "body": {"msg_id": 13, "type": "AppendEntries", "term": 1, "prevIndex": 0, "prevTerm": 0, "entries": [[["pass", null], 0]], "commit": 0}}
DEBUG:root:sending {"dest": "n2", "src": "n4", "body": {"msg_id": 14, "type": "AppendEntries", "term": 1, "prevIndex": 0, "prevTerm": 0, "entries": [[["pass", null], 0]], "commit": 0}}
DEBUG:root:sending {"dest": "n3", "src": "n4", "body": {"msg_id": 15, "type": "AppendEntries", "term": 1, "prevIndex": 0, "prevTerm": 0, "entries": [[["pass", null], 0]], "commit": 0}}
DEBUG:root:sending {"dest": "n5", "src": "n4", "body": {"msg_id": 16, "type": "AppendEntries", "term": 1, "prevIndex": 0, "prevTerm": 0, "entries": [[["pass", null], 0]], "commit": 0}}
DEBUG:root:received {"dest":"n4","src":"n1","body":{"msg_id":13,"in_reply_to":13,"type":"AppendEntriesRes","res":true,"term":1,"next":1,"commit":0},"id":63}
DEBUG:root:received {"dest":"n4","src":"n2","body":{"msg_id":13,"in_reply_to":14,"type":"AppendEntriesRes","res":true,"term":1,"next":1,"commit":0},"id":65}
DEBUG:root:received {"dest":"n4","src":"n5","body":{"msg_id":13,"in_reply_to":16,"type":"AppendEntriesRes","res":true,"term":1,"next":1,"commit":0},"id":67}
DEBUG:root:received {"dest":"n4","src":"n3","body":{"msg_id":8,"in_reply_to":4,"type":"RequestVoteRes","term":1,"res":true},"id":68}
DEBUG:root:received {"dest":"n4","src":"n3","body":{"msg_id":12,"in_reply_to":15,"type":"AppendEntriesRes","res":true,"term":1,"next":1,"commit":0},"id":72}
DEBUG:root:received {"dest":"n4","src":"n1","body":{"msg_id":17,"type":"AppendEntries","term":1,"prevIndex":0,"prevTerm":0,"entries":[[["pass",null],0]],"commit":0},"id":78}
DEBUG:root:sending {"dest": "n1", "src": "n4", "body": {"msg_id": 17, "in_reply_to": 17, "type": "AppendEntriesRes", "res": true, "term": 1, "next": 1, "commit": 0}}
DEBUG:root:sending {"dest": "n1", "src": "n4", "body": {"msg_id": 18, "type": "AppendEntries", "term": 1, "prevIndex": 0, "prevTerm": 0, "entries": [[["pass", null], 0]], "commit": 0}}
DEBUG:root:sending {"dest": "n2", "src": "n4", "body": {"msg_id": 19, "type": "AppendEntries", "term": 1, "prevIndex": 0, "prevTerm": 0, "entries": [[["pass", null], 0]], "commit": 0}}
DEBUG:root:sending {"dest": "n3", "src": "n4", "body": {"msg_id": 20, "type": "AppendEntries", "term": 1, "prevIndex": 0, "prevTerm": 0, "entries": [[["pass", null], 0]], "commit": 0}}
DEBUG:root:sending {"dest": "n5", "src": "n4", "body": {"msg_id": 21, "type": "AppendEntries", "term": 1, "prevIndex": 0, "prevTerm": 0, "entries": [[["pass", null], 0]], "commit": 0}}
DEBUG:root:received {"dest":"n4","src":"n1","body":{"msg_id":19,"in_reply_to":18,"type":"AppendEntriesRes","res":true,"term":1,"next":1,"commit":0},"id":87}
DEBUG:root:received {"dest":"n4","src":"n2","body":{"msg_id":15,"in_reply_to":19,"type":"AppendEntriesRes","res":true,"term":1,"next":1,"commit":0},"id":89}
DEBUG:root:received {"dest":"n4","src":"n3","body":{"msg_id":16,"in_reply_to":20,"type":"AppendEntriesRes","res":true,"term":1,"next":1,"commit":0},"id":90}
DEBUG:root:received {"dest":"n4","src":"n5","body":{"msg_id":15,"in_reply_to":21,"type":"AppendEntriesRes","res":true,"term":1,"next":1,"commit":0},"id":91}
Exception in thread Thread-1:
Traceback (most recent call last):
  File "/usr/lib/python3.10/threading.py", line 1009, in _bootstrap_inner
    self.run()
  File "/usr/lib/python3.10/threading.py", line 1371, in run
    self.function(*self.args, **self.kwargs)
TypeError: election_checker() missing 2 required positional arguments: 'min_time' and 'max_time'
DEBUG:root:received {"dest":"n4","src":"n1","body":{"msg_id":22,"type":"AppendEntries","term":1,"prevIndex":0,"prevTerm":0,"entries":[[["pass",null],0]],"commit":0},"id":96}
DEBUG:root:sending {"dest": "n1", "src": "n4", "body": {"msg_id": 22, "in_reply_to": 22, "type": "AppendEntriesRes", "res": true, "term": 1, "next": 1, "commit": 0}}
DEBUG:root:received {"dest":"n4","src":"n1","body":{"msg_id":26,"type":"AppendEntries","term":1,"entries":[[["cas",[0,[0,0]]],1]],"prevIndex":0,"prevTerm":0,"commit":0},"id":105}
DEBUG:root:sending {"dest": "n1", "src": "n4", "body": {"msg_id": 23, "in_reply_to": 26, "type": "AppendEntriesRes", "res": true, "term": 1, "next": 1, "commit": 0}}
DEBUG:root:sending {"dest": "n1", "src": "n4", "body": {"msg_id": 24, "type": "AppendEntries", "term": 1, "prevIndex": 0, "prevTerm": 0, "entries": [[["pass", null], 0]], "commit": 0}}
DEBUG:root:sending {"dest": "n2", "src": "n4", "body": {"msg_id": 25, "type": "AppendEntries", "term": 1, "prevIndex": 0, "prevTerm": 0, "entries": [[["pass", null], 0]], "commit": 0}}
DEBUG:root:sending {"dest": "n3", "src": "n4", "body": {"msg_id": 26, "type": "AppendEntries", "term": 1, "prevIndex": 0, "prevTerm": 0, "entries": [[["pass", null], 0]], "commit": 0}}
DEBUG:root:sending {"dest": "n5", "src": "n4", "body": {"msg_id": 27, "type": "AppendEntries", "term": 1, "prevIndex": 0, "prevTerm": 0, "entries": [[["pass", null], 0]], "commit": 0}}
DEBUG:root:received {"dest":"n4","src":"n1","body":{"msg_id":28,"in_reply_to":24,"type":"AppendEntriesRes","res":true,"term":1,"next":2,"commit":0},"id":115}
DEBUG:root:received {"dest":"n4","src":"n2","body":{"msg_id":19,"in_reply_to":25,"type":"AppendEntriesRes","res":true,"term":1,"next":1,"commit":0},"id":116}
DEBUG:root:received {"dest":"n4","src":"n3","body":{"msg_id":19,"in_reply_to":26,"type":"AppendEntriesRes","res":true,"term":1,"next":1,"commit":0},"id":117}
DEBUG:root:received {"dest":"n4","src":"n5","body":{"msg_id":18,"in_reply_to":27,"type":"AppendEntriesRes","res":true,"term":1,"next":1,"commit":0},"id":118}
DEBUG:root:received {"dest":"n4","src":"n1","body":{"msg_id":31,"type":"AppendEntries","term":1,"prevIndex":0,"prevTerm":0,"entries":[[["pass",null],0],[["cas",[0,[0,0]]],1]],"commit":0},"id":122}
DEBUG:root:sending {"dest": "n1", "src": "n4", "body": {"msg_id": 28, "in_reply_to": 31, "type": "AppendEntriesRes", "res": true, "term": 1, "next": 1, "commit": 0}}
DEBUG:root:received {"dest":"n4","body":{"key":0,"type":"read","msg_id":1},"src":"c14","id":129}
DEBUG:root:sending {"dest": "c14", "src": "n4", "body": {"msg_id": 29, "in_reply_to": 1, "type": "error", "code": 20, "text": "Invalid Key"}}
DEBUG:root:received {"dest":"n4","src":"n1","body":{"msg_id":35,"type":"AppendEntries","term":1,"prevIndex":0,"prevTerm":0,"entries":[[["pass",null],0],[["cas",[0,[0,0]]],1]],"commit":0},"id":133}
DEBUG:root:sending {"dest": "n1", "src": "n4", "body": {"msg_id": 30, "in_reply_to": 35, "type": "AppendEntriesRes", "res": true, "term": 1, "next": 1, "commit": 0}}
Exception in thread Thread-5:
Traceback (most recent call last):
  File "/usr/lib/python3.10/threading.py", line 1009, in _bootstrap_inner
    self.run()
  File "/usr/lib/python3.10/threading.py", line 1371, in run
    self.function(*self.args, **self.kwargs)
  File "/home/peter/Documents/tf/lab3/raft.py", line 126, in recursive_heartbeats
    heartbeat(dest)
  File "/home/peter/Documents/tf/lab3/raft.py", line 116, in heartbeat
    prevTerm=log[nextIndex[dest]-1][1]
IndexError: list index out of range
DEBUG:root:received {"dest":"n4","src":"n1","body":{"msg_id":39,"type":"AppendEntries","term":1,"prevIndex":0,"prevTerm":0,"entries":[[["pass",null],0],[["cas",[0,[0,0]]],1]],"commit":0},"id":145}
DEBUG:root:sending {"dest": "n1", "src": "n4", "body": {"msg_id": 31, "in_reply_to": 39, "type": "AppendEntriesRes", "res": true, "term": 1, "next": 1, "commit": 0}}
DEBUG:root:received {"dest":"n4","src":"n1","body":{"msg_id":43,"type":"AppendEntries","term":1,"prevIndex":0,"prevTerm":0,"entries":[[["pass",null],0],[["cas",[0,[0,0]]],1]],"commit":0},"id":155}
DEBUG:root:sending {"dest": "n1", "src": "n4", "body": {"msg_id": 32, "in_reply_to": 43, "type": "AppendEntriesRes", "res": true, "term": 1, "next": 1, "commit": 0}}
DEBUG:root:received {"dest":"n4","body":{"key":1,"from":4,"to":4,"type":"cas","msg_id":1},"src":"c18","id":158}
DEBUG:root:sending {"dest": "n2", "src": "n4", "body": {"msg_id": 33, "type": "AppendEntries", "term": 1, "entries": [[["cas", [1, [4, 4]]], 1]], "prevIndex": 0, "prevTerm": 0, "commit": 0}}
DEBUG:root:sending {"dest": "n3", "src": "n4", "body": {"msg_id": 34, "type": "AppendEntries", "term": 1, "entries": [[["cas", [1, [4, 4]]], 1]], "prevIndex": 0, "prevTerm": 0, "commit": 0}}
DEBUG:root:sending {"dest": "n5", "src": "n4", "body": {"msg_id": 35, "type": "AppendEntries", "term": 1, "entries": [[["cas", [1, [4, 4]]], 1]], "prevIndex": 0, "prevTerm": 0, "commit": 0}}
DEBUG:root:received {"dest":"n4","src":"n2","body":{"msg_id":25,"in_reply_to":33,"type":"AppendEntriesRes","res":true,"term":1,"next":1,"commit":0},"id":165}
DEBUG:root:received {"dest":"n4","src":"n5","body":{"msg_id":25,"in_reply_to":35,"type":"AppendEntriesRes","res":true,"term":1,"next":1,"commit":0},"id":166}
DEBUG:root:received {"dest":"n4","src":"n3","body":{"msg_id":25,"in_reply_to":34,"type":"AppendEntriesRes","res":true,"term":1,"next":1,"commit":0},"id":167}
DEBUG:root:received {"dest":"n4","src":"n1","body":{"msg_id":47,"type":"AppendEntries","term":1,"prevIndex":0,"prevTerm":0,"entries":[[["pass",null],0],[["cas",[0,[0,0]]],1]],"commit":0},"id":170}
DEBUG:root:sending {"dest": "n1", "src": "n4", "body": {"msg_id": 36, "in_reply_to": 47, "type": "AppendEntriesRes", "res": true, "term": 1, "next": 2, "commit": 0}}
DEBUG:root:received {"dest":"n4","src":"n1","body":{"msg_id":51,"type":"AppendEntries","term":1,"prevIndex":1,"prevTerm":1,"entries":[[["pass",null],0],[["cas",[0,[0,0]]],1]],"commit":0},"id":178}
DEBUG:root:sending {"dest": "n1", "src": "n4", "body": {"msg_id": 37, "in_reply_to": 51, "type": "AppendEntriesRes", "res": true, "term": 1, "next": 2, "commit": 0}}
DEBUG:root:received {"dest":"n4","src":"n1","body":{"msg_id":55,"type":"AppendEntries","term":1,"prevIndex":1,"prevTerm":1,"entries":[[["pass",null],0],[["cas",[0,[0,0]]],1]],"commit":0},"id":186}
DEBUG:root:sending {"dest": "n1", "src": "n4", "body": {"msg_id": 38, "in_reply_to": 55, "type": "AppendEntriesRes", "res": true, "term": 1, "next": 2, "commit": 0}}
