DEBUG:root:received {"dest":"n5","body":{"type":"init","node_id":"n5","node_ids":["n1","n2","n3","n4","n5"],"msg_id":1},"src":"c1","id":1}
INFO:root:node n5 initialized
DEBUG:root:sending {"dest": "c1", "src": "n5", "body": {"msg_id": 1, "in_reply_to": 1, "type": "init_ok"}}
DEBUG:root:sending {"dest": "n1", "src": "n5", "body": {"msg_id": 2, "type": "RequestVote", "term": 1, "prevLogIndex": 0, "lastLogTerm": 0, "candidateId": "n5"}}
DEBUG:root:sending {"dest": "n2", "src": "n5", "body": {"msg_id": 3, "type": "RequestVote", "term": 1, "prevLogIndex": 0, "lastLogTerm": 0, "candidateId": "n5"}}
DEBUG:root:sending {"dest": "n3", "src": "n5", "body": {"msg_id": 4, "type": "RequestVote", "term": 1, "prevLogIndex": 0, "lastLogTerm": 0, "candidateId": "n5"}}
DEBUG:root:sending {"dest": "n4", "src": "n5", "body": {"msg_id": 5, "type": "RequestVote", "term": 1, "prevLogIndex": 0, "lastLogTerm": 0, "candidateId": "n5"}}
DEBUG:root:sending {"dest": "n5", "src": "n5", "body": {"msg_id": 6, "type": "RequestVote", "term": 1, "prevLogIndex": 0, "lastLogTerm": 0, "candidateId": "n5"}}
DEBUG:root:received {"dest":"n5","src":"n1","body":{"msg_id":5,"type":"AppendEntries","term":0,"prevIndex":0,"prevTerm":0,"entries":[[["pass",null],0]],"commit":0},"id":22}
DEBUG:root:received {"dest":"n5","src":"n4","body":{"msg_id":6,"type":"RequestVote","term":1,"prevLogIndex":0,"lastLogTerm":0,"candidateId":"n4"},"id":23}
DEBUG:root:received {"dest":"n5","src":"n2","body":{"msg_id":6,"type":"RequestVote","term":1,"prevLogIndex":0,"lastLogTerm":0,"candidateId":"n2"},"id":25}
DEBUG:root:sending {"dest": "n1", "src": "n5", "body": {"msg_id": 7, "in_reply_to": 5, "type": "AppendEntriesRes", "res": false, "term": 1}}
DEBUG:root:sending {"dest": "n4", "src": "n5", "body": {"msg_id": 8, "in_reply_to": 6, "type": "RequestVoteRes", "term": 1, "res": true}}
DEBUG:root:received {"dest":"n5","src":"n5","body":{"msg_id":6,"type":"RequestVote","term":1,"prevLogIndex":0,"lastLogTerm":0,"candidateId":"n5"},"id":35}
DEBUG:root:received {"dest":"n5","src":"n3","body":{"msg_id":6,"type":"RequestVote","term":1,"prevLogIndex":0,"lastLogTerm":0,"candidateId":"n3"},"id":37}
DEBUG:root:received {"dest":"n5","src":"n1","body":{"msg_id":6,"in_reply_to":2,"type":"RequestVoteRes","term":1,"res":true},"id":39}
DEBUG:root:sending {"dest": "n2", "src": "n5", "body": {"msg_id": 9, "in_reply_to": 6, "type": "RequestVoteRes", "term": 1, "res": false}}
DEBUG:root:sending {"dest": "n5", "src": "n5", "body": {"msg_id": 10, "in_reply_to": 6, "type": "RequestVoteRes", "term": 1, "res": false}}
DEBUG:root:received {"dest":"n5","src":"n2","body":{"msg_id":10,"in_reply_to":3,"type":"RequestVoteRes","term":1,"res":false},"id":47}
DEBUG:root:received {"dest":"n5","src":"n4","body":{"msg_id":10,"in_reply_to":5,"type":"RequestVoteRes","term":1,"res":false},"id":51}
DEBUG:root:received {"dest":"n5","src":"n1","body":{"msg_id":12,"type":"AppendEntries","term":1,"prevIndex":-1,"prevTerm":0,"entries":[[["pass",null],0]],"commit":0},"id":53}
DEBUG:root:sending {"dest": "n3", "src": "n5", "body": {"msg_id": 11, "in_reply_to": 6, "type": "RequestVoteRes", "term": 1, "res": false}}
DEBUG:root:received {"dest":"n5","src":"n5","body":{"msg_id":10,"in_reply_to":6,"type":"RequestVoteRes","term":1,"res":false},"id":54}
DEBUG:root:sending {"dest": "n1", "src": "n5", "body": {"msg_id": 12, "in_reply_to": 12, "type": "AppendEntriesRes", "res": true, "term": 1, "next": 1, "commit": 0}}
DEBUG:root:received {"dest":"n5","src":"n4","body":{"msg_id":16,"type":"AppendEntries","term":1,"prevIndex":0,"prevTerm":0,"entries":[[["pass",null],0]],"commit":0},"id":66}
DEBUG:root:sending {"dest": "n4", "src": "n5", "body": {"msg_id": 13, "in_reply_to": 16, "type": "AppendEntriesRes", "res": true, "term": 1, "next": 1, "commit": 0}}
DEBUG:root:received {"dest":"n5","src":"n3","body":{"msg_id":10,"in_reply_to":4,"type":"RequestVoteRes","term":1,"res":false},"id":70}
DEBUG:root:received {"dest":"n5","src":"n1","body":{"msg_id":18,"type":"AppendEntries","term":1,"prevIndex":0,"prevTerm":0,"entries":[[["pass",null],0]],"commit":0},"id":80}
DEBUG:root:sending {"dest": "n1", "src": "n5", "body": {"msg_id": 14, "in_reply_to": 18, "type": "AppendEntriesRes", "res": true, "term": 1, "next": 1, "commit": 0}}
DEBUG:root:received {"dest":"n5","src":"n4","body":{"msg_id":21,"type":"AppendEntries","term":1,"prevIndex":0,"prevTerm":0,"entries":[[["pass",null],0]],"commit":0},"id":88}
DEBUG:root:sending {"dest": "n4", "src": "n5", "body": {"msg_id": 15, "in_reply_to": 21, "type": "AppendEntriesRes", "res": true, "term": 1, "next": 1, "commit": 0}}
Exception in thread Thread-1:
Traceback (most recent call last):
  File "/usr/lib/python3.10/threading.py", line 1009, in _bootstrap_inner
    self.run()
  File "/usr/lib/python3.10/threading.py", line 1371, in run
    self.function(*self.args, **self.kwargs)
TypeError: election_checker() missing 2 required positional arguments: 'min_time' and 'max_time'
DEBUG:root:received {"dest":"n5","src":"n1","body":{"msg_id":23,"type":"AppendEntries","term":1,"prevIndex":0,"prevTerm":0,"entries":[[["pass",null],0]],"commit":0},"id":97}
DEBUG:root:sending {"dest": "n1", "src": "n5", "body": {"msg_id": 16, "in_reply_to": 23, "type": "AppendEntriesRes", "res": true, "term": 1, "next": 1, "commit": 0}}
DEBUG:root:received {"dest":"n5","src":"n1","body":{"msg_id":27,"type":"AppendEntries","term":1,"entries":[[["cas",[0,[0,0]]],1]],"prevIndex":0,"prevTerm":0,"commit":0},"id":107}
DEBUG:root:sending {"dest": "n1", "src": "n5", "body": {"msg_id": 17, "in_reply_to": 27, "type": "AppendEntriesRes", "res": true, "term": 1, "next": 1, "commit": 0}}
DEBUG:root:received {"dest":"n5","src":"n4","body":{"msg_id":27,"type":"AppendEntries","term":1,"prevIndex":0,"prevTerm":0,"entries":[[["pass",null],0]],"commit":0},"id":114}
DEBUG:root:sending {"dest": "n4", "src": "n5", "body": {"msg_id": 18, "in_reply_to": 27, "type": "AppendEntriesRes", "res": true, "term": 1, "next": 1, "commit": 0}}
DEBUG:root:received {"dest":"n5","body":{"key":0,"from":3,"to":0,"type":"cas","msg_id":1},"src":"c13","id":120}
DEBUG:root:sending {"dest": "c13", "src": "n5", "body": {"msg_id": 19, "in_reply_to": 1, "type": "error", "code": 11, "text": "Not Leader"}}
DEBUG:root:received {"dest":"n5","src":"n1","body":{"msg_id":32,"type":"AppendEntries","term":1,"prevIndex":0,"prevTerm":0,"entries":[[["pass",null],0],[["cas",[0,[0,0]]],1]],"commit":0},"id":123}
DEBUG:root:sending {"dest": "n1", "src": "n5", "body": {"msg_id": 20, "in_reply_to": 32, "type": "AppendEntriesRes", "res": true, "term": 1, "next": 1, "commit": 0}}
DEBUG:root:received {"dest":"n5","src":"n1","body":{"msg_id":36,"type":"AppendEntries","term":1,"prevIndex":0,"prevTerm":0,"entries":[[["pass",null],0],[["cas",[0,[0,0]]],1]],"commit":0},"id":134}
DEBUG:root:sending {"dest": "n1", "src": "n5", "body": {"msg_id": 21, "in_reply_to": 36, "type": "AppendEntriesRes", "res": true, "term": 1, "next": 1, "commit": 0}}
DEBUG:root:received {"dest":"n5","src":"n1","body":{"msg_id":40,"type":"AppendEntries","term":1,"prevIndex":0,"prevTerm":0,"entries":[[["pass",null],0],[["cas",[0,[0,0]]],1]],"commit":0},"id":146}
DEBUG:root:sending {"dest": "n1", "src": "n5", "body": {"msg_id": 22, "in_reply_to": 40, "type": "AppendEntriesRes", "res": true, "term": 1, "next": 1, "commit": 0}}
DEBUG:root:received {"dest":"n5","body":{"key":0,"type":"read","msg_id":1},"src":"c17","id":151}
DEBUG:root:sending {"dest": "c17", "src": "n5", "body": {"msg_id": 23, "in_reply_to": 1, "type": "error", "code": 11, "text": "Not Leader"}}
DEBUG:root:received {"dest":"n5","src":"n1","body":{"msg_id":44,"type":"AppendEntries","term":1,"prevIndex":0,"prevTerm":0,"entries":[[["pass",null],0],[["cas",[0,[0,0]]],1]],"commit":0},"id":156}
DEBUG:root:sending {"dest": "n1", "src": "n5", "body": {"msg_id": 24, "in_reply_to": 44, "type": "AppendEntriesRes", "res": true, "term": 1, "next": 1, "commit": 0}}
DEBUG:root:received {"dest":"n5","src":"n4","body":{"msg_id":35,"type":"AppendEntries","term":1,"entries":[[["cas",[1,[4,4]]],1]],"prevIndex":0,"prevTerm":0,"commit":0},"id":164}
DEBUG:root:sending {"dest": "n4", "src": "n5", "body": {"msg_id": 25, "in_reply_to": 35, "type": "AppendEntriesRes", "res": true, "term": 1, "next": 1, "commit": 0}}
DEBUG:root:received {"dest":"n5","src":"n1","body":{"msg_id":48,"type":"AppendEntries","term":1,"prevIndex":0,"prevTerm":0,"entries":[[["pass",null],0],[["cas",[0,[0,0]]],1]],"commit":0},"id":171}
DEBUG:root:sending {"dest": "n1", "src": "n5", "body": {"msg_id": 26, "in_reply_to": 48, "type": "AppendEntriesRes", "res": true, "term": 1, "next": 1, "commit": 0}}
DEBUG:root:received {"dest":"n5","src":"n1","body":{"msg_id":52,"type":"AppendEntries","term":1,"prevIndex":0,"prevTerm":0,"entries":[[["pass",null],0],[["cas",[0,[0,0]]],1]],"commit":0},"id":179}
DEBUG:root:sending {"dest": "n1", "src": "n5", "body": {"msg_id": 27, "in_reply_to": 52, "type": "AppendEntriesRes", "res": true, "term": 1, "next": 1, "commit": 0}}
DEBUG:root:received {"dest":"n5","src":"n1","body":{"msg_id":56,"type":"AppendEntries","term":1,"prevIndex":0,"prevTerm":0,"entries":[[["pass",null],0],[["cas",[0,[0,0]]],1]],"commit":0},"id":187}
DEBUG:root:sending {"dest": "n1", "src": "n5", "body": {"msg_id": 28, "in_reply_to": 56, "type": "AppendEntriesRes", "res": true, "term": 1, "next": 1, "commit": 0}}
