2022-05-04 13:40:38,100{GMT}	INFO	[jepsen test runner] jepsen.core: Test version 99e6fb2a3505fae4b1987d97b445a48b7ad1f664 (plus uncommitted changes)
2022-05-04 13:40:38,100{GMT}	INFO	[jepsen test runner] jepsen.core: Command line:
lein run test --bin raft.py --workload lin-kv --time-limit 2 --concurrency 4n
2022-05-04 13:40:38,153{GMT}	INFO	[jepsen test runner] jepsen.core: Running test:
{:remote #jepsen.control.SSHRemote{:session nil}
 :log-net-send false
 :node-count nil
 :max-txn-length 4
 :concurrency 20
 :db
 #object[maelstrom.db$db$reify__16747
         "0xcf0e8b4"
         "maelstrom.db$db$reify__16747@cf0e8b4"]
 :max-writes-per-key 16
 :leave-db-running? false
 :name "lin-kv"
 :logging-json? false
 :net-journal #object[clojure.lang.Atom "0x51a7ee4e" {:status :ready, :val []}]
 :start-time
 #object[org.joda.time.DateTime "0x424c8ebe" "2022-05-04T13:40:38.000+01:00"]
 :nemesis-interval 10
 :net
 #object[maelstrom.net$jepsen_adapter$reify__15560
         "0x7aafac17"
         "maelstrom.net$jepsen_adapter$reify__15560@7aafac17"]
 :client
 #object[maelstrom.workload.lin_kv$client$reify__17524
         "0x3054551f"
         "maelstrom.workload.lin_kv$client$reify__17524@3054551f"]
 :barrier
 #object[java.util.concurrent.CyclicBarrier
         "0x6b8cfbeb"
         "java.util.concurrent.CyclicBarrier@6b8cfbeb"]
 :log-stderr false
 :pure-generators true
 :ssh {:dummy? true}
 :rate 5
 :checker
 #object[jepsen.checker$compose$reify__8612
         "0x4603845b"
         "jepsen.checker$compose$reify__8612@4603845b"]
 :argv
 ("test"
  "--bin"
  "raft.py"
  "--workload"
  "lin-kv"
  "--time-limit"
  "2"
  "--concurrency"
  "4n")
 :nemesis
 (jepsen.nemesis.ReflCompose
  {:fm {:start-partition 0,
        :stop-partition 0,
        :kill 1,
        :start 1,
        :pause 1,
        :resume 1},
   :nemeses [#unprintable "jepsen.nemesis.combined$partition_nemesis$reify__17019@414b5798"
             #unprintable "jepsen.nemesis.combined$db_nemesis$reify__17000@53251e03"]})
 :active-histories
 #object[clojure.lang.Atom "0x5ffae42f" {:status :ready, :val #{}}]
 :nodes ["n1" "n2" "n3" "n4" "n5"]
 :test-count 1
 :latency {:mean 0, :dist :constant}
 :bin "raft.py"
 :generator
 (jepsen.generator.TimeLimit
  {:limit 2000000000,
   :cutoff nil,
   :gen (jepsen.generator.Any
         {:gens [(jepsen.generator.OnThreads {:f #{:nemesis}, :gen nil})
                 (jepsen.generator.OnThreads
                  {:f #object[clojure.core$complement$fn__5654
                              "0x3eff5c32"
                              "clojure.core$complement$fn__5654@3eff5c32"],
                   :gen (jepsen.generator.Stagger
                         {:dt 400000000,
                          :next-time nil,
                          :gen (jepsen.generator.OnThreads
                                {:f #object[clojure.core$complement$fn__5654
                                            "0x79d538c1"
                                            "clojure.core$complement$fn__5654@79d538c1"],
                                 :gen (jepsen.independent.ConcurrentGenerator
                                       {:n 10,
                                        :fgen #object[jepsen.tests.linearizable_register$test$fn__17324
                                                      "0x31e08c61"
                                                      "jepsen.tests.linearizable_register$test$fn__17324@31e08c61"],
                                        :group->threads nil,
                                        :thread->group nil,
                                        :keys (0 1 2 3 4 5 6 7 ...),
                                        :gens nil})})})})]})})
 :log-net-recv false
 :os
 #object[jepsen.os$reify__2490 "0x2db15764" "jepsen.os$reify__2490@2db15764"]
 :time-limit 2
 :workload :lin-kv
 :consistency-models [:strict-serializable]
 :topology :grid}

2022-05-04 13:40:38,161{GMT}	INFO	[jepsen test runner] jepsen.db: Tearing down DB
2022-05-04 13:40:38,163{GMT}	INFO	[jepsen test runner] jepsen.db: Setting up DB
2022-05-04 13:40:38,165{GMT}	INFO	[jepsen node n5] maelstrom.db: Setting up n5
2022-05-04 13:40:38,165{GMT}	INFO	[jepsen node n4] maelstrom.db: Setting up n4
2022-05-04 13:40:38,165{GMT}	INFO	[jepsen node n3] maelstrom.db: Setting up n3
2022-05-04 13:40:38,165{GMT}	INFO	[jepsen node n2] maelstrom.db: Setting up n2
2022-05-04 13:40:38,165{GMT}	INFO	[jepsen node n5] maelstrom.process: launching raft.py nil
2022-05-04 13:40:38,165{GMT}	INFO	[jepsen node n3] maelstrom.process: launching raft.py nil
2022-05-04 13:40:38,165{GMT}	INFO	[jepsen node n2] maelstrom.process: launching raft.py nil
2022-05-04 13:40:38,166{GMT}	INFO	[jepsen node n4] maelstrom.process: launching raft.py nil
2022-05-04 13:40:38,167{GMT}	INFO	[jepsen node n1] maelstrom.service: Starting services: (lin-kv lin-tso lww-kv seq-kv)
2022-05-04 13:40:38,169{GMT}	INFO	[jepsen node n1] maelstrom.db: Setting up n1
2022-05-04 13:40:38,170{GMT}	INFO	[jepsen node n1] maelstrom.process: launching raft.py nil
2022-05-04 13:40:38,244{GMT}	INFO	[jepsen test runner] jepsen.core: Relative time begins now
2022-05-04 13:40:38,274{GMT}	INFO	[jepsen worker 0] jepsen.util: 0	:invoke	:read	[0 nil]
2022-05-04 13:40:38,281{GMT}	INFO	[jepsen worker 0] jepsen.util: 0	:fail	:read	[0 nil]	[:unknown "Invalid Key"]
2022-05-04 13:40:38,380{GMT}	INFO	[jepsen worker 5] jepsen.util: 5	:invoke	:cas	[0 [4 2]]
2022-05-04 13:40:38,722{GMT}	INFO	[jepsen worker 13] jepsen.util: 13	:invoke	:write	[1 2]
2022-05-04 13:40:38,737{GMT}	INFO	[jepsen worker 13] jepsen.util: 13	:info	:write	[1 2]	[:unknown "Not Leader"]
2022-05-04 13:40:38,903{GMT}	INFO	[jepsen worker 11] jepsen.util: 11	:invoke	:cas	[1 [3 3]]
2022-05-04 13:40:38,938{GMT}	INFO	[jepsen worker 11] jepsen.util: 11	:info	:cas	[1 [3 3]]	[:unknown "Not Leader"]
2022-05-04 13:40:39,141{GMT}	INFO	[jepsen worker 1] jepsen.util: 1	:invoke	:read	[0 nil]
2022-05-04 13:40:39,142{GMT}	INFO	[jepsen worker 1] jepsen.util: 1	:fail	:read	[0 nil]	[:unknown "Not Leader"]
2022-05-04 13:40:39,153{GMT}	INFO	[jepsen worker 10] jepsen.util: 10	:invoke	:cas	[1 [4 1]]
2022-05-04 13:40:39,293{GMT}	INFO	[jepsen worker 15] jepsen.util: 15	:invoke	:cas	[1 [3 1]]
2022-05-04 13:40:39,379{GMT}	INFO	[Jepsen shutdown hook] jepsen.core: Downloading DB logs before JVM shutdown...
2022-05-04 13:40:39,381{GMT}	INFO	[jepsen worker 5] jepsen.util: 5	:info	:cas	[0 [4 2]]	:net-timeout
