DEBUG:root:received {"dest":"n2","body":{"type":"init","node_id":"n2","node_ids":["n1","n2","n3","n4","n5"],"msg_id":1},"src":"c0","id":0}
INFO:root:node n2 initialized
DEBUG:root:sending {"dest": "c0", "src": "n2", "body": {"msg_id": 1, "in_reply_to": 1, "type": "init_ok"}}
INFO:root:node
n1
current time
1651673107576528280
node_time
1651673107576509898
dif
18382
True

INFO:root:LEADER IS DEAD bit of a aldrabation tho 
n1

INFO:root:lead is dead

INFO:root:starting new elections, new term
1
sec, min max hb
0.38546179946544656
0.3333333333333333
0.5

INFO:root:Requesting new Vote

DEBUG:root:sending {"dest": "n1", "src": "n2", "body": {"msg_id": 2, "type": "RequestVote", "term": 1, "prevLogIndex": 0, "lastLogTerm": 0, "candidateId": "n2"}}
DEBUG:root:sending {"dest": "n2", "src": "n2", "body": {"msg_id": 3, "type": "RequestVote", "term": 1, "prevLogIndex": 0, "lastLogTerm": 0, "candidateId": "n2"}}
DEBUG:root:sending {"dest": "n3", "src": "n2", "body": {"msg_id": 4, "type": "RequestVote", "term": 1, "prevLogIndex": 0, "lastLogTerm": 0, "candidateId": "n2"}}
DEBUG:root:sending {"dest": "n4", "src": "n2", "body": {"msg_id": 5, "type": "RequestVote", "term": 1, "prevLogIndex": 0, "lastLogTerm": 0, "candidateId": "n2"}}
DEBUG:root:sending {"dest": "n5", "src": "n2", "body": {"msg_id": 6, "type": "RequestVote", "term": 1, "prevLogIndex": 0, "lastLogTerm": 0, "candidateId": "n2"}}
DEBUG:root:received {"dest":"n2","src":"n2","body":{"msg_id":3,"type":"RequestVote","term":1,"prevLogIndex":0,"lastLogTerm":0,"candidateId":"n2"},"id":9}
INFO:root:voting for myself
n2
at time
1651673107597575797
nr votes
0

DEBUG:root:sending {"dest": "n2", "src": "n2", "body": {"msg_id": 7, "in_reply_to": 3, "type": "RequestVoteRes", "term": 1, "res": true}}
DEBUG:root:received {"dest":"n2","src":"n2","body":{"msg_id":7,"in_reply_to":3,"type":"RequestVoteRes","term":1,"res":true},"id":13}
INFO:root:Got a response to the vote Request #475

INFO:root:node id:
n2
leader
n1
kvsotr
{}
cur term
1
log 
[(('pass', None), 0)]
commit indez e last applied
0
0
candidate, votes, voted for
True
0
n2
timeout dict
{'n1': 1651673107576509898, 'n2': 1651673107604310838, 'n3': 1651673107576509898, 'n4': 1651673107576509898, 'n5': 1651673107576509898}
curr time
1651673107604612682

INFO:root:resposta
True
majority
3

INFO:root:antes  #487
0

INFO:root:depois  #489
1

DEBUG:root:received {"dest":"n2","src":"n5","body":{"msg_id":2,"in_reply_to":6,"type":"RequestVoteRes","term":1,"res":true},"id":14}
DEBUG:root:received {"dest":"n2","src":"n4","body":{"msg_id":2,"in_reply_to":5,"type":"RequestVoteRes","term":1,"res":true},"id":15}
INFO:root:Got a response to the vote Request #475

INFO:root:node id:
n2
leader
n1
kvsotr
{}
cur term
1
log 
[(('pass', None), 0)]
commit indez e last applied
0
0
candidate, votes, voted for
True
1
n2
timeout dict
{'n1': 1651673107576509898, 'n2': 1651673107604310838, 'n3': 1651673107576509898, 'n4': 1651673107576509898, 'n5': 1651673107609482428}
curr time
1651673107609699624

INFO:root:resposta
True
majority
3

INFO:root:antes  #487
1

INFO:root:depois  #489
2

INFO:root:Got a response to the vote Request #475

INFO:root:node id:
n2
leader
n1
kvsotr
{}
cur term
1
log 
[(('pass', None), 0)]
commit indez e last applied
0
0
candidate, votes, voted for
True
2
n2
timeout dict
{'n1': 1651673107576509898, 'n2': 1651673107604310838, 'n3': 1651673107576509898, 'n4': 1651673107610501869, 'n5': 1651673107609482428}
curr time
1651673107610662896

INFO:root:resposta
True
majority
3

INFO:root:antes  #487
2

INFO:root:depois  #489
3

INFO:root:became leader
log
[(('pass', None), 0)]
match index
{'n1': 0, 'n2': 0, 'n3': 0, 'n4': 0, 'n5': 0}

INFO:root:vote ended, new leader is
n2

INFO:root:sending HB

INFO:root:HBdest
n1
nextIndex
{'n1': 1, 'n2': 1, 'n3': 1, 'n4': 1, 'n5': 1}
log
[(('pass', None), 0)]

DEBUG:root:sending {"dest": "n1", "src": "n2", "body": {"msg_id": 8, "type": "AppendEntries", "term": 1, "prevIndex": 0, "prevTerm": 0, "entries": [], "commit": 0}}
INFO:root:HBdest
n3
nextIndex
{'n1': 1, 'n2': 1, 'n3': 1, 'n4': 1, 'n5': 1}
log
[(('pass', None), 0)]

DEBUG:root:sending {"dest": "n3", "src": "n2", "body": {"msg_id": 9, "type": "AppendEntries", "term": 1, "prevIndex": 0, "prevTerm": 0, "entries": [], "commit": 0}}
INFO:root:HBdest
n4
nextIndex
{'n1': 1, 'n2': 1, 'n3': 1, 'n4': 1, 'n5': 1}
log
[(('pass', None), 0)]

DEBUG:root:sending {"dest": "n4", "src": "n2", "body": {"msg_id": 10, "type": "AppendEntries", "term": 1, "prevIndex": 0, "prevTerm": 0, "entries": [], "commit": 0}}
INFO:root:HBdest
n5
nextIndex
{'n1': 1, 'n2': 1, 'n3': 1, 'n4': 1, 'n5': 1}
log
[(('pass', None), 0)]

DEBUG:root:sending {"dest": "n5", "src": "n2", "body": {"msg_id": 11, "type": "AppendEntries", "term": 1, "prevIndex": 0, "prevTerm": 0, "entries": [], "commit": 0}}
DEBUG:root:received {"dest":"n2","src":"n3","body":{"msg_id":2,"in_reply_to":4,"type":"RequestVoteRes","term":1,"res":true},"id":21}
INFO:root:Got a response to the vote Request #475

INFO:root:node id:
n2
leader
n2
kvsotr
{}
cur term
1
log 
[(('pass', None), 0)]
commit indez e last applied
0
0
candidate, votes, voted for
False
None
None
timeout dict
{'n1': 1651673107576509898, 'n2': 1651673107604310838, 'n3': 1651673107622637892, 'n4': 1651673107610501869, 'n5': 1651673107609482428}
curr time
1651673107622865041

INFO:root:resposta
True
majority
3

DEBUG:root:received {"dest":"n2","src":"n4","body":{"msg_id":3,"in_reply_to":10,"type":"AppendEntriesRes","res":true,"term":1,"next":1,"commit":0},"id":22}
DEBUG:root:received {"dest":"n2","src":"n5","body":{"msg_id":3,"in_reply_to":11,"type":"AppendEntriesRes","res":true,"term":1,"next":1,"commit":0},"id":23}
DEBUG:root:received {"dest":"n2","src":"n3","body":{"msg_id":3,"in_reply_to":9,"type":"AppendEntriesRes","res":true,"term":1,"next":1,"commit":0},"id":24}
INFO:root:sending HB

INFO:root:HBdest
n1
nextIndex
{'n1': 1, 'n2': 1, 'n3': 1, 'n4': 1, 'n5': 1}
log
[(('pass', None), 0)]

DEBUG:root:sending {"dest": "n1", "src": "n2", "body": {"msg_id": 12, "type": "AppendEntries", "term": 1, "prevIndex": 0, "prevTerm": 0, "entries": [], "commit": 0}}
INFO:root:HBdest
n3
nextIndex
{'n1': 1, 'n2': 1, 'n3': 1, 'n4': 1, 'n5': 1}
log
[(('pass', None), 0)]

DEBUG:root:sending {"dest": "n3", "src": "n2", "body": {"msg_id": 13, "type": "AppendEntries", "term": 1, "prevIndex": 0, "prevTerm": 0, "entries": [], "commit": 0}}
INFO:root:HBdest
n4
nextIndex
{'n1': 1, 'n2': 1, 'n3': 1, 'n4': 1, 'n5': 1}
log
[(('pass', None), 0)]

DEBUG:root:sending {"dest": "n4", "src": "n2", "body": {"msg_id": 14, "type": "AppendEntries", "term": 1, "prevIndex": 0, "prevTerm": 0, "entries": [], "commit": 0}}
INFO:root:HBdest
n5
nextIndex
{'n1': 1, 'n2': 1, 'n3': 1, 'n4': 1, 'n5': 1}
log
[(('pass', None), 0)]

DEBUG:root:sending {"dest": "n5", "src": "n2", "body": {"msg_id": 15, "type": "AppendEntries", "term": 1, "prevIndex": 0, "prevTerm": 0, "entries": [], "commit": 0}}
DEBUG:root:received {"dest":"n2","src":"n3","body":{"msg_id":4,"in_reply_to":13,"type":"AppendEntriesRes","res":true,"term":1,"next":1,"commit":0},"id":29}
DEBUG:root:received {"dest":"n2","src":"n4","body":{"msg_id":4,"in_reply_to":14,"type":"AppendEntriesRes","res":true,"term":1,"next":1,"commit":0},"id":30}
DEBUG:root:received {"dest":"n2","src":"n5","body":{"msg_id":4,"in_reply_to":15,"type":"AppendEntriesRes","res":true,"term":1,"next":1,"commit":0},"id":31}
DEBUG:root:received {"dest":"n2","src":"n1","body":{"msg_id":2,"type":"AppendEntries","term":0,"prevIndex":0,"prevTerm":0,"entries":[],"commit":0},"id":33}
DEBUG:root:sending {"dest": "n1", "src": "n2", "body": {"msg_id": 16, "in_reply_to": 2, "type": "AppendEntriesRes", "res": false, "term": 1}}
INFO:root:msg term
0
current term
1
log
[(('pass', None), 0)]
msg entries
[]

DEBUG:root:received {"dest":"n2","src":"n1","body":{"msg_id":6,"in_reply_to":2,"type":"RequestVoteRes","term":1,"res":true},"id":41}
INFO:root:Got a response to the vote Request #475

INFO:root:node id:
n2
leader
n2
kvsotr
{}
cur term
1
log 
[(('pass', None), 0)]
commit indez e last applied
0
0
candidate, votes, voted for
False
None
None
timeout dict
{'n1': 1651673107757184359, 'n2': 1651673107604310838, 'n3': 1651673107702923862, 'n4': 1651673107704935353, 'n5': 1651673107705043602}
curr time
1651673107757458083

INFO:root:resposta
True
majority
3

DEBUG:root:received {"dest":"n2","src":"n1","body":{"msg_id":7,"in_reply_to":8,"type":"AppendEntriesRes","res":true,"term":1,"next":1,"commit":0},"id":42}
DEBUG:root:received {"dest":"n2","src":"n1","body":{"msg_id":8,"in_reply_to":12,"type":"AppendEntriesRes","res":true,"term":1,"next":1,"commit":0},"id":43}
DEBUG:root:received {"dest":"n2","src":"n1","body":{"msg_id":9,"type":"AppendEntries","term":1,"prevIndex":-1,"prevTerm":0,"entries":[[["pass",null],0]],"commit":0},"id":44}
INFO:root:commiting command
[['pass', None], 0]

DEBUG:root:sending {"dest": "n1", "src": "n2", "body": {"msg_id": 17, "in_reply_to": 9, "type": "AppendEntriesRes", "res": true, "term": 1, "next": 2, "commit": 0}}
INFO:root:sending HB

INFO:root:HBdest
n1
nextIndex
{'n1': 1, 'n2': 1, 'n3': 1, 'n4': 1, 'n5': 1}
log
[(('pass', None), 0), [['pass', None], 0]]

DEBUG:root:sending {"dest": "n1", "src": "n2", "body": {"msg_id": 18, "type": "AppendEntries", "term": 1, "prevIndex": 0, "prevTerm": 0, "entries": [], "commit": 0}}
INFO:root:HBdest
n3
nextIndex
{'n1': 1, 'n2': 1, 'n3': 1, 'n4': 1, 'n5': 1}
log
[(('pass', None), 0), [['pass', None], 0]]

DEBUG:root:sending {"dest": "n3", "src": "n2", "body": {"msg_id": 19, "type": "AppendEntries", "term": 1, "prevIndex": 0, "prevTerm": 0, "entries": [], "commit": 0}}
INFO:root:HBdest
n4
nextIndex
{'n1': 1, 'n2': 1, 'n3': 1, 'n4': 1, 'n5': 1}
log
[(('pass', None), 0), [['pass', None], 0]]

DEBUG:root:sending {"dest": "n4", "src": "n2", "body": {"msg_id": 20, "type": "AppendEntries", "term": 1, "prevIndex": 0, "prevTerm": 0, "entries": [], "commit": 0}}
INFO:root:HBdest
n5
nextIndex
{'n1': 1, 'n2': 1, 'n3': 1, 'n4': 1, 'n5': 1}
log
[(('pass', None), 0), [['pass', None], 0]]

DEBUG:root:sending {"dest": "n5", "src": "n2", "body": {"msg_id": 21, "type": "AppendEntries", "term": 1, "prevIndex": 0, "prevTerm": 0, "entries": [], "commit": 0}}
DEBUG:root:received {"dest":"n2","src":"n4","body":{"msg_id":7,"in_reply_to":20,"type":"AppendEntriesRes","res":true,"term":1,"next":2,"commit":0},"id":56}
DEBUG:root:received {"dest":"n2","src":"n5","body":{"msg_id":7,"in_reply_to":21,"type":"AppendEntriesRes","res":true,"term":1,"next":2,"commit":0},"id":57}
DEBUG:root:received {"dest":"n2","src":"n3","body":{"msg_id":7,"in_reply_to":19,"type":"AppendEntriesRes","res":true,"term":1,"next":2,"commit":0},"id":58}
DEBUG:root:received {"dest":"n2","src":"n1","body":{"msg_id":13,"in_reply_to":18,"type":"AppendEntriesRes","res":true,"term":1,"next":1,"commit":0},"id":59}
INFO:root:election ended

INFO:root:sending HB

INFO:root:HBdest
n1
nextIndex
{'n1': 1, 'n2': 1, 'n3': 2, 'n4': 2, 'n5': 2}
log
[(('pass', None), 0), [['pass', None], 0]]

DEBUG:root:sending {"dest": "n1", "src": "n2", "body": {"msg_id": 22, "type": "AppendEntries", "term": 1, "prevIndex": 0, "prevTerm": 0, "entries": [], "commit": 0}}
INFO:root:HBdest
n3
nextIndex
{'n1': 1, 'n2': 1, 'n3': 2, 'n4': 2, 'n5': 2}
log
[(('pass', None), 0), [['pass', None], 0]]

DEBUG:root:sending {"dest": "n3", "src": "n2", "body": {"msg_id": 23, "type": "AppendEntries", "term": 1, "prevIndex": 1, "prevTerm": 0, "entries": [], "commit": 0}}
INFO:root:HBdest
n4
nextIndex
{'n1': 1, 'n2': 1, 'n3': 2, 'n4': 2, 'n5': 2}
log
[(('pass', None), 0), [['pass', None], 0]]

DEBUG:root:sending {"dest": "n4", "src": "n2", "body": {"msg_id": 24, "type": "AppendEntries", "term": 1, "prevIndex": 1, "prevTerm": 0, "entries": [], "commit": 0}}
INFO:root:HBdest
n5
nextIndex
{'n1': 1, 'n2': 1, 'n3': 2, 'n4': 2, 'n5': 2}
log
[(('pass', None), 0), [['pass', None], 0]]

DEBUG:root:sending {"dest": "n5", "src": "n2", "body": {"msg_id": 25, "type": "AppendEntries", "term": 1, "prevIndex": 1, "prevTerm": 0, "entries": [], "commit": 0}}
DEBUG:root:received {"dest":"n2","src":"n1","body":{"msg_id":14,"in_reply_to":22,"type":"AppendEntriesRes","res":true,"term":1,"next":1,"commit":0},"id":64}
DEBUG:root:received {"dest":"n2","src":"n4","body":{"msg_id":8,"in_reply_to":24,"type":"AppendEntriesRes","res":true,"term":1,"next":2,"commit":0},"id":65}
DEBUG:root:received {"dest":"n2","src":"n3","body":{"msg_id":8,"in_reply_to":23,"type":"AppendEntriesRes","res":true,"term":1,"next":2,"commit":0},"id":66}
DEBUG:root:received {"dest":"n2","src":"n4","body":{"msg_id":10,"type":"RequestVote","term":2,"prevLogIndex":1,"lastLogTerm":0,"candidateId":"n4"},"id":68}
DEBUG:root:received {"dest":"n2","src":"n5","body":{"msg_id":8,"in_reply_to":25,"type":"AppendEntriesRes","res":true,"term":1,"next":2,"commit":0},"id":71}
INFO:root:log atual
[(('pass', None), 0), [['pass', None], 0]]
prevlog index
1
 last log term
0

DEBUG:root:sending {"dest": "n4", "src": "n2", "body": {"msg_id": 26, "in_reply_to": 10, "type": "RequestVoteRes", "term": 2, "res": true}}
INFO:root:election started and voted vor
n4
at time
1651673107870378076

DEBUG:root:received {"dest":"n2","src":"n5","body":{"msg_id":11,"type":"RequestVote","term":2,"prevLogIndex":1,"lastLogTerm":0,"candidateId":"n5"},"id":78}
DEBUG:root:received {"dest":"n2","body":{"key":0,"value":1,"type":"write","msg_id":1},"src":"c10","id":81}
DEBUG:root:received {"dest":"n2","src":"n3","body":{"msg_id":11,"type":"RequestVote","term":2,"prevLogIndex":1,"lastLogTerm":0,"candidateId":"n3"},"id":85}
INFO:root:log atual
[(('pass', None), 0), [['pass', None], 0]]
prevlog index
1
 last log term
0

DEBUG:root:sending {"dest": "n5", "src": "n2", "body": {"msg_id": 27, "in_reply_to": 11, "type": "RequestVoteRes", "term": 2, "res": false}}
DEBUG:root:sending {"dest": "n1", "src": "n2", "body": {"msg_id": 28, "type": "AppendEntries", "term": 2, "entries": [[["pass", null], 0], [["write", [0, 1]], 2]], "prevIndex": 0, "prevTerm": 0, "commit": 0}}
DEBUG:root:sending {"dest": "n3", "src": "n2", "body": {"msg_id": 29, "type": "AppendEntries", "term": 2, "entries": [[["write", [0, 1]], 2]], "prevIndex": 1, "prevTerm": 0, "commit": 0}}
DEBUG:root:sending {"dest": "n4", "src": "n2", "body": {"msg_id": 30, "type": "AppendEntries", "term": 2, "entries": [[["write", [0, 1]], 2]], "prevIndex": 1, "prevTerm": 0, "commit": 0}}
DEBUG:root:sending {"dest": "n5", "src": "n2", "body": {"msg_id": 31, "type": "AppendEntries", "term": 2, "entries": [[["write", [0, 1]], 2]], "prevIndex": 1, "prevTerm": 0, "commit": 0}}
INFO:root:log atual
[(('pass', None), 0), [['pass', None], 0], (('write', (0, 1)), 2)]
prevlog index
1
 last log term
0

DEBUG:root:sending {"dest": "n3", "src": "n2", "body": {"msg_id": 32, "in_reply_to": 11, "type": "RequestVoteRes", "term": 2, "res": false}}
DEBUG:root:received {"dest":"n2","src":"n4","body":{"msg_id":17,"in_reply_to":30,"type":"AppendEntriesRes","res":true,"term":2,"next":3,"commit":0},"id":104}
DEBUG:root:received {"dest":"n2","src":"n3","body":{"msg_id":17,"in_reply_to":29,"type":"AppendEntriesRes","res":true,"term":2,"next":3,"commit":0},"id":103}
DEBUG:root:received {"dest":"n2","src":"n5","body":{"msg_id":17,"in_reply_to":31,"type":"AppendEntriesRes","res":true,"term":2,"next":3,"commit":0},"id":105}
INFO:root:sending HB

INFO:root:HBdest
n1
nextIndex
{'n1': 1, 'n2': 1, 'n3': 3, 'n4': 3, 'n5': 3}
log
[(('pass', None), 0), [['pass', None], 0], (('write', (0, 1)), 2)]

DEBUG:root:sending {"dest": "n1", "src": "n2", "body": {"msg_id": 33, "type": "AppendEntries", "term": 2, "prevIndex": 0, "prevTerm": 0, "entries": [], "commit": 0}}
INFO:root:HBdest
n3
nextIndex
{'n1': 1, 'n2': 1, 'n3': 3, 'n4': 3, 'n5': 3}
log
[(('pass', None), 0), [['pass', None], 0], (('write', (0, 1)), 2)]

DEBUG:root:sending {"dest": "n3", "src": "n2", "body": {"msg_id": 34, "type": "AppendEntries", "term": 2, "prevIndex": 2, "prevTerm": 2, "entries": [], "commit": 0}}
INFO:root:HBdest
n4
nextIndex
{'n1': 1, 'n2': 1, 'n3': 3, 'n4': 3, 'n5': 3}
log
[(('pass', None), 0), [['pass', None], 0], (('write', (0, 1)), 2)]

DEBUG:root:sending {"dest": "n4", "src": "n2", "body": {"msg_id": 35, "type": "AppendEntries", "term": 2, "prevIndex": 2, "prevTerm": 2, "entries": [], "commit": 0}}
INFO:root:HBdest
n5
nextIndex
{'n1': 1, 'n2': 1, 'n3': 3, 'n4': 3, 'n5': 3}
log
[(('pass', None), 0), [['pass', None], 0], (('write', (0, 1)), 2)]

DEBUG:root:sending {"dest": "n5", "src": "n2", "body": {"msg_id": 36, "type": "AppendEntries", "term": 2, "prevIndex": 2, "prevTerm": 2, "entries": [], "commit": 0}}
DEBUG:root:received {"dest":"n2","src":"n3","body":{"msg_id":18,"in_reply_to":34,"type":"AppendEntriesRes","res":true,"term":2,"next":3,"commit":0},"id":108}
DEBUG:root:received {"dest":"n2","src":"n5","body":{"msg_id":18,"in_reply_to":36,"type":"AppendEntriesRes","res":true,"term":2,"next":3,"commit":0},"id":111}
DEBUG:root:received {"dest":"n2","src":"n4","body":{"msg_id":18,"in_reply_to":35,"type":"AppendEntriesRes","res":true,"term":2,"next":3,"commit":0},"id":112}
INFO:root:sending HB

INFO:root:HBdest
n1
nextIndex
{'n1': 1, 'n2': 1, 'n3': 3, 'n4': 3, 'n5': 3}
log
[(('pass', None), 0), [['pass', None], 0], (('write', (0, 1)), 2)]

DEBUG:root:sending {"dest": "n1", "src": "n2", "body": {"msg_id": 37, "type": "AppendEntries", "term": 2, "prevIndex": 0, "prevTerm": 0, "entries": [], "commit": 0}}
INFO:root:HBdest
n3
nextIndex
{'n1': 1, 'n2': 1, 'n3': 3, 'n4': 3, 'n5': 3}
log
[(('pass', None), 0), [['pass', None], 0], (('write', (0, 1)), 2)]

DEBUG:root:sending {"dest": "n3", "src": "n2", "body": {"msg_id": 38, "type": "AppendEntries", "term": 2, "prevIndex": 2, "prevTerm": 2, "entries": [], "commit": 0}}
INFO:root:HBdest
n4
nextIndex
{'n1': 1, 'n2': 1, 'n3': 3, 'n4': 3, 'n5': 3}
log
[(('pass', None), 0), [['pass', None], 0], (('write', (0, 1)), 2)]

DEBUG:root:sending {"dest": "n4", "src": "n2", "body": {"msg_id": 39, "type": "AppendEntries", "term": 2, "prevIndex": 2, "prevTerm": 2, "entries": [], "commit": 0}}
INFO:root:HBdest
n5
nextIndex
{'n1': 1, 'n2': 1, 'n3': 3, 'n4': 3, 'n5': 3}
log
[(('pass', None), 0), [['pass', None], 0], (('write', (0, 1)), 2)]

DEBUG:root:sending {"dest": "n5", "src": "n2", "body": {"msg_id": 40, "type": "AppendEntries", "term": 2, "prevIndex": 2, "prevTerm": 2, "entries": [], "commit": 0}}
DEBUG:root:received {"dest":"n2","src":"n3","body":{"msg_id":19,"in_reply_to":38,"type":"AppendEntriesRes","res":true,"term":2,"next":3,"commit":0},"id":117}
DEBUG:root:received {"dest":"n2","src":"n4","body":{"msg_id":19,"in_reply_to":39,"type":"AppendEntriesRes","res":true,"term":2,"next":3,"commit":0},"id":118}
DEBUG:root:received {"dest":"n2","src":"n5","body":{"msg_id":19,"in_reply_to":40,"type":"AppendEntriesRes","res":true,"term":2,"next":3,"commit":0},"id":119}
INFO:root:sending HB

INFO:root:HBdest
n1
nextIndex
{'n1': 1, 'n2': 1, 'n3': 3, 'n4': 3, 'n5': 3}
log
[(('pass', None), 0), [['pass', None], 0], (('write', (0, 1)), 2)]

DEBUG:root:sending {"dest": "n1", "src": "n2", "body": {"msg_id": 41, "type": "AppendEntries", "term": 2, "prevIndex": 0, "prevTerm": 0, "entries": [], "commit": 0}}
INFO:root:HBdest
n3
nextIndex
{'n1': 1, 'n2': 1, 'n3': 3, 'n4': 3, 'n5': 3}
log
[(('pass', None), 0), [['pass', None], 0], (('write', (0, 1)), 2)]

DEBUG:root:sending {"dest": "n3", "src": "n2", "body": {"msg_id": 42, "type": "AppendEntries", "term": 2, "prevIndex": 2, "prevTerm": 2, "entries": [], "commit": 0}}
INFO:root:HBdest
n4
nextIndex
{'n1': 1, 'n2': 1, 'n3': 3, 'n4': 3, 'n5': 3}
log
[(('pass', None), 0), [['pass', None], 0], (('write', (0, 1)), 2)]

DEBUG:root:sending {"dest": "n4", "src": "n2", "body": {"msg_id": 43, "type": "AppendEntries", "term": 2, "prevIndex": 2, "prevTerm": 2, "entries": [], "commit": 0}}
INFO:root:HBdest
n5
nextIndex
{'n1': 1, 'n2': 1, 'n3': 3, 'n4': 3, 'n5': 3}
log
[(('pass', None), 0), [['pass', None], 0], (('write', (0, 1)), 2)]

DEBUG:root:sending {"dest": "n5", "src": "n2", "body": {"msg_id": 44, "type": "AppendEntries", "term": 2, "prevIndex": 2, "prevTerm": 2, "entries": [], "commit": 0}}
DEBUG:root:received {"dest":"n2","src":"n3","body":{"msg_id":20,"in_reply_to":42,"type":"AppendEntriesRes","res":true,"term":2,"next":3,"commit":0},"id":124}
DEBUG:root:received {"dest":"n2","src":"n4","body":{"msg_id":20,"in_reply_to":43,"type":"AppendEntriesRes","res":true,"term":2,"next":3,"commit":0},"id":125}
DEBUG:root:received {"dest":"n2","src":"n5","body":{"msg_id":20,"in_reply_to":44,"type":"AppendEntriesRes","res":true,"term":2,"next":3,"commit":0},"id":126}
INFO:root:election timeout, starting new election

INFO:root:starting new elections, new term
3
sec, min max hb
0.3880605193457719
0.3333333333333333
0.5

INFO:root:Requesting new Vote

DEBUG:root:sending {"dest": "n1", "src": "n2", "body": {"msg_id": 45, "type": "RequestVote", "term": 3, "prevLogIndex": 2, "lastLogTerm": 2, "candidateId": "n2"}}
DEBUG:root:sending {"dest": "n2", "src": "n2", "body": {"msg_id": 46, "type": "RequestVote", "term": 3, "prevLogIndex": 2, "lastLogTerm": 2, "candidateId": "n2"}}
DEBUG:root:sending {"dest": "n3", "src": "n2", "body": {"msg_id": 47, "type": "RequestVote", "term": 3, "prevLogIndex": 2, "lastLogTerm": 2, "candidateId": "n2"}}
DEBUG:root:sending {"dest": "n4", "src": "n2", "body": {"msg_id": 48, "type": "RequestVote", "term": 3, "prevLogIndex": 2, "lastLogTerm": 2, "candidateId": "n2"}}
DEBUG:root:sending {"dest": "n5", "src": "n2", "body": {"msg_id": 49, "type": "RequestVote", "term": 3, "prevLogIndex": 2, "lastLogTerm": 2, "candidateId": "n2"}}
DEBUG:root:received {"dest":"n2","src":"n3","body":{"msg_id":22,"type":"RequestVote","term":3,"prevLogIndex":2,"lastLogTerm":2,"candidateId":"n3"},"id":130}
DEBUG:root:received {"dest":"n2","src":"n4","body":{"msg_id":22,"type":"RequestVote","term":3,"prevLogIndex":2,"lastLogTerm":2,"candidateId":"n4"},"id":131}
DEBUG:root:received {"dest":"n2","src":"n2","body":{"msg_id":46,"type":"RequestVote","term":3,"prevLogIndex":2,"lastLogTerm":2,"candidateId":"n2"},"id":134}
INFO:root:log atual
[(('pass', None), 0), [['pass', None], 0], (('write', (0, 1)), 2)]
prevlog index
2
 last log term
2

DEBUG:root:sending {"dest": "n3", "src": "n2", "body": {"msg_id": 50, "in_reply_to": 22, "type": "RequestVoteRes", "term": 3, "res": true}}
INFO:root:election started and voted vor
n3
at time
1651673108144181213

INFO:root:log atual
[(('pass', None), 0), [['pass', None], 0], (('write', (0, 1)), 2)]
prevlog index
2
 last log term
2

DEBUG:root:sending {"dest": "n4", "src": "n2", "body": {"msg_id": 51, "in_reply_to": 22, "type": "RequestVoteRes", "term": 3, "res": false}}
INFO:root:voting for myself
n2
at time
1651673108146311496
nr votes
0

DEBUG:root:sending {"dest": "n2", "src": "n2", "body": {"msg_id": 52, "in_reply_to": 46, "type": "RequestVoteRes", "term": 3, "res": true}}
DEBUG:root:received {"dest":"n2","src":"n4","body":{"msg_id":28,"in_reply_to":48,"type":"RequestVoteRes","term":3,"res":false},"id":147}
INFO:root:Got a response to the vote Request #475

INFO:root:node id:
n2
leader
n2
kvsotr
{}
cur term
3
log 
[(('pass', None), 0), [['pass', None], 0], (('write', (0, 1)), 2)]
commit indez e last applied
0
0
candidate, votes, voted for
True
0
n2
timeout dict
{'n1': 1651673107862387181, 'n2': 1651673108146302526, 'n3': 1651673108143586189, 'n4': 1651673108148320345, 'n5': 1651673108130294628}
curr time
1651673108148515191

INFO:root:resposta
False
majority
3

DEBUG:root:received {"dest":"n2","src":"n3","body":{"msg_id":28,"in_reply_to":47,"type":"RequestVoteRes","term":3,"res":false},"id":150}
INFO:root:Got a response to the vote Request #475

INFO:root:node id:
n2
leader
n2
kvsotr
{}
cur term
3
log 
[(('pass', None), 0), [['pass', None], 0], (('write', (0, 1)), 2)]
commit indez e last applied
0
0
candidate, votes, voted for
True
0
n2
timeout dict
{'n1': 1651673107862387181, 'n2': 1651673108146302526, 'n3': 1651673108150731508, 'n4': 1651673108148320345, 'n5': 1651673108130294628}
curr time
1651673108150931315

INFO:root:resposta
False
majority
3

DEBUG:root:received {"dest":"n2","src":"n5","body":{"msg_id":22,"in_reply_to":49,"type":"RequestVoteRes","term":2,"res":false},"id":151}
INFO:root:Got a response to the vote Request #475

INFO:root:node id:
n2
leader
n2
kvsotr
{}
cur term
3
log 
[(('pass', None), 0), [['pass', None], 0], (('write', (0, 1)), 2)]
commit indez e last applied
0
0
candidate, votes, voted for
True
0
n2
timeout dict
{'n1': 1651673107862387181, 'n2': 1651673108146302526, 'n3': 1651673108150731508, 'n4': 1651673108148320345, 'n5': 1651673108152910208}
curr time
1651673108153143195

INFO:root:resposta
False
majority
3

DEBUG:root:received {"dest":"n2","src":"n2","body":{"msg_id":52,"in_reply_to":46,"type":"RequestVoteRes","term":3,"res":true},"id":152}
INFO:root:Got a response to the vote Request #475

INFO:root:node id:
n2
leader
n2
kvsotr
{}
cur term
3
log 
[(('pass', None), 0), [['pass', None], 0], (('write', (0, 1)), 2)]
commit indez e last applied
0
0
candidate, votes, voted for
True
0
n2
timeout dict
{'n1': 1651673107862387181, 'n2': 1651673108156032039, 'n3': 1651673108150731508, 'n4': 1651673108148320345, 'n5': 1651673108152910208}
curr time
1651673108156297428

INFO:root:resposta
True
majority
3

INFO:root:antes  #487
0

INFO:root:depois  #489
1

DEBUG:root:received {"dest":"n2","src":"n3","body":{"msg_id":30,"type":"RequestVote","term":4,"prevLogIndex":2,"lastLogTerm":2,"candidateId":"n3"},"id":155}
INFO:root:log atual
[(('pass', None), 0), [['pass', None], 0], (('write', (0, 1)), 2)]
prevlog index
2
 last log term
2

DEBUG:root:sending {"dest": "n3", "src": "n2", "body": {"msg_id": 53, "in_reply_to": 30, "type": "RequestVoteRes", "term": 3, "res": false}}
DEBUG:root:received {"dest":"n2","src":"n5","body":{"msg_id":26,"type":"RequestVote","term":3,"prevLogIndex":2,"lastLogTerm":2,"candidateId":"n5"},"id":164}
INFO:root:log atual
[(('pass', None), 0), [['pass', None], 0], (('write', (0, 1)), 2)]
prevlog index
2
 last log term
2

DEBUG:root:sending {"dest": "n5", "src": "n2", "body": {"msg_id": 54, "in_reply_to": 26, "type": "RequestVoteRes", "term": 3, "res": false}}
INFO:root:sending HB

INFO:root:HBdest
n1
nextIndex
{'n1': 1, 'n2': 1, 'n3': 3, 'n4': 3, 'n5': 3}
log
[(('pass', None), 0), [['pass', None], 0], (('write', (0, 1)), 2)]

DEBUG:root:sending {"dest": "n1", "src": "n2", "body": {"msg_id": 55, "type": "AppendEntries", "term": 3, "prevIndex": 0, "prevTerm": 0, "entries": [], "commit": 0}}
INFO:root:HBdest
n3
nextIndex
{'n1': 1, 'n2': 1, 'n3': 3, 'n4': 3, 'n5': 3}
log
[(('pass', None), 0), [['pass', None], 0], (('write', (0, 1)), 2)]

DEBUG:root:sending {"dest": "n3", "src": "n2", "body": {"msg_id": 56, "type": "AppendEntries", "term": 3, "prevIndex": 2, "prevTerm": 2, "entries": [], "commit": 0}}
INFO:root:HBdest
n4
nextIndex
{'n1': 1, 'n2': 1, 'n3': 3, 'n4': 3, 'n5': 3}
log
[(('pass', None), 0), [['pass', None], 0], (('write', (0, 1)), 2)]

DEBUG:root:sending {"dest": "n4", "src": "n2", "body": {"msg_id": 57, "type": "AppendEntries", "term": 3, "prevIndex": 2, "prevTerm": 2, "entries": [], "commit": 0}}
INFO:root:HBdest
n5
nextIndex
{'n1': 1, 'n2': 1, 'n3': 3, 'n4': 3, 'n5': 3}
log
[(('pass', None), 0), [['pass', None], 0], (('write', (0, 1)), 2)]

DEBUG:root:sending {"dest": "n5", "src": "n2", "body": {"msg_id": 58, "type": "AppendEntries", "term": 3, "prevIndex": 2, "prevTerm": 2, "entries": [], "commit": 0}}
DEBUG:root:received {"dest":"n2","src":"n3","body":{"msg_id":36,"in_reply_to":56,"type":"AppendEntriesRes","res":false,"term":4},"id":178}
DEBUG:root:received {"dest":"n2","src":"n4","body":{"msg_id":32,"in_reply_to":57,"type":"AppendEntriesRes","res":true,"term":3,"next":3,"commit":0},"id":179}
DEBUG:root:received {"dest":"n2","src":"n5","body":{"msg_id":31,"in_reply_to":58,"type":"AppendEntriesRes","res":true,"term":3,"next":3,"commit":0},"id":180}
INFO:root:sending HB

INFO:root:HBdest
n1
nextIndex
{'n1': 1, 'n2': 1, 'n3': 3, 'n4': 3, 'n5': 3}
log
[(('pass', None), 0), [['pass', None], 0], (('write', (0, 1)), 2)]

DEBUG:root:sending {"dest": "n1", "src": "n2", "body": {"msg_id": 59, "type": "AppendEntries", "term": 3, "prevIndex": 0, "prevTerm": 0, "entries": [], "commit": 0}}
INFO:root:HBdest
n3
nextIndex
{'n1': 1, 'n2': 1, 'n3': 3, 'n4': 3, 'n5': 3}
log
[(('pass', None), 0), [['pass', None], 0], (('write', (0, 1)), 2)]

DEBUG:root:sending {"dest": "n3", "src": "n2", "body": {"msg_id": 60, "type": "AppendEntries", "term": 3, "prevIndex": 2, "prevTerm": 2, "entries": [], "commit": 0}}
INFO:root:HBdest
n4
nextIndex
{'n1': 1, 'n2': 1, 'n3': 3, 'n4': 3, 'n5': 3}
log
[(('pass', None), 0), [['pass', None], 0], (('write', (0, 1)), 2)]

DEBUG:root:sending {"dest": "n4", "src": "n2", "body": {"msg_id": 61, "type": "AppendEntries", "term": 3, "prevIndex": 2, "prevTerm": 2, "entries": [], "commit": 0}}
INFO:root:HBdest
n5
nextIndex
{'n1': 1, 'n2': 1, 'n3': 3, 'n4': 3, 'n5': 3}
log
[(('pass', None), 0), [['pass', None], 0], (('write', (0, 1)), 2)]

DEBUG:root:sending {"dest": "n5", "src": "n2", "body": {"msg_id": 62, "type": "AppendEntries", "term": 3, "prevIndex": 2, "prevTerm": 2, "entries": [], "commit": 0}}
DEBUG:root:received {"dest":"n2","src":"n3","body":{"msg_id":37,"in_reply_to":60,"type":"AppendEntriesRes","res":false,"term":4},"id":185}
DEBUG:root:received {"dest":"n2","src":"n4","body":{"msg_id":33,"in_reply_to":61,"type":"AppendEntriesRes","res":true,"term":3,"next":3,"commit":0},"id":186}
DEBUG:root:received {"dest":"n2","src":"n5","body":{"msg_id":32,"in_reply_to":62,"type":"AppendEntriesRes","res":true,"term":3,"next":3,"commit":0},"id":187}
INFO:root:leader alive, resuming timeout checker

INFO:root:sending HB

INFO:root:HBdest
n1
nextIndex
{'n1': 1, 'n2': 1, 'n3': 3, 'n4': 3, 'n5': 3}
log
[(('pass', None), 0), [['pass', None], 0], (('write', (0, 1)), 2)]

DEBUG:root:sending {"dest": "n1", "src": "n2", "body": {"msg_id": 63, "type": "AppendEntries", "term": 3, "prevIndex": 0, "prevTerm": 0, "entries": [], "commit": 0}}
INFO:root:HBdest
n3
nextIndex
{'n1': 1, 'n2': 1, 'n3': 3, 'n4': 3, 'n5': 3}
log
[(('pass', None), 0), [['pass', None], 0], (('write', (0, 1)), 2)]

DEBUG:root:sending {"dest": "n3", "src": "n2", "body": {"msg_id": 64, "type": "AppendEntries", "term": 3, "prevIndex": 2, "prevTerm": 2, "entries": [], "commit": 0}}
INFO:root:HBdest
n4
nextIndex
{'n1': 1, 'n2': 1, 'n3': 3, 'n4': 3, 'n5': 3}
log
[(('pass', None), 0), [['pass', None], 0], (('write', (0, 1)), 2)]

DEBUG:root:sending {"dest": "n4", "src": "n2", "body": {"msg_id": 65, "type": "AppendEntries", "term": 3, "prevIndex": 2, "prevTerm": 2, "entries": [], "commit": 0}}
INFO:root:HBdest
n5
nextIndex
{'n1': 1, 'n2': 1, 'n3': 3, 'n4': 3, 'n5': 3}
log
[(('pass', None), 0), [['pass', None], 0], (('write', (0, 1)), 2)]

DEBUG:root:sending {"dest": "n5", "src": "n2", "body": {"msg_id": 66, "type": "AppendEntries", "term": 3, "prevIndex": 2, "prevTerm": 2, "entries": [], "commit": 0}}
DEBUG:root:received {"dest":"n2","src":"n3","body":{"msg_id":38,"in_reply_to":64,"type":"AppendEntriesRes","res":false,"term":4},"id":192}
DEBUG:root:received {"dest":"n2","src":"n4","body":{"msg_id":34,"in_reply_to":65,"type":"AppendEntriesRes","res":true,"term":3,"next":3,"commit":0},"id":193}
DEBUG:root:received {"dest":"n2","src":"n5","body":{"msg_id":33,"in_reply_to":66,"type":"AppendEntriesRes","res":true,"term":3,"next":3,"commit":0},"id":194}
INFO:root:election timeout, starting new election

INFO:root:starting new elections, new term
4
sec, min max hb
0.47753683542944336
0.3333333333333333
0.5

INFO:root:Requesting new Vote

DEBUG:root:sending {"dest": "n1", "src": "n2", "body": {"msg_id": 67, "type": "RequestVote", "term": 4, "prevLogIndex": 2, "lastLogTerm": 2, "candidateId": "n2"}}
DEBUG:root:sending {"dest": "n2", "src": "n2", "body": {"msg_id": 68, "type": "RequestVote", "term": 4, "prevLogIndex": 2, "lastLogTerm": 2, "candidateId": "n2"}}
DEBUG:root:sending {"dest": "n3", "src": "n2", "body": {"msg_id": 69, "type": "RequestVote", "term": 4, "prevLogIndex": 2, "lastLogTerm": 2, "candidateId": "n2"}}
DEBUG:root:sending {"dest": "n4", "src": "n2", "body": {"msg_id": 70, "type": "RequestVote", "term": 4, "prevLogIndex": 2, "lastLogTerm": 2, "candidateId": "n2"}}
DEBUG:root:sending {"dest": "n5", "src": "n2", "body": {"msg_id": 71, "type": "RequestVote", "term": 4, "prevLogIndex": 2, "lastLogTerm": 2, "candidateId": "n2"}}
DEBUG:root:received {"dest":"n2","src":"n3","body":{"msg_id":41,"type":"RequestVote","term":5,"prevLogIndex":2,"lastLogTerm":2,"candidateId":"n3"},"id":198}
DEBUG:root:received {"dest":"n2","src":"n4","body":{"msg_id":36,"type":"RequestVote","term":4,"prevLogIndex":2,"lastLogTerm":2,"candidateId":"n4"},"id":201}
DEBUG:root:received {"dest":"n2","src":"n2","body":{"msg_id":68,"type":"RequestVote","term":4,"prevLogIndex":2,"lastLogTerm":2,"candidateId":"n2"},"id":208}
INFO:root:log atual
[(('pass', None), 0), [['pass', None], 0], (('write', (0, 1)), 2)]
prevlog index
2
 last log term
2

DEBUG:root:sending {"dest": "n3", "src": "n2", "body": {"msg_id": 72, "in_reply_to": 41, "type": "RequestVoteRes", "term": 5, "res": true}}
INFO:root:election started and voted vor
n3
at time
1651673108394548444

DEBUG:root:sending {"dest": "n4", "src": "n2", "body": {"msg_id": 73, "in_reply_to": 36, "type": "RequestVoteRes", "term": 5, "res": false}}
INFO:root:Bad election request, term is not up to date
n3
at time
1651673108396950187

DEBUG:root:sending {"dest": "n2", "src": "n2", "body": {"msg_id": 74, "in_reply_to": 68, "type": "RequestVoteRes", "term": 5, "res": false}}
INFO:root:Bad election request, term is not up to date
n3
at time
1651673108397527636

INFO:root:election timeout, starting new election

INFO:root:starting new elections, new term
6
sec, min max hb
0.49935710891276064
0.3333333333333333
0.5

INFO:root:Requesting new Vote

DEBUG:root:sending {"dest": "n1", "src": "n2", "body": {"msg_id": 75, "type": "RequestVote", "term": 6, "prevLogIndex": 2, "lastLogTerm": 2, "candidateId": "n2"}}
DEBUG:root:sending {"dest": "n2", "src": "n2", "body": {"msg_id": 76, "type": "RequestVote", "term": 6, "prevLogIndex": 2, "lastLogTerm": 2, "candidateId": "n2"}}
DEBUG:root:sending {"dest": "n3", "src": "n2", "body": {"msg_id": 77, "type": "RequestVote", "term": 6, "prevLogIndex": 2, "lastLogTerm": 2, "candidateId": "n2"}}
DEBUG:root:sending {"dest": "n4", "src": "n2", "body": {"msg_id": 78, "type": "RequestVote", "term": 6, "prevLogIndex": 2, "lastLogTerm": 2, "candidateId": "n2"}}
DEBUG:root:sending {"dest": "n5", "src": "n2", "body": {"msg_id": 79, "type": "RequestVote", "term": 6, "prevLogIndex": 2, "lastLogTerm": 2, "candidateId": "n2"}}
DEBUG:root:received {"dest":"n2","src":"n2","body":{"msg_id":74,"in_reply_to":68,"type":"RequestVoteRes","term":5,"res":false},"id":214}
DEBUG:root:received {"dest":"n2","src":"n2","body":{"msg_id":76,"type":"RequestVote","term":6,"prevLogIndex":2,"lastLogTerm":2,"candidateId":"n2"},"id":217}
DEBUG:root:received {"dest":"n2","src":"n3","body":{"msg_id":47,"in_reply_to":69,"type":"RequestVoteRes","term":5,"res":false},"id":225}
INFO:root:Got a response to the vote Request #475

INFO:root:node id:
n2
leader
n2
kvsotr
{}
cur term
6
log 
[(('pass', None), 0), [['pass', None], 0], (('write', (0, 1)), 2)]
commit indez e last applied
0
0
candidate, votes, voted for
True
0
None
timeout dict
{'n1': 1651673107862387181, 'n2': 1651673108405652192, 'n3': 1651673108393880459, 'n4': 1651673108396522168, 'n5': 1651673108378613948}
curr time
1651673108405914334

INFO:root:resposta
False
majority
3

INFO:root:voting for myself
n2
at time
1651673108406435590
nr votes
0

DEBUG:root:sending {"dest": "n2", "src": "n2", "body": {"msg_id": 80, "in_reply_to": 76, "type": "RequestVoteRes", "term": 6, "res": true}}
INFO:root:Got a response to the vote Request #475

INFO:root:node id:
n2
leader
n2
kvsotr
{}
cur term
6
log 
[(('pass', None), 0), [['pass', None], 0], (('write', (0, 1)), 2)]
commit indez e last applied
0
0
candidate, votes, voted for
True
0
n2
timeout dict
{'n1': 1651673107862387181, 'n2': 1651673108406428318, 'n3': 1651673108407059396, 'n4': 1651673108396522168, 'n5': 1651673108378613948}
curr time
1651673108407240131

INFO:root:resposta
False
majority
3

DEBUG:root:received {"dest":"n2","src":"n4","body":{"msg_id":42,"in_reply_to":70,"type":"RequestVoteRes","term":5,"res":false},"id":227}
INFO:root:Got a response to the vote Request #475

INFO:root:node id:
n2
leader
n2
kvsotr
{}
cur term
6
log 
[(('pass', None), 0), [['pass', None], 0], (('write', (0, 1)), 2)]
commit indez e last applied
0
0
candidate, votes, voted for
True
0
n2
timeout dict
{'n1': 1651673107862387181, 'n2': 1651673108406428318, 'n3': 1651673108407059396, 'n4': 1651673108409740573, 'n5': 1651673108378613948}
curr time
1651673108410048756

INFO:root:resposta
False
majority
3

DEBUG:root:received {"dest":"n2","src":"n5","body":{"msg_id":36,"in_reply_to":71,"type":"RequestVoteRes","term":3,"res":false},"id":228}
DEBUG:root:received {"dest":"n2","src":"n3","body":{"msg_id":48,"in_reply_to":77,"type":"RequestVoteRes","term":5,"res":false},"id":229}
DEBUG:root:received {"dest":"n2","src":"n2","body":{"msg_id":80,"in_reply_to":76,"type":"RequestVoteRes","term":6,"res":true},"id":230}
DEBUG:root:received {"dest":"n2","src":"n5","body":{"msg_id":37,"in_reply_to":79,"type":"RequestVoteRes","term":3,"res":false},"id":231}
INFO:root:Got a response to the vote Request #475

INFO:root:node id:
n2
leader
n2
kvsotr
{}
cur term
6
log 
[(('pass', None), 0), [['pass', None], 0], (('write', (0, 1)), 2)]
commit indez e last applied
0
0
candidate, votes, voted for
True
0
n2
timeout dict
{'n1': 1651673107862387181, 'n2': 1651673108406428318, 'n3': 1651673108407059396, 'n4': 1651673108409740573, 'n5': 1651673108415473797}
curr time
1651673108415712617

INFO:root:resposta
False
majority
3

INFO:root:Got a response to the vote Request #475

INFO:root:node id:
n2
leader
n2
kvsotr
{}
cur term
6
log 
[(('pass', None), 0), [['pass', None], 0], (('write', (0, 1)), 2)]
commit indez e last applied
0
0
candidate, votes, voted for
True
0
n2
timeout dict
{'n1': 1651673107862387181, 'n2': 1651673108406428318, 'n3': 1651673108416233207, 'n4': 1651673108409740573, 'n5': 1651673108415473797}
curr time
1651673108416399014

INFO:root:resposta
False
majority
3

INFO:root:Got a response to the vote Request #475

INFO:root:node id:
n2
leader
n2
kvsotr
{}
cur term
6
log 
[(('pass', None), 0), [['pass', None], 0], (('write', (0, 1)), 2)]
commit indez e last applied
0
0
candidate, votes, voted for
True
0
n2
timeout dict
{'n1': 1651673107862387181, 'n2': 1651673108416899579, 'n3': 1651673108416233207, 'n4': 1651673108409740573, 'n5': 1651673108415473797}
curr time
1651673108417062462

INFO:root:resposta
True
majority
3

INFO:root:antes  #487
0

INFO:root:depois  #489
1

INFO:root:Got a response to the vote Request #475

INFO:root:node id:
n2
leader
n2
kvsotr
{}
cur term
6
log 
[(('pass', None), 0), [['pass', None], 0], (('write', (0, 1)), 2)]
commit indez e last applied
0
0
candidate, votes, voted for
True
1
n2
timeout dict
{'n1': 1651673107862387181, 'n2': 1651673108416899579, 'n3': 1651673108416233207, 'n4': 1651673108409740573, 'n5': 1651673108417801357}
curr time
1651673108417952382

INFO:root:resposta
False
majority
3

DEBUG:root:received {"dest":"n2","src":"n4","body":{"msg_id":43,"in_reply_to":78,"type":"RequestVoteRes","term":5,"res":false},"id":233}
DEBUG:root:received {"dest":"n2","src":"n3","body":{"msg_id":50,"type":"AppendEntries","term":5,"prevIndex":2,"prevTerm":2,"entries":[],"commit":0},"id":234}
INFO:root:Got a response to the vote Request #475

INFO:root:node id:
n2
leader
n2
kvsotr
{}
cur term
6
log 
[(('pass', None), 0), [['pass', None], 0], (('write', (0, 1)), 2)]
commit indez e last applied
0
0
candidate, votes, voted for
True
1
n2
timeout dict
{'n1': 1651673107862387181, 'n2': 1651673108416899579, 'n3': 1651673108416233207, 'n4': 1651673108419440094, 'n5': 1651673108417801357}
curr time
1651673108419635833

INFO:root:resposta
False
majority
3

DEBUG:root:sending {"dest": "n3", "src": "n2", "body": {"msg_id": 81, "in_reply_to": 50, "type": "AppendEntriesRes", "res": false, "term": 6}}
INFO:root:msg term
5
current term
6
log
[(('pass', None), 0), [['pass', None], 0], (('write', (0, 1)), 2)]
msg entries
[]

DEBUG:root:received {"dest":"n2","src":"n5","body":{"msg_id":39,"type":"RequestVote","term":4,"prevLogIndex":2,"lastLogTerm":2,"candidateId":"n5"},"id":239}
DEBUG:root:sending {"dest": "n5", "src": "n2", "body": {"msg_id": 82, "in_reply_to": 39, "type": "RequestVoteRes", "term": 6, "res": false}}
INFO:root:Bad election request, term is not up to date
n2
at time
1651673108425313662

INFO:root:sending HB

INFO:root:HBdest
n1
nextIndex
{'n1': 1, 'n2': 1, 'n3': 3, 'n4': 3, 'n5': 3}
log
[(('pass', None), 0), [['pass', None], 0], (('write', (0, 1)), 2)]

DEBUG:root:sending {"dest": "n1", "src": "n2", "body": {"msg_id": 83, "type": "AppendEntries", "term": 6, "prevIndex": 0, "prevTerm": 0, "entries": [], "commit": 0}}
INFO:root:HBdest
n3
nextIndex
{'n1': 1, 'n2': 1, 'n3': 3, 'n4': 3, 'n5': 3}
log
[(('pass', None), 0), [['pass', None], 0], (('write', (0, 1)), 2)]

DEBUG:root:sending {"dest": "n3", "src": "n2", "body": {"msg_id": 84, "type": "AppendEntries", "term": 6, "prevIndex": 2, "prevTerm": 2, "entries": [], "commit": 0}}
INFO:root:HBdest
n4
nextIndex
{'n1': 1, 'n2': 1, 'n3': 3, 'n4': 3, 'n5': 3}
log
[(('pass', None), 0), [['pass', None], 0], (('write', (0, 1)), 2)]

DEBUG:root:sending {"dest": "n4", "src": "n2", "body": {"msg_id": 85, "type": "AppendEntries", "term": 6, "prevIndex": 2, "prevTerm": 2, "entries": [], "commit": 0}}
INFO:root:HBdest
n5
nextIndex
{'n1': 1, 'n2': 1, 'n3': 3, 'n4': 3, 'n5': 3}
log
[(('pass', None), 0), [['pass', None], 0], (('write', (0, 1)), 2)]

DEBUG:root:sending {"dest": "n5", "src": "n2", "body": {"msg_id": 86, "type": "AppendEntries", "term": 6, "prevIndex": 2, "prevTerm": 2, "entries": [], "commit": 0}}
DEBUG:root:received {"dest":"n2","src":"n3","body":{"msg_id":54,"in_reply_to":84,"type":"AppendEntriesRes","res":true,"term":6,"next":3,"commit":0},"id":253}
DEBUG:root:received {"dest":"n2","src":"n4","body":{"msg_id":46,"in_reply_to":85,"type":"AppendEntriesRes","res":true,"term":6,"next":3,"commit":0},"id":254}
DEBUG:root:received {"dest":"n2","src":"n5","body":{"msg_id":45,"in_reply_to":86,"type":"AppendEntriesRes","res":true,"term":6,"next":3,"commit":0},"id":255}
INFO:root:sending HB

INFO:root:HBdest
n1
nextIndex
{'n1': 1, 'n2': 1, 'n3': 3, 'n4': 3, 'n5': 3}
log
[(('pass', None), 0), [['pass', None], 0], (('write', (0, 1)), 2)]

DEBUG:root:sending {"dest": "n1", "src": "n2", "body": {"msg_id": 87, "type": "AppendEntries", "term": 6, "prevIndex": 0, "prevTerm": 0, "entries": [], "commit": 0}}
INFO:root:HBdest
n3
nextIndex
{'n1': 1, 'n2': 1, 'n3': 3, 'n4': 3, 'n5': 3}
log
[(('pass', None), 0), [['pass', None], 0], (('write', (0, 1)), 2)]

DEBUG:root:sending {"dest": "n3", "src": "n2", "body": {"msg_id": 88, "type": "AppendEntries", "term": 6, "prevIndex": 2, "prevTerm": 2, "entries": [], "commit": 0}}
INFO:root:HBdest
n4
nextIndex
{'n1': 1, 'n2': 1, 'n3': 3, 'n4': 3, 'n5': 3}
log
[(('pass', None), 0), [['pass', None], 0], (('write', (0, 1)), 2)]

DEBUG:root:sending {"dest": "n4", "src": "n2", "body": {"msg_id": 89, "type": "AppendEntries", "term": 6, "prevIndex": 2, "prevTerm": 2, "entries": [], "commit": 0}}
INFO:root:HBdest
n5
nextIndex
{'n1': 1, 'n2': 1, 'n3': 3, 'n4': 3, 'n5': 3}
log
[(('pass', None), 0), [['pass', None], 0], (('write', (0, 1)), 2)]

DEBUG:root:sending {"dest": "n5", "src": "n2", "body": {"msg_id": 90, "type": "AppendEntries", "term": 6, "prevIndex": 2, "prevTerm": 2, "entries": [], "commit": 0}}
DEBUG:root:received {"dest":"n2","src":"n3","body":{"msg_id":55,"in_reply_to":88,"type":"AppendEntriesRes","res":true,"term":6,"next":3,"commit":0},"id":260}
DEBUG:root:received {"dest":"n2","src":"n4","body":{"msg_id":47,"in_reply_to":89,"type":"AppendEntriesRes","res":true,"term":6,"next":3,"commit":0},"id":261}
DEBUG:root:received {"dest":"n2","src":"n5","body":{"msg_id":46,"in_reply_to":90,"type":"AppendEntriesRes","res":true,"term":6,"next":3,"commit":0},"id":262}
INFO:root:sending HB

INFO:root:HBdest
n1
nextIndex
{'n1': 1, 'n2': 1, 'n3': 3, 'n4': 3, 'n5': 3}
log
[(('pass', None), 0), [['pass', None], 0], (('write', (0, 1)), 2)]

DEBUG:root:sending {"dest": "n1", "src": "n2", "body": {"msg_id": 91, "type": "AppendEntries", "term": 6, "prevIndex": 0, "prevTerm": 0, "entries": [], "commit": 0}}
INFO:root:HBdest
n3
nextIndex
{'n1': 1, 'n2': 1, 'n3': 3, 'n4': 3, 'n5': 3}
log
[(('pass', None), 0), [['pass', None], 0], (('write', (0, 1)), 2)]

DEBUG:root:sending {"dest": "n3", "src": "n2", "body": {"msg_id": 92, "type": "AppendEntries", "term": 6, "prevIndex": 2, "prevTerm": 2, "entries": [], "commit": 0}}
INFO:root:HBdest
n4
nextIndex
{'n1': 1, 'n2': 1, 'n3': 3, 'n4': 3, 'n5': 3}
log
[(('pass', None), 0), [['pass', None], 0], (('write', (0, 1)), 2)]

DEBUG:root:sending {"dest": "n4", "src": "n2", "body": {"msg_id": 93, "type": "AppendEntries", "term": 6, "prevIndex": 2, "prevTerm": 2, "entries": [], "commit": 0}}
INFO:root:HBdest
n5
nextIndex
{'n1': 1, 'n2': 1, 'n3': 3, 'n4': 3, 'n5': 3}
log
[(('pass', None), 0), [['pass', None], 0], (('write', (0, 1)), 2)]

DEBUG:root:sending {"dest": "n5", "src": "n2", "body": {"msg_id": 94, "type": "AppendEntries", "term": 6, "prevIndex": 2, "prevTerm": 2, "entries": [], "commit": 0}}
DEBUG:root:received {"dest":"n2","src":"n4","body":{"msg_id":48,"in_reply_to":93,"type":"AppendEntriesRes","res":true,"term":6,"next":3,"commit":0},"id":267}
DEBUG:root:received {"dest":"n2","src":"n3","body":{"msg_id":56,"in_reply_to":92,"type":"AppendEntriesRes","res":true,"term":6,"next":3,"commit":0},"id":268}
DEBUG:root:received {"dest":"n2","src":"n5","body":{"msg_id":47,"in_reply_to":94,"type":"AppendEntriesRes","res":true,"term":6,"next":3,"commit":0},"id":269}
INFO:root:election timeout, starting new election

INFO:root:starting new elections, new term
7
sec, min max hb
0.38156013465021277
0.3333333333333333
0.5

INFO:root:Requesting new Vote

DEBUG:root:sending {"dest": "n1", "src": "n2", "body": {"msg_id": 95, "type": "RequestVote", "term": 7, "prevLogIndex": 2, "lastLogTerm": 2, "candidateId": "n2"}}
DEBUG:root:sending {"dest": "n2", "src": "n2", "body": {"msg_id": 96, "type": "RequestVote", "term": 7, "prevLogIndex": 2, "lastLogTerm": 2, "candidateId": "n2"}}
DEBUG:root:sending {"dest": "n3", "src": "n2", "body": {"msg_id": 97, "type": "RequestVote", "term": 7, "prevLogIndex": 2, "lastLogTerm": 2, "candidateId": "n2"}}
DEBUG:root:sending {"dest": "n4", "src": "n2", "body": {"msg_id": 98, "type": "RequestVote", "term": 7, "prevLogIndex": 2, "lastLogTerm": 2, "candidateId": "n2"}}
DEBUG:root:sending {"dest": "n5", "src": "n2", "body": {"msg_id": 99, "type": "RequestVote", "term": 7, "prevLogIndex": 2, "lastLogTerm": 2, "candidateId": "n2"}}
DEBUG:root:received {"dest":"n2","src":"n2","body":{"msg_id":96,"type":"RequestVote","term":7,"prevLogIndex":2,"lastLogTerm":2,"candidateId":"n2"},"id":271}
INFO:root:voting for myself
n2
at time
1651673108645338676
nr votes
0

DEBUG:root:sending {"dest": "n2", "src": "n2", "body": {"msg_id": 100, "in_reply_to": 96, "type": "RequestVoteRes", "term": 7, "res": true}}
DEBUG:root:received {"dest":"n2","src":"n2","body":{"msg_id":100,"in_reply_to":96,"type":"RequestVoteRes","term":7,"res":true},"id":275}
INFO:root:Got a response to the vote Request #475

INFO:root:node id:
n2
leader
n2
kvsotr
{}
cur term
7
log 
[(('pass', None), 0), [['pass', None], 0], (('write', (0, 1)), 2)]
commit indez e last applied
0
0
candidate, votes, voted for
True
0
n2
timeout dict
{'n1': 1651673107862387181, 'n2': 1651673108647663309, 'n3': 1651673108638094955, 'n4': 1651673108637979159, 'n5': 1651673108638157285}
curr time
1651673108647872345

INFO:root:resposta
True
majority
3

INFO:root:antes  #487
0

INFO:root:depois  #489
1

DEBUG:root:received {"dest":"n2","src":"n3","body":{"msg_id":57,"in_reply_to":97,"type":"RequestVoteRes","term":7,"res":true},"id":276}
DEBUG:root:received {"dest":"n2","src":"n4","body":{"msg_id":49,"in_reply_to":98,"type":"RequestVoteRes","term":7,"res":true},"id":277}
INFO:root:Got a response to the vote Request #475

INFO:root:node id:
n2
leader
n2
kvsotr
{}
cur term
7
log 
[(('pass', None), 0), [['pass', None], 0], (('write', (0, 1)), 2)]
commit indez e last applied
0
0
candidate, votes, voted for
True
1
n2
timeout dict
{'n1': 1651673107862387181, 'n2': 1651673108647663309, 'n3': 1651673108649444451, 'n4': 1651673108637979159, 'n5': 1651673108638157285}
curr time
1651673108649642809

INFO:root:resposta
True
majority
3

INFO:root:antes  #487
1

INFO:root:depois  #489
2

INFO:root:Got a response to the vote Request #475

INFO:root:node id:
n2
leader
n2
kvsotr
{}
cur term
7
log 
[(('pass', None), 0), [['pass', None], 0], (('write', (0, 1)), 2)]
commit indez e last applied
0
0
candidate, votes, voted for
True
2
n2
timeout dict
{'n1': 1651673107862387181, 'n2': 1651673108647663309, 'n3': 1651673108649444451, 'n4': 1651673108650332039, 'n5': 1651673108638157285}
curr time
1651673108650494932

INFO:root:resposta
True
majority
3

INFO:root:antes  #487
2

INFO:root:depois  #489
3

INFO:root:became leader
log
[(('pass', None), 0), [['pass', None], 0], (('write', (0, 1)), 2)]
match index
{'n1': 0, 'n2': 0, 'n3': 0, 'n4': 0, 'n5': 0}

INFO:root:vote ended, new leader is
n2

INFO:root:sending HB

INFO:root:HBdest
n1
nextIndex
{'n1': 3, 'n2': 3, 'n3': 3, 'n4': 3, 'n5': 3}
log
[(('pass', None), 0), [['pass', None], 0], (('write', (0, 1)), 2)]

DEBUG:root:sending {"dest": "n1", "src": "n2", "body": {"msg_id": 101, "type": "AppendEntries", "term": 7, "prevIndex": 2, "prevTerm": 2, "entries": [], "commit": 0}}
INFO:root:HBdest
n3
nextIndex
{'n1': 3, 'n2': 3, 'n3': 3, 'n4': 3, 'n5': 3}
log
[(('pass', None), 0), [['pass', None], 0], (('write', (0, 1)), 2)]

DEBUG:root:sending {"dest": "n3", "src": "n2", "body": {"msg_id": 102, "type": "AppendEntries", "term": 7, "prevIndex": 2, "prevTerm": 2, "entries": [], "commit": 0}}
INFO:root:HBdest
n4
nextIndex
{'n1': 3, 'n2': 3, 'n3': 3, 'n4': 3, 'n5': 3}
log
[(('pass', None), 0), [['pass', None], 0], (('write', (0, 1)), 2)]

DEBUG:root:sending {"dest": "n4", "src": "n2", "body": {"msg_id": 103, "type": "AppendEntries", "term": 7, "prevIndex": 2, "prevTerm": 2, "entries": [], "commit": 0}}
INFO:root:HBdest
n5
nextIndex
{'n1': 3, 'n2': 3, 'n3': 3, 'n4': 3, 'n5': 3}
log
[(('pass', None), 0), [['pass', None], 0], (('write', (0, 1)), 2)]

DEBUG:root:sending {"dest": "n5", "src": "n2", "body": {"msg_id": 104, "type": "AppendEntries", "term": 7, "prevIndex": 2, "prevTerm": 2, "entries": [], "commit": 0}}
DEBUG:root:received {"dest":"n2","src":"n5","body":{"msg_id":48,"in_reply_to":99,"type":"RequestVoteRes","term":7,"res":true},"id":278}
INFO:root:election ended

DEBUG:root:received {"dest":"n2","src":"n3","body":{"msg_id":58,"in_reply_to":102,"type":"AppendEntriesRes","res":true,"term":7,"next":3,"commit":0},"id":283}
INFO:root:Got a response to the vote Request #475

INFO:root:node id:
n2
leader
n2
kvsotr
{}
cur term
7
log 
[(('pass', None), 0), [['pass', None], 0], (('write', (0, 1)), 2)]
commit indez e last applied
0
0
candidate, votes, voted for
False
None
None
timeout dict
{'n1': 1651673107862387181, 'n2': 1651673108647663309, 'n3': 1651673108649444451, 'n4': 1651673108650332039, 'n5': 1651673108656321014}
curr time
1651673108657342671

INFO:root:resposta
True
majority
3

DEBUG:root:received {"dest":"n2","src":"n4","body":{"msg_id":51,"type":"RequestVote","term":8,"prevLogIndex":2,"lastLogTerm":2,"candidateId":"n4"},"id":285}
DEBUG:root:received {"dest":"n2","src":"n5","body":{"msg_id":49,"in_reply_to":104,"type":"AppendEntriesRes","res":true,"term":7,"next":3,"commit":0},"id":287}
INFO:root:log atual
[(('pass', None), 0), [['pass', None], 0], (('write', (0, 1)), 2)]
prevlog index
2
 last log term
2

DEBUG:root:sending {"dest": "n4", "src": "n2", "body": {"msg_id": 105, "in_reply_to": 51, "type": "RequestVoteRes", "term": 8, "res": true}}
INFO:root:election started and voted vor
n4
at time
1651673108659543832

DEBUG:root:received {"dest":"n2","src":"n4","body":{"msg_id":55,"in_reply_to":103,"type":"AppendEntriesRes","res":false,"term":8},"id":290}
INFO:root:387##########:
node
n2
current term
8
next I
{'n1': 3, 'n2': 3, 'n3': 3, 'n4': 2, 'n5': 3}
log
[(('pass', None), 0), [['pass', None], 0], (('write', (0, 1)), 2)]
dest
n4

DEBUG:root:sending {"dest": "n4", "src": "n2", "body": {"msg_id": 106, "type": "AppendEntries", "term": 8, "prevIndex": 1, "prevTerm": 0, "entries": [[["write", [0, 1]], 2]], "commit": 0}}
INFO:root:election timeout, starting new election

INFO:root:starting new elections, new term
9
sec, min max hb
0.44331505860842435
0.3333333333333333
0.5

INFO:root:Requesting new Vote

DEBUG:root:sending {"dest": "n1", "src": "n2", "body": {"msg_id": 107, "type": "RequestVote", "term": 9, "prevLogIndex": 2, "lastLogTerm": 2, "candidateId": "n2"}}
DEBUG:root:sending {"dest": "n2", "src": "n2", "body": {"msg_id": 108, "type": "RequestVote", "term": 9, "prevLogIndex": 2, "lastLogTerm": 2, "candidateId": "n2"}}
DEBUG:root:sending {"dest": "n3", "src": "n2", "body": {"msg_id": 109, "type": "RequestVote", "term": 9, "prevLogIndex": 2, "lastLogTerm": 2, "candidateId": "n2"}}
DEBUG:root:sending {"dest": "n4", "src": "n2", "body": {"msg_id": 110, "type": "RequestVote", "term": 9, "prevLogIndex": 2, "lastLogTerm": 2, "candidateId": "n2"}}
DEBUG:root:sending {"dest": "n5", "src": "n2", "body": {"msg_id": 111, "type": "RequestVote", "term": 9, "prevLogIndex": 2, "lastLogTerm": 2, "candidateId": "n2"}}
DEBUG:root:received {"dest":"n2","src":"n2","body":{"msg_id":108,"type":"RequestVote","term":9,"prevLogIndex":2,"lastLogTerm":2,"candidateId":"n2"},"id":297}
INFO:root:voting for myself
n2
at time
1651673108667522318
nr votes
0

DEBUG:root:sending {"dest": "n2", "src": "n2", "body": {"msg_id": 112, "in_reply_to": 108, "type": "RequestVoteRes", "term": 9, "res": true}}
DEBUG:root:received {"dest":"n2","src":"n2","body":{"msg_id":112,"in_reply_to":108,"type":"RequestVoteRes","term":9,"res":true},"id":301}
DEBUG:root:received {"dest":"n2","src":"n3","body":{"msg_id":60,"in_reply_to":109,"type":"RequestVoteRes","term":9,"res":true},"id":302}
DEBUG:root:received {"dest":"n2","src":"n5","body":{"msg_id":51,"in_reply_to":111,"type":"RequestVoteRes","term":9,"res":true},"id":303}
DEBUG:root:received {"dest":"n2","src":"n4","body":{"msg_id":57,"in_reply_to":106,"type":"AppendEntriesRes","res":true,"term":8,"next":4,"commit":0},"id":304}
INFO:root:Got a response to the vote Request #475

INFO:root:node id:
n2
leader
n2
kvsotr
{}
cur term
9
log 
[(('pass', None), 0), [['pass', None], 0], (('write', (0, 1)), 2)]
commit indez e last applied
0
0
candidate, votes, voted for
True
0
n2
timeout dict
{'n1': 1651673107862387181, 'n2': 1651673108671559365, 'n3': 1651673108657842280, 'n4': 1651673108661471969, 'n5': 1651673108661385130}
curr time
1651673108671795351

INFO:root:resposta
True
majority
3

INFO:root:antes  #487
0

INFO:root:depois  #489
1

INFO:root:Got a response to the vote Request #475

INFO:root:node id:
n2
leader
n2
kvsotr
{}
cur term
9
log 
[(('pass', None), 0), [['pass', None], 0], (('write', (0, 1)), 2)]
commit indez e last applied
0
0
candidate, votes, voted for
True
1
n2
timeout dict
{'n1': 1651673107862387181, 'n2': 1651673108671559365, 'n3': 1651673108672540204, 'n4': 1651673108661471969, 'n5': 1651673108661385130}
curr time
1651673108672672356

INFO:root:resposta
True
majority
3

INFO:root:antes  #487
1

INFO:root:depois  #489
2

INFO:root:Got a response to the vote Request #475

INFO:root:node id:
n2
leader
n2
kvsotr
{}
cur term
9
log 
[(('pass', None), 0), [['pass', None], 0], (('write', (0, 1)), 2)]
commit indez e last applied
0
0
candidate, votes, voted for
True
2
n2
timeout dict
{'n1': 1651673107862387181, 'n2': 1651673108671559365, 'n3': 1651673108672540204, 'n4': 1651673108661471969, 'n5': 1651673108673268636}
curr time
1651673108673395542

INFO:root:resposta
True
majority
3

INFO:root:antes  #487
2

INFO:root:depois  #489
3

INFO:root:became leader
log
[(('pass', None), 0), [['pass', None], 0], (('write', (0, 1)), 2)]
match index
{'n1': 0, 'n2': 0, 'n3': 0, 'n4': 0, 'n5': 0}

INFO:root:vote ended, new leader is
n2

INFO:root:sending HB

INFO:root:HBdest
n1
nextIndex
{'n1': 3, 'n2': 3, 'n3': 3, 'n4': 3, 'n5': 3}
log
[(('pass', None), 0), [['pass', None], 0], (('write', (0, 1)), 2)]

DEBUG:root:sending {"dest": "n1", "src": "n2", "body": {"msg_id": 113, "type": "AppendEntries", "term": 9, "prevIndex": 2, "prevTerm": 2, "entries": [], "commit": 0}}
DEBUG:root:received {"dest":"n2","src":"n4","body":{"msg_id":58,"in_reply_to":110,"type":"RequestVoteRes","term":8,"res":false},"id":305}
INFO:root:HBdest
n3
nextIndex
{'n1': 3, 'n2': 3, 'n3': 3, 'n4': 3, 'n5': 3}
log
[(('pass', None), 0), [['pass', None], 0], (('write', (0, 1)), 2)]

DEBUG:root:sending {"dest": "n3", "src": "n2", "body": {"msg_id": 114, "type": "AppendEntries", "term": 9, "prevIndex": 2, "prevTerm": 2, "entries": [], "commit": 0}}
INFO:root:HBdest
n4
nextIndex
{'n1': 3, 'n2': 3, 'n3': 3, 'n4': 3, 'n5': 3}
log
[(('pass', None), 0), [['pass', None], 0], (('write', (0, 1)), 2)]

DEBUG:root:sending {"dest": "n4", "src": "n2", "body": {"msg_id": 115, "type": "AppendEntries", "term": 9, "prevIndex": 2, "prevTerm": 2, "entries": [], "commit": 0}}
INFO:root:HBdest
n5
nextIndex
{'n1': 3, 'n2': 3, 'n3': 3, 'n4': 3, 'n5': 3}
log
[(('pass', None), 0), [['pass', None], 0], (('write', (0, 1)), 2)]

DEBUG:root:sending {"dest": "n5", "src": "n2", "body": {"msg_id": 116, "type": "AppendEntries", "term": 9, "prevIndex": 2, "prevTerm": 2, "entries": [], "commit": 0}}
INFO:root:Got a response to the vote Request #475

INFO:root:node id:
n2
leader
n2
kvsotr
{}
cur term
9
log 
[(('pass', None), 0), [['pass', None], 0], (('write', (0, 1)), 2)]
commit indez e last applied
0
0
candidate, votes, voted for
False
None
None
timeout dict
{'n1': 1651673107862387181, 'n2': 1651673108671559365, 'n3': 1651673108672540204, 'n4': 1651673108677472587, 'n5': 1651673108673268636}
curr time
1651673108677863539

DEBUG:root:received {"dest":"n2","src":"n3","body":{"msg_id":61,"in_reply_to":114,"type":"AppendEntriesRes","res":true,"term":9,"next":3,"commit":0},"id":310}
INFO:root:resposta
False
majority
3

DEBUG:root:received {"dest":"n2","src":"n4","body":{"msg_id":59,"in_reply_to":115,"type":"AppendEntriesRes","res":true,"term":9,"next":4,"commit":0},"id":311}
DEBUG:root:received {"dest":"n2","src":"n5","body":{"msg_id":53,"type":"RequestVote","term":10,"prevLogIndex":2,"lastLogTerm":2,"candidateId":"n5"},"id":313}
INFO:root:log atual
[(('pass', None), 0), [['pass', None], 0], (('write', (0, 1)), 2)]
prevlog index
2
 last log term
2

DEBUG:root:sending {"dest": "n5", "src": "n2", "body": {"msg_id": 117, "in_reply_to": 53, "type": "RequestVoteRes", "term": 10, "res": true}}
INFO:root:election started and voted vor
n5
at time
1651673108681995605

DEBUG:root:received {"dest":"n2","src":"n5","body":{"msg_id":57,"in_reply_to":116,"type":"AppendEntriesRes","res":false,"term":10},"id":317}
INFO:root:387##########:
node
n2
current term
10
next I
{'n1': 3, 'n2': 3, 'n3': 3, 'n4': 4, 'n5': 2}
log
[(('pass', None), 0), [['pass', None], 0], (('write', (0, 1)), 2)]
dest
n5

DEBUG:root:sending {"dest": "n5", "src": "n2", "body": {"msg_id": 118, "type": "AppendEntries", "term": 10, "prevIndex": 1, "prevTerm": 0, "entries": [[["write", [0, 1]], 2]], "commit": 0}}
DEBUG:root:received {"dest":"n2","src":"n5","body":{"msg_id":59,"in_reply_to":118,"type":"AppendEntriesRes","res":true,"term":10,"next":4,"commit":0},"id":323}
INFO:root:sending HB

INFO:root:HBdest
n1
nextIndex
{'n1': 3, 'n2': 3, 'n3': 3, 'n4': 4, 'n5': 4}
log
[(('pass', None), 0), [['pass', None], 0], (('write', (0, 1)), 2)]

DEBUG:root:sending {"dest": "n1", "src": "n2", "body": {"msg_id": 119, "type": "AppendEntries", "term": 10, "prevIndex": 2, "prevTerm": 2, "entries": [], "commit": 0}}
INFO:root:HBdest
n3
nextIndex
{'n1': 3, 'n2': 3, 'n3': 3, 'n4': 4, 'n5': 4}
log
[(('pass', None), 0), [['pass', None], 0], (('write', (0, 1)), 2)]

DEBUG:root:sending {"dest": "n3", "src": "n2", "body": {"msg_id": 120, "type": "AppendEntries", "term": 10, "prevIndex": 2, "prevTerm": 2, "entries": [], "commit": 0}}
INFO:root:HBdest
n4
nextIndex
{'n1': 3, 'n2': 3, 'n3': 3, 'n4': 4, 'n5': 4}
log
[(('pass', None), 0), [['pass', None], 0], (('write', (0, 1)), 2)]

Exception in thread Thread-23:
Traceback (most recent call last):
  File "/usr/lib/python3.10/threading.py", line 1009, in _bootstrap_inner
    self.run()
  File "/usr/lib/python3.10/threading.py", line 1371, in run
    self.function(*self.args, **self.kwargs)
  File "/home/peter/Documents/tf/lab3/raft.py", line 136, in recursive_heartbeats
    heartbeat(dest)
  File "/home/peter/Documents/tf/lab3/raft.py", line 124, in heartbeat
    prevTerm=log[nextIndex[dest]-1][1]
IndexError: list index out of range
DEBUG:root:received {"dest":"n2","src":"n3","body":{"msg_id":63,"in_reply_to":120,"type":"AppendEntriesRes","res":true,"term":10,"next":3,"commit":0},"id":326}
INFO:root:sending HB

INFO:root:HBdest
n1
nextIndex
{'n1': 3, 'n2': 3, 'n3': 3, 'n4': 4, 'n5': 4}
log
[(('pass', None), 0), [['pass', None], 0], (('write', (0, 1)), 2)]

DEBUG:root:sending {"dest": "n1", "src": "n2", "body": {"msg_id": 121, "type": "AppendEntries", "term": 10, "prevIndex": 2, "prevTerm": 2, "entries": [], "commit": 0}}
INFO:root:HBdest
n3
nextIndex
{'n1': 3, 'n2': 3, 'n3': 3, 'n4': 4, 'n5': 4}
log
[(('pass', None), 0), [['pass', None], 0], (('write', (0, 1)), 2)]

DEBUG:root:sending {"dest": "n3", "src": "n2", "body": {"msg_id": 122, "type": "AppendEntries", "term": 10, "prevIndex": 2, "prevTerm": 2, "entries": [], "commit": 0}}
INFO:root:HBdest
n4
nextIndex
{'n1': 3, 'n2': 3, 'n3': 3, 'n4': 4, 'n5': 4}
log
[(('pass', None), 0), [['pass', None], 0], (('write', (0, 1)), 2)]

Exception in thread Thread-25:
Traceback (most recent call last):
  File "/usr/lib/python3.10/threading.py", line 1009, in _bootstrap_inner
    self.run()
  File "/usr/lib/python3.10/threading.py", line 1371, in run
    self.function(*self.args, **self.kwargs)
  File "/home/peter/Documents/tf/lab3/raft.py", line 136, in recursive_heartbeats
    heartbeat(dest)
  File "/home/peter/Documents/tf/lab3/raft.py", line 124, in heartbeat
    prevTerm=log[nextIndex[dest]-1][1]
IndexError: list index out of range
DEBUG:root:received {"dest":"n2","src":"n3","body":{"msg_id":64,"in_reply_to":122,"type":"AppendEntriesRes","res":true,"term":10,"next":3,"commit":0},"id":329}
INFO:root:sending HB

INFO:root:HBdest
n1
nextIndex
{'n1': 3, 'n2': 3, 'n3': 3, 'n4': 4, 'n5': 4}
log
[(('pass', None), 0), [['pass', None], 0], (('write', (0, 1)), 2)]

DEBUG:root:sending {"dest": "n1", "src": "n2", "body": {"msg_id": 123, "type": "AppendEntries", "term": 10, "prevIndex": 2, "prevTerm": 2, "entries": [], "commit": 0}}
INFO:root:HBdest
n3
nextIndex
{'n1': 3, 'n2': 3, 'n3': 3, 'n4': 4, 'n5': 4}
log
[(('pass', None), 0), [['pass', None], 0], (('write', (0, 1)), 2)]

DEBUG:root:sending {"dest": "n3", "src": "n2", "body": {"msg_id": 124, "type": "AppendEntries", "term": 10, "prevIndex": 2, "prevTerm": 2, "entries": [], "commit": 0}}
INFO:root:HBdest
n4
nextIndex
{'n1': 3, 'n2': 3, 'n3': 3, 'n4': 4, 'n5': 4}
log
[(('pass', None), 0), [['pass', None], 0], (('write', (0, 1)), 2)]

Exception in thread Thread-29:
Traceback (most recent call last):
  File "/usr/lib/python3.10/threading.py", line 1009, in _bootstrap_inner
    self.run()
  File "/usr/lib/python3.10/threading.py", line 1371, in run
    self.function(*self.args, **self.kwargs)
  File "/home/peter/Documents/tf/lab3/raft.py", line 136, in recursive_heartbeats
    heartbeat(dest)
  File "/home/peter/Documents/tf/lab3/raft.py", line 124, in heartbeat
DEBUG:root:received {"dest":"n2","src":"n3","body":{"msg_id":65,"in_reply_to":124,"type":"AppendEntriesRes","res":true,"term":10,"next":3,"commit":0},"id":332}
    prevTerm=log[nextIndex[dest]-1][1]
IndexError: list index out of range
DEBUG:root:received {"dest":"n2","body":{"key":1,"from":2,"to":4,"type":"cas","msg_id":1},"src":"c13","id":333}
DEBUG:root:sending {"dest": "n1", "src": "n2", "body": {"msg_id": 125, "type": "AppendEntries", "term": 10, "entries": [[["cas", [1, [2, 4]]], 10]], "prevIndex": 2, "prevTerm": 2, "commit": 0}}
DEBUG:root:sending {"dest": "n3", "src": "n2", "body": {"msg_id": 126, "type": "AppendEntries", "term": 10, "entries": [[["cas", [1, [2, 4]]], 10]], "prevIndex": 2, "prevTerm": 2, "commit": 0}}
DEBUG:root:received {"dest":"n2","src":"n3","body":{"msg_id":66,"in_reply_to":126,"type":"AppendEntriesRes","res":true,"term":10,"next":4,"commit":0},"id":336}
INFO:root:election timeout, starting new election

INFO:root:starting new elections, new term
11
sec, min max hb
0.3857756006051063
0.3333333333333333
0.5

INFO:root:Requesting new Vote

DEBUG:root:sending {"dest": "n1", "src": "n2", "body": {"msg_id": 127, "type": "RequestVote", "term": 11, "prevLogIndex": 3, "lastLogTerm": 10, "candidateId": "n2"}}
DEBUG:root:sending {"dest": "n2", "src": "n2", "body": {"msg_id": 128, "type": "RequestVote", "term": 11, "prevLogIndex": 3, "lastLogTerm": 10, "candidateId": "n2"}}
DEBUG:root:sending {"dest": "n3", "src": "n2", "body": {"msg_id": 129, "type": "RequestVote", "term": 11, "prevLogIndex": 3, "lastLogTerm": 10, "candidateId": "n2"}}
DEBUG:root:sending {"dest": "n4", "src": "n2", "body": {"msg_id": 130, "type": "RequestVote", "term": 11, "prevLogIndex": 3, "lastLogTerm": 10, "candidateId": "n2"}}
DEBUG:root:sending {"dest": "n5", "src": "n2", "body": {"msg_id": 131, "type": "RequestVote", "term": 11, "prevLogIndex": 3, "lastLogTerm": 10, "candidateId": "n2"}}
DEBUG:root:received {"dest":"n2","src":"n2","body":{"msg_id":128,"type":"RequestVote","term":11,"prevLogIndex":3,"lastLogTerm":10,"candidateId":"n2"},"id":338}
INFO:root:voting for myself
n2
at time
1651673108897963945
nr votes
0

DEBUG:root:sending {"dest": "n2", "src": "n2", "body": {"msg_id": 132, "in_reply_to": 128, "type": "RequestVoteRes", "term": 11, "res": true}}
DEBUG:root:received {"dest":"n2","src":"n2","body":{"msg_id":132,"in_reply_to":128,"type":"RequestVoteRes","term":11,"res":true},"id":342}
DEBUG:root:received {"dest":"n2","src":"n3","body":{"msg_id":67,"in_reply_to":129,"type":"RequestVoteRes","term":11,"res":true},"id":343}
DEBUG:root:received {"dest":"n2","src":"n4","body":{"msg_id":61,"in_reply_to":130,"type":"RequestVoteRes","term":11,"res":true},"id":344}
DEBUG:root:received {"dest":"n2","src":"n5","body":{"msg_id":60,"in_reply_to":131,"type":"RequestVoteRes","term":10,"res":false},"id":345}
INFO:root:Got a response to the vote Request #475

INFO:root:node id:
n2
leader
n2
kvsotr
{}
cur term
11
log 
[(('pass', None), 0), [['pass', None], 0], (('write', (0, 1)), 2), (('cas', (1, (2, 4))), 10)]
commit indez e last applied
0
0
candidate, votes, voted for
True
0
n2
timeout dict
{'n1': 1651673107862387181, 'n2': 1651673108902696932, 'n3': 1651673108782571677, 'n4': 1651673108680213114, 'n5': 1651673108690693327}
curr time
1651673108902935519

INFO:root:resposta
True
majority
3

INFO:root:antes  #487
0

INFO:root:depois  #489
1

INFO:root:Got a response to the vote Request #475

INFO:root:node id:
n2
leader
n2
kvsotr
{}
cur term
11
log 
[(('pass', None), 0), [['pass', None], 0], (('write', (0, 1)), 2), (('cas', (1, (2, 4))), 10)]
commit indez e last applied
0
0
candidate, votes, voted for
True
1
n2
timeout dict
{'n1': 1651673107862387181, 'n2': 1651673108902696932, 'n3': 1651673108903898684, 'n4': 1651673108680213114, 'n5': 1651673108690693327}
curr time
1651673108904067933

INFO:root:resposta
True
majority
3

INFO:root:antes  #487
1

INFO:root:depois  #489
2

INFO:root:Got a response to the vote Request #475

INFO:root:node id:
n2
leader
n2
kvsotr
{}
cur term
11
log 
[(('pass', None), 0), [['pass', None], 0], (('write', (0, 1)), 2), (('cas', (1, (2, 4))), 10)]
commit indez e last applied
0
0
candidate, votes, voted for
True
2
n2
timeout dict
{'n1': 1651673107862387181, 'n2': 1651673108902696932, 'n3': 1651673108903898684, 'n4': 1651673108904912854, 'n5': 1651673108690693327}
curr time
1651673108905122003

INFO:root:resposta
True
majority
3

INFO:root:antes  #487
2

INFO:root:depois  #489
3

INFO:root:became leader
log
[(('pass', None), 0), [['pass', None], 0], (('write', (0, 1)), 2), (('cas', (1, (2, 4))), 10)]
match index
{'n1': 0, 'n2': 0, 'n3': 0, 'n4': 0, 'n5': 0}

INFO:root:vote ended, new leader is
n2

INFO:root:sending HB

INFO:root:HBdest
n1
nextIndex
{'n1': 4, 'n2': 4, 'n3': 4, 'n4': 4, 'n5': 4}
log
[(('pass', None), 0), [['pass', None], 0], (('write', (0, 1)), 2), (('cas', (1, (2, 4))), 10)]

DEBUG:root:sending {"dest": "n1", "src": "n2", "body": {"msg_id": 133, "type": "AppendEntries", "term": 11, "prevIndex": 3, "prevTerm": 10, "entries": [], "commit": 0}}
INFO:root:HBdest
n3
nextIndex
{'n1': 4, 'n2': 4, 'n3': 4, 'n4': 4, 'n5': 4}
log
[(('pass', None), 0), [['pass', None], 0], (('write', (0, 1)), 2), (('cas', (1, (2, 4))), 10)]

DEBUG:root:sending {"dest": "n3", "src": "n2", "body": {"msg_id": 134, "type": "AppendEntries", "term": 11, "prevIndex": 3, "prevTerm": 10, "entries": [], "commit": 0}}
INFO:root:HBdest
n4
nextIndex
{'n1': 4, 'n2': 4, 'n3': 4, 'n4': 4, 'n5': 4}
log
[(('pass', None), 0), [['pass', None], 0], (('write', (0, 1)), 2), (('cas', (1, (2, 4))), 10)]

DEBUG:root:sending {"dest": "n4", "src": "n2", "body": {"msg_id": 135, "type": "AppendEntries", "term": 11, "prevIndex": 3, "prevTerm": 10, "entries": [], "commit": 0}}
INFO:root:HBdest
n5
nextIndex
{'n1': 4, 'n2': 4, 'n3': 4, 'n4': 4, 'n5': 4}
log
[(('pass', None), 0), [['pass', None], 0], (('write', (0, 1)), 2), (('cas', (1, (2, 4))), 10)]

DEBUG:root:sending {"dest": "n5", "src": "n2", "body": {"msg_id": 136, "type": "AppendEntries", "term": 11, "prevIndex": 3, "prevTerm": 10, "entries": [], "commit": 0}}
DEBUG:root:received {"dest":"n2","src":"n3","body":{"msg_id":69,"type":"RequestVote","term":12,"prevLogIndex":3,"lastLogTerm":10,"candidateId":"n3"},"id":347}
DEBUG:root:received {"dest":"n2","src":"n5","body":{"msg_id":62,"type":"RequestVote","term":11,"prevLogIndex":3,"lastLogTerm":2,"candidateId":"n5"},"id":352}
INFO:root:election ended

INFO:root:Got a response to the vote Request #475

INFO:root:node id:
n2
leader
n2
kvsotr
{}
cur term
11
log 
[(('pass', None), 0), [['pass', None], 0], (('write', (0, 1)), 2), (('cas', (1, (2, 4))), 10)]
commit indez e last applied
0
0
candidate, votes, voted for
False
None
None
timeout dict
{'n1': 1651673107862387181, 'n2': 1651673108902696932, 'n3': 1651673108903898684, 'n4': 1651673108904912854, 'n5': 1651673108917248566}
curr time
1651673108918546150

INFO:root:election ended

INFO:root:resposta
False
majority
3

INFO:root:log atual
[(('pass', None), 0), [['pass', None], 0], (('write', (0, 1)), 2), (('cas', (1, (2, 4))), 10)]
prevlog index
3
 last log term
10

DEBUG:root:sending {"dest": "n3", "src": "n2", "body": {"msg_id": 137, "in_reply_to": 69, "type": "RequestVoteRes", "term": 12, "res": true}}
INFO:root:election started and voted vor
n3
at time
1651673108921119018

DEBUG:root:received {"dest":"n2","src":"n4","body":{"msg_id":65,"type":"RequestVote","term":12,"prevLogIndex":3,"lastLogTerm":2,"candidateId":"n4"},"id":366}
DEBUG:root:received {"dest":"n2","src":"n5","body":{"msg_id":68,"in_reply_to":136,"type":"AppendEntriesRes","res":false,"term":12},"id":370}
DEBUG:root:received {"dest":"n2","src":"n3","body":{"msg_id":75,"in_reply_to":134,"type":"AppendEntriesRes","res":false,"term":12},"id":371}
DEBUG:root:received {"dest":"n2","src":"n4","body":{"msg_id":69,"in_reply_to":135,"type":"AppendEntriesRes","res":false,"term":12},"id":375}
DEBUG:root:received {"dest":"n2","src":"n5","body":{"msg_id":70,"type":"RequestVote","term":13,"prevLogIndex":3,"lastLogTerm":2,"candidateId":"n5"},"id":376}
DEBUG:root:received {"dest":"n2","src":"n3","body":{"msg_id":78,"type":"RequestVote","term":13,"prevLogIndex":3,"lastLogTerm":10,"candidateId":"n3"},"id":380}
DEBUG:root:sending {"dest": "n5", "src": "n2", "body": {"msg_id": 138, "in_reply_to": 62, "type": "RequestVoteRes", "term": 12, "res": false}}
INFO:root:Bad election request, term is not up to date
n3
at time
1651673108925697946

INFO:root:log atual
[(('pass', None), 0), [['pass', None], 0], (('write', (0, 1)), 2), (('cas', (1, (2, 4))), 10)]
prevlog index
3
 last log term
2

DEBUG:root:sending {"dest": "n4", "src": "n2", "body": {"msg_id": 139, "in_reply_to": 65, "type": "RequestVoteRes", "term": 12, "res": false}}
INFO:root:387##########:
node
n2
current term
12
next I
{'n1': 4, 'n2': 4, 'n3': 4, 'n4': 4, 'n5': 3}
log
[(('pass', None), 0), [['pass', None], 0], (('write', (0, 1)), 2), (('cas', (1, (2, 4))), 10)]
dest
n5

DEBUG:root:sending {"dest": "n5", "src": "n2", "body": {"msg_id": 140, "type": "AppendEntries", "term": 12, "prevIndex": 2, "prevTerm": 2, "entries": [[["cas", [1, [2, 4]]], 10]], "commit": 0}}
INFO:root:387##########:
node
n2
current term
12
next I
{'n1': 4, 'n2': 4, 'n3': 3, 'n4': 4, 'n5': 3}
log
[(('pass', None), 0), [['pass', None], 0], (('write', (0, 1)), 2), (('cas', (1, (2, 4))), 10)]
dest
n3

DEBUG:root:sending {"dest": "n3", "src": "n2", "body": {"msg_id": 141, "type": "AppendEntries", "term": 12, "prevIndex": 2, "prevTerm": 2, "entries": [[["cas", [1, [2, 4]]], 10]], "commit": 0}}
INFO:root:387##########:
node
n2
current term
12
next I
{'n1': 4, 'n2': 4, 'n3': 3, 'n4': 3, 'n5': 3}
log
[(('pass', None), 0), [['pass', None], 0], (('write', (0, 1)), 2), (('cas', (1, (2, 4))), 10)]
dest
n4

DEBUG:root:sending {"dest": "n4", "src": "n2", "body": {"msg_id": 142, "type": "AppendEntries", "term": 12, "prevIndex": 2, "prevTerm": 2, "entries": [[["cas", [1, [2, 4]]], 10]], "commit": 0}}
INFO:root:log atual
[(('pass', None), 0), [['pass', None], 0], (('write', (0, 1)), 2), (('cas', (1, (2, 4))), 10)]
prevlog index
3
 last log term
2

DEBUG:root:sending {"dest": "n5", "src": "n2", "body": {"msg_id": 143, "in_reply_to": 70, "type": "RequestVoteRes", "term": 12, "res": false}}
INFO:root:log atual
[(('pass', None), 0), [['pass', None], 0], (('write', (0, 1)), 2), (('cas', (1, (2, 4))), 10)]
prevlog index
3
 last log term
10

DEBUG:root:sending {"dest": "n3", "src": "n2", "body": {"msg_id": 144, "in_reply_to": 78, "type": "RequestVoteRes", "term": 13, "res": true}}
INFO:root:election started and voted vor
n3
at time
1651673108928887176

INFO:root:election timeout, starting new election

DEBUG:root:received {"dest":"n2","src":"n4","body":{"msg_id":73,"in_reply_to":142,"type":"AppendEntriesRes","res":true,"term":12,"next":5,"commit":0},"id":401}
INFO:root:starting new elections, new term
14
sec, min max hb
0.3860423106416878
0.3333333333333333
0.5

INFO:root:Requesting new Vote

DEBUG:root:sending {"dest": "n1", "src": "n2", "body": {"msg_id": 145, "type": "RequestVote", "term": 14, "prevLogIndex": 3, "lastLogTerm": 10, "candidateId": "n2"}}
DEBUG:root:sending {"dest": "n2", "src": "n2", "body": {"msg_id": 146, "type": "RequestVote", "term": 14, "prevLogIndex": 3, "lastLogTerm": 10, "candidateId": "n2"}}
DEBUG:root:sending {"dest": "n3", "src": "n2", "body": {"msg_id": 147, "type": "RequestVote", "term": 14, "prevLogIndex": 3, "lastLogTerm": 10, "candidateId": "n2"}}
DEBUG:root:sending {"dest": "n4", "src": "n2", "body": {"msg_id": 148, "type": "RequestVote", "term": 14, "prevLogIndex": 3, "lastLogTerm": 10, "candidateId": "n2"}}
DEBUG:root:sending {"dest": "n5", "src": "n2", "body": {"msg_id": 149, "type": "RequestVote", "term": 14, "prevLogIndex": 3, "lastLogTerm": 10, "candidateId": "n2"}}
DEBUG:root:received {"dest":"n2","src":"n2","body":{"msg_id":146,"type":"RequestVote","term":14,"prevLogIndex":3,"lastLogTerm":10,"candidateId":"n2"},"id":404}
DEBUG:root:received {"dest":"n2","src":"n3","body":{"msg_id":84,"in_reply_to":141,"type":"AppendEntriesRes","res":false,"term":13},"id":406}
DEBUG:root:received {"dest":"n2","src":"n3","body":{"msg_id":86,"type":"AppendEntries","term":13,"prevIndex":3,"prevTerm":10,"entries":[],"commit":0},"id":410}
DEBUG:root:received {"dest":"n2","src":"n4","body":{"msg_id":74,"in_reply_to":148,"type":"RequestVoteRes","term":12,"res":false},"id":413}
DEBUG:root:received {"dest":"n2","src":"n5","body":{"msg_id":78,"type":"RequestVote","term":14,"prevLogIndex":3,"lastLogTerm":2,"candidateId":"n5"},"id":414}
INFO:root:voting for myself
n2
at time
1651673108946694104
nr votes
0

DEBUG:root:sending {"dest": "n2", "src": "n2", "body": {"msg_id": 150, "in_reply_to": 146, "type": "RequestVoteRes", "term": 14, "res": true}}
INFO:root:387##########:
node
n2
current term
14
next I
{'n1': 4, 'n2': 4, 'n3': 2, 'n4': 5, 'n5': 3}
log
[(('pass', None), 0), [['pass', None], 0], (('write', (0, 1)), 2), (('cas', (1, (2, 4))), 10)]
dest
n3

DEBUG:root:sending {"dest": "n3", "src": "n2", "body": {"msg_id": 151, "type": "AppendEntries", "term": 14, "prevIndex": 1, "prevTerm": 0, "entries": [[["write", [0, 1]], 2], [["cas", [1, [2, 4]]], 10]], "commit": 0}}
DEBUG:root:sending {"dest": "n3", "src": "n2", "body": {"msg_id": 152, "in_reply_to": 86, "type": "AppendEntriesRes", "res": false, "term": 14}}
INFO:root:msg term
13
current term
14
log
[(('pass', None), 0), [['pass', None], 0], (('write', (0, 1)), 2), (('cas', (1, (2, 4))), 10)]
msg entries
[]

INFO:root:Got a response to the vote Request #475

INFO:root:node id:
n2
leader
n2
kvsotr
{}
cur term
14
log 
[(('pass', None), 0), [['pass', None], 0], (('write', (0, 1)), 2), (('cas', (1, (2, 4))), 10)]
commit indez e last applied
0
0
candidate, votes, voted for
True
0
n2
timeout dict
{'n1': 1651673107862387181, 'n2': 1651673108946685431, 'n3': 1651673108947763807, 'n4': 1651673108948217111, 'n5': 1651673108927980785}
curr time
1651673108948343077

INFO:root:resposta
False
majority
3

INFO:root:log atual
[(('pass', None), 0), [['pass', None], 0], (('write', (0, 1)), 2), (('cas', (1, (2, 4))), 10)]
prevlog index
3
 last log term
2

DEBUG:root:sending {"dest": "n5", "src": "n2", "body": {"msg_id": 153, "in_reply_to": 78, "type": "RequestVoteRes", "term": 14, "res": false}}
DEBUG:root:received {"dest":"n2","src":"n5","body":{"msg_id":82,"in_reply_to":140,"type":"AppendEntriesRes","res":false,"term":14},"id":418}
DEBUG:root:received {"dest":"n2","src":"n5","body":{"msg_id":83,"in_reply_to":149,"type":"RequestVoteRes","term":14,"res":true},"id":419}
INFO:root:387##########:
node
n2
current term
14
next I
{'n1': 4, 'n2': 4, 'n3': 2, 'n4': 5, 'n5': 2}
log
[(('pass', None), 0), [['pass', None], 0], (('write', (0, 1)), 2), (('cas', (1, (2, 4))), 10)]
dest
n5

DEBUG:root:sending {"dest": "n5", "src": "n2", "body": {"msg_id": 154, "type": "AppendEntries", "term": 14, "prevIndex": 1, "prevTerm": 0, "entries": [[["write", [0, 1]], 2], [["cas", [1, [2, 4]]], 10]], "commit": 0}}
INFO:root:Got a response to the vote Request #475

INFO:root:node id:
n2
leader
n2
kvsotr
{}
cur term
14
log 
[(('pass', None), 0), [['pass', None], 0], (('write', (0, 1)), 2), (('cas', (1, (2, 4))), 10)]
commit indez e last applied
0
0
candidate, votes, voted for
True
0
n2
timeout dict
{'n1': 1651673107862387181, 'n2': 1651673108946685431, 'n3': 1651673108947763807, 'n4': 1651673108948217111, 'n5': 1651673108953167534}
curr time
1651673108953309328

INFO:root:resposta
True
majority
3

INFO:root:antes  #487
0

INFO:root:depois  #489
1

DEBUG:root:received {"dest":"n2","src":"n2","body":{"msg_id":150,"in_reply_to":146,"type":"RequestVoteRes","term":14,"res":true},"id":421}
INFO:root:Got a response to the vote Request #475

INFO:root:node id:
n2
leader
n2
kvsotr
{}
cur term
14
log 
[(('pass', None), 0), [['pass', None], 0], (('write', (0, 1)), 2), (('cas', (1, (2, 4))), 10)]
commit indez e last applied
0
0
candidate, votes, voted for
True
1
n2
timeout dict
{'n1': 1651673107862387181, 'n2': 1651673108955827350, 'n3': 1651673108947763807, 'n4': 1651673108948217111, 'n5': 1651673108953167534}
curr time
1651673108956044743

INFO:root:resposta
True
majority
3

INFO:root:antes  #487
1

INFO:root:depois  #489
2

DEBUG:root:received {"dest":"n2","src":"n5","body":{"msg_id":86,"in_reply_to":154,"type":"AppendEntriesRes","res":true,"term":14,"next":6,"commit":0},"id":429}
DEBUG:root:received {"dest":"n2","src":"n3","body":{"msg_id":89,"in_reply_to":147,"type":"RequestVoteRes","term":14,"res":true},"id":430}
INFO:root:Got a response to the vote Request #475

INFO:root:node id:
n2
leader
n2
kvsotr
{}
cur term
14
log 
[(('pass', None), 0), [['pass', None], 0], (('write', (0, 1)), 2), (('cas', (1, (2, 4))), 10)]
commit indez e last applied
0
0
candidate, votes, voted for
True
2
n2
timeout dict
{'n1': 1651673107862387181, 'n2': 1651673108955827350, 'n3': 1651673108961835568, 'n4': 1651673108948217111, 'n5': 1651673108959459578}
curr time
1651673108962458718

INFO:root:resposta
True
majority
3

INFO:root:antes  #487
2

INFO:root:depois  #489
3

INFO:root:became leader
log
[(('pass', None), 0), [['pass', None], 0], (('write', (0, 1)), 2), (('cas', (1, (2, 4))), 10)]
match index
{'n1': 0, 'n2': 0, 'n3': 0, 'n4': 0, 'n5': 0}

INFO:root:vote ended, new leader is
n2

INFO:root:sending HB

INFO:root:HBdest
n1
nextIndex
{'n1': 4, 'n2': 4, 'n3': 4, 'n4': 4, 'n5': 4}
log
[(('pass', None), 0), [['pass', None], 0], (('write', (0, 1)), 2), (('cas', (1, (2, 4))), 10)]

DEBUG:root:sending {"dest": "n1", "src": "n2", "body": {"msg_id": 155, "type": "AppendEntries", "term": 14, "prevIndex": 3, "prevTerm": 10, "entries": [], "commit": 0}}
INFO:root:HBdest
n3
nextIndex
{'n1': 4, 'n2': 4, 'n3': 4, 'n4': 4, 'n5': 4}
log
[(('pass', None), 0), [['pass', None], 0], (('write', (0, 1)), 2), (('cas', (1, (2, 4))), 10)]

DEBUG:root:sending {"dest": "n3", "src": "n2", "body": {"msg_id": 156, "type": "AppendEntries", "term": 14, "prevIndex": 3, "prevTerm": 10, "entries": [], "commit": 0}}
INFO:root:HBdest
n4
nextIndex
{'n1': 4, 'n2': 4, 'n3': 4, 'n4': 4, 'n5': 4}
log
[(('pass', None), 0), [['pass', None], 0], (('write', (0, 1)), 2), (('cas', (1, (2, 4))), 10)]

DEBUG:root:sending {"dest": "n4", "src": "n2", "body": {"msg_id": 157, "type": "AppendEntries", "term": 14, "prevIndex": 3, "prevTerm": 10, "entries": [], "commit": 0}}
INFO:root:HBdest
n5
nextIndex
{'n1': 4, 'n2': 4, 'n3': 4, 'n4': 4, 'n5': 4}
log
[(('pass', None), 0), [['pass', None], 0], (('write', (0, 1)), 2), (('cas', (1, (2, 4))), 10)]

DEBUG:root:sending {"dest": "n5", "src": "n2", "body": {"msg_id": 158, "type": "AppendEntries", "term": 14, "prevIndex": 3, "prevTerm": 10, "entries": [], "commit": 0}}
DEBUG:root:received {"dest":"n2","src":"n3","body":{"msg_id":92,"in_reply_to":151,"type":"AppendEntriesRes","res":true,"term":14,"next":6,"commit":0},"id":435}
DEBUG:root:received {"dest":"n2","src":"n3","body":{"msg_id":94,"type":"AppendEntries","term":14,"prevIndex":2,"prevTerm":2,"entries":[[["cas",[1,[2,4]]],10],[["write",[0,1]],2],[["cas",[1,[2,4]]],10]],"commit":0},"id":437}
DEBUG:root:received {"dest":"n2","src":"n4","body":{"msg_id":78,"in_reply_to":157,"type":"AppendEntriesRes","res":false,"term":14},"id":441}
ERROR:root:fatal exception in handler
Traceback (most recent call last):
  File "/home/peter/Documents/tf/lab3/ms.py", line 27, in exitOnError
    fn(*args)
  File "/home/peter/Documents/tf/lab3/raft.py", line 354, in handle
    if len(log)-1<=msg.body.prevIndex+i and log[msg.body.prevIndex+i][1]!=msg.body.entries[i-1][1]:
IndexError: list index out of range
