DEBUG:root:received {"dest":"n3","body":{"type":"init","node_id":"n3","node_ids":["n0","n1","n2","n3"],"msg_id":1},"src":"c1","id":1}
INFO:root:node n3 initialized
DEBUG:root:sending {"dest": "c1", "src": "n3", "body": {"msg_id": 1, "in_reply_to": 1, "type": "init_ok"}}
DEBUG:root:received {"dest":"n3","body":{"txn":[["append",8,1],["r",9,null]],"type":"txn","msg_id":1},"src":"c8","id":8}
INFO:root:Sending msg to be replicated, destn0
DEBUG:root:sending {"dest": "n0", "src": "n3", "body": {"msg_id": 2, "type": "txnRep", "msg": {"dest": "n3", "body": {"txn": [["append", 8, 1], ["r", 9, null]], "type": "txn", "msg_id": 1}, "src": "c8", "id": 8}}}
INFO:root:Sending msg to be replicated, destn1
DEBUG:root:sending {"dest": "n1", "src": "n3", "body": {"msg_id": 3, "type": "txnRep", "msg": {"dest": "n3", "body": {"txn": [["append", 8, 1], ["r", 9, null]], "type": "txn", "msg_id": 1}, "src": "c8", "id": 8}}}
INFO:root:Sending msg to be replicated, destn2
DEBUG:root:sending {"dest": "n2", "src": "n3", "body": {"msg_id": 4, "type": "txnRep", "msg": {"dest": "n3", "body": {"txn": [["append", 8, 1], ["r", 9, null]], "type": "txn", "msg_id": 1}, "src": "c8", "id": 8}}}
INFO:root:cehcking if we can commit the msg: id0
INFO:root:msgs{1: (namespace(dest='n3', body=namespace(txn=[['append', 8, 1], ['r', 9, None]], type='txn', msg_id=1), src='c8', id=8), True)}
DEBUG:root:received {"dest":"n3","src":"n2","body":{"msg_id":4,"type":"txnRep","msg":{"dest":"n2","body":{"txn":[["r",8,null],["r",9,null],["r",4,null]],"type":"txn","msg_id":1},"src":"c9","id":12}},"id":15}
INFO:root:cehcking if we can commit the msg: id0
INFO:root:msgs{1: (namespace(dest='n2', body=namespace(txn=[['r', 8, None], ['r', 9, None], ['r', 4, None]], type='txn', msg_id=1), src='c9', id=12), False)}
DEBUG:root:received {"dest":"n3","src":"n1","body":{"msg_id":4,"type":"txnRep","msg":{"dest":"n1","body":{"txn":[["r",9,null],["append",9,1]],"type":"txn","msg_id":1},"src":"c10","id":16}},"id":19}
INFO:root:cehcking if we can commit the msg: id0
INFO:root:msgs{1: (namespace(dest='n1', body=namespace(txn=[['r', 9, None], ['append', 9, 1]], type='txn', msg_id=1), src='c10', id=16), False)}
DEBUG:root:received {"dest":"n3","src":"n0","body":{"msg_id":4,"type":"txnRep","msg":{"dest":"n0","body":{"txn":[["append",6,1],["append",8,2],["append",4,1]],"type":"txn","msg_id":1},"src":"c11","id":20}},"id":23}
INFO:root:cehcking if we can commit the msg: id0
INFO:root:msgs{1: (namespace(dest='n0', body=namespace(txn=[['append', 6, 1], ['append', 8, 2], ['append', 4, 1]], type='txn', msg_id=1), src='c11', id=20), False)}
