2022-05-03 14:20:24,166{GMT}	INFO	[jepsen test runner] jepsen.core: Test version ba6f9e66132a8e6051301f5fc7fd18e877f6bddb (plus uncommitted changes)
2022-05-03 14:20:24,166{GMT}	INFO	[jepsen test runner] jepsen.core: Command line:
lein run test --bin simpler.py --workload lin-kv --concurrency 4n --time-limit 2
2022-05-03 14:20:24,225{GMT}	INFO	[jepsen test runner] jepsen.core: Running test:
{:remote #jepsen.control.SSHRemote{:session nil}
 :log-net-send false
 :node-count nil
 :max-txn-length 4
 :concurrency 20
 :db
 #object[maelstrom.db$db$reify__16747
         "0xcf0e8b4"
         "maelstrom.db$db$reify__16747@cf0e8b4"]
 :max-writes-per-key 16
 :leave-db-running? false
 :name "lin-kv"
 :logging-json? false
 :net-journal #object[clojure.lang.Atom "0x51a7ee4e" {:status :ready, :val []}]
 :start-time
 #object[org.joda.time.DateTime "0x424c8ebe" "2022-05-03T14:20:24.000+01:00"]
 :nemesis-interval 10
 :net
 #object[maelstrom.net$jepsen_adapter$reify__15560
         "0x7aafac17"
         "maelstrom.net$jepsen_adapter$reify__15560@7aafac17"]
 :client
 #object[maelstrom.workload.lin_kv$client$reify__17524
         "0x3054551f"
         "maelstrom.workload.lin_kv$client$reify__17524@3054551f"]
 :barrier
 #object[java.util.concurrent.CyclicBarrier
         "0x6b8cfbeb"
         "java.util.concurrent.CyclicBarrier@6b8cfbeb"]
 :log-stderr false
 :pure-generators true
 :ssh {:dummy? true}
 :rate 5
 :checker
 #object[jepsen.checker$compose$reify__8612
         "0x4603845b"
         "jepsen.checker$compose$reify__8612@4603845b"]
 :argv
 ("test"
  "--bin"
  "simpler.py"
  "--workload"
  "lin-kv"
  "--concurrency"
  "4n"
  "--time-limit"
  "2")
 :nemesis
 (jepsen.nemesis.ReflCompose
  {:fm {:start-partition 0,
        :stop-partition 0,
        :kill 1,
        :start 1,
        :pause 1,
        :resume 1},
   :nemeses [#unprintable "jepsen.nemesis.combined$partition_nemesis$reify__17019@414b5798"
             #unprintable "jepsen.nemesis.combined$db_nemesis$reify__17000@53251e03"]})
 :active-histories
 #object[clojure.lang.Atom "0x5ffae42f" {:status :ready, :val #{}}]
 :nodes ["n1" "n2" "n3" "n4" "n5"]
 :test-count 1
 :latency {:mean 0, :dist :constant}
 :bin "simpler.py"
 :generator
 (jepsen.generator.TimeLimit
  {:limit 2000000000,
   :cutoff nil,
   :gen (jepsen.generator.Any
         {:gens [(jepsen.generator.OnThreads {:f #{:nemesis}, :gen nil})
                 (jepsen.generator.OnThreads
                  {:f #object[clojure.core$complement$fn__5654
                              "0x3eff5c32"
                              "clojure.core$complement$fn__5654@3eff5c32"],
                   :gen (jepsen.generator.Stagger
                         {:dt 400000000,
                          :next-time nil,
                          :gen (jepsen.generator.OnThreads
                                {:f #object[clojure.core$complement$fn__5654
                                            "0x79d538c1"
                                            "clojure.core$complement$fn__5654@79d538c1"],
                                 :gen (jepsen.independent.ConcurrentGenerator
                                       {:n 10,
                                        :fgen #object[jepsen.tests.linearizable_register$test$fn__17324
                                                      "0x31e08c61"
                                                      "jepsen.tests.linearizable_register$test$fn__17324@31e08c61"],
                                        :group->threads nil,
                                        :thread->group nil,
                                        :keys (0 1 2 3 4 5 6 7 ...),
                                        :gens nil})})})})]})})
 :log-net-recv false
 :os
 #object[jepsen.os$reify__2490 "0x2db15764" "jepsen.os$reify__2490@2db15764"]
 :time-limit 2
 :workload :lin-kv
 :consistency-models [:strict-serializable]
 :topology :grid}

2022-05-03 14:20:24,232{GMT}	INFO	[jepsen test runner] jepsen.db: Tearing down DB
2022-05-03 14:20:24,234{GMT}	INFO	[jepsen test runner] jepsen.db: Setting up DB
2022-05-03 14:20:24,235{GMT}	INFO	[jepsen node n3] maelstrom.db: Setting up n3
2022-05-03 14:20:24,235{GMT}	INFO	[jepsen node n4] maelstrom.db: Setting up n4
2022-05-03 14:20:24,235{GMT}	INFO	[jepsen node n5] maelstrom.db: Setting up n5
2022-05-03 14:20:24,235{GMT}	INFO	[jepsen node n2] maelstrom.db: Setting up n2
2022-05-03 14:20:24,236{GMT}	INFO	[jepsen node n2] maelstrom.process: launching simpler.py nil
2022-05-03 14:20:24,236{GMT}	INFO	[jepsen node n4] maelstrom.process: launching simpler.py nil
2022-05-03 14:20:24,236{GMT}	INFO	[jepsen node n3] maelstrom.process: launching simpler.py nil
2022-05-03 14:20:24,236{GMT}	INFO	[jepsen node n5] maelstrom.process: launching simpler.py nil
2022-05-03 14:20:24,239{GMT}	INFO	[jepsen node n1] maelstrom.service: Starting services: (lin-kv lin-tso lww-kv seq-kv)
2022-05-03 14:20:24,242{GMT}	INFO	[jepsen node n1] maelstrom.db: Setting up n1
2022-05-03 14:20:24,243{GMT}	INFO	[jepsen node n1] maelstrom.process: launching simpler.py nil
2022-05-03 14:20:24,320{GMT}	INFO	[jepsen test runner] jepsen.core: Relative time begins now
2022-05-03 14:20:24,360{GMT}	INFO	[jepsen worker 2] jepsen.util: 2	:invoke	:read	[0 nil]
2022-05-03 14:20:24,368{GMT}	INFO	[jepsen worker 2] jepsen.util: 2	:fail	:read	[0 nil]	[:unknown "Not Leader"]
2022-05-03 14:20:24,711{GMT}	INFO	[jepsen worker 4] jepsen.util: 4	:invoke	:read	[0 nil]
2022-05-03 14:20:24,717{GMT}	INFO	[jepsen worker 4] jepsen.util: 4	:fail	:read	[0 nil]	[:unknown "Not Leader"]
2022-05-03 14:20:24,981{GMT}	INFO	[jepsen worker 10] jepsen.util: 10	:invoke	:cas	[1 [0 2]]
2022-05-03 14:20:25,098{GMT}	INFO	[jepsen worker 4] jepsen.util: 4	:invoke	:read	[0 nil]
2022-05-03 14:20:25,103{GMT}	INFO	[jepsen worker 4] jepsen.util: 4	:fail	:read	[0 nil]	[:unknown "Not Leader"]
2022-05-03 14:20:25,325{GMT}	INFO	[jepsen worker 1] jepsen.util: 1	:invoke	:read	[0 nil]
2022-05-03 14:20:25,332{GMT}	INFO	[jepsen worker 1] jepsen.util: 1	:fail	:read	[0 nil]	[:unknown "Not Leader"]
2022-05-03 14:20:25,589{GMT}	INFO	[jepsen worker 15] jepsen.util: 15	:invoke	:write	[1 0]
2022-05-03 14:20:25,640{GMT}	INFO	[jepsen worker 13] jepsen.util: 13	:invoke	:write	[1 2]
2022-05-03 14:20:25,938{GMT}	INFO	[jepsen worker 11] jepsen.util: 11	:invoke	:write	[1 4]
2022-05-03 14:20:25,943{GMT}	INFO	[jepsen worker 11] jepsen.util: 11	:info	:write	[1 4]	[:unknown "Not Leader"]
2022-05-03 14:20:25,955{GMT}	INFO	[jepsen worker 4] jepsen.util: 4	:invoke	:read	[0 nil]
2022-05-03 14:20:25,960{GMT}	INFO	[jepsen worker 4] jepsen.util: 4	:fail	:read	[0 nil]	[:unknown "Not Leader"]
2022-05-03 14:20:25,982{GMT}	INFO	[jepsen worker 10] jepsen.util: 10	:info	:cas	[1 [0 2]]	:net-timeout
2022-05-03 14:20:26,318{GMT}	INFO	[jepsen worker 0] jepsen.util: 0	:invoke	:read	[0 nil]
2022-05-03 14:20:26,322{GMT}	INFO	[jepsen worker 0] jepsen.util: 0	:fail	:read	[0 nil]	[:unknown "Invalid Key"]
2022-05-03 14:20:26,591{GMT}	INFO	[jepsen worker 15] jepsen.util: 15	:info	:write	[1 0]	:net-timeout
2022-05-03 14:20:26,642{GMT}	INFO	[jepsen worker 13] jepsen.util: 13	:info	:write	[1 2]	:net-timeout
2022-05-03 14:20:26,650{GMT}	INFO	[jepsen node n1] maelstrom.db: Tearing down n1
2022-05-03 14:20:26,650{GMT}	INFO	[jepsen node n4] maelstrom.db: Tearing down n4
2022-05-03 14:20:26,650{GMT}	INFO	[jepsen node n2] maelstrom.db: Tearing down n2
2022-05-03 14:20:26,650{GMT}	INFO	[jepsen node n3] maelstrom.db: Tearing down n3
2022-05-03 14:20:26,650{GMT}	INFO	[jepsen node n5] maelstrom.db: Tearing down n5
2022-05-03 14:20:28,248{GMT}	INFO	[jepsen test runner] jepsen.core: Run complete, writing
2022-05-03 14:20:28,293{GMT}	INFO	[jepsen test runner] jepsen.core: Analyzing...
2022-05-03 14:20:28,365{GMT}	INFO	[clojure-agent-send-pool-0] jepsen.independent: Wrote /home/peter/Documents/tf/lab3/store/lin-kv/20220503T142024.000+0100/independent/0/results.edn
2022-05-03 14:20:28,368{GMT}	INFO	[clojure-agent-send-pool-0] jepsen.independent: Wrote /home/peter/Documents/tf/lab3/store/lin-kv/20220503T142024.000+0100/independent/0/history.edn
2022-05-03 14:20:28,385{GMT}	INFO	[clojure-agent-send-pool-1] jepsen.independent: Wrote /home/peter/Documents/tf/lab3/store/lin-kv/20220503T142024.000+0100/independent/1/results.edn
2022-05-03 14:20:28,387{GMT}	INFO	[clojure-agent-send-pool-1] jepsen.independent: Wrote /home/peter/Documents/tf/lab3/store/lin-kv/20220503T142024.000+0100/independent/1/history.edn
2022-05-03 14:20:28,507{GMT}	INFO	[jepsen test runner] jepsen.core: Analysis complete
2022-05-03 14:20:28,528{GMT}	INFO	[jepsen results] jepsen.store: Wrote /home/peter/Documents/tf/lab3/store/lin-kv/20220503T142024.000+0100/results.edn
2022-05-03 14:20:28,545{GMT}	INFO	[jepsen test runner] jepsen.core: {:perf {:latency-graph {:valid? true},
        :rate-graph {:valid? true},
        :valid? true},
 :timeline {:valid? true},
 :exceptions {:valid? true},
 :stats {:valid? false,
         :count 10,
         :ok-count 0,
         :fail-count 6,
         :info-count 4,
         :by-f {:cas {:valid? false,
                      :count 1,
                      :ok-count 0,
                      :fail-count 0,
                      :info-count 1},
                :read {:valid? false,
                       :count 6,
                       :ok-count 0,
                       :fail-count 6,
                       :info-count 0},
                :write {:valid? false,
                        :count 3,
                        :ok-count 0,
                        :fail-count 0,
                        :info-count 3}}},
 :net {:stats {:all {:send-count 219,
                     :recv-count 219,
                     :msg-count 219,
                     :msgs-per-op 21.9},
               :clients {:send-count 27,
                         :recv-count 27,
                         :msg-count 27},
               :servers {:send-count 192,
                         :recv-count 192,
                         :msg-count 192,
                         :msgs-per-op 19.2}},
       :valid? true},
 :workload {:valid? true,
            :results {0 {:linearizable {:valid? true,
                                        :configs ({:model #knossos.model.CASRegister{:value nil},
                                                   :last-op nil,
                                                   :pending []}),
                                        :final-paths ()},
                         :timeline {:valid? true},
                         :valid? true},
                      1 {:linearizable {:valid? true,
                                        :configs ({:model #knossos.model.CASRegister{:value nil},
                                                   :last-op nil,
                                                   :pending [{:process 10,
                                                              :type :invoke,
                                                              :f :cas,
                                                              :value [0
                                                                      2],
                                                              :index 4,
                                                              :time 658076238}
                                                             {:process 11,
                                                              :type :invoke,
                                                              :f :write,
                                                              :value 4,
                                                              :index 11,
                                                              :time 1615356087}
                                                             {:process 13,
                                                              :type :invoke,
                                                              :f :write,
                                                              :value 2,
                                                              :index 10,
                                                              :time 1317612383}
                                                             {:process 15,
                                                              :type :invoke,
                                                              :f :write,
                                                              :value 0,
                                                              :index 9,
                                                              :time 1266798368}]}),
                                        :final-paths ()},
                         :timeline {:valid? true},
                         :valid? true}},
            :failures []},
 :valid? false}


Analysis invalid! (ﾉಥ益ಥ）ﾉ ┻━┻
