DEBUG:root:received {"dest":"n5","body":{"type":"init","node_id":"n5","node_ids":["n1","n2","n3","n4","n5"],"msg_id":1},"src":"c2","id":2}
INFO:root:node n5 initialized
DEBUG:root:sending {"dest": "c2", "src": "n5", "body": {"msg_id": 1, "in_reply_to": 1, "type": "init_ok"}}
DEBUG:root:received {"dest":"n5","src":"n1","body":{"msg_id":5,"type":"AppendEntries","term":0,"prevIndex":0,"prevTerm":0,"entries":[[["pass",null],0]],"commit":0},"id":13}
DEBUG:root:sending {"dest": "n1", "src": "n5", "body": {"msg_id": 2, "in_reply_to": 5, "type": "AppendEntriesRes", "res": true, "term": 0, "next": 1, "commit": 0}}
DEBUG:root:received {"dest":"n5","body":{"key":1,"from":2,"to":3,"type":"cas","msg_id":1},"src":"c11","id":19}
DEBUG:root:sending {"dest": "c11", "src": "n5", "body": {"msg_id": 3, "in_reply_to": 1, "type": "error", "code": 11, "text": "Not Leader"}}
DEBUG:root:received {"dest":"n5","body":{"key":1,"from":2,"to":2,"type":"cas","msg_id":1},"src":"c14","id":26}
DEBUG:root:sending {"dest": "c14", "src": "n5", "body": {"msg_id": 4, "in_reply_to": 1, "type": "error", "code": 11, "text": "Not Leader"}}
DEBUG:root:received {"dest":"n5","body":{"key":0,"from":0,"to":1,"type":"cas","msg_id":1},"src":"c15","id":30}
DEBUG:root:sending {"dest": "c15", "src": "n5", "body": {"msg_id": 5, "in_reply_to": 1, "type": "error", "code": 11, "text": "Not Leader"}}
DEBUG:root:received {"dest":"n5","body":{"key":0,"from":0,"to":0,"type":"cas","msg_id":2},"src":"c15","id":32}
DEBUG:root:sending {"dest": "c15", "src": "n5", "body": {"msg_id": 6, "in_reply_to": 2, "type": "error", "code": 11, "text": "Not Leader"}}
DEBUG:root:received {"dest":"n5","body":{"key":0,"value":1,"type":"write","msg_id":3},"src":"c15","id":34}
DEBUG:root:sending {"dest": "c15", "src": "n5", "body": {"msg_id": 7, "in_reply_to": 3, "type": "error", "code": 11, "text": "Not Leader"}}
DEBUG:root:received {"dest":"n5","body":{"key":0,"type":"read","msg_id":1},"src":"c16","id":36}
DEBUG:root:sending {"dest": "c16", "src": "n5", "body": {"msg_id": 8, "in_reply_to": 1, "type": "error", "code": 11, "text": "Not Leader"}}
DEBUG:root:received {"dest":"n5","body":{"key":1,"value":2,"type":"write","msg_id":2},"src":"c11","id":38}
DEBUG:root:sending {"dest": "c11", "src": "n5", "body": {"msg_id": 9, "in_reply_to": 2, "type": "error", "code": 11, "text": "Not Leader"}}
DEBUG:root:received {"dest":"n5","body":{"key":1,"value":4,"type":"write","msg_id":3},"src":"c11","id":44}
DEBUG:root:sending {"dest": "c11", "src": "n5", "body": {"msg_id": 10, "in_reply_to": 3, "type": "error", "code": 11, "text": "Not Leader"}}
DEBUG:root:received {"dest":"n5","src":"n1","body":{"msg_id":10,"type":"AppendEntries","term":0,"prevIndex":0,"prevTerm":0,"entries":[["cas",[1,[2,0]],0]],"commit":0},"id":50}
DEBUG:root:sending {"dest": "n1", "src": "n5", "body": {"msg_id": 11, "in_reply_to": 10, "type": "AppendEntriesRes", "res": true, "term": 0, "next": 1, "commit": 0}}
