DEBUG:root:received {"dest":"n1","body":{"type":"init","node_id":"n1","node_ids":["n1","n2","n3","n4","n5"],"msg_id":1},"src":"c3","id":3}
INFO:root:node n1 initialized
DEBUG:root:sending {"dest": "c3", "src": "n1", "body": {"msg_id": 1, "in_reply_to": 1, "type": "init_ok"}}
DEBUG:root:received {"dest":"n1","src":"n2","body":{"msg_id":2,"type":"RequestVote","term":1,"prevLogIndex":0,"lastLogTerm":0,"candidateId":"n2"},"id":8}
INFO:root:became leader
log
[(('pass', None), 0)]
match index
{'n1': 0, 'n2': 0, 'n3': 0, 'n4': 0, 'n5': 0}

INFO:root:vote ended, new leader is
n1

INFO:root:sending HB

INFO:root:HBdest
n2
nextIndex
{'n1': 1, 'n2': 1, 'n3': 1, 'n4': 1, 'n5': 1}
log
[(('pass', None), 0)]

DEBUG:root:sending {"dest": "n2", "src": "n1", "body": {"msg_id": 2, "type": "AppendEntries", "term": 0, "prevIndex": 0, "prevTerm": 0, "entries": [], "commit": 0}}
DEBUG:root:received {"dest":"n1","src":"n2","body":{"msg_id":8,"type":"AppendEntries","term":1,"prevIndex":0,"prevTerm":0,"entries":[],"commit":0},"id":18}
INFO:root:HBdest
n3
nextIndex
{'n1': 1, 'n2': 1, 'n3': 1, 'n4': 1, 'n5': 1}
log
[(('pass', None), 0)]

DEBUG:root:sending {"dest": "n3", "src": "n1", "body": {"msg_id": 3, "type": "AppendEntries", "term": 0, "prevIndex": 0, "prevTerm": 0, "entries": [], "commit": 0}}
DEBUG:root:received {"dest":"n1","src":"n2","body":{"msg_id":12,"in_reply_to":2,"type":"AppendEntriesRes","res":false,"term":1},"id":28}
INFO:root:HBdest
n4
nextIndex
{'n1': 1, 'n2': 1, 'n3': 1, 'n4': 1, 'n5': 1}
log
[(('pass', None), 0)]

DEBUG:root:sending {"dest": "n4", "src": "n1", "body": {"msg_id": 4, "type": "AppendEntries", "term": 0, "prevIndex": 0, "prevTerm": 0, "entries": [], "commit": 0}}
DEBUG:root:received {"dest":"n1","src":"n3","body":{"msg_id":4,"in_reply_to":3,"type":"AppendEntriesRes","res":false,"term":1},"id":29}
INFO:root:HBdest
n5
nextIndex
{'n1': 1, 'n2': 1, 'n3': 1, 'n4': 1, 'n5': 1}
log
[(('pass', None), 0)]

DEBUG:root:sending {"dest": "n5", "src": "n1", "body": {"msg_id": 5, "type": "AppendEntries", "term": 0, "prevIndex": 0, "prevTerm": 0, "entries": [], "commit": 0}}
DEBUG:root:sending {"dest": "n2", "src": "n1", "body": {"msg_id": 6, "in_reply_to": 2, "type": "RequestVoteRes", "term": 1, "res": true}}
DEBUG:root:received {"dest":"n1","src":"n4","body":{"msg_id":4,"in_reply_to":4,"type":"AppendEntriesRes","res":false,"term":1},"id":32}
INFO:root:election started and voted vor
n2
at time
1651669512474197579

DEBUG:root:received {"dest":"n1","src":"n5","body":{"msg_id":4,"in_reply_to":5,"type":"AppendEntriesRes","res":false,"term":1},"id":34}
DEBUG:root:sending {"dest": "n2", "src": "n1", "body": {"msg_id": 7, "in_reply_to": 8, "type": "AppendEntriesRes", "res": true, "term": 1, "next": 1, "commit": 0}}
INFO:root:387##########:
node
n1
current term
1
next I
{'n1': 1, 'n2': 0, 'n3': 1, 'n4': 1, 'n5': 1}
log
[(('pass', None), 0)]
dest
n2

DEBUG:root:sending {"dest": "n2", "src": "n1", "body": {"msg_id": 8, "type": "AppendEntries", "term": 1, "prevIndex": -1, "prevTerm": 0, "entries": [[["pass", null], 0]], "commit": 0}}
INFO:root:387##########:
node
n1
current term
1
next I
{'n1': 1, 'n2': 0, 'n3': 0, 'n4': 1, 'n5': 1}
log
[(('pass', None), 0)]
dest
n3

DEBUG:root:sending {"dest": "n3", "src": "n1", "body": {"msg_id": 9, "type": "AppendEntries", "term": 1, "prevIndex": -1, "prevTerm": 0, "entries": [[["pass", null], 0]], "commit": 0}}
INFO:root:387##########:
node
n1
current term
1
next I
{'n1': 1, 'n2': 0, 'n3': 0, 'n4': 0, 'n5': 1}
log
[(('pass', None), 0)]
dest
n4

DEBUG:root:sending {"dest": "n4", "src": "n1", "body": {"msg_id": 10, "type": "AppendEntries", "term": 1, "prevIndex": -1, "prevTerm": 0, "entries": [[["pass", null], 0]], "commit": 0}}
INFO:root:387##########:
node
n1
current term
1
next I
{'n1': 1, 'n2': 0, 'n3': 0, 'n4': 0, 'n5': 0}
log
[(('pass', None), 0)]
dest
n5

DEBUG:root:sending {"dest": "n5", "src": "n1", "body": {"msg_id": 11, "type": "AppendEntries", "term": 1, "prevIndex": -1, "prevTerm": 0, "entries": [[["pass", null], 0]], "commit": 0}}
DEBUG:root:received {"dest":"n1","src":"n2","body":{"msg_id":13,"in_reply_to":8,"type":"AppendEntriesRes","res":true,"term":1,"next":2,"commit":0},"id":40}
DEBUG:root:received {"dest":"n1","src":"n3","body":{"msg_id":5,"in_reply_to":9,"type":"AppendEntriesRes","res":true,"term":1,"next":2,"commit":0},"id":41}
DEBUG:root:received {"dest":"n1","src":"n4","body":{"msg_id":5,"in_reply_to":10,"type":"AppendEntriesRes","res":true,"term":1,"next":2,"commit":0},"id":42}
DEBUG:root:received {"dest":"n1","src":"n5","body":{"msg_id":5,"in_reply_to":11,"type":"AppendEntriesRes","res":true,"term":1,"next":2,"commit":0},"id":43}
DEBUG:root:received {"dest":"n1","src":"n3","body":{"msg_id":6,"type":"RequestVote","term":2,"prevLogIndex":1,"lastLogTerm":0,"candidateId":"n3"},"id":46}
DEBUG:root:sending {"dest": "n3", "src": "n1", "body": {"msg_id": 12, "in_reply_to": 6, "type": "RequestVoteRes", "term": 1, "res": false}}
DEBUG:root:received {"dest":"n1","src":"n4","body":{"msg_id":6,"type":"RequestVote","term":2,"prevLogIndex":1,"lastLogTerm":0,"candidateId":"n4"},"id":52}
DEBUG:root:sending {"dest": "n4", "src": "n1", "body": {"msg_id": 13, "in_reply_to": 6, "type": "RequestVoteRes", "term": 1, "res": false}}
DEBUG:root:received {"dest":"n1","src":"n3","body":{"msg_id":13,"type":"AppendEntries","term":2,"prevIndex":1,"prevTerm":0,"entries":[],"commit":0},"id":66}
INFO:root:280
[(('pass', None), 0)]
1
0
n1
[]

ERROR:root:fatal exception in handler
Traceback (most recent call last):
  File "/home/peter/Documents/tf/lab3/ms.py", line 27, in exitOnError
    fn(*args)
  File "/home/peter/Documents/tf/lab3/raft.py", line 326, in handle
    if a[1]!=msg.body.prevTerm:
IndexError: list index out of range
