DEBUG:root:received {"dest":"n2","body":{"type":"init","node_id":"n2","node_ids":["n1","n2","n3","n4","n5"],"msg_id":1},"src":"c0","id":0}
INFO:root:node n2 initialized
DEBUG:root:sending {"dest": "c0", "src": "n2", "body": {"msg_id": 1, "in_reply_to": 1, "type": "init_ok"}}
INFO:root:node
n1
current time
1651669512448061062
node_time
1651669512448055863
dif
5199
True

INFO:root:LEADER IS DEAD bit of a aldrabation tho
n1

INFO:root:lead is dead

INFO:root:starting new elections, new term
1

INFO:root:Requesting new Vote

DEBUG:root:sending {"dest": "n1", "src": "n2", "body": {"msg_id": 2, "type": "RequestVote", "term": 1, "prevLogIndex": 0, "lastLogTerm": 0, "candidateId": "n2"}}
DEBUG:root:sending {"dest": "n2", "src": "n2", "body": {"msg_id": 3, "type": "RequestVote", "term": 1, "prevLogIndex": 0, "lastLogTerm": 0, "candidateId": "n2"}}
DEBUG:root:sending {"dest": "n3", "src": "n2", "body": {"msg_id": 4, "type": "RequestVote", "term": 1, "prevLogIndex": 0, "lastLogTerm": 0, "candidateId": "n2"}}
DEBUG:root:sending {"dest": "n4", "src": "n2", "body": {"msg_id": 5, "type": "RequestVote", "term": 1, "prevLogIndex": 0, "lastLogTerm": 0, "candidateId": "n2"}}
DEBUG:root:sending {"dest": "n5", "src": "n2", "body": {"msg_id": 6, "type": "RequestVote", "term": 1, "prevLogIndex": 0, "lastLogTerm": 0, "candidateId": "n2"}}
DEBUG:root:received {"dest":"n2","src":"n2","body":{"msg_id":3,"type":"RequestVote","term":1,"prevLogIndex":0,"lastLogTerm":0,"candidateId":"n2"},"id":9}
INFO:root:alrady voted in cur election
None
at time
1651669512458571980

DEBUG:root:sending {"dest": "n2", "src": "n2", "body": {"msg_id": 7, "in_reply_to": 3, "type": "RequestVoteRes", "term": 1, "res": true}}
DEBUG:root:received {"dest":"n2","src":"n2","body":{"msg_id":7,"in_reply_to":3,"type":"RequestVoteRes","term":1,"res":true},"id":14}
DEBUG:root:received {"dest":"n2","src":"n5","body":{"msg_id":2,"in_reply_to":6,"type":"RequestVoteRes","term":1,"res":true},"id":15}
DEBUG:root:received {"dest":"n2","src":"n3","body":{"msg_id":2,"in_reply_to":4,"type":"RequestVoteRes","term":1,"res":true},"id":16}
DEBUG:root:received {"dest":"n2","src":"n4","body":{"msg_id":2,"in_reply_to":5,"type":"RequestVoteRes","term":1,"res":true},"id":17}
INFO:root:Got a response to the vote Request #475

INFO:root:node id:
n2
leader
n1
kvsotr
{}
cur term
1
log 
[(('pass', None), 0)]
commit indez e last applied
0
0
candidate, votes, voted for
True
0
None
timeout dict
{'n1': 1651669512448055863, 'n2': 1651669512462693377, 'n3': 1651669512448055863, 'n4': 1651669512448055863, 'n5': 1651669512448055863}

INFO:root:resposta
True
majority
3

INFO:root:antes  #487
0

INFO:root:depoi  #489
1

INFO:root:Got a response to the vote Request #475

INFO:root:node id:
n2
leader
n1
kvsotr
{}
cur term
1
log 
[(('pass', None), 0)]
commit indez e last applied
0
0
candidate, votes, voted for
True
1
None
timeout dict
{'n1': 1651669512448055863, 'n2': 1651669512462693377, 'n3': 1651669512448055863, 'n4': 1651669512448055863, 'n5': 1651669512463038480}

INFO:root:resposta
True
majority
3

INFO:root:antes  #487
1

INFO:root:depoi  #489
2

INFO:root:Got a response to the vote Request #475

INFO:root:node id:
n2
leader
n1
kvsotr
{}
cur term
1
log 
[(('pass', None), 0)]
commit indez e last applied
0
0
candidate, votes, voted for
True
2
None
timeout dict
{'n1': 1651669512448055863, 'n2': 1651669512462693377, 'n3': 1651669512463274595, 'n4': 1651669512448055863, 'n5': 1651669512463038480}

INFO:root:resposta
True
majority
3

INFO:root:antes  #487
2

INFO:root:depoi  #489
3

INFO:root:became leader
log
[(('pass', None), 0)]
match index
{'n1': 0, 'n2': 0, 'n3': 0, 'n4': 0, 'n5': 0}

INFO:root:vote ended, new leader is
n2

INFO:root:sending HB

INFO:root:HBdest
n1
nextIndex
{'n1': 1, 'n2': 1, 'n3': 1, 'n4': 1, 'n5': 1}
log
[(('pass', None), 0)]

DEBUG:root:sending {"dest": "n1", "src": "n2", "body": {"msg_id": 8, "type": "AppendEntries", "term": 1, "prevIndex": 0, "prevTerm": 0, "entries": [], "commit": 0}}
INFO:root:HBdest
n3
nextIndex
{'n1': 1, 'n2': 1, 'n3': 1, 'n4': 1, 'n5': 1}
log
[(('pass', None), 0)]

DEBUG:root:sending {"dest": "n3", "src": "n2", "body": {"msg_id": 9, "type": "AppendEntries", "term": 1, "prevIndex": 0, "prevTerm": 0, "entries": [], "commit": 0}}
INFO:root:HBdest
n4
nextIndex
{'n1': 1, 'n2': 1, 'n3': 1, 'n4': 1, 'n5': 1}
log
[(('pass', None), 0)]

DEBUG:root:sending {"dest": "n4", "src": "n2", "body": {"msg_id": 10, "type": "AppendEntries", "term": 1, "prevIndex": 0, "prevTerm": 0, "entries": [], "commit": 0}}
INFO:root:HBdest
n5
nextIndex
{'n1': 1, 'n2': 1, 'n3': 1, 'n4': 1, 'n5': 1}
log
[(('pass', None), 0)]

DEBUG:root:sending {"dest": "n5", "src": "n2", "body": {"msg_id": 11, "type": "AppendEntries", "term": 1, "prevIndex": 0, "prevTerm": 0, "entries": [], "commit": 0}}
INFO:root:Got a response to the vote Request #475

INFO:root:node id:
n2
leader
n2
kvsotr
{}
cur term
1
log 
[(('pass', None), 0)]
commit indez e last applied
0
0
candidate, votes, voted for
False
None
None
timeout dict
{'n1': 1651669512448055863, 'n2': 1651669512462693377, 'n3': 1651669512463274595, 'n4': 1651669512466756800, 'n5': 1651669512463038480}

INFO:root:resposta
True
majority
3

DEBUG:root:received {"dest":"n2","src":"n4","body":{"msg_id":3,"in_reply_to":10,"type":"AppendEntriesRes","res":true,"term":1,"next":1,"commit":0},"id":22}
DEBUG:root:received {"dest":"n2","src":"n3","body":{"msg_id":3,"in_reply_to":9,"type":"AppendEntriesRes","res":true,"term":1,"next":1,"commit":0},"id":23}
DEBUG:root:received {"dest":"n2","src":"n5","body":{"msg_id":3,"in_reply_to":11,"type":"AppendEntriesRes","res":true,"term":1,"next":1,"commit":0},"id":24}
DEBUG:root:received {"dest":"n2","src":"n1","body":{"msg_id":2,"type":"AppendEntries","term":0,"prevIndex":0,"prevTerm":0,"entries":[],"commit":0},"id":26}
DEBUG:root:sending {"dest": "n1", "src": "n2", "body": {"msg_id": 12, "in_reply_to": 2, "type": "AppendEntriesRes", "res": false, "term": 1}}
INFO:root:msg term
0
current term
1
log
[(('pass', None), 0)]
msg entries
[]

DEBUG:root:received {"dest":"n2","src":"n1","body":{"msg_id":6,"in_reply_to":2,"type":"RequestVoteRes","term":1,"res":true},"id":33}
INFO:root:Got a response to the vote Request #475

INFO:root:node id:
n2
leader
n2
kvsotr
{}
cur term
1
log 
[(('pass', None), 0)]
commit indez e last applied
0
0
candidate, votes, voted for
False
None
None
timeout dict
{'n1': 1651669512475018400, 'n2': 1651669512462693377, 'n3': 1651669512467647805, 'n4': 1651669512467614259, 'n5': 1651669512468650937}

INFO:root:resposta
True
majority
3

DEBUG:root:received {"dest":"n2","src":"n1","body":{"msg_id":7,"in_reply_to":8,"type":"AppendEntriesRes","res":true,"term":1,"next":1,"commit":0},"id":35}
DEBUG:root:received {"dest":"n2","src":"n1","body":{"msg_id":8,"type":"AppendEntries","term":1,"prevIndex":-1,"prevTerm":0,"entries":[[["pass",null],0]],"commit":0},"id":36}
INFO:root:commiting command
[['pass', None], 0]

DEBUG:root:sending {"dest": "n1", "src": "n2", "body": {"msg_id": 13, "in_reply_to": 8, "type": "AppendEntriesRes", "res": true, "term": 1, "next": 2, "commit": 0}}
DEBUG:root:received {"dest":"n2","src":"n3","body":{"msg_id":7,"type":"RequestVote","term":2,"prevLogIndex":1,"lastLogTerm":0,"candidateId":"n3"},"id":47}
DEBUG:root:sending {"dest": "n3", "src": "n2", "body": {"msg_id": 14, "in_reply_to": 7, "type": "RequestVoteRes", "term": 2, "res": true}}
INFO:root:election started and voted vor
n3
at time
1651669512563392676

DEBUG:root:received {"dest":"n2","src":"n4","body":{"msg_id":7,"type":"RequestVote","term":2,"prevLogIndex":1,"lastLogTerm":0,"candidateId":"n4"},"id":53}
DEBUG:root:sending {"dest": "n4", "src": "n2", "body": {"msg_id": 15, "in_reply_to": 7, "type": "RequestVoteRes", "term": 2, "res": false}}
DEBUG:root:received {"dest":"n2","src":"n3","body":{"msg_id":14,"type":"AppendEntries","term":2,"prevIndex":1,"prevTerm":0,"entries":[],"commit":0},"id":67}
DEBUG:root:sending {"dest": "n3", "src": "n2", "body": {"msg_id": 16, "in_reply_to": 14, "type": "AppendEntriesRes", "res": true, "term": 2, "next": 2, "commit": 0}}
DEBUG:root:received {"dest":"n2","src":"n5","body":{"msg_id":11,"type":"RequestVote","term":2,"prevLogIndex":1,"lastLogTerm":0,"candidateId":"n5"},"id":73}
DEBUG:root:sending {"dest": "n5", "src": "n2", "body": {"msg_id": 17, "in_reply_to": 11, "type": "RequestVoteRes", "term": 2, "res": false}}
INFO:root:election timeout, starting new election

INFO:root:starting new elections, new term
3

INFO:root:Requesting new Vote

DEBUG:root:sending {"dest": "n1", "src": "n2", "body": {"msg_id": 18, "type": "RequestVote", "term": 3, "prevLogIndex": 1, "lastLogTerm": 0, "candidateId": "n2"}}
DEBUG:root:sending {"dest": "n2", "src": "n2", "body": {"msg_id": 19, "type": "RequestVote", "term": 3, "prevLogIndex": 1, "lastLogTerm": 0, "candidateId": "n2"}}
DEBUG:root:sending {"dest": "n3", "src": "n2", "body": {"msg_id": 20, "type": "RequestVote", "term": 3, "prevLogIndex": 1, "lastLogTerm": 0, "candidateId": "n2"}}
DEBUG:root:sending {"dest": "n4", "src": "n2", "body": {"msg_id": 21, "type": "RequestVote", "term": 3, "prevLogIndex": 1, "lastLogTerm": 0, "candidateId": "n2"}}
DEBUG:root:sending {"dest": "n5", "src": "n2", "body": {"msg_id": 22, "type": "RequestVote", "term": 3, "prevLogIndex": 1, "lastLogTerm": 0, "candidateId": "n2"}}
DEBUG:root:received {"dest":"n2","src":"n2","body":{"msg_id":19,"type":"RequestVote","term":3,"prevLogIndex":1,"lastLogTerm":0,"candidateId":"n2"},"id":84}
DEBUG:root:received {"dest":"n2","src":"n4","body":{"msg_id":16,"type":"RequestVote","term":3,"prevLogIndex":1,"lastLogTerm":0,"candidateId":"n4"},"id":85}
INFO:root:alrady voted in cur election
None
at time
1651669512666378805

DEBUG:root:sending {"dest": "n2", "src": "n2", "body": {"msg_id": 23, "in_reply_to": 19, "type": "RequestVoteRes", "term": 3, "res": true}}
DEBUG:root:sending {"dest": "n4", "src": "n2", "body": {"msg_id": 24, "in_reply_to": 16, "type": "RequestVoteRes", "term": 3, "res": true}}
INFO:root:election started and voted vor
n4
at time
1651669512666679676

DEBUG:root:received {"dest":"n2","src":"n2","body":{"msg_id":23,"in_reply_to":19,"type":"RequestVoteRes","term":3,"res":true},"id":93}
DEBUG:root:received {"dest":"n2","src":"n3","body":{"msg_id":19,"type":"RequestVote","term":3,"prevLogIndex":1,"lastLogTerm":0,"candidateId":"n3"},"id":96}
DEBUG:root:received {"dest":"n2","src":"n5","body":{"msg_id":17,"in_reply_to":22,"type":"RequestVoteRes","term":3,"res":false},"id":100}
INFO:root:Got a response to the vote Request #475

INFO:root:node id:
n2
leader
n2
kvsotr
{}
cur term
3
log 
[(('pass', None), 0), [['pass', None], 0]]
commit indez e last applied
0
0
candidate, votes, voted for
True
0
n4
timeout dict
{'n1': 1651669512477895406, 'n2': 1651669512668906764, 'n3': 1651669512568047053, 'n4': 1651669512666582434, 'n5': 1651669512570455278}

INFO:root:resposta
True
majority
3

INFO:root:antes  #487
0

INFO:root:depoi  #489
1

DEBUG:root:sending {"dest": "n3", "src": "n2", "body": {"msg_id": 25, "in_reply_to": 19, "type": "RequestVoteRes", "term": 3, "res": false}}
INFO:root:Got a response to the vote Request #475

INFO:root:node id:
n2
leader
n2
kvsotr
{}
cur term
3
log 
[(('pass', None), 0), [['pass', None], 0]]
commit indez e last applied
0
0
candidate, votes, voted for
True
1
n4
timeout dict
{'n1': 1651669512477895406, 'n2': 1651669512668906764, 'n3': 1651669512669226071, 'n4': 1651669512666582434, 'n5': 1651669512669354162}

INFO:root:resposta
False
majority
3

DEBUG:root:received {"dest":"n2","src":"n3","body":{"msg_id":24,"in_reply_to":20,"type":"RequestVoteRes","term":3,"res":false},"id":103}
DEBUG:root:received {"dest":"n2","src":"n4","body":{"msg_id":21,"in_reply_to":21,"type":"RequestVoteRes","term":3,"res":true},"id":104}
DEBUG:root:received {"dest":"n2","src":"n4","body":{"msg_id":24,"type":"AppendEntries","term":3,"prevIndex":1,"prevTerm":0,"entries":[],"commit":0},"id":110}
INFO:root:Got a response to the vote Request #475

INFO:root:node id:
n2
leader
n2
kvsotr
{}
cur term
3
log 
[(('pass', None), 0), [['pass', None], 0]]
commit indez e last applied
0
0
candidate, votes, voted for
True
1
n4
timeout dict
{'n1': 1651669512477895406, 'n2': 1651669512668906764, 'n3': 1651669512672086535, 'n4': 1651669512666582434, 'n5': 1651669512669354162}

INFO:root:resposta
False
majority
3

INFO:root:Got a response to the vote Request #475

INFO:root:node id:
n2
leader
n2
kvsotr
{}
cur term
3
log 
[(('pass', None), 0), [['pass', None], 0]]
commit indez e last applied
0
0
candidate, votes, voted for
True
1
n4
timeout dict
{'n1': 1651669512477895406, 'n2': 1651669512668906764, 'n3': 1651669512672086535, 'n4': 1651669512672276448, 'n5': 1651669512669354162}

INFO:root:resposta
True
majority
3

INFO:root:antes  #487
1

INFO:root:depoi  #489
2

DEBUG:root:sending {"dest": "n4", "src": "n2", "body": {"msg_id": 26, "in_reply_to": 24, "type": "AppendEntriesRes", "res": true, "term": 3, "next": 2, "commit": 0}}
DEBUG:root:received {"dest":"n2","src":"n3","body":{"msg_id":28,"type":"RequestVote","term":4,"prevLogIndex":1,"lastLogTerm":0,"candidateId":"n3"},"id":117}
DEBUG:root:sending {"dest": "n3", "src": "n2", "body": {"msg_id": 27, "in_reply_to": 28, "type": "RequestVoteRes", "term": 3, "res": false}}
INFO:root:election timeout, starting new election

INFO:root:starting new elections, new term
4

INFO:root:Requesting new Vote

DEBUG:root:sending {"dest": "n1", "src": "n2", "body": {"msg_id": 28, "type": "RequestVote", "term": 4, "prevLogIndex": 1, "lastLogTerm": 0, "candidateId": "n2"}}
DEBUG:root:sending {"dest": "n2", "src": "n2", "body": {"msg_id": 29, "type": "RequestVote", "term": 4, "prevLogIndex": 1, "lastLogTerm": 0, "candidateId": "n2"}}
DEBUG:root:sending {"dest": "n3", "src": "n2", "body": {"msg_id": 30, "type": "RequestVote", "term": 4, "prevLogIndex": 1, "lastLogTerm": 0, "candidateId": "n2"}}
DEBUG:root:sending {"dest": "n4", "src": "n2", "body": {"msg_id": 31, "type": "RequestVote", "term": 4, "prevLogIndex": 1, "lastLogTerm": 0, "candidateId": "n2"}}
DEBUG:root:sending {"dest": "n5", "src": "n2", "body": {"msg_id": 32, "type": "RequestVote", "term": 4, "prevLogIndex": 1, "lastLogTerm": 0, "candidateId": "n2"}}
DEBUG:root:received {"dest":"n2","src":"n2","body":{"msg_id":29,"type":"RequestVote","term":4,"prevLogIndex":1,"lastLogTerm":0,"candidateId":"n2"},"id":126}
INFO:root:alrady voted in cur election
None
at time
1651669512688417521

DEBUG:root:sending {"dest": "n2", "src": "n2", "body": {"msg_id": 33, "in_reply_to": 29, "type": "RequestVoteRes", "term": 4, "res": true}}
DEBUG:root:received {"dest":"n2","src":"n3","body":{"msg_id":33,"in_reply_to":30,"type":"RequestVoteRes","term":4,"res":true},"id":129}
INFO:root:Got a response to the vote Request #475

INFO:root:node id:
n2
leader
n2
kvsotr
{}
cur term
4
log 
[(('pass', None), 0), [['pass', None], 0]]
commit indez e last applied
0
0
candidate, votes, voted for
True
0
None
timeout dict
{'n1': 1651669512477895406, 'n2': 1651669512688415189, 'n3': 1651669512689223761, 'n4': 1651669512672510414, 'n5': 1651669512669354162}

INFO:root:resposta
True
majority
3

INFO:root:antes  #487
0

INFO:root:depoi  #489
1

DEBUG:root:received {"dest":"n2","src":"n2","body":{"msg_id":33,"in_reply_to":29,"type":"RequestVoteRes","term":4,"res":true},"id":131}
DEBUG:root:received {"dest":"n2","src":"n4","body":{"msg_id":28,"in_reply_to":31,"type":"RequestVoteRes","term":4,"res":false},"id":132}
DEBUG:root:received {"dest":"n2","src":"n5","body":{"msg_id":21,"in_reply_to":32,"type":"RequestVoteRes","term":3,"res":false},"id":133}
INFO:root:Got a response to the vote Request #475

INFO:root:node id:
n2
leader
n2
kvsotr
{}
cur term
4
log 
[(('pass', None), 0), [['pass', None], 0]]
commit indez e last applied
0
0
candidate, votes, voted for
True
1
None
timeout dict
{'n1': 1651669512477895406, 'n2': 1651669512690037777, 'n3': 1651669512689223761, 'n4': 1651669512672510414, 'n5': 1651669512669354162}

INFO:root:resposta
True
majority
3

INFO:root:antes  #487
1

INFO:root:depoi  #489
2

INFO:root:Got a response to the vote Request #475

INFO:root:node id:
n2
leader
n2
kvsotr
{}
cur term
4
log 
[(('pass', None), 0), [['pass', None], 0]]
commit indez e last applied
0
0
candidate, votes, voted for
True
2
None
timeout dict
{'n1': 1651669512477895406, 'n2': 1651669512690037777, 'n3': 1651669512689223761, 'n4': 1651669512690453074, 'n5': 1651669512669354162}

INFO:root:resposta
False
majority
3

INFO:root:Got a response to the vote Request #475

INFO:root:node id:
n2
leader
n2
kvsotr
{}
cur term
4
log 
[(('pass', None), 0), [['pass', None], 0]]
commit indez e last applied
0
0
candidate, votes, voted for
True
2
None
timeout dict
{'n1': 1651669512477895406, 'n2': 1651669512690037777, 'n3': 1651669512689223761, 'n4': 1651669512690453074, 'n5': 1651669512690617609}

INFO:root:resposta
False
majority
3

INFO:root:election timeout, starting new election

INFO:root:starting new elections, new term
5

INFO:root:Requesting new Vote

DEBUG:root:sending {"dest": "n1", "src": "n2", "body": {"msg_id": 34, "type": "RequestVote", "term": 5, "prevLogIndex": 1, "lastLogTerm": 0, "candidateId": "n2"}}
DEBUG:root:sending {"dest": "n2", "src": "n2", "body": {"msg_id": 35, "type": "RequestVote", "term": 5, "prevLogIndex": 1, "lastLogTerm": 0, "candidateId": "n2"}}
DEBUG:root:sending {"dest": "n3", "src": "n2", "body": {"msg_id": 36, "type": "RequestVote", "term": 5, "prevLogIndex": 1, "lastLogTerm": 0, "candidateId": "n2"}}
DEBUG:root:sending {"dest": "n4", "src": "n2", "body": {"msg_id": 37, "type": "RequestVote", "term": 5, "prevLogIndex": 1, "lastLogTerm": 0, "candidateId": "n2"}}
DEBUG:root:sending {"dest": "n5", "src": "n2", "body": {"msg_id": 38, "type": "RequestVote", "term": 5, "prevLogIndex": 1, "lastLogTerm": 0, "candidateId": "n2"}}
DEBUG:root:received {"dest":"n2","src":"n2","body":{"msg_id":35,"type":"RequestVote","term":5,"prevLogIndex":1,"lastLogTerm":0,"candidateId":"n2"},"id":137}
DEBUG:root:received {"dest":"n2","src":"n5","body":{"msg_id":23,"type":"RequestVote","term":4,"prevLogIndex":1,"lastLogTerm":0,"candidateId":"n5"},"id":138}
DEBUG:root:received {"dest":"n2","src":"n3","body":{"msg_id":35,"type":"RequestVote","term":5,"prevLogIndex":1,"lastLogTerm":0,"candidateId":"n3"},"id":139}
INFO:root:alrady voted in cur election
None
at time
1651669512769702034

DEBUG:root:sending {"dest": "n2", "src": "n2", "body": {"msg_id": 39, "in_reply_to": 35, "type": "RequestVoteRes", "term": 5, "res": true}}
DEBUG:root:sending {"dest": "n5", "src": "n2", "body": {"msg_id": 40, "in_reply_to": 23, "type": "RequestVoteRes", "term": 5, "res": false}}
INFO:root:Bad election request, term is not up to date
None
at time
1651669512770077520

DEBUG:root:sending {"dest": "n3", "src": "n2", "body": {"msg_id": 41, "in_reply_to": 35, "type": "RequestVoteRes", "term": 5, "res": true}}
INFO:root:election started and voted vor
n3
at time
1651669512770249578

DEBUG:root:received {"dest":"n2","src":"n4","body":{"msg_id":29,"in_reply_to":37,"type":"RequestVoteRes","term":4,"res":false},"id":149}
DEBUG:root:received {"dest":"n2","src":"n5","body":{"msg_id":27,"in_reply_to":38,"type":"RequestVoteRes","term":5,"res":true},"id":150}
DEBUG:root:received {"dest":"n2","src":"n2","body":{"msg_id":39,"in_reply_to":35,"type":"RequestVoteRes","term":5,"res":true},"id":153}
INFO:root:Got a response to the vote Request #475

INFO:root:node id:
n2
leader
n2
kvsotr
{}
cur term
5
log 
[(('pass', None), 0), [['pass', None], 0]]
commit indez e last applied
0
0
candidate, votes, voted for
True
0
n3
timeout dict
{'n1': 1651669512477895406, 'n2': 1651669512769698225, 'n3': 1651669512770157193, 'n4': 1651669512771770501, 'n5': 1651669512769979304}

INFO:root:resposta
False
majority
3

INFO:root:Got a response to the vote Request #475

INFO:root:node id:
n2
leader
n2
kvsotr
{}
cur term
5
log 
[(('pass', None), 0), [['pass', None], 0]]
commit indez e last applied
0
0
candidate, votes, voted for
True
0
n3
timeout dict
{'n1': 1651669512477895406, 'n2': 1651669512769698225, 'n3': 1651669512770157193, 'n4': 1651669512771770501, 'n5': 1651669512771988561}

INFO:root:resposta
True
majority
3

INFO:root:antes  #487
0

INFO:root:depoi  #489
1

INFO:root:Got a response to the vote Request #475

INFO:root:node id:
n2
leader
n2
kvsotr
{}
cur term
5
log 
[(('pass', None), 0), [['pass', None], 0]]
commit indez e last applied
0
0
candidate, votes, voted for
True
1
n3
timeout dict
{'n1': 1651669512477895406, 'n2': 1651669512772192638, 'n3': 1651669512770157193, 'n4': 1651669512771770501, 'n5': 1651669512771988561}

INFO:root:resposta
True
majority
3

INFO:root:antes  #487
1

INFO:root:depoi  #489
2

DEBUG:root:received {"dest":"n2","src":"n3","body":{"msg_id":39,"in_reply_to":36,"type":"RequestVoteRes","term":5,"res":true},"id":157}
INFO:root:Got a response to the vote Request #475

INFO:root:node id:
n2
leader
n2
kvsotr
{}
cur term
5
log 
[(('pass', None), 0), [['pass', None], 0]]
commit indez e last applied
0
0
candidate, votes, voted for
True
2
n3
timeout dict
{'n1': 1651669512477895406, 'n2': 1651669512772192638, 'n3': 1651669512773153498, 'n4': 1651669512771770501, 'n5': 1651669512771988561}

INFO:root:resposta
True
majority
3

INFO:root:antes  #487
2

INFO:root:depoi  #489
3

INFO:root:became leader
log
[(('pass', None), 0), [['pass', None], 0]]
match index
{'n1': 0, 'n2': 0, 'n3': 0, 'n4': 0, 'n5': 0}

INFO:root:vote ended, new leader is
n2

INFO:root:sending HB

INFO:root:HBdest
n1
nextIndex
{'n1': 2, 'n2': 2, 'n3': 2, 'n4': 2, 'n5': 2}
log
[(('pass', None), 0), [['pass', None], 0]]

DEBUG:root:sending {"dest": "n1", "src": "n2", "body": {"msg_id": 42, "type": "AppendEntries", "term": 5, "prevIndex": 1, "prevTerm": 0, "entries": [], "commit": 0}}
INFO:root:HBdest
n3
nextIndex
{'n1': 2, 'n2': 2, 'n3': 2, 'n4': 2, 'n5': 2}
log
[(('pass', None), 0), [['pass', None], 0]]

DEBUG:root:sending {"dest": "n3", "src": "n2", "body": {"msg_id": 43, "type": "AppendEntries", "term": 5, "prevIndex": 1, "prevTerm": 0, "entries": [], "commit": 0}}
INFO:root:HBdest
n4
nextIndex
{'n1': 2, 'n2': 2, 'n3': 2, 'n4': 2, 'n5': 2}
log
[(('pass', None), 0), [['pass', None], 0]]

DEBUG:root:sending {"dest": "n4", "src": "n2", "body": {"msg_id": 44, "type": "AppendEntries", "term": 5, "prevIndex": 1, "prevTerm": 0, "entries": [], "commit": 0}}
INFO:root:HBdest
n5
nextIndex
{'n1': 2, 'n2': 2, 'n3': 2, 'n4': 2, 'n5': 2}
log
[(('pass', None), 0), [['pass', None], 0]]

DEBUG:root:sending {"dest": "n5", "src": "n2", "body": {"msg_id": 45, "type": "AppendEntries", "term": 5, "prevIndex": 1, "prevTerm": 0, "entries": [], "commit": 0}}
DEBUG:root:received {"dest":"n2","src":"n4","body":{"msg_id":33,"type":"RequestVote","term":6,"prevLogIndex":1,"lastLogTerm":0,"candidateId":"n4"},"id":161}
DEBUG:root:received {"dest":"n2","src":"n3","body":{"msg_id":43,"type":"AppendEntries","term":5,"prevIndex":1,"prevTerm":0,"entries":[],"commit":0},"id":166}
DEBUG:root:sending {"dest": "n4", "src": "n2", "body": {"msg_id": 46, "in_reply_to": 33, "type": "RequestVoteRes", "term": 6, "res": true}}
INFO:root:election started and voted vor
n4
at time
1651669512775435967

DEBUG:root:sending {"dest": "n3", "src": "n2", "body": {"msg_id": 47, "in_reply_to": 43, "type": "AppendEntriesRes", "res": false, "term": 6}}
INFO:root:msg term
5
current term
6
log
[(('pass', None), 0), [['pass', None], 0]]
msg entries
[]

DEBUG:root:received {"dest":"n2","src":"n5","body":{"msg_id":32,"in_reply_to":45,"type":"AppendEntriesRes","res":true,"term":5,"next":2,"commit":0},"id":180}
DEBUG:root:received {"dest":"n2","src":"n3","body":{"msg_id":47,"type":"AppendEntries","term":5,"prevIndex":1,"prevTerm":0,"entries":[],"commit":0},"id":182}
DEBUG:root:received {"dest":"n2","src":"n4","body":{"msg_id":39,"in_reply_to":44,"type":"AppendEntriesRes","res":false,"term":6},"id":183}
DEBUG:root:sending {"dest": "n3", "src": "n2", "body": {"msg_id": 48, "in_reply_to": 47, "type": "AppendEntriesRes", "res": false, "term": 6}}
INFO:root:msg term
5
current term
6
log
[(('pass', None), 0), [['pass', None], 0]]
msg entries
[]

INFO:root:387##########:
node
n2
current term
6
next I
{'n1': 2, 'n2': 2, 'n3': 2, 'n4': 1, 'n5': 2}
log
[(('pass', None), 0), [['pass', None], 0]]
dest
n4

DEBUG:root:sending {"dest": "n4", "src": "n2", "body": {"msg_id": 49, "type": "AppendEntries", "term": 6, "prevIndex": 0, "prevTerm": 0, "entries": [[["pass", null], 0]], "commit": 0}}
DEBUG:root:received {"dest":"n2","src":"n4","body":{"msg_id":42,"type":"AppendEntries","term":6,"prevIndex":1,"prevTerm":0,"entries":[],"commit":0},"id":192}
DEBUG:root:received {"dest":"n2","src":"n3","body":{"msg_id":51,"in_reply_to":43,"type":"AppendEntriesRes","res":false,"term":6},"id":195}
DEBUG:root:received {"dest":"n2","src":"n3","body":{"msg_id":52,"type":"AppendEntries","term":6,"prevIndex":0,"prevTerm":0,"entries":[[["pass",null],0]],"commit":0},"id":196}
DEBUG:root:received {"dest":"n2","src":"n3","body":{"msg_id":54,"type":"AppendEntries","term":6,"prevIndex":-1,"prevTerm":0,"entries":[[["pass",null],0],[["pass",null],0]],"commit":0},"id":198}
DEBUG:root:received {"dest":"n2","src":"n4","body":{"msg_id":45,"in_reply_to":49,"type":"AppendEntriesRes","res":true,"term":6,"next":3,"commit":0},"id":201}
DEBUG:root:sending {"dest": "n4", "src": "n2", "body": {"msg_id": 50, "in_reply_to": 42, "type": "AppendEntriesRes", "res": true, "term": 6, "next": 2, "commit": 0}}
INFO:root:387##########:
node
n2
current term
6
next I
{'n1': 2, 'n2': 2, 'n3': 1, 'n4': 1, 'n5': 2}
log
[(('pass', None), 0), [['pass', None], 0]]
dest
n3

DEBUG:root:sending {"dest": "n3", "src": "n2", "body": {"msg_id": 51, "type": "AppendEntries", "term": 6, "prevIndex": 0, "prevTerm": 0, "entries": [[["pass", null], 0]], "commit": 0}}
INFO:root:commiting command
[['pass', None], 0]

DEBUG:root:sending {"dest": "n3", "src": "n2", "body": {"msg_id": 52, "in_reply_to": 52, "type": "AppendEntriesRes", "res": true, "term": 6, "next": 3, "commit": 0}}
INFO:root:commiting command
[['pass', None], 0]

INFO:root:commiting command
[['pass', None], 0]

DEBUG:root:sending {"dest": "n3", "src": "n2", "body": {"msg_id": 53, "in_reply_to": 54, "type": "AppendEntriesRes", "res": true, "term": 6, "next": 5, "commit": 0}}
DEBUG:root:received {"dest":"n2","src":"n3","body":{"msg_id":57,"in_reply_to":51,"type":"AppendEntriesRes","res":true,"term":6,"next":3,"commit":0},"id":209}
DEBUG:root:received {"dest":"n2","src":"n3","body":{"msg_id":59,"type":"RequestVote","term":7,"prevLogIndex":2,"lastLogTerm":0,"candidateId":"n3"},"id":211}
DEBUG:root:sending {"dest": "n3", "src": "n2", "body": {"msg_id": 54, "in_reply_to": 59, "type": "RequestVoteRes", "term": 6, "res": false}}
DEBUG:root:received {"dest":"n2","src":"n4","body":{"msg_id":50,"type":"AppendEntries","term":6,"entries":[[["pass",null],0],[["pass",null],0],[["pass",null],0],[["pass",null],0],[["cas",[1,[4,0]]],6]],"prevIndex":1,"prevTerm":0,"commit":0},"id":221}
ERROR:root:fatal exception in handler
Traceback (most recent call last):
  File "/home/peter/Documents/tf/lab3/ms.py", line 27, in exitOnError
    fn(*args)
  File "/home/peter/Documents/tf/lab3/raft.py", line 352, in handle
    if len(log)-1<=msg.body.prevIndex+i and log[msg.body.prevIndex+i][1]!=msg.body.entries[i-1][1]:
IndexError: list index out of range
