DEBUG:root:received {"dest":"n5","body":{"type":"init","node_id":"n5","node_ids":["n1","n2","n3","n4","n5"],"msg_id":1},"src":"c1","id":1}
INFO:root:node n5 initialized
DEBUG:root:sending {"dest": "c1", "src": "n5", "body": {"msg_id": 1, "in_reply_to": 1, "type": "init_ok"}}
INFO:root:node
n1
current time
1651669512446344364
node_time
1651669512446339021
dif
5343
True

INFO:root:leader alive, resuming timeout checker

DEBUG:root:received {"dest":"n5","src":"n2","body":{"msg_id":6,"type":"RequestVote","term":1,"prevLogIndex":0,"lastLogTerm":0,"candidateId":"n2"},"id":13}
DEBUG:root:sending {"dest": "n2", "src": "n5", "body": {"msg_id": 2, "in_reply_to": 6, "type": "RequestVoteRes", "term": 1, "res": true}}
INFO:root:election started and voted vor
n2
at time
1651669512460039659

DEBUG:root:received {"dest":"n5","src":"n2","body":{"msg_id":11,"type":"AppendEntries","term":1,"prevIndex":0,"prevTerm":0,"entries":[],"commit":0},"id":21}
DEBUG:root:sending {"dest": "n2", "src": "n5", "body": {"msg_id": 3, "in_reply_to": 11, "type": "AppendEntriesRes", "res": true, "term": 1, "next": 1, "commit": 0}}
DEBUG:root:received {"dest":"n5","src":"n1","body":{"msg_id":5,"type":"AppendEntries","term":0,"prevIndex":0,"prevTerm":0,"entries":[],"commit":0},"id":31}
DEBUG:root:sending {"dest": "n1", "src": "n5", "body": {"msg_id": 4, "in_reply_to": 5, "type": "AppendEntriesRes", "res": false, "term": 1}}
INFO:root:msg term
0
current term
1
log
[(('pass', None), 0)]
msg entries
[]

DEBUG:root:received {"dest":"n5","src":"n1","body":{"msg_id":11,"type":"AppendEntries","term":1,"prevIndex":-1,"prevTerm":0,"entries":[[["pass",null],0]],"commit":0},"id":39}
INFO:root:commiting command
[['pass', None], 0]

DEBUG:root:sending {"dest": "n1", "src": "n5", "body": {"msg_id": 5, "in_reply_to": 11, "type": "AppendEntriesRes", "res": true, "term": 1, "next": 2, "commit": 0}}
DEBUG:root:received {"dest":"n5","body":{"key":0,"type":"read","msg_id":1},"src":"c10","id":44}
DEBUG:root:sending {"dest": "c10", "src": "n5", "body": {"msg_id": 6, "in_reply_to": 1, "type": "error", "code": 11, "text": "Not Leader"}}
DEBUG:root:received {"dest":"n5","src":"n3","body":{"msg_id":10,"type":"RequestVote","term":2,"prevLogIndex":1,"lastLogTerm":0,"candidateId":"n3"},"id":50}
DEBUG:root:sending {"dest": "n3", "src": "n5", "body": {"msg_id": 7, "in_reply_to": 10, "type": "RequestVoteRes", "term": 1, "res": false}}
DEBUG:root:received {"dest":"n5","src":"n4","body":{"msg_id":10,"type":"RequestVote","term":2,"prevLogIndex":1,"lastLogTerm":0,"candidateId":"n4"},"id":57}
DEBUG:root:sending {"dest": "n4", "src": "n5", "body": {"msg_id": 8, "in_reply_to": 10, "type": "RequestVoteRes", "term": 1, "res": false}}
DEBUG:root:received {"dest":"n5","src":"n3","body":{"msg_id":16,"type":"AppendEntries","term":2,"prevIndex":1,"prevTerm":0,"entries":[],"commit":0},"id":69}
INFO:root:election timeout, starting new election

INFO:root:vote ended, new leader is
n1

INFO:root:t
h
e
 
i
s
 
a
 
n
e
w
 
l
e
a
d
e
r

INFO:root:node id:
n5
leader
n3
kvsotr
{}
cur term
2
log 
[(('pass', None), 0), [['pass', None], 0]]
commit indez e last applied
0
0
candidate, votes, voted for
False
None
None
timeout dict
{'n1': 1651669512479936352, 'n2': 1651669512467469028, 'n3': 1651669512568172178, 'n4': 1651669512564612650, 'n5': 1651669512446339021}

INFO:root:starting new elections, new term
2

INFO:root:Requesting new Vote

DEBUG:root:sending {"dest": "n1", "src": "n5", "body": {"msg_id": 10, "type": "RequestVote", "term": 2, "prevLogIndex": 1, "lastLogTerm": 0, "candidateId": "n5"}}
DEBUG:root:sending {"dest": "n2", "src": "n5", "body": {"msg_id": 11, "type": "RequestVote", "term": 2, "prevLogIndex": 1, "lastLogTerm": 0, "candidateId": "n5"}}
DEBUG:root:sending {"dest": "n3", "src": "n5", "body": {"msg_id": 12, "type": "RequestVote", "term": 2, "prevLogIndex": 1, "lastLogTerm": 0, "candidateId": "n5"}}
DEBUG:root:sending {"dest": "n4", "src": "n5", "body": {"msg_id": 13, "type": "RequestVote", "term": 2, "prevLogIndex": 1, "lastLogTerm": 0, "candidateId": "n5"}}
DEBUG:root:sending {"dest": "n5", "src": "n5", "body": {"msg_id": 14, "type": "RequestVote", "term": 2, "prevLogIndex": 1, "lastLogTerm": 0, "candidateId": "n5"}}
DEBUG:root:sending {"dest": "n3", "src": "n5", "body": {"msg_id": 9, "in_reply_to": 16, "type": "AppendEntriesRes", "res": true, "term": 2, "next": 2, "commit": 0}}
DEBUG:root:received {"dest":"n5","src":"n5","body":{"msg_id":14,"type":"RequestVote","term":2,"prevLogIndex":1,"lastLogTerm":0,"candidateId":"n5"},"id":76}
INFO:root:alrady voted in cur election
None
at time
1651669512571036725

DEBUG:root:sending {"dest": "n5", "src": "n5", "body": {"msg_id": 15, "in_reply_to": 14, "type": "RequestVoteRes", "term": 2, "res": true}}
DEBUG:root:received {"dest":"n5","src":"n5","body":{"msg_id":15,"in_reply_to":14,"type":"RequestVoteRes","term":2,"res":true},"id":78}
DEBUG:root:received {"dest":"n5","src":"n2","body":{"msg_id":17,"in_reply_to":11,"type":"RequestVoteRes","term":2,"res":false},"id":79}
INFO:root:Got a response to the vote Request #475

INFO:root:node id:
n5
leader
n3
kvsotr
{}
cur term
2
log 
[(('pass', None), 0), [['pass', None], 0]]
commit indez e last applied
0
0
candidate, votes, voted for
True
0
None
timeout dict
{'n1': 1651669512479936352, 'n2': 1651669512467469028, 'n3': 1651669512568172178, 'n4': 1651669512564612650, 'n5': 1651669512572280626}

INFO:root:resposta
True
majority
3

INFO:root:antes  #487
0

INFO:root:depoi  #489
1

INFO:root:Got a response to the vote Request #475

INFO:root:node id:
n5
leader
n3
kvsotr
{}
cur term
2
log 
[(('pass', None), 0), [['pass', None], 0]]
commit indez e last applied
0
0
candidate, votes, voted for
True
1
None
timeout dict
{'n1': 1651669512479936352, 'n2': 1651669512572560186, 'n3': 1651669512568172178, 'n4': 1651669512564612650, 'n5': 1651669512572280626}

INFO:root:resposta
False
majority
3

DEBUG:root:received {"dest":"n5","src":"n4","body":{"msg_id":14,"in_reply_to":13,"type":"RequestVoteRes","term":2,"res":false},"id":80}
DEBUG:root:received {"dest":"n5","src":"n3","body":{"msg_id":17,"in_reply_to":12,"type":"RequestVoteRes","term":2,"res":true},"id":81}
INFO:root:Got a response to the vote Request #475

INFO:root:node id:
n5
leader
n3
kvsotr
{}
cur term
2
log 
[(('pass', None), 0), [['pass', None], 0]]
commit indez e last applied
0
0
candidate, votes, voted for
True
1
None
timeout dict
{'n1': 1651669512479936352, 'n2': 1651669512572560186, 'n3': 1651669512568172178, 'n4': 1651669512573218312, 'n5': 1651669512572280626}

INFO:root:resposta
False
majority
3

INFO:root:Got a response to the vote Request #475

INFO:root:node id:
n5
leader
n3
kvsotr
{}
cur term
2
log 
[(('pass', None), 0), [['pass', None], 0]]
commit indez e last applied
0
0
candidate, votes, voted for
True
1
None
timeout dict
{'n1': 1651669512479936352, 'n2': 1651669512572560186, 'n3': 1651669512573416752, 'n4': 1651669512573218312, 'n5': 1651669512572280626}

INFO:root:resposta
True
majority
3

INFO:root:antes  #487
1

INFO:root:depoi  #489
2

DEBUG:root:received {"dest":"n5","src":"n4","body":{"msg_id":19,"type":"RequestVote","term":3,"prevLogIndex":1,"lastLogTerm":0,"candidateId":"n4"},"id":90}
DEBUG:root:sending {"dest": "n4", "src": "n5", "body": {"msg_id": 16, "in_reply_to": 19, "type": "RequestVoteRes", "term": 3, "res": true}}
INFO:root:election started and voted vor
n4
at time
1651669512667024316

DEBUG:root:received {"dest":"n5","src":"n2","body":{"msg_id":22,"type":"RequestVote","term":3,"prevLogIndex":1,"lastLogTerm":0,"candidateId":"n2"},"id":91}
DEBUG:root:sending {"dest": "n2", "src": "n5", "body": {"msg_id": 17, "in_reply_to": 22, "type": "RequestVoteRes", "term": 3, "res": false}}
DEBUG:root:received {"dest":"n5","src":"n3","body":{"msg_id":22,"type":"RequestVote","term":3,"prevLogIndex":1,"lastLogTerm":0,"candidateId":"n3"},"id":99}
DEBUG:root:sending {"dest": "n3", "src": "n5", "body": {"msg_id": 18, "in_reply_to": 22, "type": "RequestVoteRes", "term": 3, "res": false}}
DEBUG:root:received {"dest":"n5","src":"n4","body":{"msg_id":26,"type":"AppendEntries","term":3,"prevIndex":1,"prevTerm":0,"entries":[],"commit":0},"id":112}
DEBUG:root:sending {"dest": "n4", "src": "n5", "body": {"msg_id": 19, "in_reply_to": 26, "type": "AppendEntriesRes", "res": true, "term": 3, "next": 2, "commit": 0}}
DEBUG:root:received {"dest":"n5","src":"n3","body":{"msg_id":31,"type":"RequestVote","term":4,"prevLogIndex":1,"lastLogTerm":0,"candidateId":"n3"},"id":121}
DEBUG:root:sending {"dest": "n3", "src": "n5", "body": {"msg_id": 20, "in_reply_to": 31, "type": "RequestVoteRes", "term": 3, "res": false}}
DEBUG:root:received {"dest":"n5","src":"n2","body":{"msg_id":32,"type":"RequestVote","term":4,"prevLogIndex":1,"lastLogTerm":0,"candidateId":"n2"},"id":130}
DEBUG:root:sending {"dest": "n2", "src": "n5", "body": {"msg_id": 21, "in_reply_to": 32, "type": "RequestVoteRes", "term": 3, "res": false}}
INFO:root:election timeout, starting new election

INFO:root:starting new elections, new term
4

INFO:root:Requesting new Vote

DEBUG:root:sending {"dest": "n1", "src": "n5", "body": {"msg_id": 22, "type": "RequestVote", "term": 4, "prevLogIndex": 1, "lastLogTerm": 0, "candidateId": "n5"}}
DEBUG:root:sending {"dest": "n2", "src": "n5", "body": {"msg_id": 23, "type": "RequestVote", "term": 4, "prevLogIndex": 1, "lastLogTerm": 0, "candidateId": "n5"}}
DEBUG:root:sending {"dest": "n3", "src": "n5", "body": {"msg_id": 24, "type": "RequestVote", "term": 4, "prevLogIndex": 1, "lastLogTerm": 0, "candidateId": "n5"}}
DEBUG:root:sending {"dest": "n4", "src": "n5", "body": {"msg_id": 25, "type": "RequestVote", "term": 4, "prevLogIndex": 1, "lastLogTerm": 0, "candidateId": "n5"}}
DEBUG:root:sending {"dest": "n5", "src": "n5", "body": {"msg_id": 26, "type": "RequestVote", "term": 4, "prevLogIndex": 1, "lastLogTerm": 0, "candidateId": "n5"}}
DEBUG:root:received {"dest":"n5","src":"n2","body":{"msg_id":38,"type":"RequestVote","term":5,"prevLogIndex":1,"lastLogTerm":0,"candidateId":"n2"},"id":146}
DEBUG:root:received {"dest":"n5","src":"n5","body":{"msg_id":26,"type":"RequestVote","term":4,"prevLogIndex":1,"lastLogTerm":0,"candidateId":"n5"},"id":147}
DEBUG:root:received {"dest":"n5","src":"n3","body":{"msg_id":38,"type":"RequestVote","term":5,"prevLogIndex":1,"lastLogTerm":0,"candidateId":"n3"},"id":148}
DEBUG:root:sending {"dest": "n2", "src": "n5", "body": {"msg_id": 27, "in_reply_to": 38, "type": "RequestVoteRes", "term": 5, "res": true}}
INFO:root:election started and voted vor
n2
at time
1651669512769753485

DEBUG:root:sending {"dest": "n5", "src": "n5", "body": {"msg_id": 28, "in_reply_to": 26, "type": "RequestVoteRes", "term": 5, "res": false}}
INFO:root:Bad election request, term is not up to date
n2
at time
1651669512771607245

DEBUG:root:sending {"dest": "n3", "src": "n5", "body": {"msg_id": 29, "in_reply_to": 38, "type": "RequestVoteRes", "term": 5, "res": false}}
DEBUG:root:received {"dest":"n5","src":"n4","body":{"msg_id":30,"in_reply_to":25,"type":"RequestVoteRes","term":4,"res":false},"id":151}
DEBUG:root:received {"dest":"n5","src":"n2","body":{"msg_id":40,"in_reply_to":23,"type":"RequestVoteRes","term":5,"res":false},"id":155}
INFO:root:Got a response to the vote Request #475

INFO:root:node id:
n5
leader
n3
kvsotr
{}
cur term
5
log 
[(('pass', None), 0), [['pass', None], 0]]
commit indez e last applied
0
0
candidate, votes, voted for
True
0
n2
timeout dict
{'n1': 1651669512479936352, 'n2': 1651669512769610700, 'n3': 1651669512771691490, 'n4': 1651669512772037787, 'n5': 1651669512771442848}

INFO:root:resposta
False
majority
3

INFO:root:Got a response to the vote Request #475

INFO:root:node id:
n5
leader
n3
kvsotr
{}
cur term
5
log 
[(('pass', None), 0), [['pass', None], 0]]
commit indez e last applied
0
0
candidate, votes, voted for
True
0
n2
timeout dict
{'n1': 1651669512479936352, 'n2': 1651669512772198574, 'n3': 1651669512771691490, 'n4': 1651669512772037787, 'n5': 1651669512771442848}

INFO:root:resposta
False
majority
3

DEBUG:root:received {"dest":"n5","src":"n5","body":{"msg_id":28,"in_reply_to":26,"type":"RequestVoteRes","term":5,"res":false},"id":159}
INFO:root:Got a response to the vote Request #475

INFO:root:node id:
n5
leader
n3
kvsotr
{}
cur term
5
log 
[(('pass', None), 0), [['pass', None], 0]]
commit indez e last applied
0
0
candidate, votes, voted for
True
0
n2
timeout dict
{'n1': 1651669512479936352, 'n2': 1651669512772198574, 'n3': 1651669512771691490, 'n4': 1651669512772037787, 'n5': 1651669512772744109}

INFO:root:resposta
False
majority
3

DEBUG:root:received {"dest":"n5","src":"n3","body":{"msg_id":41,"in_reply_to":24,"type":"RequestVoteRes","term":5,"res":false},"id":162}
DEBUG:root:received {"dest":"n5","src":"n4","body":{"msg_id":36,"type":"RequestVote","term":6,"prevLogIndex":1,"lastLogTerm":0,"candidateId":"n4"},"id":167}
DEBUG:root:received {"dest":"n5","src":"n3","body":{"msg_id":45,"type":"AppendEntries","term":5,"prevIndex":1,"prevTerm":0,"entries":[],"commit":0},"id":169}
DEBUG:root:received {"dest":"n5","src":"n2","body":{"msg_id":45,"type":"AppendEntries","term":5,"prevIndex":1,"prevTerm":0,"entries":[],"commit":0},"id":173}
INFO:root:Got a response to the vote Request #475

INFO:root:node id:
n5
leader
n3
kvsotr
{}
cur term
5
log 
[(('pass', None), 0), [['pass', None], 0]]
commit indez e last applied
0
0
candidate, votes, voted for
True
0
n2
timeout dict
{'n1': 1651669512479936352, 'n2': 1651669512772198574, 'n3': 1651669512775723615, 'n4': 1651669512772037787, 'n5': 1651669512772744109}

INFO:root:resposta
False
majority
3

DEBUG:root:sending {"dest": "n4", "src": "n5", "body": {"msg_id": 30, "in_reply_to": 36, "type": "RequestVoteRes", "term": 5, "res": false}}
DEBUG:root:sending {"dest": "n3", "src": "n5", "body": {"msg_id": 31, "in_reply_to": 45, "type": "AppendEntriesRes", "res": true, "term": 5, "next": 2, "commit": 0}}
DEBUG:root:sending {"dest": "n2", "src": "n5", "body": {"msg_id": 32, "in_reply_to": 45, "type": "AppendEntriesRes", "res": true, "term": 5, "next": 2, "commit": 0}}
DEBUG:root:received {"dest":"n5","src":"n3","body":{"msg_id":49,"type":"AppendEntries","term":5,"prevIndex":1,"prevTerm":0,"entries":[],"commit":0},"id":185}
DEBUG:root:sending {"dest": "n3", "src": "n5", "body": {"msg_id": 33, "in_reply_to": 49, "type": "AppendEntriesRes", "res": true, "term": 5, "next": 2, "commit": 0}}
DEBUG:root:received {"dest":"n5","src":"n4","body":{"msg_id":44,"type":"AppendEntries","term":6,"prevIndex":1,"prevTerm":0,"entries":[],"commit":0},"id":194}
INFO:root:vote ended, new leader is
n3

INFO:root:t
h
e
 
i
s
 
a
 
n
e
w
 
l
e
a
d
e
r

INFO:root:node id:
n5
leader
n4
kvsotr
{}
cur term
5
log 
[(('pass', None), 0), [['pass', None], 0]]
commit indez e last applied
0
0
candidate, votes, voted for
False
None
None
timeout dict
{'n1': 1651669512479936352, 'n2': 1651669512776188734, 'n3': 1651669512778707608, 'n4': 1651669512780570395, 'n5': 1651669512772744109}

DEBUG:root:sending {"dest": "n4", "src": "n5", "body": {"msg_id": 34, "in_reply_to": 44, "type": "AppendEntriesRes", "res": true, "term": 6, "next": 2, "commit": 0}}
DEBUG:root:received {"dest":"n5","src":"n3","body":{"msg_id":62,"type":"RequestVote","term":7,"prevLogIndex":2,"lastLogTerm":0,"candidateId":"n3"},"id":214}
DEBUG:root:sending {"dest": "n3", "src": "n5", "body": {"msg_id": 35, "in_reply_to": 62, "type": "RequestVoteRes", "term": 7, "res": true}}
INFO:root:election started and voted vor
n3
at time
1651669512790337275

DEBUG:root:received {"dest":"n5","src":"n4","body":{"msg_id":52,"type":"AppendEntries","term":6,"entries":[[["pass",null],0],[["pass",null],0],[["pass",null],0],[["pass",null],0],[["cas",[1,[4,0]]],6]],"prevIndex":1,"prevTerm":0,"commit":0},"id":223}
DEBUG:root:sending {"dest": "n4", "src": "n5", "body": {"msg_id": 36, "in_reply_to": 52, "type": "AppendEntriesRes", "res": false, "term": 7}}
INFO:root:msg term
6
current term
7
log
[(('pass', None), 0), [['pass', None], 0]]
msg entries
[[['pass', None], 0], [['pass', None], 0], [['pass', None], 0], [['pass', None], 0], [['cas', [1, [4, 0]]], 6]]

DEBUG:root:received {"dest":"n5","src":"n4","body":{"msg_id":54,"type":"AppendEntries","term":6,"prevIndex":0,"prevTerm":0,"entries":[[["pass",null],0],[["pass",null],0],[["pass",null],0],[["pass",null],0],[["pass",null],0],[["cas",[1,[4,0]]],6]],"commit":0},"id":227}
DEBUG:root:sending {"dest": "n4", "src": "n5", "body": {"msg_id": 37, "in_reply_to": 54, "type": "AppendEntriesRes", "res": false, "term": 7}}
INFO:root:msg term
6
current term
7
log
[(('pass', None), 0), [['pass', None], 0]]
msg entries
[[['pass', None], 0], [['pass', None], 0], [['pass', None], 0], [['pass', None], 0], [['pass', None], 0], [['cas', [1, [4, 0]]], 6]]

DEBUG:root:received {"dest":"n5","src":"n4","body":{"msg_id":55,"type":"AppendEntries","term":6,"prevIndex":-1,"prevTerm":6,"entries":[[["pass",null],0],[["pass",null],0],[["pass",null],0],[["pass",null],0],[["pass",null],0],[["pass",null],0],[["cas",[1,[4,0]]],6]],"commit":0},"id":229}
DEBUG:root:sending {"dest": "n4", "src": "n5", "body": {"msg_id": 38, "in_reply_to": 55, "type": "AppendEntriesRes", "res": false, "term": 7}}
INFO:root:msg term
6
current term
7
log
[(('pass', None), 0), [['pass', None], 0]]
msg entries
[[['pass', None], 0], [['pass', None], 0], [['pass', None], 0], [['pass', None], 0], [['pass', None], 0], [['pass', None], 0], [['cas', [1, [4, 0]]], 6]]

DEBUG:root:received {"dest":"n5","src":"n4","body":{"msg_id":56,"type":"AppendEntries","term":6,"prevIndex":-2,"prevTerm":0,"entries":[[["cas",[1,[4,0]]],6]],"commit":0},"id":231}
DEBUG:root:sending {"dest": "n4", "src": "n5", "body": {"msg_id": 39, "in_reply_to": 56, "type": "AppendEntriesRes", "res": false, "term": 7}}
INFO:root:msg term
6
current term
7
log
[(('pass', None), 0), [['pass', None], 0]]
msg entries
[[['cas', [1, [4, 0]]], 6]]

DEBUG:root:received {"dest":"n5","src":"n4","body":{"msg_id":57,"type":"AppendEntries","term":6,"prevIndex":-3,"prevTerm":0,"entries":[[["pass",null],0],[["cas",[1,[4,0]]],6]],"commit":0},"id":233}
DEBUG:root:sending {"dest": "n4", "src": "n5", "body": {"msg_id": 40, "in_reply_to": 57, "type": "AppendEntriesRes", "res": false, "term": 7}}
INFO:root:msg term
6
current term
7
log
[(('pass', None), 0), [['pass', None], 0]]
msg entries
[[['pass', None], 0], [['cas', [1, [4, 0]]], 6]]

DEBUG:root:received {"dest":"n5","src":"n4","body":{"msg_id":58,"type":"AppendEntries","term":6,"prevIndex":-4,"prevTerm":0,"entries":[[["pass",null],0],[["pass",null],0],[["cas",[1,[4,0]]],6]],"commit":0},"id":235}
DEBUG:root:sending {"dest": "n4", "src": "n5", "body": {"msg_id": 41, "in_reply_to": 58, "type": "AppendEntriesRes", "res": false, "term": 7}}
INFO:root:msg term
6
current term
7
log
[(('pass', None), 0), [['pass', None], 0]]
msg entries
[[['pass', None], 0], [['pass', None], 0], [['cas', [1, [4, 0]]], 6]]

DEBUG:root:received {"dest":"n5","src":"n4","body":{"msg_id":59,"type":"AppendEntries","term":6,"prevIndex":-5,"prevTerm":0,"entries":[[["pass",null],0],[["pass",null],0],[["pass",null],0],[["cas",[1,[4,0]]],6]],"commit":0},"id":237}
DEBUG:root:sending {"dest": "n4", "src": "n5", "body": {"msg_id": 42, "in_reply_to": 59, "type": "AppendEntriesRes", "res": false, "term": 7}}
INFO:root:msg term
6
current term
7
log
[(('pass', None), 0), [['pass', None], 0]]
msg entries
[[['pass', None], 0], [['pass', None], 0], [['pass', None], 0], [['cas', [1, [4, 0]]], 6]]

DEBUG:root:received {"dest":"n5","src":"n3","body":{"msg_id":70,"type":"RequestVote","term":8,"prevLogIndex":2,"lastLogTerm":0,"candidateId":"n3"},"id":244}
DEBUG:root:received {"dest":"n5","src":"n4","body":{"msg_id":62,"type":"AppendEntries","term":6,"prevIndex":-6,"prevTerm":0,"entries":[[["pass",null],0],[["pass",null],0],[["pass",null],0],[["pass",null],0],[["cas",[1,[4,0]]],6]],"commit":0},"id":248}
DEBUG:root:sending {"dest": "n3", "src": "n5", "body": {"msg_id": 43, "in_reply_to": 70, "type": "RequestVoteRes", "term": 8, "res": true}}
INFO:root:election started and voted vor
n3
at time
1651669512848362809

DEBUG:root:sending {"dest": "n4", "src": "n5", "body": {"msg_id": 44, "in_reply_to": 62, "type": "AppendEntriesRes", "res": false, "term": 8}}
INFO:root:msg term
6
current term
8
log
[(('pass', None), 0), [['pass', None], 0]]
msg entries
[[['pass', None], 0], [['pass', None], 0], [['pass', None], 0], [['pass', None], 0], [['cas', [1, [4, 0]]], 6]]

DEBUG:root:received {"dest":"n5","src":"n4","body":{"msg_id":69,"type":"AppendEntries","term":6,"prevIndex":-7,"prevTerm":0,"entries":[[["pass",null],0],[["pass",null],0],[["pass",null],0],[["pass",null],0],[["pass",null],0],[["cas",[1,[4,0]]],6]],"commit":0},"id":263}
DEBUG:root:sending {"dest": "n4", "src": "n5", "body": {"msg_id": 45, "in_reply_to": 69, "type": "AppendEntriesRes", "res": false, "term": 8}}
INFO:root:msg term
6
current term
8
log
[(('pass', None), 0), [['pass', None], 0]]
msg entries
[[['pass', None], 0], [['pass', None], 0], [['pass', None], 0], [['pass', None], 0], [['pass', None], 0], [['cas', [1, [4, 0]]], 6]]

INFO:root:election timeout, starting new election

INFO:root:starting new elections, new term
9

INFO:root:Requesting new Vote

DEBUG:root:sending {"dest": "n1", "src": "n5", "body": {"msg_id": 46, "type": "RequestVote", "term": 9, "prevLogIndex": 1, "lastLogTerm": 0, "candidateId": "n5"}}
DEBUG:root:sending {"dest": "n2", "src": "n5", "body": {"msg_id": 47, "type": "RequestVote", "term": 9, "prevLogIndex": 1, "lastLogTerm": 0, "candidateId": "n5"}}
DEBUG:root:sending {"dest": "n3", "src": "n5", "body": {"msg_id": 48, "type": "RequestVote", "term": 9, "prevLogIndex": 1, "lastLogTerm": 0, "candidateId": "n5"}}
DEBUG:root:sending {"dest": "n4", "src": "n5", "body": {"msg_id": 49, "type": "RequestVote", "term": 9, "prevLogIndex": 1, "lastLogTerm": 0, "candidateId": "n5"}}
DEBUG:root:sending {"dest": "n5", "src": "n5", "body": {"msg_id": 50, "type": "RequestVote", "term": 9, "prevLogIndex": 1, "lastLogTerm": 0, "candidateId": "n5"}}
DEBUG:root:received {"dest":"n5","src":"n5","body":{"msg_id":50,"type":"RequestVote","term":9,"prevLogIndex":1,"lastLogTerm":0,"candidateId":"n5"},"id":271}
INFO:root:alrady voted in cur election
None
at time
1651669512872964767

DEBUG:root:sending {"dest": "n5", "src": "n5", "body": {"msg_id": 51, "in_reply_to": 50, "type": "RequestVoteRes", "term": 9, "res": true}}
DEBUG:root:received {"dest":"n5","src":"n3","body":{"msg_id":83,"type":"RequestVote","term":9,"prevLogIndex":2,"lastLogTerm":0,"candidateId":"n3"},"id":275}
DEBUG:root:sending {"dest": "n3", "src": "n5", "body": {"msg_id": 52, "in_reply_to": 83, "type": "RequestVoteRes", "term": 9, "res": true}}
INFO:root:election started and voted vor
n3
at time
1651669512873461538

DEBUG:root:received {"dest":"n5","src":"n5","body":{"msg_id":51,"in_reply_to":50,"type":"RequestVoteRes","term":9,"res":true},"id":276}
DEBUG:root:received {"dest":"n5","src":"n3","body":{"msg_id":84,"in_reply_to":48,"type":"RequestVoteRes","term":9,"res":false},"id":278}
DEBUG:root:received {"dest":"n5","src":"n3","body":{"msg_id":90,"type":"RequestVote","term":10,"prevLogIndex":2,"lastLogTerm":0,"candidateId":"n3"},"id":283}
INFO:root:Got a response to the vote Request #475

INFO:root:node id:
n5
leader
n4
kvsotr
{}
cur term
9
log 
[(('pass', None), 0), [['pass', None], 0]]
commit indez e last applied
0
0
candidate, votes, voted for
True
0
n3
timeout dict
{'n1': 1651669512479936352, 'n2': 1651669512776188734, 'n3': 1651669512873356834, 'n4': 1651669512855882932, 'n5': 1651669512881808190}

INFO:root:resposta
True
majority
3

INFO:root:antes  #487
0

INFO:root:depoi  #489
1

INFO:root:Got a response to the vote Request #475

INFO:root:node id:
n5
leader
n4
kvsotr
{}
cur term
9
log 
[(('pass', None), 0), [['pass', None], 0]]
commit indez e last applied
0
0
candidate, votes, voted for
True
1
n3
timeout dict
{'n1': 1651669512479936352, 'n2': 1651669512776188734, 'n3': 1651669512882100939, 'n4': 1651669512855882932, 'n5': 1651669512881808190}

INFO:root:resposta
False
majority
3

DEBUG:root:sending {"dest": "n3", "src": "n5", "body": {"msg_id": 53, "in_reply_to": 90, "type": "RequestVoteRes", "term": 10, "res": true}}
INFO:root:election started and voted vor
n3
at time
1651669512882391632

DEBUG:root:received {"dest":"n5","src":"n3","body":{"msg_id":95,"type":"AppendEntries","term":10,"prevIndex":2,"prevTerm":0,"entries":[],"commit":0},"id":290}
INFO:root:280
[(('pass', None), 0), [['pass', None], 0]]
2
0
n5
[]

ERROR:root:fatal exception in handler
Traceback (most recent call last):
  File "/home/peter/Documents/tf/lab3/ms.py", line 27, in exitOnError
    fn(*args)
  File "/home/peter/Documents/tf/lab3/raft.py", line 326, in handle
    if a[1]!=msg.body.prevTerm:
IndexError: list index out of range
