2022-05-04 14:33:20,823{GMT}	INFO	[jepsen test runner] jepsen.core: Test version 99e6fb2a3505fae4b1987d97b445a48b7ad1f664 (plus uncommitted changes)
2022-05-04 14:33:20,823{GMT}	INFO	[jepsen test runner] jepsen.core: Command line:
lein run test --bin raft.py --workload lin-kv --time-limit 2 --concurrency 4n
2022-05-04 14:33:20,905{GMT}	INFO	[jepsen test runner] jepsen.core: Running test:
{:remote #jepsen.control.SSHRemote{:session nil}
 :log-net-send false
 :node-count nil
 :max-txn-length 4
 :concurrency 20
 :db
 #object[maelstrom.db$db$reify__16747
         "0xcf0e8b4"
         "maelstrom.db$db$reify__16747@cf0e8b4"]
 :max-writes-per-key 16
 :leave-db-running? false
 :name "lin-kv"
 :logging-json? false
 :net-journal #object[clojure.lang.Atom "0x51a7ee4e" {:status :ready, :val []}]
 :start-time
 #object[org.joda.time.DateTime "0x424c8ebe" "2022-05-04T14:33:20.000+01:00"]
 :nemesis-interval 10
 :net
 #object[maelstrom.net$jepsen_adapter$reify__15560
         "0x7aafac17"
         "maelstrom.net$jepsen_adapter$reify__15560@7aafac17"]
 :client
 #object[maelstrom.workload.lin_kv$client$reify__17524
         "0x3054551f"
         "maelstrom.workload.lin_kv$client$reify__17524@3054551f"]
 :barrier
 #object[java.util.concurrent.CyclicBarrier
         "0x6b8cfbeb"
         "java.util.concurrent.CyclicBarrier@6b8cfbeb"]
 :log-stderr false
 :pure-generators true
 :ssh {:dummy? true}
 :rate 5
 :checker
 #object[jepsen.checker$compose$reify__8612
         "0x4603845b"
         "jepsen.checker$compose$reify__8612@4603845b"]
 :argv
 ("test"
  "--bin"
  "raft.py"
  "--workload"
  "lin-kv"
  "--time-limit"
  "2"
  "--concurrency"
  "4n")
 :nemesis
 (jepsen.nemesis.ReflCompose
  {:fm {:start-partition 0,
        :stop-partition 0,
        :kill 1,
        :start 1,
        :pause 1,
        :resume 1},
   :nemeses [#unprintable "jepsen.nemesis.combined$partition_nemesis$reify__17019@414b5798"
             #unprintable "jepsen.nemesis.combined$db_nemesis$reify__17000@53251e03"]})
 :active-histories
 #object[clojure.lang.Atom "0x5ffae42f" {:status :ready, :val #{}}]
 :nodes ["n1" "n2" "n3" "n4" "n5"]
 :test-count 1
 :latency {:mean 0, :dist :constant}
 :bin "raft.py"
 :generator
 (jepsen.generator.TimeLimit
  {:limit 2000000000,
   :cutoff nil,
   :gen (jepsen.generator.Any
         {:gens [(jepsen.generator.OnThreads {:f #{:nemesis}, :gen nil})
                 (jepsen.generator.OnThreads
                  {:f #object[clojure.core$complement$fn__5654
                              "0x3eff5c32"
                              "clojure.core$complement$fn__5654@3eff5c32"],
                   :gen (jepsen.generator.Stagger
                         {:dt 400000000,
                          :next-time nil,
                          :gen (jepsen.generator.OnThreads
                                {:f #object[clojure.core$complement$fn__5654
                                            "0x79d538c1"
                                            "clojure.core$complement$fn__5654@79d538c1"],
                                 :gen (jepsen.independent.ConcurrentGenerator
                                       {:n 10,
                                        :fgen #object[jepsen.tests.linearizable_register$test$fn__17324
                                                      "0x31e08c61"
                                                      "jepsen.tests.linearizable_register$test$fn__17324@31e08c61"],
                                        :group->threads nil,
                                        :thread->group nil,
                                        :keys (0 1 2 3 4 5 6 7 ...),
                                        :gens nil})})})})]})})
 :log-net-recv false
 :os
 #object[jepsen.os$reify__2490 "0x2db15764" "jepsen.os$reify__2490@2db15764"]
 :time-limit 2
 :workload :lin-kv
 :consistency-models [:strict-serializable]
 :topology :grid}

2022-05-04 14:33:20,912{GMT}	INFO	[jepsen test runner] jepsen.db: Tearing down DB
2022-05-04 14:33:20,914{GMT}	INFO	[jepsen test runner] jepsen.db: Setting up DB
2022-05-04 14:33:20,916{GMT}	INFO	[jepsen node n3] maelstrom.db: Setting up n3
2022-05-04 14:33:20,916{GMT}	INFO	[jepsen node n4] maelstrom.db: Setting up n4
2022-05-04 14:33:20,916{GMT}	INFO	[jepsen node n2] maelstrom.db: Setting up n2
2022-05-04 14:33:20,916{GMT}	INFO	[jepsen node n3] maelstrom.process: launching raft.py nil
2022-05-04 14:33:20,916{GMT}	INFO	[jepsen node n4] maelstrom.process: launching raft.py nil
2022-05-04 14:33:20,916{GMT}	INFO	[jepsen node n2] maelstrom.process: launching raft.py nil
2022-05-04 14:33:20,919{GMT}	INFO	[jepsen node n1] maelstrom.service: Starting services: (lin-kv lin-tso lww-kv seq-kv)
2022-05-04 14:33:20,919{GMT}	INFO	[jepsen node n5] maelstrom.db: Setting up n5
2022-05-04 14:33:20,920{GMT}	INFO	[jepsen node n5] maelstrom.process: launching raft.py nil
2022-05-04 14:33:20,954{GMT}	INFO	[jepsen node n1] maelstrom.db: Setting up n1
2022-05-04 14:33:20,955{GMT}	INFO	[jepsen node n1] maelstrom.process: launching raft.py nil
2022-05-04 14:33:21,006{GMT}	INFO	[jepsen test runner] jepsen.core: Relative time begins now
2022-05-04 14:33:21,036{GMT}	INFO	[jepsen worker 13] jepsen.util: 13	:invoke	:write	[1 1]
2022-05-04 14:33:21,042{GMT}	INFO	[jepsen worker 13] jepsen.util: 13	:info	:write	[1 1]	[:unknown "Not Leader"]
2022-05-04 14:33:21,074{GMT}	INFO	[jepsen worker 13] jepsen.util: 33	:invoke	:cas	[1 [1 1]]
2022-05-04 14:33:21,076{GMT}	INFO	[jepsen worker 13] jepsen.util: 33	:info	:cas	[1 [1 1]]	[:unknown "Not Leader"]
2022-05-04 14:33:21,321{GMT}	INFO	[jepsen worker 14] jepsen.util: 14	:invoke	:cas	[1 [4 0]]
2022-05-04 14:33:21,325{GMT}	INFO	[jepsen worker 14] jepsen.util: 14	:info	:cas	[1 [4 0]]	[:unknown "Not Leader"]
2022-05-04 14:33:21,670{GMT}	INFO	[jepsen worker 13] jepsen.util: 53	:invoke	:cas	[1 [2 1]]
2022-05-04 14:33:21,699{GMT}	INFO	[jepsen worker 4] jepsen.util: 4	:invoke	:read	[0 nil]
2022-05-04 14:33:21,704{GMT}	INFO	[jepsen worker 4] jepsen.util: 4	:fail	:read	[0 nil]	[:unknown "Invalid Key"]
2022-05-04 14:33:21,831{GMT}	INFO	[jepsen worker 15] jepsen.util: 15	:invoke	:cas	[1 [1 1]]
2022-05-04 14:33:22,165{GMT}	INFO	[jepsen worker 17] jepsen.util: 17	:invoke	:cas	[1 [4 0]]
2022-05-04 14:33:22,170{GMT}	INFO	[jepsen worker 17] jepsen.util: 17	:info	:cas	[1 [4 0]]	[:unknown "Not Leader"]
2022-05-04 14:33:22,538{GMT}	INFO	[jepsen worker 17] jepsen.util: 37	:invoke	:cas	[1 [4 3]]
2022-05-04 14:33:22,673{GMT}	INFO	[jepsen worker 13] jepsen.util: 53	:info	:cas	[1 [2 1]]	:net-timeout
2022-05-04 14:33:22,833{GMT}	INFO	[jepsen worker 15] jepsen.util: 15	:info	:cas	[1 [1 1]]	:net-timeout
2022-05-04 14:33:22,845{GMT}	INFO	[jepsen worker 4] jepsen.util: 4	:invoke	:read	[0 nil]
2022-05-04 14:33:22,846{GMT}	INFO	[jepsen worker 4] jepsen.util: 4	:fail	:read	[0 nil]	[:unknown "Invalid Key"]
2022-05-04 14:33:23,005{GMT}	INFO	[jepsen worker 5] jepsen.util: 5	:invoke	:cas	[0 [0 2]]
2022-05-04 14:33:23,007{GMT}	INFO	[jepsen worker 5] jepsen.util: 5	:info	:cas	[0 [0 2]]	[:unknown "Not Leader"]
2022-05-04 14:33:23,539{GMT}	INFO	[jepsen worker 17] jepsen.util: 37	:info	:cas	[1 [4 3]]	:net-timeout
2022-05-04 14:33:23,543{GMT}	INFO	[jepsen node n2] maelstrom.db: Tearing down n2
2022-05-04 14:33:23,543{GMT}	INFO	[jepsen node n3] maelstrom.db: Tearing down n3
2022-05-04 14:33:23,543{GMT}	INFO	[jepsen node n1] maelstrom.db: Tearing down n1
2022-05-04 14:33:23,543{GMT}	INFO	[jepsen node n5] maelstrom.db: Tearing down n5
2022-05-04 14:33:23,543{GMT}	INFO	[jepsen node n4] maelstrom.db: Tearing down n4
2022-05-04 14:33:24,544{GMT}	WARN	[main] jepsen.core: Test crashed!
clojure.lang.ExceptionInfo: Node n2 crashed with exit status 1. Before crashing, it wrote to STDOUT:

{"dest": "n4", "src": "n2", "body": {"msg_id": 291, "type": "AppendEntries", "term": 40, "prevIndex": 2, "prevTerm": 0, "entries": [[["cas", [1, [4, 3]]], 29]], "commit": 0}}
{"dest": "n4", "src": "n2", "body": {"msg_id": 292, "type": "AppendEntries", "term": 40, "prevIndex": 1, "prevTerm": 0, "entries": [[["pass", null], 0], [["cas", [1, [4, 3]]], 29]], "commit": 0}}
{"dest": "n5", "src": "n2", "body": {"msg_id": 293, "in_reply_to": 316, "type": "RequestVoteRes", "term": 40, "res": false}}
{"dest": "n3", "src": "n2", "body": {"msg_id": 294, "in_reply_to": 228, "type": "RequestVoteRes", "term": 41, "res": true}}
{"dest": "n3", "src": "n2", "body": {"msg_id": 295, "in_reply_to": 234, "type": "AppendEntriesRes", "res": true, "term": 41, "next": 4, "commit": 0}}
{"dest": "n5", "src": "n2", "body": {"msg_id": 296, "in_reply_to": 324, "type": "RequestVoteRes", "term": 41, "res": false}}
{"dest": "n1", "src": "n2", "body": {"msg_id": 297, "type": "RequestVote", "term": 42, "prevLogIndex": 3, "lastLogTerm": 29, "candidateId": "n2"}}
{"dest": "n2", "src": "n2", "body": {"msg_id": 298, "type": "RequestVote", "term": 42, "prevLogIndex": 3, "lastLogTerm": 29, "candidateId": "n2"}}
{"dest": "n3", "src": "n2", "body": {"msg_id": 299, "type": "RequestVote", "term": 42, "prevLogIndex": 3, "lastLogTerm": 29, "candidateId": "n2"}}
{"dest": "n4", "src": "n2", "body": {"msg_id": 300, "type": "RequestVote", "term": 42, "prevLogIndex": 3, "lastLogTerm": 29, "candidateId": "n2"}}
{"dest": "n5", "src": "n2", "body": {"msg_id": 301, "type": "RequestVote", "term": 42, "prevLogIndex": 3, "lastLogTerm": 29, "candidateId": "n2"}}
{"dest": "n2", "src": "n2", "body": {"msg_id": 302, "in_reply_to": 298, "type": "RequestVoteRes", "term": 42, "res": true}}
{"dest": "n1", "src": "n2", "body": {"msg_id": 303, "type": "RequestVote", "term": 43, "prevLogIndex": 3, "lastLogTerm": 29, "candidateId": "n2"}}
{"dest": "n2", "src": "n2", "body": {"msg_id": 305, "type": "RequestVote", "term": 43, "prevLogIndex": 3, "lastLogTerm": 29, "candidateId": "n2"}}
{"dest": "n1", "src": "n2", "body": {"msg_id": 304, "type": "AppendEntries", "term": 43, "prevIndex": 3, "prevTerm": 29, "entries": [], "commit": 0}}
{"dest": "n3", "src": "n2", "body": {"msg_id": 306, "type": "RequestVote", "term": 43, "prevLogIndex": 3, "lastLogTerm": 29, "candidateId": "n2"}}
{"dest": "n3", "src": "n2", "body": {"msg_id": 307, "type": "AppendEntries", "term": 43, "prevIndex": 3, "prevTerm": 29, "entries": [], "commit": 0}}
{"dest": "n4", "src": "n2", "body": {"msg_id": 308, "type": "RequestVote", "term": 43, "prevLogIndex": 3, "lastLogTerm": 29, "candidateId": "n2"}}
{"dest": "n4", "src": "n2", "body": {"msg_id": 309, "type": "AppendEntries", "term": 43, "prevIndex": 3, "prevTerm": 29, "entries": [], "commit": 0}}
{"dest": "n5", "src": "n2", "body": {"msg_id": 310, "type": "RequestVote", "term": 43, "prevLogIndex": 3, "lastLogTerm": 29, "candidateId": "n2"}}
{"dest": "n5", "src": "n2", "body": {"msg_id": 311, "type": "AppendEntries", "term": 43, "prevIndex": 3, "prevTerm": 29, "entries": [], "commit": 0}}
{"dest": "n5", "src": "n2", "body": {"msg_id": 312, "in_reply_to": 331, "type": "RequestVoteRes", "term": 43, "res": false}}
{"dest": "n2", "src": "n2", "body": {"msg_id": 313, "in_reply_to": 305, "type": "RequestVoteRes", "term": 43, "res": true}}
{"dest": "n3", "src": "n2", "body": {"msg_id": 314, "in_reply_to": 244, "type": "RequestVoteRes", "term": 43, "res": false}}
{"dest": "n1", "src": "n2", "body": {"msg_id": 315, "type": "AppendEntries", "term": 43, "prevIndex": 2, "prevTerm": 0, "entries": [[["cas", [1, [4, 3]]], 29]], "commit": 0}}
{"dest": "n4", "src": "n2", "body": {"msg_id": 316, "type": "AppendEntries", "term": 43, "prevIndex": 2, "prevTerm": 0, "entries": [[["cas", [1, [4, 3]]], 29]], "commit": 0}}
{"dest": "n1", "src": "n2", "body": {"msg_id": 317, "type": "AppendEntries", "term": 43, "prevIndex": 3, "prevTerm": 29, "entries": [], "commit": 0}}
{"dest": "n3", "src": "n2", "body": {"msg_id": 318, "type": "AppendEntries", "term": 43, "prevIndex": 3, "prevTerm": 29, "entries": [], "commit": 0}}
{"dest": "n4", "src": "n2", "body": {"msg_id": 319, "type": "AppendEntries", "term": 43, "prevIndex": 3, "prevTerm": 29, "entries": [], "commit": 0}}
{"dest": "n5", "src": "n2", "body": {"msg_id": 320, "type": "AppendEntries", "term": 43, "prevIndex": 3, "prevTerm": 29, "entries": [], "commit": 0}}
{"dest": "n3", "src": "n2", "body": {"msg_id": 321, "in_reply_to": 250, "type": "RequestVoteRes", "term": 43, "res": true}}
{"dest": "n4", "src": "n2", "body": {"msg_id": 322, "type": "AppendEntries", "term": 43, "prevIndex": 2, "prevTerm": 0, "entries": [[["cas", [1, [4, 3]]], 29]], "commit": 0}}

And to STDERR:

INFO:root:387##########:
node
n2
current term
43
next I
{'n1': 27, 'n2': 4, 'n3': 4, 'n4': 3, 'n5': 4}
log
[(('pass', None), 0), [['pass', None], 0], [['pass', None], 0], [['cas', [1, [4, 3]]], 29]]
dest
n4

DEBUG:root:sending {"dest": "n4", "src": "n2", "body": {"msg_id": 322, "type": "AppendEntries", "term": 43, "prevIndex": 2, "prevTerm": 0, "entries": [[["cas", [1, [4, 3]]], 29]], "commit": 0}}
INFO:root:387##########:
node
n2
current term
43
next I
{'n1': 26, 'n2': 4, 'n3': 4, 'n4': 3, 'n5': 4}
log
[(('pass', None), 0), [['pass', None], 0], [['pass', None], 0], [['cas', [1, [4, 3]]], 29]]
dest
n1

ERROR:root:fatal exception in handler
Traceback (most recent call last):
  File "/home/peter/Documents/tf/lab3/ms.py", line 27, in exitOnError
    fn(*args)
  File "/home/peter/Documents/tf/lab3/raft.py", line 410, in handle
    send(node_id, dest, type='AppendEntries', term=current_term, prevIndex = nextIndex[dest]-1,prevTerm=log[nextIndex[dest]-1][1] ,entries=log[nextIndex[dest]:],commit=commitIndex)
IndexError: list index out of range

Full STDERR logs are available in /home/peter/Documents/tf/lab3/store/lin-kv/20220504T143320.000+0100/node-logs/n2.log
	at slingshot.support$stack_trace.invoke(support.clj:201)
	at maelstrom.process$stop_node_BANG_.invokeStatic(process.clj:239)
	at maelstrom.process$stop_node_BANG_.invoke(process.clj:217)
	at maelstrom.db$db$reify__16747.teardown_BANG_(db.clj:75)
	at jepsen.db$fn__3285$G__3281__3289.invoke(db.clj:11)
	at jepsen.db$fn__3285$G__3280__3294.invoke(db.clj:11)
	at clojure.core$partial$fn__5824.invoke(core.clj:2625)
	at jepsen.control$on_nodes$fn__3165.invoke(control.clj:452)
	at clojure.lang.AFn.applyToHelper(AFn.java:154)
	at clojure.lang.AFn.applyTo(AFn.java:144)
	at clojure.core$apply.invokeStatic(core.clj:665)
	at clojure.core$with_bindings_STAR_.invokeStatic(core.clj:1973)
	at clojure.core$with_bindings_STAR_.doInvoke(core.clj:1973)
	at clojure.lang.RestFn.applyTo(RestFn.java:142)
	at clojure.core$apply.invokeStatic(core.clj:669)
	at clojure.core$bound_fn_STAR_$fn__5734.doInvoke(core.clj:2003)
	at clojure.lang.RestFn.invoke(RestFn.java:408)
	at dom_top.core$real_pmap_helper$build_thread__213$fn__214.invoke(core.clj:146)
	at clojure.lang.AFn.applyToHelper(AFn.java:152)
	at clojure.lang.AFn.applyTo(AFn.java:144)
	at clojure.core$apply.invokeStatic(core.clj:665)
	at clojure.core$with_bindings_STAR_.invokeStatic(core.clj:1973)
	at clojure.core$with_bindings_STAR_.doInvoke(core.clj:1973)
	at clojure.lang.RestFn.invoke(RestFn.java:425)
	at clojure.lang.AFn.applyToHelper(AFn.java:156)
	at clojure.lang.RestFn.applyTo(RestFn.java:132)
	at clojure.core$apply.invokeStatic(core.clj:669)
	at clojure.core$bound_fn_STAR_$fn__5734.doInvoke(core.clj:2003)
	at clojure.lang.RestFn.invoke(RestFn.java:397)
	at clojure.lang.AFn.run(AFn.java:22)
	at java.base/java.lang.Thread.run(Thread.java:833)
