2022-05-04 14:47:26,580{GMT}	INFO	[jepsen test runner] jepsen.core: Test version 99e6fb2a3505fae4b1987d97b445a48b7ad1f664 (plus uncommitted changes)
2022-05-04 14:47:26,581{GMT}	INFO	[jepsen test runner] jepsen.core: Command line:
lein run test --bin raft.py --workload lin-kv --time-limit 2 --concurrency 4n
2022-05-04 14:47:26,660{GMT}	INFO	[jepsen test runner] jepsen.core: Running test:
{:remote #jepsen.control.SSHRemote{:session nil}
 :log-net-send false
 :node-count nil
 :max-txn-length 4
 :concurrency 20
 :db
 #object[maelstrom.db$db$reify__16747
         "0xcf0e8b4"
         "maelstrom.db$db$reify__16747@cf0e8b4"]
 :max-writes-per-key 16
 :leave-db-running? false
 :name "lin-kv"
 :logging-json? false
 :net-journal #object[clojure.lang.Atom "0x51a7ee4e" {:status :ready, :val []}]
 :start-time
 #object[org.joda.time.DateTime "0x424c8ebe" "2022-05-04T14:47:26.000+01:00"]
 :nemesis-interval 10
 :net
 #object[maelstrom.net$jepsen_adapter$reify__15560
         "0x7aafac17"
         "maelstrom.net$jepsen_adapter$reify__15560@7aafac17"]
 :client
 #object[maelstrom.workload.lin_kv$client$reify__17524
         "0x3054551f"
         "maelstrom.workload.lin_kv$client$reify__17524@3054551f"]
 :barrier
 #object[java.util.concurrent.CyclicBarrier
         "0x6b8cfbeb"
         "java.util.concurrent.CyclicBarrier@6b8cfbeb"]
 :log-stderr false
 :pure-generators true
 :ssh {:dummy? true}
 :rate 5
 :checker
 #object[jepsen.checker$compose$reify__8612
         "0x4603845b"
         "jepsen.checker$compose$reify__8612@4603845b"]
 :argv
 ("test"
  "--bin"
  "raft.py"
  "--workload"
  "lin-kv"
  "--time-limit"
  "2"
  "--concurrency"
  "4n")
 :nemesis
 (jepsen.nemesis.ReflCompose
  {:fm {:start-partition 0,
        :stop-partition 0,
        :kill 1,
        :start 1,
        :pause 1,
        :resume 1},
   :nemeses [#unprintable "jepsen.nemesis.combined$partition_nemesis$reify__17019@414b5798"
             #unprintable "jepsen.nemesis.combined$db_nemesis$reify__17000@53251e03"]})
 :active-histories
 #object[clojure.lang.Atom "0x5ffae42f" {:status :ready, :val #{}}]
 :nodes ["n1" "n2" "n3" "n4" "n5"]
 :test-count 1
 :latency {:mean 0, :dist :constant}
 :bin "raft.py"
 :generator
 (jepsen.generator.TimeLimit
  {:limit 2000000000,
   :cutoff nil,
   :gen (jepsen.generator.Any
         {:gens [(jepsen.generator.OnThreads {:f #{:nemesis}, :gen nil})
                 (jepsen.generator.OnThreads
                  {:f #object[clojure.core$complement$fn__5654
                              "0x3eff5c32"
                              "clojure.core$complement$fn__5654@3eff5c32"],
                   :gen (jepsen.generator.Stagger
                         {:dt 400000000,
                          :next-time nil,
                          :gen (jepsen.generator.OnThreads
                                {:f #object[clojure.core$complement$fn__5654
                                            "0x79d538c1"
                                            "clojure.core$complement$fn__5654@79d538c1"],
                                 :gen (jepsen.independent.ConcurrentGenerator
                                       {:n 10,
                                        :fgen #object[jepsen.tests.linearizable_register$test$fn__17324
                                                      "0x31e08c61"
                                                      "jepsen.tests.linearizable_register$test$fn__17324@31e08c61"],
                                        :group->threads nil,
                                        :thread->group nil,
                                        :keys (0 1 2 3 4 5 6 7 ...),
                                        :gens nil})})})})]})})
 :log-net-recv false
 :os
 #object[jepsen.os$reify__2490 "0x2db15764" "jepsen.os$reify__2490@2db15764"]
 :time-limit 2
 :workload :lin-kv
 :consistency-models [:strict-serializable]
 :topology :grid}

2022-05-04 14:47:26,668{GMT}	INFO	[jepsen test runner] jepsen.db: Tearing down DB
2022-05-04 14:47:26,670{GMT}	INFO	[jepsen test runner] jepsen.db: Setting up DB
2022-05-04 14:47:26,671{GMT}	INFO	[jepsen node n2] maelstrom.db: Setting up n2
2022-05-04 14:47:26,671{GMT}	INFO	[jepsen node n3] maelstrom.db: Setting up n3
2022-05-04 14:47:26,672{GMT}	INFO	[jepsen node n2] maelstrom.process: launching raft.py nil
2022-05-04 14:47:26,672{GMT}	INFO	[jepsen node n3] maelstrom.process: launching raft.py nil
2022-05-04 14:47:26,673{GMT}	INFO	[jepsen node n4] maelstrom.db: Setting up n4
2022-05-04 14:47:26,673{GMT}	INFO	[jepsen node n4] maelstrom.process: launching raft.py nil
2022-05-04 14:47:26,674{GMT}	INFO	[jepsen node n5] maelstrom.db: Setting up n5
2022-05-04 14:47:26,674{GMT}	INFO	[jepsen node n1] maelstrom.service: Starting services: (lin-kv lin-tso lww-kv seq-kv)
2022-05-04 14:47:26,675{GMT}	INFO	[jepsen node n5] maelstrom.process: launching raft.py nil
2022-05-04 14:47:26,676{GMT}	INFO	[jepsen node n1] maelstrom.db: Setting up n1
2022-05-04 14:47:26,677{GMT}	INFO	[jepsen node n1] maelstrom.process: launching raft.py nil
2022-05-04 14:47:26,759{GMT}	INFO	[jepsen test runner] jepsen.core: Relative time begins now
2022-05-04 14:47:26,785{GMT}	INFO	[jepsen worker 2] jepsen.util: 2	:invoke	:read	[0 nil]
2022-05-04 14:47:26,792{GMT}	INFO	[jepsen worker 2] jepsen.util: 2	:fail	:read	[0 nil]	[:unknown "Not Leader"]
2022-05-04 14:47:27,105{GMT}	INFO	[jepsen worker 0] jepsen.util: 0	:invoke	:read	[0 nil]
2022-05-04 14:47:27,110{GMT}	INFO	[jepsen worker 0] jepsen.util: 0	:fail	:read	[0 nil]	[:unknown "Not Leader"]
2022-05-04 14:47:27,467{GMT}	INFO	[jepsen worker 12] jepsen.util: 12	:invoke	:write	[1 1]
2022-05-04 14:47:27,472{GMT}	INFO	[jepsen worker 12] jepsen.util: 12	:info	:write	[1 1]	[:unknown "Not Leader"]
2022-05-04 14:47:27,687{GMT}	INFO	[jepsen worker 18] jepsen.util: 18	:invoke	:write	[1 3]
2022-05-04 14:47:28,013{GMT}	INFO	[jepsen worker 16] jepsen.util: 16	:invoke	:cas	[1 [0 0]]
2022-05-04 14:47:28,089{GMT}	INFO	[jepsen worker 13] jepsen.util: 13	:invoke	:write	[1 2]
2022-05-04 14:47:28,092{GMT}	INFO	[jepsen worker 13] jepsen.util: 13	:info	:write	[1 2]	[:unknown "Not Leader"]
2022-05-04 14:47:28,160{GMT}	INFO	[jepsen worker 14] jepsen.util: 14	:invoke	:cas	[1 [0 0]]
2022-05-04 14:47:28,162{GMT}	INFO	[jepsen worker 14] jepsen.util: 14	:info	:cas	[1 [0 0]]	[:unknown "Not Leader"]
2022-05-04 14:47:28,358{GMT}	INFO	[jepsen worker 12] jepsen.util: 32	:invoke	:cas	[1 [0 0]]
2022-05-04 14:47:28,364{GMT}	INFO	[jepsen worker 12] jepsen.util: 32	:info	:cas	[1 [0 0]]	[:unknown "Not Leader"]
2022-05-04 14:47:28,681{GMT}	INFO	[jepsen worker 7] jepsen.util: 7	:invoke	:write	[0 1]
2022-05-04 14:47:28,683{GMT}	INFO	[jepsen worker 7] jepsen.util: 7	:info	:write	[0 1]	[:unknown "Not Leader"]
2022-05-04 14:47:28,687{GMT}	INFO	[jepsen worker 18] jepsen.util: 18	:info	:write	[1 3]	:net-timeout
2022-05-04 14:47:29,013{GMT}	INFO	[jepsen worker 16] jepsen.util: 16	:info	:cas	[1 [0 0]]	:net-timeout
2022-05-04 14:47:29,017{GMT}	INFO	[jepsen node n1] maelstrom.db: Tearing down n1
2022-05-04 14:47:29,017{GMT}	INFO	[jepsen node n3] maelstrom.db: Tearing down n3
2022-05-04 14:47:29,017{GMT}	INFO	[jepsen node n4] maelstrom.db: Tearing down n4
2022-05-04 14:47:29,017{GMT}	INFO	[jepsen node n2] maelstrom.db: Tearing down n2
2022-05-04 14:47:29,017{GMT}	INFO	[jepsen node n5] maelstrom.db: Tearing down n5
2022-05-04 14:47:30,682{GMT}	INFO	[jepsen test runner] jepsen.core: Run complete, writing
2022-05-04 14:47:30,767{GMT}	INFO	[jepsen test runner] jepsen.core: Analyzing...
2022-05-04 14:47:30,827{GMT}	INFO	[clojure-agent-send-pool-0] jepsen.independent: Wrote /home/peter/Documents/tf/lab3/store/lin-kv/20220504T144726.000+0100/independent/0/results.edn
2022-05-04 14:47:30,829{GMT}	INFO	[clojure-agent-send-pool-0] jepsen.independent: Wrote /home/peter/Documents/tf/lab3/store/lin-kv/20220504T144726.000+0100/independent/0/history.edn
2022-05-04 14:47:30,858{GMT}	INFO	[clojure-agent-send-pool-1] jepsen.independent: Wrote /home/peter/Documents/tf/lab3/store/lin-kv/20220504T144726.000+0100/independent/1/results.edn
2022-05-04 14:47:30,859{GMT}	INFO	[clojure-agent-send-pool-1] jepsen.independent: Wrote /home/peter/Documents/tf/lab3/store/lin-kv/20220504T144726.000+0100/independent/1/history.edn
2022-05-04 14:47:31,109{GMT}	INFO	[jepsen test runner] jepsen.core: Analysis complete
2022-05-04 14:47:31,130{GMT}	INFO	[jepsen results] jepsen.store: Wrote /home/peter/Documents/tf/lab3/store/lin-kv/20220504T144726.000+0100/results.edn
2022-05-04 14:47:31,198{GMT}	INFO	[jepsen test runner] jepsen.core: {:perf {:latency-graph {:valid? true},
        :rate-graph {:valid? true},
        :valid? true},
 :timeline {:valid? true},
 :exceptions {:valid? true},
 :stats {:valid? false,
         :count 9,
         :ok-count 0,
         :fail-count 2,
         :info-count 7,
         :by-f {:cas {:valid? false,
                      :count 3,
                      :ok-count 0,
                      :fail-count 0,
                      :info-count 3},
                :read {:valid? false,
                       :count 2,
                       :ok-count 0,
                       :fail-count 2,
                       :info-count 0},
                :write {:valid? false,
                        :count 4,
                        :ok-count 0,
                        :fail-count 0,
                        :info-count 4}}},
 :net {:stats {:all {:send-count 1786,
                     :recv-count 1786,
                     :msg-count 1786,
                     :msgs-per-op 198.44444},
               :clients {:send-count 26,
                         :recv-count 26,
                         :msg-count 26},
               :servers {:send-count 1760,
                         :recv-count 1760,
                         :msg-count 1760,
                         :msgs-per-op 195.55556}},
       :valid? true},
 :workload {:valid? true,
            :results {0 {:linearizable {:valid? true,
                                        :configs ({:model #knossos.model.CASRegister{:value nil},
                                                   :last-op nil,
                                                   :pending [{:process 7,
                                                              :type :invoke,
                                                              :f :write,
                                                              :value 1,
                                                              :index 14,
                                                              :time 1922374682}]}),
                                        :final-paths ()},
                         :timeline {:valid? true},
                         :valid? true},
                      1 {:linearizable {:valid? true,
                                        :configs ({:model #knossos.model.CASRegister{:value nil},
                                                   :last-op nil,
                                                   :pending [{:process 12,
                                                              :type :invoke,
                                                              :f :write,
                                                              :value 1,
                                                              :index 4,
                                                              :time 705728971}
                                                             {:process 13,
                                                              :type :invoke,
                                                              :f :write,
                                                              :value 2,
                                                              :index 8,
                                                              :time 1328295761}
                                                             {:process 14,
                                                              :type :invoke,
                                                              :f :cas,
                                                              :value [0
                                                                      0],
                                                              :index 10,
                                                              :time 1400532805}
                                                             {:process 16,
                                                              :type :invoke,
                                                              :f :cas,
                                                              :value [0
                                                                      0],
                                                              :index 7,
                                                              :time 1253983214}
                                                             {:process 18,
                                                              :type :invoke,
                                                              :f :write,
                                                              :value 3,
                                                              :index 6,
                                                              :time 928117377}
                                                             {:process 32,
                                                              :type :invoke,
                                                              :f :cas,
                                                              :value [0
                                                                      0],
                                                              :index 12,
                                                              :time 1597361427}]}),
                                        :final-paths ()},
                         :timeline {:valid? true},
                         :valid? true}},
            :failures []},
 :valid? false}


Analysis invalid! (ﾉಥ益ಥ）ﾉ ┻━┻
