2022-05-03 15:01:41,194{GMT}	INFO	[jepsen test runner] jepsen.core: Test version ba6f9e66132a8e6051301f5fc7fd18e877f6bddb (plus uncommitted changes)
2022-05-03 15:01:41,194{GMT}	INFO	[jepsen test runner] jepsen.core: Command line:
lein run test --bin raft.py --workload lin-kv --concurrency 4n --time-limit 2
2022-05-03 15:01:41,252{GMT}	INFO	[jepsen test runner] jepsen.core: Running test:
{:remote #jepsen.control.SSHRemote{:session nil}
 :log-net-send false
 :node-count nil
 :max-txn-length 4
 :concurrency 20
 :db
 #object[maelstrom.db$db$reify__16747
         "0xcf0e8b4"
         "maelstrom.db$db$reify__16747@cf0e8b4"]
 :max-writes-per-key 16
 :leave-db-running? false
 :name "lin-kv"
 :logging-json? false
 :net-journal #object[clojure.lang.Atom "0x51a7ee4e" {:status :ready, :val []}]
 :start-time
 #object[org.joda.time.DateTime "0x424c8ebe" "2022-05-03T15:01:41.000+01:00"]
 :nemesis-interval 10
 :net
 #object[maelstrom.net$jepsen_adapter$reify__15560
         "0x7aafac17"
         "maelstrom.net$jepsen_adapter$reify__15560@7aafac17"]
 :client
 #object[maelstrom.workload.lin_kv$client$reify__17524
         "0x3054551f"
         "maelstrom.workload.lin_kv$client$reify__17524@3054551f"]
 :barrier
 #object[java.util.concurrent.CyclicBarrier
         "0x6b8cfbeb"
         "java.util.concurrent.CyclicBarrier@6b8cfbeb"]
 :log-stderr false
 :pure-generators true
 :ssh {:dummy? true}
 :rate 5
 :checker
 #object[jepsen.checker$compose$reify__8612
         "0x4603845b"
         "jepsen.checker$compose$reify__8612@4603845b"]
 :argv
 ("test"
  "--bin"
  "raft.py"
  "--workload"
  "lin-kv"
  "--concurrency"
  "4n"
  "--time-limit"
  "2")
 :nemesis
 (jepsen.nemesis.ReflCompose
  {:fm {:start-partition 0,
        :stop-partition 0,
        :kill 1,
        :start 1,
        :pause 1,
        :resume 1},
   :nemeses [#unprintable "jepsen.nemesis.combined$partition_nemesis$reify__17019@414b5798"
             #unprintable "jepsen.nemesis.combined$db_nemesis$reify__17000@53251e03"]})
 :active-histories
 #object[clojure.lang.Atom "0x5ffae42f" {:status :ready, :val #{}}]
 :nodes ["n1" "n2" "n3" "n4" "n5"]
 :test-count 1
 :latency {:mean 0, :dist :constant}
 :bin "raft.py"
 :generator
 (jepsen.generator.TimeLimit
  {:limit 2000000000,
   :cutoff nil,
   :gen (jepsen.generator.Any
         {:gens [(jepsen.generator.OnThreads {:f #{:nemesis}, :gen nil})
                 (jepsen.generator.OnThreads
                  {:f #object[clojure.core$complement$fn__5654
                              "0x3eff5c32"
                              "clojure.core$complement$fn__5654@3eff5c32"],
                   :gen (jepsen.generator.Stagger
                         {:dt 400000000,
                          :next-time nil,
                          :gen (jepsen.generator.OnThreads
                                {:f #object[clojure.core$complement$fn__5654
                                            "0x79d538c1"
                                            "clojure.core$complement$fn__5654@79d538c1"],
                                 :gen (jepsen.independent.ConcurrentGenerator
                                       {:n 10,
                                        :fgen #object[jepsen.tests.linearizable_register$test$fn__17324
                                                      "0x31e08c61"
                                                      "jepsen.tests.linearizable_register$test$fn__17324@31e08c61"],
                                        :group->threads nil,
                                        :thread->group nil,
                                        :keys (0 1 2 3 4 5 6 7 ...),
                                        :gens nil})})})})]})})
 :log-net-recv false
 :os
 #object[jepsen.os$reify__2490 "0x2db15764" "jepsen.os$reify__2490@2db15764"]
 :time-limit 2
 :workload :lin-kv
 :consistency-models [:strict-serializable]
 :topology :grid}

2022-05-03 15:01:41,258{GMT}	INFO	[jepsen test runner] jepsen.db: Tearing down DB
2022-05-03 15:01:41,261{GMT}	INFO	[jepsen test runner] jepsen.db: Setting up DB
2022-05-03 15:01:41,262{GMT}	INFO	[jepsen node n2] maelstrom.db: Setting up n2
2022-05-03 15:01:41,262{GMT}	INFO	[jepsen node n5] maelstrom.db: Setting up n5
2022-05-03 15:01:41,262{GMT}	INFO	[jepsen node n2] maelstrom.process: launching raft.py nil
2022-05-03 15:01:41,262{GMT}	INFO	[jepsen node n4] maelstrom.db: Setting up n4
2022-05-03 15:01:41,262{GMT}	INFO	[jepsen node n5] maelstrom.process: launching raft.py nil
2022-05-03 15:01:41,265{GMT}	INFO	[jepsen node n1] maelstrom.service: Starting services: (lin-kv lin-tso lww-kv seq-kv)
2022-05-03 15:01:41,265{GMT}	INFO	[jepsen node n4] maelstrom.process: launching raft.py nil
2022-05-03 15:01:41,265{GMT}	INFO	[jepsen node n3] maelstrom.db: Setting up n3
2022-05-03 15:01:41,267{GMT}	INFO	[jepsen node n3] maelstrom.process: launching raft.py nil
2022-05-03 15:01:41,302{GMT}	INFO	[jepsen node n1] maelstrom.db: Setting up n1
2022-05-03 15:01:41,303{GMT}	INFO	[jepsen node n1] maelstrom.process: launching raft.py nil
2022-05-03 15:01:41,352{GMT}	INFO	[jepsen test runner] jepsen.core: Relative time begins now
2022-05-03 15:01:41,385{GMT}	INFO	[jepsen worker 6] jepsen.util: 6	:invoke	:cas	[0 [1 2]]
2022-05-03 15:01:41,390{GMT}	INFO	[jepsen worker 6] jepsen.util: 6	:info	:cas	[0 [1 2]]	[:unknown "Not Leader"]
2022-05-03 15:01:41,508{GMT}	INFO	[jepsen worker 9] jepsen.util: 9	:invoke	:write	[0 1]
2022-05-03 15:01:41,510{GMT}	INFO	[jepsen worker 9] jepsen.util: 9	:info	:write	[0 1]	[:unknown "Not Leader"]
2022-05-03 15:01:41,717{GMT}	INFO	[jepsen worker 4] jepsen.util: 4	:invoke	:read	[0 nil]
2022-05-03 15:01:41,718{GMT}	INFO	[jepsen worker 4] jepsen.util: 4	:fail	:read	[0 nil]	[:unknown "Not Leader"]
2022-05-03 15:01:41,870{GMT}	INFO	[jepsen worker 8] jepsen.util: 8	:invoke	:cas	[0 [1 2]]
2022-05-03 15:01:41,872{GMT}	INFO	[jepsen worker 8] jepsen.util: 8	:info	:cas	[0 [1 2]]	[:unknown "Not Leader"]
2022-05-03 15:01:41,885{GMT}	INFO	[jepsen worker 6] jepsen.util: 26	:invoke	:cas	[0 [4 3]]
2022-05-03 15:01:41,886{GMT}	INFO	[jepsen worker 6] jepsen.util: 26	:info	:cas	[0 [4 3]]	[:unknown "Not Leader"]
2022-05-03 15:01:42,047{GMT}	INFO	[jepsen worker 13] jepsen.util: 13	:invoke	:cas	[1 [0 3]]
2022-05-03 15:01:42,049{GMT}	INFO	[jepsen worker 13] jepsen.util: 13	:info	:cas	[1 [0 3]]	[:unknown "Not Leader"]
2022-05-03 15:01:42,185{GMT}	INFO	[jepsen worker 13] jepsen.util: 33	:invoke	:write	[1 3]
2022-05-03 15:01:42,191{GMT}	INFO	[jepsen worker 13] jepsen.util: 33	:info	:write	[1 3]	[:unknown "Not Leader"]
2022-05-03 15:01:42,272{GMT}	INFO	[jepsen worker 18] jepsen.util: 18	:invoke	:cas	[1 [1 2]]
2022-05-03 15:01:42,321{GMT}	INFO	[jepsen worker 18] jepsen.util: 18	:info	:cas	[1 [1 2]]	[:unknown "Not Leader"]
2022-05-03 15:01:42,656{GMT}	INFO	[jepsen worker 12] jepsen.util: 12	:invoke	:cas	[1 [0 2]]
2022-05-03 15:01:42,689{GMT}	INFO	[jepsen worker 12] jepsen.util: 12	:info	:cas	[1 [0 2]]	[:unknown "Not Leader"]
2022-05-03 15:01:42,976{GMT}	INFO	[jepsen worker 5] jepsen.util: 5	:invoke	:cas	[0 [4 0]]
2022-05-03 15:01:43,119{GMT}	INFO	[jepsen worker 2] jepsen.util: 2	:invoke	:read	[0 nil]
2022-05-03 15:01:43,176{GMT}	INFO	[jepsen worker 2] jepsen.util: 2	:fail	:read	[0 nil]	[:unknown "Not Leader"]
2022-05-03 15:01:43,275{GMT}	INFO	[jepsen worker 4] jepsen.util: 4	:invoke	:read	[0 nil]
2022-05-03 15:01:43,408{GMT}	INFO	[jepsen worker 4] jepsen.util: 4	:fail	:read	[0 nil]	[:unknown "Not Leader"]
2022-05-03 15:01:43,978{GMT}	INFO	[jepsen worker 5] jepsen.util: 5	:info	:cas	[0 [4 0]]	:net-timeout
2022-05-03 15:01:44,004{GMT}	INFO	[jepsen node n3] maelstrom.db: Tearing down n3
2022-05-03 15:01:44,006{GMT}	INFO	[jepsen node n1] maelstrom.db: Tearing down n1
2022-05-03 15:01:44,006{GMT}	INFO	[jepsen node n4] maelstrom.db: Tearing down n4
2022-05-03 15:01:44,006{GMT}	INFO	[jepsen node n5] maelstrom.db: Tearing down n5
2022-05-03 15:01:44,008{GMT}	INFO	[jepsen node n2] maelstrom.db: Tearing down n2
2022-05-03 15:01:44,032{GMT}	WARN	[main] jepsen.core: Test crashed!
clojure.lang.ExceptionInfo: Node n1 crashed with exit status 1. Before crashing, it wrote to STDOUT:

{"dest": "n1", "src": "n1", "body": {"msg_id": 715, "type": "RequestVote", "term": 126, "prevLogIndex": 0, "lastLogTerm": 0, "candidateId": "n1"}}
{"dest": "n2", "src": "n1", "body": {"msg_id": 716, "type": "RequestVote", "term": 126, "prevLogIndex": 0, "lastLogTerm": 0, "candidateId": "n1"}}
{"dest": "n3", "src": "n1", "body": {"msg_id": 717, "type": "RequestVote", "term": 126, "prevLogIndex": 0, "lastLogTerm": 0, "candidateId": "n1"}}
{"dest": "n4", "src": "n1", "body": {"msg_id": 718, "type": "RequestVote", "term": 126, "prevLogIndex": 0, "lastLogTerm": 0, "candidateId": "n1"}}
{"dest": "n5", "src": "n1", "body": {"msg_id": 719, "type": "RequestVote", "term": 126, "prevLogIndex": 0, "lastLogTerm": 0, "candidateId": "n1"}}
{"dest": "n1", "src": "n1", "body": {"msg_id": 720, "in_reply_to": 639, "type": "RequestVoteRes", "term": 126, "res": false}}
{"dest": "n1", "src": "n1", "body": {"msg_id": 721, "in_reply_to": 641, "type": "RequestVoteRes", "term": 126, "res": false}}
{"dest": "n4", "src": "n1", "body": {"msg_id": 722, "in_reply_to": 689, "type": "RequestVoteRes", "term": 126, "res": false}}
{"dest": "n3", "src": "n1", "body": {"msg_id": 723, "in_reply_to": 670, "type": "RequestVoteRes", "term": 126, "res": false}}
{"dest": "n3", "src": "n1", "body": {"msg_id": 724, "in_reply_to": 669, "type": "RequestVoteRes", "term": 126, "res": false}}
{"dest": "n4", "src": "n1", "body": {"msg_id": 725, "in_reply_to": 695, "type": "RequestVoteRes", "term": 126, "res": true}}
{"dest": "n1", "src": "n1", "body": {"msg_id": 726, "type": "RequestVote", "term": 127, "prevLogIndex": 0, "lastLogTerm": 0, "candidateId": "n1"}}
{"dest": "n2", "src": "n1", "body": {"msg_id": 728, "type": "RequestVote", "term": 127, "prevLogIndex": 0, "lastLogTerm": 0, "candidateId": "n1"}}
{"dest": "n3", "src": "n1", "body": {"msg_id": 729, "type": "RequestVote", "term": 127, "prevLogIndex": 0, "lastLogTerm": 0, "candidateId": "n1"}}
{"dest": "n4", "src": "n1", "body": {"msg_id": 730, "type": "RequestVote", "term": 127, "prevLogIndex": 0, "lastLogTerm": 0, "candidateId": "n1"}}
{"dest": "n5", "src": "n1", "body": {"msg_id": 731, "type": "RequestVote", "term": 127, "prevLogIndex": 0, "lastLogTerm": 0, "candidateId": "n1"}}
{"dest": "n1", "src": "n1", "body": {"msg_id": 732, "type": "RequestVote", "term": 128, "prevLogIndex": 0, "lastLogTerm": 0, "candidateId": "n1"}}
{"dest": "n2", "src": "n1", "body": {"msg_id": 733, "type": "RequestVote", "term": 128, "prevLogIndex": 0, "lastLogTerm": 0, "candidateId": "n1"}}
{"dest": "n3", "src": "n1", "body": {"msg_id": 734, "type": "RequestVote", "term": 128, "prevLogIndex": 0, "lastLogTerm": 0, "candidateId": "n1"}}
{"dest": "n4", "src": "n1", "body": {"msg_id": 735, "type": "RequestVote", "term": 128, "prevLogIndex": 0, "lastLogTerm": 0, "candidateId": "n1"}}
{"dest": "n5", "src": "n1", "body": {"msg_id": 736, "type": "RequestVote", "term": 128, "prevLogIndex": 0, "lastLogTerm": 0, "candidateId": "n1"}}
{"dest": "n3", "src": "n1", "body": {"msg_id": 727, "in_reply_to": 668, "type": "RequestVoteRes", "term": 127, "res": false}}
{"dest": "n1", "src": "n1", "body": {"msg_id": 737, "in_reply_to": 653, "type": "RequestVoteRes", "term": 128, "res": false}}
{"dest": "n1", "src": "n1", "body": {"msg_id": 738, "in_reply_to": 652, "type": "RequestVoteRes", "term": 128, "res": false}}
{"dest": "n2", "src": "n1", "body": {"msg_id": 739, "in_reply_to": 669, "type": "RequestVoteRes", "term": 128, "res": false}}
{"dest": "n5", "src": "n1", "body": {"msg_id": 740, "in_reply_to": 706, "type": "RequestVoteRes", "term": 128, "res": false}}
{"dest": "n2", "src": "n1", "body": {"msg_id": 741, "in_reply_to": 680, "type": "RequestVoteRes", "term": 128, "res": false}}
{"dest": "n3", "src": "n1", "body": {"msg_id": 742, "in_reply_to": 687, "type": "RequestVoteRes", "term": 128, "res": false}}
{"dest": "n5", "src": "n1", "body": {"msg_id": 743, "in_reply_to": 712, "type": "RequestVoteRes", "term": 128, "res": false}}
{"dest": "n2", "src": "n1", "body": {"msg_id": 744, "in_reply_to": 681, "type": "RequestVoteRes", "term": 128, "res": false}}
{"dest": "n2", "src": "n1", "body": {"msg_id": 745, "in_reply_to": 682, "type": "RequestVoteRes", "term": 128, "res": false}}
{"dest": "n2", "src": "n1", "body": {"msg_id": 746, "in_reply_to": 685, "type": "RequestVoteRes", "term": 128, "res": true}}

And to STDERR:

DEBUG:root:received {"dest":"n1","src":"n3","body":{"msg_id":765,"in_reply_to":695,"type":"RequestVoteRes","term":127,"res":false},"id":3778}
DEBUG:root:received {"dest":"n1","src":"n3","body":{"msg_id":767,"in_reply_to":717,"type":"RequestVoteRes","term":127,"res":false},"id":3780}
DEBUG:root:sending {"dest": "n3", "src": "n1", "body": {"msg_id": 727, "in_reply_to": 668, "type": "RequestVoteRes", "term": 127, "res": false}}
DEBUG:root:sending {"dest": "n1", "src": "n1", "body": {"msg_id": 737, "in_reply_to": 653, "type": "RequestVoteRes", "term": 128, "res": false}}
DEBUG:root:sending {"dest": "n1", "src": "n1", "body": {"msg_id": 738, "in_reply_to": 652, "type": "RequestVoteRes", "term": 128, "res": false}}
DEBUG:root:sending {"dest": "n2", "src": "n1", "body": {"msg_id": 739, "in_reply_to": 669, "type": "RequestVoteRes", "term": 128, "res": false}}
DEBUG:root:sending {"dest": "n5", "src": "n1", "body": {"msg_id": 740, "in_reply_to": 706, "type": "RequestVoteRes", "term": 128, "res": false}}
DEBUG:root:sending {"dest": "n2", "src": "n1", "body": {"msg_id": 741, "in_reply_to": 680, "type": "RequestVoteRes", "term": 128, "res": false}}
DEBUG:root:sending {"dest": "n3", "src": "n1", "body": {"msg_id": 742, "in_reply_to": 687, "type": "RequestVoteRes", "term": 128, "res": false}}
DEBUG:root:sending {"dest": "n5", "src": "n1", "body": {"msg_id": 743, "in_reply_to": 712, "type": "RequestVoteRes", "term": 128, "res": false}}
DEBUG:root:sending {"dest": "n2", "src": "n1", "body": {"msg_id": 744, "in_reply_to": 681, "type": "RequestVoteRes", "term": 128, "res": false}}
DEBUG:root:sending {"dest": "n2", "src": "n1", "body": {"msg_id": 745, "in_reply_to": 682, "type": "RequestVoteRes", "term": 128, "res": false}}
DEBUG:root:sending {"dest": "n2", "src": "n1", "body": {"msg_id": 746, "in_reply_to": 685, "type": "RequestVoteRes", "term": 128, "res": true}}
WARNING:root:387##########:
node
n1
current term
128
next I
{'n1': 1, 'n2': 1, 'n3': 0, 'n4': 0, 'n5': -1}
log
[(('pass', None), 0)]
dest
n5

ERROR:root:fatal exception in handler
Traceback (most recent call last):
  File "/home/peter/Documents/tf/lab3/ms.py", line 27, in exitOnError
    fn(*args)
  File "/home/peter/Documents/tf/lab3/raft.py", line 389, in handle
    send(node_id, dest, type='AppendEntries', term=current_term, prevIndex = nextIndex[dest]-1,prevTerm=log[nextIndex[dest]-1][1] ,entries=log[nextIndex[dest]:],commit=commitIndex)
IndexError: list index out of range

Full STDERR logs are available in /home/peter/Documents/tf/lab3/store/lin-kv/20220503T150141.000+0100/node-logs/n1.log
	at slingshot.support$stack_trace.invoke(support.clj:201)
	at maelstrom.process$stop_node_BANG_.invokeStatic(process.clj:239)
	at maelstrom.process$stop_node_BANG_.invoke(process.clj:217)
	at maelstrom.db$db$reify__16747.teardown_BANG_(db.clj:75)
	at jepsen.db$fn__3285$G__3281__3289.invoke(db.clj:11)
	at jepsen.db$fn__3285$G__3280__3294.invoke(db.clj:11)
	at clojure.core$partial$fn__5824.invoke(core.clj:2625)
	at jepsen.control$on_nodes$fn__3165.invoke(control.clj:452)
	at clojure.lang.AFn.applyToHelper(AFn.java:154)
	at clojure.lang.AFn.applyTo(AFn.java:144)
	at clojure.core$apply.invokeStatic(core.clj:665)
	at clojure.core$with_bindings_STAR_.invokeStatic(core.clj:1973)
	at clojure.core$with_bindings_STAR_.doInvoke(core.clj:1973)
	at clojure.lang.RestFn.applyTo(RestFn.java:142)
	at clojure.core$apply.invokeStatic(core.clj:669)
	at clojure.core$bound_fn_STAR_$fn__5734.doInvoke(core.clj:2003)
	at clojure.lang.RestFn.invoke(RestFn.java:408)
	at dom_top.core$real_pmap_helper$build_thread__213$fn__214.invoke(core.clj:146)
	at clojure.lang.AFn.applyToHelper(AFn.java:152)
	at clojure.lang.AFn.applyTo(AFn.java:144)
	at clojure.core$apply.invokeStatic(core.clj:665)
	at clojure.core$with_bindings_STAR_.invokeStatic(core.clj:1973)
	at clojure.core$with_bindings_STAR_.doInvoke(core.clj:1973)
	at clojure.lang.RestFn.invoke(RestFn.java:425)
	at clojure.lang.AFn.applyToHelper(AFn.java:156)
	at clojure.lang.RestFn.applyTo(RestFn.java:132)
	at clojure.core$apply.invokeStatic(core.clj:669)
	at clojure.core$bound_fn_STAR_$fn__5734.doInvoke(core.clj:2003)
	at clojure.lang.RestFn.invoke(RestFn.java:397)
	at clojure.lang.AFn.run(AFn.java:22)
	at java.base/java.lang.Thread.run(Thread.java:833)
