2022-05-04 15:22:52,399{GMT}	INFO	[jepsen test runner] jepsen.core: Test version 99e6fb2a3505fae4b1987d97b445a48b7ad1f664 (plus uncommitted changes)
2022-05-04 15:22:52,400{GMT}	INFO	[jepsen test runner] jepsen.core: Command line:
lein run test --bin raft.py --workload lin-kv --time-limit 2 --concurrency 4n
2022-05-04 15:22:52,646{GMT}	INFO	[jepsen test runner] jepsen.core: Running test:
{:remote #jepsen.control.SSHRemote{:session nil}
 :log-net-send false
 :node-count nil
 :max-txn-length 4
 :concurrency 20
 :db
 #object[maelstrom.db$db$reify__16747
         "0xcf0e8b4"
         "maelstrom.db$db$reify__16747@cf0e8b4"]
 :max-writes-per-key 16
 :leave-db-running? false
 :name "lin-kv"
 :logging-json? false
 :net-journal #object[clojure.lang.Atom "0x51a7ee4e" {:status :ready, :val []}]
 :start-time
 #object[org.joda.time.DateTime "0x424c8ebe" "2022-05-04T15:22:52.000+01:00"]
 :nemesis-interval 10
 :net
 #object[maelstrom.net$jepsen_adapter$reify__15560
         "0x7aafac17"
         "maelstrom.net$jepsen_adapter$reify__15560@7aafac17"]
 :client
 #object[maelstrom.workload.lin_kv$client$reify__17524
         "0x3054551f"
         "maelstrom.workload.lin_kv$client$reify__17524@3054551f"]
 :barrier
 #object[java.util.concurrent.CyclicBarrier
         "0x6b8cfbeb"
         "java.util.concurrent.CyclicBarrier@6b8cfbeb"]
 :log-stderr false
 :pure-generators true
 :ssh {:dummy? true}
 :rate 5
 :checker
 #object[jepsen.checker$compose$reify__8612
         "0x4603845b"
         "jepsen.checker$compose$reify__8612@4603845b"]
 :argv
 ("test"
  "--bin"
  "raft.py"
  "--workload"
  "lin-kv"
  "--time-limit"
  "2"
  "--concurrency"
  "4n")
 :nemesis
 (jepsen.nemesis.ReflCompose
  {:fm {:start-partition 0,
        :stop-partition 0,
        :kill 1,
        :start 1,
        :pause 1,
        :resume 1},
   :nemeses [#unprintable "jepsen.nemesis.combined$partition_nemesis$reify__17019@414b5798"
             #unprintable "jepsen.nemesis.combined$db_nemesis$reify__17000@53251e03"]})
 :active-histories
 #object[clojure.lang.Atom "0x5ffae42f" {:status :ready, :val #{}}]
 :nodes ["n1" "n2" "n3" "n4" "n5"]
 :test-count 1
 :latency {:mean 0, :dist :constant}
 :bin "raft.py"
 :generator
 (jepsen.generator.TimeLimit
  {:limit 2000000000,
   :cutoff nil,
   :gen (jepsen.generator.Any
         {:gens [(jepsen.generator.OnThreads {:f #{:nemesis}, :gen nil})
                 (jepsen.generator.OnThreads
                  {:f #object[clojure.core$complement$fn__5654
                              "0x3eff5c32"
                              "clojure.core$complement$fn__5654@3eff5c32"],
                   :gen (jepsen.generator.Stagger
                         {:dt 400000000,
                          :next-time nil,
                          :gen (jepsen.generator.OnThreads
                                {:f #object[clojure.core$complement$fn__5654
                                            "0x79d538c1"
                                            "clojure.core$complement$fn__5654@79d538c1"],
                                 :gen (jepsen.independent.ConcurrentGenerator
                                       {:n 10,
                                        :fgen #object[jepsen.tests.linearizable_register$test$fn__17324
                                                      "0x31e08c61"
                                                      "jepsen.tests.linearizable_register$test$fn__17324@31e08c61"],
                                        :group->threads nil,
                                        :thread->group nil,
                                        :keys (0 1 2 3 4 5 6 7 ...),
                                        :gens nil})})})})]})})
 :log-net-recv false
 :os
 #object[jepsen.os$reify__2490 "0x2db15764" "jepsen.os$reify__2490@2db15764"]
 :time-limit 2
 :workload :lin-kv
 :consistency-models [:strict-serializable]
 :topology :grid}

2022-05-04 15:22:52,668{GMT}	INFO	[jepsen test runner] jepsen.db: Tearing down DB
2022-05-04 15:22:52,674{GMT}	INFO	[jepsen test runner] jepsen.db: Setting up DB
2022-05-04 15:22:52,678{GMT}	INFO	[jepsen node n2] maelstrom.db: Setting up n2
2022-05-04 15:22:52,678{GMT}	INFO	[jepsen node n3] maelstrom.db: Setting up n3
2022-05-04 15:22:52,678{GMT}	INFO	[jepsen node n4] maelstrom.db: Setting up n4
2022-05-04 15:22:52,678{GMT}	INFO	[jepsen node n5] maelstrom.db: Setting up n5
2022-05-04 15:22:52,680{GMT}	INFO	[jepsen node n2] maelstrom.process: launching raft.py nil
2022-05-04 15:22:52,680{GMT}	INFO	[jepsen node n3] maelstrom.process: launching raft.py nil
2022-05-04 15:22:52,682{GMT}	INFO	[jepsen node n5] maelstrom.process: launching raft.py nil
2022-05-04 15:22:52,684{GMT}	INFO	[jepsen node n4] maelstrom.process: launching raft.py nil
2022-05-04 15:22:52,689{GMT}	INFO	[jepsen node n1] maelstrom.service: Starting services: (lin-kv lin-tso lww-kv seq-kv)
2022-05-04 15:22:52,698{GMT}	INFO	[jepsen node n1] maelstrom.db: Setting up n1
2022-05-04 15:22:52,700{GMT}	INFO	[jepsen node n1] maelstrom.process: launching raft.py nil
2022-05-04 15:22:52,923{GMT}	INFO	[jepsen test runner] jepsen.core: Relative time begins now
2022-05-04 15:22:53,024{GMT}	INFO	[jepsen worker 17] jepsen.util: 17	:invoke	:cas	[1 [0 2]]
2022-05-04 15:22:53,043{GMT}	INFO	[jepsen worker 17] jepsen.util: 17	:info	:cas	[1 [0 2]]	[:unknown "Not Leader"]
2022-05-04 15:22:53,138{GMT}	INFO	[jepsen worker 12] jepsen.util: 12	:invoke	:write	[1 4]
2022-05-04 15:22:53,143{GMT}	INFO	[jepsen worker 12] jepsen.util: 12	:info	:write	[1 4]	[:unknown "Not Leader"]
2022-05-04 15:22:53,193{GMT}	INFO	[jepsen worker 18] jepsen.util: 18	:invoke	:cas	[1 [4 1]]
2022-05-04 15:22:53,342{GMT}	INFO	[jepsen worker 14] jepsen.util: 14	:invoke	:cas	[1 [2 1]]
2022-05-04 15:22:53,347{GMT}	INFO	[jepsen worker 14] jepsen.util: 14	:info	:cas	[1 [2 1]]	[:unknown "Not Leader"]
2022-05-04 15:22:53,524{GMT}	INFO	[jepsen worker 11] jepsen.util: 11	:invoke	:cas	[1 [0 2]]
2022-05-04 15:22:53,579{GMT}	INFO	[jepsen worker 16] jepsen.util: 16	:invoke	:cas	[1 [3 4]]
2022-05-04 15:22:53,851{GMT}	INFO	[jepsen worker 17] jepsen.util: 37	:invoke	:cas	[1 [3 1]]
2022-05-04 15:22:53,915{GMT}	INFO	[jepsen worker 2] jepsen.util: 2	:invoke	:read	[0 nil]
2022-05-04 15:22:53,921{GMT}	INFO	[jepsen worker 2] jepsen.util: 2	:fail	:read	[0 nil]	[:unknown "Invalid Key"]
2022-05-04 15:22:53,990{GMT}	INFO	[jepsen worker 9] jepsen.util: 9	:invoke	:cas	[0 [3 4]]
2022-05-04 15:22:54,019{GMT}	INFO	[jepsen worker 9] jepsen.util: 9	:info	:cas	[0 [3 4]]	[:unknown "Not Leader"]
2022-05-04 15:22:54,196{GMT}	INFO	[jepsen worker 18] jepsen.util: 18	:info	:cas	[1 [4 1]]	:net-timeout
2022-05-04 15:22:54,237{GMT}	INFO	[jepsen worker 15] jepsen.util: 15	:invoke	:write	[1 2]
2022-05-04 15:22:54,243{GMT}	INFO	[jepsen worker 15] jepsen.util: 15	:info	:write	[1 2]	[:unknown "Not Leader"]
2022-05-04 15:22:54,278{GMT}	INFO	[jepsen worker 19] jepsen.util: 19	:invoke	:write	[1 2]
2022-05-04 15:22:54,299{GMT}	INFO	[jepsen worker 19] jepsen.util: 19	:info	:write	[1 2]	[:unknown "Not Leader"]
2022-05-04 15:22:54,526{GMT}	INFO	[jepsen worker 11] jepsen.util: 11	:info	:cas	[1 [0 2]]	:net-timeout
2022-05-04 15:22:54,581{GMT}	INFO	[jepsen worker 16] jepsen.util: 16	:info	:cas	[1 [3 4]]	:net-timeout
2022-05-04 15:22:54,645{GMT}	INFO	[jepsen worker 4] jepsen.util: 4	:invoke	:read	[0 nil]
2022-05-04 15:22:54,649{GMT}	INFO	[jepsen worker 4] jepsen.util: 4	:fail	:read	[0 nil]	[:unknown "Not Leader"]
2022-05-04 15:22:54,776{GMT}	INFO	[jepsen worker 4] jepsen.util: 4	:invoke	:read	[0 nil]
2022-05-04 15:22:54,780{GMT}	INFO	[jepsen worker 4] jepsen.util: 4	:fail	:read	[0 nil]	[:unknown "Not Leader"]
2022-05-04 15:22:54,853{GMT}	INFO	[jepsen worker 17] jepsen.util: 37	:info	:cas	[1 [3 1]]	:net-timeout
2022-05-04 15:22:54,871{GMT}	INFO	[jepsen node n2] maelstrom.db: Tearing down n2
2022-05-04 15:22:54,871{GMT}	INFO	[jepsen node n3] maelstrom.db: Tearing down n3
2022-05-04 15:22:54,871{GMT}	INFO	[jepsen node n4] maelstrom.db: Tearing down n4
2022-05-04 15:22:54,871{GMT}	INFO	[jepsen node n1] maelstrom.db: Tearing down n1
2022-05-04 15:22:54,871{GMT}	INFO	[jepsen node n5] maelstrom.db: Tearing down n5
2022-05-04 15:22:56,707{GMT}	INFO	[jepsen test runner] jepsen.core: Run complete, writing
2022-05-04 15:22:56,952{GMT}	INFO	[jepsen test runner] jepsen.core: Analyzing...
2022-05-04 15:22:57,181{GMT}	INFO	[clojure-agent-send-pool-0] jepsen.independent: Wrote /home/peter/Documents/tf/lab3/store/lin-kv/20220504T152252.000+0100/independent/0/results.edn
2022-05-04 15:22:57,188{GMT}	INFO	[clojure-agent-send-pool-0] jepsen.independent: Wrote /home/peter/Documents/tf/lab3/store/lin-kv/20220504T152252.000+0100/independent/0/history.edn
2022-05-04 15:22:57,330{GMT}	INFO	[clojure-agent-send-pool-1] jepsen.independent: Wrote /home/peter/Documents/tf/lab3/store/lin-kv/20220504T152252.000+0100/independent/1/results.edn
2022-05-04 15:22:57,336{GMT}	INFO	[clojure-agent-send-pool-1] jepsen.independent: Wrote /home/peter/Documents/tf/lab3/store/lin-kv/20220504T152252.000+0100/independent/1/history.edn
2022-05-04 15:22:57,999{GMT}	INFO	[jepsen test runner] jepsen.core: Analysis complete
2022-05-04 15:22:58,094{GMT}	INFO	[jepsen results] jepsen.store: Wrote /home/peter/Documents/tf/lab3/store/lin-kv/20220504T152252.000+0100/results.edn
2022-05-04 15:22:58,207{GMT}	INFO	[jepsen test runner] jepsen.core: {:perf {:latency-graph {:valid? true},
        :rate-graph {:valid? true},
        :valid? true},
 :timeline {:valid? true},
 :exceptions {:valid? true},
 :stats {:valid? false,
         :count 13,
         :ok-count 0,
         :fail-count 3,
         :info-count 10,
         :by-f {:cas {:valid? false,
                      :count 7,
                      :ok-count 0,
                      :fail-count 0,
                      :info-count 7},
                :read {:valid? false,
                       :count 3,
                       :ok-count 0,
                       :fail-count 3,
                       :info-count 0},
                :write {:valid? false,
                        :count 3,
                        :ok-count 0,
                        :fail-count 0,
                        :info-count 3}}},
 :net {:stats {:all {:send-count 1073,
                     :recv-count 1073,
                     :msg-count 1073,
                     :msgs-per-op 82.53846},
               :clients {:send-count 32,
                         :recv-count 32,
                         :msg-count 32},
               :servers {:send-count 1041,
                         :recv-count 1041,
                         :msg-count 1041,
                         :msgs-per-op 80.07692}},
       :valid? true},
 :workload {:valid? true,
            :results {0 {:linearizable {:valid? true,
                                        :configs ({:model #knossos.model.CASRegister{:value nil},
                                                   :last-op nil,
                                                   :pending [{:process 9,
                                                              :type :invoke,
                                                              :f :cas,
                                                              :value [3
                                                                      4],
                                                              :index 12,
                                                              :time 1066773112}]}),
                                        :final-paths ()},
                         :timeline {:valid? true},
                         :valid? true},
                      1 {:linearizable {:valid? true,
                                        :configs ({:model #knossos.model.CASRegister{:value nil},
                                                   :last-op nil,
                                                   :pending [{:process 11,
                                                              :type :invoke,
                                                              :f :cas,
                                                              :value [0
                                                                      2],
                                                              :index 7,
                                                              :time 600636586}
                                                             {:process 12,
                                                              :type :invoke,
                                                              :f :write,
                                                              :value 4,
                                                              :index 2,
                                                              :time 215866013}
                                                             {:process 14,
                                                              :type :invoke,
                                                              :f :cas,
                                                              :value [2
                                                                      1],
                                                              :index 5,
                                                              :time 419186805}
                                                             {:process 15,
                                                              :type :invoke,
                                                              :f :write,
                                                              :value 2,
                                                              :index 15,
                                                              :time 1312824146}
                                                             {:process 16,
                                                              :type :invoke,
                                                              :f :cas,
                                                              :value [3
                                                                      4],
                                                              :index 8,
                                                              :time 653151407}
                                                             {:process 17,
                                                              :type :invoke,
                                                              :f :cas,
                                                              :value [0
                                                                      2],
                                                              :index 0,
                                                              :time 49315254}
                                                             {:process 18,
                                                              :type :invoke,
                                                              :f :cas,
                                                              :value [4
                                                                      1],
                                                              :index 4,
                                                              :time 266408504}
                                                             {:process 19,
                                                              :type :invoke,
                                                              :f :write,
                                                              :value 2,
                                                              :index 17,
                                                              :time 1352801438}
                                                             {:process 37,
                                                              :type :invoke,
                                                              :f :cas,
                                                              :value [3
                                                                      1],
                                                              :index 9,
                                                              :time 928930882}]}),
                                        :final-paths ()},
                         :timeline {:valid? true},
                         :valid? true}},
            :failures []},
 :valid? false}


Analysis invalid! (ﾉಥ益ಥ）ﾉ ┻━┻
