2022-05-03 15:15:33,259{GMT}	INFO	[jepsen test runner] jepsen.core: Test version ba6f9e66132a8e6051301f5fc7fd18e877f6bddb (plus uncommitted changes)
2022-05-03 15:15:33,260{GMT}	INFO	[jepsen test runner] jepsen.core: Command line:
lein run test --bin raft.py --workload lin-kv --concurrency 4n --time-limit 2
2022-05-03 15:15:33,333{GMT}	INFO	[jepsen test runner] jepsen.core: Running test:
{:remote #jepsen.control.SSHRemote{:session nil}
 :log-net-send false
 :node-count nil
 :max-txn-length 4
 :concurrency 20
 :db
 #object[maelstrom.db$db$reify__16747
         "0xcf0e8b4"
         "maelstrom.db$db$reify__16747@cf0e8b4"]
 :max-writes-per-key 16
 :leave-db-running? false
 :name "lin-kv"
 :logging-json? false
 :net-journal #object[clojure.lang.Atom "0x51a7ee4e" {:status :ready, :val []}]
 :start-time
 #object[org.joda.time.DateTime "0x424c8ebe" "2022-05-03T15:15:33.000+01:00"]
 :nemesis-interval 10
 :net
 #object[maelstrom.net$jepsen_adapter$reify__15560
         "0x7aafac17"
         "maelstrom.net$jepsen_adapter$reify__15560@7aafac17"]
 :client
 #object[maelstrom.workload.lin_kv$client$reify__17524
         "0x3054551f"
         "maelstrom.workload.lin_kv$client$reify__17524@3054551f"]
 :barrier
 #object[java.util.concurrent.CyclicBarrier
         "0x6b8cfbeb"
         "java.util.concurrent.CyclicBarrier@6b8cfbeb"]
 :log-stderr false
 :pure-generators true
 :ssh {:dummy? true}
 :rate 5
 :checker
 #object[jepsen.checker$compose$reify__8612
         "0x4603845b"
         "jepsen.checker$compose$reify__8612@4603845b"]
 :argv
 ("test"
  "--bin"
  "raft.py"
  "--workload"
  "lin-kv"
  "--concurrency"
  "4n"
  "--time-limit"
  "2")
 :nemesis
 (jepsen.nemesis.ReflCompose
  {:fm {:start-partition 0,
        :stop-partition 0,
        :kill 1,
        :start 1,
        :pause 1,
        :resume 1},
   :nemeses [#unprintable "jepsen.nemesis.combined$partition_nemesis$reify__17019@414b5798"
             #unprintable "jepsen.nemesis.combined$db_nemesis$reify__17000@53251e03"]})
 :active-histories
 #object[clojure.lang.Atom "0x5ffae42f" {:status :ready, :val #{}}]
 :nodes ["n1" "n2" "n3" "n4" "n5"]
 :test-count 1
 :latency {:mean 0, :dist :constant}
 :bin "raft.py"
 :generator
 (jepsen.generator.TimeLimit
  {:limit 2000000000,
   :cutoff nil,
   :gen (jepsen.generator.Any
         {:gens [(jepsen.generator.OnThreads {:f #{:nemesis}, :gen nil})
                 (jepsen.generator.OnThreads
                  {:f #object[clojure.core$complement$fn__5654
                              "0x3eff5c32"
                              "clojure.core$complement$fn__5654@3eff5c32"],
                   :gen (jepsen.generator.Stagger
                         {:dt 400000000,
                          :next-time nil,
                          :gen (jepsen.generator.OnThreads
                                {:f #object[clojure.core$complement$fn__5654
                                            "0x79d538c1"
                                            "clojure.core$complement$fn__5654@79d538c1"],
                                 :gen (jepsen.independent.ConcurrentGenerator
                                       {:n 10,
                                        :fgen #object[jepsen.tests.linearizable_register$test$fn__17324
                                                      "0x31e08c61"
                                                      "jepsen.tests.linearizable_register$test$fn__17324@31e08c61"],
                                        :group->threads nil,
                                        :thread->group nil,
                                        :keys (0 1 2 3 4 5 6 7 ...),
                                        :gens nil})})})})]})})
 :log-net-recv false
 :os
 #object[jepsen.os$reify__2490 "0x2db15764" "jepsen.os$reify__2490@2db15764"]
 :time-limit 2
 :workload :lin-kv
 :consistency-models [:strict-serializable]
 :topology :grid}

2022-05-03 15:15:33,341{GMT}	INFO	[jepsen test runner] jepsen.db: Tearing down DB
2022-05-03 15:15:33,344{GMT}	INFO	[jepsen test runner] jepsen.db: Setting up DB
2022-05-03 15:15:33,345{GMT}	INFO	[jepsen node n3] maelstrom.db: Setting up n3
2022-05-03 15:15:33,346{GMT}	INFO	[jepsen node n4] maelstrom.db: Setting up n4
2022-05-03 15:15:33,345{GMT}	INFO	[jepsen node n2] maelstrom.db: Setting up n2
2022-05-03 15:15:33,346{GMT}	INFO	[jepsen node n3] maelstrom.process: launching raft.py nil
2022-05-03 15:15:33,346{GMT}	INFO	[jepsen node n4] maelstrom.process: launching raft.py nil
2022-05-03 15:15:33,346{GMT}	INFO	[jepsen node n2] maelstrom.process: launching raft.py nil
2022-05-03 15:15:33,346{GMT}	INFO	[jepsen node n5] maelstrom.db: Setting up n5
2022-05-03 15:15:33,347{GMT}	INFO	[jepsen node n5] maelstrom.process: launching raft.py nil
2022-05-03 15:15:33,348{GMT}	INFO	[jepsen node n1] maelstrom.service: Starting services: (lin-kv lin-tso lww-kv seq-kv)
2022-05-03 15:15:33,357{GMT}	INFO	[jepsen node n1] maelstrom.db: Setting up n1
2022-05-03 15:15:33,358{GMT}	INFO	[jepsen node n1] maelstrom.process: launching raft.py nil
2022-05-03 15:15:33,422{GMT}	INFO	[jepsen test runner] jepsen.core: Relative time begins now
2022-05-03 15:15:33,454{GMT}	INFO	[jepsen worker 3] jepsen.util: 3	:invoke	:read	[0 nil]
2022-05-03 15:15:33,462{GMT}	INFO	[jepsen worker 3] jepsen.util: 3	:fail	:read	[0 nil]	[:unknown "Not Leader"]
2022-05-03 15:15:33,810{GMT}	INFO	[jepsen worker 16] jepsen.util: 16	:invoke	:cas	[1 [4 3]]
2022-05-03 15:15:33,816{GMT}	INFO	[jepsen worker 16] jepsen.util: 16	:info	:cas	[1 [4 3]]	[:unknown "Not Leader"]
2022-05-03 15:15:33,921{GMT}	INFO	[jepsen worker 6] jepsen.util: 6	:invoke	:cas	[0 [2 2]]
2022-05-03 15:15:33,924{GMT}	INFO	[jepsen worker 6] jepsen.util: 6	:info	:cas	[0 [2 2]]	[:unknown "Not Leader"]
2022-05-03 15:15:34,000{GMT}	INFO	[jepsen worker 5] jepsen.util: 5	:invoke	:cas	[0 [4 3]]
2022-05-03 15:15:34,347{GMT}	INFO	[jepsen worker 1] jepsen.util: 1	:invoke	:read	[0 nil]
2022-05-03 15:15:34,350{GMT}	INFO	[jepsen worker 1] jepsen.util: 1	:fail	:read	[0 nil]	[:unknown "Not Leader"]
2022-05-03 15:15:34,360{GMT}	INFO	[jepsen worker 8] jepsen.util: 8	:invoke	:cas	[0 [2 0]]
2022-05-03 15:15:34,365{GMT}	INFO	[jepsen worker 8] jepsen.util: 8	:info	:cas	[0 [2 0]]	[:unknown "Not Leader"]
2022-05-03 15:15:34,496{GMT}	INFO	[jepsen worker 16] jepsen.util: 36	:invoke	:write	[1 0]
2022-05-03 15:15:34,502{GMT}	INFO	[jepsen worker 16] jepsen.util: 36	:info	:write	[1 0]	[:unknown "Not Leader"]
2022-05-03 15:15:34,719{GMT}	INFO	[jepsen worker 14] jepsen.util: 14	:invoke	:cas	[1 [0 1]]
2022-05-03 15:15:34,723{GMT}	INFO	[jepsen worker 14] jepsen.util: 14	:info	:cas	[1 [0 1]]	[:unknown "Not Leader"]
2022-05-03 15:15:35,002{GMT}	INFO	[jepsen worker 5] jepsen.util: 5	:info	:cas	[0 [4 3]]	:net-timeout
2022-05-03 15:15:35,038{GMT}	INFO	[jepsen worker 19] jepsen.util: 19	:invoke	:cas	[1 [0 2]]
2022-05-03 15:15:35,044{GMT}	INFO	[jepsen worker 19] jepsen.util: 19	:info	:cas	[1 [0 2]]	[:unknown "Not Leader"]
2022-05-03 15:15:35,237{GMT}	INFO	[jepsen worker 14] jepsen.util: 34	:invoke	:cas	[1 [4 1]]
2022-05-03 15:15:35,243{GMT}	INFO	[jepsen worker 14] jepsen.util: 34	:info	:cas	[1 [4 1]]	[:unknown "Not Leader"]
2022-05-03 15:15:35,258{GMT}	INFO	[jepsen node n1] maelstrom.db: Tearing down n1
2022-05-03 15:15:35,258{GMT}	INFO	[jepsen node n2] maelstrom.db: Tearing down n2
2022-05-03 15:15:35,259{GMT}	INFO	[jepsen node n3] maelstrom.db: Tearing down n3
2022-05-03 15:15:35,259{GMT}	INFO	[jepsen node n4] maelstrom.db: Tearing down n4
2022-05-03 15:15:35,259{GMT}	INFO	[jepsen node n5] maelstrom.db: Tearing down n5
2022-05-03 15:15:36,364{GMT}	INFO	[jepsen test runner] jepsen.core: Run complete, writing
2022-05-03 15:15:36,405{GMT}	INFO	[jepsen test runner] jepsen.core: Analyzing...
2022-05-03 15:15:36,482{GMT}	INFO	[clojure-agent-send-pool-0] jepsen.independent: Wrote /home/peter/Documents/tf/lab3/store/lin-kv/20220503T151533.000+0100/independent/0/results.edn
2022-05-03 15:15:36,485{GMT}	INFO	[clojure-agent-send-pool-0] jepsen.independent: Wrote /home/peter/Documents/tf/lab3/store/lin-kv/20220503T151533.000+0100/independent/0/history.edn
2022-05-03 15:15:36,487{GMT}	INFO	[clojure-agent-send-pool-1] jepsen.independent: Wrote /home/peter/Documents/tf/lab3/store/lin-kv/20220503T151533.000+0100/independent/1/results.edn
2022-05-03 15:15:36,488{GMT}	INFO	[clojure-agent-send-pool-1] jepsen.independent: Wrote /home/peter/Documents/tf/lab3/store/lin-kv/20220503T151533.000+0100/independent/1/history.edn
2022-05-03 15:15:36,618{GMT}	INFO	[jepsen test runner] jepsen.core: Analysis complete
2022-05-03 15:15:36,638{GMT}	INFO	[jepsen results] jepsen.store: Wrote /home/peter/Documents/tf/lab3/store/lin-kv/20220503T151533.000+0100/results.edn
2022-05-03 15:15:36,658{GMT}	INFO	[jepsen test runner] jepsen.core: {:perf {:latency-graph {:valid? true},
        :rate-graph {:valid? true},
        :valid? true},
 :timeline {:valid? true},
 :exceptions {:valid? true},
 :stats {:valid? false,
         :count 10,
         :ok-count 0,
         :fail-count 2,
         :info-count 8,
         :by-f {:cas {:valid? false,
                      :count 7,
                      :ok-count 0,
                      :fail-count 0,
                      :info-count 7},
                :read {:valid? false,
                       :count 2,
                       :ok-count 0,
                       :fail-count 2,
                       :info-count 0},
                :write {:valid? false,
                        :count 1,
                        :ok-count 0,
                        :fail-count 0,
                        :info-count 1}}},
 :net {:stats {:all {:send-count 37,
                     :recv-count 37,
                     :msg-count 37,
                     :msgs-per-op 3.7},
               :clients {:send-count 29,
                         :recv-count 29,
                         :msg-count 29},
               :servers {:send-count 8,
                         :recv-count 8,
                         :msg-count 8,
                         :msgs-per-op 0.8}},
       :valid? true},
 :workload {:valid? true,
            :results {0 {:linearizable {:valid? true,
                                        :configs ({:model #knossos.model.CASRegister{:value nil},
                                                   :last-op nil,
                                                   :pending [{:process 5,
                                                              :type :invoke,
                                                              :f :cas,
                                                              :value [4
                                                                      3],
                                                              :index 6,
                                                              :time 575823600}
                                                             {:process 6,
                                                              :type :invoke,
                                                              :f :cas,
                                                              :value [2
                                                                      2],
                                                              :index 4,
                                                              :time 497860705}
                                                             {:process 8,
                                                              :type :invoke,
                                                              :f :cas,
                                                              :value [2
                                                                      0],
                                                              :index 9,
                                                              :time 937405903}]}),
                                        :final-paths ()},
                         :timeline {:valid? true},
                         :valid? true},
                      1 {:linearizable {:valid? true,
                                        :configs ({:model #knossos.model.CASRegister{:value nil},
                                                   :last-op nil,
                                                   :pending [{:process 14,
                                                              :type :invoke,
                                                              :f :cas,
                                                              :value [0
                                                                      1],
                                                              :index 13,
                                                              :time 1295428388}
                                                             {:process 16,
                                                              :type :invoke,
                                                              :f :cas,
                                                              :value [4
                                                                      3],
                                                              :index 2,
                                                              :time 385014227}
                                                             {:process 19,
                                                              :type :invoke,
                                                              :f :cas,
                                                              :value [0
                                                                      2],
                                                              :index 16,
                                                              :time 1611370805}
                                                             {:process 34,
                                                              :type :invoke,
                                                              :f :cas,
                                                              :value [4
                                                                      1],
                                                              :index 18,
                                                              :time 1813200625}
                                                             {:process 36,
                                                              :type :invoke,
                                                              :f :write,
                                                              :value 0,
                                                              :index 11,
                                                              :time 1072192798}]}),
                                        :final-paths ()},
                         :timeline {:valid? true},
                         :valid? true}},
            :failures []},
 :valid? false}


Analysis invalid! (ﾉಥ益ಥ）ﾉ ┻━┻
