DEBUG:root:received {"dest":"n2","body":{"type":"init","node_id":"n2","node_ids":["n1","n2","n3","n4","n5"],"msg_id":1},"src":"c3","id":3}
INFO:root:node n2 initialized
DEBUG:root:sending {"dest": "c3", "src": "n2", "body": {"msg_id": 1, "in_reply_to": 1, "type": "init_ok"}}
INFO:root:node
n1
current time
1651674903584053666
node_time
1651674903584036666
dif
17000
True

INFO:root:LEADER IS DEAD bit of a aldrabation tho 
n1

INFO:root:lead is dead

INFO:root:starting new elections, new term
1
sec, min max hb
0.4175506467486898
0.3333333333333333
0.5

INFO:root:Requesting new Vote

DEBUG:root:sending {"dest": "n1", "src": "n2", "body": {"msg_id": 2, "type": "RequestVote", "term": 1, "prevLogIndex": 0, "lastLogTerm": 0, "candidateId": "n2"}}
DEBUG:root:sending {"dest": "n2", "src": "n2", "body": {"msg_id": 3, "type": "RequestVote", "term": 1, "prevLogIndex": 0, "lastLogTerm": 0, "candidateId": "n2"}}
DEBUG:root:sending {"dest": "n3", "src": "n2", "body": {"msg_id": 4, "type": "RequestVote", "term": 1, "prevLogIndex": 0, "lastLogTerm": 0, "candidateId": "n2"}}
DEBUG:root:sending {"dest": "n4", "src": "n2", "body": {"msg_id": 5, "type": "RequestVote", "term": 1, "prevLogIndex": 0, "lastLogTerm": 0, "candidateId": "n2"}}
DEBUG:root:sending {"dest": "n5", "src": "n2", "body": {"msg_id": 6, "type": "RequestVote", "term": 1, "prevLogIndex": 0, "lastLogTerm": 0, "candidateId": "n2"}}
DEBUG:root:received {"dest":"n2","src":"n2","body":{"msg_id":3,"type":"RequestVote","term":1,"prevLogIndex":0,"lastLogTerm":0,"candidateId":"n2"},"id":9}
INFO:root:voting for myself
n2
at time
1651674903604170827
nr votes
0

DEBUG:root:sending {"dest": "n2", "src": "n2", "body": {"msg_id": 7, "in_reply_to": 3, "type": "RequestVoteRes", "term": 1, "res": true}}
DEBUG:root:received {"dest":"n2","src":"n2","body":{"msg_id":7,"in_reply_to":3,"type":"RequestVoteRes","term":1,"res":true},"id":13}
DEBUG:root:received {"dest":"n2","src":"n3","body":{"msg_id":2,"in_reply_to":4,"type":"RequestVoteRes","term":0,"res":true},"id":14}
INFO:root:Got a response to the vote Request #475

INFO:root:node id:
n2
leader
n1
kvsotr
{}
cur term
1
log 
[(('pass', None), 0)]
commit indez e last applied
0
0
candidate, votes, voted for
True
0
n2
timeout dict
{'n1': 1651674903584036666, 'n2': 1651674903611348575, 'n3': 1651674903584036666, 'n4': 1651674903584036666, 'n5': 1651674903584036666}
curr time
1651674903611574282

INFO:root:resposta
True
majority
3

INFO:root:antes do incremento no voto #487
0

INFO:root:depois  #489
1

INFO:root:Got a response to the vote Request #475

INFO:root:node id:
n2
leader
n1
kvsotr
{}
cur term
1
log 
[(('pass', None), 0)]
commit indez e last applied
0
0
candidate, votes, voted for
True
1
n2
timeout dict
{'n1': 1651674903584036666, 'n2': 1651674903611348575, 'n3': 1651674903612324851, 'n4': 1651674903584036666, 'n5': 1651674903584036666}
curr time
1651674903612472093

INFO:root:resposta
True
majority
3

INFO:root:antes do incremento no voto #487
1

INFO:root:depois  #489
2

DEBUG:root:received {"dest":"n2","src":"n5","body":{"msg_id":2,"in_reply_to":6,"type":"RequestVoteRes","term":0,"res":true},"id":15}
INFO:root:Got a response to the vote Request #475

INFO:root:node id:
n2
leader
n1
kvsotr
{}
cur term
1
log 
[(('pass', None), 0)]
commit indez e last applied
0
0
candidate, votes, voted for
True
2
n2
timeout dict
{'n1': 1651674903584036666, 'n2': 1651674903611348575, 'n3': 1651674903612324851, 'n4': 1651674903584036666, 'n5': 1651674903614998235}
curr time
1651674903615233219

INFO:root:resposta
True
majority
3

INFO:root:antes do incremento no voto #487
2

INFO:root:depois  #489
3

INFO:root:became leader
log
[(('pass', None), 0)]
match index
{'n1': 0, 'n2': 0, 'n3': 0, 'n4': 0, 'n5': 0}

INFO:root:vote ended, new leader is
n2

INFO:root:sending HB

INFO:root:HBdest
n1
nextIndex
{'n1': 1, 'n2': 1, 'n3': 1, 'n4': 1, 'n5': 1}
log
[(('pass', None), 0)]

DEBUG:root:sending {"dest": "n1", "src": "n2", "body": {"msg_id": 8, "type": "AppendEntries", "term": 1, "prevIndex": 0, "prevTerm": 0, "entries": [], "commit": 0}}
INFO:root:HBdest
n3
nextIndex
{'n1': 1, 'n2': 1, 'n3': 1, 'n4': 1, 'n5': 1}
log
[(('pass', None), 0)]

DEBUG:root:sending {"dest": "n3", "src": "n2", "body": {"msg_id": 9, "type": "AppendEntries", "term": 1, "prevIndex": 0, "prevTerm": 0, "entries": [], "commit": 0}}
INFO:root:HBdest
n4
nextIndex
{'n1': 1, 'n2': 1, 'n3': 1, 'n4': 1, 'n5': 1}
log
[(('pass', None), 0)]

DEBUG:root:sending {"dest": "n4", "src": "n2", "body": {"msg_id": 10, "type": "AppendEntries", "term": 1, "prevIndex": 0, "prevTerm": 0, "entries": [], "commit": 0}}
INFO:root:HBdest
n5
nextIndex
{'n1': 1, 'n2': 1, 'n3': 1, 'n4': 1, 'n5': 1}
log
[(('pass', None), 0)]

DEBUG:root:sending {"dest": "n5", "src": "n2", "body": {"msg_id": 11, "type": "AppendEntries", "term": 1, "prevIndex": 0, "prevTerm": 0, "entries": [], "commit": 0}}
DEBUG:root:received {"dest":"n2","src":"n4","body":{"msg_id":2,"in_reply_to":5,"type":"RequestVoteRes","term":0,"res":true},"id":18}
DEBUG:root:received {"dest":"n2","src":"n3","body":{"msg_id":3,"in_reply_to":9,"type":"AppendEntriesRes","res":true,"term":1,"next":1,"commit":0},"id":21}
DEBUG:root:received {"dest":"n2","src":"n4","body":{"msg_id":3,"in_reply_to":10,"type":"AppendEntriesRes","res":true,"term":1,"next":1,"commit":0},"id":23}
INFO:root:Got a response to the vote Request #475

INFO:root:node id:
n2
leader
n2
kvsotr
{}
cur term
1
log 
[(('pass', None), 0)]
commit indez e last applied
0
0
candidate, votes, voted for
False
None
None
timeout dict
{'n1': 1651674903584036666, 'n2': 1651674903611348575, 'n3': 1651674903612324851, 'n4': 1651674903632632740, 'n5': 1651674903614998235}
curr time
1651674903632890026

INFO:root:resposta
True
majority
3

DEBUG:root:received {"dest":"n2","src":"n5","body":{"msg_id":3,"in_reply_to":11,"type":"AppendEntriesRes","res":true,"term":1,"next":1,"commit":0},"id":24}
DEBUG:root:received {"dest":"n2","src":"n1","body":{"msg_id":2,"type":"AppendEntries","term":0,"prevIndex":0,"prevTerm":0,"entries":[],"commit":0},"id":26}
DEBUG:root:sending {"dest": "n1", "src": "n2", "body": {"msg_id": 12, "in_reply_to": 2, "type": "AppendEntriesRes", "res": false, "term": 1}}
INFO:root:msg term
0
current term
1
log
[(('pass', None), 0)]
msg entries
[]

DEBUG:root:received {"dest":"n2","src":"n1","body":{"msg_id":6,"in_reply_to":2,"type":"RequestVoteRes","term":0,"res":true},"id":34}
INFO:root:Got a response to the vote Request #475

INFO:root:node id:
n2
leader
n2
kvsotr
{}
cur term
1
log 
[(('pass', None), 0)]
commit indez e last applied
0
0
candidate, votes, voted for
False
None
None
timeout dict
{'n1': 1651674903650490301, 'n2': 1651674903611348575, 'n3': 1651674903633422264, 'n4': 1651674903633478690, 'n5': 1651674903634266896}
curr time
1651674903650780140

INFO:root:resposta
True
majority
3

DEBUG:root:received {"dest":"n2","src":"n1","body":{"msg_id":7,"in_reply_to":8,"type":"AppendEntriesRes","res":true,"term":1,"next":1,"commit":0},"id":35}
DEBUG:root:received {"dest":"n2","src":"n1","body":{"msg_id":9,"in_reply_to":12,"type":"error","code":11,"text":"Not Leader"},"id":37}
WARNING:root:unknown message type error
INFO:root:sending HB

INFO:root:HBdest
n1
nextIndex
{'n1': 1, 'n2': 1, 'n3': 1, 'n4': 1, 'n5': 1}
log
[(('pass', None), 0)]

DEBUG:root:sending {"dest": "n1", "src": "n2", "body": {"msg_id": 13, "type": "AppendEntries", "term": 1, "prevIndex": 0, "prevTerm": 0, "entries": [], "commit": 0}}
INFO:root:HBdest
n3
nextIndex
{'n1': 1, 'n2': 1, 'n3': 1, 'n4': 1, 'n5': 1}
log
[(('pass', None), 0)]

DEBUG:root:sending {"dest": "n3", "src": "n2", "body": {"msg_id": 14, "type": "AppendEntries", "term": 1, "prevIndex": 0, "prevTerm": 0, "entries": [], "commit": 0}}
INFO:root:HBdest
n4
nextIndex
{'n1': 1, 'n2': 1, 'n3': 1, 'n4': 1, 'n5': 1}
log
[(('pass', None), 0)]

DEBUG:root:sending {"dest": "n4", "src": "n2", "body": {"msg_id": 15, "type": "AppendEntries", "term": 1, "prevIndex": 0, "prevTerm": 0, "entries": [], "commit": 0}}
INFO:root:HBdest
n5
nextIndex
{'n1': 1, 'n2': 1, 'n3': 1, 'n4': 1, 'n5': 1}
log
[(('pass', None), 0)]

DEBUG:root:sending {"dest": "n5", "src": "n2", "body": {"msg_id": 16, "type": "AppendEntries", "term": 1, "prevIndex": 0, "prevTerm": 0, "entries": [], "commit": 0}}
DEBUG:root:received {"dest":"n2","src":"n1","body":{"msg_id":12,"in_reply_to":13,"type":"AppendEntriesRes","res":true,"term":1,"next":1,"commit":0},"id":43}
DEBUG:root:received {"dest":"n2","src":"n4","body":{"msg_id":5,"in_reply_to":15,"type":"AppendEntriesRes","res":true,"term":1,"next":1,"commit":0},"id":45}
DEBUG:root:received {"dest":"n2","src":"n3","body":{"msg_id":5,"in_reply_to":14,"type":"AppendEntriesRes","res":true,"term":1,"next":1,"commit":0},"id":46}
DEBUG:root:received {"dest":"n2","src":"n5","body":{"msg_id":5,"in_reply_to":16,"type":"AppendEntriesRes","res":true,"term":1,"next":1,"commit":0},"id":47}
DEBUG:root:received {"dest":"n2","body":{"key":1,"from":0,"to":3,"type":"cas","msg_id":1},"src":"c11","id":50}
DEBUG:root:sending {"dest": "n1", "src": "n2", "body": {"msg_id": 17, "type": "AppendEntries", "term": 1, "entries": [[["cas", [1, [0, 3]]], 1]], "prevIndex": 0, "prevTerm": 0, "commit": 0}}
DEBUG:root:sending {"dest": "n3", "src": "n2", "body": {"msg_id": 18, "type": "AppendEntries", "term": 1, "entries": [[["cas", [1, [0, 3]]], 1]], "prevIndex": 0, "prevTerm": 0, "commit": 0}}
DEBUG:root:sending {"dest": "n4", "src": "n2", "body": {"msg_id": 19, "type": "AppendEntries", "term": 1, "entries": [[["cas", [1, [0, 3]]], 1]], "prevIndex": 0, "prevTerm": 0, "commit": 0}}
DEBUG:root:sending {"dest": "n5", "src": "n2", "body": {"msg_id": 20, "type": "AppendEntries", "term": 1, "entries": [[["cas", [1, [0, 3]]], 1]], "prevIndex": 0, "prevTerm": 0, "commit": 0}}
DEBUG:root:received {"dest":"n2","src":"n1","body":{"msg_id":14,"in_reply_to":17,"type":"AppendEntriesRes","res":true,"term":1,"next":2,"commit":0},"id":54}
DEBUG:root:received {"dest":"n2","src":"n3","body":{"msg_id":6,"in_reply_to":18,"type":"AppendEntriesRes","res":true,"term":1,"next":2,"commit":0},"id":55}
DEBUG:root:received {"dest":"n2","src":"n4","body":{"msg_id":6,"in_reply_to":19,"type":"AppendEntriesRes","res":true,"term":1,"next":2,"commit":0},"id":57}
DEBUG:root:received {"dest":"n2","src":"n5","body":{"msg_id":6,"in_reply_to":20,"type":"AppendEntriesRes","res":true,"term":1,"next":2,"commit":0},"id":58}
INFO:root:sending HB

INFO:root:HBdest
n1
nextIndex
{'n1': 2, 'n2': 1, 'n3': 2, 'n4': 2, 'n5': 1}
log
[(('pass', None), 0), (('cas', (1, (0, 3))), 1)]

DEBUG:root:sending {"dest": "n1", "src": "n2", "body": {"msg_id": 21, "type": "AppendEntries", "term": 1, "prevIndex": 1, "prevTerm": 1, "entries": [], "commit": 0}}
INFO:root:HBdest
n3
nextIndex
{'n1': 2, 'n2': 1, 'n3': 2, 'n4': 2, 'n5': 1}
log
[(('pass', None), 0), (('cas', (1, (0, 3))), 1)]

DEBUG:root:sending {"dest": "n3", "src": "n2", "body": {"msg_id": 22, "type": "AppendEntries", "term": 1, "prevIndex": 1, "prevTerm": 1, "entries": [], "commit": 0}}
INFO:root:HBdest
n4
nextIndex
{'n1': 2, 'n2': 1, 'n3': 2, 'n4': 2, 'n5': 1}
log
[(('pass', None), 0), (('cas', (1, (0, 3))), 1)]

DEBUG:root:sending {"dest": "n4", "src": "n2", "body": {"msg_id": 23, "type": "AppendEntries", "term": 1, "prevIndex": 1, "prevTerm": 1, "entries": [], "commit": 0}}
INFO:root:HBdest
n5
nextIndex
{'n1': 2, 'n2': 1, 'n3': 2, 'n4': 2, 'n5': 1}
log
[(('pass', None), 0), (('cas', (1, (0, 3))), 1)]

DEBUG:root:sending {"dest": "n5", "src": "n2", "body": {"msg_id": 24, "type": "AppendEntries", "term": 1, "prevIndex": 0, "prevTerm": 0, "entries": [], "commit": 0}}
DEBUG:root:received {"dest":"n2","src":"n1","body":{"msg_id":15,"in_reply_to":21,"type":"AppendEntriesRes","res":true,"term":1,"next":2,"commit":0},"id":61}
DEBUG:root:received {"dest":"n2","src":"n3","body":{"msg_id":7,"in_reply_to":22,"type":"AppendEntriesRes","res":true,"term":1,"next":2,"commit":0},"id":63}
DEBUG:root:received {"dest":"n2","src":"n4","body":{"msg_id":7,"in_reply_to":23,"type":"AppendEntriesRes","res":true,"term":1,"next":2,"commit":0},"id":65}
DEBUG:root:received {"dest":"n2","src":"n5","body":{"msg_id":7,"in_reply_to":24,"type":"AppendEntriesRes","res":true,"term":1,"next":2,"commit":0},"id":66}
INFO:root:election ended

INFO:root:sending HB

INFO:root:HBdest
n1
nextIndex
{'n1': 2, 'n2': 1, 'n3': 2, 'n4': 2, 'n5': 2}
log
[(('pass', None), 0), (('cas', (1, (0, 3))), 1)]

DEBUG:root:sending {"dest": "n1", "src": "n2", "body": {"msg_id": 25, "type": "AppendEntries", "term": 1, "prevIndex": 1, "prevTerm": 1, "entries": [], "commit": 0}}
INFO:root:HBdest
n3
nextIndex
{'n1': 2, 'n2': 1, 'n3': 2, 'n4': 2, 'n5': 2}
log
[(('pass', None), 0), (('cas', (1, (0, 3))), 1)]

DEBUG:root:sending {"dest": "n3", "src": "n2", "body": {"msg_id": 26, "type": "AppendEntries", "term": 1, "prevIndex": 1, "prevTerm": 1, "entries": [], "commit": 0}}
INFO:root:HBdest
n4
nextIndex
{'n1': 2, 'n2': 1, 'n3': 2, 'n4': 2, 'n5': 2}
log
[(('pass', None), 0), (('cas', (1, (0, 3))), 1)]

DEBUG:root:sending {"dest": "n4", "src": "n2", "body": {"msg_id": 27, "type": "AppendEntries", "term": 1, "prevIndex": 1, "prevTerm": 1, "entries": [], "commit": 0}}
INFO:root:HBdest
n5
nextIndex
{'n1': 2, 'n2': 1, 'n3': 2, 'n4': 2, 'n5': 2}
log
[(('pass', None), 0), (('cas', (1, (0, 3))), 1)]

DEBUG:root:sending {"dest": "n5", "src": "n2", "body": {"msg_id": 28, "type": "AppendEntries", "term": 1, "prevIndex": 1, "prevTerm": 1, "entries": [], "commit": 0}}
DEBUG:root:received {"dest":"n2","src":"n1","body":{"msg_id":16,"in_reply_to":25,"type":"AppendEntriesRes","res":true,"term":1,"next":2,"commit":0},"id":73}
DEBUG:root:received {"dest":"n2","src":"n3","body":{"msg_id":8,"in_reply_to":26,"type":"AppendEntriesRes","res":true,"term":1,"next":2,"commit":0},"id":74}
DEBUG:root:received {"dest":"n2","src":"n4","body":{"msg_id":8,"in_reply_to":27,"type":"AppendEntriesRes","res":true,"term":1,"next":2,"commit":0},"id":75}
DEBUG:root:received {"dest":"n2","src":"n5","body":{"msg_id":9,"in_reply_to":28,"type":"AppendEntriesRes","res":true,"term":1,"next":2,"commit":0},"id":76}
INFO:root:sending HB

INFO:root:HBdest
n1
nextIndex
{'n1': 2, 'n2': 1, 'n3': 2, 'n4': 2, 'n5': 2}
log
[(('pass', None), 0), (('cas', (1, (0, 3))), 1)]

DEBUG:root:sending {"dest": "n1", "src": "n2", "body": {"msg_id": 29, "type": "AppendEntries", "term": 1, "prevIndex": 1, "prevTerm": 1, "entries": [], "commit": 0}}
INFO:root:HBdest
n3
nextIndex
{'n1': 2, 'n2': 1, 'n3': 2, 'n4': 2, 'n5': 2}
log
[(('pass', None), 0), (('cas', (1, (0, 3))), 1)]

DEBUG:root:sending {"dest": "n3", "src": "n2", "body": {"msg_id": 30, "type": "AppendEntries", "term": 1, "prevIndex": 1, "prevTerm": 1, "entries": [], "commit": 0}}
INFO:root:HBdest
n4
nextIndex
{'n1': 2, 'n2': 1, 'n3': 2, 'n4': 2, 'n5': 2}
log
[(('pass', None), 0), (('cas', (1, (0, 3))), 1)]

DEBUG:root:sending {"dest": "n4", "src": "n2", "body": {"msg_id": 31, "type": "AppendEntries", "term": 1, "prevIndex": 1, "prevTerm": 1, "entries": [], "commit": 0}}
INFO:root:HBdest
n5
nextIndex
{'n1': 2, 'n2': 1, 'n3': 2, 'n4': 2, 'n5': 2}
log
[(('pass', None), 0), (('cas', (1, (0, 3))), 1)]

DEBUG:root:sending {"dest": "n5", "src": "n2", "body": {"msg_id": 32, "type": "AppendEntries", "term": 1, "prevIndex": 1, "prevTerm": 1, "entries": [], "commit": 0}}
DEBUG:root:received {"dest":"n2","src":"n1","body":{"msg_id":17,"in_reply_to":29,"type":"AppendEntriesRes","res":true,"term":1,"next":2,"commit":0},"id":81}
DEBUG:root:received {"dest":"n2","src":"n3","body":{"msg_id":9,"in_reply_to":30,"type":"AppendEntriesRes","res":true,"term":1,"next":2,"commit":0},"id":82}
DEBUG:root:received {"dest":"n2","src":"n4","body":{"msg_id":9,"in_reply_to":31,"type":"AppendEntriesRes","res":true,"term":1,"next":2,"commit":0},"id":83}
DEBUG:root:received {"dest":"n2","src":"n5","body":{"msg_id":10,"in_reply_to":32,"type":"AppendEntriesRes","res":true,"term":1,"next":2,"commit":0},"id":84}
INFO:root:sending HB

INFO:root:HBdest
n1
nextIndex
{'n1': 2, 'n2': 1, 'n3': 2, 'n4': 2, 'n5': 2}
log
[(('pass', None), 0), (('cas', (1, (0, 3))), 1)]

DEBUG:root:sending {"dest": "n1", "src": "n2", "body": {"msg_id": 33, "type": "AppendEntries", "term": 1, "prevIndex": 1, "prevTerm": 1, "entries": [], "commit": 0}}
INFO:root:HBdest
n3
nextIndex
{'n1': 2, 'n2': 1, 'n3': 2, 'n4': 2, 'n5': 2}
log
[(('pass', None), 0), (('cas', (1, (0, 3))), 1)]

DEBUG:root:sending {"dest": "n3", "src": "n2", "body": {"msg_id": 34, "type": "AppendEntries", "term": 1, "prevIndex": 1, "prevTerm": 1, "entries": [], "commit": 0}}
INFO:root:HBdest
n4
nextIndex
{'n1': 2, 'n2': 1, 'n3': 2, 'n4': 2, 'n5': 2}
log
[(('pass', None), 0), (('cas', (1, (0, 3))), 1)]

DEBUG:root:sending {"dest": "n4", "src": "n2", "body": {"msg_id": 35, "type": "AppendEntries", "term": 1, "prevIndex": 1, "prevTerm": 1, "entries": [], "commit": 0}}
INFO:root:HBdest
n5
nextIndex
{'n1': 2, 'n2': 1, 'n3': 2, 'n4': 2, 'n5': 2}
log
[(('pass', None), 0), (('cas', (1, (0, 3))), 1)]

DEBUG:root:sending {"dest": "n5", "src": "n2", "body": {"msg_id": 36, "type": "AppendEntries", "term": 1, "prevIndex": 1, "prevTerm": 1, "entries": [], "commit": 0}}
DEBUG:root:received {"dest":"n2","src":"n1","body":{"msg_id":18,"in_reply_to":33,"type":"AppendEntriesRes","res":true,"term":1,"next":2,"commit":0},"id":89}
DEBUG:root:received {"dest":"n2","src":"n3","body":{"msg_id":10,"in_reply_to":34,"type":"AppendEntriesRes","res":true,"term":1,"next":2,"commit":0},"id":90}
DEBUG:root:received {"dest":"n2","src":"n4","body":{"msg_id":10,"in_reply_to":35,"type":"AppendEntriesRes","res":true,"term":1,"next":2,"commit":0},"id":91}
DEBUG:root:received {"dest":"n2","src":"n5","body":{"msg_id":11,"in_reply_to":36,"type":"AppendEntriesRes","res":true,"term":1,"next":2,"commit":0},"id":92}
INFO:root:sending HB

INFO:root:HBdest
n1
nextIndex
{'n1': 2, 'n2': 1, 'n3': 2, 'n4': 2, 'n5': 2}
log
[(('pass', None), 0), (('cas', (1, (0, 3))), 1)]

DEBUG:root:sending {"dest": "n1", "src": "n2", "body": {"msg_id": 37, "type": "AppendEntries", "term": 1, "prevIndex": 1, "prevTerm": 1, "entries": [], "commit": 0}}
INFO:root:HBdest
n3
nextIndex
{'n1': 2, 'n2': 1, 'n3': 2, 'n4': 2, 'n5': 2}
log
[(('pass', None), 0), (('cas', (1, (0, 3))), 1)]

DEBUG:root:sending {"dest": "n3", "src": "n2", "body": {"msg_id": 38, "type": "AppendEntries", "term": 1, "prevIndex": 1, "prevTerm": 1, "entries": [], "commit": 0}}
INFO:root:HBdest
n4
nextIndex
{'n1': 2, 'n2': 1, 'n3': 2, 'n4': 2, 'n5': 2}
log
[(('pass', None), 0), (('cas', (1, (0, 3))), 1)]

DEBUG:root:sending {"dest": "n4", "src": "n2", "body": {"msg_id": 39, "type": "AppendEntries", "term": 1, "prevIndex": 1, "prevTerm": 1, "entries": [], "commit": 0}}
INFO:root:HBdest
n5
nextIndex
{'n1': 2, 'n2': 1, 'n3': 2, 'n4': 2, 'n5': 2}
log
[(('pass', None), 0), (('cas', (1, (0, 3))), 1)]

DEBUG:root:sending {"dest": "n5", "src": "n2", "body": {"msg_id": 40, "type": "AppendEntries", "term": 1, "prevIndex": 1, "prevTerm": 1, "entries": [], "commit": 0}}
DEBUG:root:received {"dest":"n2","src":"n1","body":{"msg_id":19,"in_reply_to":37,"type":"AppendEntriesRes","res":true,"term":1,"next":2,"commit":0},"id":97}
DEBUG:root:received {"dest":"n2","src":"n3","body":{"msg_id":11,"in_reply_to":38,"type":"AppendEntriesRes","res":true,"term":1,"next":2,"commit":0},"id":98}
DEBUG:root:received {"dest":"n2","src":"n4","body":{"msg_id":11,"in_reply_to":39,"type":"AppendEntriesRes","res":true,"term":1,"next":2,"commit":0},"id":99}
DEBUG:root:received {"dest":"n2","src":"n5","body":{"msg_id":12,"in_reply_to":40,"type":"AppendEntriesRes","res":true,"term":1,"next":2,"commit":0},"id":100}
INFO:root:sending HB

INFO:root:HBdest
n1
nextIndex
{'n1': 2, 'n2': 1, 'n3': 2, 'n4': 2, 'n5': 2}
log
[(('pass', None), 0), (('cas', (1, (0, 3))), 1)]

DEBUG:root:sending {"dest": "n1", "src": "n2", "body": {"msg_id": 41, "type": "AppendEntries", "term": 1, "prevIndex": 1, "prevTerm": 1, "entries": [], "commit": 0}}
INFO:root:HBdest
n3
nextIndex
{'n1': 2, 'n2': 1, 'n3': 2, 'n4': 2, 'n5': 2}
log
[(('pass', None), 0), (('cas', (1, (0, 3))), 1)]

DEBUG:root:sending {"dest": "n3", "src": "n2", "body": {"msg_id": 42, "type": "AppendEntries", "term": 1, "prevIndex": 1, "prevTerm": 1, "entries": [], "commit": 0}}
INFO:root:HBdest
n4
nextIndex
{'n1': 2, 'n2': 1, 'n3': 2, 'n4': 2, 'n5': 2}
log
[(('pass', None), 0), (('cas', (1, (0, 3))), 1)]

DEBUG:root:sending {"dest": "n4", "src": "n2", "body": {"msg_id": 43, "type": "AppendEntries", "term": 1, "prevIndex": 1, "prevTerm": 1, "entries": [], "commit": 0}}
INFO:root:HBdest
n5
nextIndex
{'n1': 2, 'n2': 1, 'n3': 2, 'n4': 2, 'n5': 2}
log
[(('pass', None), 0), (('cas', (1, (0, 3))), 1)]

DEBUG:root:sending {"dest": "n5", "src": "n2", "body": {"msg_id": 44, "type": "AppendEntries", "term": 1, "prevIndex": 1, "prevTerm": 1, "entries": [], "commit": 0}}
DEBUG:root:received {"dest":"n2","src":"n1","body":{"msg_id":20,"in_reply_to":41,"type":"AppendEntriesRes","res":true,"term":1,"next":2,"commit":0},"id":107}
DEBUG:root:received {"dest":"n2","src":"n3","body":{"msg_id":13,"in_reply_to":42,"type":"AppendEntriesRes","res":true,"term":1,"next":2,"commit":0},"id":108}
DEBUG:root:received {"dest":"n2","src":"n4","body":{"msg_id":12,"in_reply_to":43,"type":"AppendEntriesRes","res":true,"term":1,"next":2,"commit":0},"id":109}
DEBUG:root:received {"dest":"n2","src":"n5","body":{"msg_id":13,"in_reply_to":44,"type":"AppendEntriesRes","res":true,"term":1,"next":2,"commit":0},"id":110}
INFO:root:leader alive, resuming timeout checker

INFO:root:sending HB

INFO:root:HBdest
n1
nextIndex
{'n1': 2, 'n2': 1, 'n3': 2, 'n4': 2, 'n5': 2}
log
[(('pass', None), 0), (('cas', (1, (0, 3))), 1)]

DEBUG:root:sending {"dest": "n1", "src": "n2", "body": {"msg_id": 45, "type": "AppendEntries", "term": 1, "prevIndex": 1, "prevTerm": 1, "entries": [], "commit": 0}}
INFO:root:HBdest
n3
nextIndex
{'n1': 2, 'n2': 1, 'n3': 2, 'n4': 2, 'n5': 2}
log
[(('pass', None), 0), (('cas', (1, (0, 3))), 1)]

DEBUG:root:sending {"dest": "n3", "src": "n2", "body": {"msg_id": 46, "type": "AppendEntries", "term": 1, "prevIndex": 1, "prevTerm": 1, "entries": [], "commit": 0}}
INFO:root:HBdest
n4
nextIndex
{'n1': 2, 'n2': 1, 'n3': 2, 'n4': 2, 'n5': 2}
log
[(('pass', None), 0), (('cas', (1, (0, 3))), 1)]

DEBUG:root:sending {"dest": "n4", "src": "n2", "body": {"msg_id": 47, "type": "AppendEntries", "term": 1, "prevIndex": 1, "prevTerm": 1, "entries": [], "commit": 0}}
INFO:root:HBdest
n5
nextIndex
{'n1': 2, 'n2': 1, 'n3': 2, 'n4': 2, 'n5': 2}
log
[(('pass', None), 0), (('cas', (1, (0, 3))), 1)]

DEBUG:root:sending {"dest": "n5", "src": "n2", "body": {"msg_id": 48, "type": "AppendEntries", "term": 1, "prevIndex": 1, "prevTerm": 1, "entries": [], "commit": 0}}
DEBUG:root:received {"dest":"n2","src":"n1","body":{"msg_id":21,"in_reply_to":45,"type":"AppendEntriesRes","res":true,"term":1,"next":2,"commit":0},"id":115}
DEBUG:root:received {"dest":"n2","src":"n3","body":{"msg_id":14,"in_reply_to":46,"type":"AppendEntriesRes","res":true,"term":1,"next":2,"commit":0},"id":116}
DEBUG:root:received {"dest":"n2","src":"n4","body":{"msg_id":13,"in_reply_to":47,"type":"AppendEntriesRes","res":true,"term":1,"next":2,"commit":0},"id":117}
DEBUG:root:received {"dest":"n2","src":"n5","body":{"msg_id":14,"in_reply_to":48,"type":"AppendEntriesRes","res":true,"term":1,"next":2,"commit":0},"id":118}
INFO:root:sending HB

INFO:root:HBdest
n1
nextIndex
{'n1': 2, 'n2': 1, 'n3': 2, 'n4': 2, 'n5': 2}
log
[(('pass', None), 0), (('cas', (1, (0, 3))), 1)]

DEBUG:root:sending {"dest": "n1", "src": "n2", "body": {"msg_id": 49, "type": "AppendEntries", "term": 1, "prevIndex": 1, "prevTerm": 1, "entries": [], "commit": 0}}
INFO:root:HBdest
n3
nextIndex
{'n1': 2, 'n2': 1, 'n3': 2, 'n4': 2, 'n5': 2}
log
[(('pass', None), 0), (('cas', (1, (0, 3))), 1)]

DEBUG:root:sending {"dest": "n3", "src": "n2", "body": {"msg_id": 50, "type": "AppendEntries", "term": 1, "prevIndex": 1, "prevTerm": 1, "entries": [], "commit": 0}}
INFO:root:HBdest
n4
nextIndex
{'n1': 2, 'n2': 1, 'n3': 2, 'n4': 2, 'n5': 2}
log
[(('pass', None), 0), (('cas', (1, (0, 3))), 1)]

DEBUG:root:sending {"dest": "n4", "src": "n2", "body": {"msg_id": 51, "type": "AppendEntries", "term": 1, "prevIndex": 1, "prevTerm": 1, "entries": [], "commit": 0}}
INFO:root:HBdest
n5
nextIndex
{'n1': 2, 'n2': 1, 'n3': 2, 'n4': 2, 'n5': 2}
log
[(('pass', None), 0), (('cas', (1, (0, 3))), 1)]

DEBUG:root:sending {"dest": "n5", "src": "n2", "body": {"msg_id": 52, "type": "AppendEntries", "term": 1, "prevIndex": 1, "prevTerm": 1, "entries": [], "commit": 0}}
DEBUG:root:received {"dest":"n2","src":"n1","body":{"msg_id":22,"in_reply_to":49,"type":"AppendEntriesRes","res":true,"term":1,"next":2,"commit":0},"id":123}
DEBUG:root:received {"dest":"n2","src":"n3","body":{"msg_id":15,"in_reply_to":50,"type":"AppendEntriesRes","res":true,"term":1,"next":2,"commit":0},"id":124}
DEBUG:root:received {"dest":"n2","src":"n4","body":{"msg_id":14,"in_reply_to":51,"type":"AppendEntriesRes","res":true,"term":1,"next":2,"commit":0},"id":125}
DEBUG:root:received {"dest":"n2","src":"n5","body":{"msg_id":15,"in_reply_to":52,"type":"AppendEntriesRes","res":true,"term":1,"next":2,"commit":0},"id":126}
INFO:root:sending HB

INFO:root:HBdest
n1
nextIndex
{'n1': 2, 'n2': 1, 'n3': 2, 'n4': 2, 'n5': 2}
log
[(('pass', None), 0), (('cas', (1, (0, 3))), 1)]

DEBUG:root:sending {"dest": "n1", "src": "n2", "body": {"msg_id": 53, "type": "AppendEntries", "term": 1, "prevIndex": 1, "prevTerm": 1, "entries": [], "commit": 0}}
INFO:root:HBdest
n3
nextIndex
{'n1': 2, 'n2': 1, 'n3': 2, 'n4': 2, 'n5': 2}
log
[(('pass', None), 0), (('cas', (1, (0, 3))), 1)]

DEBUG:root:sending {"dest": "n3", "src": "n2", "body": {"msg_id": 54, "type": "AppendEntries", "term": 1, "prevIndex": 1, "prevTerm": 1, "entries": [], "commit": 0}}
INFO:root:HBdest
n4
nextIndex
{'n1': 2, 'n2': 1, 'n3': 2, 'n4': 2, 'n5': 2}
log
[(('pass', None), 0), (('cas', (1, (0, 3))), 1)]

DEBUG:root:sending {"dest": "n4", "src": "n2", "body": {"msg_id": 55, "type": "AppendEntries", "term": 1, "prevIndex": 1, "prevTerm": 1, "entries": [], "commit": 0}}
INFO:root:HBdest
n5
nextIndex
{'n1': 2, 'n2': 1, 'n3': 2, 'n4': 2, 'n5': 2}
log
[(('pass', None), 0), (('cas', (1, (0, 3))), 1)]

DEBUG:root:sending {"dest": "n5", "src": "n2", "body": {"msg_id": 56, "type": "AppendEntries", "term": 1, "prevIndex": 1, "prevTerm": 1, "entries": [], "commit": 0}}
DEBUG:root:received {"dest":"n2","src":"n1","body":{"msg_id":23,"in_reply_to":53,"type":"AppendEntriesRes","res":true,"term":1,"next":2,"commit":0},"id":133}
DEBUG:root:received {"dest":"n2","src":"n4","body":{"msg_id":15,"in_reply_to":55,"type":"AppendEntriesRes","res":true,"term":1,"next":2,"commit":0},"id":134}
DEBUG:root:received {"dest":"n2","src":"n3","body":{"msg_id":17,"in_reply_to":54,"type":"AppendEntriesRes","res":true,"term":1,"next":2,"commit":0},"id":135}
DEBUG:root:received {"dest":"n2","src":"n5","body":{"msg_id":16,"in_reply_to":56,"type":"AppendEntriesRes","res":true,"term":1,"next":2,"commit":0},"id":136}
INFO:root:sending HB

INFO:root:HBdest
n1
nextIndex
{'n1': 2, 'n2': 1, 'n3': 2, 'n4': 2, 'n5': 2}
log
[(('pass', None), 0), (('cas', (1, (0, 3))), 1)]

DEBUG:root:sending {"dest": "n1", "src": "n2", "body": {"msg_id": 57, "type": "AppendEntries", "term": 1, "prevIndex": 1, "prevTerm": 1, "entries": [], "commit": 0}}
INFO:root:HBdest
n3
nextIndex
{'n1': 2, 'n2': 1, 'n3': 2, 'n4': 2, 'n5': 2}
log
[(('pass', None), 0), (('cas', (1, (0, 3))), 1)]

DEBUG:root:sending {"dest": "n3", "src": "n2", "body": {"msg_id": 58, "type": "AppendEntries", "term": 1, "prevIndex": 1, "prevTerm": 1, "entries": [], "commit": 0}}
INFO:root:HBdest
n4
nextIndex
{'n1': 2, 'n2': 1, 'n3': 2, 'n4': 2, 'n5': 2}
log
[(('pass', None), 0), (('cas', (1, (0, 3))), 1)]

DEBUG:root:sending {"dest": "n4", "src": "n2", "body": {"msg_id": 59, "type": "AppendEntries", "term": 1, "prevIndex": 1, "prevTerm": 1, "entries": [], "commit": 0}}
INFO:root:HBdest
n5
nextIndex
{'n1': 2, 'n2': 1, 'n3': 2, 'n4': 2, 'n5': 2}
log
[(('pass', None), 0), (('cas', (1, (0, 3))), 1)]

DEBUG:root:sending {"dest": "n5", "src": "n2", "body": {"msg_id": 60, "type": "AppendEntries", "term": 1, "prevIndex": 1, "prevTerm": 1, "entries": [], "commit": 0}}
DEBUG:root:received {"dest":"n2","src":"n3","body":{"msg_id":18,"in_reply_to":58,"type":"AppendEntriesRes","res":true,"term":1,"next":2,"commit":0},"id":143}
DEBUG:root:received {"dest":"n2","src":"n5","body":{"msg_id":18,"in_reply_to":60,"type":"AppendEntriesRes","res":true,"term":1,"next":2,"commit":0},"id":145}
DEBUG:root:received {"dest":"n2","src":"n1","body":{"msg_id":24,"in_reply_to":57,"type":"AppendEntriesRes","res":true,"term":1,"next":2,"commit":0},"id":144}
DEBUG:root:received {"dest":"n2","src":"n4","body":{"msg_id":16,"in_reply_to":59,"type":"AppendEntriesRes","res":true,"term":1,"next":2,"commit":0},"id":146}
INFO:root:sending HB

INFO:root:HBdest
n1
nextIndex
{'n1': 2, 'n2': 1, 'n3': 2, 'n4': 2, 'n5': 2}
log
[(('pass', None), 0), (('cas', (1, (0, 3))), 1)]

DEBUG:root:sending {"dest": "n1", "src": "n2", "body": {"msg_id": 61, "type": "AppendEntries", "term": 1, "prevIndex": 1, "prevTerm": 1, "entries": [], "commit": 0}}
INFO:root:HBdest
n3
nextIndex
{'n1': 2, 'n2': 1, 'n3': 2, 'n4': 2, 'n5': 2}
log
[(('pass', None), 0), (('cas', (1, (0, 3))), 1)]

DEBUG:root:sending {"dest": "n3", "src": "n2", "body": {"msg_id": 62, "type": "AppendEntries", "term": 1, "prevIndex": 1, "prevTerm": 1, "entries": [], "commit": 0}}
INFO:root:HBdest
n4
nextIndex
{'n1': 2, 'n2': 1, 'n3': 2, 'n4': 2, 'n5': 2}
log
[(('pass', None), 0), (('cas', (1, (0, 3))), 1)]

DEBUG:root:sending {"dest": "n4", "src": "n2", "body": {"msg_id": 63, "type": "AppendEntries", "term": 1, "prevIndex": 1, "prevTerm": 1, "entries": [], "commit": 0}}
INFO:root:HBdest
n5
nextIndex
{'n1': 2, 'n2': 1, 'n3': 2, 'n4': 2, 'n5': 2}
log
[(('pass', None), 0), (('cas', (1, (0, 3))), 1)]

DEBUG:root:sending {"dest": "n5", "src": "n2", "body": {"msg_id": 64, "type": "AppendEntries", "term": 1, "prevIndex": 1, "prevTerm": 1, "entries": [], "commit": 0}}
DEBUG:root:received {"dest":"n2","src":"n1","body":{"msg_id":25,"in_reply_to":61,"type":"AppendEntriesRes","res":true,"term":1,"next":2,"commit":0},"id":153}
DEBUG:root:received {"dest":"n2","src":"n3","body":{"msg_id":20,"in_reply_to":62,"type":"AppendEntriesRes","res":true,"term":1,"next":2,"commit":0},"id":154}
DEBUG:root:received {"dest":"n2","src":"n4","body":{"msg_id":17,"in_reply_to":63,"type":"AppendEntriesRes","res":true,"term":1,"next":2,"commit":0},"id":155}
DEBUG:root:received {"dest":"n2","src":"n5","body":{"msg_id":19,"in_reply_to":64,"type":"AppendEntriesRes","res":true,"term":1,"next":2,"commit":0},"id":156}
INFO:root:sending HB

INFO:root:HBdest
n1
nextIndex
{'n1': 2, 'n2': 1, 'n3': 2, 'n4': 2, 'n5': 2}
log
[(('pass', None), 0), (('cas', (1, (0, 3))), 1)]

DEBUG:root:sending {"dest": "n1", "src": "n2", "body": {"msg_id": 65, "type": "AppendEntries", "term": 1, "prevIndex": 1, "prevTerm": 1, "entries": [], "commit": 0}}
INFO:root:HBdest
n3
nextIndex
{'n1': 2, 'n2': 1, 'n3': 2, 'n4': 2, 'n5': 2}
log
[(('pass', None), 0), (('cas', (1, (0, 3))), 1)]

DEBUG:root:sending {"dest": "n3", "src": "n2", "body": {"msg_id": 66, "type": "AppendEntries", "term": 1, "prevIndex": 1, "prevTerm": 1, "entries": [], "commit": 0}}
INFO:root:HBdest
n4
nextIndex
{'n1': 2, 'n2': 1, 'n3': 2, 'n4': 2, 'n5': 2}
log
[(('pass', None), 0), (('cas', (1, (0, 3))), 1)]

DEBUG:root:sending {"dest": "n4", "src": "n2", "body": {"msg_id": 67, "type": "AppendEntries", "term": 1, "prevIndex": 1, "prevTerm": 1, "entries": [], "commit": 0}}
INFO:root:HBdest
n5
nextIndex
{'n1': 2, 'n2': 1, 'n3': 2, 'n4': 2, 'n5': 2}
log
[(('pass', None), 0), (('cas', (1, (0, 3))), 1)]

DEBUG:root:sending {"dest": "n5", "src": "n2", "body": {"msg_id": 68, "type": "AppendEntries", "term": 1, "prevIndex": 1, "prevTerm": 1, "entries": [], "commit": 0}}
DEBUG:root:received {"dest":"n2","src":"n1","body":{"msg_id":26,"in_reply_to":65,"type":"AppendEntriesRes","res":true,"term":1,"next":2,"commit":0},"id":161}
DEBUG:root:received {"dest":"n2","src":"n3","body":{"msg_id":21,"in_reply_to":66,"type":"AppendEntriesRes","res":true,"term":1,"next":2,"commit":0},"id":162}
DEBUG:root:received {"dest":"n2","src":"n4","body":{"msg_id":18,"in_reply_to":67,"type":"AppendEntriesRes","res":true,"term":1,"next":2,"commit":0},"id":163}
DEBUG:root:received {"dest":"n2","src":"n5","body":{"msg_id":20,"in_reply_to":68,"type":"AppendEntriesRes","res":true,"term":1,"next":2,"commit":0},"id":164}
INFO:root:sending HB

INFO:root:HBdest
n1
nextIndex
{'n1': 2, 'n2': 1, 'n3': 2, 'n4': 2, 'n5': 2}
log
[(('pass', None), 0), (('cas', (1, (0, 3))), 1)]

DEBUG:root:sending {"dest": "n1", "src": "n2", "body": {"msg_id": 69, "type": "AppendEntries", "term": 1, "prevIndex": 1, "prevTerm": 1, "entries": [], "commit": 0}}
INFO:root:HBdest
n3
nextIndex
{'n1': 2, 'n2': 1, 'n3': 2, 'n4': 2, 'n5': 2}
log
[(('pass', None), 0), (('cas', (1, (0, 3))), 1)]

DEBUG:root:sending {"dest": "n3", "src": "n2", "body": {"msg_id": 70, "type": "AppendEntries", "term": 1, "prevIndex": 1, "prevTerm": 1, "entries": [], "commit": 0}}
INFO:root:HBdest
n4
nextIndex
{'n1': 2, 'n2': 1, 'n3': 2, 'n4': 2, 'n5': 2}
log
[(('pass', None), 0), (('cas', (1, (0, 3))), 1)]

DEBUG:root:sending {"dest": "n4", "src": "n2", "body": {"msg_id": 71, "type": "AppendEntries", "term": 1, "prevIndex": 1, "prevTerm": 1, "entries": [], "commit": 0}}
INFO:root:HBdest
n5
nextIndex
{'n1': 2, 'n2': 1, 'n3': 2, 'n4': 2, 'n5': 2}
log
[(('pass', None), 0), (('cas', (1, (0, 3))), 1)]

DEBUG:root:sending {"dest": "n5", "src": "n2", "body": {"msg_id": 72, "type": "AppendEntries", "term": 1, "prevIndex": 1, "prevTerm": 1, "entries": [], "commit": 0}}
DEBUG:root:received {"dest":"n2","src":"n1","body":{"msg_id":27,"in_reply_to":69,"type":"AppendEntriesRes","res":true,"term":1,"next":2,"commit":0},"id":171}
DEBUG:root:received {"dest":"n2","src":"n3","body":{"msg_id":23,"in_reply_to":70,"type":"AppendEntriesRes","res":true,"term":1,"next":2,"commit":0},"id":172}
DEBUG:root:received {"dest":"n2","src":"n4","body":{"msg_id":19,"in_reply_to":71,"type":"AppendEntriesRes","res":true,"term":1,"next":2,"commit":0},"id":173}
DEBUG:root:received {"dest":"n2","src":"n5","body":{"msg_id":21,"in_reply_to":72,"type":"AppendEntriesRes","res":true,"term":1,"next":2,"commit":0},"id":174}
INFO:root:sending HB

INFO:root:HBdest
n1
nextIndex
{'n1': 2, 'n2': 1, 'n3': 2, 'n4': 2, 'n5': 2}
log
[(('pass', None), 0), (('cas', (1, (0, 3))), 1)]

DEBUG:root:sending {"dest": "n1", "src": "n2", "body": {"msg_id": 73, "type": "AppendEntries", "term": 1, "prevIndex": 1, "prevTerm": 1, "entries": [], "commit": 0}}
INFO:root:HBdest
n3
nextIndex
{'n1': 2, 'n2': 1, 'n3': 2, 'n4': 2, 'n5': 2}
log
[(('pass', None), 0), (('cas', (1, (0, 3))), 1)]

DEBUG:root:sending {"dest": "n3", "src": "n2", "body": {"msg_id": 74, "type": "AppendEntries", "term": 1, "prevIndex": 1, "prevTerm": 1, "entries": [], "commit": 0}}
INFO:root:HBdest
n4
nextIndex
{'n1': 2, 'n2': 1, 'n3': 2, 'n4': 2, 'n5': 2}
log
[(('pass', None), 0), (('cas', (1, (0, 3))), 1)]

DEBUG:root:sending {"dest": "n4", "src": "n2", "body": {"msg_id": 75, "type": "AppendEntries", "term": 1, "prevIndex": 1, "prevTerm": 1, "entries": [], "commit": 0}}
INFO:root:HBdest
n5
nextIndex
{'n1': 2, 'n2': 1, 'n3': 2, 'n4': 2, 'n5': 2}
log
[(('pass', None), 0), (('cas', (1, (0, 3))), 1)]

DEBUG:root:sending {"dest": "n5", "src": "n2", "body": {"msg_id": 76, "type": "AppendEntries", "term": 1, "prevIndex": 1, "prevTerm": 1, "entries": [], "commit": 0}}
DEBUG:root:received {"dest":"n2","src":"n1","body":{"msg_id":28,"in_reply_to":73,"type":"AppendEntriesRes","res":true,"term":1,"next":2,"commit":0},"id":182}
DEBUG:root:received {"dest":"n2","src":"n3","body":{"msg_id":25,"in_reply_to":74,"type":"AppendEntriesRes","res":true,"term":1,"next":2,"commit":0},"id":184}
DEBUG:root:received {"dest":"n2","src":"n4","body":{"msg_id":21,"in_reply_to":75,"type":"AppendEntriesRes","res":true,"term":1,"next":2,"commit":0},"id":185}
DEBUG:root:received {"dest":"n2","src":"n5","body":{"msg_id":22,"in_reply_to":76,"type":"AppendEntriesRes","res":true,"term":1,"next":2,"commit":0},"id":186}
INFO:root:sending HB

INFO:root:HBdest
n1
nextIndex
{'n1': 2, 'n2': 1, 'n3': 2, 'n4': 2, 'n5': 2}
log
[(('pass', None), 0), (('cas', (1, (0, 3))), 1)]

DEBUG:root:sending {"dest": "n1", "src": "n2", "body": {"msg_id": 77, "type": "AppendEntries", "term": 1, "prevIndex": 1, "prevTerm": 1, "entries": [], "commit": 0}}
INFO:root:HBdest
n3
nextIndex
{'n1': 2, 'n2': 1, 'n3': 2, 'n4': 2, 'n5': 2}
log
[(('pass', None), 0), (('cas', (1, (0, 3))), 1)]

DEBUG:root:sending {"dest": "n3", "src": "n2", "body": {"msg_id": 78, "type": "AppendEntries", "term": 1, "prevIndex": 1, "prevTerm": 1, "entries": [], "commit": 0}}
INFO:root:HBdest
n4
nextIndex
{'n1': 2, 'n2': 1, 'n3': 2, 'n4': 2, 'n5': 2}
log
[(('pass', None), 0), (('cas', (1, (0, 3))), 1)]

DEBUG:root:sending {"dest": "n4", "src": "n2", "body": {"msg_id": 79, "type": "AppendEntries", "term": 1, "prevIndex": 1, "prevTerm": 1, "entries": [], "commit": 0}}
INFO:root:HBdest
n5
nextIndex
{'n1': 2, 'n2': 1, 'n3': 2, 'n4': 2, 'n5': 2}
log
[(('pass', None), 0), (('cas', (1, (0, 3))), 1)]

DEBUG:root:sending {"dest": "n5", "src": "n2", "body": {"msg_id": 80, "type": "AppendEntries", "term": 1, "prevIndex": 1, "prevTerm": 1, "entries": [], "commit": 0}}
DEBUG:root:received {"dest":"n2","src":"n1","body":{"msg_id":29,"in_reply_to":77,"type":"AppendEntriesRes","res":true,"term":1,"next":2,"commit":0},"id":193}
DEBUG:root:received {"dest":"n2","src":"n5","body":{"msg_id":23,"in_reply_to":80,"type":"AppendEntriesRes","res":true,"term":1,"next":2,"commit":0},"id":194}
DEBUG:root:received {"dest":"n2","src":"n4","body":{"msg_id":22,"in_reply_to":79,"type":"AppendEntriesRes","res":true,"term":1,"next":2,"commit":0},"id":195}
DEBUG:root:received {"dest":"n2","src":"n3","body":{"msg_id":27,"in_reply_to":78,"type":"AppendEntriesRes","res":true,"term":1,"next":2,"commit":0},"id":196}
INFO:root:sending HB

INFO:root:HBdest
n1
nextIndex
{'n1': 2, 'n2': 1, 'n3': 2, 'n4': 2, 'n5': 2}
log
[(('pass', None), 0), (('cas', (1, (0, 3))), 1)]

DEBUG:root:sending {"dest": "n1", "src": "n2", "body": {"msg_id": 81, "type": "AppendEntries", "term": 1, "prevIndex": 1, "prevTerm": 1, "entries": [], "commit": 0}}
INFO:root:HBdest
n3
nextIndex
{'n1': 2, 'n2': 1, 'n3': 2, 'n4': 2, 'n5': 2}
log
[(('pass', None), 0), (('cas', (1, (0, 3))), 1)]

DEBUG:root:sending {"dest": "n3", "src": "n2", "body": {"msg_id": 82, "type": "AppendEntries", "term": 1, "prevIndex": 1, "prevTerm": 1, "entries": [], "commit": 0}}
INFO:root:HBdest
n4
nextIndex
{'n1': 2, 'n2': 1, 'n3': 2, 'n4': 2, 'n5': 2}
log
[(('pass', None), 0), (('cas', (1, (0, 3))), 1)]

DEBUG:root:sending {"dest": "n4", "src": "n2", "body": {"msg_id": 83, "type": "AppendEntries", "term": 1, "prevIndex": 1, "prevTerm": 1, "entries": [], "commit": 0}}
INFO:root:HBdest
n5
nextIndex
{'n1': 2, 'n2': 1, 'n3': 2, 'n4': 2, 'n5': 2}
log
[(('pass', None), 0), (('cas', (1, (0, 3))), 1)]

DEBUG:root:sending {"dest": "n5", "src": "n2", "body": {"msg_id": 84, "type": "AppendEntries", "term": 1, "prevIndex": 1, "prevTerm": 1, "entries": [], "commit": 0}}
DEBUG:root:received {"dest":"n2","src":"n1","body":{"msg_id":30,"in_reply_to":81,"type":"AppendEntriesRes","res":true,"term":1,"next":2,"commit":0},"id":203}
DEBUG:root:received {"dest":"n2","src":"n3","body":{"msg_id":28,"in_reply_to":82,"type":"AppendEntriesRes","res":true,"term":1,"next":2,"commit":0},"id":204}
DEBUG:root:received {"dest":"n2","src":"n4","body":{"msg_id":24,"in_reply_to":83,"type":"AppendEntriesRes","res":true,"term":1,"next":2,"commit":0},"id":205}
DEBUG:root:received {"dest":"n2","src":"n5","body":{"msg_id":24,"in_reply_to":84,"type":"AppendEntriesRes","res":true,"term":1,"next":2,"commit":0},"id":206}
INFO:root:sending HB

INFO:root:HBdest
n1
nextIndex
{'n1': 2, 'n2': 1, 'n3': 2, 'n4': 2, 'n5': 2}
log
[(('pass', None), 0), (('cas', (1, (0, 3))), 1)]

DEBUG:root:sending {"dest": "n1", "src": "n2", "body": {"msg_id": 85, "type": "AppendEntries", "term": 1, "prevIndex": 1, "prevTerm": 1, "entries": [], "commit": 0}}
INFO:root:HBdest
n3
nextIndex
{'n1': 2, 'n2': 1, 'n3': 2, 'n4': 2, 'n5': 2}
log
[(('pass', None), 0), (('cas', (1, (0, 3))), 1)]

DEBUG:root:sending {"dest": "n3", "src": "n2", "body": {"msg_id": 86, "type": "AppendEntries", "term": 1, "prevIndex": 1, "prevTerm": 1, "entries": [], "commit": 0}}
INFO:root:HBdest
n4
nextIndex
{'n1': 2, 'n2': 1, 'n3': 2, 'n4': 2, 'n5': 2}
log
[(('pass', None), 0), (('cas', (1, (0, 3))), 1)]

DEBUG:root:sending {"dest": "n4", "src": "n2", "body": {"msg_id": 87, "type": "AppendEntries", "term": 1, "prevIndex": 1, "prevTerm": 1, "entries": [], "commit": 0}}
INFO:root:HBdest
n5
nextIndex
{'n1': 2, 'n2': 1, 'n3': 2, 'n4': 2, 'n5': 2}
log
[(('pass', None), 0), (('cas', (1, (0, 3))), 1)]

DEBUG:root:sending {"dest": "n5", "src": "n2", "body": {"msg_id": 88, "type": "AppendEntries", "term": 1, "prevIndex": 1, "prevTerm": 1, "entries": [], "commit": 0}}
DEBUG:root:received {"dest":"n2","src":"n1","body":{"msg_id":31,"in_reply_to":85,"type":"AppendEntriesRes","res":true,"term":1,"next":2,"commit":0},"id":211}
DEBUG:root:received {"dest":"n2","src":"n4","body":{"msg_id":25,"in_reply_to":87,"type":"AppendEntriesRes","res":true,"term":1,"next":2,"commit":0},"id":212}
DEBUG:root:received {"dest":"n2","src":"n3","body":{"msg_id":29,"in_reply_to":86,"type":"AppendEntriesRes","res":true,"term":1,"next":2,"commit":0},"id":213}
DEBUG:root:received {"dest":"n2","src":"n5","body":{"msg_id":25,"in_reply_to":88,"type":"AppendEntriesRes","res":true,"term":1,"next":2,"commit":0},"id":214}
INFO:root:sending HB

INFO:root:HBdest
n1
nextIndex
{'n1': 2, 'n2': 1, 'n3': 2, 'n4': 2, 'n5': 2}
log
[(('pass', None), 0), (('cas', (1, (0, 3))), 1)]

DEBUG:root:sending {"dest": "n1", "src": "n2", "body": {"msg_id": 89, "type": "AppendEntries", "term": 1, "prevIndex": 1, "prevTerm": 1, "entries": [], "commit": 0}}
INFO:root:HBdest
n3
nextIndex
{'n1': 2, 'n2': 1, 'n3': 2, 'n4': 2, 'n5': 2}
log
[(('pass', None), 0), (('cas', (1, (0, 3))), 1)]

DEBUG:root:sending {"dest": "n3", "src": "n2", "body": {"msg_id": 90, "type": "AppendEntries", "term": 1, "prevIndex": 1, "prevTerm": 1, "entries": [], "commit": 0}}
INFO:root:HBdest
n4
nextIndex
{'n1': 2, 'n2': 1, 'n3': 2, 'n4': 2, 'n5': 2}
log
[(('pass', None), 0), (('cas', (1, (0, 3))), 1)]

DEBUG:root:sending {"dest": "n4", "src": "n2", "body": {"msg_id": 91, "type": "AppendEntries", "term": 1, "prevIndex": 1, "prevTerm": 1, "entries": [], "commit": 0}}
INFO:root:HBdest
n5
nextIndex
{'n1': 2, 'n2': 1, 'n3': 2, 'n4': 2, 'n5': 2}
log
[(('pass', None), 0), (('cas', (1, (0, 3))), 1)]

DEBUG:root:sending {"dest": "n5", "src": "n2", "body": {"msg_id": 92, "type": "AppendEntries", "term": 1, "prevIndex": 1, "prevTerm": 1, "entries": [], "commit": 0}}
DEBUG:root:received {"dest":"n2","src":"n1","body":{"msg_id":32,"in_reply_to":89,"type":"AppendEntriesRes","res":true,"term":1,"next":2,"commit":0},"id":219}
DEBUG:root:received {"dest":"n2","src":"n3","body":{"msg_id":30,"in_reply_to":90,"type":"AppendEntriesRes","res":true,"term":1,"next":2,"commit":0},"id":220}
DEBUG:root:received {"dest":"n2","src":"n4","body":{"msg_id":26,"in_reply_to":91,"type":"AppendEntriesRes","res":true,"term":1,"next":2,"commit":0},"id":221}
DEBUG:root:received {"dest":"n2","src":"n5","body":{"msg_id":26,"in_reply_to":92,"type":"AppendEntriesRes","res":true,"term":1,"next":2,"commit":0},"id":222}
DEBUG:root:received {"dest":"n2","body":{"key":0,"type":"read","msg_id":1},"src":"c19","id":225}
DEBUG:root:sending {"dest": "c19", "src": "n2", "body": {"msg_id": 93, "in_reply_to": 1, "type": "error", "code": 20, "text": "Invalid Key"}}
INFO:root:sending HB

INFO:root:HBdest
n1
nextIndex
{'n1': 2, 'n2': 1, 'n3': 2, 'n4': 2, 'n5': 2}
log
[(('pass', None), 0), (('cas', (1, (0, 3))), 1)]

DEBUG:root:sending {"dest": "n1", "src": "n2", "body": {"msg_id": 94, "type": "AppendEntries", "term": 1, "prevIndex": 1, "prevTerm": 1, "entries": [], "commit": 0}}
INFO:root:HBdest
n3
nextIndex
{'n1': 2, 'n2': 1, 'n3': 2, 'n4': 2, 'n5': 2}
log
[(('pass', None), 0), (('cas', (1, (0, 3))), 1)]

DEBUG:root:sending {"dest": "n3", "src": "n2", "body": {"msg_id": 95, "type": "AppendEntries", "term": 1, "prevIndex": 1, "prevTerm": 1, "entries": [], "commit": 0}}
INFO:root:HBdest
n4
nextIndex
{'n1': 2, 'n2': 1, 'n3': 2, 'n4': 2, 'n5': 2}
log
[(('pass', None), 0), (('cas', (1, (0, 3))), 1)]

DEBUG:root:sending {"dest": "n4", "src": "n2", "body": {"msg_id": 96, "type": "AppendEntries", "term": 1, "prevIndex": 1, "prevTerm": 1, "entries": [], "commit": 0}}
INFO:root:HBdest
n5
nextIndex
{'n1': 2, 'n2': 1, 'n3': 2, 'n4': 2, 'n5': 2}
log
[(('pass', None), 0), (('cas', (1, (0, 3))), 1)]

DEBUG:root:sending {"dest": "n5", "src": "n2", "body": {"msg_id": 97, "type": "AppendEntries", "term": 1, "prevIndex": 1, "prevTerm": 1, "entries": [], "commit": 0}}
DEBUG:root:received {"dest":"n2","src":"n1","body":{"msg_id":33,"in_reply_to":94,"type":"AppendEntriesRes","res":true,"term":1,"next":2,"commit":0},"id":231}
DEBUG:root:received {"dest":"n2","src":"n3","body":{"msg_id":31,"in_reply_to":95,"type":"AppendEntriesRes","res":true,"term":1,"next":2,"commit":0},"id":232}
DEBUG:root:received {"dest":"n2","src":"n4","body":{"msg_id":28,"in_reply_to":96,"type":"AppendEntriesRes","res":true,"term":1,"next":2,"commit":0},"id":233}
DEBUG:root:received {"dest":"n2","src":"n5","body":{"msg_id":27,"in_reply_to":97,"type":"AppendEntriesRes","res":true,"term":1,"next":2,"commit":0},"id":234}
INFO:root:sending HB

INFO:root:HBdest
n1
nextIndex
{'n1': 2, 'n2': 1, 'n3': 2, 'n4': 2, 'n5': 2}
log
[(('pass', None), 0), (('cas', (1, (0, 3))), 1)]

DEBUG:root:sending {"dest": "n1", "src": "n2", "body": {"msg_id": 98, "type": "AppendEntries", "term": 1, "prevIndex": 1, "prevTerm": 1, "entries": [], "commit": 0}}
INFO:root:HBdest
n3
nextIndex
{'n1': 2, 'n2': 1, 'n3': 2, 'n4': 2, 'n5': 2}
log
[(('pass', None), 0), (('cas', (1, (0, 3))), 1)]

DEBUG:root:sending {"dest": "n3", "src": "n2", "body": {"msg_id": 99, "type": "AppendEntries", "term": 1, "prevIndex": 1, "prevTerm": 1, "entries": [], "commit": 0}}
INFO:root:HBdest
n4
nextIndex
{'n1': 2, 'n2': 1, 'n3': 2, 'n4': 2, 'n5': 2}
log
[(('pass', None), 0), (('cas', (1, (0, 3))), 1)]

DEBUG:root:sending {"dest": "n4", "src": "n2", "body": {"msg_id": 100, "type": "AppendEntries", "term": 1, "prevIndex": 1, "prevTerm": 1, "entries": [], "commit": 0}}
INFO:root:HBdest
n5
nextIndex
{'n1': 2, 'n2': 1, 'n3': 2, 'n4': 2, 'n5': 2}
log
[(('pass', None), 0), (('cas', (1, (0, 3))), 1)]

DEBUG:root:sending {"dest": "n5", "src": "n2", "body": {"msg_id": 101, "type": "AppendEntries", "term": 1, "prevIndex": 1, "prevTerm": 1, "entries": [], "commit": 0}}
DEBUG:root:received {"dest":"n2","src":"n1","body":{"msg_id":34,"in_reply_to":98,"type":"AppendEntriesRes","res":true,"term":1,"next":2,"commit":0},"id":239}
DEBUG:root:received {"dest":"n2","src":"n3","body":{"msg_id":32,"in_reply_to":99,"type":"AppendEntriesRes","res":true,"term":1,"next":2,"commit":0},"id":240}
DEBUG:root:received {"dest":"n2","src":"n4","body":{"msg_id":29,"in_reply_to":100,"type":"AppendEntriesRes","res":true,"term":1,"next":2,"commit":0},"id":241}
DEBUG:root:received {"dest":"n2","src":"n5","body":{"msg_id":28,"in_reply_to":101,"type":"AppendEntriesRes","res":true,"term":1,"next":2,"commit":0},"id":242}
INFO:root:sending HB

INFO:root:HBdest
n1
nextIndex
{'n1': 2, 'n2': 1, 'n3': 2, 'n4': 2, 'n5': 2}
log
[(('pass', None), 0), (('cas', (1, (0, 3))), 1)]

DEBUG:root:sending {"dest": "n1", "src": "n2", "body": {"msg_id": 102, "type": "AppendEntries", "term": 1, "prevIndex": 1, "prevTerm": 1, "entries": [], "commit": 0}}
INFO:root:HBdest
n3
nextIndex
{'n1': 2, 'n2': 1, 'n3': 2, 'n4': 2, 'n5': 2}
log
[(('pass', None), 0), (('cas', (1, (0, 3))), 1)]

DEBUG:root:sending {"dest": "n3", "src": "n2", "body": {"msg_id": 103, "type": "AppendEntries", "term": 1, "prevIndex": 1, "prevTerm": 1, "entries": [], "commit": 0}}
INFO:root:HBdest
n4
nextIndex
{'n1': 2, 'n2': 1, 'n3': 2, 'n4': 2, 'n5': 2}
log
[(('pass', None), 0), (('cas', (1, (0, 3))), 1)]

DEBUG:root:sending {"dest": "n4", "src": "n2", "body": {"msg_id": 104, "type": "AppendEntries", "term": 1, "prevIndex": 1, "prevTerm": 1, "entries": [], "commit": 0}}
INFO:root:HBdest
n5
nextIndex
{'n1': 2, 'n2': 1, 'n3': 2, 'n4': 2, 'n5': 2}
log
[(('pass', None), 0), (('cas', (1, (0, 3))), 1)]

DEBUG:root:sending {"dest": "n5", "src": "n2", "body": {"msg_id": 105, "type": "AppendEntries", "term": 1, "prevIndex": 1, "prevTerm": 1, "entries": [], "commit": 0}}
DEBUG:root:received {"dest":"n2","src":"n1","body":{"msg_id":35,"in_reply_to":102,"type":"AppendEntriesRes","res":true,"term":1,"next":2,"commit":0},"id":247}
DEBUG:root:received {"dest":"n2","src":"n3","body":{"msg_id":33,"in_reply_to":103,"type":"AppendEntriesRes","res":true,"term":1,"next":2,"commit":0},"id":248}
DEBUG:root:received {"dest":"n2","src":"n4","body":{"msg_id":30,"in_reply_to":104,"type":"AppendEntriesRes","res":true,"term":1,"next":2,"commit":0},"id":249}
DEBUG:root:received {"dest":"n2","src":"n5","body":{"msg_id":29,"in_reply_to":105,"type":"AppendEntriesRes","res":true,"term":1,"next":2,"commit":0},"id":250}
