2022-05-04 15:07:53,649{GMT}	INFO	[jepsen test runner] jepsen.core: Test version 99e6fb2a3505fae4b1987d97b445a48b7ad1f664 (plus uncommitted changes)
2022-05-04 15:07:53,650{GMT}	INFO	[jepsen test runner] jepsen.core: Command line:
lein run test --bin raft.py --workload lin-kv --time-limit 2 --concurrency 4n
2022-05-04 15:07:53,862{GMT}	INFO	[jepsen test runner] jepsen.core: Running test:
{:remote #jepsen.control.SSHRemote{:session nil}
 :log-net-send false
 :node-count nil
 :max-txn-length 4
 :concurrency 20
 :db
 #object[maelstrom.db$db$reify__16747
         "0xcf0e8b4"
         "maelstrom.db$db$reify__16747@cf0e8b4"]
 :max-writes-per-key 16
 :leave-db-running? false
 :name "lin-kv"
 :logging-json? false
 :net-journal #object[clojure.lang.Atom "0x51a7ee4e" {:status :ready, :val []}]
 :start-time
 #object[org.joda.time.DateTime "0x424c8ebe" "2022-05-04T15:07:53.000+01:00"]
 :nemesis-interval 10
 :net
 #object[maelstrom.net$jepsen_adapter$reify__15560
         "0x7aafac17"
         "maelstrom.net$jepsen_adapter$reify__15560@7aafac17"]
 :client
 #object[maelstrom.workload.lin_kv$client$reify__17524
         "0x3054551f"
         "maelstrom.workload.lin_kv$client$reify__17524@3054551f"]
 :barrier
 #object[java.util.concurrent.CyclicBarrier
         "0x6b8cfbeb"
         "java.util.concurrent.CyclicBarrier@6b8cfbeb"]
 :log-stderr false
 :pure-generators true
 :ssh {:dummy? true}
 :rate 5
 :checker
 #object[jepsen.checker$compose$reify__8612
         "0x4603845b"
         "jepsen.checker$compose$reify__8612@4603845b"]
 :argv
 ("test"
  "--bin"
  "raft.py"
  "--workload"
  "lin-kv"
  "--time-limit"
  "2"
  "--concurrency"
  "4n")
 :nemesis
 (jepsen.nemesis.ReflCompose
  {:fm {:start-partition 0,
        :stop-partition 0,
        :kill 1,
        :start 1,
        :pause 1,
        :resume 1},
   :nemeses [#unprintable "jepsen.nemesis.combined$partition_nemesis$reify__17019@414b5798"
             #unprintable "jepsen.nemesis.combined$db_nemesis$reify__17000@53251e03"]})
 :active-histories
 #object[clojure.lang.Atom "0x5ffae42f" {:status :ready, :val #{}}]
 :nodes ["n1" "n2" "n3" "n4" "n5"]
 :test-count 1
 :latency {:mean 0, :dist :constant}
 :bin "raft.py"
 :generator
 (jepsen.generator.TimeLimit
  {:limit 2000000000,
   :cutoff nil,
   :gen (jepsen.generator.Any
         {:gens [(jepsen.generator.OnThreads {:f #{:nemesis}, :gen nil})
                 (jepsen.generator.OnThreads
                  {:f #object[clojure.core$complement$fn__5654
                              "0x3eff5c32"
                              "clojure.core$complement$fn__5654@3eff5c32"],
                   :gen (jepsen.generator.Stagger
                         {:dt 400000000,
                          :next-time nil,
                          :gen (jepsen.generator.OnThreads
                                {:f #object[clojure.core$complement$fn__5654
                                            "0x79d538c1"
                                            "clojure.core$complement$fn__5654@79d538c1"],
                                 :gen (jepsen.independent.ConcurrentGenerator
                                       {:n 10,
                                        :fgen #object[jepsen.tests.linearizable_register$test$fn__17324
                                                      "0x31e08c61"
                                                      "jepsen.tests.linearizable_register$test$fn__17324@31e08c61"],
                                        :group->threads nil,
                                        :thread->group nil,
                                        :keys (0 1 2 3 4 5 6 7 ...),
                                        :gens nil})})})})]})})
 :log-net-recv false
 :os
 #object[jepsen.os$reify__2490 "0x2db15764" "jepsen.os$reify__2490@2db15764"]
 :time-limit 2
 :workload :lin-kv
 :consistency-models [:strict-serializable]
 :topology :grid}

2022-05-04 15:07:53,887{GMT}	INFO	[jepsen test runner] jepsen.db: Tearing down DB
2022-05-04 15:07:53,894{GMT}	INFO	[jepsen test runner] jepsen.db: Setting up DB
2022-05-04 15:07:53,913{GMT}	INFO	[jepsen node n4] maelstrom.db: Setting up n4
2022-05-04 15:07:53,913{GMT}	INFO	[jepsen node n2] maelstrom.db: Setting up n2
2022-05-04 15:07:53,913{GMT}	INFO	[jepsen node n5] maelstrom.db: Setting up n5
2022-05-04 15:07:53,915{GMT}	INFO	[jepsen node n2] maelstrom.process: launching raft.py nil
2022-05-04 15:07:53,913{GMT}	INFO	[jepsen node n3] maelstrom.db: Setting up n3
2022-05-04 15:07:53,918{GMT}	INFO	[jepsen node n3] maelstrom.process: launching raft.py nil
2022-05-04 15:07:53,919{GMT}	INFO	[jepsen node n4] maelstrom.process: launching raft.py nil
2022-05-04 15:07:53,923{GMT}	INFO	[jepsen node n1] maelstrom.service: Starting services: (lin-kv lin-tso lww-kv seq-kv)
2022-05-04 15:07:53,925{GMT}	INFO	[jepsen node n5] maelstrom.process: launching raft.py nil
2022-05-04 15:07:53,944{GMT}	INFO	[jepsen node n1] maelstrom.db: Setting up n1
2022-05-04 15:07:53,945{GMT}	INFO	[jepsen node n1] maelstrom.process: launching raft.py nil
2022-05-04 15:07:54,213{GMT}	INFO	[jepsen test runner] jepsen.core: Relative time begins now
2022-05-04 15:07:54,342{GMT}	INFO	[jepsen worker 13] jepsen.util: 13	:invoke	:cas	[1 [1 3]]
2022-05-04 15:07:54,342{GMT}	INFO	[jepsen worker 7] jepsen.util: 7	:invoke	:cas	[0 [2 4]]
2022-05-04 15:07:54,368{GMT}	INFO	[jepsen worker 7] jepsen.util: 7	:info	:cas	[0 [2 4]]	[:unknown "Not Leader"]
2022-05-04 15:07:54,368{GMT}	INFO	[jepsen worker 13] jepsen.util: 13	:info	:cas	[1 [1 3]]	[:unknown "Not Leader"]
2022-05-04 15:07:54,702{GMT}	INFO	[jepsen worker 5] jepsen.util: 5	:invoke	:write	[0 3]
2022-05-04 15:07:54,711{GMT}	INFO	[jepsen worker 5] jepsen.util: 5	:info	:write	[0 3]	[:unknown "Not Leader"]
2022-05-04 15:07:54,726{GMT}	INFO	[jepsen worker 15] jepsen.util: 15	:invoke	:cas	[1 [4 2]]
2022-05-04 15:07:54,731{GMT}	INFO	[jepsen worker 15] jepsen.util: 15	:info	:cas	[1 [4 2]]	[:unknown "Not Leader"]
2022-05-04 15:07:54,800{GMT}	INFO	[jepsen worker 13] jepsen.util: 33	:invoke	:write	[1 4]
2022-05-04 15:07:55,076{GMT}	INFO	[jepsen worker 2] jepsen.util: 2	:invoke	:read	[0 nil]
2022-05-04 15:07:55,082{GMT}	INFO	[jepsen worker 2] jepsen.util: 2	:fail	:read	[0 nil]	[:unknown "Not Leader"]
2022-05-04 15:07:55,121{GMT}	INFO	[jepsen worker 19] jepsen.util: 19	:invoke	:write	[1 3]
2022-05-04 15:07:55,125{GMT}	INFO	[jepsen worker 19] jepsen.util: 19	:info	:write	[1 3]	[:unknown "Not Leader"]
2022-05-04 15:07:55,279{GMT}	INFO	[jepsen worker 7] jepsen.util: 27	:invoke	:cas	[0 [3 2]]
2022-05-04 15:07:55,284{GMT}	INFO	[jepsen worker 7] jepsen.util: 27	:info	:cas	[0 [3 2]]	[:unknown "Not Leader"]
2022-05-04 15:07:55,371{GMT}	INFO	[jepsen worker 0] jepsen.util: 0	:invoke	:read	[0 nil]
2022-05-04 15:07:55,376{GMT}	INFO	[jepsen worker 0] jepsen.util: 0	:fail	:read	[0 nil]	[:unknown "Not Leader"]
2022-05-04 15:07:55,554{GMT}	INFO	[jepsen worker 2] jepsen.util: 2	:invoke	:read	[0 nil]
2022-05-04 15:07:55,558{GMT}	INFO	[jepsen worker 2] jepsen.util: 2	:fail	:read	[0 nil]	[:unknown "Not Leader"]
2022-05-04 15:07:55,691{GMT}	INFO	[jepsen worker 2] jepsen.util: 2	:invoke	:read	[0 nil]
2022-05-04 15:07:55,698{GMT}	INFO	[jepsen worker 2] jepsen.util: 2	:fail	:read	[0 nil]	[:unknown "Not Leader"]
2022-05-04 15:07:55,802{GMT}	INFO	[jepsen worker 13] jepsen.util: 33	:info	:write	[1 4]	:net-timeout
2022-05-04 15:07:55,995{GMT}	INFO	[jepsen worker 11] jepsen.util: 11	:invoke	:cas	[1 [3 2]]
2022-05-04 15:07:56,998{GMT}	INFO	[jepsen worker 11] jepsen.util: 11	:info	:cas	[1 [3 2]]	:net-timeout
2022-05-04 15:07:57,015{GMT}	INFO	[jepsen node n1] maelstrom.db: Tearing down n1
2022-05-04 15:07:57,015{GMT}	INFO	[jepsen node n3] maelstrom.db: Tearing down n3
2022-05-04 15:07:57,016{GMT}	INFO	[jepsen node n2] maelstrom.db: Tearing down n2
2022-05-04 15:07:57,017{GMT}	INFO	[jepsen node n4] maelstrom.db: Tearing down n4
2022-05-04 15:07:57,017{GMT}	INFO	[jepsen node n5] maelstrom.db: Tearing down n5
2022-05-04 15:07:57,988{GMT}	WARN	[main] jepsen.core: Test crashed!
clojure.lang.ExceptionInfo: Node n1 crashed with exit status 1. Before crashing, it wrote to STDOUT:

{"dest": "n4", "src": "n1", "body": {"msg_id": 72, "type": "RequestVote", "term": 11, "prevLogIndex": 0, "lastLogTerm": 0, "candidateId": "n1"}}
{"dest": "n5", "src": "n1", "body": {"msg_id": 73, "type": "RequestVote", "term": 11, "prevLogIndex": 0, "lastLogTerm": 0, "candidateId": "n1"}}
{"dest": "n1", "src": "n1", "body": {"msg_id": 74, "in_reply_to": 69, "type": "RequestVoteRes", "term": 11, "res": true}}
{"dest": "n1", "src": "n1", "body": {"msg_id": 75, "type": "RequestVote", "term": 12, "prevLogIndex": 0, "lastLogTerm": 0, "candidateId": "n1"}}
{"dest": "n2", "src": "n1", "body": {"msg_id": 76, "type": "RequestVote", "term": 12, "prevLogIndex": 0, "lastLogTerm": 0, "candidateId": "n1"}}
{"dest": "n3", "src": "n1", "body": {"msg_id": 77, "type": "RequestVote", "term": 12, "prevLogIndex": 0, "lastLogTerm": 0, "candidateId": "n1"}}
{"dest": "n4", "src": "n1", "body": {"msg_id": 78, "type": "RequestVote", "term": 12, "prevLogIndex": 0, "lastLogTerm": 0, "candidateId": "n1"}}
{"dest": "n5", "src": "n1", "body": {"msg_id": 79, "type": "RequestVote", "term": 12, "prevLogIndex": 0, "lastLogTerm": 0, "candidateId": "n1"}}
{"dest": "n4", "src": "n1", "body": {"msg_id": 80, "in_reply_to": 68, "type": "AppendEntriesRes", "res": false, "term": 12}}
{"dest": "n1", "src": "n1", "body": {"msg_id": 81, "in_reply_to": 75, "type": "RequestVoteRes", "term": 12, "res": true}}
{"dest": "n2", "src": "n1", "body": {"msg_id": 82, "in_reply_to": 113, "type": "RequestVoteRes", "term": 12, "res": false}}
{"dest": "n2", "src": "n1", "body": {"msg_id": 83, "in_reply_to": 119, "type": "RequestVoteRes", "term": 12, "res": false}}
{"dest": "n4", "src": "n1", "body": {"msg_id": 84, "in_reply_to": 76, "type": "AppendEntriesRes", "res": false, "term": 12}}
{"dest": "n4", "src": "n1", "body": {"msg_id": 85, "in_reply_to": 80, "type": "AppendEntriesRes", "res": false, "term": 12}}
{"dest": "n1", "src": "n1", "body": {"msg_id": 86, "type": "RequestVote", "term": 13, "prevLogIndex": 0, "lastLogTerm": 0, "candidateId": "n1"}}
{"dest": "n2", "src": "n1", "body": {"msg_id": 87, "type": "RequestVote", "term": 13, "prevLogIndex": 0, "lastLogTerm": 0, "candidateId": "n1"}}
{"dest": "n3", "src": "n1", "body": {"msg_id": 88, "type": "RequestVote", "term": 13, "prevLogIndex": 0, "lastLogTerm": 0, "candidateId": "n1"}}
{"dest": "n4", "src": "n1", "body": {"msg_id": 89, "type": "RequestVote", "term": 13, "prevLogIndex": 0, "lastLogTerm": 0, "candidateId": "n1"}}
{"dest": "n5", "src": "n1", "body": {"msg_id": 90, "type": "RequestVote", "term": 13, "prevLogIndex": 0, "lastLogTerm": 0, "candidateId": "n1"}}
{"dest": "n3", "src": "n1", "body": {"msg_id": 91, "in_reply_to": 54, "type": "RequestVoteRes", "term": 13, "res": false}}
{"dest": "n1", "src": "n1", "body": {"msg_id": 92, "in_reply_to": 86, "type": "RequestVoteRes", "term": 13, "res": true}}
{"dest": "n5", "src": "n1", "body": {"msg_id": 93, "in_reply_to": 50, "type": "RequestVoteRes", "term": 13, "res": false}}
{"dest": "n1", "src": "n1", "body": {"msg_id": 95, "type": "RequestVote", "term": 14, "prevLogIndex": 0, "lastLogTerm": 0, "candidateId": "n1"}}
{"dest": "n2", "src": "n1", "body": {"msg_id": 96, "type": "RequestVote", "term": 14, "prevLogIndex": 0, "lastLogTerm": 0, "candidateId": "n1"}}
{"dest": "n3", "src": "n1", "body": {"msg_id": 97, "type": "RequestVote", "term": 14, "prevLogIndex": 0, "lastLogTerm": 0, "candidateId": "n1"}}
{"dest": "n4", "src": "n1", "body": {"msg_id": 94, "in_reply_to": 84, "type": "AppendEntriesRes", "res": false, "term": 13}}
{"dest": "n1", "src": "n1", "body": {"msg_id": 99, "in_reply_to": 95, "type": "RequestVoteRes", "term": 14, "res": true}}
{"dest": "n3", "src": "n1", "body": {"msg_id": 100, "in_reply_to": 62, "type": "AppendEntriesRes", "res": false, "term": 14}}
{"dest": "n4", "src": "n1", "body": {"msg_id": 98, "type": "RequestVote", "term": 14, "prevLogIndex": 0, "lastLogTerm": 0, "candidateId": "n1"}}
{"dest": "n5", "src": "n1", "body": {"msg_id": 101, "type": "RequestVote", "term": 14, "prevLogIndex": 0, "lastLogTerm": 0, "candidateId": "n1"}}
{"dest": "n2", "src": "n1", "body": {"msg_id": 102, "in_reply_to": 131, "type": "RequestVoteRes", "term": 14, "res": false}}
{"dest": "n2", "src": "n1", "body": {"msg_id": 103, "in_reply_to": 138, "type": "RequestVoteRes", "term": 14, "res": false}}

And to STDERR:

curr time
1651673276001929069

INFO:root:resposta
False
majority
3

INFO:root:log atual
[(('pass', None), 0)]
prevlog index
2
 last log term
0

DEBUG:root:sending {"dest": "n2", "src": "n1", "body": {"msg_id": 103, "in_reply_to": 138, "type": "RequestVoteRes", "term": 14, "res": false}}
DEBUG:root:received {"dest":"n1","src":"n2","body":{"msg_id":145,"type":"AppendEntries","term":14,"entries":[[["pass",null],0],[["pass",null],0],[["cas",[1,[3,2]]],14]],"prevIndex":0,"prevTerm":0,"commit":0},"id":489}
INFO:root:355
[(('pass', None), 0)]
[[['pass', None], 0], [['pass', None], 0], [['cas', [1, [3, 2]]], 14]]
0
0
n1
1

ERROR:root:fatal exception in handler
Traceback (most recent call last):
  File "/home/peter/Documents/tf/lab3/ms.py", line 27, in exitOnError
    fn(*args)
  File "/home/peter/Documents/tf/lab3/raft.py", line 355, in handle
    if len(log)-1<=msg.body.prevIndex+i and log[msg.body.prevIndex+i][1]!=msg.body.entries[i-1][1]:
IndexError: list index out of range

Full STDERR logs are available in /home/peter/Documents/tf/lab3/store/lin-kv/20220504T150753.000+0100/node-logs/n1.log
	at slingshot.support$stack_trace.invoke(support.clj:201)
	at maelstrom.process$stop_node_BANG_.invokeStatic(process.clj:239)
	at maelstrom.process$stop_node_BANG_.invoke(process.clj:217)
	at maelstrom.db$db$reify__16747.teardown_BANG_(db.clj:75)
	at jepsen.db$fn__3285$G__3281__3289.invoke(db.clj:11)
	at jepsen.db$fn__3285$G__3280__3294.invoke(db.clj:11)
	at clojure.core$partial$fn__5824.invoke(core.clj:2625)
	at jepsen.control$on_nodes$fn__3165.invoke(control.clj:452)
	at clojure.lang.AFn.applyToHelper(AFn.java:154)
	at clojure.lang.AFn.applyTo(AFn.java:144)
	at clojure.core$apply.invokeStatic(core.clj:665)
	at clojure.core$with_bindings_STAR_.invokeStatic(core.clj:1973)
	at clojure.core$with_bindings_STAR_.doInvoke(core.clj:1973)
	at clojure.lang.RestFn.applyTo(RestFn.java:142)
	at clojure.core$apply.invokeStatic(core.clj:669)
	at clojure.core$bound_fn_STAR_$fn__5734.doInvoke(core.clj:2003)
	at clojure.lang.RestFn.invoke(RestFn.java:408)
	at dom_top.core$real_pmap_helper$build_thread__213$fn__214.invoke(core.clj:146)
	at clojure.lang.AFn.applyToHelper(AFn.java:152)
	at clojure.lang.AFn.applyTo(AFn.java:144)
	at clojure.core$apply.invokeStatic(core.clj:665)
	at clojure.core$with_bindings_STAR_.invokeStatic(core.clj:1973)
	at clojure.core$with_bindings_STAR_.doInvoke(core.clj:1973)
	at clojure.lang.RestFn.invoke(RestFn.java:425)
	at clojure.lang.AFn.applyToHelper(AFn.java:156)
	at clojure.lang.RestFn.applyTo(RestFn.java:132)
	at clojure.core$apply.invokeStatic(core.clj:669)
	at clojure.core$bound_fn_STAR_$fn__5734.doInvoke(core.clj:2003)
	at clojure.lang.RestFn.invoke(RestFn.java:397)
	at clojure.lang.AFn.run(AFn.java:22)
	at java.base/java.lang.Thread.run(Thread.java:833)
