DEBUG:root:received {"dest":"n1","body":{"type":"init","node_id":"n1","node_ids":["n1","n2","n3","n4","n5"],"msg_id":1},"src":"c4","id":4}
INFO:root:node n1 initialized
DEBUG:root:sending {"dest": "c4", "src": "n1", "body": {"msg_id": 1, "in_reply_to": 1, "type": "init_ok"}}
INFO:root:became leader
log
[(('pass', None), 0)]
match index
{'n1': 0, 'n2': 0, 'n3': 0, 'n4': 0, 'n5': 0}

INFO:root:vote ended, new leader is
n1

INFO:root:sending HB

ERROR:root:fatal exception in handler
Traceback (most recent call last):
  File "/home/peter/Documents/tf/lab3/ms.py", line 27, in exitOnError
    fn(*args)
  File "/home/peter/Documents/tf/lab3/raft.py", line 248, in handle
    become_leader()
  File "/home/peter/Documents/tf/lab3/raft.py", line 205, in become_leader
    recursive_heartbeats(node_ids,MIN_HB,MAX_HB)
  File "/home/peter/Documents/tf/lab3/raft.py", line 129, in recursive_heartbeats
    heartbeat(dest)
  File "/home/peter/Documents/tf/lab3/raft.py", line 116, in heartbeat
    buildString(["dest",dest,"nextIndex",nextindex])
NameError: name 'nextindex' is not defined
