DEBUG:root:received {"dest":"n2","body":{"type":"init","node_id":"n2","node_ids":["n1","n2","n3","n4","n5"],"msg_id":1},"src":"c1","id":1}
INFO:root:node n2 initialized
DEBUG:root:sending {"dest": "c1", "src": "n2", "body": {"msg_id": 1, "in_reply_to": 1, "type": "init_ok"}}
DEBUG:root:sending {"dest": "n1", "src": "n2", "body": {"msg_id": 2, "type": "RequestVote", "term": 1, "prevLogIndex": 0, "lastLogTerm": 0, "candidateId": "n2"}}
DEBUG:root:sending {"dest": "n2", "src": "n2", "body": {"msg_id": 3, "type": "RequestVote", "term": 1, "prevLogIndex": 0, "lastLogTerm": 0, "candidateId": "n2"}}
DEBUG:root:sending {"dest": "n3", "src": "n2", "body": {"msg_id": 4, "type": "RequestVote", "term": 1, "prevLogIndex": 0, "lastLogTerm": 0, "candidateId": "n2"}}
DEBUG:root:sending {"dest": "n4", "src": "n2", "body": {"msg_id": 5, "type": "RequestVote", "term": 1, "prevLogIndex": 0, "lastLogTerm": 0, "candidateId": "n2"}}
DEBUG:root:sending {"dest": "n5", "src": "n2", "body": {"msg_id": 6, "type": "RequestVote", "term": 1, "prevLogIndex": 0, "lastLogTerm": 0, "candidateId": "n2"}}
DEBUG:root:received {"dest":"n2","src":"n2","body":{"msg_id":3,"type":"RequestVote","term":1,"prevLogIndex":0,"lastLogTerm":0,"candidateId":"n2"},"id":9}
DEBUG:root:sending {"dest": "n2", "src": "n2", "body": {"msg_id": 7, "in_reply_to": 3, "type": "RequestVoteRes", "term": 1, "res": true}}
DEBUG:root:received {"dest":"n2","src":"n3","body":{"msg_id":3,"type":"RequestVote","term":1,"prevLogIndex":0,"lastLogTerm":0,"candidateId":"n3"},"id":14}
DEBUG:root:received {"dest":"n2","src":"n5","body":{"msg_id":3,"type":"RequestVote","term":1,"prevLogIndex":0,"lastLogTerm":0,"candidateId":"n5"},"id":15}
DEBUG:root:sending {"dest": "n3", "src": "n2", "body": {"msg_id": 8, "in_reply_to": 3, "type": "RequestVoteRes", "term": 1, "res": false}}
DEBUG:root:sending {"dest": "n5", "src": "n2", "body": {"msg_id": 9, "in_reply_to": 3, "type": "RequestVoteRes", "term": 1, "res": false}}
DEBUG:root:received {"dest":"n2","src":"n4","body":{"msg_id":3,"type":"RequestVote","term":1,"prevLogIndex":0,"lastLogTerm":0,"candidateId":"n4"},"id":25}
DEBUG:root:received {"dest":"n2","src":"n2","body":{"msg_id":7,"in_reply_to":3,"type":"RequestVoteRes","term":1,"res":true},"id":26}
DEBUG:root:sending {"dest": "n4", "src": "n2", "body": {"msg_id": 10, "in_reply_to": 3, "type": "RequestVoteRes", "term": 1, "res": false}}
DEBUG:root:received {"dest":"n2","src":"n5","body":{"msg_id":7,"in_reply_to":6,"type":"RequestVoteRes","term":1,"res":true},"id":29}
DEBUG:root:received {"dest":"n2","src":"n4","body":{"msg_id":7,"in_reply_to":5,"type":"RequestVoteRes","term":1,"res":true},"id":36}
DEBUG:root:received {"dest":"n2","src":"n3","body":{"msg_id":7,"in_reply_to":4,"type":"RequestVoteRes","term":1,"res":true},"id":38}
DEBUG:root:received {"dest":"n2","src":"n1","body":{"msg_id":2,"type":"AppendEntries","term":0,"prevIndex":0,"prevTerm":0,"entries":[[["pass",null],0]],"commit":0},"id":45}
DEBUG:root:sending {"dest": "n1", "src": "n2", "body": {"msg_id": 11, "in_reply_to": 2, "type": "AppendEntriesRes", "res": false, "term": 1}}
DEBUG:root:received {"dest":"n2","src":"n1","body":{"msg_id":6,"in_reply_to":2,"type":"RequestVoteRes","term":1,"res":true},"id":50}
DEBUG:root:received {"dest":"n2","src":"n1","body":{"msg_id":11,"type":"AppendEntries","term":1,"prevIndex":-1,"prevTerm":0,"entries":[[["pass",null],0]],"commit":0},"id":59}
DEBUG:root:sending {"dest": "n1", "src": "n2", "body": {"msg_id": 12, "in_reply_to": 11, "type": "AppendEntriesRes", "res": true, "term": 1, "next": 1, "commit": 0}}
DEBUG:root:received {"dest":"n2","body":{"key":1,"value":2,"type":"write","msg_id":1},"src":"c10","id":66}
DEBUG:root:sending {"dest": "c10", "src": "n2", "body": {"msg_id": 13, "in_reply_to": 1, "type": "error", "code": 11, "text": "Not Leader"}}
DEBUG:root:sending {"dest": "n1", "src": "n2", "body": {"msg_id": 14, "type": "RequestVote", "term": 2, "prevLogIndex": 0, "lastLogTerm": 0, "candidateId": "n2"}}
DEBUG:root:sending {"dest": "n2", "src": "n2", "body": {"msg_id": 15, "type": "RequestVote", "term": 2, "prevLogIndex": 0, "lastLogTerm": 0, "candidateId": "n2"}}
DEBUG:root:sending {"dest": "n3", "src": "n2", "body": {"msg_id": 16, "type": "RequestVote", "term": 2, "prevLogIndex": 0, "lastLogTerm": 0, "candidateId": "n2"}}
DEBUG:root:sending {"dest": "n4", "src": "n2", "body": {"msg_id": 17, "type": "RequestVote", "term": 2, "prevLogIndex": 0, "lastLogTerm": 0, "candidateId": "n2"}}
DEBUG:root:sending {"dest": "n5", "src": "n2", "body": {"msg_id": 18, "type": "RequestVote", "term": 2, "prevLogIndex": 0, "lastLogTerm": 0, "candidateId": "n2"}}
DEBUG:root:received {"dest":"n2","src":"n2","body":{"msg_id":15,"type":"RequestVote","term":2,"prevLogIndex":0,"lastLogTerm":0,"candidateId":"n2"},"id":69}
DEBUG:root:sending {"dest": "n2", "src": "n2", "body": {"msg_id": 19, "in_reply_to": 15, "type": "RequestVoteRes", "term": 2, "res": true}}
DEBUG:root:received {"dest":"n2","src":"n5","body":{"msg_id":14,"type":"RequestVote","term":2,"prevLogIndex":0,"lastLogTerm":0,"candidateId":"n5"},"id":72}
DEBUG:root:sending {"dest": "n5", "src": "n2", "body": {"msg_id": 20, "in_reply_to": 14, "type": "RequestVoteRes", "term": 2, "res": false}}
DEBUG:root:received {"dest":"n2","src":"n2","body":{"msg_id":19,"in_reply_to":15,"type":"RequestVoteRes","term":2,"res":true},"id":78}
DEBUG:root:received {"dest":"n2","src":"n3","body":{"msg_id":13,"in_reply_to":16,"type":"RequestVoteRes","term":2,"res":true},"id":79}
DEBUG:root:received {"dest":"n2","src":"n1","body":{"msg_id":14,"in_reply_to":14,"type":"RequestVoteRes","term":2,"res":true},"id":80}
DEBUG:root:received {"dest":"n2","src":"n4","body":{"msg_id":13,"in_reply_to":17,"type":"RequestVoteRes","term":2,"res":true},"id":81}
DEBUG:root:received {"dest":"n2","src":"n5","body":{"msg_id":18,"in_reply_to":18,"type":"RequestVoteRes","term":2,"res":true},"id":83}
DEBUG:root:received {"dest":"n2","src":"n3","body":{"msg_id":16,"type":"RequestVote","term":3,"prevLogIndex":0,"lastLogTerm":0,"candidateId":"n3"},"id":89}
DEBUG:root:sending {"dest": "n3", "src": "n2", "body": {"msg_id": 21, "in_reply_to": 16, "type": "RequestVoteRes", "term": 2, "res": false}}
DEBUG:root:received {"dest":"n2","src":"n4","body":{"msg_id":17,"type":"RequestVote","term":3,"prevLogIndex":0,"lastLogTerm":0,"candidateId":"n4"},"id":99}
DEBUG:root:sending {"dest": "n4", "src": "n2", "body": {"msg_id": 22, "in_reply_to": 17, "type": "RequestVoteRes", "term": 2, "res": false}}
DEBUG:root:received {"dest":"n2","src":"n1","body":{"msg_id":19,"type":"RequestVote","term":3,"prevLogIndex":0,"lastLogTerm":0,"candidateId":"n1"},"id":109}
DEBUG:root:sending {"dest": "n1", "src": "n2", "body": {"msg_id": 23, "in_reply_to": 19, "type": "RequestVoteRes", "term": 2, "res": false}}
DEBUG:root:received {"dest":"n2","body":{"key":1,"from":2,"to":1,"type":"cas","msg_id":2},"src":"c10","id":118}
DEBUG:root:sending {"dest": "c10", "src": "n2", "body": {"msg_id": 24, "in_reply_to": 2, "type": "error", "code": 11, "text": "Not Leader"}}
DEBUG:root:sending {"dest": "n1", "src": "n2", "body": {"msg_id": 25, "type": "RequestVote", "term": 3, "prevLogIndex": 0, "lastLogTerm": 0, "candidateId": "n2"}}
DEBUG:root:sending {"dest": "n2", "src": "n2", "body": {"msg_id": 26, "type": "RequestVote", "term": 3, "prevLogIndex": 0, "lastLogTerm": 0, "candidateId": "n2"}}
DEBUG:root:sending {"dest": "n3", "src": "n2", "body": {"msg_id": 27, "type": "RequestVote", "term": 3, "prevLogIndex": 0, "lastLogTerm": 0, "candidateId": "n2"}}
DEBUG:root:sending {"dest": "n4", "src": "n2", "body": {"msg_id": 28, "type": "RequestVote", "term": 3, "prevLogIndex": 0, "lastLogTerm": 0, "candidateId": "n2"}}
DEBUG:root:sending {"dest": "n5", "src": "n2", "body": {"msg_id": 29, "type": "RequestVote", "term": 3, "prevLogIndex": 0, "lastLogTerm": 0, "candidateId": "n2"}}
DEBUG:root:received {"dest":"n2","src":"n2","body":{"msg_id":26,"type":"RequestVote","term":3,"prevLogIndex":0,"lastLogTerm":0,"candidateId":"n2"},"id":122}
DEBUG:root:received {"dest":"n2","src":"n4","body":{"msg_id":24,"type":"RequestVote","term":4,"prevLogIndex":0,"lastLogTerm":0,"candidateId":"n4"},"id":124}
DEBUG:root:sending {"dest": "n2", "src": "n2", "body": {"msg_id": 30, "in_reply_to": 26, "type": "RequestVoteRes", "term": 3, "res": true}}
DEBUG:root:sending {"dest": "n4", "src": "n2", "body": {"msg_id": 31, "in_reply_to": 24, "type": "RequestVoteRes", "term": 3, "res": false}}
DEBUG:root:received {"dest":"n2","src":"n3","body":{"msg_id":24,"type":"RequestVote","term":4,"prevLogIndex":0,"lastLogTerm":0,"candidateId":"n3"},"id":132}
DEBUG:root:received {"dest":"n2","src":"n2","body":{"msg_id":30,"in_reply_to":26,"type":"RequestVoteRes","term":3,"res":true},"id":137}
DEBUG:root:received {"dest":"n2","src":"n1","body":{"msg_id":25,"in_reply_to":25,"type":"RequestVoteRes","term":4,"res":false},"id":138}
DEBUG:root:received {"dest":"n2","src":"n5","body":{"msg_id":24,"in_reply_to":29,"type":"RequestVoteRes","term":3,"res":true},"id":139}
DEBUG:root:received {"dest":"n2","src":"n1","body":{"msg_id":26,"type":"RequestVote","term":4,"prevLogIndex":0,"lastLogTerm":0,"candidateId":"n1"},"id":140}
DEBUG:root:received {"dest":"n2","src":"n4","body":{"msg_id":28,"in_reply_to":28,"type":"RequestVoteRes","term":4,"res":false},"id":141}
DEBUG:root:received {"dest":"n2","src":"n3","body":{"msg_id":28,"in_reply_to":27,"type":"RequestVoteRes","term":4,"res":false},"id":143}
DEBUG:root:received {"dest":"n2","src":"n5","body":{"msg_id":25,"type":"RequestVote","term":3,"prevLogIndex":0,"lastLogTerm":0,"candidateId":"n5"},"id":148}
DEBUG:root:sending {"dest": "n3", "src": "n2", "body": {"msg_id": 32, "in_reply_to": 24, "type": "RequestVoteRes", "term": 3, "res": false}}
DEBUG:root:sending {"dest": "n1", "src": "n2", "body": {"msg_id": 33, "in_reply_to": 26, "type": "RequestVoteRes", "term": 3, "res": false}}
DEBUG:root:sending {"dest": "n5", "src": "n2", "body": {"msg_id": 34, "in_reply_to": 25, "type": "RequestVoteRes", "term": 3, "res": false}}
DEBUG:root:received {"dest":"n2","src":"n3","body":{"msg_id":32,"type":"RequestVote","term":5,"prevLogIndex":0,"lastLogTerm":0,"candidateId":"n3"},"id":165}
DEBUG:root:sending {"dest": "n3", "src": "n2", "body": {"msg_id": 35, "in_reply_to": 32, "type": "RequestVoteRes", "term": 3, "res": false}}
DEBUG:root:received {"dest":"n2","src":"n1","body":{"msg_id":35,"type":"RequestVote","term":5,"prevLogIndex":0,"lastLogTerm":0,"candidateId":"n1"},"id":179}
DEBUG:root:sending {"dest": "n1", "src": "n2", "body": {"msg_id": 36, "in_reply_to": 35, "type": "RequestVoteRes", "term": 3, "res": false}}
DEBUG:root:received {"dest":"n2","src":"n4","body":{"msg_id":35,"type":"RequestVote","term":5,"prevLogIndex":0,"lastLogTerm":0,"candidateId":"n4"},"id":185}
DEBUG:root:sending {"dest": "n4", "src": "n2", "body": {"msg_id": 37, "in_reply_to": 35, "type": "RequestVoteRes", "term": 3, "res": false}}
DEBUG:root:received {"dest":"n2","src":"n1","body":{"msg_id":42,"type":"AppendEntries","term":5,"prevIndex":0,"prevTerm":0,"entries":[[["pass",null],0]],"commit":0},"id":200}
ERROR:root:fatal exception in handler
Traceback (most recent call last):
  File "/home/peter/Documents/tf/lab3/ms.py", line 27, in exitOnError
    fn(*args)
  File "/home/peter/Documents/tf/lab3/raft.py", line 322, in handle
    leader_id=msg.body.src
AttributeError: 'types.SimpleNamespace' object has no attribute 'src'
