DEBUG:root:received {"dest":"n5","body":{"type":"init","node_id":"n5","node_ids":["n1","n2","n3","n4","n5"],"msg_id":1},"src":"c0","id":0}
INFO:root:node n5 initialized
DEBUG:root:sending {"dest": "c0", "src": "n5", "body": {"msg_id": 1, "in_reply_to": 1, "type": "init_ok"}}
DEBUG:root:sending {"dest": "n1", "src": "n5", "body": {"msg_id": 2, "type": "RequestVote", "term": 1, "prevLogIndex": 0, "lastLogTerm": 0, "candidateId": "n5"}}
DEBUG:root:sending {"dest": "n2", "src": "n5", "body": {"msg_id": 3, "type": "RequestVote", "term": 1, "prevLogIndex": 0, "lastLogTerm": 0, "candidateId": "n5"}}
DEBUG:root:sending {"dest": "n3", "src": "n5", "body": {"msg_id": 4, "type": "RequestVote", "term": 1, "prevLogIndex": 0, "lastLogTerm": 0, "candidateId": "n5"}}
DEBUG:root:sending {"dest": "n4", "src": "n5", "body": {"msg_id": 5, "type": "RequestVote", "term": 1, "prevLogIndex": 0, "lastLogTerm": 0, "candidateId": "n5"}}
DEBUG:root:sending {"dest": "n5", "src": "n5", "body": {"msg_id": 6, "type": "RequestVote", "term": 1, "prevLogIndex": 0, "lastLogTerm": 0, "candidateId": "n5"}}
DEBUG:root:received {"dest":"n5","src":"n2","body":{"msg_id":6,"type":"RequestVote","term":1,"prevLogIndex":0,"lastLogTerm":0,"candidateId":"n2"},"id":19}
DEBUG:root:received {"dest":"n5","src":"n3","body":{"msg_id":6,"type":"RequestVote","term":1,"prevLogIndex":0,"lastLogTerm":0,"candidateId":"n3"},"id":22}
DEBUG:root:sending {"dest": "n2", "src": "n5", "body": {"msg_id": 7, "in_reply_to": 6, "type": "RequestVoteRes", "term": 1, "res": true}}
DEBUG:root:sending {"dest": "n3", "src": "n5", "body": {"msg_id": 8, "in_reply_to": 6, "type": "RequestVoteRes", "term": 1, "res": false}}
DEBUG:root:received {"dest":"n5","src":"n5","body":{"msg_id":6,"type":"RequestVote","term":1,"prevLogIndex":0,"lastLogTerm":0,"candidateId":"n5"},"id":23}
DEBUG:root:sending {"dest": "n5", "src": "n5", "body": {"msg_id": 9, "in_reply_to": 6, "type": "RequestVoteRes", "term": 1, "res": false}}
DEBUG:root:received {"dest":"n5","src":"n2","body":{"msg_id":9,"in_reply_to":3,"type":"RequestVoteRes","term":1,"res":false},"id":28}
DEBUG:root:received {"dest":"n5","src":"n5","body":{"msg_id":9,"in_reply_to":6,"type":"RequestVoteRes","term":1,"res":false},"id":33}
DEBUG:root:received {"dest":"n5","src":"n4","body":{"msg_id":6,"type":"RequestVote","term":1,"prevLogIndex":0,"lastLogTerm":0,"candidateId":"n4"},"id":35}
DEBUG:root:sending {"dest": "n4", "src": "n5", "body": {"msg_id": 10, "in_reply_to": 6, "type": "RequestVoteRes", "term": 1, "res": false}}
DEBUG:root:received {"dest":"n5","src":"n3","body":{"msg_id":9,"in_reply_to":4,"type":"RequestVoteRes","term":1,"res":false},"id":40}
DEBUG:root:received {"dest":"n5","src":"n4","body":{"msg_id":9,"in_reply_to":5,"type":"RequestVoteRes","term":1,"res":false},"id":44}
DEBUG:root:received {"dest":"n5","src":"n1","body":{"msg_id":5,"type":"AppendEntries","term":0,"prevIndex":0,"prevTerm":0,"entries":[[["pass",null],0]],"commit":0},"id":49}
DEBUG:root:received {"dest":"n5","src":"n1","body":{"msg_id":8,"in_reply_to":2,"type":"RequestVoteRes","term":1,"res":false},"id":52}
DEBUG:root:sending {"dest": "n1", "src": "n5", "body": {"msg_id": 11, "in_reply_to": 5, "type": "AppendEntriesRes", "res": false, "term": 1}}
DEBUG:root:received {"dest":"n5","src":"n1","body":{"msg_id":13,"type":"AppendEntries","term":1,"prevIndex":-1,"prevTerm":0,"entries":[[["pass",null],0]],"commit":0},"id":62}
DEBUG:root:sending {"dest": "n1", "src": "n5", "body": {"msg_id": 12, "in_reply_to": 13, "type": "AppendEntriesRes", "res": true, "term": 1, "next": 1, "commit": 0}}
DEBUG:root:sending {"dest": "n1", "src": "n5", "body": {"msg_id": 13, "type": "RequestVote", "term": 2, "prevLogIndex": 0, "lastLogTerm": 0, "candidateId": "n5"}}
DEBUG:root:sending {"dest": "n2", "src": "n5", "body": {"msg_id": 14, "type": "RequestVote", "term": 2, "prevLogIndex": 0, "lastLogTerm": 0, "candidateId": "n5"}}
DEBUG:root:sending {"dest": "n3", "src": "n5", "body": {"msg_id": 15, "type": "RequestVote", "term": 2, "prevLogIndex": 0, "lastLogTerm": 0, "candidateId": "n5"}}
DEBUG:root:sending {"dest": "n4", "src": "n5", "body": {"msg_id": 16, "type": "RequestVote", "term": 2, "prevLogIndex": 0, "lastLogTerm": 0, "candidateId": "n5"}}
DEBUG:root:sending {"dest": "n5", "src": "n5", "body": {"msg_id": 17, "type": "RequestVote", "term": 2, "prevLogIndex": 0, "lastLogTerm": 0, "candidateId": "n5"}}
DEBUG:root:received {"dest":"n5","src":"n2","body":{"msg_id":18,"type":"RequestVote","term":2,"prevLogIndex":0,"lastLogTerm":0,"candidateId":"n2"},"id":75}
DEBUG:root:received {"dest":"n5","src":"n5","body":{"msg_id":17,"type":"RequestVote","term":2,"prevLogIndex":0,"lastLogTerm":0,"candidateId":"n5"},"id":77}
DEBUG:root:sending {"dest": "n2", "src": "n5", "body": {"msg_id": 18, "in_reply_to": 18, "type": "RequestVoteRes", "term": 2, "res": true}}
DEBUG:root:received {"dest":"n5","src":"n2","body":{"msg_id":20,"in_reply_to":14,"type":"RequestVoteRes","term":2,"res":false},"id":82}
DEBUG:root:sending {"dest": "n5", "src": "n5", "body": {"msg_id": 19, "in_reply_to": 17, "type": "RequestVoteRes", "term": 2, "res": false}}
DEBUG:root:received {"dest":"n5","src":"n4","body":{"msg_id":14,"in_reply_to":16,"type":"RequestVoteRes","term":2,"res":false},"id":84}
DEBUG:root:received {"dest":"n5","src":"n1","body":{"msg_id":15,"in_reply_to":13,"type":"RequestVoteRes","term":2,"res":false},"id":85}
DEBUG:root:received {"dest":"n5","src":"n5","body":{"msg_id":19,"in_reply_to":17,"type":"RequestVoteRes","term":2,"res":false},"id":86}
DEBUG:root:received {"dest":"n5","src":"n3","body":{"msg_id":14,"in_reply_to":15,"type":"RequestVoteRes","term":2,"res":false},"id":87}
DEBUG:root:received {"dest":"n5","src":"n3","body":{"msg_id":19,"type":"RequestVote","term":3,"prevLogIndex":0,"lastLogTerm":0,"candidateId":"n3"},"id":92}
DEBUG:root:sending {"dest": "n3", "src": "n5", "body": {"msg_id": 20, "in_reply_to": 19, "type": "RequestVoteRes", "term": 2, "res": false}}
DEBUG:root:received {"dest":"n5","src":"n4","body":{"msg_id":20,"type":"RequestVote","term":3,"prevLogIndex":0,"lastLogTerm":0,"candidateId":"n4"},"id":104}
DEBUG:root:sending {"dest": "n4", "src": "n5", "body": {"msg_id": 21, "in_reply_to": 20, "type": "RequestVoteRes", "term": 2, "res": false}}
DEBUG:root:received {"dest":"n5","src":"n1","body":{"msg_id":22,"type":"RequestVote","term":3,"prevLogIndex":0,"lastLogTerm":0,"candidateId":"n1"},"id":112}
DEBUG:root:sending {"dest": "n1", "src": "n5", "body": {"msg_id": 22, "in_reply_to": 22, "type": "RequestVoteRes", "term": 2, "res": false}}
DEBUG:root:received {"dest":"n5","src":"n2","body":{"msg_id":29,"type":"RequestVote","term":3,"prevLogIndex":0,"lastLogTerm":0,"candidateId":"n2"},"id":129}
DEBUG:root:received {"dest":"n5","src":"n4","body":{"msg_id":27,"type":"RequestVote","term":4,"prevLogIndex":0,"lastLogTerm":0,"candidateId":"n4"},"id":130}
DEBUG:root:sending {"dest": "n1", "src": "n5", "body": {"msg_id": 23, "type": "RequestVote", "term": 3, "prevLogIndex": 0, "lastLogTerm": 0, "candidateId": "n5"}}
DEBUG:root:sending {"dest": "n2", "src": "n5", "body": {"msg_id": 24, "in_reply_to": 29, "type": "RequestVoteRes", "term": 3, "res": true}}
DEBUG:root:sending {"dest": "n2", "src": "n5", "body": {"msg_id": 25, "type": "RequestVote", "term": 3, "prevLogIndex": 0, "lastLogTerm": 0, "candidateId": "n5"}}
DEBUG:root:received {"dest":"n5","src":"n3","body":{"msg_id":27,"type":"RequestVote","term":4,"prevLogIndex":0,"lastLogTerm":0,"candidateId":"n3"},"id":136}
DEBUG:root:sending {"dest": "n4", "src": "n5", "body": {"msg_id": 26, "in_reply_to": 27, "type": "RequestVoteRes", "term": 3, "res": false}}
DEBUG:root:sending {"dest": "n3", "src": "n5", "body": {"msg_id": 27, "type": "RequestVote", "term": 3, "prevLogIndex": 0, "lastLogTerm": 0, "candidateId": "n5"}}
DEBUG:root:sending {"dest": "n3", "src": "n5", "body": {"msg_id": 28, "in_reply_to": 27, "type": "RequestVoteRes", "term": 3, "res": false}}
DEBUG:root:received {"dest":"n5","src":"n1","body":{"msg_id":30,"type":"RequestVote","term":4,"prevLogIndex":0,"lastLogTerm":0,"candidateId":"n1"},"id":149}
DEBUG:root:sending {"dest": "n4", "src": "n5", "body": {"msg_id": 29, "type": "RequestVote", "term": 3, "prevLogIndex": 0, "lastLogTerm": 0, "candidateId": "n5"}}
DEBUG:root:sending {"dest": "n1", "src": "n5", "body": {"msg_id": 30, "in_reply_to": 30, "type": "RequestVoteRes", "term": 3, "res": false}}
DEBUG:root:sending {"dest": "n5", "src": "n5", "body": {"msg_id": 31, "type": "RequestVote", "term": 3, "prevLogIndex": 0, "lastLogTerm": 0, "candidateId": "n5"}}
DEBUG:root:received {"dest":"n5","src":"n1","body":{"msg_id":33,"in_reply_to":23,"type":"RequestVoteRes","term":4,"res":false},"id":158}
DEBUG:root:received {"dest":"n5","src":"n2","body":{"msg_id":34,"in_reply_to":25,"type":"RequestVoteRes","term":3,"res":false},"id":163}
DEBUG:root:received {"dest":"n5","src":"n5","body":{"msg_id":31,"type":"RequestVote","term":3,"prevLogIndex":0,"lastLogTerm":0,"candidateId":"n5"},"id":168}
DEBUG:root:received {"dest":"n5","src":"n3","body":{"msg_id":35,"type":"RequestVote","term":5,"prevLogIndex":0,"lastLogTerm":0,"candidateId":"n3"},"id":170}
DEBUG:root:received {"dest":"n5","src":"n4","body":{"msg_id":32,"in_reply_to":29,"type":"RequestVoteRes","term":4,"res":false},"id":171}
DEBUG:root:sending {"dest": "n5", "src": "n5", "body": {"msg_id": 32, "in_reply_to": 31, "type": "RequestVoteRes", "term": 3, "res": false}}
DEBUG:root:sending {"dest": "n3", "src": "n5", "body": {"msg_id": 33, "in_reply_to": 35, "type": "RequestVoteRes", "term": 3, "res": false}}
DEBUG:root:received {"dest":"n5","src":"n3","body":{"msg_id":37,"in_reply_to":27,"type":"RequestVoteRes","term":5,"res":false},"id":175}
DEBUG:root:received {"dest":"n5","src":"n5","body":{"msg_id":32,"in_reply_to":31,"type":"RequestVoteRes","term":3,"res":false},"id":177}
DEBUG:root:received {"dest":"n5","src":"n1","body":{"msg_id":38,"type":"RequestVote","term":5,"prevLogIndex":0,"lastLogTerm":0,"candidateId":"n1"},"id":183}
DEBUG:root:sending {"dest": "n1", "src": "n5", "body": {"msg_id": 34, "in_reply_to": 38, "type": "RequestVoteRes", "term": 3, "res": false}}
DEBUG:root:received {"dest":"n5","src":"n4","body":{"msg_id":38,"type":"RequestVote","term":5,"prevLogIndex":0,"lastLogTerm":0,"candidateId":"n4"},"id":189}
DEBUG:root:sending {"dest": "n4", "src": "n5", "body": {"msg_id": 35, "in_reply_to": 38, "type": "RequestVoteRes", "term": 3, "res": false}}
DEBUG:root:received {"dest":"n5","src":"n1","body":{"msg_id":45,"type":"AppendEntries","term":5,"prevIndex":0,"prevTerm":0,"entries":[[["pass",null],0]],"commit":0},"id":203}
ERROR:root:fatal exception in handler
Traceback (most recent call last):
  File "/home/peter/Documents/tf/lab3/ms.py", line 27, in exitOnError
    fn(*args)
  File "/home/peter/Documents/tf/lab3/raft.py", line 322, in handle
    leader_id=msg.body.src
AttributeError: 'types.SimpleNamespace' object has no attribute 'src'
