DEBUG:root:received {"dest":"n3","body":{"type":"init","node_id":"n3","node_ids":["n1","n2","n3","n4","n5"],"msg_id":1},"src":"c3","id":3}
INFO:root:node n3 initialized
DEBUG:root:sending {"dest": "c3", "src": "n3", "body": {"msg_id": 1, "in_reply_to": 1, "type": "init_ok"}}
DEBUG:root:sending {"dest": "n1", "src": "n3", "body": {"msg_id": 2, "type": "RequestVote", "term": 1, "prevLogIndex": 2, "lastLogTerm": 0, "candidateId": "n3"}}
DEBUG:root:sending {"dest": "n2", "src": "n3", "body": {"msg_id": 3, "type": "RequestVote", "term": 1, "prevLogIndex": 2, "lastLogTerm": 0, "candidateId": "n3"}}
DEBUG:root:sending {"dest": "n3", "src": "n3", "body": {"msg_id": 4, "type": "RequestVote", "term": 1, "prevLogIndex": 2, "lastLogTerm": 0, "candidateId": "n3"}}
DEBUG:root:sending {"dest": "n4", "src": "n3", "body": {"msg_id": 5, "type": "RequestVote", "term": 1, "prevLogIndex": 2, "lastLogTerm": 0, "candidateId": "n3"}}
DEBUG:root:sending {"dest": "n5", "src": "n3", "body": {"msg_id": 6, "type": "RequestVote", "term": 1, "prevLogIndex": 2, "lastLogTerm": 0, "candidateId": "n3"}}
/home/peter/Documents/tf/lab3/raft.py:137: DeprecationWarning: non-integer arguments to randrange() have been deprecated since Python 3.10 and will be removed in a subsequent version
  sec = random.randrange(min_time,max_time)
DEBUG:root:received {"dest":"n3","src":"n3","body":{"msg_id":4,"type":"RequestVote","term":1,"prevLogIndex":2,"lastLogTerm":0,"candidateId":"n3"},"id":12}
DEBUG:root:received {"dest":"n3","src":"n4","body":{"msg_id":4,"type":"RequestVote","term":1,"prevLogIndex":2,"lastLogTerm":0,"candidateId":"n4"},"id":15}
DEBUG:root:received {"dest":"n3","src":"n5","body":{"msg_id":4,"type":"RequestVote","term":1,"prevLogIndex":2,"lastLogTerm":0,"candidateId":"n5"},"id":16}
ERROR:root:fatal exception in handler
Traceback (most recent call last):
  File "/home/peter/Documents/tf/lab3/ms.py", line 27, in exitOnError
    fn(*args)
  File "/home/peter/Documents/tf/lab3/raft.py", line 328, in handle
    if ( votedFor != None or votedFor==msg.body.src ) and msg.body.lastLofIndex==len(log) and msg.body.lastLogTerm == log[-1][1]:
AttributeError: 'types.SimpleNamespace' object has no attribute 'src'
