2022-05-04 14:57:08,432{GMT}	INFO	[jepsen test runner] jepsen.core: Test version 99e6fb2a3505fae4b1987d97b445a48b7ad1f664 (plus uncommitted changes)
2022-05-04 14:57:08,433{GMT}	INFO	[jepsen test runner] jepsen.core: Command line:
lein run test --bin raft.py --workload lin-kv --time-limit 2 --concurrency 4n
2022-05-04 14:57:08,709{GMT}	INFO	[jepsen test runner] jepsen.core: Running test:
{:remote #jepsen.control.SSHRemote{:session nil}
 :log-net-send false
 :node-count nil
 :max-txn-length 4
 :concurrency 20
 :db
 #object[maelstrom.db$db$reify__16747
         "0xcf0e8b4"
         "maelstrom.db$db$reify__16747@cf0e8b4"]
 :max-writes-per-key 16
 :leave-db-running? false
 :name "lin-kv"
 :logging-json? false
 :net-journal #object[clojure.lang.Atom "0x51a7ee4e" {:status :ready, :val []}]
 :start-time
 #object[org.joda.time.DateTime "0x424c8ebe" "2022-05-04T14:57:08.000+01:00"]
 :nemesis-interval 10
 :net
 #object[maelstrom.net$jepsen_adapter$reify__15560
         "0x7aafac17"
         "maelstrom.net$jepsen_adapter$reify__15560@7aafac17"]
 :client
 #object[maelstrom.workload.lin_kv$client$reify__17524
         "0x3054551f"
         "maelstrom.workload.lin_kv$client$reify__17524@3054551f"]
 :barrier
 #object[java.util.concurrent.CyclicBarrier
         "0x6b8cfbeb"
         "java.util.concurrent.CyclicBarrier@6b8cfbeb"]
 :log-stderr false
 :pure-generators true
 :ssh {:dummy? true}
 :rate 5
 :checker
 #object[jepsen.checker$compose$reify__8612
         "0x4603845b"
         "jepsen.checker$compose$reify__8612@4603845b"]
 :argv
 ("test"
  "--bin"
  "raft.py"
  "--workload"
  "lin-kv"
  "--time-limit"
  "2"
  "--concurrency"
  "4n")
 :nemesis
 (jepsen.nemesis.ReflCompose
  {:fm {:start-partition 0,
        :stop-partition 0,
        :kill 1,
        :start 1,
        :pause 1,
        :resume 1},
   :nemeses [#unprintable "jepsen.nemesis.combined$partition_nemesis$reify__17019@414b5798"
             #unprintable "jepsen.nemesis.combined$db_nemesis$reify__17000@53251e03"]})
 :active-histories
 #object[clojure.lang.Atom "0x5ffae42f" {:status :ready, :val #{}}]
 :nodes ["n1" "n2" "n3" "n4" "n5"]
 :test-count 1
 :latency {:mean 0, :dist :constant}
 :bin "raft.py"
 :generator
 (jepsen.generator.TimeLimit
  {:limit 2000000000,
   :cutoff nil,
   :gen (jepsen.generator.Any
         {:gens [(jepsen.generator.OnThreads {:f #{:nemesis}, :gen nil})
                 (jepsen.generator.OnThreads
                  {:f #object[clojure.core$complement$fn__5654
                              "0x3eff5c32"
                              "clojure.core$complement$fn__5654@3eff5c32"],
                   :gen (jepsen.generator.Stagger
                         {:dt 400000000,
                          :next-time nil,
                          :gen (jepsen.generator.OnThreads
                                {:f #object[clojure.core$complement$fn__5654
                                            "0x79d538c1"
                                            "clojure.core$complement$fn__5654@79d538c1"],
                                 :gen (jepsen.independent.ConcurrentGenerator
                                       {:n 10,
                                        :fgen #object[jepsen.tests.linearizable_register$test$fn__17324
                                                      "0x31e08c61"
                                                      "jepsen.tests.linearizable_register$test$fn__17324@31e08c61"],
                                        :group->threads nil,
                                        :thread->group nil,
                                        :keys (0 1 2 3 4 5 6 7 ...),
                                        :gens nil})})})})]})})
 :log-net-recv false
 :os
 #object[jepsen.os$reify__2490 "0x2db15764" "jepsen.os$reify__2490@2db15764"]
 :time-limit 2
 :workload :lin-kv
 :consistency-models [:strict-serializable]
 :topology :grid}

2022-05-04 14:57:08,735{GMT}	INFO	[jepsen test runner] jepsen.db: Tearing down DB
2022-05-04 14:57:08,743{GMT}	INFO	[jepsen test runner] jepsen.db: Setting up DB
2022-05-04 14:57:08,747{GMT}	INFO	[jepsen node n2] maelstrom.db: Setting up n2
2022-05-04 14:57:08,747{GMT}	INFO	[jepsen node n4] maelstrom.db: Setting up n4
2022-05-04 14:57:08,748{GMT}	INFO	[jepsen node n5] maelstrom.db: Setting up n5
2022-05-04 14:57:08,750{GMT}	INFO	[jepsen node n2] maelstrom.process: launching raft.py nil
2022-05-04 14:57:08,747{GMT}	INFO	[jepsen node n3] maelstrom.db: Setting up n3
2022-05-04 14:57:08,750{GMT}	INFO	[jepsen node n4] maelstrom.process: launching raft.py nil
2022-05-04 14:57:08,750{GMT}	INFO	[jepsen node n5] maelstrom.process: launching raft.py nil
2022-05-04 14:57:08,752{GMT}	INFO	[jepsen node n3] maelstrom.process: launching raft.py nil
2022-05-04 14:57:08,758{GMT}	INFO	[jepsen node n1] maelstrom.service: Starting services: (lin-kv lin-tso lww-kv seq-kv)
2022-05-04 14:57:08,768{GMT}	INFO	[jepsen node n1] maelstrom.db: Setting up n1
2022-05-04 14:57:08,769{GMT}	INFO	[jepsen node n1] maelstrom.process: launching raft.py nil
2022-05-04 14:57:09,006{GMT}	INFO	[jepsen test runner] jepsen.core: Relative time begins now
2022-05-04 14:57:09,106{GMT}	INFO	[jepsen worker 14] jepsen.util: 14	:invoke	:cas	[1 [4 1]]
2022-05-04 14:57:09,141{GMT}	INFO	[jepsen worker 14] jepsen.util: 14	:info	:cas	[1 [4 1]]	[:unknown "Not Leader"]
2022-05-04 14:57:09,350{GMT}	INFO	[jepsen worker 18] jepsen.util: 18	:invoke	:cas	[1 [0 2]]
2022-05-04 14:57:09,492{GMT}	INFO	[jepsen worker 17] jepsen.util: 17	:invoke	:cas	[1 [3 1]]
2022-05-04 14:57:09,834{GMT}	INFO	[jepsen worker 13] jepsen.util: 13	:invoke	:write	[1 2]
2022-05-04 14:57:10,196{GMT}	INFO	[jepsen worker 9] jepsen.util: 9	:invoke	:cas	[0 [4 4]]
2022-05-04 14:57:10,352{GMT}	INFO	[jepsen worker 18] jepsen.util: 18	:info	:cas	[1 [0 2]]	:net-timeout
2022-05-04 14:57:10,356{GMT}	INFO	[jepsen worker 0] jepsen.util: 0	:invoke	:read	[0 nil]
2022-05-04 14:57:10,374{GMT}	INFO	[jepsen worker 0] jepsen.util: 0	:fail	:read	[0 nil]	[:unknown "Invalid Key"]
2022-05-04 14:57:10,494{GMT}	INFO	[jepsen worker 17] jepsen.util: 17	:info	:cas	[1 [3 1]]	:net-timeout
2022-05-04 14:57:10,518{GMT}	INFO	[jepsen worker 3] jepsen.util: 3	:invoke	:read	[0 nil]
2022-05-04 14:57:10,524{GMT}	INFO	[jepsen worker 3] jepsen.util: 3	:fail	:read	[0 nil]	[:unknown "Invalid Key"]
2022-05-04 14:57:10,544{GMT}	INFO	[jepsen worker 7] jepsen.util: 7	:invoke	:cas	[0 [1 4]]
2022-05-04 14:57:10,797{GMT}	INFO	[jepsen worker 3] jepsen.util: 3	:invoke	:read	[0 nil]
2022-05-04 14:57:10,803{GMT}	INFO	[jepsen worker 3] jepsen.util: 3	:fail	:read	[0 nil]	[:unknown "Invalid Key"]
2022-05-04 14:57:10,836{GMT}	INFO	[jepsen worker 13] jepsen.util: 13	:info	:write	[1 2]	:net-timeout
2022-05-04 14:57:10,975{GMT}	INFO	[jepsen worker 5] jepsen.util: 5	:invoke	:write	[0 0]
2022-05-04 14:57:11,198{GMT}	INFO	[jepsen worker 9] jepsen.util: 9	:info	:cas	[0 [4 4]]	:net-timeout
2022-05-04 14:57:11,545{GMT}	INFO	[jepsen worker 7] jepsen.util: 7	:info	:cas	[0 [1 4]]	:net-timeout
2022-05-04 14:57:11,976{GMT}	INFO	[jepsen worker 5] jepsen.util: 5	:info	:write	[0 0]	:net-timeout
2022-05-04 14:57:12,004{GMT}	INFO	[jepsen node n1] maelstrom.db: Tearing down n1
2022-05-04 14:57:12,005{GMT}	INFO	[jepsen node n2] maelstrom.db: Tearing down n2
2022-05-04 14:57:12,006{GMT}	INFO	[jepsen node n3] maelstrom.db: Tearing down n3
2022-05-04 14:57:12,008{GMT}	INFO	[jepsen node n4] maelstrom.db: Tearing down n4
2022-05-04 14:57:12,010{GMT}	INFO	[jepsen node n5] maelstrom.db: Tearing down n5
2022-05-04 14:57:12,990{GMT}	WARN	[main] jepsen.core: Test crashed!
clojure.lang.ExceptionInfo: Node n5 crashed with exit status 1. Before crashing, it wrote to STDOUT:

{"dest": "n3", "src": "n5", "body": {"msg_id": 15, "in_reply_to": 18, "type": "AppendEntriesRes", "res": true, "term": 2, "next": 2, "commit": 0}}
{"dest": "c10", "src": "n5", "body": {"msg_id": 16, "in_reply_to": 1, "type": "error", "code": 11, "text": "Not Leader"}}
{"dest": "n1", "src": "n5", "body": {"msg_id": 17, "in_reply_to": 20, "type": "RequestVoteRes", "term": 2, "res": false}}
{"dest": "n2", "src": "n5", "body": {"msg_id": 18, "in_reply_to": 25, "type": "AppendEntriesRes", "res": true, "term": 2, "next": 2, "commit": 0}}
{"dest": "n2", "src": "n5", "body": {"msg_id": 19, "in_reply_to": 30, "type": "AppendEntriesRes", "res": true, "term": 2, "next": 2, "commit": 0}}
{"dest": "n4", "src": "n5", "body": {"msg_id": 20, "in_reply_to": 23, "type": "RequestVoteRes", "term": 2, "res": false}}
{"dest": "n3", "src": "n5", "body": {"msg_id": 21, "in_reply_to": 25, "type": "AppendEntriesRes", "res": true, "term": 2, "next": 2, "commit": 0}}
{"dest": "n2", "src": "n5", "body": {"msg_id": 22, "in_reply_to": 35, "type": "RequestVoteRes", "term": 2, "res": false}}
{"dest": "n2", "src": "n5", "body": {"msg_id": 23, "in_reply_to": 42, "type": "AppendEntriesRes", "res": true, "term": 3, "next": 2, "commit": 0}}
{"dest": "n2", "src": "n5", "body": {"msg_id": 24, "in_reply_to": 47, "type": "AppendEntriesRes", "res": true, "term": 3, "next": 2, "commit": 0}}
{"dest": "n2", "src": "n5", "body": {"msg_id": 25, "in_reply_to": 51, "type": "AppendEntriesRes", "res": true, "term": 3, "next": 2, "commit": 0}}
{"dest": "n4", "src": "n5", "body": {"msg_id": 26, "in_reply_to": 35, "type": "RequestVoteRes", "term": 4, "res": true}}
{"dest": "n3", "src": "n5", "body": {"msg_id": 27, "in_reply_to": 38, "type": "RequestVoteRes", "term": 4, "res": false}}
{"dest": "n2", "src": "n5", "body": {"msg_id": 28, "in_reply_to": 58, "type": "AppendEntriesRes", "res": true, "term": 4, "next": 2, "commit": 0}}
{"dest": "n2", "src": "n5", "body": {"msg_id": 29, "in_reply_to": 63, "type": "AppendEntriesRes", "res": true, "term": 4, "next": 2, "commit": 0}}
{"dest": "n2", "src": "n5", "body": {"msg_id": 30, "in_reply_to": 68, "type": "RequestVoteRes", "term": 4, "res": false}}
{"dest": "n1", "src": "n5", "body": {"msg_id": 31, "type": "RequestVote", "term": 5, "prevLogIndex": 1, "lastLogTerm": 0, "candidateId": "n5"}}
{"dest": "n2", "src": "n5", "body": {"msg_id": 32, "type": "RequestVote", "term": 5, "prevLogIndex": 1, "lastLogTerm": 0, "candidateId": "n5"}}
{"dest": "n3", "src": "n5", "body": {"msg_id": 33, "type": "RequestVote", "term": 5, "prevLogIndex": 1, "lastLogTerm": 0, "candidateId": "n5"}}
{"dest": "n4", "src": "n5", "body": {"msg_id": 34, "type": "RequestVote", "term": 5, "prevLogIndex": 1, "lastLogTerm": 0, "candidateId": "n5"}}
{"dest": "n5", "src": "n5", "body": {"msg_id": 35, "type": "RequestVote", "term": 5, "prevLogIndex": 1, "lastLogTerm": 0, "candidateId": "n5"}}
{"dest": "n5", "src": "n5", "body": {"msg_id": 36, "in_reply_to": 35, "type": "RequestVoteRes", "term": 5, "res": true}}
{"dest": "n1", "src": "n5", "body": {"msg_id": 37, "in_reply_to": 33, "type": "RequestVoteRes", "term": 5, "res": false}}
{"dest": "n2", "src": "n5", "body": {"msg_id": 38, "in_reply_to": 73, "type": "AppendEntriesRes", "res": true, "term": 5, "next": 2, "commit": 0}}
{"dest": "n1", "src": "n5", "body": {"msg_id": 39, "type": "RequestVote", "term": 6, "prevLogIndex": 1, "lastLogTerm": 0, "candidateId": "n5"}}
{"dest": "n2", "src": "n5", "body": {"msg_id": 40, "type": "RequestVote", "term": 6, "prevLogIndex": 1, "lastLogTerm": 0, "candidateId": "n5"}}
{"dest": "n3", "src": "n5", "body": {"msg_id": 41, "type": "RequestVote", "term": 6, "prevLogIndex": 1, "lastLogTerm": 0, "candidateId": "n5"}}
{"dest": "n4", "src": "n5", "body": {"msg_id": 42, "type": "RequestVote", "term": 6, "prevLogIndex": 1, "lastLogTerm": 0, "candidateId": "n5"}}
{"dest": "n5", "src": "n5", "body": {"msg_id": 43, "type": "RequestVote", "term": 6, "prevLogIndex": 1, "lastLogTerm": 0, "candidateId": "n5"}}
{"dest": "n5", "src": "n5", "body": {"msg_id": 44, "in_reply_to": 43, "type": "RequestVoteRes", "term": 6, "res": true}}
{"dest": "n2", "src": "n5", "body": {"msg_id": 45, "in_reply_to": 80, "type": "RequestVoteRes", "term": 6, "res": false}}
{"dest": "n4", "src": "n5", "body": {"msg_id": 46, "in_reply_to": 55, "type": "AppendEntriesRes", "res": false, "term": 6}}

And to STDERR:

n2
kvsotr
{}
cur term
6
log 
[(('pass', None), 0), [['pass', None], 0]]
commit indez e last applied
0
0
candidate, votes, voted for
True
2
n5
timeout dict
{'n1': 1651672629430488567, 'n2': 1651672629432084805, 'n3': 1651672629436073940, 'n4': 1651672629443831563, 'n5': 1651672629433576502}
curr time
1651672629444045898

INFO:root:resposta
False
majority
3

DEBUG:root:received {"dest":"n5","src":"n4","body":{"msg_id":60,"type":"AppendEntries","term":6,"prevIndex":1,"prevTerm":0,"entries":[[["pass",null],0],[["cas",[1,[0,2]]],4]],"commit":0},"id":283}
ERROR:root:fatal exception in handler
Traceback (most recent call last):
  File "/home/peter/Documents/tf/lab3/ms.py", line 27, in exitOnError
    fn(*args)
  File "/home/peter/Documents/tf/lab3/raft.py", line 354, in handle
    if len(log)-1<=msg.body.prevIndex+i and log[msg.body.prevIndex+i][1]!=msg.body.entries[i-1][1]:
IndexError: list index out of range

Full STDERR logs are available in /home/peter/Documents/tf/lab3/store/lin-kv/20220504T145708.000+0100/node-logs/n5.log
	at slingshot.support$stack_trace.invoke(support.clj:201)
	at maelstrom.process$stop_node_BANG_.invokeStatic(process.clj:239)
	at maelstrom.process$stop_node_BANG_.invoke(process.clj:217)
	at maelstrom.db$db$reify__16747.teardown_BANG_(db.clj:75)
	at jepsen.db$fn__3285$G__3281__3289.invoke(db.clj:11)
	at jepsen.db$fn__3285$G__3280__3294.invoke(db.clj:11)
	at clojure.core$partial$fn__5824.invoke(core.clj:2625)
	at jepsen.control$on_nodes$fn__3165.invoke(control.clj:452)
	at clojure.lang.AFn.applyToHelper(AFn.java:154)
	at clojure.lang.AFn.applyTo(AFn.java:144)
	at clojure.core$apply.invokeStatic(core.clj:665)
	at clojure.core$with_bindings_STAR_.invokeStatic(core.clj:1973)
	at clojure.core$with_bindings_STAR_.doInvoke(core.clj:1973)
	at clojure.lang.RestFn.applyTo(RestFn.java:142)
	at clojure.core$apply.invokeStatic(core.clj:669)
	at clojure.core$bound_fn_STAR_$fn__5734.doInvoke(core.clj:2003)
	at clojure.lang.RestFn.invoke(RestFn.java:408)
	at dom_top.core$real_pmap_helper$build_thread__213$fn__214.invoke(core.clj:146)
	at clojure.lang.AFn.applyToHelper(AFn.java:152)
	at clojure.lang.AFn.applyTo(AFn.java:144)
	at clojure.core$apply.invokeStatic(core.clj:665)
	at clojure.core$with_bindings_STAR_.invokeStatic(core.clj:1973)
	at clojure.core$with_bindings_STAR_.doInvoke(core.clj:1973)
	at clojure.lang.RestFn.invoke(RestFn.java:425)
	at clojure.lang.AFn.applyToHelper(AFn.java:156)
	at clojure.lang.RestFn.applyTo(RestFn.java:132)
	at clojure.core$apply.invokeStatic(core.clj:669)
	at clojure.core$bound_fn_STAR_$fn__5734.doInvoke(core.clj:2003)
	at clojure.lang.RestFn.invoke(RestFn.java:397)
	at clojure.lang.AFn.run(AFn.java:22)
	at java.base/java.lang.Thread.run(Thread.java:833)
