2022-05-01 19:04:56,876{GMT}	INFO	[jepsen test runner] jepsen.core: Test version 9d8335254928801a78e4e56f8c438d06a68b66d5 (plus uncommitted changes)
2022-05-01 19:04:56,876{GMT}	INFO	[jepsen test runner] jepsen.core: Command line:
lein run test --workload lin-kv --bin raft.py --time-limit 3 --concurrency 4n
2022-05-01 19:04:56,935{GMT}	INFO	[jepsen test runner] jepsen.core: Running test:
{:remote #jepsen.control.SSHRemote{:session nil}
 :log-net-send false
 :node-count nil
 :max-txn-length 4
 :concurrency 20
 :db
 #object[maelstrom.db$db$reify__16747
         "0x3a5812dc"
         "maelstrom.db$db$reify__16747@3a5812dc"]
 :max-writes-per-key 16
 :leave-db-running? false
 :name "lin-kv"
 :logging-json? false
 :net-journal #object[clojure.lang.Atom "0x1b9075c9" {:status :ready, :val []}]
 :start-time
 #object[org.joda.time.DateTime "0x75be6796" "2022-05-01T19:04:56.000+01:00"]
 :nemesis-interval 10
 :net
 #object[maelstrom.net$jepsen_adapter$reify__15560
         "0xce24a98"
         "maelstrom.net$jepsen_adapter$reify__15560@ce24a98"]
 :client
 #object[maelstrom.workload.lin_kv$client$reify__17524
         "0x496101d1"
         "maelstrom.workload.lin_kv$client$reify__17524@496101d1"]
 :barrier
 #object[java.util.concurrent.CyclicBarrier
         "0x19858f26"
         "java.util.concurrent.CyclicBarrier@19858f26"]
 :log-stderr false
 :pure-generators true
 :ssh {:dummy? true}
 :rate 5
 :checker
 #object[jepsen.checker$compose$reify__8612
         "0x4c14ed24"
         "jepsen.checker$compose$reify__8612@4c14ed24"]
 :argv
 ("test"
  "--workload"
  "lin-kv"
  "--bin"
  "raft.py"
  "--time-limit"
  "3"
  "--concurrency"
  "4n")
 :nemesis
 (jepsen.nemesis.ReflCompose
  {:fm {:start-partition 0,
        :stop-partition 0,
        :kill 1,
        :start 1,
        :pause 1,
        :resume 1},
   :nemeses [#unprintable "jepsen.nemesis.combined$partition_nemesis$reify__17019@523cc8b4"
             #unprintable "jepsen.nemesis.combined$db_nemesis$reify__17000@139224ab"]})
 :active-histories
 #object[clojure.lang.Atom "0x26db7540" {:status :ready, :val #{}}]
 :nodes ["n1" "n2" "n3" "n4" "n5"]
 :test-count 1
 :latency {:mean 0, :dist :constant}
 :bin "raft.py"
 :generator
 (jepsen.generator.TimeLimit
  {:limit 3000000000,
   :cutoff nil,
   :gen (jepsen.generator.Any
         {:gens [(jepsen.generator.OnThreads {:f #{:nemesis}, :gen nil})
                 (jepsen.generator.OnThreads
                  {:f #object[clojure.core$complement$fn__5654
                              "0x1bc6a43c"
                              "clojure.core$complement$fn__5654@1bc6a43c"],
                   :gen (jepsen.generator.Stagger
                         {:dt 400000000,
                          :next-time nil,
                          :gen (jepsen.generator.OnThreads
                                {:f #object[clojure.core$complement$fn__5654
                                            "0x5f3fa154"
                                            "clojure.core$complement$fn__5654@5f3fa154"],
                                 :gen (jepsen.independent.ConcurrentGenerator
                                       {:n 10,
                                        :fgen #object[jepsen.tests.linearizable_register$test$fn__17324
                                                      "0x6193340e"
                                                      "jepsen.tests.linearizable_register$test$fn__17324@6193340e"],
                                        :group->threads nil,
                                        :thread->group nil,
                                        :keys (0 1 2 3 4 5 6 7 ...),
                                        :gens nil})})})})]})})
 :log-net-recv false
 :os
 #object[jepsen.os$reify__2490 "0x158774d3" "jepsen.os$reify__2490@158774d3"]
 :time-limit 3
 :workload :lin-kv
 :consistency-models [:strict-serializable]
 :topology :grid}

2022-05-01 19:04:56,945{GMT}	INFO	[jepsen test runner] jepsen.db: Tearing down DB
2022-05-01 19:04:56,947{GMT}	INFO	[jepsen test runner] jepsen.db: Setting up DB
2022-05-01 19:04:56,948{GMT}	INFO	[jepsen node n2] maelstrom.db: Setting up n2
2022-05-01 19:04:56,951{GMT}	INFO	[jepsen node n2] maelstrom.process: launching raft.py nil
2022-05-01 19:04:56,950{GMT}	INFO	[jepsen node n5] maelstrom.db: Setting up n5
2022-05-01 19:04:56,950{GMT}	INFO	[jepsen node n3] maelstrom.db: Setting up n3
2022-05-01 19:04:56,950{GMT}	INFO	[jepsen node n4] maelstrom.db: Setting up n4
2022-05-01 19:04:56,952{GMT}	INFO	[jepsen node n3] maelstrom.process: launching raft.py nil
2022-05-01 19:04:56,953{GMT}	INFO	[jepsen node n4] maelstrom.process: launching raft.py nil
2022-05-01 19:04:56,952{GMT}	INFO	[jepsen node n5] maelstrom.process: launching raft.py nil
2022-05-01 19:04:56,954{GMT}	INFO	[jepsen node n1] maelstrom.service: Starting services: (lin-kv lin-tso lww-kv seq-kv)
2022-05-01 19:04:56,977{GMT}	INFO	[jepsen node n1] maelstrom.db: Setting up n1
2022-05-01 19:04:56,978{GMT}	INFO	[jepsen node n1] maelstrom.process: launching raft.py nil
2022-05-01 19:04:57,020{GMT}	INFO	[jepsen test runner] jepsen.core: Relative time begins now
2022-05-01 19:04:57,064{GMT}	INFO	[jepsen worker 16] jepsen.util: 16	:invoke	:cas	[1 [2 4]]
2022-05-01 19:04:57,071{GMT}	INFO	[jepsen worker 16] jepsen.util: 16	:info	:cas	[1 [2 4]]	[:unknown "Not Leader"]
2022-05-01 19:04:57,228{GMT}	INFO	[jepsen worker 11] jepsen.util: 11	:invoke	:cas	[1 [2 2]]
2022-05-01 19:04:57,230{GMT}	INFO	[jepsen worker 11] jepsen.util: 11	:info	:cas	[1 [2 2]]	[:unknown "Not Leader"]
2022-05-01 19:04:57,602{GMT}	INFO	[jepsen worker 17] jepsen.util: 17	:invoke	:cas	[1 [4 0]]
2022-05-01 19:04:57,604{GMT}	INFO	[jepsen worker 17] jepsen.util: 17	:info	:cas	[1 [4 0]]	[:unknown "Not Leader"]
2022-05-01 19:04:57,634{GMT}	INFO	[jepsen worker 11] jepsen.util: 31	:invoke	:cas	[1 [3 4]]
2022-05-01 19:04:57,635{GMT}	INFO	[jepsen worker 11] jepsen.util: 31	:info	:cas	[1 [3 4]]	[:unknown "Not Leader"]
2022-05-01 19:04:57,864{GMT}	INFO	[jepsen worker 15] jepsen.util: 15	:invoke	:write	[1 1]
2022-05-01 19:04:57,918{GMT}	INFO	[jepsen worker 17] jepsen.util: 37	:invoke	:write	[1 3]
2022-05-01 19:04:57,920{GMT}	INFO	[jepsen worker 17] jepsen.util: 37	:info	:write	[1 3]	[:unknown "Not Leader"]
2022-05-01 19:04:57,970{GMT}	INFO	[jepsen worker 1] jepsen.util: 1	:invoke	:read	[0 nil]
2022-05-01 19:04:57,971{GMT}	INFO	[jepsen worker 1] jepsen.util: 1	:fail	:read	[0 nil]	[:unknown "Not Leader"]
2022-05-01 19:04:58,203{GMT}	INFO	[jepsen worker 19] jepsen.util: 19	:invoke	:cas	[1 [0 2]]
2022-05-01 19:04:58,205{GMT}	INFO	[jepsen worker 19] jepsen.util: 19	:info	:cas	[1 [0 2]]	[:unknown "Not Leader"]
2022-05-01 19:04:58,557{GMT}	INFO	[jepsen worker 5] jepsen.util: 5	:invoke	:cas	[0 [1 1]]
2022-05-01 19:04:58,613{GMT}	INFO	[jepsen worker 4] jepsen.util: 4	:invoke	:read	[0 nil]
2022-05-01 19:04:58,615{GMT}	INFO	[jepsen worker 4] jepsen.util: 4	:fail	:read	[0 nil]	[:unknown "Not Leader"]
2022-05-01 19:04:58,864{GMT}	INFO	[jepsen worker 15] jepsen.util: 15	:info	:write	[1 1]	:net-timeout
2022-05-01 19:04:58,893{GMT}	INFO	[jepsen worker 11] jepsen.util: 51	:invoke	:cas	[1 [3 4]]
2022-05-01 19:04:58,894{GMT}	INFO	[jepsen worker 11] jepsen.util: 51	:info	:cas	[1 [3 4]]	[:unknown "Not Leader"]
2022-05-01 19:04:59,200{GMT}	INFO	[jepsen worker 10] jepsen.util: 10	:invoke	:write	[1 4]
2022-05-01 19:04:59,552{GMT}	INFO	[jepsen worker 15] jepsen.util: 35	:invoke	:cas	[1 [3 4]]
2022-05-01 19:04:59,557{GMT}	INFO	[jepsen worker 5] jepsen.util: 5	:info	:cas	[0 [1 1]]	:net-timeout
2022-05-01 19:04:59,664{GMT}	INFO	[jepsen worker 3] jepsen.util: 3	:invoke	:read	[0 nil]
2022-05-01 19:04:59,666{GMT}	INFO	[jepsen worker 3] jepsen.util: 3	:fail	:read	[0 nil]	[:unknown "Not Leader"]
2022-05-01 19:04:59,921{GMT}	INFO	[jepsen worker 9] jepsen.util: 9	:invoke	:cas	[0 [0 1]]
2022-05-01 19:04:59,923{GMT}	INFO	[jepsen worker 9] jepsen.util: 9	:info	:cas	[0 [0 1]]	[:unknown "Not Leader"]
2022-05-01 19:05:00,200{GMT}	INFO	[jepsen worker 10] jepsen.util: 10	:info	:write	[1 4]	:net-timeout
2022-05-01 19:05:00,551{GMT}	INFO	[jepsen worker 15] jepsen.util: 35	:info	:cas	[1 [3 4]]	:net-timeout
2022-05-01 19:05:00,556{GMT}	INFO	[jepsen node n2] maelstrom.db: Tearing down n2
2022-05-01 19:05:00,556{GMT}	INFO	[jepsen node n5] maelstrom.db: Tearing down n5
2022-05-01 19:05:00,556{GMT}	INFO	[jepsen node n4] maelstrom.db: Tearing down n4
2022-05-01 19:05:00,556{GMT}	INFO	[jepsen node n1] maelstrom.db: Tearing down n1
2022-05-01 19:05:00,556{GMT}	INFO	[jepsen node n3] maelstrom.db: Tearing down n3
2022-05-01 19:05:01,569{GMT}	WARN	[main] jepsen.core: Test crashed!
clojure.lang.ExceptionInfo: Node n1 crashed with exit status 1. Before crashing, it wrote to STDOUT:

{"dest": "c2", "src": "n1", "body": {"msg_id": 1, "in_reply_to": 1, "type": "init_ok"}}
{"dest": "n2", "src": "n1", "body": {"msg_id": 2, "type": "AppendEntries", "term": 0, "prevIndex": 0, "prevTerm": 0, "entries": [[["pass", null], 0]], "commit": 0}}
{"dest": "n3", "src": "n1", "body": {"msg_id": 3, "type": "AppendEntries", "term": 0, "prevIndex": 0, "prevTerm": 0, "entries": [[["pass", null], 0]], "commit": 0}}
{"dest": "n4", "src": "n1", "body": {"msg_id": 4, "type": "AppendEntries", "term": 0, "prevIndex": 0, "prevTerm": 0, "entries": [[["pass", null], 0]], "commit": 0}}
{"dest": "n5", "src": "n1", "body": {"msg_id": 5, "type": "AppendEntries", "term": 0, "prevIndex": 0, "prevTerm": 0, "entries": [[["pass", null], 0]], "commit": 0}}

And to STDERR:

DEBUG:root:received {"dest":"n1","body":{"type":"init","node_id":"n1","node_ids":["n1","n2","n3","n4","n5"],"msg_id":1},"src":"c2","id":1}
INFO:root:node n1 initialized
DEBUG:root:sending {"dest": "c2", "src": "n1", "body": {"msg_id": 1, "in_reply_to": 1, "type": "init_ok"}}
DEBUG:root:sending {"dest": "n2", "src": "n1", "body": {"msg_id": 2, "type": "AppendEntries", "term": 0, "prevIndex": 0, "prevTerm": 0, "entries": [[["pass", null], 0]], "commit": 0}}
DEBUG:root:sending {"dest": "n3", "src": "n1", "body": {"msg_id": 3, "type": "AppendEntries", "term": 0, "prevIndex": 0, "prevTerm": 0, "entries": [[["pass", null], 0]], "commit": 0}}
DEBUG:root:sending {"dest": "n4", "src": "n1", "body": {"msg_id": 4, "type": "AppendEntries", "term": 0, "prevIndex": 0, "prevTerm": 0, "entries": [[["pass", null], 0]], "commit": 0}}
DEBUG:root:sending {"dest": "n5", "src": "n1", "body": {"msg_id": 5, "type": "AppendEntries", "term": 0, "prevIndex": 0, "prevTerm": 0, "entries": [[["pass", null], 0]], "commit": 0}}
DEBUG:root:received {"dest":"n1","src":"n2","body":{"msg_id":2,"in_reply_to":2,"type":"AppendEntriesRes","res":true,"term":0,"next":2,"commit":0},"id":14}
DEBUG:root:received {"dest":"n1","src":"n4","body":{"msg_id":2,"in_reply_to":4,"type":"AppendEntriesRes","res":true,"term":0,"next":2,"commit":0},"id":16}
ERROR:root:fatal exception in handler
Traceback (most recent call last):
  File "/home/peter/Documents/tf/lab3/ms.py", line 27, in exitOnError
    fn(*args)
  File "/home/peter/Documents/tf/lab3/raft.py", line 220, in handle
    buildString(["BAZEI oq lider"])
  File "/home/peter/Documents/tf/lab3/raft.py", line 59, in buildString
    raise Exception(s)
Exception: BAZEI oq lider


Full STDERR logs are available in /home/peter/Documents/tf/lab3/store/lin-kv/20220501T190456.000+0100/node-logs/n1.log
	at slingshot.support$stack_trace.invoke(support.clj:201)
	at maelstrom.process$stop_node_BANG_.invokeStatic(process.clj:239)
	at maelstrom.process$stop_node_BANG_.invoke(process.clj:217)
	at maelstrom.db$db$reify__16747.teardown_BANG_(db.clj:75)
	at jepsen.db$fn__3285$G__3281__3289.invoke(db.clj:11)
	at jepsen.db$fn__3285$G__3280__3294.invoke(db.clj:11)
	at clojure.core$partial$fn__5824.invoke(core.clj:2625)
	at jepsen.control$on_nodes$fn__3165.invoke(control.clj:452)
	at clojure.lang.AFn.applyToHelper(AFn.java:154)
	at clojure.lang.AFn.applyTo(AFn.java:144)
	at clojure.core$apply.invokeStatic(core.clj:665)
	at clojure.core$with_bindings_STAR_.invokeStatic(core.clj:1973)
	at clojure.core$with_bindings_STAR_.doInvoke(core.clj:1973)
	at clojure.lang.RestFn.applyTo(RestFn.java:142)
	at clojure.core$apply.invokeStatic(core.clj:669)
	at clojure.core$bound_fn_STAR_$fn__5734.doInvoke(core.clj:2003)
	at clojure.lang.RestFn.invoke(RestFn.java:408)
	at dom_top.core$real_pmap_helper$build_thread__213$fn__214.invoke(core.clj:146)
	at clojure.lang.AFn.applyToHelper(AFn.java:152)
	at clojure.lang.AFn.applyTo(AFn.java:144)
	at clojure.core$apply.invokeStatic(core.clj:665)
	at clojure.core$with_bindings_STAR_.invokeStatic(core.clj:1973)
	at clojure.core$with_bindings_STAR_.doInvoke(core.clj:1973)
	at clojure.lang.RestFn.invoke(RestFn.java:425)
	at clojure.lang.AFn.applyToHelper(AFn.java:156)
	at clojure.lang.RestFn.applyTo(RestFn.java:132)
	at clojure.core$apply.invokeStatic(core.clj:669)
	at clojure.core$bound_fn_STAR_$fn__5734.doInvoke(core.clj:2003)
	at clojure.lang.RestFn.invoke(RestFn.java:397)
	at clojure.lang.AFn.run(AFn.java:22)
	at java.base/java.lang.Thread.run(Thread.java:829)
