DEBUG:root:received {"dest":"n1","body":{"type":"init","node_id":"n1","node_ids":["n1","n2","n3","n4","n5"],"msg_id":1},"src":"c0","id":0}
INFO:root:node n1 initialized
DEBUG:root:sending {"dest": "c0", "src": "n1", "body": {"msg_id": 1, "in_reply_to": 1, "type": "init_ok"}}
DEBUG:root:sending {"dest": "n2", "src": "n1", "body": {"msg_id": 2, "type": "AppendEntries", "term": 0, "prevIndex": 0, "prevTerm": 0, "entries": [[["pass", null], 0]], "commit": 0}}
DEBUG:root:sending {"dest": "n3", "src": "n1", "body": {"msg_id": 3, "type": "AppendEntries", "term": 0, "prevIndex": 0, "prevTerm": 0, "entries": [[["pass", null], 0]], "commit": 0}}
DEBUG:root:sending {"dest": "n4", "src": "n1", "body": {"msg_id": 4, "type": "AppendEntries", "term": 0, "prevIndex": 0, "prevTerm": 0, "entries": [[["pass", null], 0]], "commit": 0}}
DEBUG:root:sending {"dest": "n5", "src": "n1", "body": {"msg_id": 5, "type": "AppendEntries", "term": 0, "prevIndex": 0, "prevTerm": 0, "entries": [[["pass", null], 0]], "commit": 0}}
DEBUG:root:received {"dest":"n1","src":"n2","body":{"msg_id":2,"in_reply_to":2,"type":"AppendEntriesRes","res":true,"term":0,"next":1,"commit":0},"id":13}
DEBUG:root:received {"dest":"n1","src":"n3","body":{"msg_id":2,"in_reply_to":3,"type":"AppendEntriesRes","res":true,"term":0,"next":1,"commit":0},"id":15}
DEBUG:root:received {"dest":"n1","src":"n4","body":{"msg_id":2,"in_reply_to":4,"type":"AppendEntriesRes","res":true,"term":0,"next":1,"commit":0},"id":16}
DEBUG:root:received {"dest":"n1","src":"n5","body":{"msg_id":2,"in_reply_to":5,"type":"AppendEntriesRes","res":true,"term":0,"next":1,"commit":0},"id":17}
DEBUG:root:received {"dest":"n1","body":{"key":0,"type":"read","msg_id":1},"src":"c12","id":22}
DEBUG:root:sending {"dest": "c12", "src": "n1", "body": {"msg_id": 6, "in_reply_to": 1, "type": "error", "code": 20, "text": "Invalid Key"}}
DEBUG:root:received {"dest":"n1","body":{"key":1,"from":1,"to":3,"type":"cas","msg_id":1},"src":"c16","id":30}
DEBUG:root:sending {"dest": "n2", "src": "n1", "body": {"msg_id": 7, "type": "AppendEntries", "term": 0, "prevIndex": 0, "prevTerm": 0, "entries": [["cas", [1, [1, 3]], 0]], "commit": 0}}
DEBUG:root:sending {"dest": "n3", "src": "n1", "body": {"msg_id": 8, "type": "AppendEntries", "term": 0, "prevIndex": 0, "prevTerm": 0, "entries": [["cas", [1, [1, 3]], 0]], "commit": 0}}
DEBUG:root:sending {"dest": "n4", "src": "n1", "body": {"msg_id": 9, "type": "AppendEntries", "term": 0, "prevIndex": 0, "prevTerm": 0, "entries": [["cas", [1, [1, 3]], 0]], "commit": 0}}
DEBUG:root:sending {"dest": "n5", "src": "n1", "body": {"msg_id": 10, "type": "AppendEntries", "term": 0, "prevIndex": 0, "prevTerm": 0, "entries": [["cas", [1, [1, 3]], 0]], "commit": 0}}
DEBUG:root:received {"dest":"n1","src":"n2","body":{"msg_id":5,"in_reply_to":7,"type":"AppendEntriesRes","res":true,"term":0,"next":1,"commit":0},"id":34}
DEBUG:root:received {"dest":"n1","src":"n3","body":{"msg_id":4,"in_reply_to":8,"type":"AppendEntriesRes","res":true,"term":0,"next":1,"commit":0},"id":36}
DEBUG:root:received {"dest":"n1","src":"n4","body":{"msg_id":4,"in_reply_to":9,"type":"AppendEntriesRes","res":true,"term":0,"next":1,"commit":0},"id":37}
DEBUG:root:received {"dest":"n1","src":"n5","body":{"msg_id":4,"in_reply_to":10,"type":"AppendEntriesRes","res":true,"term":0,"next":1,"commit":0},"id":38}
