DEBUG:root:received {"dest":"n1","body":{"type":"init","node_id":"n1","node_ids":["n1","n2","n3","n4","n5"],"msg_id":1},"src":"c1","id":1}
INFO:root:node n1 initialized
DEBUG:root:received {"dest":"n1","src":"n2","body":{"msg_id":2,"type":"RequestVote","term":1,"prevLogIndex":0,"lastLogTerm":0,"candidateId":"n2"},"id":8}
DEBUG:root:sending {"dest": "c1", "src": "n1", "body": {"msg_id": 1, "in_reply_to": 1, "type": "init_ok"}}
INFO:root:became leader
log
[(('pass', None), 0)]
match index
{'n1': 0, 'n2': 0, 'n3': 0, 'n4': 0, 'n5': 0}

INFO:root:vote ended, new leader is
n1

INFO:root:sending HB

INFO:root:HBdest
n2
nextIndex
{'n1': 1, 'n2': 1, 'n3': 1, 'n4': 1, 'n5': 1}
log
[(('pass', None), 0)]

DEBUG:root:sending {"dest": "n2", "src": "n1", "body": {"msg_id": 2, "type": "AppendEntries", "term": 0, "prevIndex": 0, "prevTerm": 0, "entries": [], "commit": 0}}
INFO:root:HBdest
n3
nextIndex
{'n1': 1, 'n2': 1, 'n3': 1, 'n4': 1, 'n5': 1}
log
[(('pass', None), 0)]

DEBUG:root:sending {"dest": "n3", "src": "n1", "body": {"msg_id": 3, "type": "AppendEntries", "term": 0, "prevIndex": 0, "prevTerm": 0, "entries": [], "commit": 0}}
INFO:root:HBdest
n4
nextIndex
{'n1': 1, 'n2': 1, 'n3': 1, 'n4': 1, 'n5': 1}
log
[(('pass', None), 0)]

DEBUG:root:sending {"dest": "n4", "src": "n1", "body": {"msg_id": 4, "type": "AppendEntries", "term": 0, "prevIndex": 0, "prevTerm": 0, "entries": [], "commit": 0}}
INFO:root:HBdest
n5
nextIndex
{'n1': 1, 'n2': 1, 'n3': 1, 'n4': 1, 'n5': 1}
log
[(('pass', None), 0)]

DEBUG:root:sending {"dest": "n5", "src": "n1", "body": {"msg_id": 5, "type": "AppendEntries", "term": 0, "prevIndex": 0, "prevTerm": 0, "entries": [], "commit": 0}}
DEBUG:root:received {"dest":"n1","src":"n2","body":{"msg_id":8,"in_reply_to":2,"type":"AppendEntriesRes","res":false,"term":1},"id":21}
DEBUG:root:received {"dest":"n1","src":"n3","body":{"msg_id":3,"in_reply_to":3,"type":"AppendEntriesRes","res":false,"term":1},"id":22}
DEBUG:root:received {"dest":"n1","src":"n5","body":{"msg_id":3,"in_reply_to":5,"type":"AppendEntriesRes","res":false,"term":1},"id":23}
DEBUG:root:sending {"dest": "n2", "src": "n1", "body": {"msg_id": 6, "in_reply_to": 2, "type": "RequestVoteRes", "term": 1, "res": true}}
INFO:root:election started and voted vor
n2
at time
1651669064415171919

INFO:root:387##########:
node
n1
current term
1
next I
{'n1': 1, 'n2': 0, 'n3': 1, 'n4': 1, 'n5': 1}
log
[(('pass', None), 0)]
dest
n2

DEBUG:root:sending {"dest": "n2", "src": "n1", "body": {"msg_id": 7, "type": "AppendEntries", "term": 1, "prevIndex": -1, "prevTerm": 0, "entries": [[["pass", null], 0]], "commit": 0}}
INFO:root:387##########:
node
n1
current term
1
next I
{'n1': 1, 'n2': 0, 'n3': 0, 'n4': 1, 'n5': 1}
log
[(('pass', None), 0)]
dest
n3

DEBUG:root:sending {"dest": "n3", "src": "n1", "body": {"msg_id": 8, "type": "AppendEntries", "term": 1, "prevIndex": -1, "prevTerm": 0, "entries": [[["pass", null], 0]], "commit": 0}}
INFO:root:387##########:
node
n1
current term
1
next I
{'n1': 1, 'n2': 0, 'n3': 0, 'n4': 1, 'n5': 0}
log
[(('pass', None), 0)]
dest
n5

DEBUG:root:sending {"dest": "n5", "src": "n1", "body": {"msg_id": 9, "type": "AppendEntries", "term": 1, "prevIndex": -1, "prevTerm": 0, "entries": [[["pass", null], 0]], "commit": 0}}
DEBUG:root:received {"dest":"n1","src":"n2","body":{"msg_id":9,"in_reply_to":7,"type":"AppendEntriesRes","res":true,"term":1,"next":2,"commit":0},"id":28}
DEBUG:root:received {"dest":"n1","src":"n3","body":{"msg_id":4,"in_reply_to":8,"type":"AppendEntriesRes","res":true,"term":1,"next":2,"commit":0},"id":29}
DEBUG:root:received {"dest":"n1","src":"n5","body":{"msg_id":4,"in_reply_to":9,"type":"AppendEntriesRes","res":true,"term":1,"next":2,"commit":0},"id":30}
DEBUG:root:received {"dest":"n1","src":"n4","body":{"msg_id":3,"in_reply_to":4,"type":"AppendEntriesRes","res":false,"term":1},"id":33}
INFO:root:387##########:
node
n1
current term
1
next I
{'n1': 1, 'n2': 2, 'n3': 2, 'n4': 0, 'n5': 2}
log
[(('pass', None), 0)]
dest
n4

DEBUG:root:sending {"dest": "n4", "src": "n1", "body": {"msg_id": 10, "type": "AppendEntries", "term": 1, "prevIndex": -1, "prevTerm": 0, "entries": [[["pass", null], 0]], "commit": 0}}
DEBUG:root:received {"dest":"n1","src":"n4","body":{"msg_id":4,"in_reply_to":10,"type":"AppendEntriesRes","res":true,"term":1,"next":2,"commit":0},"id":35}
DEBUG:root:received {"dest":"n1","body":{"key":1,"value":4,"type":"write","msg_id":1},"src":"c11","id":38}
DEBUG:root:received {"dest":"n1","src":"n3","body":{"msg_id":5,"type":"RequestVote","term":2,"prevLogIndex":1,"lastLogTerm":0,"candidateId":"n3"},"id":39}
DEBUG:root:sending {"dest": "n3", "src": "n1", "body": {"msg_id": 11, "in_reply_to": 5, "type": "RequestVoteRes", "term": 1, "res": false}}
DEBUG:root:received {"dest":"n1","src":"n5","body":{"msg_id":5,"type":"RequestVote","term":2,"prevLogIndex":1,"lastLogTerm":0,"candidateId":"n5"},"id":44}
DEBUG:root:sending {"dest": "n5", "src": "n1", "body": {"msg_id": 12, "in_reply_to": 5, "type": "RequestVoteRes", "term": 1, "res": false}}
INFO:root:election timeout, starting new election

INFO:root:starting new elections, new term
2

INFO:root:Requesting new Vote

DEBUG:root:sending {"dest": "n1", "src": "n1", "body": {"msg_id": 13, "type": "RequestVote", "term": 2, "prevLogIndex": 1, "lastLogTerm": 1, "candidateId": "n1"}}
DEBUG:root:sending {"dest": "n2", "src": "n1", "body": {"msg_id": 14, "type": "RequestVote", "term": 2, "prevLogIndex": 1, "lastLogTerm": 1, "candidateId": "n1"}}
DEBUG:root:sending {"dest": "n3", "src": "n1", "body": {"msg_id": 15, "type": "RequestVote", "term": 2, "prevLogIndex": 1, "lastLogTerm": 1, "candidateId": "n1"}}
DEBUG:root:sending {"dest": "n4", "src": "n1", "body": {"msg_id": 16, "type": "RequestVote", "term": 2, "prevLogIndex": 1, "lastLogTerm": 1, "candidateId": "n1"}}
DEBUG:root:sending {"dest": "n5", "src": "n1", "body": {"msg_id": 17, "type": "RequestVote", "term": 2, "prevLogIndex": 1, "lastLogTerm": 1, "candidateId": "n1"}}
DEBUG:root:received {"dest":"n1","src":"n1","body":{"msg_id":13,"type":"RequestVote","term":2,"prevLogIndex":1,"lastLogTerm":1,"candidateId":"n1"},"id":58}
INFO:root:alrady voted in cur election
None
at time
1651669064516917098

DEBUG:root:sending {"dest": "n1", "src": "n1", "body": {"msg_id": 18, "in_reply_to": 13, "type": "RequestVoteRes", "term": 2, "res": true}}
DEBUG:root:received {"dest":"n1","src":"n1","body":{"msg_id":18,"in_reply_to":13,"type":"RequestVoteRes","term":2,"res":true},"id":63}
INFO:root:Got a response to the vote Request #475

INFO:root:node id:
n1
leader
n1
kvsotr
{}
cur term
2
log 
[(('pass', None), 0), (('write', (1, 4)), 1)]
commit indez e last applied
0
0
candidate, votes, voted for
False
0
None
timeout dict
{'n1': 1651669064517944496, 'n2': 1651669064417245439, 'n3': 1651669064511659452, 'n4': 1651669064426803581, 'n5': 1651669064513680993}

INFO:root:resposta
True
majority
3

DEBUG:root:received {"dest":"n1","src":"n2","body":{"msg_id":13,"in_reply_to":14,"type":"RequestVoteRes","term":2,"res":false},"id":64}
INFO:root:Got a response to the vote Request #475

INFO:root:node id:
n1
leader
n1
kvsotr
{}
cur term
2
log 
[(('pass', None), 0), (('write', (1, 4)), 1)]
commit indez e last applied
0
0
candidate, votes, voted for
False
0
None
timeout dict
{'n1': 1651669064517944496, 'n2': 1651669064519410612, 'n3': 1651669064511659452, 'n4': 1651669064426803581, 'n5': 1651669064513680993}

INFO:root:resposta
False
majority
3

DEBUG:root:received {"dest":"n1","src":"n3","body":{"msg_id":12,"in_reply_to":15,"type":"RequestVoteRes","term":2,"res":false},"id":65}
DEBUG:root:received {"dest":"n1","src":"n4","body":{"msg_id":7,"in_reply_to":16,"type":"RequestVoteRes","term":1,"res":false},"id":66}
INFO:root:Got a response to the vote Request #475

INFO:root:node id:
n1
leader
n1
kvsotr
{}
cur term
2
log 
[(('pass', None), 0), (('write', (1, 4)), 1)]
commit indez e last applied
0
0
candidate, votes, voted for
False
0
None
timeout dict
{'n1': 1651669064517944496, 'n2': 1651669064519410612, 'n3': 1651669064520473718, 'n4': 1651669064426803581, 'n5': 1651669064513680993}

INFO:root:resposta
False
majority
3

INFO:root:Got a response to the vote Request #475

INFO:root:node id:
n1
leader
n1
kvsotr
{}
cur term
2
log 
[(('pass', None), 0), (('write', (1, 4)), 1)]
commit indez e last applied
0
0
candidate, votes, voted for
False
0
None
timeout dict
{'n1': 1651669064517944496, 'n2': 1651669064519410612, 'n3': 1651669064520473718, 'n4': 1651669064520644868, 'n5': 1651669064513680993}

INFO:root:resposta
False
majority
3

DEBUG:root:received {"dest":"n1","src":"n5","body":{"msg_id":12,"in_reply_to":17,"type":"RequestVoteRes","term":2,"res":false},"id":68}
INFO:root:Got a response to the vote Request #475

INFO:root:node id:
n1
leader
n1
kvsotr
{}
cur term
2
log 
[(('pass', None), 0), (('write', (1, 4)), 1)]
commit indez e last applied
0
0
candidate, votes, voted for
False
0
None
timeout dict
{'n1': 1651669064517944496, 'n2': 1651669064519410612, 'n3': 1651669064520473718, 'n4': 1651669064520644868, 'n5': 1651669064522381402}

INFO:root:resposta
False
majority
3

DEBUG:root:received {"dest":"n1","src":"n4","body":{"msg_id":8,"type":"RequestVote","term":2,"prevLogIndex":1,"lastLogTerm":0,"candidateId":"n4"},"id":69}
DEBUG:root:sending {"dest": "n4", "src": "n1", "body": {"msg_id": 19, "in_reply_to": 8, "type": "RequestVoteRes", "term": 2, "res": false}}
DEBUG:root:received {"dest":"n1","src":"n2","body":{"msg_id":15,"type":"RequestVote","term":3,"prevLogIndex":1,"lastLogTerm":0,"candidateId":"n2"},"id":79}
DEBUG:root:sending {"dest": "n2", "src": "n1", "body": {"msg_id": 20, "in_reply_to": 15, "type": "RequestVoteRes", "term": 2, "res": false}}
DEBUG:root:received {"dest":"n1","src":"n3","body":{"msg_id":15,"type":"RequestVote","term":3,"prevLogIndex":1,"lastLogTerm":0,"candidateId":"n3"},"id":89}
DEBUG:root:sending {"dest": "n3", "src": "n1", "body": {"msg_id": 21, "in_reply_to": 15, "type": "RequestVoteRes", "term": 2, "res": false}}
DEBUG:root:received {"dest":"n1","src":"n5","body":{"msg_id":16,"type":"RequestVote","term":4,"prevLogIndex":1,"lastLogTerm":0,"candidateId":"n5"},"id":99}
DEBUG:root:sending {"dest": "n5", "src": "n1", "body": {"msg_id": 22, "in_reply_to": 16, "type": "RequestVoteRes", "term": 2, "res": false}}
DEBUG:root:received {"dest":"n1","src":"n2","body":{"msg_id":23,"type":"RequestVote","term":4,"prevLogIndex":1,"lastLogTerm":0,"candidateId":"n2"},"id":109}
DEBUG:root:sending {"dest": "n2", "src": "n1", "body": {"msg_id": 23, "in_reply_to": 23, "type": "RequestVoteRes", "term": 2, "res": false}}
DEBUG:root:received {"dest":"n1","src":"n4","body":{"msg_id":18,"type":"RequestVote","term":5,"prevLogIndex":1,"lastLogTerm":0,"candidateId":"n4"},"id":119}
DEBUG:root:sending {"dest": "n4", "src": "n1", "body": {"msg_id": 24, "in_reply_to": 18, "type": "RequestVoteRes", "term": 2, "res": false}}
DEBUG:root:received {"dest":"n1","src":"n2","body":{"msg_id":30,"type":"RequestVote","term":6,"prevLogIndex":1,"lastLogTerm":0,"candidateId":"n2"},"id":129}
DEBUG:root:sending {"dest": "n2", "src": "n1", "body": {"msg_id": 25, "in_reply_to": 30, "type": "RequestVoteRes", "term": 2, "res": false}}
DEBUG:root:received {"dest":"n1","src":"n5","body":{"msg_id":24,"type":"RequestVote","term":5,"prevLogIndex":1,"lastLogTerm":0,"candidateId":"n5"},"id":132}
DEBUG:root:sending {"dest": "n5", "src": "n1", "body": {"msg_id": 26, "in_reply_to": 24, "type": "RequestVoteRes", "term": 2, "res": false}}
DEBUG:root:received {"dest":"n1","src":"n3","body":{"msg_id":26,"type":"RequestVote","term":6,"prevLogIndex":1,"lastLogTerm":0,"candidateId":"n3"},"id":149}
DEBUG:root:sending {"dest": "n3", "src": "n1", "body": {"msg_id": 27, "in_reply_to": 26, "type": "RequestVoteRes", "term": 2, "res": false}}
DEBUG:root:received {"dest":"n1","src":"n5","body":{"msg_id":32,"type":"RequestVote","term":7,"prevLogIndex":1,"lastLogTerm":0,"candidateId":"n5"},"id":160}
DEBUG:root:received {"dest":"n1","src":"n4","body":{"msg_id":27,"type":"RequestVote","term":7,"prevLogIndex":1,"lastLogTerm":0,"candidateId":"n4"},"id":159}
DEBUG:root:sending {"dest": "n5", "src": "n1", "body": {"msg_id": 28, "in_reply_to": 32, "type": "RequestVoteRes", "term": 2, "res": false}}
DEBUG:root:sending {"dest": "n4", "src": "n1", "body": {"msg_id": 29, "in_reply_to": 27, "type": "RequestVoteRes", "term": 2, "res": false}}
DEBUG:root:received {"dest":"n1","src":"n5","body":{"msg_id":39,"type":"RequestVote","term":8,"prevLogIndex":1,"lastLogTerm":0,"candidateId":"n5"},"id":179}
DEBUG:root:sending {"dest": "n5", "src": "n1", "body": {"msg_id": 30, "in_reply_to": 39, "type": "RequestVoteRes", "term": 2, "res": false}}
DEBUG:root:received {"dest":"n1","src":"n4","body":{"msg_id":35,"type":"RequestVote","term":9,"prevLogIndex":1,"lastLogTerm":0,"candidateId":"n4"},"id":189}
DEBUG:root:sending {"dest": "n4", "src": "n1", "body": {"msg_id": 31, "in_reply_to": 35, "type": "RequestVoteRes", "term": 2, "res": false}}
DEBUG:root:received {"dest":"n1","src":"n2","body":{"msg_id":42,"type":"RequestVote","term":7,"prevLogIndex":1,"lastLogTerm":0,"candidateId":"n2"},"id":199}
DEBUG:root:sending {"dest": "n2", "src": "n1", "body": {"msg_id": 32, "in_reply_to": 42, "type": "RequestVoteRes", "term": 2, "res": false}}
DEBUG:root:received {"dest":"n1","src":"n5","body":{"msg_id":47,"type":"RequestVote","term":10,"prevLogIndex":1,"lastLogTerm":0,"candidateId":"n5"},"id":209}
DEBUG:root:received {"dest":"n1","src":"n3","body":{"msg_id":37,"type":"RequestVote","term":9,"prevLogIndex":1,"lastLogTerm":0,"candidateId":"n3"},"id":210}
DEBUG:root:sending {"dest": "n5", "src": "n1", "body": {"msg_id": 33, "in_reply_to": 47, "type": "RequestVoteRes", "term": 2, "res": false}}
DEBUG:root:sending {"dest": "n3", "src": "n1", "body": {"msg_id": 34, "in_reply_to": 37, "type": "RequestVoteRes", "term": 2, "res": false}}
DEBUG:root:received {"dest":"n1","src":"n4","body":{"msg_id":42,"type":"RequestVote","term":10,"prevLogIndex":1,"lastLogTerm":0,"candidateId":"n4"},"id":213}
INFO:root:sending HB

INFO:root:HBdest
n2
nextIndex
{'n1': 1, 'n2': 2, 'n3': 2, 'n4': 2, 'n5': 2}
log
[(('pass', None), 0), (('write', (1, 4)), 1)]

DEBUG:root:sending {"dest": "n2", "src": "n1", "body": {"msg_id": 35, "type": "AppendEntries", "term": 2, "prevIndex": 1, "prevTerm": 1, "entries": [], "commit": 0}}
INFO:root:HBdest
n3
nextIndex
{'n1': 1, 'n2': 2, 'n3': 2, 'n4': 2, 'n5': 2}
log
[(('pass', None), 0), (('write', (1, 4)), 1)]

DEBUG:root:sending {"dest": "n3", "src": "n1", "body": {"msg_id": 36, "type": "AppendEntries", "term": 2, "prevIndex": 1, "prevTerm": 1, "entries": [], "commit": 0}}
INFO:root:HBdest
n4
nextIndex
{'n1': 1, 'n2': 2, 'n3': 2, 'n4': 2, 'n5': 2}
log
[(('pass', None), 0), (('write', (1, 4)), 1)]

DEBUG:root:sending {"dest": "n4", "src": "n1", "body": {"msg_id": 37, "type": "AppendEntries", "term": 2, "prevIndex": 1, "prevTerm": 1, "entries": [], "commit": 0}}
INFO:root:HBdest
n5
nextIndex
{'n1': 1, 'n2': 2, 'n3': 2, 'n4': 2, 'n5': 2}
log
[(('pass', None), 0), (('write', (1, 4)), 1)]

DEBUG:root:sending {"dest": "n5", "src": "n1", "body": {"msg_id": 38, "type": "AppendEntries", "term": 2, "prevIndex": 1, "prevTerm": 1, "entries": [], "commit": 0}}
DEBUG:root:sending {"dest": "n4", "src": "n1", "body": {"msg_id": 39, "in_reply_to": 42, "type": "RequestVoteRes", "term": 2, "res": false}}
DEBUG:root:received {"dest":"n1","src":"n2","body":{"msg_id":48,"type":"RequestVote","term":8,"prevLogIndex":1,"lastLogTerm":0,"candidateId":"n2"},"id":226}
DEBUG:root:received {"dest":"n1","src":"n4","body":{"msg_id":48,"type":"RequestVote","term":11,"prevLogIndex":1,"lastLogTerm":0,"candidateId":"n4"},"id":235}
DEBUG:root:sending {"dest": "n2", "src": "n1", "body": {"msg_id": 40, "in_reply_to": 48, "type": "RequestVoteRes", "term": 2, "res": false}}
DEBUG:root:sending {"dest": "n4", "src": "n1", "body": {"msg_id": 41, "in_reply_to": 48, "type": "RequestVoteRes", "term": 2, "res": false}}
DEBUG:root:received {"dest":"n1","src":"n5","body":{"msg_id":55,"type":"RequestVote","term":11,"prevLogIndex":1,"lastLogTerm":0,"candidateId":"n5"},"id":242}
DEBUG:root:received {"dest":"n1","src":"n3","body":{"msg_id":42,"type":"RequestVote","term":10,"prevLogIndex":1,"lastLogTerm":0,"candidateId":"n3"},"id":245}
DEBUG:root:received {"dest":"n1","src":"n3","body":{"msg_id":48,"type":"RequestVote","term":11,"prevLogIndex":1,"lastLogTerm":0,"candidateId":"n3"},"id":257}
DEBUG:root:sending {"dest": "n5", "src": "n1", "body": {"msg_id": 42, "in_reply_to": 55, "type": "RequestVoteRes", "term": 2, "res": false}}
DEBUG:root:sending {"dest": "n3", "src": "n1", "body": {"msg_id": 43, "in_reply_to": 42, "type": "RequestVoteRes", "term": 2, "res": false}}
DEBUG:root:sending {"dest": "n3", "src": "n1", "body": {"msg_id": 44, "in_reply_to": 48, "type": "RequestVoteRes", "term": 2, "res": false}}
DEBUG:root:received {"dest":"n1","src":"n3","body":{"msg_id":56,"type":"RequestVote","term":12,"prevLogIndex":1,"lastLogTerm":0,"candidateId":"n3"},"id":273}
DEBUG:root:sending {"dest": "n3", "src": "n1", "body": {"msg_id": 45, "in_reply_to": 56, "type": "RequestVoteRes", "term": 2, "res": false}}
DEBUG:root:received {"dest":"n1","src":"n4","body":{"msg_id":57,"in_reply_to":37,"type":"AppendEntriesRes","res":false,"term":11},"id":279}
DEBUG:root:received {"dest":"n1","src":"n5","body":{"msg_id":62,"in_reply_to":38,"type":"AppendEntriesRes","res":false,"term":11},"id":283}
INFO:root:387##########:
node
n1
current term
2
next I
{'n1': 1, 'n2': 2, 'n3': 2, 'n4': 1, 'n5': 2}
log
[(('pass', None), 0), (('write', (1, 4)), 1)]
dest
n4

DEBUG:root:sending {"dest": "n4", "src": "n1", "body": {"msg_id": 46, "type": "AppendEntries", "term": 2, "prevIndex": 0, "prevTerm": 0, "entries": [[["write", [1, 4]], 1]], "commit": 0}}
INFO:root:387##########:
node
n1
current term
2
next I
{'n1': 1, 'n2': 2, 'n3': 2, 'n4': 1, 'n5': 1}
log
[(('pass', None), 0), (('write', (1, 4)), 1)]
dest
n5

DEBUG:root:sending {"dest": "n5", "src": "n1", "body": {"msg_id": 47, "type": "AppendEntries", "term": 2, "prevIndex": 0, "prevTerm": 0, "entries": [[["write", [1, 4]], 1]], "commit": 0}}
DEBUG:root:received {"dest":"n1","src":"n2","body":{"msg_id":54,"type":"RequestVote","term":11,"prevLogIndex":1,"lastLogTerm":0,"candidateId":"n2"},"id":290}
DEBUG:root:sending {"dest": "n2", "src": "n1", "body": {"msg_id": 48, "in_reply_to": 54, "type": "RequestVoteRes", "term": 2, "res": false}}
DEBUG:root:received {"dest":"n1","src":"n5","body":{"msg_id":68,"in_reply_to":47,"type":"AppendEntriesRes","res":false,"term":11},"id":303}
INFO:root:387##########:
node
n1
current term
2
next I
{'n1': 1, 'n2': 2, 'n3': 2, 'n4': 1, 'n5': 0}
log
[(('pass', None), 0), (('write', (1, 4)), 1)]
dest
n5

DEBUG:root:sending {"dest": "n5", "src": "n1", "body": {"msg_id": 49, "type": "AppendEntries", "term": 2, "prevIndex": -1, "prevTerm": 1, "entries": [[["pass", null], 0], [["write", [1, 4]], 1]], "commit": 0}}
DEBUG:root:received {"dest":"n1","src":"n4","body":{"msg_id":64,"in_reply_to":46,"type":"AppendEntriesRes","res":false,"term":11},"id":305}
DEBUG:root:received {"dest":"n1","src":"n4","body":{"msg_id":65,"type":"RequestVote","term":12,"prevLogIndex":1,"lastLogTerm":0,"candidateId":"n4"},"id":307}
DEBUG:root:received {"dest":"n1","src":"n3","body":{"msg_id":62,"in_reply_to":36,"type":"AppendEntriesRes","res":false,"term":12},"id":308}
DEBUG:root:received {"dest":"n1","src":"n3","body":{"msg_id":68,"type":"RequestVote","term":13,"prevLogIndex":1,"lastLogTerm":0,"candidateId":"n3"},"id":323}
INFO:root:387##########:
node
n1
current term
2
next I
{'n1': 1, 'n2': 2, 'n3': 2, 'n4': 0, 'n5': 0}
log
[(('pass', None), 0), (('write', (1, 4)), 1)]
dest
n4

DEBUG:root:sending {"dest": "n4", "src": "n1", "body": {"msg_id": 50, "type": "AppendEntries", "term": 2, "prevIndex": -1, "prevTerm": 1, "entries": [[["pass", null], 0], [["write", [1, 4]], 1]], "commit": 0}}
DEBUG:root:sending {"dest": "n4", "src": "n1", "body": {"msg_id": 51, "in_reply_to": 65, "type": "RequestVoteRes", "term": 2, "res": false}}
INFO:root:387##########:
node
n1
current term
2
next I
{'n1': 1, 'n2': 2, 'n3': 1, 'n4': 0, 'n5': 0}
log
[(('pass', None), 0), (('write', (1, 4)), 1)]
dest
n3

DEBUG:root:sending {"dest": "n3", "src": "n1", "body": {"msg_id": 52, "type": "AppendEntries", "term": 2, "prevIndex": 0, "prevTerm": 0, "entries": [[["write", [1, 4]], 1]], "commit": 0}}
DEBUG:root:sending {"dest": "n3", "src": "n1", "body": {"msg_id": 53, "in_reply_to": 68, "type": "RequestVoteRes", "term": 2, "res": false}}
DEBUG:root:received {"dest":"n1","src":"n5","body":{"msg_id":69,"in_reply_to":49,"type":"AppendEntriesRes","res":false,"term":11},"id":332}
INFO:root:387##########:
node
n1
current term
2
next I
{'n1': 1, 'n2': 2, 'n3': 1, 'n4': 0, 'n5': -1}
log
[(('pass', None), 0), (('write', (1, 4)), 1)]
dest
n5

DEBUG:root:sending {"dest": "n5", "src": "n1", "body": {"msg_id": 54, "type": "AppendEntries", "term": 2, "prevIndex": -2, "prevTerm": 0, "entries": [[["write", [1, 4]], 1]], "commit": 0}}
INFO:root:election timeout, starting new election

INFO:root:starting new elections, new term
3

INFO:root:Requesting new Vote

DEBUG:root:sending {"dest": "n1", "src": "n1", "body": {"msg_id": 55, "type": "RequestVote", "term": 3, "prevLogIndex": 1, "lastLogTerm": 1, "candidateId": "n1"}}
DEBUG:root:sending {"dest": "n2", "src": "n1", "body": {"msg_id": 56, "type": "RequestVote", "term": 3, "prevLogIndex": 1, "lastLogTerm": 1, "candidateId": "n1"}}
DEBUG:root:sending {"dest": "n3", "src": "n1", "body": {"msg_id": 57, "type": "RequestVote", "term": 3, "prevLogIndex": 1, "lastLogTerm": 1, "candidateId": "n1"}}
DEBUG:root:sending {"dest": "n4", "src": "n1", "body": {"msg_id": 58, "type": "RequestVote", "term": 3, "prevLogIndex": 1, "lastLogTerm": 1, "candidateId": "n1"}}
DEBUG:root:sending {"dest": "n5", "src": "n1", "body": {"msg_id": 59, "type": "RequestVote", "term": 3, "prevLogIndex": 1, "lastLogTerm": 1, "candidateId": "n1"}}
DEBUG:root:received {"dest":"n1","src":"n2","body":{"msg_id":63,"in_reply_to":35,"type":"AppendEntriesRes","res":false,"term":11},"id":335}
INFO:root:387##########:
node
n1
current term
3
next I
{'n1': 1, 'n2': 1, 'n3': 1, 'n4': 0, 'n5': -1}
log
[(('pass', None), 0), (('write', (1, 4)), 1)]
dest
n2

DEBUG:root:sending {"dest": "n2", "src": "n1", "body": {"msg_id": 60, "type": "AppendEntries", "term": 3, "prevIndex": 0, "prevTerm": 0, "entries": [[["write", [1, 4]], 1]], "commit": 0}}
DEBUG:root:received {"dest":"n1","src":"n3","body":{"msg_id":75,"in_reply_to":52,"type":"AppendEntriesRes","res":false,"term":13},"id":342}
DEBUG:root:received {"dest":"n1","src":"n1","body":{"msg_id":55,"type":"RequestVote","term":3,"prevLogIndex":1,"lastLogTerm":1,"candidateId":"n1"},"id":344}
INFO:root:387##########:
node
n1
current term
3
next I
{'n1': 1, 'n2': 1, 'n3': 0, 'n4': 0, 'n5': -1}
log
[(('pass', None), 0), (('write', (1, 4)), 1)]
dest
n3

DEBUG:root:sending {"dest": "n3", "src": "n1", "body": {"msg_id": 61, "type": "AppendEntries", "term": 3, "prevIndex": -1, "prevTerm": 1, "entries": [[["pass", null], 0], [["write", [1, 4]], 1]], "commit": 0}}
INFO:root:alrady voted in cur election
None
at time
1651669064895137534

DEBUG:root:sending {"dest": "n1", "src": "n1", "body": {"msg_id": 62, "in_reply_to": 55, "type": "RequestVoteRes", "term": 3, "res": true}}
DEBUG:root:received {"dest":"n1","src":"n4","body":{"msg_id":72,"in_reply_to":50,"type":"AppendEntriesRes","res":false,"term":13},"id":354}
DEBUG:root:received {"dest":"n1","src":"n1","body":{"msg_id":62,"in_reply_to":55,"type":"RequestVoteRes","term":3,"res":true},"id":356}
INFO:root:387##########:
node
n1
current term
3
next I
{'n1': 1, 'n2': 1, 'n3': 0, 'n4': -1, 'n5': -1}
log
[(('pass', None), 0), (('write', (1, 4)), 1)]
dest
n4

DEBUG:root:sending {"dest": "n4", "src": "n1", "body": {"msg_id": 63, "type": "AppendEntries", "term": 3, "prevIndex": -2, "prevTerm": 0, "entries": [[["write", [1, 4]], 1]], "commit": 0}}
INFO:root:Got a response to the vote Request #475

INFO:root:node id:
n1
leader
n1
kvsotr
{}
cur term
3
log 
[(('pass', None), 0), (('write', (1, 4)), 1)]
commit indez e last applied
0
0
candidate, votes, voted for
False
0
None
timeout dict
{'n1': 1651669064896876006, 'n2': 1651669064893206482, 'n3': 1651669064894805177, 'n4': 1651669064896537156, 'n5': 1651669064883444189}

INFO:root:resposta
True
majority
3

DEBUG:root:received {"dest":"n1","src":"n3","body":{"msg_id":76,"in_reply_to":57,"type":"RequestVoteRes","term":13,"res":false},"id":357}
DEBUG:root:received {"dest":"n1","src":"n3","body":{"msg_id":77,"in_reply_to":61,"type":"AppendEntriesRes","res":false,"term":13},"id":358}
INFO:root:Got a response to the vote Request #475

INFO:root:node id:
n1
leader
n1
kvsotr
{}
cur term
3
log 
[(('pass', None), 0), (('write', (1, 4)), 1)]
commit indez e last applied
0
0
candidate, votes, voted for
False
0
None
timeout dict
{'n1': 1651669064896876006, 'n2': 1651669064893206482, 'n3': 1651669064898490023, 'n4': 1651669064896537156, 'n5': 1651669064883444189}

INFO:root:resposta
False
majority
3

INFO:root:387##########:
node
n1
current term
3
next I
{'n1': 1, 'n2': 1, 'n3': -1, 'n4': -1, 'n5': -1}
log
[(('pass', None), 0), (('write', (1, 4)), 1)]
dest
n3

DEBUG:root:sending {"dest": "n3", "src": "n1", "body": {"msg_id": 64, "type": "AppendEntries", "term": 3, "prevIndex": -2, "prevTerm": 0, "entries": [[["write", [1, 4]], 1]], "commit": 0}}
DEBUG:root:received {"dest":"n1","src":"n5","body":{"msg_id":72,"in_reply_to":54,"type":"AppendEntriesRes","res":false,"term":12},"id":360}
INFO:root:387##########:
node
n1
current term
3
next I
{'n1': 1, 'n2': 1, 'n3': -1, 'n4': -1, 'n5': -2}
log
[(('pass', None), 0), (('write', (1, 4)), 1)]
dest
n5

ERROR:root:fatal exception in handler
Traceback (most recent call last):
  File "/home/peter/Documents/tf/lab3/ms.py", line 27, in exitOnError
    fn(*args)
  File "/home/peter/Documents/tf/lab3/raft.py", line 405, in handle
    send(node_id, dest, type='AppendEntries', term=current_term, prevIndex = nextIndex[dest]-1,prevTerm=log[nextIndex[dest]-1][1] ,entries=log[nextIndex[dest]:],commit=commitIndex)
IndexError: list index out of range
