DEBUG:root:received {"dest":"n2","body":{"type":"init","node_id":"n2","node_ids":["n1","n2","n3","n4","n5"],"msg_id":1},"src":"c2","id":2}
INFO:root:node n2 initialized
DEBUG:root:sending {"dest": "c2", "src": "n2", "body": {"msg_id": 1, "in_reply_to": 1, "type": "init_ok"}}
INFO:root:node
n1
current time
1651671590803772025
node_time
1651671590803766055
dif
5970
True

INFO:root:LEADER IS DEAD bit of a aldrabation tho 
n1

INFO:root:lead is dead

INFO:root:starting new elections, new term
1
sec, min max hb
0.27028997228242607
0.2
0.5

INFO:root:Requesting new Vote

DEBUG:root:sending {"dest": "n1", "src": "n2", "body": {"msg_id": 2, "type": "RequestVote", "term": 1, "prevLogIndex": 0, "lastLogTerm": 0, "candidateId": "n2"}}
DEBUG:root:sending {"dest": "n2", "src": "n2", "body": {"msg_id": 3, "type": "RequestVote", "term": 1, "prevLogIndex": 0, "lastLogTerm": 0, "candidateId": "n2"}}
DEBUG:root:sending {"dest": "n3", "src": "n2", "body": {"msg_id": 4, "type": "RequestVote", "term": 1, "prevLogIndex": 0, "lastLogTerm": 0, "candidateId": "n2"}}
DEBUG:root:sending {"dest": "n4", "src": "n2", "body": {"msg_id": 5, "type": "RequestVote", "term": 1, "prevLogIndex": 0, "lastLogTerm": 0, "candidateId": "n2"}}
DEBUG:root:sending {"dest": "n5", "src": "n2", "body": {"msg_id": 6, "type": "RequestVote", "term": 1, "prevLogIndex": 0, "lastLogTerm": 0, "candidateId": "n2"}}
DEBUG:root:received {"dest":"n2","src":"n2","body":{"msg_id":3,"type":"RequestVote","term":1,"prevLogIndex":0,"lastLogTerm":0,"candidateId":"n2"},"id":9}
INFO:root:voting for myself
n2
at time
1651671590812333464
nr votes
0

DEBUG:root:sending {"dest": "n2", "src": "n2", "body": {"msg_id": 7, "in_reply_to": 3, "type": "RequestVoteRes", "term": 1, "res": true}}
DEBUG:root:received {"dest":"n2","src":"n4","body":{"msg_id":2,"in_reply_to":5,"type":"RequestVoteRes","term":1,"res":true},"id":13}
DEBUG:root:received {"dest":"n2","src":"n2","body":{"msg_id":7,"in_reply_to":3,"type":"RequestVoteRes","term":1,"res":true},"id":14}
INFO:root:Got a response to the vote Request #475

INFO:root:node id:
n2
leader
n1
kvsotr
{}
cur term
1
log 
[(('pass', None), 0)]
commit indez e last applied
0
0
candidate, votes, voted for
True
0
n2
timeout dict
{'n1': 1651671590803766055, 'n2': 1651671590812329321, 'n3': 1651671590803766055, 'n4': 1651671590813583000, 'n5': 1651671590803766055}
curr time
1651671590813651588

INFO:root:resposta
True
majority
3

INFO:root:antes  #487
0

INFO:root:depois  #489
1

INFO:root:Got a response to the vote Request #475

INFO:root:node id:
n2
leader
n1
kvsotr
{}
cur term
1
log 
[(('pass', None), 0)]
commit indez e last applied
0
0
candidate, votes, voted for
True
1
n2
timeout dict
{'n1': 1651671590803766055, 'n2': 1651671590813879682, 'n3': 1651671590803766055, 'n4': 1651671590813583000, 'n5': 1651671590803766055}
curr time
1651671590813923567

INFO:root:resposta
True
majority
3

INFO:root:antes  #487
1

INFO:root:depois  #489
2

DEBUG:root:received {"dest":"n2","src":"n5","body":{"msg_id":2,"in_reply_to":6,"type":"RequestVoteRes","term":1,"res":true},"id":15}
DEBUG:root:received {"dest":"n2","src":"n3","body":{"msg_id":2,"in_reply_to":4,"type":"RequestVoteRes","term":1,"res":true},"id":16}
INFO:root:Got a response to the vote Request #475

INFO:root:node id:
n2
leader
n1
kvsotr
{}
cur term
1
log 
[(('pass', None), 0)]
commit indez e last applied
0
0
candidate, votes, voted for
True
2
n2
timeout dict
{'n1': 1651671590803766055, 'n2': 1651671590813879682, 'n3': 1651671590803766055, 'n4': 1651671590813583000, 'n5': 1651671590814429009}
curr time
1651671590814482160

INFO:root:resposta
True
majority
3

INFO:root:antes  #487
2

INFO:root:depois  #489
3

INFO:root:became leader
log
[(('pass', None), 0)]
match index
{'n1': 0, 'n2': 0, 'n3': 0, 'n4': 0, 'n5': 0}

INFO:root:vote ended, new leader is
n2

INFO:root:sending HB

INFO:root:HBdest
n1
nextIndex
{'n1': 1, 'n2': 1, 'n3': 1, 'n4': 1, 'n5': 1}
log
[(('pass', None), 0)]

DEBUG:root:sending {"dest": "n1", "src": "n2", "body": {"msg_id": 8, "type": "AppendEntries", "term": 1, "prevIndex": 0, "prevTerm": 0, "entries": [], "commit": 0}}
INFO:root:HBdest
n3
nextIndex
{'n1': 1, 'n2': 1, 'n3': 1, 'n4': 1, 'n5': 1}
log
[(('pass', None), 0)]

DEBUG:root:sending {"dest": "n3", "src": "n2", "body": {"msg_id": 9, "type": "AppendEntries", "term": 1, "prevIndex": 0, "prevTerm": 0, "entries": [], "commit": 0}}
INFO:root:HBdest
n4
nextIndex
{'n1': 1, 'n2': 1, 'n3': 1, 'n4': 1, 'n5': 1}
log
[(('pass', None), 0)]

DEBUG:root:sending {"dest": "n4", "src": "n2", "body": {"msg_id": 10, "type": "AppendEntries", "term": 1, "prevIndex": 0, "prevTerm": 0, "entries": [], "commit": 0}}
INFO:root:HBdest
n5
nextIndex
{'n1': 1, 'n2': 1, 'n3': 1, 'n4': 1, 'n5': 1}
log
[(('pass', None), 0)]

DEBUG:root:sending {"dest": "n5", "src": "n2", "body": {"msg_id": 11, "type": "AppendEntries", "term": 1, "prevIndex": 0, "prevTerm": 0, "entries": [], "commit": 0}}
INFO:root:Got a response to the vote Request #475

INFO:root:node id:
n2
leader
n2
kvsotr
{}
cur term
1
log 
[(('pass', None), 0)]
commit indez e last applied
0
0
candidate, votes, voted for
False
None
None
timeout dict
{'n1': 1651671590803766055, 'n2': 1651671590813879682, 'n3': 1651671590815742250, 'n4': 1651671590813583000, 'n5': 1651671590814429009}
curr time
1651671590815840667

INFO:root:resposta
True
majority
3

DEBUG:root:received {"dest":"n2","src":"n4","body":{"msg_id":3,"in_reply_to":10,"type":"AppendEntriesRes","res":true,"term":1,"next":1,"commit":0},"id":22}
DEBUG:root:received {"dest":"n2","src":"n3","body":{"msg_id":3,"in_reply_to":9,"type":"AppendEntriesRes","res":true,"term":1,"next":1,"commit":0},"id":23}
DEBUG:root:received {"dest":"n2","src":"n5","body":{"msg_id":3,"in_reply_to":11,"type":"AppendEntriesRes","res":true,"term":1,"next":1,"commit":0},"id":24}
DEBUG:root:received {"dest":"n2","src":"n1","body":{"msg_id":1,"in_reply_to":2,"type":"RequestVoteRes","term":1,"res":true},"id":25}
INFO:root:Got a response to the vote Request #475

INFO:root:node id:
n2
leader
n2
kvsotr
{}
cur term
1
log 
[(('pass', None), 0)]
commit indez e last applied
0
0
candidate, votes, voted for
False
None
None
timeout dict
{'n1': 1651671590844098773, 'n2': 1651671590813879682, 'n3': 1651671590819562346, 'n4': 1651671590817812449, 'n5': 1651671590819851930}
curr time
1651671590844213930

INFO:root:resposta
True
majority
3

DEBUG:root:received {"dest":"n2","src":"n1","body":{"msg_id":3,"type":"AppendEntries","term":1,"prevIndex":0,"prevTerm":0,"entries":[],"commit":0},"id":27}
DEBUG:root:sending {"dest": "n1", "src": "n2", "body": {"msg_id": 12, "in_reply_to": 3, "type": "AppendEntriesRes", "res": true, "term": 1, "next": 1, "commit": 0}}
DEBUG:root:received {"dest":"n2","src":"n1","body":{"msg_id":7,"in_reply_to":8,"type":"AppendEntriesRes","res":true,"term":1,"next":1,"commit":0},"id":32}
DEBUG:root:received {"dest":"n2","src":"n1","body":{"msg_id":8,"type":"AppendEntries","term":1,"entries":[[["cas",[1,[0,2]]],1]],"prevIndex":0,"prevTerm":0,"commit":0},"id":37}
INFO:root:commiting command
[['cas', [1, [0, 2]]], 1]

DEBUG:root:sending {"dest": "n1", "src": "n2", "body": {"msg_id": 13, "in_reply_to": 8, "type": "AppendEntriesRes", "res": true, "term": 1, "next": 2, "commit": 0}}
DEBUG:root:received {"dest":"n2","src":"n5","body":{"msg_id":7,"type":"RequestVote","term":2,"prevLogIndex":1,"lastLogTerm":1,"candidateId":"n5"},"id":46}
DEBUG:root:received {"dest":"n2","src":"n4","body":{"msg_id":7,"type":"RequestVote","term":2,"prevLogIndex":1,"lastLogTerm":1,"candidateId":"n4"},"id":49}
INFO:root:log atual
[(('pass', None), 0), [['cas', [1, [0, 2]]], 1]]
prevlog index
1
 last log term
1

DEBUG:root:sending {"dest": "n5", "src": "n2", "body": {"msg_id": 14, "in_reply_to": 7, "type": "RequestVoteRes", "term": 2, "res": true}}
INFO:root:election started and voted vor
n5
at time
1651671590916640902

DEBUG:root:received {"dest":"n2","src":"n3","body":{"msg_id":7,"type":"RequestVote","term":2,"prevLogIndex":1,"lastLogTerm":1,"candidateId":"n3"},"id":60}
DEBUG:root:received {"dest":"n2","src":"n5","body":{"msg_id":14,"type":"AppendEntries","term":2,"prevIndex":1,"prevTerm":1,"entries":[],"commit":0},"id":71}
INFO:root:log atual
[(('pass', None), 0), [['cas', [1, [0, 2]]], 1]]
prevlog index
1
 last log term
1

DEBUG:root:sending {"dest": "n4", "src": "n2", "body": {"msg_id": 15, "in_reply_to": 7, "type": "RequestVoteRes", "term": 2, "res": false}}
INFO:root:log atual
[(('pass', None), 0), [['cas', [1, [0, 2]]], 1]]
prevlog index
1
 last log term
1

DEBUG:root:sending {"dest": "n3", "src": "n2", "body": {"msg_id": 16, "in_reply_to": 7, "type": "RequestVoteRes", "term": 2, "res": false}}
DEBUG:root:sending {"dest": "n5", "src": "n2", "body": {"msg_id": 17, "in_reply_to": 14, "type": "AppendEntriesRes", "res": true, "term": 2, "next": 2, "commit": 0}}
DEBUG:root:received {"dest":"n2","src":"n1","body":{"msg_id":17,"type":"RequestVote","term":3,"prevLogIndex":1,"lastLogTerm":1,"candidateId":"n1"},"id":84}
INFO:root:log atual
[(('pass', None), 0), [['cas', [1, [0, 2]]], 1]]
prevlog index
1
 last log term
1

DEBUG:root:sending {"dest": "n1", "src": "n2", "body": {"msg_id": 18, "in_reply_to": 17, "type": "RequestVoteRes", "term": 2, "res": false}}
DEBUG:root:received {"dest":"n2","src":"n4","body":{"msg_id":17,"type":"RequestVote","term":3,"prevLogIndex":1,"lastLogTerm":1,"candidateId":"n4"},"id":94}
INFO:root:log atual
[(('pass', None), 0), [['cas', [1, [0, 2]]], 1]]
prevlog index
1
 last log term
1

DEBUG:root:sending {"dest": "n4", "src": "n2", "body": {"msg_id": 19, "in_reply_to": 17, "type": "RequestVoteRes", "term": 2, "res": false}}
DEBUG:root:received {"dest":"n2","src":"n1","body":{"msg_id":24,"type":"RequestVote","term":4,"prevLogIndex":1,"lastLogTerm":1,"candidateId":"n1"},"id":100}
INFO:root:log atual
[(('pass', None), 0), [['cas', [1, [0, 2]]], 1]]
prevlog index
1
 last log term
1

DEBUG:root:sending {"dest": "n1", "src": "n2", "body": {"msg_id": 20, "in_reply_to": 24, "type": "RequestVoteRes", "term": 2, "res": false}}
DEBUG:root:received {"dest":"n2","src":"n5","body":{"msg_id":21,"type":"RequestVote","term":3,"prevLogIndex":1,"lastLogTerm":1,"candidateId":"n5"},"id":110}
INFO:root:log atual
[(('pass', None), 0), [['cas', [1, [0, 2]]], 1]]
prevlog index
1
 last log term
1

DEBUG:root:sending {"dest": "n5", "src": "n2", "body": {"msg_id": 21, "in_reply_to": 21, "type": "RequestVoteRes", "term": 3, "res": true}}
INFO:root:election started and voted vor
n5
at time
1651671591024030006

INFO:root:election timeout, starting new election

INFO:root:starting new elections, new term
4
sec, min max hb
0.47791708769431845
0.2
0.5

INFO:root:Requesting new Vote

DEBUG:root:sending {"dest": "n1", "src": "n2", "body": {"msg_id": 22, "type": "RequestVote", "term": 4, "prevLogIndex": 1, "lastLogTerm": 1, "candidateId": "n2"}}
DEBUG:root:received {"dest":"n2","src":"n3","body":{"msg_id":20,"type":"RequestVote","term":3,"prevLogIndex":1,"lastLogTerm":1,"candidateId":"n3"},"id":121}
DEBUG:root:sending {"dest": "n3", "src": "n2", "body": {"msg_id": 23, "in_reply_to": 20, "type": "RequestVoteRes", "term": 4, "res": false}}
DEBUG:root:sending {"dest": "n2", "src": "n2", "body": {"msg_id": 24, "type": "RequestVote", "term": 4, "prevLogIndex": 1, "lastLogTerm": 1, "candidateId": "n2"}}
INFO:root:Bad election request, term is not up to date
None
at time
1651671591028123340

DEBUG:root:sending {"dest": "n3", "src": "n2", "body": {"msg_id": 25, "type": "RequestVote", "term": 4, "prevLogIndex": 1, "lastLogTerm": 1, "candidateId": "n2"}}
DEBUG:root:sending {"dest": "n4", "src": "n2", "body": {"msg_id": 26, "type": "RequestVote", "term": 4, "prevLogIndex": 1, "lastLogTerm": 1, "candidateId": "n2"}}
DEBUG:root:sending {"dest": "n5", "src": "n2", "body": {"msg_id": 27, "type": "RequestVote", "term": 4, "prevLogIndex": 1, "lastLogTerm": 1, "candidateId": "n2"}}
DEBUG:root:received {"dest":"n2","src":"n2","body":{"msg_id":24,"type":"RequestVote","term":4,"prevLogIndex":1,"lastLogTerm":1,"candidateId":"n2"},"id":130}
DEBUG:root:received {"dest":"n2","src":"n1","body":{"msg_id":31,"in_reply_to":22,"type":"RequestVoteRes","term":4,"res":false},"id":132}
INFO:root:voting for myself
n2
at time
1651671591030105824
nr votes
0

DEBUG:root:sending {"dest": "n2", "src": "n2", "body": {"msg_id": 28, "in_reply_to": 24, "type": "RequestVoteRes", "term": 4, "res": true}}
INFO:root:Got a response to the vote Request #475

INFO:root:node id:
n2
leader
n2
kvsotr
{}
cur term
4
log 
[(('pass', None), 0), [['cas', [1, [0, 2]]], 1]]
commit indez e last applied
0
0
candidate, votes, voted for
True
0
n2
timeout dict
{'n1': 1651671591030468001, 'n2': 1651671591030103305, 'n3': 1651671591027592035, 'n4': 1651671591020381287, 'n5': 1651671591023858269}
curr time
1651671591030525776

INFO:root:resposta
False
majority
3

DEBUG:root:received {"dest":"n2","src":"n2","body":{"msg_id":28,"in_reply_to":24,"type":"RequestVoteRes","term":4,"res":true},"id":138}
DEBUG:root:received {"dest":"n2","src":"n5","body":{"msg_id":27,"in_reply_to":27,"type":"RequestVoteRes","term":4,"res":false},"id":139}
DEBUG:root:received {"dest":"n2","src":"n4","body":{"msg_id":25,"in_reply_to":26,"type":"RequestVoteRes","term":3,"res":false},"id":140}
INFO:root:Got a response to the vote Request #475

INFO:root:node id:
n2
leader
n2
kvsotr
{}
cur term
4
log 
[(('pass', None), 0), [['cas', [1, [0, 2]]], 1]]
commit indez e last applied
0
0
candidate, votes, voted for
True
0
n2
timeout dict
{'n1': 1651671591030468001, 'n2': 1651671591031481569, 'n3': 1651671591027592035, 'n4': 1651671591020381287, 'n5': 1651671591023858269}
curr time
1651671591031551224

INFO:root:resposta
True
majority
3

INFO:root:antes  #487
0

INFO:root:depois  #489
1

INFO:root:Got a response to the vote Request #475

INFO:root:node id:
n2
leader
n2
kvsotr
{}
cur term
4
log 
[(('pass', None), 0), [['cas', [1, [0, 2]]], 1]]
commit indez e last applied
0
0
candidate, votes, voted for
True
1
n2
timeout dict
{'n1': 1651671591030468001, 'n2': 1651671591031481569, 'n3': 1651671591027592035, 'n4': 1651671591020381287, 'n5': 1651671591031779788}
curr time
1651671591031823816

INFO:root:resposta
False
majority
3

INFO:root:Got a response to the vote Request #475

INFO:root:node id:
n2
leader
n2
kvsotr
{}
cur term
4
log 
[(('pass', None), 0), [['cas', [1, [0, 2]]], 1]]
commit indez e last applied
0
0
candidate, votes, voted for
True
1
n2
timeout dict
{'n1': 1651671591030468001, 'n2': 1651671591031481569, 'n3': 1651671591027592035, 'n4': 1651671591031960625, 'n5': 1651671591031779788}
curr time
1651671591032006294

DEBUG:root:received {"dest":"n2","src":"n3","body":{"msg_id":25,"in_reply_to":25,"type":"RequestVoteRes","term":3,"res":false},"id":142}
INFO:root:resposta
False
majority
3

INFO:root:Got a response to the vote Request #475

INFO:root:node id:
n2
leader
n2
kvsotr
{}
cur term
4
log 
[(('pass', None), 0), [['cas', [1, [0, 2]]], 1]]
commit indez e last applied
0
0
candidate, votes, voted for
True
1
n2
timeout dict
{'n1': 1651671591030468001, 'n2': 1651671591031481569, 'n3': 1651671591032338055, 'n4': 1651671591031960625, 'n5': 1651671591031779788}
curr time
1651671591032376932

INFO:root:resposta
False
majority
3

DEBUG:root:received {"dest":"n2","src":"n1","body":{"msg_id":32,"type":"AppendEntries","term":4,"prevIndex":1,"prevTerm":1,"entries":[],"commit":0},"id":143}
DEBUG:root:sending {"dest": "n1", "src": "n2", "body": {"msg_id": 29, "in_reply_to": 32, "type": "AppendEntriesRes", "res": true, "term": 4, "next": 2, "commit": 0}}
INFO:root:election timeout, starting new election

INFO:root:starting new elections, new term
5
sec, min max hb
0.30182221279579363
0.2
0.5

INFO:root:Requesting new Vote

DEBUG:root:sending {"dest": "n1", "src": "n2", "body": {"msg_id": 30, "type": "RequestVote", "term": 5, "prevLogIndex": 1, "lastLogTerm": 1, "candidateId": "n2"}}
DEBUG:root:sending {"dest": "n2", "src": "n2", "body": {"msg_id": 31, "type": "RequestVote", "term": 5, "prevLogIndex": 1, "lastLogTerm": 1, "candidateId": "n2"}}
DEBUG:root:sending {"dest": "n3", "src": "n2", "body": {"msg_id": 32, "type": "RequestVote", "term": 5, "prevLogIndex": 1, "lastLogTerm": 1, "candidateId": "n2"}}
DEBUG:root:sending {"dest": "n4", "src": "n2", "body": {"msg_id": 33, "type": "RequestVote", "term": 5, "prevLogIndex": 1, "lastLogTerm": 1, "candidateId": "n2"}}
DEBUG:root:sending {"dest": "n5", "src": "n2", "body": {"msg_id": 34, "type": "RequestVote", "term": 5, "prevLogIndex": 1, "lastLogTerm": 1, "candidateId": "n2"}}
DEBUG:root:received {"dest":"n2","src":"n2","body":{"msg_id":31,"type":"RequestVote","term":5,"prevLogIndex":1,"lastLogTerm":1,"candidateId":"n2"},"id":152}
INFO:root:voting for myself
n2
at time
1651671591081259729
nr votes
0

DEBUG:root:sending {"dest": "n2", "src": "n2", "body": {"msg_id": 35, "in_reply_to": 31, "type": "RequestVoteRes", "term": 5, "res": true}}
DEBUG:root:received {"dest":"n2","src":"n3","body":{"msg_id":27,"in_reply_to":32,"type":"RequestVoteRes","term":5,"res":true},"id":156}
DEBUG:root:received {"dest":"n2","src":"n2","body":{"msg_id":35,"in_reply_to":31,"type":"RequestVoteRes","term":5,"res":true},"id":157}
DEBUG:root:received {"dest":"n2","src":"n4","body":{"msg_id":27,"in_reply_to":33,"type":"RequestVoteRes","term":5,"res":true},"id":158}
DEBUG:root:received {"dest":"n2","src":"n1","body":{"msg_id":36,"in_reply_to":30,"type":"RequestVoteRes","term":4,"res":false},"id":159}
DEBUG:root:received {"dest":"n2","src":"n5","body":{"msg_id":30,"in_reply_to":34,"type":"RequestVoteRes","term":4,"res":false},"id":160}
INFO:root:Got a response to the vote Request #475

INFO:root:node id:
n2
leader
n2
kvsotr
{}
cur term
5
log 
[(('pass', None), 0), [['cas', [1, [0, 2]]], 1]]
commit indez e last applied
0
0
candidate, votes, voted for
True
0
n2
timeout dict
{'n1': 1651671591049072140, 'n2': 1651671591081254241, 'n3': 1651671591083810979, 'n4': 1651671591031960625, 'n5': 1651671591031779788}
curr time
1651671591083945694

INFO:root:resposta
True
majority
3

INFO:root:antes  #487
0

INFO:root:depois  #489
1

INFO:root:Got a response to the vote Request #475

INFO:root:node id:
n2
leader
n2
kvsotr
{}
cur term
5
log 
[(('pass', None), 0), [['cas', [1, [0, 2]]], 1]]
commit indez e last applied
0
0
candidate, votes, voted for
True
1
n2
timeout dict
{'n1': 1651671591049072140, 'n2': 1651671591084348188, 'n3': 1651671591083810979, 'n4': 1651671591031960625, 'n5': 1651671591031779788}
curr time
1651671591084423289

INFO:root:resposta
True
majority
3

INFO:root:antes  #487
1

INFO:root:depois  #489
2

INFO:root:Got a response to the vote Request #475

INFO:root:node id:
n2
leader
n2
kvsotr
{}
cur term
5
log 
[(('pass', None), 0), [['cas', [1, [0, 2]]], 1]]
commit indez e last applied
0
0
candidate, votes, voted for
True
2
n2
timeout dict
{'n1': 1651671591049072140, 'n2': 1651671591084348188, 'n3': 1651671591083810979, 'n4': 1651671591084772467, 'n5': 1651671591031779788}
curr time
1651671591084842597

INFO:root:resposta
True
majority
3

INFO:root:antes  #487
2

INFO:root:depois  #489
3

INFO:root:became leader
log
[(('pass', None), 0), [['cas', [1, [0, 2]]], 1]]
match index
{'n1': 0, 'n2': 0, 'n3': 0, 'n4': 0, 'n5': 0}

INFO:root:vote ended, new leader is
n2

INFO:root:sending HB

INFO:root:HBdest
n1
nextIndex
{'n1': 2, 'n2': 2, 'n3': 2, 'n4': 2, 'n5': 2}
log
[(('pass', None), 0), [['cas', [1, [0, 2]]], 1]]

DEBUG:root:sending {"dest": "n1", "src": "n2", "body": {"msg_id": 36, "type": "AppendEntries", "term": 5, "prevIndex": 1, "prevTerm": 1, "entries": [], "commit": 0}}
INFO:root:HBdest
n3
nextIndex
{'n1': 2, 'n2': 2, 'n3': 2, 'n4': 2, 'n5': 2}
log
[(('pass', None), 0), [['cas', [1, [0, 2]]], 1]]

DEBUG:root:sending {"dest": "n3", "src": "n2", "body": {"msg_id": 37, "type": "AppendEntries", "term": 5, "prevIndex": 1, "prevTerm": 1, "entries": [], "commit": 0}}
INFO:root:HBdest
n4
nextIndex
{'n1': 2, 'n2': 2, 'n3': 2, 'n4': 2, 'n5': 2}
log
[(('pass', None), 0), [['cas', [1, [0, 2]]], 1]]

DEBUG:root:sending {"dest": "n4", "src": "n2", "body": {"msg_id": 38, "type": "AppendEntries", "term": 5, "prevIndex": 1, "prevTerm": 1, "entries": [], "commit": 0}}
INFO:root:HBdest
n5
nextIndex
{'n1': 2, 'n2': 2, 'n3': 2, 'n4': 2, 'n5': 2}
log
[(('pass', None), 0), [['cas', [1, [0, 2]]], 1]]

DEBUG:root:sending {"dest": "n5", "src": "n2", "body": {"msg_id": 39, "type": "AppendEntries", "term": 5, "prevIndex": 1, "prevTerm": 1, "entries": [], "commit": 0}}
INFO:root:Got a response to the vote Request #475

INFO:root:node id:
n2
leader
n2
kvsotr
{}
cur term
5
log 
[(('pass', None), 0), [['cas', [1, [0, 2]]], 1]]
commit indez e last applied
0
0
candidate, votes, voted for
False
None
None
timeout dict
{'n1': 1651671591086841348, 'n2': 1651671591084348188, 'n3': 1651671591083810979, 'n4': 1651671591084772467, 'n5': 1651671591031779788}
curr time
1651671591087002239

INFO:root:resposta
False
majority
3

INFO:root:Got a response to the vote Request #475

INFO:root:node id:
n2
leader
n2
kvsotr
{}
cur term
5
log 
[(('pass', None), 0), [['cas', [1, [0, 2]]], 1]]
commit indez e last applied
0
0
candidate, votes, voted for
False
None
None
timeout dict
{'n1': 1651671591086841348, 'n2': 1651671591084348188, 'n3': 1651671591083810979, 'n4': 1651671591084772467, 'n5': 1651671591087313830}
curr time
1651671591087414880

INFO:root:resposta
False
majority
3

DEBUG:root:received {"dest":"n2","src":"n1","body":{"msg_id":37,"in_reply_to":36,"type":"AppendEntriesRes","res":true,"term":5,"next":2,"commit":0},"id":165}
DEBUG:root:received {"dest":"n2","src":"n3","body":{"msg_id":28,"in_reply_to":37,"type":"AppendEntriesRes","res":true,"term":5,"next":2,"commit":0},"id":166}
DEBUG:root:received {"dest":"n2","src":"n4","body":{"msg_id":28,"in_reply_to":38,"type":"AppendEntriesRes","res":true,"term":5,"next":2,"commit":0},"id":167}
DEBUG:root:received {"dest":"n2","src":"n5","body":{"msg_id":31,"in_reply_to":39,"type":"AppendEntriesRes","res":true,"term":5,"next":2,"commit":0},"id":168}
INFO:root:sending HB

INFO:root:HBdest
n1
nextIndex
{'n1': 2, 'n2': 2, 'n3': 2, 'n4': 2, 'n5': 2}
log
[(('pass', None), 0), [['cas', [1, [0, 2]]], 1]]

DEBUG:root:sending {"dest": "n1", "src": "n2", "body": {"msg_id": 40, "type": "AppendEntries", "term": 5, "prevIndex": 1, "prevTerm": 1, "entries": [], "commit": 0}}
INFO:root:HBdest
n3
nextIndex
{'n1': 2, 'n2': 2, 'n3': 2, 'n4': 2, 'n5': 2}
log
[(('pass', None), 0), [['cas', [1, [0, 2]]], 1]]

DEBUG:root:sending {"dest": "n3", "src": "n2", "body": {"msg_id": 41, "type": "AppendEntries", "term": 5, "prevIndex": 1, "prevTerm": 1, "entries": [], "commit": 0}}
INFO:root:HBdest
n4
nextIndex
{'n1': 2, 'n2': 2, 'n3': 2, 'n4': 2, 'n5': 2}
log
[(('pass', None), 0), [['cas', [1, [0, 2]]], 1]]

DEBUG:root:sending {"dest": "n4", "src": "n2", "body": {"msg_id": 42, "type": "AppendEntries", "term": 5, "prevIndex": 1, "prevTerm": 1, "entries": [], "commit": 0}}
INFO:root:HBdest
n5
nextIndex
{'n1': 2, 'n2': 2, 'n3': 2, 'n4': 2, 'n5': 2}
log
[(('pass', None), 0), [['cas', [1, [0, 2]]], 1]]

DEBUG:root:sending {"dest": "n5", "src": "n2", "body": {"msg_id": 43, "type": "AppendEntries", "term": 5, "prevIndex": 1, "prevTerm": 1, "entries": [], "commit": 0}}
DEBUG:root:received {"dest":"n2","src":"n1","body":{"msg_id":38,"in_reply_to":40,"type":"AppendEntriesRes","res":true,"term":5,"next":2,"commit":0},"id":172}
DEBUG:root:received {"dest":"n2","src":"n4","body":{"msg_id":29,"in_reply_to":42,"type":"AppendEntriesRes","res":true,"term":5,"next":2,"commit":0},"id":174}
DEBUG:root:received {"dest":"n2","src":"n3","body":{"msg_id":29,"in_reply_to":41,"type":"AppendEntriesRes","res":true,"term":5,"next":2,"commit":0},"id":175}
DEBUG:root:received {"dest":"n2","src":"n5","body":{"msg_id":32,"in_reply_to":43,"type":"AppendEntriesRes","res":true,"term":5,"next":2,"commit":0},"id":176}
INFO:root:election ended

DEBUG:root:received {"dest":"n2","src":"n4","body":{"msg_id":31,"type":"RequestVote","term":6,"prevLogIndex":1,"lastLogTerm":1,"candidateId":"n4"},"id":181}
DEBUG:root:received {"dest":"n2","src":"n3","body":{"msg_id":31,"type":"RequestVote","term":6,"prevLogIndex":1,"lastLogTerm":1,"candidateId":"n3"},"id":182}
INFO:root:log atual
[(('pass', None), 0), [['cas', [1, [0, 2]]], 1]]
prevlog index
1
 last log term
1

DEBUG:root:sending {"dest": "n4", "src": "n2", "body": {"msg_id": 44, "in_reply_to": 31, "type": "RequestVoteRes", "term": 6, "res": true}}
INFO:root:election started and voted vor
n4
at time
1651671591187971287

INFO:root:log atual
[(('pass', None), 0), [['cas', [1, [0, 2]]], 1]]
prevlog index
1
 last log term
1

DEBUG:root:sending {"dest": "n3", "src": "n2", "body": {"msg_id": 45, "in_reply_to": 31, "type": "RequestVoteRes", "term": 6, "res": false}}
DEBUG:root:received {"dest":"n2","src":"n4","body":{"msg_id":38,"type":"AppendEntries","term":6,"prevIndex":1,"prevTerm":1,"entries":[],"commit":0},"id":200}
DEBUG:root:sending {"dest": "n4", "src": "n2", "body": {"msg_id": 46, "in_reply_to": 38, "type": "AppendEntriesRes", "res": true, "term": 6, "next": 2, "commit": 0}}
DEBUG:root:received {"dest":"n2","src":"n1","body":{"msg_id":44,"type":"RequestVote","term":7,"prevLogIndex":1,"lastLogTerm":1,"candidateId":"n1"},"id":208}
INFO:root:log atual
[(('pass', None), 0), [['cas', [1, [0, 2]]], 1]]
prevlog index
1
 last log term
1

DEBUG:root:sending {"dest": "n1", "src": "n2", "body": {"msg_id": 47, "in_reply_to": 44, "type": "RequestVoteRes", "term": 6, "res": false}}
INFO:root:leader alive, resuming timeout checker

DEBUG:root:received {"dest":"n2","src":"n3","body":{"msg_id":40,"type":"RequestVote","term":7,"prevLogIndex":1,"lastLogTerm":1,"candidateId":"n3"},"id":218}
INFO:root:log atual
[(('pass', None), 0), [['cas', [1, [0, 2]]], 1]]
prevlog index
1
 last log term
1

DEBUG:root:sending {"dest": "n3", "src": "n2", "body": {"msg_id": 48, "in_reply_to": 40, "type": "RequestVoteRes", "term": 6, "res": false}}
DEBUG:root:received {"dest":"n2","src":"n5","body":{"msg_id":39,"type":"RequestVote","term":7,"prevLogIndex":1,"lastLogTerm":1,"candidateId":"n5"},"id":228}
INFO:root:log atual
[(('pass', None), 0), [['cas', [1, [0, 2]]], 1]]
prevlog index
1
 last log term
1

DEBUG:root:sending {"dest": "n5", "src": "n2", "body": {"msg_id": 49, "in_reply_to": 39, "type": "RequestVoteRes", "term": 6, "res": false}}
DEBUG:root:received {"dest":"n2","src":"n3","body":{"msg_id":47,"type":"RequestVote","term":8,"prevLogIndex":1,"lastLogTerm":1,"candidateId":"n3"},"id":240}
INFO:root:log atual
[(('pass', None), 0), [['cas', [1, [0, 2]]], 1]]
prevlog index
1
 last log term
1

DEBUG:root:sending {"dest": "n3", "src": "n2", "body": {"msg_id": 50, "in_reply_to": 47, "type": "RequestVoteRes", "term": 6, "res": false}}
INFO:root:election timeout, starting new election

INFO:root:starting new elections, new term
7
sec, min max hb
0.4729125546406767
0.2
0.5

INFO:root:Requesting new Vote

DEBUG:root:sending {"dest": "n1", "src": "n2", "body": {"msg_id": 51, "type": "RequestVote", "term": 7, "prevLogIndex": 1, "lastLogTerm": 1, "candidateId": "n2"}}
DEBUG:root:received {"dest":"n2","src":"n1","body":{"msg_id":53,"type":"RequestVote","term":8,"prevLogIndex":1,"lastLogTerm":1,"candidateId":"n1"},"id":250}
INFO:root:log atual
[(('pass', None), 0), [['cas', [1, [0, 2]]], 1]]
prevlog index
1
 last log term
1

DEBUG:root:sending {"dest": "n1", "src": "n2", "body": {"msg_id": 52, "in_reply_to": 53, "type": "RequestVoteRes", "term": 8, "res": true}}
DEBUG:root:sending {"dest": "n2", "src": "n2", "body": {"msg_id": 53, "type": "RequestVote", "term": 8, "prevLogIndex": 1, "lastLogTerm": 1, "candidateId": "n2"}}
DEBUG:root:sending {"dest": "n3", "src": "n2", "body": {"msg_id": 54, "type": "RequestVote", "term": 8, "prevLogIndex": 1, "lastLogTerm": 1, "candidateId": "n2"}}
INFO:root:election started and voted vor
n1
at time
1651671591293982908

DEBUG:root:sending {"dest": "n4", "src": "n2", "body": {"msg_id": 55, "type": "RequestVote", "term": 8, "prevLogIndex": 1, "lastLogTerm": 1, "candidateId": "n2"}}
DEBUG:root:sending {"dest": "n5", "src": "n2", "body": {"msg_id": 56, "type": "RequestVote", "term": 8, "prevLogIndex": 1, "lastLogTerm": 1, "candidateId": "n2"}}
DEBUG:root:received {"dest":"n2","src":"n1","body":{"msg_id":58,"in_reply_to":51,"type":"RequestVoteRes","term":8,"res":false},"id":258}
DEBUG:root:received {"dest":"n2","src":"n2","body":{"msg_id":53,"type":"RequestVote","term":8,"prevLogIndex":1,"lastLogTerm":1,"candidateId":"n2"},"id":259}
INFO:root:Got a response to the vote Request #475

INFO:root:node id:
n2
leader
n2
kvsotr
{}
cur term
8
log 
[(('pass', None), 0), [['cas', [1, [0, 2]]], 1]]
commit indez e last applied
0
0
candidate, votes, voted for
True
0
n1
timeout dict
{'n1': 1651671591297627040, 'n2': 1651671591084348188, 'n3': 1651671591273420791, 'n4': 1651671591201012588, 'n5': 1651671591252993541}
curr time
1651671591297937402

INFO:root:resposta
False
majority
3

INFO:root:voting for myself
n2
at time
1651671591298507172
nr votes
0

DEBUG:root:sending {"dest": "n2", "src": "n2", "body": {"msg_id": 57, "in_reply_to": 53, "type": "RequestVoteRes", "term": 8, "res": true}}
DEBUG:root:received {"dest":"n2","src":"n3","body":{"msg_id":54,"type":"RequestVote","term":9,"prevLogIndex":1,"lastLogTerm":1,"candidateId":"n3"},"id":264}
DEBUG:root:received {"dest":"n2","src":"n5","body":{"msg_id":48,"type":"RequestVote","term":8,"prevLogIndex":1,"lastLogTerm":1,"candidateId":"n5"},"id":269}
INFO:root:log atual
[(('pass', None), 0), [['cas', [1, [0, 2]]], 1]]
prevlog index
1
 last log term
1

DEBUG:root:sending {"dest": "n3", "src": "n2", "body": {"msg_id": 58, "in_reply_to": 54, "type": "RequestVoteRes", "term": 8, "res": false}}
INFO:root:log atual
[(('pass', None), 0), [['cas', [1, [0, 2]]], 1]]
prevlog index
1
 last log term
1

DEBUG:root:sending {"dest": "n5", "src": "n2", "body": {"msg_id": 59, "in_reply_to": 48, "type": "RequestVoteRes", "term": 8, "res": false}}
DEBUG:root:received {"dest":"n2","src":"n2","body":{"msg_id":57,"in_reply_to":53,"type":"RequestVoteRes","term":8,"res":true},"id":273}
DEBUG:root:received {"dest":"n2","src":"n4","body":{"msg_id":47,"in_reply_to":55,"type":"RequestVoteRes","term":8,"res":false},"id":276}
DEBUG:root:received {"dest":"n2","src":"n1","body":{"msg_id":59,"type":"AppendEntries","term":8,"prevIndex":1,"prevTerm":1,"entries":[],"commit":0},"id":279}
INFO:root:Got a response to the vote Request #475

INFO:root:node id:
n2
leader
n2
kvsotr
{}
cur term
8
log 
[(('pass', None), 0), [['cas', [1, [0, 2]]], 1]]
commit indez e last applied
0
0
candidate, votes, voted for
True
0
n2
timeout dict
{'n1': 1651671591297627040, 'n2': 1651671591307734758, 'n3': 1651671591302304491, 'n4': 1651671591201012588, 'n5': 1651671591302997035}
curr time
1651671591307965698

INFO:root:resposta
True
majority
3

INFO:root:antes  #487
0

INFO:root:depois  #489
1

INFO:root:Got a response to the vote Request #475

INFO:root:node id:
n2
leader
n2
kvsotr
{}
cur term
8
log 
[(('pass', None), 0), [['cas', [1, [0, 2]]], 1]]
commit indez e last applied
0
0
candidate, votes, voted for
True
1
n2
timeout dict
{'n1': 1651671591297627040, 'n2': 1651671591307734758, 'n3': 1651671591302304491, 'n4': 1651671591308681697, 'n5': 1651671591302997035}
curr time
1651671591308869315

INFO:root:resposta
False
majority
3

DEBUG:root:sending {"dest": "n1", "src": "n2", "body": {"msg_id": 60, "in_reply_to": 59, "type": "AppendEntriesRes", "res": true, "term": 8, "next": 2, "commit": 0}}
DEBUG:root:received {"dest":"n2","src":"n3","body":{"msg_id":59,"in_reply_to":54,"type":"RequestVoteRes","term":9,"res":false},"id":287}
INFO:root:Got a response to the vote Request #475

INFO:root:node id:
n2
leader
n2
kvsotr
{}
cur term
8
log 
[(('pass', None), 0), [['cas', [1, [0, 2]]], 1]]
commit indez e last applied
0
0
candidate, votes, voted for
True
1
n2
timeout dict
{'n1': 1651671591309283899, 'n2': 1651671591307734758, 'n3': 1651671591310642131, 'n4': 1651671591308681697, 'n5': 1651671591302997035}
curr time
1651671591310856228

INFO:root:resposta
False
majority
3

DEBUG:root:received {"dest":"n2","src":"n5","body":{"msg_id":53,"in_reply_to":56,"type":"RequestVoteRes","term":9,"res":false},"id":293}
DEBUG:root:received {"dest":"n2","src":"n4","body":{"msg_id":51,"type":"RequestVote","term":9,"prevLogIndex":1,"lastLogTerm":1,"candidateId":"n4"},"id":294}
INFO:root:Got a response to the vote Request #475

INFO:root:node id:
n2
leader
n2
kvsotr
{}
cur term
8
log 
[(('pass', None), 0), [['cas', [1, [0, 2]]], 1]]
commit indez e last applied
0
0
candidate, votes, voted for
True
1
n2
timeout dict
{'n1': 1651671591309283899, 'n2': 1651671591307734758, 'n3': 1651671591310642131, 'n4': 1651671591308681697, 'n5': 1651671591315887956}
curr time
1651671591316133113

INFO:root:resposta
False
majority
3

INFO:root:log atual
[(('pass', None), 0), [['cas', [1, [0, 2]]], 1]]
prevlog index
1
 last log term
1

DEBUG:root:sending {"dest": "n4", "src": "n2", "body": {"msg_id": 61, "in_reply_to": 51, "type": "RequestVoteRes", "term": 8, "res": false}}
DEBUG:root:received {"dest":"n2","src":"n5","body":{"msg_id":56,"type":"RequestVote","term":10,"prevLogIndex":1,"lastLogTerm":1,"candidateId":"n5"},"id":303}
INFO:root:log atual
[(('pass', None), 0), [['cas', [1, [0, 2]]], 1]]
prevlog index
1
 last log term
1

DEBUG:root:sending {"dest": "n5", "src": "n2", "body": {"msg_id": 62, "in_reply_to": 56, "type": "RequestVoteRes", "term": 8, "res": false}}
DEBUG:root:received {"dest":"n2","src":"n3","body":{"msg_id":63,"type":"AppendEntries","term":9,"prevIndex":1,"prevTerm":1,"entries":[],"commit":0},"id":317}
INFO:root:vote ended, new leader is
n2

INFO:root:there is a new leader

INFO:root:node id:
n2
leader
n3
kvsotr
{}
cur term
8
log 
[(('pass', None), 0), [['cas', [1, [0, 2]]], 1]]
commit indez e last applied
0
0
candidate, votes, voted for
False
None
None
timeout dict
{'n1': 1651671591309283899, 'n2': 1651671591307734758, 'n3': 1651671591334464463, 'n4': 1651671591316642421, 'n5': 1651671591324205686}
curr time
1651671591334909641

DEBUG:root:sending {"dest": "n3", "src": "n2", "body": {"msg_id": 63, "in_reply_to": 63, "type": "AppendEntriesRes", "res": true, "term": 9, "next": 2, "commit": 0}}
DEBUG:root:received {"dest":"n2","src":"n4","body":{"msg_id":58,"type":"RequestVote","term":10,"prevLogIndex":1,"lastLogTerm":1,"candidateId":"n4"},"id":322}
INFO:root:log atual
[(('pass', None), 0), [['cas', [1, [0, 2]]], 1]]
prevlog index
1
 last log term
1

DEBUG:root:sending {"dest": "n4", "src": "n2", "body": {"msg_id": 64, "in_reply_to": 58, "type": "RequestVoteRes", "term": 10, "res": true}}
INFO:root:election started and voted vor
n4
at time
1651671591339540259

DEBUG:root:received {"dest":"n2","src":"n4","body":{"msg_id":65,"type":"AppendEntries","term":10,"prevIndex":1,"prevTerm":1,"entries":[],"commit":0},"id":338}
DEBUG:root:sending {"dest": "n4", "src": "n2", "body": {"msg_id": 65, "in_reply_to": 65, "type": "AppendEntriesRes", "res": true, "term": 10, "next": 2, "commit": 0}}
DEBUG:root:received {"dest":"n2","src":"n4","body":{"msg_id":69,"type":"AppendEntries","term":10,"entries":[[["cas",[0,[3,4]]],10]],"prevIndex":1,"prevTerm":1,"commit":0},"id":347}
INFO:root:commiting command
[['cas', [0, [3, 4]]], 10]

DEBUG:root:sending {"dest": "n4", "src": "n2", "body": {"msg_id": 66, "in_reply_to": 69, "type": "AppendEntriesRes", "res": true, "term": 10, "next": 3, "commit": 0}}
INFO:root:election timeout, starting new election

INFO:root:starting new elections, new term
11
sec, min max hb
0.41274652692568325
0.2
0.5

INFO:root:Requesting new Vote

DEBUG:root:sending {"dest": "n1", "src": "n2", "body": {"msg_id": 67, "type": "RequestVote", "term": 11, "prevLogIndex": 2, "lastLogTerm": 10, "candidateId": "n2"}}
DEBUG:root:sending {"dest": "n2", "src": "n2", "body": {"msg_id": 68, "type": "RequestVote", "term": 11, "prevLogIndex": 2, "lastLogTerm": 10, "candidateId": "n2"}}
DEBUG:root:sending {"dest": "n3", "src": "n2", "body": {"msg_id": 69, "type": "RequestVote", "term": 11, "prevLogIndex": 2, "lastLogTerm": 10, "candidateId": "n2"}}
DEBUG:root:sending {"dest": "n4", "src": "n2", "body": {"msg_id": 70, "type": "RequestVote", "term": 11, "prevLogIndex": 2, "lastLogTerm": 10, "candidateId": "n2"}}
DEBUG:root:sending {"dest": "n5", "src": "n2", "body": {"msg_id": 71, "type": "RequestVote", "term": 11, "prevLogIndex": 2, "lastLogTerm": 10, "candidateId": "n2"}}
DEBUG:root:received {"dest":"n2","src":"n2","body":{"msg_id":68,"type":"RequestVote","term":11,"prevLogIndex":2,"lastLogTerm":10,"candidateId":"n2"},"id":353}
DEBUG:root:received {"dest":"n2","src":"n1","body":{"msg_id":72,"in_reply_to":67,"type":"RequestVoteRes","term":11,"res":true},"id":357}
INFO:root:voting for myself
n2
at time
1651671591383944494
nr votes
0

DEBUG:root:sending {"dest": "n2", "src": "n2", "body": {"msg_id": 72, "in_reply_to": 68, "type": "RequestVoteRes", "term": 11, "res": true}}
INFO:root:Got a response to the vote Request #475

INFO:root:node id:
n2
leader
n3
kvsotr
{}
cur term
11
log 
[(('pass', None), 0), [['cas', [1, [0, 2]]], 1], [['cas', [0, [3, 4]]], 10]]
commit indez e last applied
0
0
candidate, votes, voted for
True
0
n2
timeout dict
{'n1': 1651671591384168332, 'n2': 1651671591383940822, 'n3': 1651671591334464463, 'n4': 1651671591369858205, 'n5': 1651671591324205686}
curr time
1651671591384223274

INFO:root:resposta
True
majority
3

INFO:root:antes  #487
0

INFO:root:depois  #489
1

DEBUG:root:received {"dest":"n2","src":"n3","body":{"msg_id":71,"in_reply_to":69,"type":"RequestVoteRes","term":11,"res":true},"id":358}
INFO:root:Got a response to the vote Request #475

INFO:root:node id:
n2
leader
n3
kvsotr
{}
cur term
11
log 
[(('pass', None), 0), [['cas', [1, [0, 2]]], 1], [['cas', [0, [3, 4]]], 10]]
commit indez e last applied
0
0
candidate, votes, voted for
True
1
n2
timeout dict
{'n1': 1651671591384168332, 'n2': 1651671591383940822, 'n3': 1651671591384792020, 'n4': 1651671591369858205, 'n5': 1651671591324205686}
curr time
1651671591384852984

INFO:root:resposta
True
majority
3

INFO:root:antes  #487
1

INFO:root:depois  #489
2

DEBUG:root:received {"dest":"n2","src":"n5","body":{"msg_id":67,"in_reply_to":71,"type":"RequestVoteRes","term":10,"res":false},"id":359}
DEBUG:root:received {"dest":"n2","src":"n4","body":{"msg_id":71,"in_reply_to":70,"type":"RequestVoteRes","term":11,"res":true},"id":360}
DEBUG:root:received {"dest":"n2","src":"n2","body":{"msg_id":72,"in_reply_to":68,"type":"RequestVoteRes","term":11,"res":true},"id":361}
INFO:root:Got a response to the vote Request #475

INFO:root:node id:
n2
leader
n3
kvsotr
{}
cur term
11
log 
[(('pass', None), 0), [['cas', [1, [0, 2]]], 1], [['cas', [0, [3, 4]]], 10]]
commit indez e last applied
0
0
candidate, votes, voted for
True
2
n2
timeout dict
{'n1': 1651671591384168332, 'n2': 1651671591383940822, 'n3': 1651671591384792020, 'n4': 1651671591369858205, 'n5': 1651671591385554588}
curr time
1651671591385591701

INFO:root:resposta
False
majority
3

INFO:root:Got a response to the vote Request #475

INFO:root:node id:
n2
leader
n3
kvsotr
{}
cur term
11
log 
[(('pass', None), 0), [['cas', [1, [0, 2]]], 1], [['cas', [0, [3, 4]]], 10]]
commit indez e last applied
0
0
candidate, votes, voted for
True
2
n2
timeout dict
{'n1': 1651671591384168332, 'n2': 1651671591383940822, 'n3': 1651671591384792020, 'n4': 1651671591385672996, 'n5': 1651671591385554588}
curr time
1651671591385695487

INFO:root:resposta
True
majority
3

INFO:root:antes  #487
2

INFO:root:depois  #489
3

INFO:root:became leader
log
[(('pass', None), 0), [['cas', [1, [0, 2]]], 1], [['cas', [0, [3, 4]]], 10]]
match index
{'n1': 0, 'n2': 0, 'n3': 0, 'n4': 0, 'n5': 0}

INFO:root:vote ended, new leader is
n2

INFO:root:sending HB

INFO:root:HBdest
n1
nextIndex
{'n1': 3, 'n2': 3, 'n3': 3, 'n4': 3, 'n5': 3}
log
[(('pass', None), 0), [['cas', [1, [0, 2]]], 1], [['cas', [0, [3, 4]]], 10]]

DEBUG:root:sending {"dest": "n1", "src": "n2", "body": {"msg_id": 73, "type": "AppendEntries", "term": 11, "prevIndex": 2, "prevTerm": 10, "entries": [], "commit": 0}}
INFO:root:HBdest
n3
nextIndex
{'n1': 3, 'n2': 3, 'n3': 3, 'n4': 3, 'n5': 3}
log
[(('pass', None), 0), [['cas', [1, [0, 2]]], 1], [['cas', [0, [3, 4]]], 10]]

DEBUG:root:sending {"dest": "n3", "src": "n2", "body": {"msg_id": 74, "type": "AppendEntries", "term": 11, "prevIndex": 2, "prevTerm": 10, "entries": [], "commit": 0}}
INFO:root:HBdest
n4
nextIndex
{'n1': 3, 'n2': 3, 'n3': 3, 'n4': 3, 'n5': 3}
log
[(('pass', None), 0), [['cas', [1, [0, 2]]], 1], [['cas', [0, [3, 4]]], 10]]

DEBUG:root:sending {"dest": "n4", "src": "n2", "body": {"msg_id": 75, "type": "AppendEntries", "term": 11, "prevIndex": 2, "prevTerm": 10, "entries": [], "commit": 0}}
INFO:root:HBdest
n5
nextIndex
{'n1': 3, 'n2': 3, 'n3': 3, 'n4': 3, 'n5': 3}
log
[(('pass', None), 0), [['cas', [1, [0, 2]]], 1], [['cas', [0, [3, 4]]], 10]]

DEBUG:root:sending {"dest": "n5", "src": "n2", "body": {"msg_id": 76, "type": "AppendEntries", "term": 11, "prevIndex": 2, "prevTerm": 10, "entries": [], "commit": 0}}
INFO:root:Got a response to the vote Request #475

INFO:root:node id:
n2
leader
n2
kvsotr
{}
cur term
11
log 
[(('pass', None), 0), [['cas', [1, [0, 2]]], 1], [['cas', [0, [3, 4]]], 10]]
commit indez e last applied
0
0
candidate, votes, voted for
False
None
None
timeout dict
{'n1': 1651671591384168332, 'n2': 1651671591386947852, 'n3': 1651671591384792020, 'n4': 1651671591385672996, 'n5': 1651671591385554588}
curr time
1651671591387047882

INFO:root:resposta
True
majority
3

DEBUG:root:received {"dest":"n2","src":"n3","body":{"msg_id":72,"in_reply_to":74,"type":"AppendEntriesRes","res":false,"term":11},"id":366}
DEBUG:root:received {"dest":"n2","src":"n4","body":{"msg_id":72,"in_reply_to":75,"type":"AppendEntriesRes","res":true,"term":11,"next":3,"commit":0},"id":367}
DEBUG:root:received {"dest":"n2","src":"n1","body":{"msg_id":73,"in_reply_to":73,"type":"AppendEntriesRes","res":true,"term":11,"next":3,"commit":0},"id":368}
DEBUG:root:received {"dest":"n2","src":"n5","body":{"msg_id":68,"in_reply_to":76,"type":"AppendEntriesRes","res":true,"term":11,"next":3,"commit":0},"id":369}
INFO:root:387##########:
node
n2
current term
11
next I
{'n1': 3, 'n2': 3, 'n3': 2, 'n4': 3, 'n5': 3}
log
[(('pass', None), 0), [['cas', [1, [0, 2]]], 1], [['cas', [0, [3, 4]]], 10]]
dest
n3

DEBUG:root:sending {"dest": "n3", "src": "n2", "body": {"msg_id": 77, "type": "AppendEntries", "term": 11, "prevIndex": 1, "prevTerm": 1, "entries": [[["cas", [0, [3, 4]]], 10]], "commit": 0}}
DEBUG:root:received {"dest":"n2","src":"n3","body":{"msg_id":73,"in_reply_to":77,"type":"AppendEntriesRes","res":true,"term":11,"next":4,"commit":0},"id":371}
INFO:root:election ended

DEBUG:root:received {"dest":"n2","src":"n4","body":{"msg_id":74,"type":"RequestVote","term":12,"prevLogIndex":2,"lastLogTerm":10,"candidateId":"n4"},"id":373}
DEBUG:root:received {"dest":"n2","src":"n4","body":{"msg_id":80,"type":"RequestVote","term":13,"prevLogIndex":2,"lastLogTerm":10,"candidateId":"n4"},"id":382}
INFO:root:log atual
[(('pass', None), 0), [['cas', [1, [0, 2]]], 1], [['cas', [0, [3, 4]]], 10]]
prevlog index
2
 last log term
10

DEBUG:root:sending {"dest": "n4", "src": "n2", "body": {"msg_id": 78, "in_reply_to": 74, "type": "RequestVoteRes", "term": 12, "res": true}}
INFO:root:election started and voted vor
n4
at time
1651671591398630609

INFO:root:log atual
[(('pass', None), 0), [['cas', [1, [0, 2]]], 1], [['cas', [0, [3, 4]]], 10]]
prevlog index
2
 last log term
10

DEBUG:root:sending {"dest": "n4", "src": "n2", "body": {"msg_id": 79, "in_reply_to": 80, "type": "RequestVoteRes", "term": 13, "res": true}}
INFO:root:election started and voted vor
n4
at time
1651671591399145318

DEBUG:root:received {"dest":"n2","src":"n4","body":{"msg_id":86,"type":"AppendEntries","term":13,"prevIndex":2,"prevTerm":10,"entries":[],"commit":0},"id":393}
DEBUG:root:sending {"dest": "n4", "src": "n2", "body": {"msg_id": 80, "in_reply_to": 86, "type": "AppendEntriesRes", "res": true, "term": 13, "next": 3, "commit": 0}}
DEBUG:root:received {"dest":"n2","src":"n5","body":{"msg_id":73,"type":"RequestVote","term":14,"prevLogIndex":2,"lastLogTerm":10,"candidateId":"n5"},"id":403}
INFO:root:log atual
[(('pass', None), 0), [['cas', [1, [0, 2]]], 1], [['cas', [0, [3, 4]]], 10]]
prevlog index
2
 last log term
10

DEBUG:root:sending {"dest": "n5", "src": "n2", "body": {"msg_id": 81, "in_reply_to": 73, "type": "RequestVoteRes", "term": 13, "res": false}}
DEBUG:root:received {"dest":"n2","src":"n5","body":{"msg_id":79,"type":"AppendEntries","term":14,"prevIndex":2,"prevTerm":10,"entries":[],"commit":0},"id":413}
INFO:root:vote ended, new leader is
n2

INFO:root:there is a new leader

INFO:root:node id:
n2
leader
n5
kvsotr
{}
cur term
13
log 
[(('pass', None), 0), [['cas', [1, [0, 2]]], 1], [['cas', [0, [3, 4]]], 10]]
commit indez e last applied
0
0
candidate, votes, voted for
False
None
None
timeout dict
{'n1': 1651671591387932965, 'n2': 1651671591386947852, 'n3': 1651671591388926722, 'n4': 1651671591402414645, 'n5': 1651671591417025988}
curr time
1651671591417142037

DEBUG:root:sending {"dest": "n5", "src": "n2", "body": {"msg_id": 82, "in_reply_to": 79, "type": "AppendEntriesRes", "res": true, "term": 14, "next": 3, "commit": 0}}
DEBUG:root:received {"dest":"n2","src":"n1","body":{"msg_id":80,"type":"RequestVote","term":15,"prevLogIndex":2,"lastLogTerm":10,"candidateId":"n1"},"id":423}
INFO:root:log atual
[(('pass', None), 0), [['cas', [1, [0, 2]]], 1], [['cas', [0, [3, 4]]], 10]]
prevlog index
2
 last log term
10

DEBUG:root:sending {"dest": "n1", "src": "n2", "body": {"msg_id": 83, "in_reply_to": 80, "type": "RequestVoteRes", "term": 15, "res": true}}
INFO:root:election started and voted vor
n1
at time
1651671591419753419

DEBUG:root:received {"dest":"n2","src":"n1","body":{"msg_id":85,"type":"AppendEntries","term":15,"prevIndex":2,"prevTerm":10,"entries":[],"commit":0},"id":432}
DEBUG:root:sending {"dest": "n1", "src": "n2", "body": {"msg_id": 84, "in_reply_to": 85, "type": "AppendEntriesRes", "res": true, "term": 15, "next": 3, "commit": 0}}
INFO:root:election timeout, starting new election

INFO:root:starting new elections, new term
16
sec, min max hb
0.3842769704551251
0.2
0.5

INFO:root:Requesting new Vote

DEBUG:root:sending {"dest": "n1", "src": "n2", "body": {"msg_id": 85, "type": "RequestVote", "term": 16, "prevLogIndex": 2, "lastLogTerm": 10, "candidateId": "n2"}}
DEBUG:root:sending {"dest": "n2", "src": "n2", "body": {"msg_id": 86, "type": "RequestVote", "term": 16, "prevLogIndex": 2, "lastLogTerm": 10, "candidateId": "n2"}}
DEBUG:root:sending {"dest": "n3", "src": "n2", "body": {"msg_id": 87, "type": "RequestVote", "term": 16, "prevLogIndex": 2, "lastLogTerm": 10, "candidateId": "n2"}}
DEBUG:root:sending {"dest": "n4", "src": "n2", "body": {"msg_id": 88, "type": "RequestVote", "term": 16, "prevLogIndex": 2, "lastLogTerm": 10, "candidateId": "n2"}}
DEBUG:root:sending {"dest": "n5", "src": "n2", "body": {"msg_id": 89, "type": "RequestVote", "term": 16, "prevLogIndex": 2, "lastLogTerm": 10, "candidateId": "n2"}}
DEBUG:root:received {"dest":"n2","src":"n2","body":{"msg_id":86,"type":"RequestVote","term":16,"prevLogIndex":2,"lastLogTerm":10,"candidateId":"n2"},"id":443}
INFO:root:voting for myself
n2
at time
1651671591443125253
nr votes
0

DEBUG:root:sending {"dest": "n2", "src": "n2", "body": {"msg_id": 90, "in_reply_to": 86, "type": "RequestVoteRes", "term": 16, "res": true}}
DEBUG:root:received {"dest":"n2","src":"n2","body":{"msg_id":90,"in_reply_to":86,"type":"RequestVoteRes","term":16,"res":true},"id":447}
DEBUG:root:received {"dest":"n2","src":"n3","body":{"msg_id":84,"in_reply_to":87,"type":"RequestVoteRes","term":15,"res":false},"id":448}
DEBUG:root:received {"dest":"n2","src":"n5","body":{"msg_id":85,"in_reply_to":89,"type":"RequestVoteRes","term":15,"res":false},"id":449}
DEBUG:root:received {"dest":"n2","src":"n1","body":{"msg_id":90,"in_reply_to":85,"type":"RequestVoteRes","term":16,"res":true},"id":450}
DEBUG:root:received {"dest":"n2","src":"n4","body":{"msg_id":94,"in_reply_to":88,"type":"RequestVoteRes","term":16,"res":true},"id":451}
INFO:root:Got a response to the vote Request #475

INFO:root:node id:
n2
leader
n5
kvsotr
{}
cur term
16
log 
[(('pass', None), 0), [['cas', [1, [0, 2]]], 1], [['cas', [0, [3, 4]]], 10]]
commit indez e last applied
0
0
candidate, votes, voted for
True
0
n2
timeout dict
{'n1': 1651671591425600123, 'n2': 1651671591444252020, 'n3': 1651671591388926722, 'n4': 1651671591402414645, 'n5': 1651671591417025988}
curr time
1651671591444302226

INFO:root:resposta
True
majority
3

INFO:root:antes  #487
0

INFO:root:depois  #489
1

INFO:root:Got a response to the vote Request #475

INFO:root:node id:
n2
leader
n5
kvsotr
{}
cur term
16
log 
[(('pass', None), 0), [['cas', [1, [0, 2]]], 1], [['cas', [0, [3, 4]]], 10]]
commit indez e last applied
0
0
candidate, votes, voted for
True
1
n2
timeout dict
{'n1': 1651671591425600123, 'n2': 1651671591444252020, 'n3': 1651671591444476600, 'n4': 1651671591402414645, 'n5': 1651671591417025988}
curr time
1651671591444509433

INFO:root:resposta
False
majority
3

INFO:root:Got a response to the vote Request #475

INFO:root:node id:
n2
leader
n5
kvsotr
{}
cur term
16
log 
[(('pass', None), 0), [['cas', [1, [0, 2]]], 1], [['cas', [0, [3, 4]]], 10]]
commit indez e last applied
0
0
candidate, votes, voted for
True
1
n2
timeout dict
{'n1': 1651671591425600123, 'n2': 1651671591444252020, 'n3': 1651671591444476600, 'n4': 1651671591402414645, 'n5': 1651671591444610996}
curr time
1651671591444643251

INFO:root:resposta
False
majority
3

INFO:root:Got a response to the vote Request #475

INFO:root:node id:
n2
leader
n5
kvsotr
{}
cur term
16
log 
[(('pass', None), 0), [['cas', [1, [0, 2]]], 1], [['cas', [0, [3, 4]]], 10]]
commit indez e last applied
0
0
candidate, votes, voted for
True
1
n2
timeout dict
{'n1': 1651671591444739102, 'n2': 1651671591444252020, 'n3': 1651671591444476600, 'n4': 1651671591402414645, 'n5': 1651671591444610996}
curr time
1651671591444771024

INFO:root:resposta
True
majority
3

INFO:root:antes  #487
1

INFO:root:depois  #489
2

INFO:root:Got a response to the vote Request #475

INFO:root:node id:
n2
leader
n5
kvsotr
{}
cur term
16
log 
[(('pass', None), 0), [['cas', [1, [0, 2]]], 1], [['cas', [0, [3, 4]]], 10]]
commit indez e last applied
0
0
candidate, votes, voted for
True
2
n2
timeout dict
{'n1': 1651671591444739102, 'n2': 1651671591444252020, 'n3': 1651671591444476600, 'n4': 1651671591444921680, 'n5': 1651671591444610996}
curr time
1651671591444952788

INFO:root:resposta
True
majority
3

INFO:root:antes  #487
2

INFO:root:depois  #489
3

INFO:root:became leader
log
[(('pass', None), 0), [['cas', [1, [0, 2]]], 1], [['cas', [0, [3, 4]]], 10]]
match index
{'n1': 0, 'n2': 0, 'n3': 0, 'n4': 0, 'n5': 0}

INFO:root:vote ended, new leader is
n2

INFO:root:sending HB

INFO:root:HBdest
n1
nextIndex
{'n1': 3, 'n2': 3, 'n3': 3, 'n4': 3, 'n5': 3}
log
[(('pass', None), 0), [['cas', [1, [0, 2]]], 1], [['cas', [0, [3, 4]]], 10]]

DEBUG:root:sending {"dest": "n1", "src": "n2", "body": {"msg_id": 91, "type": "AppendEntries", "term": 16, "prevIndex": 2, "prevTerm": 10, "entries": [], "commit": 0}}
INFO:root:HBdest
n3
nextIndex
{'n1': 3, 'n2': 3, 'n3': 3, 'n4': 3, 'n5': 3}
log
[(('pass', None), 0), [['cas', [1, [0, 2]]], 1], [['cas', [0, [3, 4]]], 10]]

DEBUG:root:sending {"dest": "n3", "src": "n2", "body": {"msg_id": 92, "type": "AppendEntries", "term": 16, "prevIndex": 2, "prevTerm": 10, "entries": [], "commit": 0}}
INFO:root:HBdest
n4
nextIndex
{'n1': 3, 'n2': 3, 'n3': 3, 'n4': 3, 'n5': 3}
log
[(('pass', None), 0), [['cas', [1, [0, 2]]], 1], [['cas', [0, [3, 4]]], 10]]

DEBUG:root:sending {"dest": "n4", "src": "n2", "body": {"msg_id": 93, "type": "AppendEntries", "term": 16, "prevIndex": 2, "prevTerm": 10, "entries": [], "commit": 0}}
INFO:root:HBdest
n5
nextIndex
{'n1': 3, 'n2': 3, 'n3': 3, 'n4': 3, 'n5': 3}
log
[(('pass', None), 0), [['cas', [1, [0, 2]]], 1], [['cas', [0, [3, 4]]], 10]]

DEBUG:root:sending {"dest": "n5", "src": "n2", "body": {"msg_id": 94, "type": "AppendEntries", "term": 16, "prevIndex": 2, "prevTerm": 10, "entries": [], "commit": 0}}
DEBUG:root:received {"dest":"n2","src":"n1","body":{"msg_id":91,"in_reply_to":91,"type":"AppendEntriesRes","res":true,"term":16,"next":3,"commit":0},"id":456}
DEBUG:root:received {"dest":"n2","src":"n3","body":{"msg_id":85,"in_reply_to":92,"type":"AppendEntriesRes","res":false,"term":15},"id":457}
INFO:root:387##########:
node
n2
current term
16
next I
{'n1': 3, 'n2': 3, 'n3': 2, 'n4': 3, 'n5': 3}
log
[(('pass', None), 0), [['cas', [1, [0, 2]]], 1], [['cas', [0, [3, 4]]], 10]]
dest
n3

DEBUG:root:received {"dest":"n2","src":"n4","body":{"msg_id":95,"in_reply_to":93,"type":"AppendEntriesRes","res":true,"term":16,"next":3,"commit":0},"id":458}
DEBUG:root:sending {"dest": "n3", "src": "n2", "body": {"msg_id": 95, "type": "AppendEntries", "term": 16, "prevIndex": 1, "prevTerm": 1, "entries": [[["cas", [0, [3, 4]]], 10]], "commit": 0}}
DEBUG:root:received {"dest":"n2","src":"n5","body":{"msg_id":86,"in_reply_to":94,"type":"AppendEntriesRes","res":true,"term":16,"next":3,"commit":0},"id":459}
DEBUG:root:received {"dest":"n2","src":"n3","body":{"msg_id":86,"in_reply_to":95,"type":"AppendEntriesRes","res":true,"term":16,"next":8,"commit":0},"id":461}
DEBUG:root:received {"dest":"n2","src":"n1","body":{"msg_id":93,"type":"RequestVote","term":17,"prevLogIndex":2,"lastLogTerm":10,"candidateId":"n1"},"id":463}
INFO:root:log atual
[(('pass', None), 0), [['cas', [1, [0, 2]]], 1], [['cas', [0, [3, 4]]], 10]]
prevlog index
2
 last log term
10

DEBUG:root:sending {"dest": "n1", "src": "n2", "body": {"msg_id": 96, "in_reply_to": 93, "type": "RequestVoteRes", "term": 17, "res": true}}
INFO:root:election started and voted vor
n1
at time
1651671591482542469

DEBUG:root:received {"dest":"n2","src":"n1","body":{"msg_id":99,"type":"RequestVote","term":18,"prevLogIndex":2,"lastLogTerm":10,"candidateId":"n1"},"id":473}
INFO:root:log atual
[(('pass', None), 0), [['cas', [1, [0, 2]]], 1], [['cas', [0, [3, 4]]], 10]]
prevlog index
2
 last log term
10

DEBUG:root:sending {"dest": "n1", "src": "n2", "body": {"msg_id": 97, "in_reply_to": 99, "type": "RequestVoteRes", "term": 18, "res": true}}
INFO:root:election started and voted vor
n1
at time
1651671591485171738

DEBUG:root:received {"dest":"n2","src":"n4","body":{"msg_id":98,"type":"RequestVote","term":17,"prevLogIndex":2,"lastLogTerm":10,"candidateId":"n4"},"id":479}
DEBUG:root:sending {"dest": "n4", "src": "n2", "body": {"msg_id": 98, "in_reply_to": 98, "type": "RequestVoteRes", "term": 18, "res": false}}
INFO:root:Bad election request, term is not up to date
n1
at time
1651671591486134742

DEBUG:root:received {"dest":"n2","src":"n1","body":{"msg_id":104,"type":"AppendEntries","term":18,"prevIndex":2,"prevTerm":10,"entries":[],"commit":0},"id":489}
DEBUG:root:sending {"dest": "n1", "src": "n2", "body": {"msg_id": 99, "in_reply_to": 104, "type": "AppendEntriesRes", "res": true, "term": 18, "next": 3, "commit": 0}}
DEBUG:root:received {"dest":"n2","src":"n5","body":{"msg_id":92,"type":"RequestVote","term":19,"prevLogIndex":2,"lastLogTerm":10,"candidateId":"n5"},"id":503}
INFO:root:log atual
[(('pass', None), 0), [['cas', [1, [0, 2]]], 1], [['cas', [0, [3, 4]]], 10]]
prevlog index
2
 last log term
10

DEBUG:root:sending {"dest": "n5", "src": "n2", "body": {"msg_id": 100, "in_reply_to": 92, "type": "RequestVoteRes", "term": 18, "res": false}}
INFO:root:leader alive, resuming timeout checker

INFO:root:election timeout, starting new election

INFO:root:election timeout, starting new election

INFO:root:starting new elections, new term
19
sec, min max hb
0.22946164581383083
0.2
0.5

INFO:root:Requesting new Vote

INFO:root:starting new elections, new term
20
sec, min max hb
0.26001205894463986
0.2
0.5

DEBUG:root:sending {"dest": "n1", "src": "n2", "body": {"msg_id": 101, "type": "RequestVote", "term": 20, "prevLogIndex": 2, "lastLogTerm": 10, "candidateId": "n2"}}
INFO:root:Requesting new Vote

DEBUG:root:received {"dest":"n2","src":"n5","body":{"msg_id":98,"type":"RequestVote","term":20,"prevLogIndex":2,"lastLogTerm":10,"candidateId":"n5"},"id":513}
DEBUG:root:sending {"dest": "n2", "src": "n2", "body": {"msg_id": 102, "type": "RequestVote", "term": 20, "prevLogIndex": 2, "lastLogTerm": 10, "candidateId": "n2"}}
DEBUG:root:sending {"dest": "n1", "src": "n2", "body": {"msg_id": 103, "type": "RequestVote", "term": 20, "prevLogIndex": 2, "lastLogTerm": 10, "candidateId": "n2"}}
INFO:root:log atual
[(('pass', None), 0), [['cas', [1, [0, 2]]], 1], [['cas', [0, [3, 4]]], 10]]
prevlog index
2
 last log term
10

DEBUG:root:sending {"dest": "n5", "src": "n2", "body": {"msg_id": 104, "in_reply_to": 98, "type": "RequestVoteRes", "term": 20, "res": true}}
DEBUG:root:received {"dest":"n2","src":"n2","body":{"msg_id":102,"type":"RequestVote","term":20,"prevLogIndex":2,"lastLogTerm":10,"candidateId":"n2"},"id":522}
DEBUG:root:sending {"dest": "n3", "src": "n2", "body": {"msg_id": 105, "type": "RequestVote", "term": 20, "prevLogIndex": 2, "lastLogTerm": 10, "candidateId": "n2"}}
DEBUG:root:sending {"dest": "n2", "src": "n2", "body": {"msg_id": 106, "type": "RequestVote", "term": 20, "prevLogIndex": 2, "lastLogTerm": 10, "candidateId": "n2"}}
DEBUG:root:sending {"dest": "n3", "src": "n2", "body": {"msg_id": 108, "type": "RequestVote", "term": 20, "prevLogIndex": 2, "lastLogTerm": 10, "candidateId": "n2"}}
DEBUG:root:received {"dest":"n2","src":"n1","body":{"msg_id":112,"in_reply_to":101,"type":"RequestVoteRes","term":20,"res":false},"id":525}
DEBUG:root:sending {"dest": "n4", "src": "n2", "body": {"msg_id": 107, "type": "RequestVote", "term": 20, "prevLogIndex": 2, "lastLogTerm": 10, "candidateId": "n2"}}
DEBUG:root:sending {"dest": "n5", "src": "n2", "body": {"msg_id": 110, "type": "RequestVote", "term": 20, "prevLogIndex": 2, "lastLogTerm": 10, "candidateId": "n2"}}
DEBUG:root:received {"dest":"n2","src":"n1","body":{"msg_id":113,"in_reply_to":103,"type":"RequestVoteRes","term":20,"res":false},"id":526}
DEBUG:root:received {"dest":"n2","src":"n2","body":{"msg_id":106,"type":"RequestVote","term":20,"prevLogIndex":2,"lastLogTerm":10,"candidateId":"n2"},"id":528}
INFO:root:election started and voted vor
n5
at time
1651671591501129551

DEBUG:root:sending {"dest": "n4", "src": "n2", "body": {"msg_id": 109, "type": "RequestVote", "term": 20, "prevLogIndex": 2, "lastLogTerm": 10, "candidateId": "n2"}}
DEBUG:root:sending {"dest": "n5", "src": "n2", "body": {"msg_id": 111, "type": "RequestVote", "term": 20, "prevLogIndex": 2, "lastLogTerm": 10, "candidateId": "n2"}}
DEBUG:root:received {"dest":"n2","src":"n5","body":{"msg_id":104,"type":"AppendEntries","term":20,"prevIndex":2,"prevTerm":10,"entries":[],"commit":0},"id":533}
DEBUG:root:received {"dest":"n2","src":"n3","body":{"msg_id":94,"in_reply_to":105,"type":"RequestVoteRes","term":18,"res":false},"id":535}
DEBUG:root:received {"dest":"n2","src":"n3","body":{"msg_id":95,"in_reply_to":108,"type":"RequestVoteRes","term":18,"res":false},"id":536}
INFO:root:voting for myself
n2
at time
1651671591504508022
nr votes
0

DEBUG:root:sending {"dest": "n2", "src": "n2", "body": {"msg_id": 112, "in_reply_to": 102, "type": "RequestVoteRes", "term": 20, "res": true}}
INFO:root:Got a response to the vote Request #475

INFO:root:node id:
n2
leader
n2
kvsotr
{}
cur term
20
log 
[(('pass', None), 0), [['cas', [1, [0, 2]]], 1], [['cas', [0, [3, 4]]], 10]]
commit indez e last applied
0
0
candidate, votes, voted for
True
0
n2
timeout dict
{'n1': 1651671591504726582, 'n2': 1651671591504505200, 'n3': 1651671591448031494, 'n4': 1651671591486022896, 'n5': 1651671591500424316}
curr time
1651671591504790057

INFO:root:resposta
False
majority
3

INFO:root:Got a response to the vote Request #475

INFO:root:node id:
n2
leader
n2
kvsotr
{}
cur term
20
log 
[(('pass', None), 0), [['cas', [1, [0, 2]]], 1], [['cas', [0, [3, 4]]], 10]]
commit indez e last applied
0
0
candidate, votes, voted for
True
0
n2
timeout dict
{'n1': 1651671591505001852, 'n2': 1651671591504505200, 'n3': 1651671591448031494, 'n4': 1651671591486022896, 'n5': 1651671591500424316}
curr time
1651671591505061670

INFO:root:resposta
False
majority
3

INFO:root:voting for myself
n2
at time
1651671591505190871
nr votes
0

DEBUG:root:sending {"dest": "n2", "src": "n2", "body": {"msg_id": 113, "in_reply_to": 106, "type": "RequestVoteRes", "term": 20, "res": true}}
DEBUG:root:received {"dest":"n2","src":"n4","body":{"msg_id":107,"in_reply_to":107,"type":"RequestVoteRes","term":18,"res":false},"id":541}
DEBUG:root:received {"dest":"n2","src":"n5","body":{"msg_id":107,"in_reply_to":110,"type":"RequestVoteRes","term":20,"res":true},"id":542}
DEBUG:root:sending {"dest": "n5", "src": "n2", "body": {"msg_id": 114, "in_reply_to": 104, "type": "AppendEntriesRes", "res": true, "term": 20, "next": 3, "commit": 0}}
DEBUG:root:received {"dest":"n2","src":"n2","body":{"msg_id":112,"in_reply_to":102,"type":"RequestVoteRes","term":20,"res":true},"id":544}
DEBUG:root:received {"dest":"n2","src":"n4","body":{"msg_id":109,"in_reply_to":109,"type":"RequestVoteRes","term":20,"res":true},"id":546}
DEBUG:root:received {"dest":"n2","src":"n5","body":{"msg_id":108,"in_reply_to":111,"type":"RequestVoteRes","term":20,"res":true},"id":547}
INFO:root:Got a response to the vote Request #475

INFO:root:sending HB

DEBUG:root:received {"dest":"n2","src":"n2","body":{"msg_id":113,"in_reply_to":106,"type":"RequestVoteRes","term":20,"res":true},"id":548}
INFO:root:node id:
n2
leader
n2
kvsotr
{}
cur term
20
log 
[(('pass', None), 0), [['cas', [1, [0, 2]]], 1], [['cas', [0, [3, 4]]], 10]]
commit indez e last applied
0
0
candidate, votes, voted for
True
0
n2
timeout dict
{'n1': 1651671591505001852, 'n2': 1651671591505188534, 'n3': 1651671591505949555, 'n4': 1651671591486022896, 'n5': 1651671591505572741}
curr time
1651671591507081935

INFO:root:HBdest
n1
nextIndex
{'n1': 3, 'n2': 3, 'n3': 8, 'n4': 3, 'n5': 3}
log
[(('pass', None), 0), [['cas', [1, [0, 2]]], 1], [['cas', [0, [3, 4]]], 10]]

INFO:root:resposta
False
majority
3

DEBUG:root:sending {"dest": "n1", "src": "n2", "body": {"msg_id": 115, "type": "AppendEntries", "term": 20, "prevIndex": 2, "prevTerm": 10, "entries": [], "commit": 0}}
INFO:root:Got a response to the vote Request #475

INFO:root:node id:
n2
leader
n2
kvsotr
{}
cur term
20
log 
[(('pass', None), 0), [['cas', [1, [0, 2]]], 1], [['cas', [0, [3, 4]]], 10]]
commit indez e last applied
0
0
candidate, votes, voted for
True
0
n2
timeout dict
{'n1': 1651671591505001852, 'n2': 1651671591505188534, 'n3': 1651671591507572369, 'n4': 1651671591486022896, 'n5': 1651671591505572741}
curr time
1651671591508038923

INFO:root:resposta
False
majority
3

INFO:root:Got a response to the vote Request #475

INFO:root:node id:
n2
leader
n2
kvsotr
{}
cur term
20
log 
[(('pass', None), 0), [['cas', [1, [0, 2]]], 1], [['cas', [0, [3, 4]]], 10]]
commit indez e last applied
0
0
candidate, votes, voted for
True
0
n2
timeout dict
{'n1': 1651671591505001852, 'n2': 1651671591505188534, 'n3': 1651671591507572369, 'n4': 1651671591508377062, 'n5': 1651671591505572741}
curr time
1651671591508425228

INFO:root:resposta
False
majority
3

INFO:root:Got a response to the vote Request #475

INFO:root:node id:
n2
leader
n2
kvsotr
{}
cur term
20
log 
[(('pass', None), 0), [['cas', [1, [0, 2]]], 1], [['cas', [0, [3, 4]]], 10]]
commit indez e last applied
0
0
candidate, votes, voted for
True
0
n2
timeout dict
{'n1': 1651671591505001852, 'n2': 1651671591505188534, 'n3': 1651671591507572369, 'n4': 1651671591508377062, 'n5': 1651671591508547110}
curr time
1651671591508586866

INFO:root:resposta
True
majority
3

INFO:root:antes  #487
0

INFO:root:depois  #489
1

INFO:root:Got a response to the vote Request #475

INFO:root:node id:
n2
leader
n2
kvsotr
{}
cur term
20
log 
[(('pass', None), 0), [['cas', [1, [0, 2]]], 1], [['cas', [0, [3, 4]]], 10]]
commit indez e last applied
0
0
candidate, votes, voted for
True
1
n2
timeout dict
{'n1': 1651671591505001852, 'n2': 1651671591508787327, 'n3': 1651671591507572369, 'n4': 1651671591508377062, 'n5': 1651671591508547110}
curr time
1651671591508826263

INFO:root:resposta
True
majority
3

INFO:root:antes  #487
1

INFO:root:depois  #489
2

INFO:root:Got a response to the vote Request #475

INFO:root:node id:
n2
leader
n2
kvsotr
{}
cur term
20
log 
[(('pass', None), 0), [['cas', [1, [0, 2]]], 1], [['cas', [0, [3, 4]]], 10]]
commit indez e last applied
0
0
candidate, votes, voted for
True
2
n2
timeout dict
{'n1': 1651671591505001852, 'n2': 1651671591508787327, 'n3': 1651671591507572369, 'n4': 1651671591509003681, 'n5': 1651671591508547110}
curr time
1651671591509039679

INFO:root:resposta
True
majority
3

INFO:root:antes  #487
2

INFO:root:depois  #489
3

INFO:root:became leader
log
[(('pass', None), 0), [['cas', [1, [0, 2]]], 1], [['cas', [0, [3, 4]]], 10]]
match index
{'n1': 0, 'n2': 0, 'n3': 0, 'n4': 0, 'n5': 0}

INFO:root:vote ended, new leader is
n2

INFO:root:sending HB

INFO:root:HBdest
n1
nextIndex
{'n1': 3, 'n2': 3, 'n3': 3, 'n4': 3, 'n5': 3}
log
[(('pass', None), 0), [['cas', [1, [0, 2]]], 1], [['cas', [0, [3, 4]]], 10]]

DEBUG:root:sending {"dest": "n1", "src": "n2", "body": {"msg_id": 116, "type": "AppendEntries", "term": 20, "prevIndex": 2, "prevTerm": 10, "entries": [], "commit": 0}}
INFO:root:election timeout, starting new election

INFO:root:starting new elections, new term
21
sec, min max hb
0.3575430963642201
0.2
0.5

INFO:root:Requesting new Vote

DEBUG:root:sending {"dest": "n1", "src": "n2", "body": {"msg_id": 117, "type": "RequestVote", "term": 21, "prevLogIndex": 2, "lastLogTerm": 10, "candidateId": "n2"}}
INFO:root:HBdest
n3
nextIndex
{'n1': 3, 'n2': 3, 'n3': 8, 'n4': 3, 'n5': 3}
log
[(('pass', None), 0), [['cas', [1, [0, 2]]], 1], [['cas', [0, [3, 4]]], 10]]

DEBUG:root:sending {"dest": "n3", "src": "n2", "body": {"msg_id": 118, "type": "AppendEntries", "term": 21, "prevIndex": 2, "prevTerm": 10, "entries": [], "commit": 0}}
INFO:root:HBdest
n3
nextIndex
{'n1': 3, 'n2': 3, 'n3': 3, 'n4': 3, 'n5': 3}
log
[(('pass', None), 0), [['cas', [1, [0, 2]]], 1], [['cas', [0, [3, 4]]], 10]]

DEBUG:root:sending {"dest": "n3", "src": "n2", "body": {"msg_id": 119, "type": "AppendEntries", "term": 21, "prevIndex": 2, "prevTerm": 10, "entries": [], "commit": 0}}
INFO:root:HBdest
n4
nextIndex
{'n1': 3, 'n2': 3, 'n3': 3, 'n4': 3, 'n5': 3}
log
[(('pass', None), 0), [['cas', [1, [0, 2]]], 1], [['cas', [0, [3, 4]]], 10]]

DEBUG:root:sending {"dest": "n4", "src": "n2", "body": {"msg_id": 120, "type": "AppendEntries", "term": 21, "prevIndex": 2, "prevTerm": 10, "entries": [], "commit": 0}}
INFO:root:HBdest
n5
nextIndex
{'n1': 3, 'n2': 3, 'n3': 3, 'n4': 3, 'n5': 3}
log
[(('pass', None), 0), [['cas', [1, [0, 2]]], 1], [['cas', [0, [3, 4]]], 10]]

DEBUG:root:sending {"dest": "n5", "src": "n2", "body": {"msg_id": 121, "type": "AppendEntries", "term": 21, "prevIndex": 2, "prevTerm": 10, "entries": [], "commit": 0}}
DEBUG:root:received {"dest":"n2","src":"n1","body":{"msg_id":116,"type":"RequestVote","term":21,"prevLogIndex":2,"lastLogTerm":10,"candidateId":"n1"},"id":554}
DEBUG:root:received {"dest":"n2","src":"n1","body":{"msg_id":120,"in_reply_to":115,"type":"AppendEntriesRes","res":false,"term":21},"id":562}
DEBUG:root:sending {"dest": "n2", "src": "n2", "body": {"msg_id": 122, "type": "RequestVote", "term": 21, "prevLogIndex": 2, "lastLogTerm": 10, "candidateId": "n2"}}
DEBUG:root:sending {"dest": "n3", "src": "n2", "body": {"msg_id": 123, "type": "RequestVote", "term": 21, "prevLogIndex": 2, "lastLogTerm": 10, "candidateId": "n2"}}
DEBUG:root:sending {"dest": "n4", "src": "n2", "body": {"msg_id": 124, "type": "RequestVote", "term": 21, "prevLogIndex": 2, "lastLogTerm": 10, "candidateId": "n2"}}
DEBUG:root:sending {"dest": "n5", "src": "n2", "body": {"msg_id": 125, "type": "RequestVote", "term": 21, "prevLogIndex": 2, "lastLogTerm": 10, "candidateId": "n2"}}
DEBUG:root:received {"dest":"n2","src":"n2","body":{"msg_id":122,"type":"RequestVote","term":21,"prevLogIndex":2,"lastLogTerm":10,"candidateId":"n2"},"id":567}
DEBUG:root:received {"dest":"n2","src":"n3","body":{"msg_id":99,"in_reply_to":119,"type":"AppendEntriesRes","res":false,"term":20},"id":571}
INFO:root:Got a response to the vote Request #475

INFO:root:node id:
n2
leader
n2
kvsotr
{}
cur term
21
log 
[(('pass', None), 0), [['cas', [1, [0, 2]]], 1], [['cas', [0, [3, 4]]], 10]]
commit indez e last applied
0
0
candidate, votes, voted for
True
0
None
timeout dict
{'n1': 1651671591505001852, 'n2': 1651671591508787327, 'n3': 1651671591507572369, 'n4': 1651671591509003681, 'n5': 1651671591512228781}
curr time
1651671591512293730

INFO:root:resposta
True
majority
3

INFO:root:antes  #487
0

INFO:root:depois  #489
1

INFO:root:Got a response to the vote Request #475

INFO:root:node id:
n2
leader
n2
kvsotr
{}
cur term
21
log 
[(('pass', None), 0), [['cas', [1, [0, 2]]], 1], [['cas', [0, [3, 4]]], 10]]
commit indez e last applied
0
0
candidate, votes, voted for
True
1
None
timeout dict
{'n1': 1651671591505001852, 'n2': 1651671591512510016, 'n3': 1651671591507572369, 'n4': 1651671591509003681, 'n5': 1651671591512228781}
curr time
1651671591512552901

INFO:root:resposta
True
majority
3

INFO:root:antes  #487
1

INFO:root:depois  #489
2

INFO:root:log atual
[(('pass', None), 0), [['cas', [1, [0, 2]]], 1], [['cas', [0, [3, 4]]], 10]]
prevlog index
2
 last log term
10

DEBUG:root:sending {"dest": "n1", "src": "n2", "body": {"msg_id": 126, "in_reply_to": 116, "type": "RequestVoteRes", "term": 21, "res": true}}
INFO:root:HBdest
n4
nextIndex
{'n1': 3, 'n2': 3, 'n3': 3, 'n4': 3, 'n5': 3}
log
[(('pass', None), 0), [['cas', [1, [0, 2]]], 1], [['cas', [0, [3, 4]]], 10]]

DEBUG:root:sending {"dest": "n4", "src": "n2", "body": {"msg_id": 127, "type": "AppendEntries", "term": 21, "prevIndex": 2, "prevTerm": 10, "entries": [], "commit": 0}}
INFO:root:HBdest
n5
nextIndex
{'n1': 3, 'n2': 3, 'n3': 3, 'n4': 3, 'n5': 3}
log
[(('pass', None), 0), [['cas', [1, [0, 2]]], 1], [['cas', [0, [3, 4]]], 10]]

DEBUG:root:sending {"dest": "n5", "src": "n2", "body": {"msg_id": 128, "type": "AppendEntries", "term": 21, "prevIndex": 2, "prevTerm": 10, "entries": [], "commit": 0}}
INFO:root:election started and voted vor
n1
at time
1651671591513884171

DEBUG:root:received {"dest":"n2","src":"n1","body":{"msg_id":123,"in_reply_to":116,"type":"AppendEntriesRes","res":false,"term":21},"id":573}
DEBUG:root:received {"dest":"n2","src":"n5","body":{"msg_id":111,"in_reply_to":121,"type":"AppendEntriesRes","res":true,"term":21,"next":3,"commit":0},"id":574}
DEBUG:root:received {"dest":"n2","src":"n3","body":{"msg_id":100,"in_reply_to":123,"type":"RequestVoteRes","term":20,"res":false},"id":575}
DEBUG:root:received {"dest":"n2","src":"n5","body":{"msg_id":112,"in_reply_to":125,"type":"RequestVoteRes","term":21,"res":true},"id":576}
DEBUG:root:received {"dest":"n2","src":"n1","body":{"msg_id":121,"type":"AppendEntries","term":21,"prevIndex":2,"prevTerm":10,"entries":[],"commit":0},"id":579}
DEBUG:root:received {"dest":"n2","src":"n3","body":{"msg_id":101,"in_reply_to":118,"type":"AppendEntriesRes","res":false,"term":20},"id":580}
DEBUG:root:received {"dest":"n2","src":"n4","body":{"msg_id":111,"in_reply_to":120,"type":"AppendEntriesRes","res":true,"term":21,"next":3,"commit":0},"id":583}
DEBUG:root:received {"dest":"n2","src":"n4","body":{"msg_id":112,"in_reply_to":124,"type":"RequestVoteRes","term":21,"res":true},"id":584}
DEBUG:root:received {"dest":"n2","src":"n4","body":{"msg_id":113,"in_reply_to":127,"type":"AppendEntriesRes","res":true,"term":21,"next":3,"commit":0},"id":585}
DEBUG:root:received {"dest":"n2","src":"n1","body":{"msg_id":124,"in_reply_to":117,"type":"RequestVoteRes","term":21,"res":false},"id":586}
DEBUG:root:received {"dest":"n2","src":"n5","body":{"msg_id":113,"in_reply_to":128,"type":"AppendEntriesRes","res":true,"term":21,"next":3,"commit":0},"id":587}
INFO:root:387##########:
node
n2
current term
21
next I
{'n1': 2, 'n2': 3, 'n3': 3, 'n4': 3, 'n5': 3}
log
[(('pass', None), 0), [['cas', [1, [0, 2]]], 1], [['cas', [0, [3, 4]]], 10]]
dest
n1

DEBUG:root:sending {"dest": "n1", "src": "n2", "body": {"msg_id": 129, "type": "AppendEntries", "term": 21, "prevIndex": 1, "prevTerm": 1, "entries": [[["cas", [0, [3, 4]]], 10]], "commit": 0}}
INFO:root:voting for myself
n2
at time
1651671591516131856
nr votes
2

DEBUG:root:sending {"dest": "n2", "src": "n2", "body": {"msg_id": 130, "in_reply_to": 122, "type": "RequestVoteRes", "term": 21, "res": true}}
INFO:root:387##########:
node
n2
current term
21
next I
{'n1': 2, 'n2': 3, 'n3': 2, 'n4': 3, 'n5': 3}
log
[(('pass', None), 0), [['cas', [1, [0, 2]]], 1], [['cas', [0, [3, 4]]], 10]]
dest
n3

DEBUG:root:sending {"dest": "n3", "src": "n2", "body": {"msg_id": 131, "type": "AppendEntries", "term": 21, "prevIndex": 1, "prevTerm": 1, "entries": [[["cas", [0, [3, 4]]], 10]], "commit": 0}}
INFO:root:387##########:
node
n2
current term
21
next I
{'n1': 1, 'n2': 3, 'n3': 2, 'n4': 3, 'n5': 3}
log
[(('pass', None), 0), [['cas', [1, [0, 2]]], 1], [['cas', [0, [3, 4]]], 10]]
dest
n1

DEBUG:root:sending {"dest": "n1", "src": "n2", "body": {"msg_id": 132, "type": "AppendEntries", "term": 21, "prevIndex": 0, "prevTerm": 0, "entries": [[["cas", [1, [0, 2]]], 1], [["cas", [0, [3, 4]]], 10]], "commit": 0}}
INFO:root:Got a response to the vote Request #475

INFO:root:node id:
n2
leader
n2
kvsotr
{}
cur term
21
log 
[(('pass', None), 0), [['cas', [1, [0, 2]]], 1], [['cas', [0, [3, 4]]], 10]]
commit indez e last applied
0
0
candidate, votes, voted for
True
2
n2
timeout dict
{'n1': 1651671591516405198, 'n2': 1651671591516129662, 'n3': 1651671591516559728, 'n4': 1651671591509003681, 'n5': 1651671591516538662}
curr time
1651671591516596741

INFO:root:resposta
False
majority
3

INFO:root:Got a response to the vote Request #475

INFO:root:node id:
n2
leader
n2
kvsotr
{}
cur term
21
log 
[(('pass', None), 0), [['cas', [1, [0, 2]]], 1], [['cas', [0, [3, 4]]], 10]]
commit indez e last applied
0
0
candidate, votes, voted for
True
2
n2
timeout dict
{'n1': 1651671591516405198, 'n2': 1651671591516129662, 'n3': 1651671591516559728, 'n4': 1651671591509003681, 'n5': 1651671591516698616}
curr time
1651671591516733880

INFO:root:resposta
True
majority
3

INFO:root:antes  #487
2

INFO:root:depois  #489
3

INFO:root:became leader
log
[(('pass', None), 0), [['cas', [1, [0, 2]]], 1], [['cas', [0, [3, 4]]], 10]]
match index
{'n1': 0, 'n2': 0, 'n3': 0, 'n4': 0, 'n5': 0}

INFO:root:vote ended, new leader is
n2

INFO:root:sending HB

INFO:root:HBdest
n1
nextIndex
{'n1': 3, 'n2': 3, 'n3': 3, 'n4': 3, 'n5': 3}
log
[(('pass', None), 0), [['cas', [1, [0, 2]]], 1], [['cas', [0, [3, 4]]], 10]]

DEBUG:root:sending {"dest": "n1", "src": "n2", "body": {"msg_id": 133, "type": "AppendEntries", "term": 21, "prevIndex": 2, "prevTerm": 10, "entries": [], "commit": 0}}
INFO:root:HBdest
n3
nextIndex
{'n1': 3, 'n2': 3, 'n3': 3, 'n4': 3, 'n5': 3}
log
[(('pass', None), 0), [['cas', [1, [0, 2]]], 1], [['cas', [0, [3, 4]]], 10]]

DEBUG:root:sending {"dest": "n3", "src": "n2", "body": {"msg_id": 134, "type": "AppendEntries", "term": 21, "prevIndex": 2, "prevTerm": 10, "entries": [], "commit": 0}}
INFO:root:HBdest
n4
nextIndex
{'n1': 3, 'n2': 3, 'n3': 3, 'n4': 3, 'n5': 3}
log
[(('pass', None), 0), [['cas', [1, [0, 2]]], 1], [['cas', [0, [3, 4]]], 10]]

DEBUG:root:sending {"dest": "n4", "src": "n2", "body": {"msg_id": 135, "type": "AppendEntries", "term": 21, "prevIndex": 2, "prevTerm": 10, "entries": [], "commit": 0}}
INFO:root:HBdest
n5
nextIndex
{'n1': 3, 'n2': 3, 'n3': 3, 'n4': 3, 'n5': 3}
log
[(('pass', None), 0), [['cas', [1, [0, 2]]], 1], [['cas', [0, [3, 4]]], 10]]

DEBUG:root:sending {"dest": "n5", "src": "n2", "body": {"msg_id": 136, "type": "AppendEntries", "term": 21, "prevIndex": 2, "prevTerm": 10, "entries": [], "commit": 0}}
DEBUG:root:received {"dest":"n2","src":"n1","body":{"msg_id":126,"type":"RequestVote","term":22,"prevLogIndex":2,"lastLogTerm":10,"candidateId":"n1"},"id":589}
DEBUG:root:received {"dest":"n2","src":"n4","body":{"msg_id":115,"type":"RequestVote","term":22,"prevLogIndex":2,"lastLogTerm":10,"candidateId":"n4"},"id":594}
DEBUG:root:received {"dest":"n2","src":"n2","body":{"msg_id":130,"in_reply_to":122,"type":"RequestVoteRes","term":21,"res":true},"id":603}
DEBUG:root:sending {"dest": "n1", "src": "n2", "body": {"msg_id": 137, "in_reply_to": 121, "type": "AppendEntriesRes", "res": true, "term": 21, "next": 3, "commit": 0}}
INFO:root:387##########:
node
n2
current term
21
next I
{'n1': 3, 'n2': 3, 'n3': 2, 'n4': 3, 'n5': 3}
log
[(('pass', None), 0), [['cas', [1, [0, 2]]], 1], [['cas', [0, [3, 4]]], 10]]
dest
n3

DEBUG:root:sending {"dest": "n3", "src": "n2", "body": {"msg_id": 138, "type": "AppendEntries", "term": 21, "prevIndex": 1, "prevTerm": 1, "entries": [[["cas", [0, [3, 4]]], 10]], "commit": 0}}
DEBUG:root:received {"dest":"n2","src":"n5","body":{"msg_id":116,"in_reply_to":136,"type":"AppendEntriesRes","res":true,"term":21,"next":3,"commit":0},"id":614}
DEBUG:root:received {"dest":"n2","src":"n3","body":{"msg_id":104,"in_reply_to":131,"type":"AppendEntriesRes","res":true,"term":21,"next":11,"commit":0},"id":615}
DEBUG:root:received {"dest":"n2","src":"n3","body":{"msg_id":105,"in_reply_to":134,"type":"AppendEntriesRes","res":false,"term":21},"id":616}
DEBUG:root:received {"dest":"n2","src":"n1","body":{"msg_id":132,"in_reply_to":129,"type":"AppendEntriesRes","res":false,"term":22},"id":618}
DEBUG:root:received {"dest":"n2","src":"n1","body":{"msg_id":133,"in_reply_to":132,"type":"AppendEntriesRes","res":false,"term":22},"id":620}
INFO:root:election ended

INFO:root:Got a response to the vote Request #475

INFO:root:node id:
n2
leader
n2
kvsotr
{}
cur term
21
log 
[(('pass', None), 0), [['cas', [1, [0, 2]]], 1], [['cas', [0, [3, 4]]], 10]]
commit indez e last applied
0
0
candidate, votes, voted for
False
None
None
timeout dict
{'n1': 1651671591519432441, 'n2': 1651671591516129662, 'n3': 1651671591519601148, 'n4': 1651671591520698580, 'n5': 1651671591516698616}
curr time
1651671591520771293

INFO:root:resposta
True
majority
3

INFO:root:Got a response to the vote Request #475

INFO:root:node id:
n2
leader
n2
kvsotr
{}
cur term
21
log 
[(('pass', None), 0), [['cas', [1, [0, 2]]], 1], [['cas', [0, [3, 4]]], 10]]
commit indez e last applied
0
0
candidate, votes, voted for
False
None
None
timeout dict
{'n1': 1651671591520924927, 'n2': 1651671591516129662, 'n3': 1651671591519601148, 'n4': 1651671591520904011, 'n5': 1651671591516698616}
curr time
1651671591520966345

INFO:root:resposta
False
majority
3

INFO:root:log atual
[(('pass', None), 0), [['cas', [1, [0, 2]]], 1], [['cas', [0, [3, 4]]], 10]]
prevlog index
2
 last log term
10

DEBUG:root:sending {"dest": "n1", "src": "n2", "body": {"msg_id": 139, "in_reply_to": 126, "type": "RequestVoteRes", "term": 22, "res": true}}
DEBUG:root:received {"dest":"n2","src":"n1","body":{"msg_id":134,"in_reply_to":133,"type":"AppendEntriesRes","res":false,"term":22},"id":621}
INFO:root:election started and voted vor
n1
at time
1651671591521356324

DEBUG:root:received {"dest":"n2","src":"n4","body":{"msg_id":121,"in_reply_to":135,"type":"AppendEntriesRes","res":false,"term":22},"id":622}
DEBUG:root:received {"dest":"n2","src":"n3","body":{"msg_id":106,"in_reply_to":138,"type":"AppendEntriesRes","res":true,"term":21,"next":12,"commit":0},"id":623}
DEBUG:root:received {"dest":"n2","src":"n5","body":{"msg_id":118,"type":"RequestVote","term":22,"prevLogIndex":2,"lastLogTerm":10,"candidateId":"n5"},"id":625}
DEBUG:root:received {"dest":"n2","src":"n1","body":{"msg_id":136,"type":"AppendEntries","term":22,"prevIndex":2,"prevTerm":10,"entries":[],"commit":0},"id":634}
INFO:root:log atual
[(('pass', None), 0), [['cas', [1, [0, 2]]], 1], [['cas', [0, [3, 4]]], 10]]
prevlog index
2
 last log term
10

DEBUG:root:sending {"dest": "n4", "src": "n2", "body": {"msg_id": 140, "in_reply_to": 115, "type": "RequestVoteRes", "term": 22, "res": false}}
INFO:root:Got a response to the vote Request #475

INFO:root:node id:
n2
leader
n2
kvsotr
{}
cur term
22
log 
[(('pass', None), 0), [['cas', [1, [0, 2]]], 1], [['cas', [0, [3, 4]]], 10]]
commit indez e last applied
0
0
candidate, votes, voted for
False
None
n1
timeout dict
{'n1': 1651671591521104572, 'n2': 1651671591524637718, 'n3': 1651671591519601148, 'n4': 1651671591524353000, 'n5': 1651671591521084547}
curr time
1651671591524688178

INFO:root:resposta
True
majority
3

INFO:root:387##########:
node
n2
current term
22
next I
{'n1': 3, 'n2': 3, 'n3': 10, 'n4': 3, 'n5': 3}
log
[(('pass', None), 0), [['cas', [1, [0, 2]]], 1], [['cas', [0, [3, 4]]], 10]]
dest
n3

ERROR:root:fatal exception in handler
Traceback (most recent call last):
  File "/home/peter/Documents/tf/lab3/ms.py", line 27, in exitOnError
    fn(*args)
  File "/home/peter/Documents/tf/lab3/raft.py", line 410, in handle
    send(node_id, dest, type='AppendEntries', term=current_term, prevIndex = nextIndex[dest]-1,prevTerm=log[nextIndex[dest]-1][1] ,entries=log[nextIndex[dest]:],commit=commitIndex)
IndexError: list index out of range
