2022-05-01 22:17:55,745{GMT}	INFO	[jepsen test runner] jepsen.core: Test version 9d8335254928801a78e4e56f8c438d06a68b66d5 (plus uncommitted changes)
2022-05-01 22:17:55,746{GMT}	INFO	[jepsen test runner] jepsen.core: Command line:
lein run test --workload lin-kv --bin raft.py --time-limit 5 --concurrency 4n
2022-05-01 22:17:55,791{GMT}	INFO	[jepsen test runner] jepsen.core: Running test:
{:remote #jepsen.control.SSHRemote{:session nil}
 :log-net-send false
 :node-count nil
 :max-txn-length 4
 :concurrency 20
 :db
 #object[maelstrom.db$db$reify__16747
         "0x3a5812dc"
         "maelstrom.db$db$reify__16747@3a5812dc"]
 :max-writes-per-key 16
 :leave-db-running? false
 :name "lin-kv"
 :logging-json? false
 :net-journal #object[clojure.lang.Atom "0x1b9075c9" {:status :ready, :val []}]
 :start-time
 #object[org.joda.time.DateTime "0x75be6796" "2022-05-01T22:17:55.000+01:00"]
 :nemesis-interval 10
 :net
 #object[maelstrom.net$jepsen_adapter$reify__15560
         "0xce24a98"
         "maelstrom.net$jepsen_adapter$reify__15560@ce24a98"]
 :client
 #object[maelstrom.workload.lin_kv$client$reify__17524
         "0x496101d1"
         "maelstrom.workload.lin_kv$client$reify__17524@496101d1"]
 :barrier
 #object[java.util.concurrent.CyclicBarrier
         "0x19858f26"
         "java.util.concurrent.CyclicBarrier@19858f26"]
 :log-stderr false
 :pure-generators true
 :ssh {:dummy? true}
 :rate 5
 :checker
 #object[jepsen.checker$compose$reify__8612
         "0x4c14ed24"
         "jepsen.checker$compose$reify__8612@4c14ed24"]
 :argv
 ("test"
  "--workload"
  "lin-kv"
  "--bin"
  "raft.py"
  "--time-limit"
  "5"
  "--concurrency"
  "4n")
 :nemesis
 (jepsen.nemesis.ReflCompose
  {:fm {:start-partition 0,
        :stop-partition 0,
        :kill 1,
        :start 1,
        :pause 1,
        :resume 1},
   :nemeses [#unprintable "jepsen.nemesis.combined$partition_nemesis$reify__17019@523cc8b4"
             #unprintable "jepsen.nemesis.combined$db_nemesis$reify__17000@139224ab"]})
 :active-histories
 #object[clojure.lang.Atom "0x26db7540" {:status :ready, :val #{}}]
 :nodes ["n1" "n2" "n3" "n4" "n5"]
 :test-count 1
 :latency {:mean 0, :dist :constant}
 :bin "raft.py"
 :generator
 (jepsen.generator.TimeLimit
  {:limit 5000000000,
   :cutoff nil,
   :gen (jepsen.generator.Any
         {:gens [(jepsen.generator.OnThreads {:f #{:nemesis}, :gen nil})
                 (jepsen.generator.OnThreads
                  {:f #object[clojure.core$complement$fn__5654
                              "0x1bc6a43c"
                              "clojure.core$complement$fn__5654@1bc6a43c"],
                   :gen (jepsen.generator.Stagger
                         {:dt 400000000,
                          :next-time nil,
                          :gen (jepsen.generator.OnThreads
                                {:f #object[clojure.core$complement$fn__5654
                                            "0x5f3fa154"
                                            "clojure.core$complement$fn__5654@5f3fa154"],
                                 :gen (jepsen.independent.ConcurrentGenerator
                                       {:n 10,
                                        :fgen #object[jepsen.tests.linearizable_register$test$fn__17324
                                                      "0x6193340e"
                                                      "jepsen.tests.linearizable_register$test$fn__17324@6193340e"],
                                        :group->threads nil,
                                        :thread->group nil,
                                        :keys (0 1 2 3 4 5 6 7 ...),
                                        :gens nil})})})})]})})
 :log-net-recv false
 :os
 #object[jepsen.os$reify__2490 "0x158774d3" "jepsen.os$reify__2490@158774d3"]
 :time-limit 5
 :workload :lin-kv
 :consistency-models [:strict-serializable]
 :topology :grid}

2022-05-01 22:17:55,799{GMT}	INFO	[jepsen test runner] jepsen.db: Tearing down DB
2022-05-01 22:17:55,801{GMT}	INFO	[jepsen test runner] jepsen.db: Setting up DB
2022-05-01 22:17:55,803{GMT}	INFO	[jepsen node n2] maelstrom.db: Setting up n2
2022-05-01 22:17:55,805{GMT}	INFO	[jepsen node n1] maelstrom.service: Starting services: (lin-kv lin-tso lww-kv seq-kv)
2022-05-01 22:17:55,806{GMT}	INFO	[jepsen node n2] maelstrom.process: launching raft.py nil
2022-05-01 22:17:55,803{GMT}	INFO	[jepsen node n4] maelstrom.db: Setting up n4
2022-05-01 22:17:55,803{GMT}	INFO	[jepsen node n3] maelstrom.db: Setting up n3
2022-05-01 22:17:55,807{GMT}	INFO	[jepsen node n4] maelstrom.process: launching raft.py nil
2022-05-01 22:17:55,807{GMT}	INFO	[jepsen node n3] maelstrom.process: launching raft.py nil
2022-05-01 22:17:55,803{GMT}	INFO	[jepsen node n5] maelstrom.db: Setting up n5
2022-05-01 22:17:55,808{GMT}	INFO	[jepsen node n5] maelstrom.process: launching raft.py nil
2022-05-01 22:17:55,810{GMT}	INFO	[jepsen node n1] maelstrom.db: Setting up n1
2022-05-01 22:17:55,811{GMT}	INFO	[jepsen node n1] maelstrom.process: launching raft.py nil
2022-05-01 22:17:55,872{GMT}	INFO	[jepsen test runner] jepsen.core: Relative time begins now
2022-05-01 22:17:56,008{GMT}	INFO	[jepsen worker 15] jepsen.util: 15	:invoke	:write	[1 0]
2022-05-01 22:17:56,020{GMT}	INFO	[jepsen worker 15] jepsen.util: 15	:info	:write	[1 0]	[:unknown "Not Leader"]
2022-05-01 22:17:56,241{GMT}	INFO	[jepsen worker 2] jepsen.util: 2	:invoke	:read	[0 nil]
2022-05-01 22:17:56,310{GMT}	INFO	[jepsen worker 14] jepsen.util: 14	:invoke	:write	[1 2]
2022-05-01 22:17:56,430{GMT}	INFO	[jepsen worker 3] jepsen.util: 3	:invoke	:read	[0 nil]
2022-05-01 22:17:56,592{GMT}	INFO	[jepsen worker 18] jepsen.util: 18	:invoke	:cas	[1 [4 4]]
2022-05-01 22:17:56,776{GMT}	INFO	[jepsen worker 7] jepsen.util: 7	:invoke	:cas	[0 [4 0]]
2022-05-01 22:17:57,166{GMT}	INFO	[jepsen worker 8] jepsen.util: 8	:invoke	:cas	[0 [4 4]]
2022-05-01 22:17:57,230{GMT}	INFO	[jepsen worker 4] jepsen.util: 4	:invoke	:read	[0 nil]
2022-05-01 22:17:57,242{GMT}	INFO	[jepsen worker 2] jepsen.util: 2	:fail	:read	[0 nil]	:net-timeout
2022-05-01 22:17:57,311{GMT}	INFO	[jepsen worker 14] jepsen.util: 14	:info	:write	[1 2]	:net-timeout
2022-05-01 22:17:57,430{GMT}	INFO	[jepsen worker 3] jepsen.util: 3	:fail	:read	[0 nil]	:net-timeout
2022-05-01 22:17:57,503{GMT}	INFO	[jepsen worker 2] jepsen.util: 2	:invoke	:read	[0 nil]
2022-05-01 22:17:57,593{GMT}	INFO	[jepsen worker 18] jepsen.util: 18	:info	:cas	[1 [4 4]]	:net-timeout
2022-05-01 22:17:57,613{GMT}	INFO	[jepsen worker 19] jepsen.util: 19	:invoke	:cas	[1 [1 0]]
2022-05-01 22:17:57,776{GMT}	INFO	[jepsen worker 7] jepsen.util: 7	:info	:cas	[0 [4 0]]	:net-timeout
2022-05-01 22:17:57,876{GMT}	INFO	[jepsen worker 18] jepsen.util: 38	:invoke	:cas	[1 [0 3]]
2022-05-01 22:17:58,166{GMT}	INFO	[jepsen worker 8] jepsen.util: 8	:info	:cas	[0 [4 4]]	:net-timeout
2022-05-01 22:17:58,192{GMT}	INFO	[jepsen worker 6] jepsen.util: 6	:invoke	:cas	[0 [3 2]]
2022-05-01 22:17:58,216{GMT}	INFO	[jepsen worker 12] jepsen.util: 12	:invoke	:write	[1 1]
2022-05-01 22:17:58,231{GMT}	INFO	[jepsen worker 4] jepsen.util: 4	:fail	:read	[0 nil]	:net-timeout
2022-05-01 22:17:58,347{GMT}	INFO	[jepsen worker 13] jepsen.util: 13	:invoke	:write	[1 0]
2022-05-01 22:17:58,508{GMT}	INFO	[jepsen worker 2] jepsen.util: 2	:fail	:read	[0 nil]	:net-timeout
2022-05-01 22:17:58,546{GMT}	INFO	[jepsen worker 11] jepsen.util: 11	:invoke	:cas	[1 [1 2]]
2022-05-01 22:17:58,621{GMT}	INFO	[jepsen worker 19] jepsen.util: 19	:info	:cas	[1 [1 0]]	:net-timeout
2022-05-01 22:17:58,877{GMT}	INFO	[jepsen worker 18] jepsen.util: 38	:info	:cas	[1 [0 3]]	:net-timeout
2022-05-01 22:17:58,900{GMT}	INFO	[jepsen worker 16] jepsen.util: 16	:invoke	:cas	[1 [1 0]]
2022-05-01 22:17:59,182{GMT}	INFO	[jepsen worker 0] jepsen.util: 0	:invoke	:read	[0 nil]
2022-05-01 22:17:59,184{GMT}	INFO	[jepsen worker 0] jepsen.util: 0	:fail	:read	[0 nil]	[:unknown "Not Leader"]
2022-05-01 22:17:59,208{GMT}	INFO	[jepsen worker 6] jepsen.util: 6	:info	:cas	[0 [3 2]]	:net-timeout
2022-05-01 22:17:59,215{GMT}	INFO	[jepsen worker 12] jepsen.util: 12	:info	:write	[1 1]	:net-timeout
2022-05-01 22:17:59,352{GMT}	INFO	[jepsen worker 13] jepsen.util: 13	:info	:write	[1 0]	:net-timeout
2022-05-01 22:17:59,370{GMT}	INFO	[jepsen worker 17] jepsen.util: 17	:invoke	:cas	[1 [2 1]]
2022-05-01 22:17:59,397{GMT}	INFO	[jepsen worker 14] jepsen.util: 34	:invoke	:cas	[1 [2 1]]
2022-05-01 22:17:59,552{GMT}	INFO	[jepsen worker 11] jepsen.util: 11	:info	:cas	[1 [1 2]]	:net-timeout
2022-05-01 22:17:59,752{GMT}	INFO	[jepsen worker 7] jepsen.util: 27	:invoke	:cas	[0 [3 3]]
2022-05-01 22:17:59,840{GMT}	INFO	[jepsen worker 12] jepsen.util: 32	:invoke	:write	[1 1]
2022-05-01 22:17:59,902{GMT}	INFO	[jepsen worker 16] jepsen.util: 16	:info	:cas	[1 [1 0]]	:net-timeout
2022-05-01 22:18:00,123{GMT}	INFO	[jepsen worker 9] jepsen.util: 9	:invoke	:cas	[0 [2 0]]
2022-05-01 22:18:00,173{GMT}	INFO	[jepsen worker 8] jepsen.util: 28	:invoke	:cas	[0 [4 0]]
2022-05-01 22:18:00,193{GMT}	INFO	[jepsen worker 1] jepsen.util: 1	:invoke	:read	[0 nil]
2022-05-01 22:18:00,375{GMT}	INFO	[jepsen worker 17] jepsen.util: 17	:info	:cas	[1 [2 1]]	:net-timeout
2022-05-01 22:18:00,398{GMT}	INFO	[jepsen worker 14] jepsen.util: 34	:info	:cas	[1 [2 1]]	:net-timeout
2022-05-01 22:18:00,423{GMT}	INFO	[jepsen worker 0] jepsen.util: 0	:invoke	:read	[0 nil]
2022-05-01 22:18:00,425{GMT}	INFO	[jepsen worker 0] jepsen.util: 0	:fail	:read	[0 nil]	[:unknown "Not Leader"]
2022-05-01 22:18:00,752{GMT}	INFO	[jepsen worker 7] jepsen.util: 27	:info	:cas	[0 [3 3]]	:net-timeout
2022-05-01 22:18:00,822{GMT}	INFO	[jepsen worker 3] jepsen.util: 3	:invoke	:read	[0 nil]
2022-05-01 22:18:00,840{GMT}	INFO	[jepsen worker 12] jepsen.util: 32	:info	:write	[1 1]	:net-timeout
2022-05-01 22:18:01,124{GMT}	INFO	[jepsen worker 9] jepsen.util: 9	:info	:cas	[0 [2 0]]	:net-timeout
2022-05-01 22:18:01,178{GMT}	INFO	[jepsen worker 8] jepsen.util: 28	:info	:cas	[0 [4 0]]	:net-timeout
2022-05-01 22:18:01,193{GMT}	INFO	[jepsen worker 1] jepsen.util: 1	:fail	:read	[0 nil]	:net-timeout
2022-05-01 22:18:01,822{GMT}	INFO	[jepsen worker 3] jepsen.util: 3	:fail	:read	[0 nil]	:net-timeout
2022-05-01 22:18:01,869{GMT}	INFO	[jepsen node n1] maelstrom.db: Tearing down n1
2022-05-01 22:18:01,877{GMT}	INFO	[jepsen node n4] maelstrom.db: Tearing down n4
2022-05-01 22:18:01,878{GMT}	INFO	[jepsen node n5] maelstrom.db: Tearing down n5
2022-05-01 22:18:01,899{GMT}	INFO	[jepsen node n3] maelstrom.db: Tearing down n3
2022-05-01 22:18:01,899{GMT}	INFO	[jepsen node n2] maelstrom.db: Tearing down n2
2022-05-01 22:18:02,140{GMT}	WARN	[main] jepsen.core: Test crashed!
clojure.lang.ExceptionInfo: Node n5 crashed with exit status 1. Before crashing, it wrote to STDOUT:

{"dest": "c1", "src": "n5", "body": {"msg_id": 1, "in_reply_to": 1, "type": "init_ok"}}
{"dest": "n1", "src": "n5", "body": {"msg_id": 2, "type": "RequestVote", "term": 1, "prevLogIndex": 2, "lastLogTerm": 0, "candidateId": "n5"}}
{"dest": "n2", "src": "n5", "body": {"msg_id": 3, "type": "RequestVote", "term": 1, "prevLogIndex": 2, "lastLogTerm": 0, "candidateId": "n5"}}
{"dest": "n3", "src": "n5", "body": {"msg_id": 4, "type": "RequestVote", "term": 1, "prevLogIndex": 2, "lastLogTerm": 0, "candidateId": "n5"}}
{"dest": "n4", "src": "n5", "body": {"msg_id": 5, "type": "RequestVote", "term": 1, "prevLogIndex": 2, "lastLogTerm": 0, "candidateId": "n5"}}
{"dest": "n5", "src": "n5", "body": {"msg_id": 6, "type": "RequestVote", "term": 1, "prevLogIndex": 2, "lastLogTerm": 0, "candidateId": "n5"}}
{"dest": "n1", "src": "n5", "body": {"msg_id": 7, "in_reply_to": 5, "type": "AppendEntriesRes", "res": false, "term": 1}}
{"dest": "n5", "src": "n5", "body": {"msg_id": 8, "in_reply_to": 6, "type": "RequestVoteRes", "term": 1, "res": false}}
{"dest": "n2", "src": "n5", "body": {"msg_id": 9, "in_reply_to": 6, "type": "RequestVoteRes", "term": 1, "res": false}}
{"dest": "n4", "src": "n5", "body": {"msg_id": 10, "in_reply_to": 6, "type": "RequestVoteRes", "term": 1, "res": false}}
{"dest": "n3", "src": "n5", "body": {"msg_id": 11, "in_reply_to": 6, "type": "RequestVoteRes", "term": 1, "res": false}}

And to STDERR:

DEBUG:root:received {"dest":"n5","body":{"type":"init","node_id":"n5","node_ids":["n1","n2","n3","n4","n5"],"msg_id":1},"src":"c1","id":1}
INFO:root:node n5 initialized
DEBUG:root:sending {"dest": "c1", "src": "n5", "body": {"msg_id": 1, "in_reply_to": 1, "type": "init_ok"}}
DEBUG:root:sending {"dest": "n1", "src": "n5", "body": {"msg_id": 2, "type": "RequestVote", "term": 1, "prevLogIndex": 2, "lastLogTerm": 0, "candidateId": "n5"}}
DEBUG:root:sending {"dest": "n2", "src": "n5", "body": {"msg_id": 3, "type": "RequestVote", "term": 1, "prevLogIndex": 2, "lastLogTerm": 0, "candidateId": "n5"}}
DEBUG:root:sending {"dest": "n3", "src": "n5", "body": {"msg_id": 4, "type": "RequestVote", "term": 1, "prevLogIndex": 2, "lastLogTerm": 0, "candidateId": "n5"}}
DEBUG:root:sending {"dest": "n4", "src": "n5", "body": {"msg_id": 5, "type": "RequestVote", "term": 1, "prevLogIndex": 2, "lastLogTerm": 0, "candidateId": "n5"}}
DEBUG:root:sending {"dest": "n5", "src": "n5", "body": {"msg_id": 6, "type": "RequestVote", "term": 1, "prevLogIndex": 2, "lastLogTerm": 0, "candidateId": "n5"}}
DEBUG:root:received {"dest":"n5","src":"n1","body":{"msg_id":5,"type":"AppendEntries","term":0,"prevIndex":0,"prevTerm":0,"entries":[[["pass",null],0]],"commit":0},"id":24}
DEBUG:root:received {"dest":"n5","src":"n5","body":{"msg_id":6,"type":"RequestVote","term":1,"prevLogIndex":2,"lastLogTerm":0,"candidateId":"n5"},"id":27}
DEBUG:root:received {"dest":"n5","src":"n2","body":{"msg_id":6,"type":"RequestVote","term":1,"prevLogIndex":2,"lastLogTerm":0,"candidateId":"n2"},"id":28}
DEBUG:root:received {"dest":"n5","src":"n4","body":{"msg_id":6,"type":"RequestVote","term":1,"prevLogIndex":2,"lastLogTerm":0,"candidateId":"n4"},"id":29}
DEBUG:root:sending {"dest": "n1", "src": "n5", "body": {"msg_id": 7, "in_reply_to": 5, "type": "AppendEntriesRes", "res": false, "term": 1}}
DEBUG:root:sending {"dest": "n5", "src": "n5", "body": {"msg_id": 8, "in_reply_to": 6, "type": "RequestVoteRes", "term": 1, "res": false}}
DEBUG:root:received {"dest":"n5","src":"n3","body":{"msg_id":6,"type":"RequestVote","term":1,"prevLogIndex":2,"lastLogTerm":0,"candidateId":"n3"},"id":33}
DEBUG:root:sending {"dest": "n2", "src": "n5", "body": {"msg_id": 9, "in_reply_to": 6, "type": "RequestVoteRes", "term": 1, "res": false}}
DEBUG:root:received {"dest":"n5","src":"n3","body":{"msg_id":9,"in_reply_to":4,"type":"RequestVoteRes","term":1,"res":false},"id":40}
DEBUG:root:received {"dest":"n5","src":"n5","body":{"msg_id":8,"in_reply_to":6,"type":"RequestVoteRes","term":1,"res":false},"id":39}
DEBUG:root:sending {"dest": "n4", "src": "n5", "body": {"msg_id": 10, "in_reply_to": 6, "type": "RequestVoteRes", "term": 1, "res": false}}
DEBUG:root:sending {"dest": "n3", "src": "n5", "body": {"msg_id": 11, "in_reply_to": 6, "type": "RequestVoteRes", "term": 1, "res": false}}
ERROR:root:fatal exception in handler
Traceback (most recent call last):
  File "/home/peter/Documents/tf/lab3/ms.py", line 27, in exitOnError
    fn(*args)
  File "/home/peter/Documents/tf/lab3/raft.py", line 427, in handle
    if votes>majority:
TypeError: '>' not supported between instances of 'NoneType' and 'float'

Full STDERR logs are available in /home/peter/Documents/tf/lab3/store/lin-kv/20220501T221755.000+0100/node-logs/n5.log
	at slingshot.support$stack_trace.invoke(support.clj:201)
	at maelstrom.process$stop_node_BANG_.invokeStatic(process.clj:239)
	at maelstrom.process$stop_node_BANG_.invoke(process.clj:217)
	at maelstrom.db$db$reify__16747.teardown_BANG_(db.clj:75)
	at jepsen.db$fn__3285$G__3281__3289.invoke(db.clj:11)
	at jepsen.db$fn__3285$G__3280__3294.invoke(db.clj:11)
	at clojure.core$partial$fn__5824.invoke(core.clj:2625)
	at jepsen.control$on_nodes$fn__3165.invoke(control.clj:452)
	at clojure.lang.AFn.applyToHelper(AFn.java:154)
	at clojure.lang.AFn.applyTo(AFn.java:144)
	at clojure.core$apply.invokeStatic(core.clj:665)
	at clojure.core$with_bindings_STAR_.invokeStatic(core.clj:1973)
	at clojure.core$with_bindings_STAR_.doInvoke(core.clj:1973)
	at clojure.lang.RestFn.applyTo(RestFn.java:142)
	at clojure.core$apply.invokeStatic(core.clj:669)
	at clojure.core$bound_fn_STAR_$fn__5734.doInvoke(core.clj:2003)
	at clojure.lang.RestFn.invoke(RestFn.java:408)
	at dom_top.core$real_pmap_helper$build_thread__213$fn__214.invoke(core.clj:146)
	at clojure.lang.AFn.applyToHelper(AFn.java:152)
	at clojure.lang.AFn.applyTo(AFn.java:144)
	at clojure.core$apply.invokeStatic(core.clj:665)
	at clojure.core$with_bindings_STAR_.invokeStatic(core.clj:1973)
	at clojure.core$with_bindings_STAR_.doInvoke(core.clj:1973)
	at clojure.lang.RestFn.invoke(RestFn.java:425)
	at clojure.lang.AFn.applyToHelper(AFn.java:156)
	at clojure.lang.RestFn.applyTo(RestFn.java:132)
	at clojure.core$apply.invokeStatic(core.clj:669)
	at clojure.core$bound_fn_STAR_$fn__5734.doInvoke(core.clj:2003)
	at clojure.lang.RestFn.invoke(RestFn.java:397)
	at clojure.lang.AFn.run(AFn.java:22)
	at java.base/java.lang.Thread.run(Thread.java:829)
