DEBUG:root:received {"dest":"n1","body":{"type":"init","node_id":"n1","node_ids":["n1","n2","n3","n4","n5"],"msg_id":1},"src":"c4","id":4}
INFO:root:node n1 initialized
DEBUG:root:sending {"dest": "c4", "src": "n1", "body": {"msg_id": 1, "in_reply_to": 1, "type": "init_ok"}}
INFO:root:became leader
log
[(('pass', None), 0)]
match index
{'n1': 0, 'n2': 0, 'n3': 0, 'n4': 0, 'n5': 0}

INFO:root:vote ended, new leader is
n1

INFO:root:sending HB

INFO:root:HBdest
n2
nextIndex
{'n1': 1, 'n2': 1, 'n3': 1, 'n4': 1, 'n5': 1}
log
[(('pass', None), 0)]

DEBUG:root:sending {"dest": "n2", "src": "n1", "body": {"msg_id": 2, "type": "AppendEntries", "term": 0, "prevIndex": 0, "prevTerm": 0, "entries": [], "commit": 0}}
INFO:root:HBdest
n3
nextIndex
{'n1': 1, 'n2': 1, 'n3': 1, 'n4': 1, 'n5': 1}
log
[(('pass', None), 0)]

DEBUG:root:sending {"dest": "n3", "src": "n1", "body": {"msg_id": 3, "type": "AppendEntries", "term": 0, "prevIndex": 0, "prevTerm": 0, "entries": [], "commit": 0}}
INFO:root:HBdest
n4
nextIndex
{'n1': 1, 'n2': 1, 'n3': 1, 'n4': 1, 'n5': 1}
log
[(('pass', None), 0)]

DEBUG:root:sending {"dest": "n4", "src": "n1", "body": {"msg_id": 4, "type": "AppendEntries", "term": 0, "prevIndex": 0, "prevTerm": 0, "entries": [], "commit": 0}}
INFO:root:HBdest
n5
nextIndex
{'n1': 1, 'n2': 1, 'n3': 1, 'n4': 1, 'n5': 1}
log
[(('pass', None), 0)]

DEBUG:root:sending {"dest": "n5", "src": "n1", "body": {"msg_id": 5, "type": "AppendEntries", "term": 0, "prevIndex": 0, "prevTerm": 0, "entries": [], "commit": 0}}
DEBUG:root:received {"dest":"n1","src":"n2","body":{"msg_id":2,"type":"RequestVote","term":1,"prevLogIndex":0,"lastLogTerm":0,"candidateId":"n2"},"id":11}
INFO:root:log atual
[(('pass', None), 0)]
prevlog index
0
 last log term
0

DEBUG:root:sending {"dest": "n2", "src": "n1", "body": {"msg_id": 6, "in_reply_to": 2, "type": "RequestVoteRes", "term": 1, "res": true}}
INFO:root:election started and voted vor
n2
at time
1651672416053886504

DEBUG:root:received {"dest":"n1","src":"n2","body":{"msg_id":7,"in_reply_to":2,"type":"AppendEntriesRes","res":false,"term":1},"id":18}
INFO:root:387##########:
node
n1
current term
1
next I
{'n1': 1, 'n2': 0, 'n3': 1, 'n4': 1, 'n5': 1}
log
[(('pass', None), 0)]
dest
n2

DEBUG:root:sending {"dest": "n2", "src": "n1", "body": {"msg_id": 7, "type": "AppendEntries", "term": 1, "prevIndex": -1, "prevTerm": 0, "entries": [[["pass", null], 0]], "commit": 0}}
DEBUG:root:received {"dest":"n1","src":"n5","body":{"msg_id":3,"in_reply_to":5,"type":"AppendEntriesRes","res":false,"term":1},"id":24}
DEBUG:root:received {"dest":"n1","src":"n3","body":{"msg_id":2,"in_reply_to":3,"type":"AppendEntriesRes","res":true,"term":0,"next":1,"commit":0},"id":23}
INFO:root:387##########:
node
n1
current term
1
next I
{'n1': 1, 'n2': 0, 'n3': 1, 'n4': 1, 'n5': 0}
log
[(('pass', None), 0)]
dest
n5

DEBUG:root:sending {"dest": "n5", "src": "n1", "body": {"msg_id": 8, "type": "AppendEntries", "term": 1, "prevIndex": -1, "prevTerm": 0, "entries": [[["pass", null], 0]], "commit": 0}}
DEBUG:root:received {"dest":"n1","src":"n5","body":{"msg_id":4,"in_reply_to":8,"type":"AppendEntriesRes","res":true,"term":1,"next":2,"commit":0},"id":29}
DEBUG:root:received {"dest":"n1","src":"n4","body":{"msg_id":2,"in_reply_to":4,"type":"AppendEntriesRes","res":true,"term":0,"next":1,"commit":0},"id":28}
DEBUG:root:received {"dest":"n1","src":"n2","body":{"msg_id":9,"type":"AppendEntries","term":1,"prevIndex":0,"prevTerm":0,"entries":[],"commit":0},"id":30}
DEBUG:root:sending {"dest": "n2", "src": "n1", "body": {"msg_id": 9, "in_reply_to": 9, "type": "AppendEntriesRes", "res": true, "term": 1, "next": 1, "commit": 0}}
DEBUG:root:received {"dest":"n1","src":"n2","body":{"msg_id":13,"in_reply_to":7,"type":"AppendEntriesRes","res":true,"term":1,"next":2,"commit":0},"id":36}
INFO:root:sending HB

INFO:root:HBdest
n2
nextIndex
{'n1': 1, 'n2': 2, 'n3': 1, 'n4': 1, 'n5': 2}
log
[(('pass', None), 0)]

Exception in thread Thread-1:
Traceback (most recent call last):
  File "/usr/lib/python3.10/threading.py", line 1009, in _bootstrap_inner
    self.run()
  File "/usr/lib/python3.10/threading.py", line 1371, in run
    self.function(*self.args, **self.kwargs)
  File "/home/peter/Documents/tf/lab3/raft.py", line 136, in recursive_heartbeats
    heartbeat(dest)
  File "/home/peter/Documents/tf/lab3/raft.py", line 124, in heartbeat
    prevTerm=log[nextIndex[dest]-1][1]
IndexError: list index out of range
DEBUG:root:received {"dest":"n1","src":"n2","body":{"msg_id":14,"type":"AppendEntries","term":1,"prevIndex":0,"prevTerm":0,"entries":[],"commit":0},"id":42}
DEBUG:root:sending {"dest": "n2", "src": "n1", "body": {"msg_id": 10, "in_reply_to": 14, "type": "AppendEntriesRes", "res": true, "term": 1, "next": 1, "commit": 0}}
INFO:root:election timeout, starting new election

INFO:root:starting new elections, new term
2
sec, min max hb
0.4485901932445633
0.2
0.5

INFO:root:Requesting new Vote

DEBUG:root:sending {"dest": "n1", "src": "n1", "body": {"msg_id": 11, "type": "RequestVote", "term": 2, "prevLogIndex": 0, "lastLogTerm": 0, "candidateId": "n1"}}
DEBUG:root:sending {"dest": "n2", "src": "n1", "body": {"msg_id": 12, "type": "RequestVote", "term": 2, "prevLogIndex": 0, "lastLogTerm": 0, "candidateId": "n1"}}
DEBUG:root:sending {"dest": "n3", "src": "n1", "body": {"msg_id": 13, "type": "RequestVote", "term": 2, "prevLogIndex": 0, "lastLogTerm": 0, "candidateId": "n1"}}
DEBUG:root:sending {"dest": "n4", "src": "n1", "body": {"msg_id": 14, "type": "RequestVote", "term": 2, "prevLogIndex": 0, "lastLogTerm": 0, "candidateId": "n1"}}
DEBUG:root:sending {"dest": "n5", "src": "n1", "body": {"msg_id": 15, "type": "RequestVote", "term": 2, "prevLogIndex": 0, "lastLogTerm": 0, "candidateId": "n1"}}
DEBUG:root:received {"dest":"n1","src":"n5","body":{"msg_id":8,"type":"RequestVote","term":2,"prevLogIndex":1,"lastLogTerm":0,"candidateId":"n5"},"id":53}
DEBUG:root:received {"dest":"n1","src":"n2","body":{"msg_id":18,"type":"AppendEntries","term":1,"entries":[[["pass",null],0],[["cas",[1,[3,2]]],1]],"prevIndex":0,"prevTerm":0,"commit":0},"id":58}
DEBUG:root:received {"dest":"n1","src":"n1","body":{"msg_id":11,"type":"RequestVote","term":2,"prevLogIndex":0,"lastLogTerm":0,"candidateId":"n1"},"id":59}
DEBUG:root:received {"dest":"n1","src":"n4","body":{"msg_id":6,"type":"RequestVote","term":2,"prevLogIndex":0,"lastLogTerm":0,"candidateId":"n4"},"id":68}
DEBUG:root:received {"dest":"n1","src":"n3","body":{"msg_id":7,"type":"RequestVote","term":2,"prevLogIndex":0,"lastLogTerm":0,"candidateId":"n3"},"id":69}
DEBUG:root:received {"dest":"n1","src":"n5","body":{"msg_id":15,"in_reply_to":15,"type":"RequestVoteRes","term":2,"res":false},"id":81}
INFO:root:log atual
[(('pass', None), 0)]
prevlog index
1
 last log term
0

DEBUG:root:sending {"dest": "n5", "src": "n1", "body": {"msg_id": 16, "in_reply_to": 8, "type": "RequestVoteRes", "term": 2, "res": true}}
INFO:root:election started and voted vor
n5
at time
1651672416163949117

DEBUG:root:sending {"dest": "n2", "src": "n1", "body": {"msg_id": 17, "in_reply_to": 18, "type": "AppendEntriesRes", "res": false, "term": 2}}
INFO:root:msg term
1
current term
2
log
[(('pass', None), 0)]
msg entries
[[['pass', None], 0], [['cas', [1, [3, 2]]], 1]]

INFO:root:voting for myself
n1
at time
1651672416165231458
nr votes
0

DEBUG:root:sending {"dest": "n1", "src": "n1", "body": {"msg_id": 18, "in_reply_to": 11, "type": "RequestVoteRes", "term": 2, "res": true}}
INFO:root:log atual
[(('pass', None), 0)]
prevlog index
0
 last log term
0

DEBUG:root:sending {"dest": "n4", "src": "n1", "body": {"msg_id": 19, "in_reply_to": 6, "type": "RequestVoteRes", "term": 2, "res": false}}
INFO:root:log atual
[(('pass', None), 0)]
prevlog index
0
 last log term
0

DEBUG:root:sending {"dest": "n3", "src": "n1", "body": {"msg_id": 20, "in_reply_to": 7, "type": "RequestVoteRes", "term": 2, "res": false}}
INFO:root:Got a response to the vote Request #475

INFO:root:node id:
n1
leader
n1
kvsotr
{}
cur term
2
log 
[(('pass', None), 0)]
commit indez e last applied
0
0
candidate, votes, voted for
True
0
n1
timeout dict
{'n1': 1651672416165229067, 'n2': 1651672416164981823, 'n3': 1651672416165578334, 'n4': 1651672416165408956, 'n5': 1651672416165727680}
curr time
1651672416165771629

INFO:root:resposta
False
majority
3

DEBUG:root:received {"dest":"n1","src":"n4","body":{"msg_id":13,"in_reply_to":14,"type":"RequestVoteRes","term":2,"res":false},"id":84}
DEBUG:root:received {"dest":"n1","src":"n2","body":{"msg_id":23,"in_reply_to":12,"type":"RequestVoteRes","term":1,"res":false},"id":85}
DEBUG:root:received {"dest":"n1","src":"n1","body":{"msg_id":18,"in_reply_to":11,"type":"RequestVoteRes","term":2,"res":true},"id":94}
DEBUG:root:received {"dest":"n1","src":"n5","body":{"msg_id":18,"type":"AppendEntries","term":2,"prevIndex":1,"prevTerm":0,"entries":[],"commit":0},"id":95}
INFO:root:Got a response to the vote Request #475

INFO:root:node id:
n1
leader
n1
kvsotr
{}
cur term
2
log 
[(('pass', None), 0)]
commit indez e last applied
0
0
candidate, votes, voted for
True
0
n1
timeout dict
{'n1': 1651672416165229067, 'n2': 1651672416164981823, 'n3': 1651672416165578334, 'n4': 1651672416166942872, 'n5': 1651672416165727680}
curr time
1651672416167023063

INFO:root:resposta
False
majority
3

INFO:root:Got a response to the vote Request #475

INFO:root:node id:
n1
leader
n1
kvsotr
{}
cur term
2
log 
[(('pass', None), 0)]
commit indez e last applied
0
0
candidate, votes, voted for
True
0
n1
timeout dict
{'n1': 1651672416165229067, 'n2': 1651672416167160210, 'n3': 1651672416165578334, 'n4': 1651672416166942872, 'n5': 1651672416165727680}
curr time
1651672416167197337

INFO:root:resposta
False
majority
3

INFO:root:Got a response to the vote Request #475

INFO:root:node id:
n1
leader
n1
kvsotr
{}
cur term
2
log 
[(('pass', None), 0)]
commit indez e last applied
0
0
candidate, votes, voted for
True
0
n1
timeout dict
{'n1': 1651672416167295231, 'n2': 1651672416167160210, 'n3': 1651672416165578334, 'n4': 1651672416166942872, 'n5': 1651672416165727680}
curr time
1651672416167327767

INFO:root:resposta
True
majority
3

INFO:root:antes  #487
0

INFO:root:depois  #489
1

INFO:root:280
[(('pass', None), 0)]
1
0
n1
[]

DEBUG:root:received {"dest":"n1","src":"n3","body":{"msg_id":14,"in_reply_to":13,"type":"RequestVoteRes","term":2,"res":false},"id":102}
INFO:root:Got a response to the vote Request #475

INFO:root:node id:
n1
leader
n1
kvsotr
{}
cur term
2
log 
[(('pass', None), 0)]
commit indez e last applied
0
0
candidate, votes, voted for
True
1
n1
timeout dict
{'n1': 1651672416167295231, 'n2': 1651672416167160210, 'n3': 1651672416171138074, 'n4': 1651672416166942872, 'n5': 1651672416167476779}
curr time
1651672416171230908

INFO:root:resposta
False
majority
3

DEBUG:root:received {"dest":"n1","src":"n5","body":{"msg_id":22,"type":"AppendEntries","term":2,"prevIndex":1,"prevTerm":0,"entries":[],"commit":0},"id":109}
INFO:root:280
[(('pass', None), 0)]
1
0
n1
[]

DEBUG:root:received {"dest":"n1","src":"n4","body":{"msg_id":17,"type":"RequestVote","term":3,"prevLogIndex":0,"lastLogTerm":0,"candidateId":"n4"},"id":110}
INFO:root:log atual
[(('pass', None), 0)]
prevlog index
0
 last log term
0

DEBUG:root:sending {"dest": "n4", "src": "n1", "body": {"msg_id": 21, "in_reply_to": 17, "type": "RequestVoteRes", "term": 2, "res": false}}
DEBUG:root:received {"dest":"n1","src":"n3","body":{"msg_id":18,"type":"RequestVote","term":3,"prevLogIndex":0,"lastLogTerm":0,"candidateId":"n3"},"id":120}
INFO:root:log atual
[(('pass', None), 0)]
prevlog index
0
 last log term
0

DEBUG:root:sending {"dest": "n3", "src": "n1", "body": {"msg_id": 22, "in_reply_to": 18, "type": "RequestVoteRes", "term": 2, "res": false}}
INFO:root:election timeout, starting new election

INFO:root:starting new elections, new term
3
sec, min max hb
0.4194280264839043
0.2
0.5

INFO:root:Requesting new Vote

DEBUG:root:sending {"dest": "n1", "src": "n1", "body": {"msg_id": 23, "type": "RequestVote", "term": 3, "prevLogIndex": 0, "lastLogTerm": 0, "candidateId": "n1"}}
DEBUG:root:sending {"dest": "n2", "src": "n1", "body": {"msg_id": 24, "type": "RequestVote", "term": 3, "prevLogIndex": 0, "lastLogTerm": 0, "candidateId": "n1"}}
DEBUG:root:sending {"dest": "n3", "src": "n1", "body": {"msg_id": 25, "type": "RequestVote", "term": 3, "prevLogIndex": 0, "lastLogTerm": 0, "candidateId": "n1"}}
DEBUG:root:sending {"dest": "n4", "src": "n1", "body": {"msg_id": 26, "type": "RequestVote", "term": 3, "prevLogIndex": 0, "lastLogTerm": 0, "candidateId": "n1"}}
DEBUG:root:sending {"dest": "n5", "src": "n1", "body": {"msg_id": 27, "type": "RequestVote", "term": 3, "prevLogIndex": 0, "lastLogTerm": 0, "candidateId": "n1"}}
DEBUG:root:received {"dest":"n1","src":"n1","body":{"msg_id":23,"type":"RequestVote","term":3,"prevLogIndex":0,"lastLogTerm":0,"candidateId":"n1"},"id":130}
INFO:root:voting for myself
n1
at time
1651672416269835860
nr votes
0

DEBUG:root:sending {"dest": "n1", "src": "n1", "body": {"msg_id": 28, "in_reply_to": 23, "type": "RequestVoteRes", "term": 3, "res": true}}
DEBUG:root:received {"dest":"n1","src":"n1","body":{"msg_id":28,"in_reply_to":23,"type":"RequestVoteRes","term":3,"res":true},"id":135}
DEBUG:root:received {"dest":"n1","src":"n3","body":{"msg_id":24,"in_reply_to":25,"type":"RequestVoteRes","term":3,"res":false},"id":136}
INFO:root:Got a response to the vote Request #475

INFO:root:node id:
n1
leader
n1
kvsotr
{}
cur term
3
log 
[(('pass', None), 0)]
commit indez e last applied
0
0
candidate, votes, voted for
True
0
n1
timeout dict
{'n1': 1651672416270937377, 'n2': 1651672416167160210, 'n3': 1651672416267054188, 'n4': 1651672416263932975, 'n5': 1651672416239822740}
curr time
1651672416271015668

INFO:root:resposta
True
majority
3

INFO:root:antes  #487
0

INFO:root:depois  #489
1

INFO:root:Got a response to the vote Request #475

INFO:root:node id:
n1
leader
n1
kvsotr
{}
cur term
3
log 
[(('pass', None), 0)]
commit indez e last applied
0
0
candidate, votes, voted for
True
1
n1
timeout dict
{'n1': 1651672416270937377, 'n2': 1651672416167160210, 'n3': 1651672416271262923, 'n4': 1651672416263932975, 'n5': 1651672416239822740}
curr time
1651672416271316522

INFO:root:resposta
False
majority
3

DEBUG:root:received {"dest":"n1","src":"n4","body":{"msg_id":24,"in_reply_to":26,"type":"RequestVoteRes","term":3,"res":false},"id":137}
DEBUG:root:received {"dest":"n1","src":"n5","body":{"msg_id":25,"in_reply_to":27,"type":"RequestVoteRes","term":2,"res":false},"id":138}
DEBUG:root:received {"dest":"n1","src":"n2","body":{"msg_id":30,"in_reply_to":24,"type":"RequestVoteRes","term":2,"res":false},"id":139}
INFO:root:Got a response to the vote Request #475

INFO:root:node id:
n1
leader
n1
kvsotr
{}
cur term
3
log 
[(('pass', None), 0)]
commit indez e last applied
0
0
candidate, votes, voted for
True
1
n1
timeout dict
{'n1': 1651672416270937377, 'n2': 1651672416167160210, 'n3': 1651672416271262923, 'n4': 1651672416271685324, 'n5': 1651672416239822740}
curr time
1651672416271784493

INFO:root:resposta
False
majority
3

INFO:root:Got a response to the vote Request #475

INFO:root:node id:
n1
leader
n1
kvsotr
{}
cur term
3
log 
[(('pass', None), 0)]
commit indez e last applied
0
0
candidate, votes, voted for
True
1
n1
timeout dict
{'n1': 1651672416270937377, 'n2': 1651672416167160210, 'n3': 1651672416271262923, 'n4': 1651672416271685324, 'n5': 1651672416271894040}
curr time
1651672416271937959

INFO:root:resposta
False
majority
3

INFO:root:Got a response to the vote Request #475

INFO:root:node id:
n1
leader
n1
kvsotr
{}
cur term
3
log 
[(('pass', None), 0)]
commit indez e last applied
0
0
candidate, votes, voted for
True
1
n1
timeout dict
{'n1': 1651672416270937377, 'n2': 1651672416272061714, 'n3': 1651672416271262923, 'n4': 1651672416271685324, 'n5': 1651672416271894040}
curr time
1651672416272106402

INFO:root:resposta
False
majority
3

DEBUG:root:received {"dest":"n1","body":{"key":1,"from":0,"to":2,"type":"cas","msg_id":1},"src":"c14","id":140}
DEBUG:root:sending {"dest": "n3", "src": "n1", "body": {"msg_id": 29, "type": "AppendEntries", "term": 3, "entries": [[["cas", [1, [0, 2]]], 3]], "prevIndex": 0, "prevTerm": 0, "commit": 0}}
DEBUG:root:sending {"dest": "n4", "src": "n1", "body": {"msg_id": 30, "type": "AppendEntries", "term": 3, "entries": [[["cas", [1, [0, 2]]], 3]], "prevIndex": 0, "prevTerm": 0, "commit": 0}}
DEBUG:root:received {"dest":"n1","src":"n3","body":{"msg_id":25,"in_reply_to":29,"type":"AppendEntriesRes","res":true,"term":3,"next":2,"commit":0},"id":143}
DEBUG:root:received {"dest":"n1","src":"n4","body":{"msg_id":25,"in_reply_to":30,"type":"AppendEntriesRes","res":true,"term":3,"next":2,"commit":0},"id":144}
DEBUG:root:received {"dest":"n1","src":"n4","body":{"msg_id":26,"type":"RequestVote","term":4,"prevLogIndex":1,"lastLogTerm":3,"candidateId":"n4"},"id":145}
INFO:root:log atual
[(('pass', None), 0), (('cas', (1, (0, 2))), 3)]
prevlog index
1
 last log term
3

DEBUG:root:sending {"dest": "n4", "src": "n1", "body": {"msg_id": 31, "in_reply_to": 26, "type": "RequestVoteRes", "term": 3, "res": false}}
DEBUG:root:received {"dest":"n1","src":"n3","body":{"msg_id":27,"type":"RequestVote","term":4,"prevLogIndex":1,"lastLogTerm":3,"candidateId":"n3"},"id":155}
INFO:root:log atual
[(('pass', None), 0), (('cas', (1, (0, 2))), 3)]
prevlog index
1
 last log term
3

DEBUG:root:sending {"dest": "n3", "src": "n1", "body": {"msg_id": 32, "in_reply_to": 27, "type": "RequestVoteRes", "term": 3, "res": false}}
DEBUG:root:received {"dest":"n1","src":"n5","body":{"msg_id":28,"type":"RequestVote","term":5,"prevLogIndex":1,"lastLogTerm":0,"candidateId":"n5"},"id":165}
INFO:root:log atual
[(('pass', None), 0), (('cas', (1, (0, 2))), 3)]
prevlog index
1
 last log term
0

DEBUG:root:sending {"dest": "n5", "src": "n1", "body": {"msg_id": 33, "in_reply_to": 28, "type": "RequestVoteRes", "term": 3, "res": false}}
DEBUG:root:received {"dest":"n1","src":"n5","body":{"msg_id":34,"type":"RequestVote","term":6,"prevLogIndex":1,"lastLogTerm":0,"candidateId":"n5"},"id":177}
INFO:root:log atual
[(('pass', None), 0), (('cas', (1, (0, 2))), 3)]
prevlog index
1
 last log term
0

DEBUG:root:sending {"dest": "n5", "src": "n1", "body": {"msg_id": 34, "in_reply_to": 34, "type": "RequestVoteRes", "term": 3, "res": false}}
INFO:root:election timeout, starting new election

INFO:root:starting new elections, new term
4
sec, min max hb
0.3389408430792191
0.2
0.5

INFO:root:Requesting new Vote

DEBUG:root:sending {"dest": "n1", "src": "n1", "body": {"msg_id": 35, "type": "RequestVote", "term": 4, "prevLogIndex": 1, "lastLogTerm": 3, "candidateId": "n1"}}
DEBUG:root:sending {"dest": "n2", "src": "n1", "body": {"msg_id": 36, "type": "RequestVote", "term": 4, "prevLogIndex": 1, "lastLogTerm": 3, "candidateId": "n1"}}
DEBUG:root:sending {"dest": "n3", "src": "n1", "body": {"msg_id": 37, "type": "RequestVote", "term": 4, "prevLogIndex": 1, "lastLogTerm": 3, "candidateId": "n1"}}
DEBUG:root:sending {"dest": "n4", "src": "n1", "body": {"msg_id": 38, "type": "RequestVote", "term": 4, "prevLogIndex": 1, "lastLogTerm": 3, "candidateId": "n1"}}
DEBUG:root:sending {"dest": "n5", "src": "n1", "body": {"msg_id": 39, "type": "RequestVote", "term": 4, "prevLogIndex": 1, "lastLogTerm": 3, "candidateId": "n1"}}
DEBUG:root:received {"dest":"n1","src":"n1","body":{"msg_id":35,"type":"RequestVote","term":4,"prevLogIndex":1,"lastLogTerm":3,"candidateId":"n1"},"id":187}
INFO:root:voting for myself
n1
at time
1651672416610851392
nr votes
0

DEBUG:root:sending {"dest": "n1", "src": "n1", "body": {"msg_id": 40, "in_reply_to": 35, "type": "RequestVoteRes", "term": 4, "res": true}}
DEBUG:root:received {"dest":"n1","src":"n1","body":{"msg_id":40,"in_reply_to":35,"type":"RequestVoteRes","term":4,"res":true},"id":192}
DEBUG:root:received {"dest":"n1","src":"n2","body":{"msg_id":35,"in_reply_to":36,"type":"RequestVoteRes","term":2,"res":false},"id":193}
DEBUG:root:received {"dest":"n1","src":"n3","body":{"msg_id":36,"type":"RequestVote","term":5,"prevLogIndex":1,"lastLogTerm":3,"candidateId":"n3"},"id":194}
INFO:root:Got a response to the vote Request #475

INFO:root:node id:
n1
leader
n1
kvsotr
{}
cur term
4
log 
[(('pass', None), 0), (('cas', (1, (0, 2))), 3)]
commit indez e last applied
0
0
candidate, votes, voted for
True
0
n1
timeout dict
{'n1': 1651672416613970392, 'n2': 1651672416272061714, 'n3': 1651672416449270292, 'n4': 1651672416444469973, 'n5': 1651672416565529765}
curr time
1651672416614219864

INFO:root:resposta
True
majority
3

INFO:root:antes  #487
0

INFO:root:depois  #489
1

INFO:root:Got a response to the vote Request #475

INFO:root:node id:
n1
leader
n1
kvsotr
{}
cur term
4
log 
[(('pass', None), 0), (('cas', (1, (0, 2))), 3)]
commit indez e last applied
0
0
candidate, votes, voted for
True
1
n1
timeout dict
{'n1': 1651672416613970392, 'n2': 1651672416615032353, 'n3': 1651672416449270292, 'n4': 1651672416444469973, 'n5': 1651672416565529765}
curr time
1651672416615208003

INFO:root:resposta
False
majority
3

INFO:root:log atual
[(('pass', None), 0), (('cas', (1, (0, 2))), 3)]
prevlog index
1
 last log term
3

DEBUG:root:sending {"dest": "n3", "src": "n1", "body": {"msg_id": 41, "in_reply_to": 36, "type": "RequestVoteRes", "term": 4, "res": false}}
DEBUG:root:received {"dest":"n1","src":"n4","body":{"msg_id":35,"in_reply_to":38,"type":"RequestVoteRes","term":4,"res":false},"id":196}
DEBUG:root:received {"dest":"n1","src":"n5","body":{"msg_id":40,"in_reply_to":39,"type":"RequestVoteRes","term":6,"res":false},"id":197}
INFO:root:Got a response to the vote Request #475

INFO:root:node id:
n1
leader
n1
kvsotr
{}
cur term
4
log 
[(('pass', None), 0), (('cas', (1, (0, 2))), 3)]
commit indez e last applied
0
0
candidate, votes, voted for
True
1
n1
timeout dict
{'n1': 1651672416613970392, 'n2': 1651672416615032353, 'n3': 1651672416615715119, 'n4': 1651672416617210672, 'n5': 1651672416565529765}
curr time
1651672416617425854

INFO:root:resposta
False
majority
3

INFO:root:Got a response to the vote Request #475

INFO:root:node id:
n1
leader
n1
kvsotr
{}
cur term
4
log 
[(('pass', None), 0), (('cas', (1, (0, 2))), 3)]
commit indez e last applied
0
0
candidate, votes, voted for
True
1
n1
timeout dict
{'n1': 1651672416613970392, 'n2': 1651672416615032353, 'n3': 1651672416615715119, 'n4': 1651672416617210672, 'n5': 1651672416617916820}
curr time
1651672416618073117

INFO:root:resposta
False
majority
3

DEBUG:root:received {"dest":"n1","src":"n3","body":{"msg_id":41,"in_reply_to":37,"type":"RequestVoteRes","term":5,"res":false},"id":203}
INFO:root:Got a response to the vote Request #475

INFO:root:node id:
n1
leader
n1
kvsotr
{}
cur term
4
log 
[(('pass', None), 0), (('cas', (1, (0, 2))), 3)]
commit indez e last applied
0
0
candidate, votes, voted for
True
1
n1
timeout dict
{'n1': 1651672416613970392, 'n2': 1651672416615032353, 'n3': 1651672416619461425, 'n4': 1651672416617210672, 'n5': 1651672416617916820}
curr time
1651672416619644258

INFO:root:resposta
False
majority
3

DEBUG:root:received {"dest":"n1","src":"n4","body":{"msg_id":37,"type":"RequestVote","term":5,"prevLogIndex":1,"lastLogTerm":3,"candidateId":"n4"},"id":207}
INFO:root:log atual
[(('pass', None), 0), (('cas', (1, (0, 2))), 3)]
prevlog index
1
 last log term
3

DEBUG:root:sending {"dest": "n4", "src": "n1", "body": {"msg_id": 42, "in_reply_to": 37, "type": "RequestVoteRes", "term": 4, "res": false}}
DEBUG:root:received {"dest":"n1","src":"n3","body":{"msg_id":44,"type":"RequestVote","term":6,"prevLogIndex":1,"lastLogTerm":3,"candidateId":"n3"},"id":217}
INFO:root:log atual
[(('pass', None), 0), (('cas', (1, (0, 2))), 3)]
prevlog index
1
 last log term
3

DEBUG:root:sending {"dest": "n3", "src": "n1", "body": {"msg_id": 43, "in_reply_to": 44, "type": "RequestVoteRes", "term": 4, "res": false}}
DEBUG:root:received {"dest":"n1","src":"n4","body":{"msg_id":44,"type":"RequestVote","term":6,"prevLogIndex":1,"lastLogTerm":3,"candidateId":"n4"},"id":227}
INFO:root:log atual
[(('pass', None), 0), (('cas', (1, (0, 2))), 3)]
prevlog index
1
 last log term
3

DEBUG:root:sending {"dest": "n4", "src": "n1", "body": {"msg_id": 44, "in_reply_to": 44, "type": "RequestVoteRes", "term": 4, "res": false}}
INFO:root:election timeout, starting new election

INFO:root:starting new elections, new term
5
sec, min max hb
0.45805571430535724
0.2
0.5

INFO:root:Requesting new Vote

DEBUG:root:sending {"dest": "n1", "src": "n1", "body": {"msg_id": 45, "type": "RequestVote", "term": 5, "prevLogIndex": 1, "lastLogTerm": 3, "candidateId": "n1"}}
DEBUG:root:sending {"dest": "n2", "src": "n1", "body": {"msg_id": 46, "type": "RequestVote", "term": 5, "prevLogIndex": 1, "lastLogTerm": 3, "candidateId": "n1"}}
DEBUG:root:sending {"dest": "n3", "src": "n1", "body": {"msg_id": 47, "type": "RequestVote", "term": 5, "prevLogIndex": 1, "lastLogTerm": 3, "candidateId": "n1"}}
DEBUG:root:sending {"dest": "n4", "src": "n1", "body": {"msg_id": 48, "type": "RequestVote", "term": 5, "prevLogIndex": 1, "lastLogTerm": 3, "candidateId": "n1"}}
DEBUG:root:sending {"dest": "n5", "src": "n1", "body": {"msg_id": 49, "type": "RequestVote", "term": 5, "prevLogIndex": 1, "lastLogTerm": 3, "candidateId": "n1"}}
DEBUG:root:received {"dest":"n1","src":"n1","body":{"msg_id":45,"type":"RequestVote","term":5,"prevLogIndex":1,"lastLogTerm":3,"candidateId":"n1"},"id":237}
INFO:root:voting for myself
n1
at time
1651672416690582958
nr votes
0

DEBUG:root:sending {"dest": "n1", "src": "n1", "body": {"msg_id": 50, "in_reply_to": 45, "type": "RequestVoteRes", "term": 5, "res": true}}
DEBUG:root:received {"dest":"n1","src":"n2","body":{"msg_id":40,"in_reply_to":46,"type":"RequestVoteRes","term":2,"res":false},"id":243}
DEBUG:root:received {"dest":"n1","src":"n1","body":{"msg_id":50,"in_reply_to":45,"type":"RequestVoteRes","term":5,"res":true},"id":242}
DEBUG:root:received {"dest":"n1","src":"n3","body":{"msg_id":51,"in_reply_to":47,"type":"RequestVoteRes","term":6,"res":false},"id":244}
DEBUG:root:received {"dest":"n1","src":"n4","body":{"msg_id":50,"in_reply_to":48,"type":"RequestVoteRes","term":6,"res":false},"id":245}
DEBUG:root:received {"dest":"n1","src":"n5","body":{"msg_id":45,"in_reply_to":49,"type":"RequestVoteRes","term":6,"res":false},"id":246}
INFO:root:Got a response to the vote Request #475

INFO:root:node id:
n1
leader
n1
kvsotr
{}
cur term
5
log 
[(('pass', None), 0), (('cas', (1, (0, 2))), 3)]
commit indez e last applied
0
0
candidate, votes, voted for
True
0
n1
timeout dict
{'n1': 1651672416690577685, 'n2': 1651672416692145018, 'n3': 1651672416661259075, 'n4': 1651672416669517926, 'n5': 1651672416617916820}
curr time
1651672416692238804

INFO:root:resposta
False
majority
3

INFO:root:Got a response to the vote Request #475

INFO:root:node id:
n1
leader
n1
kvsotr
{}
cur term
5
log 
[(('pass', None), 0), (('cas', (1, (0, 2))), 3)]
commit indez e last applied
0
0
candidate, votes, voted for
True
0
n1
timeout dict
{'n1': 1651672416692448568, 'n2': 1651672416692145018, 'n3': 1651672416661259075, 'n4': 1651672416669517926, 'n5': 1651672416617916820}
curr time
1651672416692512824

INFO:root:resposta
True
majority
3

INFO:root:antes  #487
0

INFO:root:depois  #489
1

INFO:root:Got a response to the vote Request #475

INFO:root:node id:
n1
leader
n1
kvsotr
{}
cur term
5
log 
[(('pass', None), 0), (('cas', (1, (0, 2))), 3)]
commit indez e last applied
0
0
candidate, votes, voted for
True
1
n1
timeout dict
{'n1': 1651672416692448568, 'n2': 1651672416692145018, 'n3': 1651672416692784666, 'n4': 1651672416669517926, 'n5': 1651672416617916820}
curr time
1651672416692837747

INFO:root:resposta
False
majority
3

INFO:root:Got a response to the vote Request #475

INFO:root:node id:
n1
leader
n1
kvsotr
{}
cur term
5
log 
[(('pass', None), 0), (('cas', (1, (0, 2))), 3)]
commit indez e last applied
0
0
candidate, votes, voted for
True
1
n1
timeout dict
{'n1': 1651672416692448568, 'n2': 1651672416692145018, 'n3': 1651672416692784666, 'n4': 1651672416692999833, 'n5': 1651672416617916820}
curr time
1651672416693056309

INFO:root:resposta
False
majority
3

INFO:root:Got a response to the vote Request #475

INFO:root:node id:
n1
leader
n1
kvsotr
{}
cur term
5
log 
[(('pass', None), 0), (('cas', (1, (0, 2))), 3)]
commit indez e last applied
0
0
candidate, votes, voted for
True
1
n1
timeout dict
{'n1': 1651672416692448568, 'n2': 1651672416692145018, 'n3': 1651672416692784666, 'n4': 1651672416692999833, 'n5': 1651672416693220529}
curr time
1651672416693275375

INFO:root:resposta
False
majority
3

DEBUG:root:received {"dest":"n1","src":"n5","body":{"msg_id":47,"type":"RequestVote","term":7,"prevLogIndex":1,"lastLogTerm":0,"candidateId":"n5"},"id":249}
INFO:root:log atual
[(('pass', None), 0), (('cas', (1, (0, 2))), 3)]
prevlog index
1
 last log term
0

DEBUG:root:sending {"dest": "n5", "src": "n1", "body": {"msg_id": 51, "in_reply_to": 47, "type": "RequestVoteRes", "term": 5, "res": false}}
DEBUG:root:received {"dest":"n1","src":"n5","body":{"msg_id":53,"type":"RequestVote","term":8,"prevLogIndex":1,"lastLogTerm":0,"candidateId":"n5"},"id":259}
INFO:root:log atual
[(('pass', None), 0), (('cas', (1, (0, 2))), 3)]
prevlog index
1
 last log term
0

DEBUG:root:sending {"dest": "n5", "src": "n1", "body": {"msg_id": 52, "in_reply_to": 53, "type": "RequestVoteRes", "term": 5, "res": false}}
DEBUG:root:received {"dest":"n1","src":"n4","body":{"msg_id":54,"type":"RequestVote","term":7,"prevLogIndex":1,"lastLogTerm":3,"candidateId":"n4"},"id":271}
INFO:root:log atual
[(('pass', None), 0), (('cas', (1, (0, 2))), 3)]
prevlog index
1
 last log term
3

DEBUG:root:sending {"dest": "n4", "src": "n1", "body": {"msg_id": 53, "in_reply_to": 54, "type": "RequestVoteRes", "term": 5, "res": false}}
INFO:root:election timeout, starting new election

INFO:root:starting new elections, new term
6
sec, min max hb
0.45892199184103377
0.2
0.5

INFO:root:Requesting new Vote

DEBUG:root:sending {"dest": "n1", "src": "n1", "body": {"msg_id": 54, "type": "RequestVote", "term": 6, "prevLogIndex": 1, "lastLogTerm": 3, "candidateId": "n1"}}
DEBUG:root:sending {"dest": "n2", "src": "n1", "body": {"msg_id": 55, "type": "RequestVote", "term": 6, "prevLogIndex": 1, "lastLogTerm": 3, "candidateId": "n1"}}
DEBUG:root:sending {"dest": "n3", "src": "n1", "body": {"msg_id": 56, "type": "RequestVote", "term": 6, "prevLogIndex": 1, "lastLogTerm": 3, "candidateId": "n1"}}
DEBUG:root:sending {"dest": "n4", "src": "n1", "body": {"msg_id": 57, "type": "RequestVote", "term": 6, "prevLogIndex": 1, "lastLogTerm": 3, "candidateId": "n1"}}
DEBUG:root:sending {"dest": "n5", "src": "n1", "body": {"msg_id": 58, "type": "RequestVote", "term": 6, "prevLogIndex": 1, "lastLogTerm": 3, "candidateId": "n1"}}
DEBUG:root:received {"dest":"n1","src":"n1","body":{"msg_id":54,"type":"RequestVote","term":6,"prevLogIndex":1,"lastLogTerm":3,"candidateId":"n1"},"id":281}
INFO:root:voting for myself
n1
at time
1651672416953173928
nr votes
0

DEBUG:root:sending {"dest": "n1", "src": "n1", "body": {"msg_id": 59, "in_reply_to": 54, "type": "RequestVoteRes", "term": 6, "res": true}}
DEBUG:root:received {"dest":"n1","src":"n1","body":{"msg_id":59,"in_reply_to":54,"type":"RequestVoteRes","term":6,"res":true},"id":286}
DEBUG:root:received {"dest":"n1","src":"n2","body":{"msg_id":44,"in_reply_to":55,"type":"RequestVoteRes","term":2,"res":false},"id":287}
DEBUG:root:received {"dest":"n1","src":"n3","body":{"msg_id":55,"in_reply_to":56,"type":"RequestVoteRes","term":6,"res":false},"id":288}
DEBUG:root:received {"dest":"n1","src":"n5","body":{"msg_id":60,"in_reply_to":58,"type":"RequestVoteRes","term":8,"res":false},"id":289}
DEBUG:root:received {"dest":"n1","src":"n4","body":{"msg_id":60,"in_reply_to":57,"type":"RequestVoteRes","term":7,"res":false},"id":290}
INFO:root:Got a response to the vote Request #475

INFO:root:node id:
n1
leader
n1
kvsotr
{}
cur term
6
log 
[(('pass', None), 0), (('cas', (1, (0, 2))), 3)]
commit indez e last applied
0
0
candidate, votes, voted for
True
0
n1
timeout dict
{'n1': 1651672416956884282, 'n2': 1651672416692145018, 'n3': 1651672416692784666, 'n4': 1651672416938740540, 'n5': 1651672416817207747}
curr time
1651672416957123399

INFO:root:resposta
True
majority
3

INFO:root:antes  #487
0

INFO:root:depois  #489
1

INFO:root:Got a response to the vote Request #475

INFO:root:node id:
n1
leader
n1
kvsotr
{}
cur term
6
log 
[(('pass', None), 0), (('cas', (1, (0, 2))), 3)]
commit indez e last applied
0
0
candidate, votes, voted for
True
1
n1
timeout dict
{'n1': 1651672416956884282, 'n2': 1651672416957911495, 'n3': 1651672416692784666, 'n4': 1651672416938740540, 'n5': 1651672416817207747}
curr time
1651672416958049165

INFO:root:resposta
False
majority
3

INFO:root:Got a response to the vote Request #475

INFO:root:node id:
n1
leader
n1
kvsotr
{}
cur term
6
log 
[(('pass', None), 0), (('cas', (1, (0, 2))), 3)]
commit indez e last applied
0
0
candidate, votes, voted for
True
1
n1
timeout dict
{'n1': 1651672416956884282, 'n2': 1651672416957911495, 'n3': 1651672416958462223, 'n4': 1651672416938740540, 'n5': 1651672416817207747}
curr time
1651672416958602710

INFO:root:resposta
False
majority
3

INFO:root:Got a response to the vote Request #475

INFO:root:node id:
n1
leader
n1
kvsotr
{}
cur term
6
log 
[(('pass', None), 0), (('cas', (1, (0, 2))), 3)]
commit indez e last applied
0
0
candidate, votes, voted for
True
1
n1
timeout dict
{'n1': 1651672416956884282, 'n2': 1651672416957911495, 'n3': 1651672416958462223, 'n4': 1651672416938740540, 'n5': 1651672416959040256}
curr time
1651672416959173173

INFO:root:resposta
False
majority
3

INFO:root:Got a response to the vote Request #475

INFO:root:node id:
n1
leader
n1
kvsotr
{}
cur term
6
log 
[(('pass', None), 0), (('cas', (1, (0, 2))), 3)]
commit indez e last applied
0
0
candidate, votes, voted for
True
1
n1
timeout dict
{'n1': 1651672416956884282, 'n2': 1651672416957911495, 'n3': 1651672416958462223, 'n4': 1651672416959564658, 'n5': 1651672416959040256}
curr time
1651672416959706005

INFO:root:resposta
False
majority
3

DEBUG:root:received {"dest":"n1","src":"n3","body":{"msg_id":56,"type":"RequestVote","term":7,"prevLogIndex":1,"lastLogTerm":3,"candidateId":"n3"},"id":291}
INFO:root:log atual
[(('pass', None), 0), (('cas', (1, (0, 2))), 3)]
prevlog index
1
 last log term
3

DEBUG:root:sending {"dest": "n3", "src": "n1", "body": {"msg_id": 60, "in_reply_to": 56, "type": "RequestVoteRes", "term": 6, "res": false}}
DEBUG:root:received {"dest":"n1","src":"n3","body":{"msg_id":61,"type":"RequestVote","term":8,"prevLogIndex":1,"lastLogTerm":3,"candidateId":"n3"},"id":297}
INFO:root:log atual
[(('pass', None), 0), (('cas', (1, (0, 2))), 3)]
prevlog index
1
 last log term
3

DEBUG:root:sending {"dest": "n3", "src": "n1", "body": {"msg_id": 61, "in_reply_to": 61, "type": "RequestVoteRes", "term": 6, "res": false}}
DEBUG:root:received {"dest":"n1","src":"n2","body":{"msg_id":47,"type":"RequestVote","term":3,"prevLogIndex":2,"lastLogTerm":1,"candidateId":"n2"},"id":311}
DEBUG:root:sending {"dest": "n2", "src": "n1", "body": {"msg_id": 62, "in_reply_to": 47, "type": "RequestVoteRes", "term": 6, "res": false}}
INFO:root:Bad election request, term is not up to date
n1
at time
1651672417040062805

DEBUG:root:received {"dest":"n1","src":"n5","body":{"msg_id":65,"type":"RequestVote","term":9,"prevLogIndex":1,"lastLogTerm":0,"candidateId":"n5"},"id":323}
INFO:root:log atual
[(('pass', None), 0), (('cas', (1, (0, 2))), 3)]
prevlog index
1
 last log term
0

DEBUG:root:sending {"dest": "n5", "src": "n1", "body": {"msg_id": 63, "in_reply_to": 65, "type": "RequestVoteRes", "term": 6, "res": false}}
INFO:root:election timeout, starting new election

INFO:root:starting new elections, new term
7
sec, min max hb
0.4863836658587571
0.2
0.5

INFO:root:Requesting new Vote

DEBUG:root:sending {"dest": "n1", "src": "n1", "body": {"msg_id": 64, "type": "RequestVote", "term": 7, "prevLogIndex": 1, "lastLogTerm": 3, "candidateId": "n1"}}
DEBUG:root:sending {"dest": "n2", "src": "n1", "body": {"msg_id": 65, "type": "RequestVote", "term": 7, "prevLogIndex": 1, "lastLogTerm": 3, "candidateId": "n1"}}
DEBUG:root:sending {"dest": "n3", "src": "n1", "body": {"msg_id": 66, "type": "RequestVote", "term": 7, "prevLogIndex": 1, "lastLogTerm": 3, "candidateId": "n1"}}
DEBUG:root:sending {"dest": "n4", "src": "n1", "body": {"msg_id": 67, "type": "RequestVote", "term": 7, "prevLogIndex": 1, "lastLogTerm": 3, "candidateId": "n1"}}
DEBUG:root:sending {"dest": "n5", "src": "n1", "body": {"msg_id": 68, "type": "RequestVote", "term": 7, "prevLogIndex": 1, "lastLogTerm": 3, "candidateId": "n1"}}
DEBUG:root:received {"dest":"n1","src":"n1","body":{"msg_id":64,"type":"RequestVote","term":7,"prevLogIndex":1,"lastLogTerm":3,"candidateId":"n1"},"id":333}
INFO:root:voting for myself
n1
at time
1651672417150672492
nr votes
0

DEBUG:root:sending {"dest": "n1", "src": "n1", "body": {"msg_id": 69, "in_reply_to": 64, "type": "RequestVoteRes", "term": 7, "res": true}}
DEBUG:root:received {"dest":"n1","src":"n3","body":{"msg_id":70,"in_reply_to":66,"type":"RequestVoteRes","term":8,"res":false},"id":340}
DEBUG:root:received {"dest":"n1","src":"n2","body":{"msg_id":54,"in_reply_to":65,"type":"RequestVoteRes","term":3,"res":false},"id":338}
INFO:root:Got a response to the vote Request #475

DEBUG:root:received {"dest":"n1","src":"n1","body":{"msg_id":69,"in_reply_to":64,"type":"RequestVoteRes","term":7,"res":true},"id":339}
INFO:root:node id:
n1
leader
n1
kvsotr
{}
cur term
7
log 
[(('pass', None), 0), (('cas', (1, (0, 2))), 3)]
commit indez e last applied
0
0
candidate, votes, voted for
True
0
n1
timeout dict
{'n1': 1651672417150666999, 'n2': 1651672417039860021, 'n3': 1651672417152121597, 'n4': 1651672416959564658, 'n5': 1651672417095098682}
curr time
1651672417152330182

DEBUG:root:received {"dest":"n1","src":"n5","body":{"msg_id":71,"in_reply_to":68,"type":"RequestVoteRes","term":9,"res":false},"id":341}
INFO:root:resposta
False
majority
3

DEBUG:root:received {"dest":"n1","src":"n4","body":{"msg_id":65,"in_reply_to":67,"type":"RequestVoteRes","term":7,"res":false},"id":342}
INFO:root:Got a response to the vote Request #475

INFO:root:node id:
n1
leader
n1
kvsotr
{}
cur term
7
log 
[(('pass', None), 0), (('cas', (1, (0, 2))), 3)]
commit indez e last applied
0
0
candidate, votes, voted for
True
0
n1
timeout dict
{'n1': 1651672417150666999, 'n2': 1651672417152879100, 'n3': 1651672417152121597, 'n4': 1651672416959564658, 'n5': 1651672417095098682}
curr time
1651672417153021125

INFO:root:resposta
False
majority
3

INFO:root:Got a response to the vote Request #475

INFO:root:node id:
n1
leader
n1
kvsotr
{}
cur term
7
log 
[(('pass', None), 0), (('cas', (1, (0, 2))), 3)]
commit indez e last applied
0
0
candidate, votes, voted for
True
0
n1
timeout dict
{'n1': 1651672417153152554, 'n2': 1651672417152879100, 'n3': 1651672417152121597, 'n4': 1651672416959564658, 'n5': 1651672417095098682}
curr time
1651672417153191688

INFO:root:resposta
True
majority
3

INFO:root:antes  #487
0

INFO:root:depois  #489
1

INFO:root:Got a response to the vote Request #475

INFO:root:node id:
n1
leader
n1
kvsotr
{}
cur term
7
log 
[(('pass', None), 0), (('cas', (1, (0, 2))), 3)]
commit indez e last applied
0
0
candidate, votes, voted for
True
1
n1
timeout dict
{'n1': 1651672417153152554, 'n2': 1651672417152879100, 'n3': 1651672417152121597, 'n4': 1651672416959564658, 'n5': 1651672417153364676}
curr time
1651672417153401305

INFO:root:resposta
False
majority
3

INFO:root:Got a response to the vote Request #475

INFO:root:node id:
n1
leader
n1
kvsotr
{}
cur term
7
log 
[(('pass', None), 0), (('cas', (1, (0, 2))), 3)]
commit indez e last applied
0
0
candidate, votes, voted for
True
1
n1
timeout dict
{'n1': 1651672417153152554, 'n2': 1651672417152879100, 'n3': 1651672417152121597, 'n4': 1651672417153501970, 'n5': 1651672417153364676}
curr time
1651672417153537349

INFO:root:resposta
False
majority
3

DEBUG:root:received {"dest":"n1","src":"n4","body":{"msg_id":66,"type":"RequestVote","term":8,"prevLogIndex":1,"lastLogTerm":3,"candidateId":"n4"},"id":343}
INFO:root:log atual
[(('pass', None), 0), (('cas', (1, (0, 2))), 3)]
prevlog index
1
 last log term
3

DEBUG:root:sending {"dest": "n4", "src": "n1", "body": {"msg_id": 70, "in_reply_to": 66, "type": "RequestVoteRes", "term": 7, "res": false}}
DEBUG:root:received {"dest":"n1","src":"n3","body":{"msg_id":72,"type":"RequestVote","term":9,"prevLogIndex":1,"lastLogTerm":3,"candidateId":"n3"},"id":353}
INFO:root:log atual
[(('pass', None), 0), (('cas', (1, (0, 2))), 3)]
prevlog index
1
 last log term
3

DEBUG:root:sending {"dest": "n3", "src": "n1", "body": {"msg_id": 71, "in_reply_to": 72, "type": "RequestVoteRes", "term": 7, "res": false}}
DEBUG:root:received {"dest":"n1","src":"n5","body":{"msg_id":74,"type":"RequestVote","term":10,"prevLogIndex":1,"lastLogTerm":0,"candidateId":"n5"},"id":365}
INFO:root:log atual
[(('pass', None), 0), (('cas', (1, (0, 2))), 3)]
prevlog index
1
 last log term
0

DEBUG:root:sending {"dest": "n5", "src": "n1", "body": {"msg_id": 72, "in_reply_to": 74, "type": "RequestVoteRes", "term": 7, "res": false}}
DEBUG:root:received {"dest":"n1","src":"n4","body":{"msg_id":74,"type":"RequestVote","term":9,"prevLogIndex":1,"lastLogTerm":3,"candidateId":"n4"},"id":375}
INFO:root:log atual
[(('pass', None), 0), (('cas', (1, (0, 2))), 3)]
prevlog index
1
 last log term
3

DEBUG:root:sending {"dest": "n4", "src": "n1", "body": {"msg_id": 73, "in_reply_to": 74, "type": "RequestVoteRes", "term": 7, "res": false}}
DEBUG:root:received {"dest":"n1","src":"n3","body":{"msg_id":81,"type":"RequestVote","term":10,"prevLogIndex":1,"lastLogTerm":3,"candidateId":"n3"},"id":385}
INFO:root:log atual
[(('pass', None), 0), (('cas', (1, (0, 2))), 3)]
prevlog index
1
 last log term
3

DEBUG:root:sending {"dest": "n3", "src": "n1", "body": {"msg_id": 74, "in_reply_to": 81, "type": "RequestVoteRes", "term": 7, "res": false}}
INFO:root:election timeout, starting new election

INFO:root:starting new elections, new term
8
sec, min max hb
0.32087711647312606
0.2
0.5

INFO:root:Requesting new Vote

DEBUG:root:sending {"dest": "n1", "src": "n1", "body": {"msg_id": 75, "type": "RequestVote", "term": 8, "prevLogIndex": 1, "lastLogTerm": 3, "candidateId": "n1"}}
DEBUG:root:sending {"dest": "n2", "src": "n1", "body": {"msg_id": 76, "type": "RequestVote", "term": 8, "prevLogIndex": 1, "lastLogTerm": 3, "candidateId": "n1"}}
DEBUG:root:sending {"dest": "n3", "src": "n1", "body": {"msg_id": 77, "type": "RequestVote", "term": 8, "prevLogIndex": 1, "lastLogTerm": 3, "candidateId": "n1"}}
DEBUG:root:sending {"dest": "n4", "src": "n1", "body": {"msg_id": 78, "type": "RequestVote", "term": 8, "prevLogIndex": 1, "lastLogTerm": 3, "candidateId": "n1"}}
DEBUG:root:sending {"dest": "n5", "src": "n1", "body": {"msg_id": 79, "type": "RequestVote", "term": 8, "prevLogIndex": 1, "lastLogTerm": 3, "candidateId": "n1"}}
DEBUG:root:received {"dest":"n1","src":"n1","body":{"msg_id":75,"type":"RequestVote","term":8,"prevLogIndex":1,"lastLogTerm":3,"candidateId":"n1"},"id":395}
INFO:root:voting for myself
n1
at time
1651672417414656161
nr votes
0

DEBUG:root:sending {"dest": "n1", "src": "n1", "body": {"msg_id": 80, "in_reply_to": 75, "type": "RequestVoteRes", "term": 8, "res": true}}
DEBUG:root:received {"dest":"n1","src":"n1","body":{"msg_id":80,"in_reply_to":75,"type":"RequestVoteRes","term":8,"res":true},"id":400}
DEBUG:root:received {"dest":"n1","src":"n4","body":{"msg_id":81,"in_reply_to":78,"type":"RequestVoteRes","term":9,"res":false},"id":401}
DEBUG:root:received {"dest":"n1","src":"n2","body":{"msg_id":60,"in_reply_to":76,"type":"RequestVoteRes","term":3,"res":false},"id":402}
DEBUG:root:received {"dest":"n1","src":"n5","body":{"msg_id":82,"in_reply_to":79,"type":"RequestVoteRes","term":10,"res":false},"id":403}
DEBUG:root:received {"dest":"n1","src":"n3","body":{"msg_id":87,"in_reply_to":77,"type":"RequestVoteRes","term":10,"res":false},"id":404}
INFO:root:Got a response to the vote Request #475

INFO:root:node id:
n1
leader
n1
kvsotr
{}
cur term
8
log 
[(('pass', None), 0), (('cas', (1, (0, 2))), 3)]
commit indez e last applied
0
0
candidate, votes, voted for
True
0
n1
timeout dict
{'n1': 1651672417415957931, 'n2': 1651672417152879100, 'n3': 1651672417377879560, 'n4': 1651672417366386330, 'n5': 1651672417302514996}
curr time
1651672417416032590

INFO:root:resposta
True
majority
3

INFO:root:antes  #487
0

INFO:root:depois  #489
1

INFO:root:Got a response to the vote Request #475

INFO:root:node id:
n1
leader
n1
kvsotr
{}
cur term
8
log 
[(('pass', None), 0), (('cas', (1, (0, 2))), 3)]
commit indez e last applied
0
0
candidate, votes, voted for
True
1
n1
timeout dict
{'n1': 1651672417415957931, 'n2': 1651672417152879100, 'n3': 1651672417377879560, 'n4': 1651672417416233572, 'n5': 1651672417302514996}
curr time
1651672417416271276

INFO:root:resposta
False
majority
3

INFO:root:Got a response to the vote Request #475

INFO:root:node id:
n1
leader
n1
kvsotr
{}
cur term
8
log 
[(('pass', None), 0), (('cas', (1, (0, 2))), 3)]
commit indez e last applied
0
0
candidate, votes, voted for
True
1
n1
timeout dict
{'n1': 1651672417415957931, 'n2': 1651672417416367663, 'n3': 1651672417377879560, 'n4': 1651672417416233572, 'n5': 1651672417302514996}
curr time
1651672417416399811

INFO:root:resposta
False
majority
3

INFO:root:Got a response to the vote Request #475

INFO:root:node id:
n1
leader
n1
kvsotr
{}
cur term
8
log 
[(('pass', None), 0), (('cas', (1, (0, 2))), 3)]
commit indez e last applied
0
0
candidate, votes, voted for
True
1
n1
timeout dict
{'n1': 1651672417415957931, 'n2': 1651672417416367663, 'n3': 1651672417377879560, 'n4': 1651672417416233572, 'n5': 1651672417416486032}
curr time
1651672417416516591

INFO:root:resposta
False
majority
3

INFO:root:Got a response to the vote Request #475

INFO:root:node id:
n1
leader
n1
kvsotr
{}
cur term
8
log 
[(('pass', None), 0), (('cas', (1, (0, 2))), 3)]
commit indez e last applied
0
0
candidate, votes, voted for
True
1
n1
timeout dict
{'n1': 1651672417415957931, 'n2': 1651672417416367663, 'n3': 1651672417416601427, 'n4': 1651672417416233572, 'n5': 1651672417416486032}
curr time
1651672417416632359

INFO:root:resposta
False
majority
3

DEBUG:root:received {"dest":"n1","src":"n5","body":{"msg_id":83,"type":"RequestVote","term":11,"prevLogIndex":1,"lastLogTerm":0,"candidateId":"n5"},"id":405}
INFO:root:log atual
[(('pass', None), 0), (('cas', (1, (0, 2))), 3)]
prevlog index
1
 last log term
0

DEBUG:root:sending {"dest": "n5", "src": "n1", "body": {"msg_id": 81, "in_reply_to": 83, "type": "RequestVoteRes", "term": 8, "res": false}}
DEBUG:root:received {"dest":"n1","src":"n2","body":{"msg_id":62,"type":"RequestVote","term":4,"prevLogIndex":2,"lastLogTerm":1,"candidateId":"n2"},"id":415}
DEBUG:root:sending {"dest": "n2", "src": "n1", "body": {"msg_id": 82, "in_reply_to": 62, "type": "RequestVoteRes", "term": 8, "res": false}}
INFO:root:Bad election request, term is not up to date
n1
at time
1651672417503818782

DEBUG:root:received {"dest":"n1","src":"n4","body":{"msg_id":84,"type":"RequestVote","term":10,"prevLogIndex":1,"lastLogTerm":3,"candidateId":"n4"},"id":427}
INFO:root:log atual
[(('pass', None), 0), (('cas', (1, (0, 2))), 3)]
prevlog index
1
 last log term
3

DEBUG:root:sending {"dest": "n4", "src": "n1", "body": {"msg_id": 83, "in_reply_to": 84, "type": "RequestVoteRes", "term": 8, "res": false}}
DEBUG:root:received {"dest":"n1","src":"n5","body":{"msg_id":91,"type":"RequestVote","term":12,"prevLogIndex":1,"lastLogTerm":0,"candidateId":"n5"},"id":437}
INFO:root:log atual
[(('pass', None), 0), (('cas', (1, (0, 2))), 3)]
prevlog index
1
 last log term
0

DEBUG:root:sending {"dest": "n5", "src": "n1", "body": {"msg_id": 84, "in_reply_to": 91, "type": "RequestVoteRes", "term": 8, "res": false}}
INFO:root:election timeout, starting new election

INFO:root:starting new elections, new term
9
sec, min max hb
0.4209830109627618
0.2
0.5

INFO:root:Requesting new Vote

DEBUG:root:sending {"dest": "n1", "src": "n1", "body": {"msg_id": 85, "type": "RequestVote", "term": 9, "prevLogIndex": 1, "lastLogTerm": 3, "candidateId": "n1"}}
DEBUG:root:sending {"dest": "n2", "src": "n1", "body": {"msg_id": 86, "type": "RequestVote", "term": 9, "prevLogIndex": 1, "lastLogTerm": 3, "candidateId": "n1"}}
DEBUG:root:sending {"dest": "n3", "src": "n1", "body": {"msg_id": 87, "type": "RequestVote", "term": 9, "prevLogIndex": 1, "lastLogTerm": 3, "candidateId": "n1"}}
DEBUG:root:sending {"dest": "n4", "src": "n1", "body": {"msg_id": 88, "type": "RequestVote", "term": 9, "prevLogIndex": 1, "lastLogTerm": 3, "candidateId": "n1"}}
DEBUG:root:sending {"dest": "n5", "src": "n1", "body": {"msg_id": 89, "type": "RequestVote", "term": 9, "prevLogIndex": 1, "lastLogTerm": 3, "candidateId": "n1"}}
DEBUG:root:received {"dest":"n1","src":"n1","body":{"msg_id":85,"type":"RequestVote","term":9,"prevLogIndex":1,"lastLogTerm":3,"candidateId":"n1"},"id":447}
INFO:root:voting for myself
n1
at time
1651672417640473724
nr votes
0

DEBUG:root:sending {"dest": "n1", "src": "n1", "body": {"msg_id": 90, "in_reply_to": 85, "type": "RequestVoteRes", "term": 9, "res": true}}
DEBUG:root:received {"dest":"n1","src":"n3","body":{"msg_id":93,"in_reply_to":87,"type":"RequestVoteRes","term":10,"res":false},"id":452}
DEBUG:root:received {"dest":"n1","src":"n2","body":{"msg_id":70,"in_reply_to":86,"type":"RequestVoteRes","term":4,"res":false},"id":453}
DEBUG:root:received {"dest":"n1","src":"n1","body":{"msg_id":90,"in_reply_to":85,"type":"RequestVoteRes","term":9,"res":true},"id":454}
DEBUG:root:received {"dest":"n1","src":"n4","body":{"msg_id":91,"in_reply_to":88,"type":"RequestVoteRes","term":10,"res":false},"id":455}
DEBUG:root:received {"dest":"n1","src":"n5","body":{"msg_id":97,"in_reply_to":89,"type":"RequestVoteRes","term":12,"res":false},"id":456}
INFO:root:Got a response to the vote Request #475

INFO:root:node id:
n1
leader
n1
kvsotr
{}
cur term
9
log 
[(('pass', None), 0), (('cas', (1, (0, 2))), 3)]
commit indez e last applied
0
0
candidate, votes, voted for
True
0
n1
timeout dict
{'n1': 1651672417640463432, 'n2': 1651672417503425484, 'n3': 1651672417642925676, 'n4': 1651672417577711651, 'n5': 1651672417579689697}
curr time
1651672417643146471

INFO:root:resposta
False
majority
3

INFO:root:Got a response to the vote Request #475

INFO:root:node id:
n1
leader
n1
kvsotr
{}
cur term
9
log 
[(('pass', None), 0), (('cas', (1, (0, 2))), 3)]
commit indez e last applied
0
0
candidate, votes, voted for
True
0
n1
timeout dict
{'n1': 1651672417640463432, 'n2': 1651672417643588084, 'n3': 1651672417642925676, 'n4': 1651672417577711651, 'n5': 1651672417579689697}
curr time
1651672417643717027

INFO:root:resposta
False
majority
3

INFO:root:Got a response to the vote Request #475

INFO:root:node id:
n1
leader
n1
kvsotr
{}
cur term
9
log 
[(('pass', None), 0), (('cas', (1, (0, 2))), 3)]
commit indez e last applied
0
0
candidate, votes, voted for
True
0
n1
timeout dict
{'n1': 1651672417644054017, 'n2': 1651672417643588084, 'n3': 1651672417642925676, 'n4': 1651672417577711651, 'n5': 1651672417579689697}
curr time
1651672417644205718

INFO:root:resposta
True
majority
3

INFO:root:antes  #487
0

INFO:root:depois  #489
1

INFO:root:Got a response to the vote Request #475

INFO:root:node id:
n1
leader
n1
kvsotr
{}
cur term
9
log 
[(('pass', None), 0), (('cas', (1, (0, 2))), 3)]
commit indez e last applied
0
0
candidate, votes, voted for
True
1
n1
timeout dict
{'n1': 1651672417644054017, 'n2': 1651672417643588084, 'n3': 1651672417642925676, 'n4': 1651672417644722155, 'n5': 1651672417579689697}
curr time
1651672417644865936

INFO:root:resposta
False
majority
3

INFO:root:Got a response to the vote Request #475

INFO:root:node id:
n1
leader
n1
kvsotr
{}
cur term
9
log 
[(('pass', None), 0), (('cas', (1, (0, 2))), 3)]
commit indez e last applied
0
0
candidate, votes, voted for
True
1
n1
timeout dict
{'n1': 1651672417644054017, 'n2': 1651672417643588084, 'n3': 1651672417642925676, 'n4': 1651672417644722155, 'n5': 1651672417645137481}
curr time
1651672417645255308

INFO:root:resposta
False
majority
3

DEBUG:root:received {"dest":"n1","src":"n3","body":{"msg_id":94,"type":"RequestVote","term":11,"prevLogIndex":1,"lastLogTerm":3,"candidateId":"n3"},"id":457}
INFO:root:log atual
[(('pass', None), 0), (('cas', (1, (0, 2))), 3)]
prevlog index
1
 last log term
3

DEBUG:root:sending {"dest": "n3", "src": "n1", "body": {"msg_id": 91, "in_reply_to": 94, "type": "RequestVoteRes", "term": 9, "res": false}}
DEBUG:root:received {"dest":"n1","src":"n3","body":{"msg_id":100,"type":"RequestVote","term":12,"prevLogIndex":1,"lastLogTerm":3,"candidateId":"n3"},"id":467}
INFO:root:log atual
[(('pass', None), 0), (('cas', (1, (0, 2))), 3)]
prevlog index
1
 last log term
3

DEBUG:root:sending {"dest": "n3", "src": "n1", "body": {"msg_id": 92, "in_reply_to": 100, "type": "RequestVoteRes", "term": 9, "res": false}}
INFO:root:election timeout, starting new election

INFO:root:starting new elections, new term
10
sec, min max hb
0.433631175507021
0.2
0.5

INFO:root:Requesting new Vote

DEBUG:root:sending {"dest": "n1", "src": "n1", "body": {"msg_id": 93, "type": "RequestVote", "term": 10, "prevLogIndex": 1, "lastLogTerm": 3, "candidateId": "n1"}}
DEBUG:root:sending {"dest": "n2", "src": "n1", "body": {"msg_id": 94, "type": "RequestVote", "term": 10, "prevLogIndex": 1, "lastLogTerm": 3, "candidateId": "n1"}}
DEBUG:root:sending {"dest": "n3", "src": "n1", "body": {"msg_id": 95, "type": "RequestVote", "term": 10, "prevLogIndex": 1, "lastLogTerm": 3, "candidateId": "n1"}}
DEBUG:root:sending {"dest": "n4", "src": "n1", "body": {"msg_id": 96, "type": "RequestVote", "term": 10, "prevLogIndex": 1, "lastLogTerm": 3, "candidateId": "n1"}}
DEBUG:root:sending {"dest": "n5", "src": "n1", "body": {"msg_id": 97, "type": "RequestVote", "term": 10, "prevLogIndex": 1, "lastLogTerm": 3, "candidateId": "n1"}}
DEBUG:root:received {"dest":"n1","src":"n1","body":{"msg_id":93,"type":"RequestVote","term":10,"prevLogIndex":1,"lastLogTerm":3,"candidateId":"n1"},"id":477}
INFO:root:voting for myself
n1
at time
1651672417736655903
nr votes
0

DEBUG:root:sending {"dest": "n1", "src": "n1", "body": {"msg_id": 98, "in_reply_to": 93, "type": "RequestVoteRes", "term": 10, "res": true}}
DEBUG:root:received {"dest":"n1","src":"n5","body":{"msg_id":100,"in_reply_to":97,"type":"RequestVoteRes","term":12,"res":false},"id":485}
DEBUG:root:received {"dest":"n1","src":"n2","body":{"msg_id":73,"in_reply_to":94,"type":"RequestVoteRes","term":4,"res":false},"id":484}
DEBUG:root:received {"dest":"n1","src":"n3","body":{"msg_id":106,"in_reply_to":95,"type":"RequestVoteRes","term":12,"res":false},"id":483}
DEBUG:root:received {"dest":"n1","src":"n1","body":{"msg_id":98,"in_reply_to":93,"type":"RequestVoteRes","term":10,"res":true},"id":482}
DEBUG:root:received {"dest":"n1","src":"n4","body":{"msg_id":94,"in_reply_to":96,"type":"RequestVoteRes","term":10,"res":false},"id":486}
INFO:root:Got a response to the vote Request #475

INFO:root:node id:
n1
leader
n1
kvsotr
{}
cur term
10
log 
[(('pass', None), 0), (('cas', (1, (0, 2))), 3)]
commit indez e last applied
0
0
candidate, votes, voted for
True
0
n1
timeout dict
{'n1': 1651672417736651576, 'n2': 1651672417643588084, 'n3': 1651672417716242310, 'n4': 1651672417644722155, 'n5': 1651672417737882203}
curr time
1651672417737934555

INFO:root:resposta
False
majority
3

INFO:root:Got a response to the vote Request #475

INFO:root:node id:
n1
leader
n1
kvsotr
{}
cur term
10
log 
[(('pass', None), 0), (('cas', (1, (0, 2))), 3)]
commit indez e last applied
0
0
candidate, votes, voted for
True
0
n1
timeout dict
{'n1': 1651672417736651576, 'n2': 1651672417738057652, 'n3': 1651672417716242310, 'n4': 1651672417644722155, 'n5': 1651672417737882203}
curr time
1651672417738081563

INFO:root:resposta
False
majority
3

INFO:root:Got a response to the vote Request #475

INFO:root:node id:
n1
leader
n1
kvsotr
{}
cur term
10
log 
[(('pass', None), 0), (('cas', (1, (0, 2))), 3)]
commit indez e last applied
0
0
candidate, votes, voted for
True
0
n1
timeout dict
{'n1': 1651672417736651576, 'n2': 1651672417738057652, 'n3': 1651672417738140857, 'n4': 1651672417644722155, 'n5': 1651672417737882203}
curr time
1651672417738160432

INFO:root:resposta
False
majority
3

INFO:root:Got a response to the vote Request #475

INFO:root:node id:
n1
leader
n1
kvsotr
{}
cur term
10
log 
[(('pass', None), 0), (('cas', (1, (0, 2))), 3)]
commit indez e last applied
0
0
candidate, votes, voted for
True
0
n1
timeout dict
{'n1': 1651672417738215112, 'n2': 1651672417738057652, 'n3': 1651672417738140857, 'n4': 1651672417644722155, 'n5': 1651672417737882203}
curr time
1651672417738234287

INFO:root:resposta
True
majority
3

INFO:root:antes  #487
0

INFO:root:depois  #489
1

INFO:root:Got a response to the vote Request #475

INFO:root:node id:
n1
leader
n1
kvsotr
{}
cur term
10
log 
[(('pass', None), 0), (('cas', (1, (0, 2))), 3)]
commit indez e last applied
0
0
candidate, votes, voted for
True
1
n1
timeout dict
{'n1': 1651672417738215112, 'n2': 1651672417738057652, 'n3': 1651672417738140857, 'n4': 1651672417738321026, 'n5': 1651672417737882203}
curr time
1651672417738340075

INFO:root:resposta
False
majority
3

DEBUG:root:received {"dest":"n1","src":"n4","body":{"msg_id":95,"type":"RequestVote","term":11,"prevLogIndex":1,"lastLogTerm":3,"candidateId":"n4"},"id":487}
DEBUG:root:received {"dest":"n1","src":"n2","body":{"msg_id":74,"type":"RequestVote","term":5,"prevLogIndex":2,"lastLogTerm":1,"candidateId":"n2"},"id":488}
INFO:root:log atual
[(('pass', None), 0), (('cas', (1, (0, 2))), 3)]
prevlog index
1
 last log term
3

DEBUG:root:sending {"dest": "n4", "src": "n1", "body": {"msg_id": 99, "in_reply_to": 95, "type": "RequestVoteRes", "term": 10, "res": false}}
DEBUG:root:sending {"dest": "n2", "src": "n1", "body": {"msg_id": 100, "in_reply_to": 74, "type": "RequestVoteRes", "term": 10, "res": false}}
INFO:root:Bad election request, term is not up to date
n1
at time
1651672417839129874

DEBUG:root:received {"dest":"n1","src":"n5","body":{"msg_id":103,"type":"RequestVote","term":13,"prevLogIndex":1,"lastLogTerm":0,"candidateId":"n5"},"id":507}
INFO:root:log atual
[(('pass', None), 0), (('cas', (1, (0, 2))), 3)]
prevlog index
1
 last log term
0

DEBUG:root:sending {"dest": "n5", "src": "n1", "body": {"msg_id": 101, "in_reply_to": 103, "type": "RequestVoteRes", "term": 10, "res": false}}
