2022-05-01 21:37:01,921{GMT}	INFO	[jepsen test runner] jepsen.core: Test version 9d8335254928801a78e4e56f8c438d06a68b66d5 (plus uncommitted changes)
2022-05-01 21:37:01,922{GMT}	INFO	[jepsen test runner] jepsen.core: Command line:
lein run test --workload lin-kv --bin raft.py --time-limit 5 --concurrency 4n
2022-05-01 21:37:01,994{GMT}	INFO	[jepsen test runner] jepsen.core: Running test:
{:remote #jepsen.control.SSHRemote{:session nil}
 :log-net-send false
 :node-count nil
 :max-txn-length 4
 :concurrency 20
 :db
 #object[maelstrom.db$db$reify__16747
         "0x3a5812dc"
         "maelstrom.db$db$reify__16747@3a5812dc"]
 :max-writes-per-key 16
 :leave-db-running? false
 :name "lin-kv"
 :logging-json? false
 :net-journal #object[clojure.lang.Atom "0x1b9075c9" {:status :ready, :val []}]
 :start-time
 #object[org.joda.time.DateTime "0x75be6796" "2022-05-01T21:37:01.000+01:00"]
 :nemesis-interval 10
 :net
 #object[maelstrom.net$jepsen_adapter$reify__15560
         "0xce24a98"
         "maelstrom.net$jepsen_adapter$reify__15560@ce24a98"]
 :client
 #object[maelstrom.workload.lin_kv$client$reify__17524
         "0x496101d1"
         "maelstrom.workload.lin_kv$client$reify__17524@496101d1"]
 :barrier
 #object[java.util.concurrent.CyclicBarrier
         "0x19858f26"
         "java.util.concurrent.CyclicBarrier@19858f26"]
 :log-stderr false
 :pure-generators true
 :ssh {:dummy? true}
 :rate 5
 :checker
 #object[jepsen.checker$compose$reify__8612
         "0x4c14ed24"
         "jepsen.checker$compose$reify__8612@4c14ed24"]
 :argv
 ("test"
  "--workload"
  "lin-kv"
  "--bin"
  "raft.py"
  "--time-limit"
  "5"
  "--concurrency"
  "4n")
 :nemesis
 (jepsen.nemesis.ReflCompose
  {:fm {:start-partition 0,
        :stop-partition 0,
        :kill 1,
        :start 1,
        :pause 1,
        :resume 1},
   :nemeses [#unprintable "jepsen.nemesis.combined$partition_nemesis$reify__17019@523cc8b4"
             #unprintable "jepsen.nemesis.combined$db_nemesis$reify__17000@139224ab"]})
 :active-histories
 #object[clojure.lang.Atom "0x26db7540" {:status :ready, :val #{}}]
 :nodes ["n1" "n2" "n3" "n4" "n5"]
 :test-count 1
 :latency {:mean 0, :dist :constant}
 :bin "raft.py"
 :generator
 (jepsen.generator.TimeLimit
  {:limit 5000000000,
   :cutoff nil,
   :gen (jepsen.generator.Any
         {:gens [(jepsen.generator.OnThreads {:f #{:nemesis}, :gen nil})
                 (jepsen.generator.OnThreads
                  {:f #object[clojure.core$complement$fn__5654
                              "0x1bc6a43c"
                              "clojure.core$complement$fn__5654@1bc6a43c"],
                   :gen (jepsen.generator.Stagger
                         {:dt 400000000,
                          :next-time nil,
                          :gen (jepsen.generator.OnThreads
                                {:f #object[clojure.core$complement$fn__5654
                                            "0x5f3fa154"
                                            "clojure.core$complement$fn__5654@5f3fa154"],
                                 :gen (jepsen.independent.ConcurrentGenerator
                                       {:n 10,
                                        :fgen #object[jepsen.tests.linearizable_register$test$fn__17324
                                                      "0x6193340e"
                                                      "jepsen.tests.linearizable_register$test$fn__17324@6193340e"],
                                        :group->threads nil,
                                        :thread->group nil,
                                        :keys (0 1 2 3 4 5 6 7 ...),
                                        :gens nil})})})})]})})
 :log-net-recv false
 :os
 #object[jepsen.os$reify__2490 "0x158774d3" "jepsen.os$reify__2490@158774d3"]
 :time-limit 5
 :workload :lin-kv
 :consistency-models [:strict-serializable]
 :topology :grid}

2022-05-01 21:37:02,006{GMT}	INFO	[jepsen test runner] jepsen.db: Tearing down DB
2022-05-01 21:37:02,008{GMT}	INFO	[jepsen test runner] jepsen.db: Setting up DB
2022-05-01 21:37:02,011{GMT}	INFO	[jepsen node n2] maelstrom.db: Setting up n2
2022-05-01 21:37:02,011{GMT}	INFO	[jepsen node n4] maelstrom.db: Setting up n4
2022-05-01 21:37:02,011{GMT}	INFO	[jepsen node n3] maelstrom.db: Setting up n3
2022-05-01 21:37:02,012{GMT}	INFO	[jepsen node n2] maelstrom.process: launching raft.py nil
2022-05-01 21:37:02,013{GMT}	INFO	[jepsen node n3] maelstrom.process: launching raft.py nil
2022-05-01 21:37:02,013{GMT}	INFO	[jepsen node n4] maelstrom.process: launching raft.py nil
2022-05-01 21:37:02,014{GMT}	INFO	[jepsen node n1] maelstrom.service: Starting services: (lin-kv lin-tso lww-kv seq-kv)
2022-05-01 21:37:02,011{GMT}	INFO	[jepsen node n5] maelstrom.db: Setting up n5
2022-05-01 21:37:02,023{GMT}	INFO	[jepsen node n5] maelstrom.process: launching raft.py nil
2022-05-01 21:37:02,058{GMT}	INFO	[jepsen node n1] maelstrom.db: Setting up n1
2022-05-01 21:37:02,059{GMT}	INFO	[jepsen node n1] maelstrom.process: launching raft.py nil
2022-05-01 21:37:02,092{GMT}	INFO	[jepsen test runner] jepsen.core: Relative time begins now
2022-05-01 21:37:02,119{GMT}	INFO	[jepsen worker 6] jepsen.util: 6	:invoke	:cas	[0 [3 3]]
2022-05-01 21:37:02,125{GMT}	INFO	[jepsen worker 6] jepsen.util: 6	:info	:cas	[0 [3 3]]	[:unknown "Not Leader"]
2022-05-01 21:37:02,244{GMT}	INFO	[jepsen worker 17] jepsen.util: 17	:invoke	:cas	[1 [2 2]]
2022-05-01 21:37:02,246{GMT}	INFO	[jepsen worker 17] jepsen.util: 17	:info	:cas	[1 [2 2]]	[:unknown "Not Leader"]
2022-05-01 21:37:02,444{GMT}	INFO	[jepsen worker 17] jepsen.util: 37	:invoke	:write	[1 2]
2022-05-01 21:37:02,446{GMT}	INFO	[jepsen worker 17] jepsen.util: 37	:info	:write	[1 2]	[:unknown "Not Leader"]
2022-05-01 21:37:02,802{GMT}	INFO	[jepsen worker 8] jepsen.util: 8	:invoke	:cas	[0 [0 2]]
2022-05-01 21:37:02,804{GMT}	INFO	[jepsen worker 8] jepsen.util: 8	:info	:cas	[0 [0 2]]	[:unknown "Not Leader"]
2022-05-01 21:37:02,875{GMT}	INFO	[jepsen worker 17] jepsen.util: 57	:invoke	:write	[1 4]
2022-05-01 21:37:02,876{GMT}	INFO	[jepsen worker 17] jepsen.util: 57	:info	:write	[1 4]	[:unknown "Not Leader"]
2022-05-01 21:37:02,920{GMT}	INFO	[jepsen worker 4] jepsen.util: 4	:invoke	:read	[0 nil]
2022-05-01 21:37:02,922{GMT}	INFO	[jepsen worker 4] jepsen.util: 4	:fail	:read	[0 nil]	[:unknown "Not Leader"]
2022-05-01 21:37:03,188{GMT}	INFO	[jepsen worker 15] jepsen.util: 15	:invoke	:cas	[1 [1 0]]
2022-05-01 21:37:03,462{GMT}	INFO	[jepsen worker 0] jepsen.util: 0	:invoke	:read	[0 nil]
2022-05-01 21:37:03,758{GMT}	INFO	[jepsen worker 6] jepsen.util: 26	:invoke	:write	[0 0]
2022-05-01 21:37:03,760{GMT}	INFO	[jepsen worker 6] jepsen.util: 26	:info	:write	[0 0]	[:unknown "Not Leader"]
2022-05-01 21:37:03,789{GMT}	INFO	[jepsen worker 8] jepsen.util: 28	:invoke	:write	[0 2]
2022-05-01 21:37:03,791{GMT}	INFO	[jepsen worker 8] jepsen.util: 28	:info	:write	[0 2]	[:unknown "Not Leader"]
2022-05-01 21:37:04,170{GMT}	INFO	[jepsen worker 4] jepsen.util: 4	:invoke	:read	[0 nil]
2022-05-01 21:37:04,174{GMT}	INFO	[jepsen worker 4] jepsen.util: 4	:fail	:read	[0 nil]	[:unknown "Not Leader"]
2022-05-01 21:37:04,188{GMT}	INFO	[jepsen worker 15] jepsen.util: 15	:info	:cas	[1 [1 0]]	:net-timeout
2022-05-01 21:37:04,336{GMT}	INFO	[jepsen worker 18] jepsen.util: 18	:invoke	:cas	[1 [3 2]]
2022-05-01 21:37:04,338{GMT}	INFO	[jepsen worker 18] jepsen.util: 18	:info	:cas	[1 [3 2]]	[:unknown "Not Leader"]
2022-05-01 21:37:04,463{GMT}	INFO	[jepsen worker 0] jepsen.util: 0	:fail	:read	[0 nil]	:net-timeout
2022-05-01 21:37:04,587{GMT}	INFO	[jepsen worker 19] jepsen.util: 19	:invoke	:cas	[1 [0 0]]
2022-05-01 21:37:04,588{GMT}	INFO	[jepsen worker 19] jepsen.util: 19	:info	:cas	[1 [0 0]]	[:unknown "Not Leader"]
2022-05-01 21:37:04,764{GMT}	INFO	[jepsen worker 1] jepsen.util: 1	:invoke	:read	[0 nil]
2022-05-01 21:37:04,766{GMT}	INFO	[jepsen worker 1] jepsen.util: 1	:fail	:read	[0 nil]	[:unknown "Not Leader"]
2022-05-01 21:37:04,879{GMT}	INFO	[jepsen worker 10] jepsen.util: 10	:invoke	:cas	[1 [0 2]]
2022-05-01 21:37:05,154{GMT}	INFO	[jepsen worker 6] jepsen.util: 46	:invoke	:cas	[0 [0 2]]
2022-05-01 21:37:05,156{GMT}	INFO	[jepsen worker 6] jepsen.util: 46	:info	:cas	[0 [0 2]]	[:unknown "Not Leader"]
2022-05-01 21:37:05,352{GMT}	INFO	[jepsen worker 3] jepsen.util: 3	:invoke	:read	[0 nil]
2022-05-01 21:37:05,354{GMT}	INFO	[jepsen worker 3] jepsen.util: 3	:fail	:read	[0 nil]	[:unknown "Not Leader"]
2022-05-01 21:37:05,371{GMT}	INFO	[jepsen worker 4] jepsen.util: 4	:invoke	:read	[0 nil]
2022-05-01 21:37:05,373{GMT}	INFO	[jepsen worker 4] jepsen.util: 4	:fail	:read	[0 nil]	[:unknown "Not Leader"]
2022-05-01 21:37:05,758{GMT}	INFO	[jepsen worker 15] jepsen.util: 35	:invoke	:write	[1 4]
2022-05-01 21:37:05,879{GMT}	INFO	[jepsen worker 10] jepsen.util: 10	:info	:cas	[1 [0 2]]	:net-timeout
2022-05-01 21:37:06,074{GMT}	INFO	[jepsen worker 9] jepsen.util: 9	:invoke	:cas	[0 [0 0]]
2022-05-01 21:37:06,075{GMT}	INFO	[jepsen worker 9] jepsen.util: 9	:info	:cas	[0 [0 0]]	[:unknown "Not Leader"]
2022-05-01 21:37:06,090{GMT}	INFO	[jepsen worker 10] jepsen.util: 30	:invoke	:cas	[1 [4 3]]
2022-05-01 21:37:06,374{GMT}	INFO	[jepsen worker 6] jepsen.util: 66	:invoke	:cas	[0 [0 1]]
2022-05-01 21:37:06,376{GMT}	INFO	[jepsen worker 6] jepsen.util: 66	:info	:cas	[0 [0 1]]	[:unknown "Not Leader"]
2022-05-01 21:37:06,417{GMT}	INFO	[jepsen worker 16] jepsen.util: 16	:invoke	:cas	[1 [2 4]]
2022-05-01 21:37:06,418{GMT}	INFO	[jepsen worker 16] jepsen.util: 16	:info	:cas	[1 [2 4]]	[:unknown "Not Leader"]
2022-05-01 21:37:06,561{GMT}	INFO	[jepsen worker 13] jepsen.util: 13	:invoke	:write	[1 1]
2022-05-01 21:37:06,562{GMT}	INFO	[jepsen worker 13] jepsen.util: 13	:info	:write	[1 1]	[:unknown "Not Leader"]
2022-05-01 21:37:06,758{GMT}	INFO	[jepsen worker 15] jepsen.util: 35	:info	:write	[1 4]	:net-timeout
2022-05-01 21:37:06,775{GMT}	INFO	[jepsen worker 4] jepsen.util: 4	:invoke	:read	[0 nil]
2022-05-01 21:37:06,776{GMT}	INFO	[jepsen worker 4] jepsen.util: 4	:fail	:read	[0 nil]	[:unknown "Not Leader"]
2022-05-01 21:37:06,977{GMT}	INFO	[jepsen worker 18] jepsen.util: 38	:invoke	:write	[1 4]
2022-05-01 21:37:06,979{GMT}	INFO	[jepsen worker 18] jepsen.util: 38	:info	:write	[1 4]	[:unknown "Not Leader"]
2022-05-01 21:37:07,089{GMT}	INFO	[jepsen worker 10] jepsen.util: 30	:info	:cas	[1 [4 3]]	:net-timeout
2022-05-01 21:37:07,093{GMT}	INFO	[jepsen node n4] maelstrom.db: Tearing down n4
2022-05-01 21:37:07,093{GMT}	INFO	[jepsen node n2] maelstrom.db: Tearing down n2
2022-05-01 21:37:07,093{GMT}	INFO	[jepsen node n1] maelstrom.db: Tearing down n1
2022-05-01 21:37:07,093{GMT}	INFO	[jepsen node n3] maelstrom.db: Tearing down n3
2022-05-01 21:37:07,093{GMT}	INFO	[jepsen node n5] maelstrom.db: Tearing down n5
2022-05-01 21:37:08,060{GMT}	INFO	[jepsen test runner] jepsen.core: Run complete, writing
2022-05-01 21:37:08,088{GMT}	INFO	[jepsen test runner] jepsen.core: Analyzing...
2022-05-01 21:37:08,140{GMT}	WARN	[clojure-agent-send-off-pool-12] jepsen.checker: Error while checking history:
java.lang.IllegalStateException: Error rendering plot, verify gnuplot is installed and reachable
	at jepsen.checker.perf$plot_BANG_.invokeStatic(perf.clj:480)
	at jepsen.checker.perf$plot_BANG_.invoke(perf.clj:417)
	at jepsen.checker.perf$point_graph_BANG_.invokeStatic(perf.clj:511)
	at jepsen.checker.perf$point_graph_BANG_.invoke(perf.clj:484)
	at jepsen.checker$latency_graph$reify__8824.check(checker.clj:803)
	at jepsen.checker$check_safe.invokeStatic(checker.clj:78)
	at jepsen.checker$check_safe.invoke(checker.clj:71)
	at jepsen.checker$compose$reify__8612$fn__8614.invoke(checker.clj:94)
	at clojure.core$pmap$fn__8447$fn__8448.invoke(core.clj:7022)
	at clojure.core$binding_conveyor_fn$fn__5739.invoke(core.clj:2030)
	at clojure.lang.AFn.call(AFn.java:18)
	at java.base/java.util.concurrent.FutureTask.run(FutureTask.java:264)
	at java.base/java.util.concurrent.ThreadPoolExecutor.runWorker(ThreadPoolExecutor.java:1128)
	at java.base/java.util.concurrent.ThreadPoolExecutor$Worker.run(ThreadPoolExecutor.java:628)
	at java.base/java.lang.Thread.run(Thread.java:829)
Caused by: java.io.IOException: Cannot run program "gnuplot": error=2, No such file or directory
	at java.base/java.lang.ProcessBuilder.start(ProcessBuilder.java:1128)
	at java.base/java.lang.ProcessBuilder.start(ProcessBuilder.java:1071)
	at java.base/java.lang.Runtime.exec(Runtime.java:592)
	at clojure.java.shell$sh.invokeStatic(shell.clj:113)
	at clojure.java.shell$sh.doInvoke(shell.clj:79)
	at clojure.lang.RestFn.invoke(RestFn.java:512)
	at gnuplot.core$run_BANG_.invokeStatic(core.clj:76)
	at gnuplot.core$run_BANG_.invoke(core.clj:66)
	at gnuplot.core$raw_plot_BANG_.invokeStatic(core.clj:106)
	at gnuplot.core$raw_plot_BANG_.invoke(core.clj:91)
	... 15 common frames omitted
Caused by: java.io.IOException: error=2, No such file or directory
	at java.base/java.lang.ProcessImpl.forkAndExec(Native Method)
	at java.base/java.lang.ProcessImpl.<init>(ProcessImpl.java:340)
	at java.base/java.lang.ProcessImpl.start(ProcessImpl.java:271)
	at java.base/java.lang.ProcessBuilder.start(ProcessBuilder.java:1107)
	... 24 common frames omitted
2022-05-01 21:37:08,215{GMT}	INFO	[clojure-agent-send-pool-0] jepsen.independent: Wrote /home/peter/Documents/tf/lab3/store/lin-kv/20220501T213701.000+0100/independent/0/results.edn
2022-05-01 21:37:08,218{GMT}	INFO	[clojure-agent-send-pool-0] jepsen.independent: Wrote /home/peter/Documents/tf/lab3/store/lin-kv/20220501T213701.000+0100/independent/0/history.edn
2022-05-01 21:37:08,232{GMT}	INFO	[clojure-agent-send-pool-1] jepsen.independent: Wrote /home/peter/Documents/tf/lab3/store/lin-kv/20220501T213701.000+0100/independent/1/results.edn
2022-05-01 21:37:08,234{GMT}	INFO	[clojure-agent-send-pool-1] jepsen.independent: Wrote /home/peter/Documents/tf/lab3/store/lin-kv/20220501T213701.000+0100/independent/1/history.edn
2022-05-01 21:37:08,251{GMT}	INFO	[jepsen test runner] jepsen.core: Analysis complete
2022-05-01 21:37:08,287{GMT}	INFO	[jepsen results] jepsen.store: Wrote /home/peter/Documents/tf/lab3/store/lin-kv/20220501T213701.000+0100/results.edn
2022-05-01 21:37:08,311{GMT}	INFO	[jepsen test runner] jepsen.core: {:perf {:latency-graph {:valid? :unknown,
                        :error "java.lang.IllegalStateException: Error rendering plot, verify gnuplot is installed and reachable\n at jepsen.checker.perf$plot_BANG_.invokeStatic (perf.clj:480)\n    jepsen.checker.perf$plot_BANG_.invoke (perf.clj:417)\n    jepsen.checker.perf$point_graph_BANG_.invokeStatic (perf.clj:511)\n    jepsen.checker.perf$point_graph_BANG_.invoke (perf.clj:484)\n    jepsen.checker$latency_graph$reify__8824.check (checker.clj:803)\n    jepsen.checker$check_safe.invokeStatic (checker.clj:78)\n    jepsen.checker$check_safe.invoke (checker.clj:71)\n    jepsen.checker$compose$reify__8612$fn__8614.invoke (checker.clj:94)\n    clojure.core$pmap$fn__8447$fn__8448.invoke (core.clj:7022)\n    clojure.core$binding_conveyor_fn$fn__5739.invoke (core.clj:2030)\n    clojure.lang.AFn.call (AFn.java:18)\n    java.util.concurrent.FutureTask.run (FutureTask.java:264)\n    java.util.concurrent.ThreadPoolExecutor.runWorker (ThreadPoolExecutor.java:1128)\n    java.util.concurrent.ThreadPoolExecutor$Worker.run (ThreadPoolExecutor.java:628)\n    java.lang.Thread.run (Thread.java:829)\nCaused by: java.io.IOException: Cannot run program \"gnuplot\": error=2, No such file or directory\n at java.lang.ProcessBuilder.start (ProcessBuilder.java:1128)\n    java.lang.ProcessBuilder.start (ProcessBuilder.java:1071)\n    java.lang.Runtime.exec (Runtime.java:592)\n    clojure.java.shell$sh.invokeStatic (shell.clj:113)\n    clojure.java.shell$sh.doInvoke (shell.clj:79)\n    clojure.lang.RestFn.invoke (RestFn.java:512)\n    gnuplot.core$run_BANG_.invokeStatic (core.clj:76)\n    gnuplot.core$run_BANG_.invoke (core.clj:66)\n    gnuplot.core$raw_plot_BANG_.invokeStatic (core.clj:106)\n    gnuplot.core$raw_plot_BANG_.invoke (core.clj:91)\n    jepsen.checker.perf$plot_BANG_.invokeStatic (perf.clj:480)\n    jepsen.checker.perf$plot_BANG_.invoke (perf.clj:417)\n    jepsen.checker.perf$point_graph_BANG_.invokeStatic (perf.clj:511)\n    jepsen.checker.perf$point_graph_BANG_.invoke (perf.clj:484)\n    jepsen.checker$latency_graph$reify__8824.check (checker.clj:803)\n    jepsen.checker$check_safe.invokeStatic (checker.clj:78)\n    jepsen.checker$check_safe.invoke (checker.clj:71)\n    jepsen.checker$compose$reify__8612$fn__8614.invoke (checker.clj:94)\n    clojure.core$pmap$fn__8447$fn__8448.invoke (core.clj:7022)\n    clojure.core$binding_conveyor_fn$fn__5739.invoke (core.clj:2030)\n    clojure.lang.AFn.call (AFn.java:18)\n    java.util.concurrent.FutureTask.run (FutureTask.java:264)\n    java.util.concurrent.ThreadPoolExecutor.runWorker (ThreadPoolExecutor.java:1128)\n    java.util.concurrent.ThreadPoolExecutor$Worker.run (ThreadPoolExecutor.java:628)\n    java.lang.Thread.run (Thread.java:829)\nCaused by: java.io.IOException: error=2, No such file or directory\n at java.lang.ProcessImpl.forkAndExec (ProcessImpl.java:-2)\n    java.lang.ProcessImpl.<init> (ProcessImpl.java:340)\n    java.lang.ProcessImpl.start (ProcessImpl.java:271)\n    java.lang.ProcessBuilder.start (ProcessBuilder.java:1107)\n    java.lang.ProcessBuilder.start (ProcessBuilder.java:1071)\n    java.lang.Runtime.exec (Runtime.java:592)\n    clojure.java.shell$sh.invokeStatic (shell.clj:113)\n    clojure.java.shell$sh.doInvoke (shell.clj:79)\n    clojure.lang.RestFn.invoke (RestFn.java:512)\n    gnuplot.core$run_BANG_.invokeStatic (core.clj:76)\n    gnuplot.core$run_BANG_.invoke (core.clj:66)\n    gnuplot.core$raw_plot_BANG_.invokeStatic (core.clj:106)\n    gnuplot.core$raw_plot_BANG_.invoke (core.clj:91)\n    jepsen.checker.perf$plot_BANG_.invokeStatic (perf.clj:480)\n    jepsen.checker.perf$plot_BANG_.invoke (perf.clj:417)\n    jepsen.checker.perf$point_graph_BANG_.invokeStatic (perf.clj:511)\n    jepsen.checker.perf$point_graph_BANG_.invoke (perf.clj:484)\n    jepsen.checker$latency_graph$reify__8824.check (checker.clj:803)\n    jepsen.checker$check_safe.invokeStatic (checker.clj:78)\n    jepsen.checker$check_safe.invoke (checker.clj:71)\n    jepsen.checker$compose$reify__8612$fn__8614.invoke (checker.clj:94)\n    clojure.core$pmap$fn__8447$fn__8448.invoke (core.clj:7022)\n    clojure.core$binding_conveyor_fn$fn__5739.invoke (core.clj:2030)\n    clojure.lang.AFn.call (AFn.java:18)\n    java.util.concurrent.FutureTask.run (FutureTask.java:264)\n    java.util.concurrent.ThreadPoolExecutor.runWorker (ThreadPoolExecutor.java:1128)\n    java.util.concurrent.ThreadPoolExecutor$Worker.run (ThreadPoolExecutor.java:628)\n    java.lang.Thread.run (Thread.java:829)\n"},
        :rate-graph {:valid? true},
        :valid? :unknown},
 :timeline {:valid? true},
 :exceptions {:valid? true},
 :stats {:valid? false,
         :count 26,
         :ok-count 0,
         :fail-count 7,
         :info-count 19,
         :by-f {:cas {:valid? false,
                      :count 12,
                      :ok-count 0,
                      :fail-count 0,
                      :info-count 12},
                :read {:valid? false,
                       :count 7,
                       :ok-count 0,
                       :fail-count 7,
                       :info-count 0},
                :write {:valid? false,
                        :count 7,
                        :ok-count 0,
                        :fail-count 0,
                        :info-count 7}}},
 :net {:stats {:all {:send-count 169,
                     :recv-count 169,
                     :msg-count 169,
                     :msgs-per-op 6.5},
               :clients {:send-count 57,
                         :recv-count 57,
                         :msg-count 57},
               :servers {:send-count 112,
                         :recv-count 112,
                         :msg-count 112,
                         :msgs-per-op 4.3076925}},
       :valid? true},
 :workload {:valid? true,
            :results {0 {:linearizable {:valid? true,
                                        :configs ({:model #knossos.model.CASRegister{:value nil},
                                                   :last-op nil,
                                                   :pending [{:process 6,
                                                              :type :invoke,
                                                              :f :cas,
                                                              :value [3
                                                                      3],
                                                              :index 0,
                                                              :time 12589949}
                                                             {:process 8,
                                                              :type :invoke,
                                                              :f :cas,
                                                              :value [0
                                                                      2],
                                                              :index 6,
                                                              :time 709544613}
                                                             {:process 9,
                                                              :type :invoke,
                                                              :f :cas,
                                                              :value [0
                                                                      0],
                                                              :index 37,
                                                              :time 3981817995}
                                                             {:process 26,
                                                              :type :invoke,
                                                              :f :write,
                                                              :value 0,
                                                              :index 14,
                                                              :time 1666054412}
                                                             {:process 28,
                                                              :type :invoke,
                                                              :f :write,
                                                              :value 2,
                                                              :index 16,
                                                              :time 1697366239}
                                                             {:process 46,
                                                              :type :invoke,
                                                              :f :cas,
                                                              :value [0
                                                                      2],
                                                              :index 29,
                                                              :time 3062175907}
                                                             {:process 66,
                                                              :type :invoke,
                                                              :f :cas,
                                                              :value [0
                                                                      1],
                                                              :index 40,
                                                              :time 4282510987}]}),
                                        :final-paths ()},
                         :timeline {:valid? true},
                         :valid? true},
                      1 {:linearizable {:valid? true,
                                        :configs ({:model #knossos.model.CASRegister{:value nil},
                                                   :last-op nil,
                                                   :pending [{:process 10,
                                                              :type :invoke,
                                                              :f :cas,
                                                              :value [0
                                                                      2],
                                                              :index 28,
                                                              :time 2786648737}
                                                             {:process 13,
                                                              :type :invoke,
                                                              :f :write,
                                                              :value 1,
                                                              :index 44,
                                                              :time 4468921394}
                                                             {:process 15,
                                                              :type :invoke,
                                                              :f :cas,
                                                              :value [1
                                                                      0],
                                                              :index 12,
                                                              :time 1096082493}
                                                             {:process 16,
                                                              :type :invoke,
                                                              :f :cas,
                                                              :value [2
                                                                      4],
                                                              :index 42,
                                                              :time 4324873084}
                                                             {:process 17,
                                                              :type :invoke,
                                                              :f :cas,
                                                              :value [2
                                                                      2],
                                                              :index 2,
                                                              :time 151825780}
                                                             {:process 18,
                                                              :type :invoke,
                                                              :f :cas,
                                                              :value [3
                                                                      2],
                                                              :index 21,
                                                              :time 2243406562}
                                                             {:process 19,
                                                              :type :invoke,
                                                              :f :cas,
                                                              :value [0
                                                                      0],
                                                              :index 24,
                                                              :time 2494406829}
                                                             {:process 30,
                                                              :type :invoke,
                                                              :f :cas,
                                                              :value [4
                                                                      3],
                                                              :index 39,
                                                              :time 3997970293}
                                                             {:process 35,
                                                              :type :invoke,
                                                              :f :write,
                                                              :value 4,
                                                              :index 35,
                                                              :time 3665163146}
                                                             {:process 37,
                                                              :type :invoke,
                                                              :f :write,
                                                              :value 2,
                                                              :index 4,
                                                              :time 351745294}
                                                             {:process 38,
                                                              :type :invoke,
                                                              :f :write,
                                                              :value 4,
                                                              :index 49,
                                                              :time 4884879514}
                                                             {:process 57,
                                                              :type :invoke,
                                                              :f :write,
                                                              :value 4,
                                                              :index 8,
                                                              :time 782276319}]}),
                                        :final-paths ()},
                         :timeline {:valid? true},
                         :valid? true}},
            :failures []},
 :valid? false}


Analysis invalid! (ﾉಥ益ಥ）ﾉ ┻━┻
