DEBUG:root:received {"dest":"n5","body":{"type":"init","node_id":"n5","node_ids":["n1","n2","n3","n4","n5"],"msg_id":1},"src":"c3","id":3}
INFO:root:node n5 initialized
DEBUG:root:sending {"dest": "c3", "src": "n5", "body": {"msg_id": 1, "in_reply_to": 1, "type": "init_ok"}}
INFO:root:node
n1
current time
1651673820696121613
node_time
1651673820696102531
dif
19082
True

INFO:root:leader alive, resuming timeout checker

DEBUG:root:received {"dest":"n5","src":"n2","body":{"msg_id":6,"type":"RequestVote","term":1,"prevLogIndex":0,"lastLogTerm":0,"candidateId":"n2"},"id":13}
INFO:root:log atual
[(('pass', None), 0)]
prevlog index
0
 last log term
0

DEBUG:root:sending {"dest": "n2", "src": "n5", "body": {"msg_id": 2, "in_reply_to": 6, "type": "RequestVoteRes", "term": 1, "res": true}}
INFO:root:election started and voted vor
n2
at time
1651673820724300373

DEBUG:root:received {"dest":"n5","src":"n2","body":{"msg_id":11,"type":"AppendEntries","term":1,"prevIndex":0,"prevTerm":0,"entries":[],"commit":0},"id":21}
DEBUG:root:sending {"dest": "n2", "src": "n5", "body": {"msg_id": 3, "in_reply_to": 11, "type": "AppendEntriesRes", "res": true, "term": 1, "next": 1, "commit": 0}}
DEBUG:root:received {"dest":"n5","src":"n1","body":{"msg_id":5,"type":"AppendEntries","term":0,"prevIndex":0,"prevTerm":0,"entries":[],"commit":0},"id":30}
DEBUG:root:sending {"dest": "n1", "src": "n5", "body": {"msg_id": 4, "in_reply_to": 5, "type": "AppendEntriesRes", "res": false, "term": 1}}
INFO:root:msg term
0
current term
1
log
[(('pass', None), 0)]
msg entries
[]

DEBUG:root:received {"dest":"n5","src":"n1","body":{"msg_id":11,"type":"AppendEntries","term":1,"prevIndex":-1,"prevTerm":0,"entries":[[["pass",null],0]],"commit":0},"id":41}
INFO:root:commiting command
[['pass', None], 0]

DEBUG:root:sending {"dest": "n1", "src": "n5", "body": {"msg_id": 5, "in_reply_to": 11, "type": "AppendEntriesRes", "res": true, "term": 1, "next": 2, "commit": 0}}
DEBUG:root:received {"dest":"n5","src":"n2","body":{"msg_id":17,"type":"AppendEntries","term":1,"prevIndex":0,"prevTerm":0,"entries":[],"commit":0},"id":47}
DEBUG:root:sending {"dest": "n2", "src": "n5", "body": {"msg_id": 6, "in_reply_to": 17, "type": "AppendEntriesRes", "res": true, "term": 1, "next": 2, "commit": 0}}
DEBUG:root:received {"dest":"n5","src":"n2","body":{"msg_id":21,"type":"AppendEntries","term":1,"prevIndex":1,"prevTerm":0,"entries":[],"commit":0},"id":57}
DEBUG:root:sending {"dest": "n2", "src": "n5", "body": {"msg_id": 7, "in_reply_to": 21, "type": "AppendEntriesRes", "res": true, "term": 1, "next": 2, "commit": 0}}
INFO:root:election timeout, starting new election

INFO:root:starting new elections, new term
2
sec, min max hb
0.43489281721928025
0.3333333333333333
0.5

INFO:root:Requesting new Vote

DEBUG:root:sending {"dest": "n1", "src": "n5", "body": {"msg_id": 8, "type": "RequestVote", "term": 2, "prevLogIndex": 1, "lastLogTerm": 0, "candidateId": "n5"}}
DEBUG:root:sending {"dest": "n2", "src": "n5", "body": {"msg_id": 9, "type": "RequestVote", "term": 2, "prevLogIndex": 1, "lastLogTerm": 0, "candidateId": "n5"}}
DEBUG:root:sending {"dest": "n3", "src": "n5", "body": {"msg_id": 10, "type": "RequestVote", "term": 2, "prevLogIndex": 1, "lastLogTerm": 0, "candidateId": "n5"}}
DEBUG:root:sending {"dest": "n4", "src": "n5", "body": {"msg_id": 11, "type": "RequestVote", "term": 2, "prevLogIndex": 1, "lastLogTerm": 0, "candidateId": "n5"}}
DEBUG:root:sending {"dest": "n5", "src": "n5", "body": {"msg_id": 12, "type": "RequestVote", "term": 2, "prevLogIndex": 1, "lastLogTerm": 0, "candidateId": "n5"}}
DEBUG:root:received {"dest":"n5","src":"n4","body":{"msg_id":12,"type":"RequestVote","term":2,"prevLogIndex":1,"lastLogTerm":0,"candidateId":"n4"},"id":68}
INFO:root:log atual
[(('pass', None), 0), [['pass', None], 0]]
prevlog index
1
 last log term
0

DEBUG:root:sending {"dest": "n4", "src": "n5", "body": {"msg_id": 13, "in_reply_to": 12, "type": "RequestVoteRes", "term": 2, "res": true}}
INFO:root:election started and voted vor
n4
at time
1651673820983927852

DEBUG:root:received {"dest":"n5","src":"n5","body":{"msg_id":12,"type":"RequestVote","term":2,"prevLogIndex":1,"lastLogTerm":0,"candidateId":"n5"},"id":75}
INFO:root:voting for myself
n5
at time
1651673820991310159
nr votes
0

DEBUG:root:sending {"dest": "n5", "src": "n5", "body": {"msg_id": 14, "in_reply_to": 12, "type": "RequestVoteRes", "term": 2, "res": true}}
DEBUG:root:received {"dest":"n5","src":"n5","body":{"msg_id":14,"in_reply_to":12,"type":"RequestVoteRes","term":2,"res":true},"id":78}
INFO:root:Got a response to the vote Request #475

INFO:root:node id:
n5
leader
n1
kvsotr
{}
cur term
2
log 
[(('pass', None), 0), [['pass', None], 0]]
commit indez e last applied
0
0
candidate, votes, voted for
True
0
n5
timeout dict
{'n1': 1651673820782440372, 'n2': 1651673820914037096, 'n3': 1651673820696102531, 'n4': 1651673820983368555, 'n5': 1651673820995044605}
curr time
1651673820995309082

INFO:root:resposta
True
majority
3

INFO:root:antes do incremento no voto #487
0

INFO:root:depois  #489
1

DEBUG:root:received {"dest":"n5","src":"n2","body":{"msg_id":26,"type":"AppendEntries","term":2,"prevIndex":1,"prevTerm":0,"entries":[],"commit":0},"id":82}
DEBUG:root:sending {"dest": "n2", "src": "n5", "body": {"msg_id": 15, "in_reply_to": 26, "type": "AppendEntriesRes", "res": true, "term": 2, "next": 2, "commit": 0}}
DEBUG:root:received {"dest":"n5","src":"n1","body":{"msg_id":15,"in_reply_to":8,"type":"RequestVoteRes","term":1,"res":false},"id":83}
INFO:root:Got a response to the vote Request #475

INFO:root:node id:
n5
leader
n1
kvsotr
{}
cur term
2
log 
[(('pass', None), 0), [['pass', None], 0]]
commit indez e last applied
0
0
candidate, votes, voted for
True
1
n5
timeout dict
{'n1': 1651673821001756646, 'n2': 1651673820999138465, 'n3': 1651673820696102531, 'n4': 1651673820983368555, 'n5': 1651673820995044605}
curr time
1651673821002013517

INFO:root:resposta
False
majority
3

DEBUG:root:received {"dest":"n5","src":"n2","body":{"msg_id":27,"in_reply_to":9,"type":"RequestVoteRes","term":2,"res":false},"id":86}
DEBUG:root:received {"dest":"n5","src":"n3","body":{"msg_id":13,"type":"RequestVote","term":2,"prevLogIndex":1,"lastLogTerm":0,"candidateId":"n3"},"id":90}
INFO:root:Got a response to the vote Request #475

INFO:root:node id:
n5
leader
n1
kvsotr
{}
cur term
2
log 
[(('pass', None), 0), [['pass', None], 0]]
commit indez e last applied
0
0
candidate, votes, voted for
True
1
n5
timeout dict
{'n1': 1651673821001756646, 'n2': 1651673821015868245, 'n3': 1651673820696102531, 'n4': 1651673820983368555, 'n5': 1651673820995044605}
curr time
1651673821016166111

INFO:root:resposta
False
majority
3

INFO:root:log atual
[(('pass', None), 0), [['pass', None], 0]]
prevlog index
1
 last log term
0

DEBUG:root:sending {"dest": "n3", "src": "n5", "body": {"msg_id": 16, "in_reply_to": 13, "type": "RequestVoteRes", "term": 2, "res": false}}
DEBUG:root:received {"dest":"n5","src":"n3","body":{"msg_id":15,"in_reply_to":10,"type":"RequestVoteRes","term":2,"res":false},"id":92}
INFO:root:Got a response to the vote Request #475

INFO:root:node id:
n5
leader
n1
kvsotr
{}
cur term
2
log 
[(('pass', None), 0), [['pass', None], 0]]
commit indez e last applied
0
0
candidate, votes, voted for
True
1
n5
timeout dict
{'n1': 1651673821001756646, 'n2': 1651673821015868245, 'n3': 1651673821023603292, 'n4': 1651673820983368555, 'n5': 1651673820995044605}
curr time
1651673821023899712

INFO:root:resposta
False
majority
3

DEBUG:root:received {"dest":"n5","src":"n4","body":{"msg_id":14,"in_reply_to":11,"type":"RequestVoteRes","term":2,"res":false},"id":96}
INFO:root:Got a response to the vote Request #475

INFO:root:node id:
n5
leader
n1
kvsotr
{}
cur term
2
log 
[(('pass', None), 0), [['pass', None], 0]]
commit indez e last applied
0
0
candidate, votes, voted for
True
1
n5
timeout dict
{'n1': 1651673821001756646, 'n2': 1651673821015868245, 'n3': 1651673821023603292, 'n4': 1651673821032156949, 'n5': 1651673820995044605}
curr time
1651673821032386755

INFO:root:resposta
False
majority
3

DEBUG:root:received {"dest":"n5","src":"n1","body":{"msg_id":22,"type":"RequestVote","term":3,"prevLogIndex":1,"lastLogTerm":1,"candidateId":"n1"},"id":103}
INFO:root:log atual
[(('pass', None), 0), [['pass', None], 0]]
prevlog index
1
 last log term
1

DEBUG:root:sending {"dest": "n1", "src": "n5", "body": {"msg_id": 17, "in_reply_to": 22, "type": "RequestVoteRes", "term": 2, "res": false}}
DEBUG:root:received {"dest":"n5","src":"n4","body":{"msg_id":18,"type":"AppendEntries","term":2,"prevIndex":1,"prevTerm":0,"entries":[],"commit":0},"id":113}
DEBUG:root:sending {"dest": "n4", "src": "n5", "body": {"msg_id": 18, "in_reply_to": 18, "type": "AppendEntriesRes", "res": true, "term": 2, "next": 2, "commit": 0}}
DEBUG:root:received {"dest":"n5","src":"n2","body":{"msg_id":34,"type":"AppendEntries","term":2,"prevIndex":1,"prevTerm":0,"entries":[],"commit":0},"id":122}
DEBUG:root:sending {"dest": "n2", "src": "n5", "body": {"msg_id": 19, "in_reply_to": 34, "type": "AppendEntriesRes", "res": true, "term": 2, "next": 2, "commit": 0}}
DEBUG:root:received {"dest":"n5","src":"n4","body":{"msg_id":26,"type":"AppendEntries","term":2,"prevIndex":1,"prevTerm":0,"entries":[],"commit":0},"id":133}
DEBUG:root:sending {"dest": "n4", "src": "n5", "body": {"msg_id": 20, "in_reply_to": 26, "type": "AppendEntriesRes", "res": true, "term": 2, "next": 2, "commit": 0}}
DEBUG:root:received {"dest":"n5","src":"n2","body":{"msg_id":39,"type":"AppendEntries","term":2,"prevIndex":1,"prevTerm":0,"entries":[],"commit":0},"id":140}
DEBUG:root:sending {"dest": "n2", "src": "n5", "body": {"msg_id": 21, "in_reply_to": 39, "type": "AppendEntriesRes", "res": true, "term": 2, "next": 2, "commit": 0}}
DEBUG:root:received {"dest":"n5","src":"n4","body":{"msg_id":31,"type":"AppendEntries","term":2,"prevIndex":1,"prevTerm":0,"entries":[],"commit":0},"id":148}
DEBUG:root:sending {"dest": "n4", "src": "n5", "body": {"msg_id": 22, "in_reply_to": 31, "type": "AppendEntriesRes", "res": true, "term": 2, "next": 2, "commit": 0}}
DEBUG:root:received {"dest":"n5","src":"n4","body":{"msg_id":36,"type":"RequestVote","term":3,"prevLogIndex":1,"lastLogTerm":0,"candidateId":"n4"},"id":157}
INFO:root:log atual
[(('pass', None), 0), [['pass', None], 0]]
prevlog index
1
 last log term
0

DEBUG:root:sending {"dest": "n4", "src": "n5", "body": {"msg_id": 23, "in_reply_to": 36, "type": "RequestVoteRes", "term": 2, "res": false}}
INFO:root:election timeout, starting new election

INFO:root:starting new elections, new term
3
sec, min max hb
0.4235634122137546
0.3333333333333333
0.5

INFO:root:Requesting new Vote

DEBUG:root:sending {"dest": "n1", "src": "n5", "body": {"msg_id": 24, "type": "RequestVote", "term": 3, "prevLogIndex": 1, "lastLogTerm": 0, "candidateId": "n5"}}
DEBUG:root:sending {"dest": "n2", "src": "n5", "body": {"msg_id": 25, "type": "RequestVote", "term": 3, "prevLogIndex": 1, "lastLogTerm": 0, "candidateId": "n5"}}
DEBUG:root:sending {"dest": "n3", "src": "n5", "body": {"msg_id": 26, "type": "RequestVote", "term": 3, "prevLogIndex": 1, "lastLogTerm": 0, "candidateId": "n5"}}
DEBUG:root:sending {"dest": "n4", "src": "n5", "body": {"msg_id": 27, "type": "RequestVote", "term": 3, "prevLogIndex": 1, "lastLogTerm": 0, "candidateId": "n5"}}
DEBUG:root:sending {"dest": "n5", "src": "n5", "body": {"msg_id": 28, "type": "RequestVote", "term": 3, "prevLogIndex": 1, "lastLogTerm": 0, "candidateId": "n5"}}
INFO:root:election timeout, starting new election

INFO:root:starting new elections, new term
4
sec, min max hb
0.4982910114246718
0.3333333333333333
0.5

INFO:root:Requesting new Vote

DEBUG:root:sending {"dest": "n1", "src": "n5", "body": {"msg_id": 29, "type": "RequestVote", "term": 4, "prevLogIndex": 1, "lastLogTerm": 0, "candidateId": "n5"}}
DEBUG:root:sending {"dest": "n2", "src": "n5", "body": {"msg_id": 30, "type": "RequestVote", "term": 4, "prevLogIndex": 1, "lastLogTerm": 0, "candidateId": "n5"}}
DEBUG:root:sending {"dest": "n3", "src": "n5", "body": {"msg_id": 31, "type": "RequestVote", "term": 4, "prevLogIndex": 1, "lastLogTerm": 0, "candidateId": "n5"}}
DEBUG:root:sending {"dest": "n4", "src": "n5", "body": {"msg_id": 32, "type": "RequestVote", "term": 4, "prevLogIndex": 1, "lastLogTerm": 0, "candidateId": "n5"}}
DEBUG:root:sending {"dest": "n5", "src": "n5", "body": {"msg_id": 33, "type": "RequestVote", "term": 4, "prevLogIndex": 1, "lastLogTerm": 0, "candidateId": "n5"}}
DEBUG:root:received {"dest":"n5","src":"n3","body":{"msg_id":32,"type":"RequestVote","term":4,"prevLogIndex":1,"lastLogTerm":0,"candidateId":"n3"},"id":169}
DEBUG:root:received {"dest":"n5","src":"n3","body":{"msg_id":34,"type":"RequestVote","term":4,"prevLogIndex":1,"lastLogTerm":0,"candidateId":"n3"},"id":172}
INFO:root:log atual
[(('pass', None), 0), [['pass', None], 0]]
prevlog index
1
 last log term
0

DEBUG:root:sending {"dest": "n3", "src": "n5", "body": {"msg_id": 34, "in_reply_to": 32, "type": "RequestVoteRes", "term": 4, "res": true}}
INFO:root:election started and voted vor
n3
at time
1651673821251708543

DEBUG:root:received {"dest":"n5","src":"n2","body":{"msg_id":45,"type":"AppendEntries","term":3,"prevIndex":1,"prevTerm":0,"entries":[],"commit":0},"id":180}
DEBUG:root:received {"dest":"n5","src":"n5","body":{"msg_id":28,"type":"RequestVote","term":3,"prevLogIndex":1,"lastLogTerm":0,"candidateId":"n5"},"id":185}
DEBUG:root:received {"dest":"n5","src":"n5","body":{"msg_id":33,"type":"RequestVote","term":4,"prevLogIndex":1,"lastLogTerm":0,"candidateId":"n5"},"id":195}
DEBUG:root:received {"dest":"n5","src":"n2","body":{"msg_id":48,"in_reply_to":25,"type":"RequestVoteRes","term":3,"res":false},"id":196}
DEBUG:root:received {"dest":"n5","src":"n2","body":{"msg_id":49,"in_reply_to":30,"type":"RequestVoteRes","term":3,"res":false},"id":198}
DEBUG:root:received {"dest":"n5","src":"n4","body":{"msg_id":41,"in_reply_to":27,"type":"RequestVoteRes","term":3,"res":false},"id":200}
DEBUG:root:received {"dest":"n5","src":"n4","body":{"msg_id":42,"in_reply_to":32,"type":"RequestVoteRes","term":3,"res":false},"id":201}
DEBUG:root:received {"dest":"n5","src":"n1","body":{"msg_id":34,"in_reply_to":24,"type":"RequestVoteRes","term":3,"res":false},"id":204}
DEBUG:root:received {"dest":"n5","src":"n1","body":{"msg_id":35,"in_reply_to":29,"type":"RequestVoteRes","term":3,"res":false},"id":205}
DEBUG:root:received {"dest":"n5","src":"n3","body":{"msg_id":38,"in_reply_to":26,"type":"RequestVoteRes","term":4,"res":false},"id":206}
DEBUG:root:received {"dest":"n5","src":"n3","body":{"msg_id":39,"in_reply_to":31,"type":"RequestVoteRes","term":4,"res":false},"id":207}
INFO:root:log atual
[(('pass', None), 0), [['pass', None], 0]]
prevlog index
1
 last log term
0

DEBUG:root:sending {"dest": "n3", "src": "n5", "body": {"msg_id": 35, "in_reply_to": 34, "type": "RequestVoteRes", "term": 4, "res": true}}
INFO:root:election started and voted vor
n3
at time
1651673821274980482

DEBUG:root:sending {"dest": "n2", "src": "n5", "body": {"msg_id": 36, "in_reply_to": 45, "type": "AppendEntriesRes", "res": false, "term": 4}}
INFO:root:msg term
3
current term
4
log
[(('pass', None), 0), [['pass', None], 0]]
msg entries
[]

DEBUG:root:sending {"dest": "n5", "src": "n5", "body": {"msg_id": 37, "in_reply_to": 28, "type": "RequestVoteRes", "term": 4, "res": false}}
INFO:root:Bad election request, term is not up to date
n3
at time
1651673821278149688

INFO:root:voting for myself
n5
at time
1651673821278426004
nr votes
0

DEBUG:root:sending {"dest": "n5", "src": "n5", "body": {"msg_id": 38, "in_reply_to": 33, "type": "RequestVoteRes", "term": 4, "res": true}}
INFO:root:Got a response to the vote Request #475

INFO:root:node id:
n5
leader
n1
kvsotr
{}
cur term
4
log 
[(('pass', None), 0), [['pass', None], 0]]
commit indez e last applied
0
0
candidate, votes, voted for
True
0
n5
timeout dict
{'n1': 1651673821033899678, 'n2': 1651673821279011869, 'n3': 1651673821274261040, 'n4': 1651673821232119623, 'n5': 1651673821278418366}
curr time
1651673821279196330

INFO:root:resposta
False
majority
3

INFO:root:Got a response to the vote Request #475

INFO:root:node id:
n5
leader
n1
kvsotr
{}
cur term
4
log 
[(('pass', None), 0), [['pass', None], 0]]
commit indez e last applied
0
0
candidate, votes, voted for
True
0
n5
timeout dict
{'n1': 1651673821033899678, 'n2': 1651673821279645458, 'n3': 1651673821274261040, 'n4': 1651673821232119623, 'n5': 1651673821278418366}
curr time
1651673821279802423

INFO:root:resposta
False
majority
3

INFO:root:Got a response to the vote Request #475

INFO:root:node id:
n5
leader
n1
kvsotr
{}
cur term
4
log 
[(('pass', None), 0), [['pass', None], 0]]
commit indez e last applied
0
0
candidate, votes, voted for
True
0
n5
timeout dict
{'n1': 1651673821033899678, 'n2': 1651673821279645458, 'n3': 1651673821274261040, 'n4': 1651673821280243492, 'n5': 1651673821278418366}
curr time
1651673821280403268

INFO:root:resposta
False
majority
3

INFO:root:Got a response to the vote Request #475

INFO:root:node id:
n5
leader
n1
kvsotr
{}
cur term
4
log 
[(('pass', None), 0), [['pass', None], 0]]
commit indez e last applied
0
0
candidate, votes, voted for
True
0
n5
timeout dict
{'n1': 1651673821033899678, 'n2': 1651673821279645458, 'n3': 1651673821274261040, 'n4': 1651673821280843765, 'n5': 1651673821278418366}
curr time
1651673821281002877

INFO:root:resposta
False
majority
3

INFO:root:Got a response to the vote Request #475

INFO:root:node id:
n5
leader
n1
kvsotr
{}
cur term
4
log 
[(('pass', None), 0), [['pass', None], 0]]
commit indez e last applied
0
0
candidate, votes, voted for
True
0
n5
timeout dict
{'n1': 1651673821281443961, 'n2': 1651673821279645458, 'n3': 1651673821274261040, 'n4': 1651673821280843765, 'n5': 1651673821278418366}
curr time
1651673821281595752

INFO:root:resposta
False
majority
3

INFO:root:Got a response to the vote Request #475

INFO:root:node id:
n5
leader
n1
kvsotr
{}
cur term
4
log 
[(('pass', None), 0), [['pass', None], 0]]
commit indez e last applied
0
0
candidate, votes, voted for
True
0
n5
timeout dict
{'n1': 1651673821282047157, 'n2': 1651673821279645458, 'n3': 1651673821274261040, 'n4': 1651673821280843765, 'n5': 1651673821278418366}
curr time
1651673821282196498

INFO:root:resposta
False
majority
3

INFO:root:Got a response to the vote Request #475

INFO:root:node id:
n5
leader
n1
kvsotr
{}
cur term
4
log 
[(('pass', None), 0), [['pass', None], 0]]
commit indez e last applied
0
0
candidate, votes, voted for
True
0
n5
timeout dict
{'n1': 1651673821282047157, 'n2': 1651673821279645458, 'n3': 1651673821282597612, 'n4': 1651673821280843765, 'n5': 1651673821278418366}
curr time
1651673821282739671

INFO:root:resposta
False
majority
3

INFO:root:Got a response to the vote Request #475

INFO:root:node id:
n5
leader
n1
kvsotr
{}
cur term
4
log 
[(('pass', None), 0), [['pass', None], 0]]
commit indez e last applied
0
0
candidate, votes, voted for
True
0
n5
timeout dict
{'n1': 1651673821282047157, 'n2': 1651673821279645458, 'n3': 1651673821283136149, 'n4': 1651673821280843765, 'n5': 1651673821278418366}
curr time
1651673821283276267

INFO:root:resposta
False
majority
3

DEBUG:root:received {"dest":"n5","src":"n2","body":{"msg_id":55,"type":"RequestVote","term":4,"prevLogIndex":1,"lastLogTerm":0,"candidateId":"n2"},"id":216}
DEBUG:root:received {"dest":"n5","src":"n3","body":{"msg_id":43,"type":"AppendEntries","term":4,"prevIndex":1,"prevTerm":0,"entries":[],"commit":0},"id":218}
DEBUG:root:received {"dest":"n5","src":"n5","body":{"msg_id":37,"in_reply_to":28,"type":"RequestVoteRes","term":4,"res":false},"id":221}
DEBUG:root:received {"dest":"n5","src":"n5","body":{"msg_id":38,"in_reply_to":33,"type":"RequestVoteRes","term":4,"res":true},"id":222}
DEBUG:root:received {"dest":"n5","src":"n2","body":{"msg_id":58,"type":"AppendEntries","term":4,"prevIndex":0,"prevTerm":0,"entries":[[["pass",null],0]],"commit":0},"id":226}
INFO:root:log atual
[(('pass', None), 0), [['pass', None], 0]]
prevlog index
1
 last log term
0

DEBUG:root:sending {"dest": "n2", "src": "n5", "body": {"msg_id": 39, "in_reply_to": 55, "type": "RequestVoteRes", "term": 4, "res": false}}
DEBUG:root:sending {"dest": "n3", "src": "n5", "body": {"msg_id": 40, "in_reply_to": 43, "type": "AppendEntriesRes", "res": true, "term": 4, "next": 2, "commit": 0}}
INFO:root:Got a response to the vote Request #475

INFO:root:node id:
n5
leader
n1
kvsotr
{}
cur term
4
log 
[(('pass', None), 0), [['pass', None], 0]]
commit indez e last applied
0
0
candidate, votes, voted for
True
0
n5
timeout dict
{'n1': 1651673821282047157, 'n2': 1651673821289883921, 'n3': 1651673821291298010, 'n4': 1651673821280843765, 'n5': 1651673821292828574}
curr time
1651673821293079434

INFO:root:resposta
False
majority
3

INFO:root:Got a response to the vote Request #475

INFO:root:node id:
n5
leader
n1
kvsotr
{}
cur term
4
log 
[(('pass', None), 0), [['pass', None], 0]]
commit indez e last applied
0
0
candidate, votes, voted for
True
0
n5
timeout dict
{'n1': 1651673821282047157, 'n2': 1651673821289883921, 'n3': 1651673821291298010, 'n4': 1651673821280843765, 'n5': 1651673821293585312}
curr time
1651673821293744039

INFO:root:resposta
True
majority
3

INFO:root:antes do incremento no voto #487
0

INFO:root:depois  #489
1

INFO:root:commiting command
[['pass', None], 0]

DEBUG:root:sending {"dest": "n2", "src": "n5", "body": {"msg_id": 41, "in_reply_to": 58, "type": "AppendEntriesRes", "res": true, "term": 4, "next": 3, "commit": 0}}
DEBUG:root:received {"dest":"n5","src":"n2","body":{"msg_id":63,"type":"RequestVote","term":5,"prevLogIndex":1,"lastLogTerm":0,"candidateId":"n2"},"id":244}
INFO:root:log atual
[(('pass', None), 0), [['pass', None], 0], [['pass', None], 0]]
prevlog index
1
 last log term
0

DEBUG:root:sending {"dest": "n2", "src": "n5", "body": {"msg_id": 42, "in_reply_to": 63, "type": "RequestVoteRes", "term": 4, "res": false}}
DEBUG:root:received {"dest":"n5","src":"n2","body":{"msg_id":68,"type":"AppendEntries","term":5,"prevIndex":1,"prevTerm":0,"entries":[],"commit":0},"id":256}
DEBUG:root:received {"dest":"n5","src":"n3","body":{"msg_id":51,"type":"RequestVote","term":6,"prevLogIndex":1,"lastLogTerm":0,"candidateId":"n3"},"id":258}
INFO:root:vote ended, new leader is
n1

INFO:root:there is a new leader

INFO:root:node id:
n5
leader
n2
kvsotr
{}
cur term
4
log 
[(('pass', None), 0), [['pass', None], 0], [['pass', None], 0]]
commit indez e last applied
0
0
candidate, votes, voted for
False
None
None
timeout dict
{'n1': 1651673821282047157, 'n2': 1651673821498847487, 'n3': 1651673821291298010, 'n4': 1651673821280843765, 'n5': 1651673821293585312}
curr time
1651673821502075278

DEBUG:root:sending {"dest": "n2", "src": "n5", "body": {"msg_id": 43, "in_reply_to": 68, "type": "AppendEntriesRes", "res": true, "term": 5, "next": 3, "commit": 0}}
INFO:root:log atual
[(('pass', None), 0), [['pass', None], 0], [['pass', None], 0]]
prevlog index
1
 last log term
0

DEBUG:root:sending {"dest": "n3", "src": "n5", "body": {"msg_id": 44, "in_reply_to": 51, "type": "RequestVoteRes", "term": 5, "res": false}}
DEBUG:root:received {"dest":"n5","src":"n3","body":{"msg_id":56,"type":"RequestVote","term":7,"prevLogIndex":1,"lastLogTerm":0,"candidateId":"n3"},"id":264}
INFO:root:log atual
[(('pass', None), 0), [['pass', None], 0], [['pass', None], 0]]
prevlog index
1
 last log term
0

DEBUG:root:sending {"dest": "n3", "src": "n5", "body": {"msg_id": 45, "in_reply_to": 56, "type": "RequestVoteRes", "term": 5, "res": false}}
INFO:root:election ended

INFO:root:election ended

INFO:root:election ended

DEBUG:root:received {"dest":"n5","src":"n3","body":{"msg_id":63,"type":"AppendEntries","term":7,"prevIndex":1,"prevTerm":0,"entries":[],"commit":0},"id":285}
DEBUG:root:received {"dest":"n5","src":"n2","body":{"msg_id":77,"type":"RequestVote","term":8,"prevLogIndex":1,"lastLogTerm":0,"candidateId":"n2"},"id":292}
INFO:root:vote ended, new leader is
n2

INFO:root:there is a new leader

INFO:root:node id:
n5
leader
n3
kvsotr
{}
cur term
5
log 
[(('pass', None), 0), [['pass', None], 0], [['pass', None], 0]]
commit indez e last applied
0
0
candidate, votes, voted for
False
None
None
timeout dict
{'n1': 1651673821282047157, 'n2': 1651673821498847487, 'n3': 1651673821529856651, 'n4': 1651673821280843765, 'n5': 1651673821293585312}
curr time
1651673821530353397

DEBUG:root:sending {"dest": "n3", "src": "n5", "body": {"msg_id": 46, "in_reply_to": 63, "type": "AppendEntriesRes", "res": true, "term": 7, "next": 3, "commit": 0}}
INFO:root:log atual
[(('pass', None), 0), [['pass', None], 0], [['pass', None], 0]]
prevlog index
1
 last log term
0

DEBUG:root:sending {"dest": "n2", "src": "n5", "body": {"msg_id": 47, "in_reply_to": 77, "type": "RequestVoteRes", "term": 7, "res": false}}
INFO:root:election ended

DEBUG:root:received {"dest":"n5","src":"n3","body":{"msg_id":70,"type":"AppendEntries","term":7,"prevIndex":2,"prevTerm":0,"entries":[],"commit":0},"id":304}
DEBUG:root:sending {"dest": "n3", "src": "n5", "body": {"msg_id": 48, "in_reply_to": 70, "type": "AppendEntriesRes", "res": true, "term": 7, "next": 3, "commit": 0}}
DEBUG:root:received {"dest":"n5","src":"n3","body":{"msg_id":74,"type":"AppendEntries","term":7,"prevIndex":2,"prevTerm":0,"entries":[],"commit":0},"id":311}
DEBUG:root:sending {"dest": "n3", "src": "n5", "body": {"msg_id": 49, "in_reply_to": 74, "type": "AppendEntriesRes", "res": true, "term": 7, "next": 3, "commit": 0}}
DEBUG:root:received {"dest":"n5","src":"n4","body":{"msg_id":59,"type":"RequestVote","term":9,"prevLogIndex":1,"lastLogTerm":0,"candidateId":"n4"},"id":321}
INFO:root:log atual
[(('pass', None), 0), [['pass', None], 0], [['pass', None], 0]]
prevlog index
1
 last log term
0

DEBUG:root:sending {"dest": "n4", "src": "n5", "body": {"msg_id": 50, "in_reply_to": 59, "type": "RequestVoteRes", "term": 7, "res": false}}
DEBUG:root:received {"dest":"n5","src":"n2","body":{"msg_id":86,"type":"RequestVote","term":9,"prevLogIndex":1,"lastLogTerm":0,"candidateId":"n2"},"id":324}
INFO:root:log atual
[(('pass', None), 0), [['pass', None], 0], [['pass', None], 0]]
prevlog index
1
 last log term
0

DEBUG:root:sending {"dest": "n2", "src": "n5", "body": {"msg_id": 51, "in_reply_to": 86, "type": "RequestVoteRes", "term": 7, "res": false}}
DEBUG:root:received {"dest":"n5","src":"n2","body":{"msg_id":96,"type":"RequestVote","term":11,"prevLogIndex":1,"lastLogTerm":0,"candidateId":"n2"},"id":340}
INFO:root:log atual
[(('pass', None), 0), [['pass', None], 0], [['pass', None], 0]]
prevlog index
1
 last log term
0

DEBUG:root:sending {"dest": "n2", "src": "n5", "body": {"msg_id": 52, "in_reply_to": 96, "type": "RequestVoteRes", "term": 7, "res": false}}
DEBUG:root:received {"dest":"n5","src":"n3","body":{"msg_id":81,"type":"AppendEntries","term":7,"prevIndex":2,"prevTerm":0,"entries":[],"commit":0},"id":346}
DEBUG:root:sending {"dest": "n3", "src": "n5", "body": {"msg_id": 53, "in_reply_to": 81, "type": "AppendEntriesRes", "res": true, "term": 7, "next": 3, "commit": 0}}
DEBUG:root:received {"dest":"n5","src":"n4","body":{"msg_id":68,"type":"RequestVote","term":10,"prevLogIndex":1,"lastLogTerm":0,"candidateId":"n4"},"id":355}
INFO:root:log atual
[(('pass', None), 0), [['pass', None], 0], [['pass', None], 0]]
prevlog index
1
 last log term
0

DEBUG:root:sending {"dest": "n4", "src": "n5", "body": {"msg_id": 54, "in_reply_to": 68, "type": "RequestVoteRes", "term": 7, "res": false}}
DEBUG:root:received {"dest":"n5","src":"n2","body":{"msg_id":98,"type":"RequestVote","term":11,"prevLogIndex":1,"lastLogTerm":0,"candidateId":"n2"},"id":360}
INFO:root:log atual
[(('pass', None), 0), [['pass', None], 0], [['pass', None], 0]]
prevlog index
1
 last log term
0

DEBUG:root:sending {"dest": "n2", "src": "n5", "body": {"msg_id": 55, "in_reply_to": 98, "type": "RequestVoteRes", "term": 7, "res": false}}
DEBUG:root:received {"dest":"n5","src":"n2","body":{"msg_id":105,"type":"RequestVote","term":12,"prevLogIndex":1,"lastLogTerm":0,"candidateId":"n2"},"id":371}
INFO:root:log atual
[(('pass', None), 0), [['pass', None], 0], [['pass', None], 0]]
prevlog index
1
 last log term
0

DEBUG:root:sending {"dest": "n2", "src": "n5", "body": {"msg_id": 56, "in_reply_to": 105, "type": "RequestVoteRes", "term": 7, "res": false}}
DEBUG:root:received {"dest":"n5","src":"n2","body":{"msg_id":113,"type":"AppendEntries","term":12,"prevIndex":2,"prevTerm":12,"entries":[],"commit":0},"id":382}
DEBUG:root:sending {"dest": "n2", "src": "n5", "body": {"msg_id": 57, "in_reply_to": 113, "type": "AppendEntriesRes", "res": false, "term": 7}}
DEBUG:root:received {"dest":"n5","src":"n2","body":{"msg_id":115,"type":"AppendEntries","term":12,"prevIndex":1,"prevTerm":0,"entries":[[["cas",[1,[1,2]]],12]],"commit":0},"id":388}
INFO:root:vote ended, new leader is
n3

INFO:root:there is a new leader

INFO:root:node id:
n5
leader
n2
kvsotr
{}
cur term
7
log 
[(('pass', None), 0), [['pass', None], 0], [['pass', None], 0]]
commit indez e last applied
0
0
candidate, votes, voted for
False
None
None
timeout dict
{'n1': 1651673821282047157, 'n2': 1651673821857770895, 'n3': 1651673821782662717, 'n4': 1651673821793677857, 'n5': 1651673821293585312}
curr time
1651673821858287340

INFO:root:commiting command
[['cas', [1, [1, 2]]], 12]

DEBUG:root:sending {"dest": "n2", "src": "n5", "body": {"msg_id": 58, "in_reply_to": 115, "type": "AppendEntriesRes", "res": true, "term": 12, "next": 4, "commit": 0}}
DEBUG:root:received {"dest":"n5","src":"n4","body":{"msg_id":78,"type":"RequestVote","term":13,"prevLogIndex":2,"lastLogTerm":12,"candidateId":"n4"},"id":395}
INFO:root:log atual
[(('pass', None), 0), [['pass', None], 0], [['pass', None], 0], [['cas', [1, [1, 2]]], 12]]
prevlog index
2
 last log term
12

DEBUG:root:sending {"dest": "n4", "src": "n5", "body": {"msg_id": 59, "in_reply_to": 78, "type": "RequestVoteRes", "term": 12, "res": false}}
DEBUG:root:received {"dest":"n5","src":"n2","body":{"msg_id":122,"type":"RequestVote","term":14,"prevLogIndex":2,"lastLogTerm":12,"candidateId":"n2"},"id":404}
INFO:root:log atual
[(('pass', None), 0), [['pass', None], 0], [['pass', None], 0], [['cas', [1, [1, 2]]], 12]]
prevlog index
2
 last log term
12

DEBUG:root:sending {"dest": "n2", "src": "n5", "body": {"msg_id": 60, "in_reply_to": 122, "type": "RequestVoteRes", "term": 12, "res": false}}
DEBUG:root:received {"dest":"n5","src":"n4","body":{"msg_id":85,"type":"RequestVote","term":14,"prevLogIndex":2,"lastLogTerm":12,"candidateId":"n4"},"id":413}
INFO:root:log atual
[(('pass', None), 0), [['pass', None], 0], [['pass', None], 0], [['cas', [1, [1, 2]]], 12]]
prevlog index
2
 last log term
12

DEBUG:root:sending {"dest": "n4", "src": "n5", "body": {"msg_id": 61, "in_reply_to": 85, "type": "RequestVoteRes", "term": 12, "res": false}}
INFO:root:node
n2
current time
1651673822022673430
node_time
1651673821293585312
dif
729088118
False

INFO:root:leader alive, resuming timeout checker

DEBUG:root:received {"dest":"n5","src":"n2","body":{"msg_id":130,"type":"RequestVote","term":16,"prevLogIndex":2,"lastLogTerm":12,"candidateId":"n2"},"id":421}
INFO:root:log atual
[(('pass', None), 0), [['pass', None], 0], [['pass', None], 0], [['cas', [1, [1, 2]]], 12]]
prevlog index
2
 last log term
12

DEBUG:root:sending {"dest": "n2", "src": "n5", "body": {"msg_id": 62, "in_reply_to": 130, "type": "RequestVoteRes", "term": 12, "res": false}}
INFO:root:node
n2
current time
1651673822026497023
node_time
1651673821293585312
dif
732911711
False

INFO:root:leader alive, resuming timeout checker

INFO:root:node
n2
current time
1651673822027266385
node_time
1651673821293585312
dif
733681073
False

INFO:root:leader alive, resuming timeout checker

DEBUG:root:received {"dest":"n5","src":"n2","body":{"msg_id":134,"type":"RequestVote","term":16,"prevLogIndex":2,"lastLogTerm":12,"candidateId":"n2"},"id":428}
INFO:root:log atual
[(('pass', None), 0), [['pass', None], 0], [['pass', None], 0], [['cas', [1, [1, 2]]], 12]]
prevlog index
2
 last log term
12

DEBUG:root:sending {"dest": "n2", "src": "n5", "body": {"msg_id": 63, "in_reply_to": 134, "type": "RequestVoteRes", "term": 12, "res": false}}
INFO:root:node
n2
current time
1651673822034065249
node_time
1651673821293585312
dif
740479937
False

INFO:root:leader alive, resuming timeout checker

DEBUG:root:received {"dest":"n5","src":"n2","body":{"msg_id":141,"type":"RequestVote","term":17,"prevLogIndex":2,"lastLogTerm":12,"candidateId":"n2"},"id":440}
INFO:root:log atual
[(('pass', None), 0), [['pass', None], 0], [['pass', None], 0], [['cas', [1, [1, 2]]], 12]]
prevlog index
2
 last log term
12

DEBUG:root:sending {"dest": "n2", "src": "n5", "body": {"msg_id": 64, "in_reply_to": 141, "type": "RequestVoteRes", "term": 12, "res": false}}
DEBUG:root:received {"dest":"n5","src":"n4","body":{"msg_id":93,"type":"RequestVote","term":15,"prevLogIndex":2,"lastLogTerm":12,"candidateId":"n4"},"id":447}
INFO:root:log atual
[(('pass', None), 0), [['pass', None], 0], [['pass', None], 0], [['cas', [1, [1, 2]]], 12]]
prevlog index
2
 last log term
12

DEBUG:root:sending {"dest": "n4", "src": "n5", "body": {"msg_id": 65, "in_reply_to": 93, "type": "RequestVoteRes", "term": 12, "res": false}}
DEBUG:root:received {"dest":"n5","src":"n4","body":{"msg_id":100,"type":"RequestVote","term":18,"prevLogIndex":2,"lastLogTerm":12,"candidateId":"n4"},"id":460}
INFO:root:log atual
[(('pass', None), 0), [['pass', None], 0], [['pass', None], 0], [['cas', [1, [1, 2]]], 12]]
prevlog index
2
 last log term
12

DEBUG:root:sending {"dest": "n4", "src": "n5", "body": {"msg_id": 66, "in_reply_to": 100, "type": "RequestVoteRes", "term": 12, "res": false}}
DEBUG:root:received {"dest":"n5","src":"n2","body":{"msg_id":149,"type":"RequestVote","term":18,"prevLogIndex":2,"lastLogTerm":12,"candidateId":"n2"},"id":468}
INFO:root:log atual
[(('pass', None), 0), [['pass', None], 0], [['pass', None], 0], [['cas', [1, [1, 2]]], 12]]
prevlog index
2
 last log term
12

DEBUG:root:sending {"dest": "n2", "src": "n5", "body": {"msg_id": 67, "in_reply_to": 149, "type": "RequestVoteRes", "term": 12, "res": false}}
DEBUG:root:received {"dest":"n5","src":"n2","body":{"msg_id":156,"type":"RequestVote","term":19,"prevLogIndex":2,"lastLogTerm":12,"candidateId":"n2"},"id":478}
INFO:root:log atual
[(('pass', None), 0), [['pass', None], 0], [['pass', None], 0], [['cas', [1, [1, 2]]], 12]]
prevlog index
2
 last log term
12

DEBUG:root:sending {"dest": "n2", "src": "n5", "body": {"msg_id": 68, "in_reply_to": 156, "type": "RequestVoteRes", "term": 12, "res": false}}
DEBUG:root:received {"dest":"n5","src":"n4","body":{"msg_id":108,"type":"RequestVote","term":19,"prevLogIndex":2,"lastLogTerm":12,"candidateId":"n4"},"id":487}
INFO:root:log atual
[(('pass', None), 0), [['pass', None], 0], [['pass', None], 0], [['cas', [1, [1, 2]]], 12]]
prevlog index
2
 last log term
12

DEBUG:root:sending {"dest": "n4", "src": "n5", "body": {"msg_id": 69, "in_reply_to": 108, "type": "RequestVoteRes", "term": 12, "res": false}}
DEBUG:root:received {"dest":"n5","src":"n2","body":{"msg_id":167,"type":"RequestVote","term":21,"prevLogIndex":2,"lastLogTerm":12,"candidateId":"n2"},"id":499}
INFO:root:log atual
[(('pass', None), 0), [['pass', None], 0], [['pass', None], 0], [['cas', [1, [1, 2]]], 12]]
prevlog index
2
 last log term
12

DEBUG:root:sending {"dest": "n2", "src": "n5", "body": {"msg_id": 70, "in_reply_to": 167, "type": "RequestVoteRes", "term": 12, "res": false}}
DEBUG:root:received {"dest":"n5","src":"n2","body":{"msg_id":168,"type":"RequestVote","term":21,"prevLogIndex":2,"lastLogTerm":12,"candidateId":"n2"},"id":503}
INFO:root:log atual
[(('pass', None), 0), [['pass', None], 0], [['pass', None], 0], [['cas', [1, [1, 2]]], 12]]
prevlog index
2
 last log term
12

DEBUG:root:sending {"dest": "n2", "src": "n5", "body": {"msg_id": 71, "in_reply_to": 168, "type": "RequestVoteRes", "term": 12, "res": false}}
DEBUG:root:received {"dest":"n5","src":"n2","body":{"msg_id":175,"type":"RequestVote","term":22,"prevLogIndex":2,"lastLogTerm":12,"candidateId":"n2"},"id":515}
INFO:root:log atual
[(('pass', None), 0), [['pass', None], 0], [['pass', None], 0], [['cas', [1, [1, 2]]], 12]]
prevlog index
2
 last log term
12

DEBUG:root:sending {"dest": "n2", "src": "n5", "body": {"msg_id": 72, "in_reply_to": 175, "type": "RequestVoteRes", "term": 12, "res": false}}
DEBUG:root:received {"dest":"n5","src":"n4","body":{"msg_id":117,"type":"RequestVote","term":20,"prevLogIndex":2,"lastLogTerm":12,"candidateId":"n4"},"id":523}
INFO:root:log atual
[(('pass', None), 0), [['pass', None], 0], [['pass', None], 0], [['cas', [1, [1, 2]]], 12]]
prevlog index
2
 last log term
12

DEBUG:root:sending {"dest": "n4", "src": "n5", "body": {"msg_id": 73, "in_reply_to": 117, "type": "RequestVoteRes", "term": 12, "res": false}}
DEBUG:root:received {"dest":"n5","src":"n4","body":{"msg_id":122,"type":"RequestVote","term":21,"prevLogIndex":2,"lastLogTerm":12,"candidateId":"n4"},"id":532}
INFO:root:log atual
[(('pass', None), 0), [['pass', None], 0], [['pass', None], 0], [['cas', [1, [1, 2]]], 12]]
prevlog index
2
 last log term
12

DEBUG:root:sending {"dest": "n4", "src": "n5", "body": {"msg_id": 74, "in_reply_to": 122, "type": "RequestVoteRes", "term": 12, "res": false}}
DEBUG:root:received {"dest":"n5","src":"n2","body":{"msg_id":183,"type":"RequestVote","term":23,"prevLogIndex":2,"lastLogTerm":12,"candidateId":"n2"},"id":546}
DEBUG:root:received {"dest":"n5","src":"n4","body":{"msg_id":129,"type":"RequestVote","term":22,"prevLogIndex":2,"lastLogTerm":12,"candidateId":"n4"},"id":547}
INFO:root:log atual
[(('pass', None), 0), [['pass', None], 0], [['pass', None], 0], [['cas', [1, [1, 2]]], 12]]
prevlog index
2
 last log term
12

DEBUG:root:sending {"dest": "n2", "src": "n5", "body": {"msg_id": 75, "in_reply_to": 183, "type": "RequestVoteRes", "term": 12, "res": false}}
INFO:root:log atual
[(('pass', None), 0), [['pass', None], 0], [['pass', None], 0], [['cas', [1, [1, 2]]], 12]]
prevlog index
2
 last log term
12

DEBUG:root:sending {"dest": "n4", "src": "n5", "body": {"msg_id": 76, "in_reply_to": 129, "type": "RequestVoteRes", "term": 12, "res": false}}
DEBUG:root:received {"dest":"n5","src":"n2","body":{"msg_id":188,"type":"RequestVote","term":24,"prevLogIndex":2,"lastLogTerm":12,"candidateId":"n2"},"id":558}
INFO:root:log atual
[(('pass', None), 0), [['pass', None], 0], [['pass', None], 0], [['cas', [1, [1, 2]]], 12]]
prevlog index
2
 last log term
12

DEBUG:root:sending {"dest": "n2", "src": "n5", "body": {"msg_id": 77, "in_reply_to": 188, "type": "RequestVoteRes", "term": 12, "res": false}}
DEBUG:root:received {"dest":"n5","src":"n2","body":{"msg_id":195,"type":"RequestVote","term":25,"prevLogIndex":2,"lastLogTerm":12,"candidateId":"n2"},"id":568}
INFO:root:log atual
[(('pass', None), 0), [['pass', None], 0], [['pass', None], 0], [['cas', [1, [1, 2]]], 12]]
prevlog index
2
 last log term
12

DEBUG:root:sending {"dest": "n2", "src": "n5", "body": {"msg_id": 78, "in_reply_to": 195, "type": "RequestVoteRes", "term": 12, "res": false}}
DEBUG:root:received {"dest":"n5","src":"n4","body":{"msg_id":138,"type":"RequestVote","term":26,"prevLogIndex":2,"lastLogTerm":12,"candidateId":"n4"},"id":578}
INFO:root:log atual
[(('pass', None), 0), [['pass', None], 0], [['pass', None], 0], [['cas', [1, [1, 2]]], 12]]
prevlog index
2
 last log term
12

DEBUG:root:sending {"dest": "n4", "src": "n5", "body": {"msg_id": 79, "in_reply_to": 138, "type": "RequestVoteRes", "term": 12, "res": false}}
DEBUG:root:received {"dest":"n5","src":"n2","body":{"msg_id":201,"type":"AppendEntries","term":25,"prevIndex":2,"prevTerm":12,"entries":[],"commit":0},"id":586}
DEBUG:root:sending {"dest": "n2", "src": "n5", "body": {"msg_id": 80, "in_reply_to": 201, "type": "AppendEntriesRes", "res": false, "term": 12}}
DEBUG:root:received {"dest":"n5","src":"n2","body":{"msg_id":205,"type":"AppendEntries","term":26,"prevIndex":1,"prevTerm":0,"entries":[[["cas",[1,[1,2]]],12]],"commit":0},"id":592}
INFO:root:vote ended, new leader is
n2

INFO:root:there is a new leader

INFO:root:node id:
n5
leader
n2
kvsotr
{}
cur term
12
log 
[(('pass', None), 0), [['pass', None], 0], [['pass', None], 0], [['cas', [1, [1, 2]]], 12]]
commit indez e last applied
0
0
candidate, votes, voted for
False
None
None
timeout dict
{'n1': 1651673821282047157, 'n2': 1651673822530772696, 'n3': 1651673821782662717, 'n4': 1651673822514782455, 'n5': 1651673821293585312}
curr time
1651673822531139785

INFO:root:commiting command
[['cas', [1, [1, 2]]], 12]

DEBUG:root:sending {"dest": "n2", "src": "n5", "body": {"msg_id": 81, "in_reply_to": 205, "type": "AppendEntriesRes", "res": true, "term": 26, "next": 5, "commit": 0}}
DEBUG:root:received {"dest":"n5","src":"n2","body":{"msg_id":216,"type":"RequestVote","term":28,"prevLogIndex":2,"lastLogTerm":12,"candidateId":"n2"},"id":606}
DEBUG:root:received {"dest":"n5","src":"n2","body":{"msg_id":210,"type":"RequestVote","term":28,"prevLogIndex":2,"lastLogTerm":12,"candidateId":"n2"},"id":607}
INFO:root:log atual
[(('pass', None), 0), [['pass', None], 0], [['pass', None], 0], [['cas', [1, [1, 2]]], 12], [['cas', [1, [1, 2]]], 12]]
prevlog index
2
 last log term
12

DEBUG:root:sending {"dest": "n2", "src": "n5", "body": {"msg_id": 82, "in_reply_to": 216, "type": "RequestVoteRes", "term": 26, "res": false}}
INFO:root:log atual
[(('pass', None), 0), [['pass', None], 0], [['pass', None], 0], [['cas', [1, [1, 2]]], 12], [['cas', [1, [1, 2]]], 12]]
prevlog index
2
 last log term
12

DEBUG:root:sending {"dest": "n2", "src": "n5", "body": {"msg_id": 83, "in_reply_to": 210, "type": "RequestVoteRes", "term": 26, "res": false}}
DEBUG:root:received {"dest":"n5","src":"n2","body":{"msg_id":222,"type":"RequestVote","term":29,"prevLogIndex":2,"lastLogTerm":12,"candidateId":"n2"},"id":618}
INFO:root:log atual
[(('pass', None), 0), [['pass', None], 0], [['pass', None], 0], [['cas', [1, [1, 2]]], 12], [['cas', [1, [1, 2]]], 12]]
prevlog index
2
 last log term
12

DEBUG:root:sending {"dest": "n2", "src": "n5", "body": {"msg_id": 84, "in_reply_to": 222, "type": "RequestVoteRes", "term": 26, "res": false}}
DEBUG:root:received {"dest":"n5","src":"n4","body":{"msg_id":149,"type":"RequestVote","term":27,"prevLogIndex":3,"lastLogTerm":12,"candidateId":"n4"},"id":627}
INFO:root:log atual
[(('pass', None), 0), [['pass', None], 0], [['pass', None], 0], [['cas', [1, [1, 2]]], 12], [['cas', [1, [1, 2]]], 12]]
prevlog index
3
 last log term
12

DEBUG:root:sending {"dest": "n4", "src": "n5", "body": {"msg_id": 85, "in_reply_to": 149, "type": "RequestVoteRes", "term": 26, "res": false}}
DEBUG:root:received {"dest":"n5","src":"n4","body":{"msg_id":155,"type":"RequestVote","term":28,"prevLogIndex":3,"lastLogTerm":12,"candidateId":"n4"},"id":636}
INFO:root:log atual
[(('pass', None), 0), [['pass', None], 0], [['pass', None], 0], [['cas', [1, [1, 2]]], 12], [['cas', [1, [1, 2]]], 12]]
prevlog index
3
 last log term
12

DEBUG:root:sending {"dest": "n4", "src": "n5", "body": {"msg_id": 86, "in_reply_to": 155, "type": "RequestVoteRes", "term": 26, "res": false}}
DEBUG:root:received {"dest":"n5","src":"n4","body":{"msg_id":161,"type":"RequestVote","term":29,"prevLogIndex":3,"lastLogTerm":12,"candidateId":"n4"},"id":647}
INFO:root:log atual
[(('pass', None), 0), [['pass', None], 0], [['pass', None], 0], [['cas', [1, [1, 2]]], 12], [['cas', [1, [1, 2]]], 12]]
prevlog index
3
 last log term
12

DEBUG:root:sending {"dest": "n4", "src": "n5", "body": {"msg_id": 87, "in_reply_to": 161, "type": "RequestVoteRes", "term": 26, "res": false}}
DEBUG:root:received {"dest":"n5","src":"n2","body":{"msg_id":232,"type":"RequestVote","term":30,"prevLogIndex":2,"lastLogTerm":12,"candidateId":"n2"},"id":656}
DEBUG:root:received {"dest":"n5","src":"n2","body":{"msg_id":237,"type":"RequestVote","term":31,"prevLogIndex":2,"lastLogTerm":12,"candidateId":"n2"},"id":661}
DEBUG:root:received {"dest":"n5","src":"n4","body":{"msg_id":167,"type":"RequestVote","term":30,"prevLogIndex":3,"lastLogTerm":12,"candidateId":"n4"},"id":666}
INFO:root:log atual
[(('pass', None), 0), [['pass', None], 0], [['pass', None], 0], [['cas', [1, [1, 2]]], 12], [['cas', [1, [1, 2]]], 12]]
prevlog index
2
 last log term
12

DEBUG:root:sending {"dest": "n2", "src": "n5", "body": {"msg_id": 88, "in_reply_to": 232, "type": "RequestVoteRes", "term": 26, "res": false}}
INFO:root:log atual
[(('pass', None), 0), [['pass', None], 0], [['pass', None], 0], [['cas', [1, [1, 2]]], 12], [['cas', [1, [1, 2]]], 12]]
prevlog index
2
 last log term
12

DEBUG:root:sending {"dest": "n2", "src": "n5", "body": {"msg_id": 89, "in_reply_to": 237, "type": "RequestVoteRes", "term": 26, "res": false}}
INFO:root:log atual
[(('pass', None), 0), [['pass', None], 0], [['pass', None], 0], [['cas', [1, [1, 2]]], 12], [['cas', [1, [1, 2]]], 12]]
prevlog index
3
 last log term
12

DEBUG:root:sending {"dest": "n4", "src": "n5", "body": {"msg_id": 90, "in_reply_to": 167, "type": "RequestVoteRes", "term": 26, "res": false}}
DEBUG:root:received {"dest":"n5","src":"n4","body":{"msg_id":175,"type":"RequestVote","term":33,"prevLogIndex":3,"lastLogTerm":12,"candidateId":"n4"},"id":685}
INFO:root:log atual
[(('pass', None), 0), [['pass', None], 0], [['pass', None], 0], [['cas', [1, [1, 2]]], 12], [['cas', [1, [1, 2]]], 12]]
prevlog index
3
 last log term
12

DEBUG:root:sending {"dest": "n4", "src": "n5", "body": {"msg_id": 91, "in_reply_to": 175, "type": "RequestVoteRes", "term": 26, "res": false}}
DEBUG:root:received {"dest":"n5","src":"n4","body":{"msg_id":180,"type":"RequestVote","term":33,"prevLogIndex":3,"lastLogTerm":12,"candidateId":"n4"},"id":692}
INFO:root:log atual
[(('pass', None), 0), [['pass', None], 0], [['pass', None], 0], [['cas', [1, [1, 2]]], 12], [['cas', [1, [1, 2]]], 12]]
prevlog index
3
 last log term
12

DEBUG:root:sending {"dest": "n4", "src": "n5", "body": {"msg_id": 92, "in_reply_to": 180, "type": "RequestVoteRes", "term": 26, "res": false}}
DEBUG:root:received {"dest":"n5","src":"n4","body":{"msg_id":185,"type":"RequestVote","term":33,"prevLogIndex":3,"lastLogTerm":12,"candidateId":"n4"},"id":697}
INFO:root:log atual
[(('pass', None), 0), [['pass', None], 0], [['pass', None], 0], [['cas', [1, [1, 2]]], 12], [['cas', [1, [1, 2]]], 12]]
prevlog index
3
 last log term
12

DEBUG:root:sending {"dest": "n4", "src": "n5", "body": {"msg_id": 93, "in_reply_to": 185, "type": "RequestVoteRes", "term": 26, "res": false}}
DEBUG:root:received {"dest":"n5","src":"n2","body":{"msg_id":247,"type":"RequestVote","term":33,"prevLogIndex":2,"lastLogTerm":12,"candidateId":"n2"},"id":706}
INFO:root:log atual
[(('pass', None), 0), [['pass', None], 0], [['pass', None], 0], [['cas', [1, [1, 2]]], 12], [['cas', [1, [1, 2]]], 12]]
prevlog index
2
 last log term
12

DEBUG:root:sending {"dest": "n2", "src": "n5", "body": {"msg_id": 94, "in_reply_to": 247, "type": "RequestVoteRes", "term": 26, "res": false}}
DEBUG:root:received {"dest":"n5","src":"n2","body":{"msg_id":251,"type":"RequestVote","term":33,"prevLogIndex":2,"lastLogTerm":12,"candidateId":"n2"},"id":710}
INFO:root:log atual
[(('pass', None), 0), [['pass', None], 0], [['pass', None], 0], [['cas', [1, [1, 2]]], 12], [['cas', [1, [1, 2]]], 12]]
prevlog index
2
 last log term
12

DEBUG:root:sending {"dest": "n2", "src": "n5", "body": {"msg_id": 95, "in_reply_to": 251, "type": "RequestVoteRes", "term": 26, "res": false}}
DEBUG:root:received {"dest":"n5","src":"n2","body":{"msg_id":263,"type":"RequestVote","term":35,"prevLogIndex":2,"lastLogTerm":12,"candidateId":"n2"},"id":729}
INFO:root:log atual
[(('pass', None), 0), [['pass', None], 0], [['pass', None], 0], [['cas', [1, [1, 2]]], 12], [['cas', [1, [1, 2]]], 12]]
prevlog index
2
 last log term
12

DEBUG:root:sending {"dest": "n2", "src": "n5", "body": {"msg_id": 96, "in_reply_to": 263, "type": "RequestVoteRes", "term": 26, "res": false}}
DEBUG:root:received {"dest":"n5","src":"n2","body":{"msg_id":265,"type":"RequestVote","term":35,"prevLogIndex":2,"lastLogTerm":12,"candidateId":"n2"},"id":736}
INFO:root:log atual
[(('pass', None), 0), [['pass', None], 0], [['pass', None], 0], [['cas', [1, [1, 2]]], 12], [['cas', [1, [1, 2]]], 12]]
prevlog index
2
 last log term
12

DEBUG:root:sending {"dest": "n2", "src": "n5", "body": {"msg_id": 97, "in_reply_to": 265, "type": "RequestVoteRes", "term": 26, "res": false}}
DEBUG:root:received {"dest":"n5","src":"n2","body":{"msg_id":270,"type":"RequestVote","term":36,"prevLogIndex":2,"lastLogTerm":12,"candidateId":"n2"},"id":742}
INFO:root:log atual
[(('pass', None), 0), [['pass', None], 0], [['pass', None], 0], [['cas', [1, [1, 2]]], 12], [['cas', [1, [1, 2]]], 12]]
prevlog index
2
 last log term
12

DEBUG:root:sending {"dest": "n2", "src": "n5", "body": {"msg_id": 98, "in_reply_to": 270, "type": "RequestVoteRes", "term": 26, "res": false}}
DEBUG:root:received {"dest":"n5","src":"n4","body":{"msg_id":194,"type":"AppendEntries","term":33,"prevIndex":3,"prevTerm":12,"entries":[],"commit":0},"id":750}
INFO:root:vote ended, new leader is
n2

INFO:root:there is a new leader

INFO:root:node id:
n5
leader
n4
kvsotr
{}
cur term
26
log 
[(('pass', None), 0), [['pass', None], 0], [['pass', None], 0], [['cas', [1, [1, 2]]], 12], [['cas', [1, [1, 2]]], 12]]
commit indez e last applied
0
0
candidate, votes, voted for
False
None
None
timeout dict
{'n1': 1651673821282047157, 'n2': 1651673822820542427, 'n3': 1651673821782662717, 'n4': 1651673822830830850, 'n5': 1651673821293585312}
curr time
1651673822831582822

DEBUG:root:sending {"dest": "n4", "src": "n5", "body": {"msg_id": 99, "in_reply_to": 194, "type": "AppendEntriesRes", "res": true, "term": 33, "next": 5, "commit": 0}}
DEBUG:root:received {"dest":"n5","src":"n2","body":{"msg_id":286,"type":"RequestVote","term":38,"prevLogIndex":2,"lastLogTerm":12,"candidateId":"n2"},"id":773}
INFO:root:log atual
[(('pass', None), 0), [['pass', None], 0], [['pass', None], 0], [['cas', [1, [1, 2]]], 12], [['cas', [1, [1, 2]]], 12]]
prevlog index
2
 last log term
12

DEBUG:root:sending {"dest": "n2", "src": "n5", "body": {"msg_id": 100, "in_reply_to": 286, "type": "RequestVoteRes", "term": 33, "res": false}}
DEBUG:root:received {"dest":"n5","src":"n2","body":{"msg_id":287,"type":"RequestVote","term":38,"prevLogIndex":2,"lastLogTerm":12,"candidateId":"n2"},"id":776}
INFO:root:log atual
[(('pass', None), 0), [['pass', None], 0], [['pass', None], 0], [['cas', [1, [1, 2]]], 12], [['cas', [1, [1, 2]]], 12]]
prevlog index
2
 last log term
12

DEBUG:root:sending {"dest": "n2", "src": "n5", "body": {"msg_id": 101, "in_reply_to": 287, "type": "RequestVoteRes", "term": 33, "res": false}}
DEBUG:root:received {"dest":"n5","src":"n2","body":{"msg_id":292,"type":"RequestVote","term":40,"prevLogIndex":2,"lastLogTerm":12,"candidateId":"n2"},"id":783}
INFO:root:log atual
[(('pass', None), 0), [['pass', None], 0], [['pass', None], 0], [['cas', [1, [1, 2]]], 12], [['cas', [1, [1, 2]]], 12]]
prevlog index
2
 last log term
12

DEBUG:root:sending {"dest": "n2", "src": "n5", "body": {"msg_id": 102, "in_reply_to": 292, "type": "RequestVoteRes", "term": 33, "res": false}}
DEBUG:root:received {"dest":"n5","src":"n2","body":{"msg_id":297,"type":"RequestVote","term":40,"prevLogIndex":2,"lastLogTerm":12,"candidateId":"n2"},"id":790}
INFO:root:log atual
[(('pass', None), 0), [['pass', None], 0], [['pass', None], 0], [['cas', [1, [1, 2]]], 12], [['cas', [1, [1, 2]]], 12]]
prevlog index
2
 last log term
12

DEBUG:root:sending {"dest": "n2", "src": "n5", "body": {"msg_id": 103, "in_reply_to": 297, "type": "RequestVoteRes", "term": 33, "res": false}}
DEBUG:root:received {"dest":"n5","src":"n2","body":{"msg_id":302,"type":"RequestVote","term":41,"prevLogIndex":2,"lastLogTerm":12,"candidateId":"n2"},"id":800}
INFO:root:log atual
[(('pass', None), 0), [['pass', None], 0], [['pass', None], 0], [['cas', [1, [1, 2]]], 12], [['cas', [1, [1, 2]]], 12]]
prevlog index
2
 last log term
12

DEBUG:root:sending {"dest": "n2", "src": "n5", "body": {"msg_id": 104, "in_reply_to": 302, "type": "RequestVoteRes", "term": 33, "res": false}}
DEBUG:root:received {"dest":"n5","src":"n2","body":{"msg_id":307,"type":"RequestVote","term":42,"prevLogIndex":2,"lastLogTerm":12,"candidateId":"n2"},"id":807}
INFO:root:log atual
[(('pass', None), 0), [['pass', None], 0], [['pass', None], 0], [['cas', [1, [1, 2]]], 12], [['cas', [1, [1, 2]]], 12]]
prevlog index
2
 last log term
12

DEBUG:root:sending {"dest": "n2", "src": "n5", "body": {"msg_id": 105, "in_reply_to": 307, "type": "RequestVoteRes", "term": 33, "res": false}}
DEBUG:root:received {"dest":"n5","src":"n2","body":{"msg_id":315,"type":"RequestVote","term":43,"prevLogIndex":2,"lastLogTerm":12,"candidateId":"n2"},"id":819}
INFO:root:log atual
[(('pass', None), 0), [['pass', None], 0], [['pass', None], 0], [['cas', [1, [1, 2]]], 12], [['cas', [1, [1, 2]]], 12]]
prevlog index
2
 last log term
12

DEBUG:root:sending {"dest": "n2", "src": "n5", "body": {"msg_id": 106, "in_reply_to": 315, "type": "RequestVoteRes", "term": 33, "res": false}}
DEBUG:root:received {"dest":"n5","src":"n2","body":{"msg_id":325,"type":"RequestVote","term":45,"prevLogIndex":2,"lastLogTerm":12,"candidateId":"n2"},"id":830}
INFO:root:log atual
[(('pass', None), 0), [['pass', None], 0], [['pass', None], 0], [['cas', [1, [1, 2]]], 12], [['cas', [1, [1, 2]]], 12]]
prevlog index
2
 last log term
12

DEBUG:root:sending {"dest": "n2", "src": "n5", "body": {"msg_id": 107, "in_reply_to": 325, "type": "RequestVoteRes", "term": 33, "res": false}}
DEBUG:root:received {"dest":"n5","src":"n2","body":{"msg_id":327,"type":"RequestVote","term":45,"prevLogIndex":2,"lastLogTerm":12,"candidateId":"n2"},"id":837}
INFO:root:log atual
[(('pass', None), 0), [['pass', None], 0], [['pass', None], 0], [['cas', [1, [1, 2]]], 12], [['cas', [1, [1, 2]]], 12]]
prevlog index
2
 last log term
12

DEBUG:root:sending {"dest": "n2", "src": "n5", "body": {"msg_id": 108, "in_reply_to": 327, "type": "RequestVoteRes", "term": 33, "res": false}}
DEBUG:root:received {"dest":"n5","src":"n2","body":{"msg_id":339,"type":"RequestVote","term":47,"prevLogIndex":2,"lastLogTerm":12,"candidateId":"n2"},"id":849}
INFO:root:log atual
[(('pass', None), 0), [['pass', None], 0], [['pass', None], 0], [['cas', [1, [1, 2]]], 12], [['cas', [1, [1, 2]]], 12]]
prevlog index
2
 last log term
12

DEBUG:root:sending {"dest": "n2", "src": "n5", "body": {"msg_id": 109, "in_reply_to": 339, "type": "RequestVoteRes", "term": 33, "res": false}}
DEBUG:root:received {"dest":"n5","src":"n2","body":{"msg_id":340,"type":"RequestVote","term":47,"prevLogIndex":2,"lastLogTerm":12,"candidateId":"n2"},"id":852}
INFO:root:log atual
[(('pass', None), 0), [['pass', None], 0], [['pass', None], 0], [['cas', [1, [1, 2]]], 12], [['cas', [1, [1, 2]]], 12]]
prevlog index
2
 last log term
12

DEBUG:root:sending {"dest": "n2", "src": "n5", "body": {"msg_id": 110, "in_reply_to": 340, "type": "RequestVoteRes", "term": 33, "res": false}}
DEBUG:root:received {"dest":"n5","src":"n2","body":{"msg_id":351,"type":"RequestVote","term":49,"prevLogIndex":2,"lastLogTerm":12,"candidateId":"n2"},"id":870}
DEBUG:root:received {"dest":"n5","src":"n2","body":{"msg_id":346,"type":"RequestVote","term":48,"prevLogIndex":2,"lastLogTerm":12,"candidateId":"n2"},"id":871}
INFO:root:log atual
[(('pass', None), 0), [['pass', None], 0], [['pass', None], 0], [['cas', [1, [1, 2]]], 12], [['cas', [1, [1, 2]]], 12]]
prevlog index
2
 last log term
12

DEBUG:root:sending {"dest": "n2", "src": "n5", "body": {"msg_id": 111, "in_reply_to": 351, "type": "RequestVoteRes", "term": 33, "res": false}}
INFO:root:log atual
[(('pass', None), 0), [['pass', None], 0], [['pass', None], 0], [['cas', [1, [1, 2]]], 12], [['cas', [1, [1, 2]]], 12]]
prevlog index
2
 last log term
12

DEBUG:root:sending {"dest": "n2", "src": "n5", "body": {"msg_id": 112, "in_reply_to": 346, "type": "RequestVoteRes", "term": 33, "res": false}}
DEBUG:root:received {"dest":"n5","src":"n2","body":{"msg_id":362,"type":"RequestVote","term":51,"prevLogIndex":2,"lastLogTerm":12,"candidateId":"n2"},"id":886}
INFO:root:log atual
[(('pass', None), 0), [['pass', None], 0], [['pass', None], 0], [['cas', [1, [1, 2]]], 12], [['cas', [1, [1, 2]]], 12]]
prevlog index
2
 last log term
12

DEBUG:root:sending {"dest": "n2", "src": "n5", "body": {"msg_id": 113, "in_reply_to": 362, "type": "RequestVoteRes", "term": 33, "res": false}}
DEBUG:root:received {"dest":"n5","src":"n2","body":{"msg_id":364,"type":"RequestVote","term":51,"prevLogIndex":2,"lastLogTerm":12,"candidateId":"n2"},"id":893}
INFO:root:log atual
[(('pass', None), 0), [['pass', None], 0], [['pass', None], 0], [['cas', [1, [1, 2]]], 12], [['cas', [1, [1, 2]]], 12]]
prevlog index
2
 last log term
12

DEBUG:root:sending {"dest": "n2", "src": "n5", "body": {"msg_id": 114, "in_reply_to": 364, "type": "RequestVoteRes", "term": 33, "res": false}}
DEBUG:root:received {"dest":"n5","src":"n2","body":{"msg_id":369,"type":"RequestVote","term":52,"prevLogIndex":2,"lastLogTerm":12,"candidateId":"n2"},"id":899}
INFO:root:log atual
[(('pass', None), 0), [['pass', None], 0], [['pass', None], 0], [['cas', [1, [1, 2]]], 12], [['cas', [1, [1, 2]]], 12]]
prevlog index
2
 last log term
12

DEBUG:root:sending {"dest": "n2", "src": "n5", "body": {"msg_id": 115, "in_reply_to": 369, "type": "RequestVoteRes", "term": 33, "res": false}}
DEBUG:root:received {"dest":"n5","src":"n2","body":{"msg_id":374,"type":"RequestVote","term":53,"prevLogIndex":2,"lastLogTerm":12,"candidateId":"n2"},"id":907}
INFO:root:log atual
[(('pass', None), 0), [['pass', None], 0], [['pass', None], 0], [['cas', [1, [1, 2]]], 12], [['cas', [1, [1, 2]]], 12]]
prevlog index
2
 last log term
12

DEBUG:root:sending {"dest": "n2", "src": "n5", "body": {"msg_id": 116, "in_reply_to": 374, "type": "RequestVoteRes", "term": 33, "res": false}}
DEBUG:root:received {"dest":"n5","src":"n2","body":{"msg_id":380,"type":"RequestVote","term":54,"prevLogIndex":2,"lastLogTerm":12,"candidateId":"n2"},"id":916}
INFO:root:log atual
[(('pass', None), 0), [['pass', None], 0], [['pass', None], 0], [['cas', [1, [1, 2]]], 12], [['cas', [1, [1, 2]]], 12]]
prevlog index
2
 last log term
12

DEBUG:root:sending {"dest": "n2", "src": "n5", "body": {"msg_id": 117, "in_reply_to": 380, "type": "RequestVoteRes", "term": 33, "res": false}}
DEBUG:root:received {"dest":"n5","src":"n2","body":{"msg_id":393,"type":"RequestVote","term":56,"prevLogIndex":2,"lastLogTerm":12,"candidateId":"n2"},"id":932}
DEBUG:root:received {"dest":"n5","src":"n2","body":{"msg_id":394,"type":"RequestVote","term":56,"prevLogIndex":2,"lastLogTerm":12,"candidateId":"n2"},"id":934}
INFO:root:log atual
[(('pass', None), 0), [['pass', None], 0], [['pass', None], 0], [['cas', [1, [1, 2]]], 12], [['cas', [1, [1, 2]]], 12]]
prevlog index
2
 last log term
12

DEBUG:root:sending {"dest": "n2", "src": "n5", "body": {"msg_id": 118, "in_reply_to": 393, "type": "RequestVoteRes", "term": 33, "res": false}}
INFO:root:log atual
[(('pass', None), 0), [['pass', None], 0], [['pass', None], 0], [['cas', [1, [1, 2]]], 12], [['cas', [1, [1, 2]]], 12]]
prevlog index
2
 last log term
12

DEBUG:root:sending {"dest": "n2", "src": "n5", "body": {"msg_id": 119, "in_reply_to": 394, "type": "RequestVoteRes", "term": 33, "res": false}}
DEBUG:root:received {"dest":"n5","src":"n2","body":{"msg_id":400,"type":"RequestVote","term":58,"prevLogIndex":2,"lastLogTerm":12,"candidateId":"n2"},"id":947}
INFO:root:log atual
[(('pass', None), 0), [['pass', None], 0], [['pass', None], 0], [['cas', [1, [1, 2]]], 12], [['cas', [1, [1, 2]]], 12]]
prevlog index
2
 last log term
12

DEBUG:root:sending {"dest": "n2", "src": "n5", "body": {"msg_id": 120, "in_reply_to": 400, "type": "RequestVoteRes", "term": 33, "res": false}}
DEBUG:root:received {"dest":"n5","src":"n2","body":{"msg_id":406,"type":"RequestVote","term":58,"prevLogIndex":2,"lastLogTerm":12,"candidateId":"n2"},"id":955}
INFO:root:log atual
[(('pass', None), 0), [['pass', None], 0], [['pass', None], 0], [['cas', [1, [1, 2]]], 12], [['cas', [1, [1, 2]]], 12]]
prevlog index
2
 last log term
12

DEBUG:root:sending {"dest": "n2", "src": "n5", "body": {"msg_id": 121, "in_reply_to": 406, "type": "RequestVoteRes", "term": 33, "res": false}}
DEBUG:root:received {"dest":"n5","src":"n2","body":{"msg_id":412,"type":"RequestVote","term":59,"prevLogIndex":2,"lastLogTerm":12,"candidateId":"n2"},"id":963}
INFO:root:log atual
[(('pass', None), 0), [['pass', None], 0], [['pass', None], 0], [['cas', [1, [1, 2]]], 12], [['cas', [1, [1, 2]]], 12]]
prevlog index
2
 last log term
12

DEBUG:root:sending {"dest": "n2", "src": "n5", "body": {"msg_id": 122, "in_reply_to": 412, "type": "RequestVoteRes", "term": 33, "res": false}}
DEBUG:root:received {"dest":"n5","src":"n2","body":{"msg_id":418,"type":"RequestVote","term":60,"prevLogIndex":2,"lastLogTerm":12,"candidateId":"n2"},"id":973}
INFO:root:log atual
[(('pass', None), 0), [['pass', None], 0], [['pass', None], 0], [['cas', [1, [1, 2]]], 12], [['cas', [1, [1, 2]]], 12]]
prevlog index
2
 last log term
12

DEBUG:root:sending {"dest": "n2", "src": "n5", "body": {"msg_id": 123, "in_reply_to": 418, "type": "RequestVoteRes", "term": 33, "res": false}}
DEBUG:root:received {"dest":"n5","src":"n2","body":{"msg_id":428,"type":"RequestVote","term":62,"prevLogIndex":2,"lastLogTerm":12,"candidateId":"n2"},"id":984}
DEBUG:root:received {"dest":"n5","src":"n2","body":{"msg_id":429,"type":"RequestVote","term":62,"prevLogIndex":2,"lastLogTerm":12,"candidateId":"n2"},"id":986}
INFO:root:log atual
[(('pass', None), 0), [['pass', None], 0], [['pass', None], 0], [['cas', [1, [1, 2]]], 12], [['cas', [1, [1, 2]]], 12]]
prevlog index
2
 last log term
12

DEBUG:root:sending {"dest": "n2", "src": "n5", "body": {"msg_id": 124, "in_reply_to": 428, "type": "RequestVoteRes", "term": 33, "res": false}}
INFO:root:log atual
[(('pass', None), 0), [['pass', None], 0], [['pass', None], 0], [['cas', [1, [1, 2]]], 12], [['cas', [1, [1, 2]]], 12]]
prevlog index
2
 last log term
12

DEBUG:root:sending {"dest": "n2", "src": "n5", "body": {"msg_id": 125, "in_reply_to": 429, "type": "RequestVoteRes", "term": 33, "res": false}}
DEBUG:root:received {"dest":"n5","src":"n2","body":{"msg_id":436,"type":"RequestVote","term":63,"prevLogIndex":2,"lastLogTerm":12,"candidateId":"n2"},"id":999}
INFO:root:log atual
[(('pass', None), 0), [['pass', None], 0], [['pass', None], 0], [['cas', [1, [1, 2]]], 12], [['cas', [1, [1, 2]]], 12]]
prevlog index
2
 last log term
12

DEBUG:root:sending {"dest": "n2", "src": "n5", "body": {"msg_id": 126, "in_reply_to": 436, "type": "RequestVoteRes", "term": 33, "res": false}}
