DEBUG:root:received {"dest":"n1","body":{"type":"init","node_id":"n1","node_ids":["n1","n2","n3","n4","n5"],"msg_id":1},"src":"c3","id":3}
INFO:root:node n1 initialized
DEBUG:root:sending {"dest": "c3", "src": "n1", "body": {"msg_id": 1, "in_reply_to": 1, "type": "init_ok"}}
DEBUG:root:sending {"dest": "n2", "src": "n1", "body": {"msg_id": 2, "type": "AppendEntries", "term": 0, "prevIndex": 0, "prevTerm": 0, "entries": [[["pass", null], 0]], "commit": 0}}
DEBUG:root:sending {"dest": "n3", "src": "n1", "body": {"msg_id": 3, "type": "AppendEntries", "term": 0, "prevIndex": 0, "prevTerm": 0, "entries": [[["pass", null], 0]], "commit": 0}}
DEBUG:root:sending {"dest": "n4", "src": "n1", "body": {"msg_id": 4, "type": "AppendEntries", "term": 0, "prevIndex": 0, "prevTerm": 0, "entries": [[["pass", null], 0]], "commit": 0}}
DEBUG:root:sending {"dest": "n5", "src": "n1", "body": {"msg_id": 5, "type": "AppendEntries", "term": 0, "prevIndex": 0, "prevTerm": 0, "entries": [[["pass", null], 0]], "commit": 0}}
DEBUG:root:received {"dest":"n1","src":"n2","body":{"msg_id":2,"type":"RequestVote","term":1,"prevLogIndex":2,"lastLogTerm":0,"candidateId":"n2"},"id":12}
DEBUG:root:received {"dest":"n1","src":"n4","body":{"msg_id":2,"type":"RequestVote","term":1,"prevLogIndex":2,"lastLogTerm":0,"candidateId":"n4"},"id":11}
DEBUG:root:received {"dest":"n1","src":"n3","body":{"msg_id":2,"type":"RequestVote","term":1,"prevLogIndex":2,"lastLogTerm":0,"candidateId":"n3"},"id":10}
DEBUG:root:received {"dest":"n1","src":"n5","body":{"msg_id":2,"type":"RequestVote","term":1,"prevLogIndex":2,"lastLogTerm":0,"candidateId":"n5"},"id":15}
DEBUG:root:sending {"dest": "n4", "src": "n1", "body": {"msg_id": 6, "in_reply_to": 2, "type": "RequestVoteRes", "term": 1, "res": false}}
DEBUG:root:received {"dest":"n1","src":"n3","body":{"msg_id":7,"in_reply_to":3,"type":"AppendEntriesRes","res":false,"term":1},"id":35}
DEBUG:root:received {"dest":"n1","src":"n5","body":{"msg_id":7,"in_reply_to":5,"type":"AppendEntriesRes","res":false,"term":1},"id":36}
DEBUG:root:received {"dest":"n1","src":"n4","body":{"msg_id":7,"in_reply_to":4,"type":"AppendEntriesRes","res":false,"term":1},"id":37}
DEBUG:root:sending {"dest": "n3", "src": "n1", "body": {"msg_id": 7, "in_reply_to": 2, "type": "RequestVoteRes", "term": 1, "res": false}}
DEBUG:root:sending {"dest": "n5", "src": "n1", "body": {"msg_id": 8, "in_reply_to": 2, "type": "RequestVoteRes", "term": 1, "res": false}}
DEBUG:root:sending {"dest": "n3", "src": "n1", "body": {"msg_id": 9, "in_reply_to": 7, "type": "error", "code": 11, "text": "Not Leader"}}
DEBUG:root:sending {"dest": "n5", "src": "n1", "body": {"msg_id": 10, "in_reply_to": 7, "type": "error", "code": 11, "text": "Not Leader"}}
DEBUG:root:sending {"dest": "n4", "src": "n1", "body": {"msg_id": 11, "in_reply_to": 7, "type": "error", "code": 11, "text": "Not Leader"}}
DEBUG:root:received {"dest":"n1","src":"n2","body":{"msg_id":7,"in_reply_to":2,"type":"AppendEntriesRes","res":false,"term":1},"id":48}
DEBUG:root:sending {"dest": "n2", "src": "n1", "body": {"msg_id": 12, "in_reply_to": 7, "type": "error", "code": 11, "text": "Not Leader"}}
DEBUG:root:received {"dest":"n1","body":{"key":1,"value":0,"type":"write","msg_id":1},"src":"c10","id":61}
DEBUG:root:sending {"dest": "c10", "src": "n1", "body": {"msg_id": 13, "in_reply_to": 1, "type": "error", "code": 11, "text": "Not Leader"}}
DEBUG:root:received {"dest":"n1","body":{"key":0,"type":"read","msg_id":1},"src":"c24","id":78}
DEBUG:root:sending {"dest": "c24", "src": "n1", "body": {"msg_id": 14, "in_reply_to": 1, "type": "error", "code": 11, "text": "Not Leader"}}
DEBUG:root:received {"dest":"n1","body":{"key":0,"type":"read","msg_id":2},"src":"c24","id":87}
DEBUG:root:sending {"dest": "c24", "src": "n1", "body": {"msg_id": 15, "in_reply_to": 2, "type": "error", "code": 11, "text": "Not Leader"}}
