DEBUG:root:received {"dest":"n3","body":{"type":"init","node_id":"n3","node_ids":["n1","n2","n3","n4","n5"],"msg_id":1},"src":"c2","id":2}
INFO:root:node n3 initialized
DEBUG:root:sending {"dest": "c2", "src": "n3", "body": {"msg_id": 1, "in_reply_to": 1, "type": "init_ok"}}
INFO:root:node
n1
current time
1651670801753791519
node_time
1651670801753785924
dif
5595
True

INFO:root:leader alive, resuming timeout checker

DEBUG:root:received {"dest":"n3","src":"n2","body":{"msg_id":4,"type":"RequestVote","term":1,"prevLogIndex":0,"lastLogTerm":0,"candidateId":"n2"},"id":11}
DEBUG:root:received {"dest":"n3","src":"n2","body":{"msg_id":9,"type":"AppendEntries","term":1,"prevIndex":0,"prevTerm":0,"entries":[],"commit":0},"id":18}
INFO:root:log atual
[(('pass', None), 0)]
prevlog index
0
 last log term
0

DEBUG:root:sending {"dest": "n2", "src": "n3", "body": {"msg_id": 2, "in_reply_to": 4, "type": "RequestVoteRes", "term": 1, "res": true}}
INFO:root:election started and voted vor
n2
at time
1651670801764705427

DEBUG:root:sending {"dest": "n2", "src": "n3", "body": {"msg_id": 3, "in_reply_to": 9, "type": "AppendEntriesRes", "res": true, "term": 1, "next": 1, "commit": 0}}
DEBUG:root:received {"dest":"n3","src":"n1","body":{"msg_id":3,"type":"AppendEntries","term":0,"prevIndex":0,"prevTerm":0,"entries":[],"commit":0},"id":27}
DEBUG:root:sending {"dest": "n1", "src": "n3", "body": {"msg_id": 4, "in_reply_to": 3, "type": "AppendEntriesRes", "res": false, "term": 1}}
INFO:root:msg term
0
current term
1
log
[(('pass', None), 0)]
msg entries
[]

DEBUG:root:received {"dest":"n3","src":"n1","body":{"msg_id":8,"type":"AppendEntries","term":1,"prevIndex":-1,"prevTerm":0,"entries":[[["pass",null],0]],"commit":0},"id":36}
INFO:root:commiting command
[['pass', None], 0]

DEBUG:root:sending {"dest": "n1", "src": "n3", "body": {"msg_id": 5, "in_reply_to": 8, "type": "AppendEntriesRes", "res": true, "term": 1, "next": 2, "commit": 0}}
DEBUG:root:received {"dest":"n3","body":{"key":0,"from":4,"to":1,"type":"cas","msg_id":1},"src":"c10","id":44}
DEBUG:root:sending {"dest": "c10", "src": "n3", "body": {"msg_id": 6, "in_reply_to": 1, "type": "error", "code": 11, "text": "Not Leader"}}
DEBUG:root:received {"dest":"n3","body":{"key":0,"type":"read","msg_id":1},"src":"c11","id":45}
DEBUG:root:sending {"dest": "c11", "src": "n3", "body": {"msg_id": 7, "in_reply_to": 1, "type": "error", "code": 11, "text": "Not Leader"}}
DEBUG:root:received {"dest":"n3","src":"n5","body":{"msg_id":8,"type":"RequestVote","term":2,"prevLogIndex":1,"lastLogTerm":0,"candidateId":"n5"},"id":50}
INFO:root:log atual
[(('pass', None), 0), [['pass', None], 0]]
prevlog index
1
 last log term
0

DEBUG:root:sending {"dest": "n5", "src": "n3", "body": {"msg_id": 8, "in_reply_to": 8, "type": "RequestVoteRes", "term": 1, "res": false}}
DEBUG:root:received {"dest":"n3","src":"n5","body":{"msg_id":14,"type":"AppendEntries","term":2,"prevIndex":1,"prevTerm":0,"entries":[],"commit":0},"id":61}
DEBUG:root:received {"dest":"n3","src":"n4","body":{"msg_id":9,"type":"RequestVote","term":2,"prevLogIndex":1,"lastLogTerm":0,"candidateId":"n4"},"id":64}
INFO:root:vote ended, new leader is
n1

INFO:root:there is a new leader

INFO:root:node id:
n3
leader
n5
kvsotr
{}
cur term
1
log 
[(('pass', None), 0), [['pass', None], 0]]
commit indez e last applied
0
0
candidate, votes, voted for
False
None
None
timeout dict
{'n1': 1651670801790349482, 'n2': 1651670801766968200, 'n3': 1651670801753785924, 'n4': 1651670801753785924, 'n5': 1651670801865521278}

DEBUG:root:sending {"dest": "n5", "src": "n3", "body": {"msg_id": 9, "in_reply_to": 14, "type": "AppendEntriesRes", "res": true, "term": 2, "next": 2, "commit": 0}}
INFO:root:log atual
[(('pass', None), 0), [['pass', None], 0]]
prevlog index
1
 last log term
0

DEBUG:root:sending {"dest": "n4", "src": "n3", "body": {"msg_id": 10, "in_reply_to": 9, "type": "RequestVoteRes", "term": 2, "res": true}}
INFO:root:election started and voted vor
n4
at time
1651670801865993629

INFO:root:election timeout, starting new election

INFO:root:starting new elections, new term
3

INFO:root:Requesting new Vote

DEBUG:root:sending {"dest": "n1", "src": "n3", "body": {"msg_id": 11, "type": "RequestVote", "term": 3, "prevLogIndex": 1, "lastLogTerm": 0, "candidateId": "n3"}}
DEBUG:root:sending {"dest": "n2", "src": "n3", "body": {"msg_id": 12, "type": "RequestVote", "term": 3, "prevLogIndex": 1, "lastLogTerm": 0, "candidateId": "n3"}}
DEBUG:root:sending {"dest": "n3", "src": "n3", "body": {"msg_id": 13, "type": "RequestVote", "term": 3, "prevLogIndex": 1, "lastLogTerm": 0, "candidateId": "n3"}}
DEBUG:root:sending {"dest": "n4", "src": "n3", "body": {"msg_id": 14, "type": "RequestVote", "term": 3, "prevLogIndex": 1, "lastLogTerm": 0, "candidateId": "n3"}}
DEBUG:root:sending {"dest": "n5", "src": "n3", "body": {"msg_id": 15, "type": "RequestVote", "term": 3, "prevLogIndex": 1, "lastLogTerm": 0, "candidateId": "n3"}}
DEBUG:root:received {"dest":"n3","src":"n3","body":{"msg_id":13,"type":"RequestVote","term":3,"prevLogIndex":1,"lastLogTerm":0,"candidateId":"n3"},"id":77}
INFO:root:voting for myself
n3
at time
1651670801869581797
nr votes
1

DEBUG:root:sending {"dest": "n3", "src": "n3", "body": {"msg_id": 16, "in_reply_to": 13, "type": "RequestVoteRes", "term": 3, "res": true}}
DEBUG:root:received {"dest":"n3","src":"n3","body":{"msg_id":16,"in_reply_to":13,"type":"RequestVoteRes","term":3,"res":true},"id":81}
DEBUG:root:received {"dest":"n3","src":"n2","body":{"msg_id":17,"in_reply_to":12,"type":"RequestVoteRes","term":2,"res":false},"id":80}
DEBUG:root:received {"dest":"n3","src":"n1","body":{"msg_id":14,"in_reply_to":11,"type":"RequestVoteRes","term":1,"res":false},"id":82}
DEBUG:root:received {"dest":"n3","src":"n5","body":{"msg_id":17,"in_reply_to":15,"type":"RequestVoteRes","term":2,"res":false},"id":83}
INFO:root:Got a response to the vote Request #475

INFO:root:node id:
n3
leader
n5
kvsotr
{}
cur term
3
log 
[(('pass', None), 0), [['pass', None], 0]]
commit indez e last applied
0
0
candidate, votes, voted for
True
1
n3
timeout dict
{'n1': 1651670801790349482, 'n2': 1651670801766968200, 'n3': 1651670801870962461, 'n4': 1651670801865858650, 'n5': 1651670801865521278}

INFO:root:resposta
True
majority
3

INFO:root:antes  #487
1

INFO:root:depois  #489
2

INFO:root:Got a response to the vote Request #475

INFO:root:node id:
n3
leader
n5
kvsotr
{}
cur term
3
log 
[(('pass', None), 0), [['pass', None], 0]]
commit indez e last applied
0
0
candidate, votes, voted for
True
2
n3
timeout dict
{'n1': 1651670801790349482, 'n2': 1651670801871205145, 'n3': 1651670801870962461, 'n4': 1651670801865858650, 'n5': 1651670801865521278}

INFO:root:resposta
False
majority
3

INFO:root:Got a response to the vote Request #475

INFO:root:node id:
n3
leader
n5
kvsotr
{}
cur term
3
log 
[(('pass', None), 0), [['pass', None], 0]]
commit indez e last applied
0
0
candidate, votes, voted for
True
2
n3
timeout dict
{'n1': 1651670801871336608, 'n2': 1651670801871205145, 'n3': 1651670801870962461, 'n4': 1651670801865858650, 'n5': 1651670801865521278}

INFO:root:resposta
False
majority
3

INFO:root:Got a response to the vote Request #475

INFO:root:node id:
n3
leader
n5
kvsotr
{}
cur term
3
log 
[(('pass', None), 0), [['pass', None], 0]]
commit indez e last applied
0
0
candidate, votes, voted for
True
2
n3
timeout dict
{'n1': 1651670801871336608, 'n2': 1651670801871205145, 'n3': 1651670801870962461, 'n4': 1651670801865858650, 'n5': 1651670801871485086}

INFO:root:resposta
False
majority
3

DEBUG:root:received {"dest":"n3","src":"n4","body":{"msg_id":16,"type":"AppendEntries","term":2,"prevIndex":1,"prevTerm":0,"entries":[],"commit":0},"id":86}
DEBUG:root:sending {"dest": "n4", "src": "n3", "body": {"msg_id": 17, "in_reply_to": 16, "type": "AppendEntriesRes", "res": false, "term": 3}}
INFO:root:msg term
2
current term
3
log
[(('pass', None), 0), [['pass', None], 0]]
msg entries
[]

DEBUG:root:received {"dest":"n3","src":"n4","body":{"msg_id":18,"in_reply_to":14,"type":"RequestVoteRes","term":3,"res":true},"id":90}
INFO:root:Got a response to the vote Request #475

INFO:root:node id:
n3
leader
n5
kvsotr
{}
cur term
3
log 
[(('pass', None), 0), [['pass', None], 0]]
commit indez e last applied
0
0
candidate, votes, voted for
True
2
n3
timeout dict
{'n1': 1651670801871336608, 'n2': 1651670801871205145, 'n3': 1651670801870962461, 'n4': 1651670801873645823, 'n5': 1651670801871485086}

INFO:root:resposta
True
majority
3

INFO:root:antes  #487
2

INFO:root:depois  #489
3

INFO:root:became leader
log
[(('pass', None), 0), [['pass', None], 0]]
match index
{'n1': 0, 'n2': 0, 'n3': 0, 'n4': 0, 'n5': 0}

INFO:root:vote ended, new leader is
n3

INFO:root:sending HB

INFO:root:HBdest
n1
nextIndex
{'n1': 2, 'n2': 2, 'n3': 2, 'n4': 2, 'n5': 2}
log
[(('pass', None), 0), [['pass', None], 0]]

DEBUG:root:sending {"dest": "n1", "src": "n3", "body": {"msg_id": 18, "type": "AppendEntries", "term": 3, "prevIndex": 1, "prevTerm": 0, "entries": [], "commit": 0}}
INFO:root:HBdest
n2
nextIndex
{'n1': 2, 'n2': 2, 'n3': 2, 'n4': 2, 'n5': 2}
log
[(('pass', None), 0), [['pass', None], 0]]

DEBUG:root:sending {"dest": "n2", "src": "n3", "body": {"msg_id": 19, "type": "AppendEntries", "term": 3, "prevIndex": 1, "prevTerm": 0, "entries": [], "commit": 0}}
INFO:root:HBdest
n4
nextIndex
{'n1': 2, 'n2': 2, 'n3': 2, 'n4': 2, 'n5': 2}
log
[(('pass', None), 0), [['pass', None], 0]]

DEBUG:root:sending {"dest": "n4", "src": "n3", "body": {"msg_id": 20, "type": "AppendEntries", "term": 3, "prevIndex": 1, "prevTerm": 0, "entries": [], "commit": 0}}
INFO:root:HBdest
n5
nextIndex
{'n1': 2, 'n2': 2, 'n3': 2, 'n4': 2, 'n5': 2}
log
[(('pass', None), 0), [['pass', None], 0]]

DEBUG:root:sending {"dest": "n5", "src": "n3", "body": {"msg_id": 21, "type": "AppendEntries", "term": 3, "prevIndex": 1, "prevTerm": 0, "entries": [], "commit": 0}}
DEBUG:root:received {"dest":"n3","src":"n4","body":{"msg_id":19,"type":"AppendEntries","term":3,"prevIndex":0,"prevTerm":0,"entries":[[["pass",null],0]],"commit":0},"id":93}
INFO:root:commiting command
[['pass', None], 0]

DEBUG:root:sending {"dest": "n4", "src": "n3", "body": {"msg_id": 22, "in_reply_to": 19, "type": "AppendEntriesRes", "res": true, "term": 3, "next": 3, "commit": 0}}
DEBUG:root:received {"dest":"n3","src":"n2","body":{"msg_id":19,"in_reply_to":19,"type":"AppendEntriesRes","res":true,"term":3,"next":2,"commit":0},"id":97}
DEBUG:root:received {"dest":"n3","src":"n5","body":{"msg_id":19,"in_reply_to":21,"type":"AppendEntriesRes","res":true,"term":3,"next":2,"commit":0},"id":99}
DEBUG:root:received {"dest":"n3","src":"n4","body":{"msg_id":20,"in_reply_to":20,"type":"AppendEntriesRes","res":true,"term":3,"next":2,"commit":0},"id":100}
DEBUG:root:received {"dest":"n3","src":"n1","body":{"msg_id":17,"type":"RequestVote","term":2,"prevLogIndex":0,"lastLogTerm":0,"candidateId":"n1"},"id":103}
DEBUG:root:sending {"dest": "n1", "src": "n3", "body": {"msg_id": 23, "in_reply_to": 17, "type": "RequestVoteRes", "term": 3, "res": false}}
INFO:root:Bad election request, term is not up to date
None
at time
1651670801889199877

INFO:root:election ended

DEBUG:root:received {"dest":"n3","src":"n4","body":{"msg_id":24,"type":"RequestVote","term":4,"prevLogIndex":1,"lastLogTerm":0,"candidateId":"n4"},"id":113}
INFO:root:log atual
[(('pass', None), 0), [['pass', None], 0], [['pass', None], 0]]
prevlog index
1
 last log term
0

DEBUG:root:sending {"dest": "n4", "src": "n3", "body": {"msg_id": 24, "in_reply_to": 24, "type": "RequestVoteRes", "term": 3, "res": false}}
DEBUG:root:received {"dest":"n3","src":"n4","body":{"msg_id":30,"type":"AppendEntries","term":4,"prevIndex":1,"prevTerm":0,"entries":[],"commit":0},"id":123}
INFO:root:vote ended, new leader is
n3

INFO:root:there is a new leader

INFO:root:node id:
n3
leader
n4
kvsotr
{}
cur term
3
log 
[(('pass', None), 0), [['pass', None], 0], [['pass', None], 0]]
commit indez e last applied
0
0
candidate, votes, voted for
False
None
None
timeout dict
{'n1': 1651670801889070585, 'n2': 1651670801876744821, 'n3': 1651670801870962461, 'n4': 1651670801978701961, 'n5': 1651670801877156229}

DEBUG:root:sending {"dest": "n4", "src": "n3", "body": {"msg_id": 25, "in_reply_to": 30, "type": "AppendEntriesRes", "res": true, "term": 4, "next": 3, "commit": 0}}
DEBUG:root:received {"dest":"n3","src":"n2","body":{"msg_id":25,"type":"RequestVote","term":5,"prevLogIndex":1,"lastLogTerm":0,"candidateId":"n2"},"id":130}
INFO:root:log atual
[(('pass', None), 0), [['pass', None], 0], [['pass', None], 0]]
prevlog index
1
 last log term
0

DEBUG:root:sending {"dest": "n2", "src": "n3", "body": {"msg_id": 26, "in_reply_to": 25, "type": "RequestVoteRes", "term": 4, "res": false}}
DEBUG:root:received {"dest":"n3","src":"n2","body":{"msg_id":30,"type":"AppendEntries","term":5,"prevIndex":1,"prevTerm":0,"entries":[],"commit":0},"id":139}
INFO:root:vote ended, new leader is
n4

INFO:root:there is a new leader

INFO:root:node id:
n3
leader
n2
kvsotr
{}
cur term
4
log 
[(('pass', None), 0), [['pass', None], 0], [['pass', None], 0]]
commit indez e last applied
0
0
candidate, votes, voted for
False
None
None
timeout dict
{'n1': 1651670801889070585, 'n2': 1651670802016407558, 'n3': 1651670801870962461, 'n4': 1651670801978701961, 'n5': 1651670801877156229}

DEBUG:root:sending {"dest": "n2", "src": "n3", "body": {"msg_id": 27, "in_reply_to": 30, "type": "AppendEntriesRes", "res": true, "term": 5, "next": 3, "commit": 0}}
INFO:root:node
n2
current time
1651670802067133172
node_time
1651670801870962461
dif
196170711
False

INFO:root:leader alive, resuming timeout checker

DEBUG:root:received {"dest":"n3","src":"n4","body":{"msg_id":36,"type":"RequestVote","term":6,"prevLogIndex":1,"lastLogTerm":0,"candidateId":"n4"},"id":149}
INFO:root:log atual
[(('pass', None), 0), [['pass', None], 0], [['pass', None], 0]]
prevlog index
1
 last log term
0

DEBUG:root:sending {"dest": "n4", "src": "n3", "body": {"msg_id": 28, "in_reply_to": 36, "type": "RequestVoteRes", "term": 5, "res": false}}
DEBUG:root:received {"dest":"n3","src":"n4","body":{"msg_id":42,"type":"AppendEntries","term":6,"prevIndex":1,"prevTerm":0,"entries":[],"commit":0},"id":159}
INFO:root:vote ended, new leader is
n2

INFO:root:there is a new leader

INFO:root:node id:
n3
leader
n4
kvsotr
{}
cur term
5
log 
[(('pass', None), 0), [['pass', None], 0], [['pass', None], 0]]
commit indez e last applied
0
0
candidate, votes, voted for
False
None
None
timeout dict
{'n1': 1651670801889070585, 'n2': 1651670802016407558, 'n3': 1651670801870962461, 'n4': 1651670802108300662, 'n5': 1651670801877156229}

DEBUG:root:sending {"dest": "n4", "src": "n3", "body": {"msg_id": 29, "in_reply_to": 42, "type": "AppendEntriesRes", "res": true, "term": 6, "next": 3, "commit": 0}}
DEBUG:root:received {"dest":"n3","src":"n2","body":{"msg_id":37,"type":"RequestVote","term":7,"prevLogIndex":1,"lastLogTerm":0,"candidateId":"n2"},"id":166}
INFO:root:log atual
[(('pass', None), 0), [['pass', None], 0], [['pass', None], 0]]
prevlog index
1
 last log term
0

DEBUG:root:sending {"dest": "n2", "src": "n3", "body": {"msg_id": 30, "in_reply_to": 37, "type": "RequestVoteRes", "term": 6, "res": false}}
DEBUG:root:received {"dest":"n3","src":"n5","body":{"msg_id":30,"type":"RequestVote","term":7,"prevLogIndex":1,"lastLogTerm":0,"candidateId":"n5"},"id":174}
INFO:root:log atual
[(('pass', None), 0), [['pass', None], 0], [['pass', None], 0]]
prevlog index
1
 last log term
0

DEBUG:root:sending {"dest": "n5", "src": "n3", "body": {"msg_id": 31, "in_reply_to": 30, "type": "RequestVoteRes", "term": 6, "res": false}}
DEBUG:root:received {"dest":"n3","src":"n2","body":{"msg_id":43,"type":"AppendEntries","term":7,"prevIndex":1,"prevTerm":0,"entries":[],"commit":0},"id":185}
INFO:root:vote ended, new leader is
n4

INFO:root:there is a new leader

INFO:root:node id:
n3
leader
n2
kvsotr
{}
cur term
6
log 
[(('pass', None), 0), [['pass', None], 0], [['pass', None], 0]]
commit indez e last applied
0
0
candidate, votes, voted for
False
None
None
timeout dict
{'n1': 1651670801889070585, 'n2': 1651670802203093805, 'n3': 1651670801870962461, 'n4': 1651670802108300662, 'n5': 1651670802201079112}

DEBUG:root:sending {"dest": "n2", "src": "n3", "body": {"msg_id": 32, "in_reply_to": 43, "type": "AppendEntriesRes", "res": true, "term": 7, "next": 3, "commit": 0}}
DEBUG:root:received {"dest":"n3","src":"n5","body":{"msg_id":38,"type":"RequestVote","term":8,"prevLogIndex":1,"lastLogTerm":0,"candidateId":"n5"},"id":193}
INFO:root:log atual
[(('pass', None), 0), [['pass', None], 0], [['pass', None], 0]]
prevlog index
1
 last log term
0

DEBUG:root:sending {"dest": "n5", "src": "n3", "body": {"msg_id": 33, "in_reply_to": 38, "type": "RequestVoteRes", "term": 7, "res": false}}
DEBUG:root:received {"dest":"n3","src":"n5","body":{"msg_id":44,"type":"AppendEntries","term":8,"prevIndex":1,"prevTerm":0,"entries":[],"commit":0},"id":203}
INFO:root:vote ended, new leader is
n2

INFO:root:there is a new leader

INFO:root:node id:
n3
leader
n5
kvsotr
{}
cur term
7
log 
[(('pass', None), 0), [['pass', None], 0], [['pass', None], 0]]
commit indez e last applied
0
0
candidate, votes, voted for
False
None
None
timeout dict
{'n1': 1651670801889070585, 'n2': 1651670802203093805, 'n3': 1651670801870962461, 'n4': 1651670802108300662, 'n5': 1651670802248267575}

DEBUG:root:sending {"dest": "n5", "src": "n3", "body": {"msg_id": 34, "in_reply_to": 44, "type": "AppendEntriesRes", "res": true, "term": 8, "next": 3, "commit": 0}}
INFO:root:election ended

DEBUG:root:received {"dest":"n3","src":"n1","body":{"msg_id":29,"type":"RequestVote","term":3,"prevLogIndex":0,"lastLogTerm":0,"candidateId":"n1"},"id":210}
DEBUG:root:sending {"dest": "n1", "src": "n3", "body": {"msg_id": 35, "in_reply_to": 29, "type": "RequestVoteRes", "term": 8, "res": false}}
INFO:root:Bad election request, term is not up to date
None
at time
1651670802326131260

DEBUG:root:received {"dest":"n3","src":"n2","body":{"msg_id":51,"type":"RequestVote","term":9,"prevLogIndex":1,"lastLogTerm":0,"candidateId":"n2"},"id":220}
INFO:root:log atual
[(('pass', None), 0), [['pass', None], 0], [['pass', None], 0]]
prevlog index
1
 last log term
0

DEBUG:root:sending {"dest": "n2", "src": "n3", "body": {"msg_id": 36, "in_reply_to": 51, "type": "RequestVoteRes", "term": 8, "res": false}}
DEBUG:root:received {"dest":"n3","src":"n2","body":{"msg_id":56,"type":"AppendEntries","term":9,"prevIndex":1,"prevTerm":0,"entries":[],"commit":0},"id":229}
INFO:root:vote ended, new leader is
n5

INFO:root:there is a new leader

INFO:root:node id:
n3
leader
n2
kvsotr
{}
cur term
8
log 
[(('pass', None), 0), [['pass', None], 0], [['pass', None], 0]]
commit indez e last applied
0
0
candidate, votes, voted for
False
None
None
timeout dict
{'n1': 1651670802325796354, 'n2': 1651670802356675207, 'n3': 1651670801870962461, 'n4': 1651670802108300662, 'n5': 1651670802248267575}

DEBUG:root:sending {"dest": "n2", "src": "n3", "body": {"msg_id": 37, "in_reply_to": 56, "type": "AppendEntriesRes", "res": true, "term": 9, "next": 3, "commit": 0}}
INFO:root:node
n2
current time
1651670802358584418
node_time
1651670801870962461
dif
487621957
False

INFO:root:leader alive, resuming timeout checker

DEBUG:root:received {"dest":"n3","src":"n4","body":{"msg_id":54,"type":"RequestVote","term":10,"prevLogIndex":1,"lastLogTerm":0,"candidateId":"n4"},"id":240}
DEBUG:root:received {"dest":"n3","src":"n5","body":{"msg_id":51,"type":"RequestVote","term":10,"prevLogIndex":1,"lastLogTerm":0,"candidateId":"n5"},"id":246}
INFO:root:log atual
[(('pass', None), 0), [['pass', None], 0], [['pass', None], 0]]
prevlog index
1
 last log term
0

DEBUG:root:sending {"dest": "n4", "src": "n3", "body": {"msg_id": 38, "in_reply_to": 54, "type": "RequestVoteRes", "term": 9, "res": false}}
INFO:root:log atual
[(('pass', None), 0), [['pass', None], 0], [['pass', None], 0]]
prevlog index
1
 last log term
0

DEBUG:root:sending {"dest": "n5", "src": "n3", "body": {"msg_id": 39, "in_reply_to": 51, "type": "RequestVoteRes", "term": 9, "res": false}}
DEBUG:root:received {"dest":"n3","src":"n4","body":{"msg_id":60,"type":"AppendEntries","term":10,"prevIndex":1,"prevTerm":0,"entries":[],"commit":0},"id":257}
INFO:root:vote ended, new leader is
n2

INFO:root:there is a new leader

INFO:root:node id:
n3
leader
n4
kvsotr
{}
cur term
9
log 
[(('pass', None), 0), [['pass', None], 0], [['pass', None], 0]]
commit indez e last applied
0
0
candidate, votes, voted for
False
None
None
timeout dict
{'n1': 1651670802325796354, 'n2': 1651670802356675207, 'n3': 1651670801870962461, 'n4': 1651670802456290349, 'n5': 1651670802453849781}

DEBUG:root:sending {"dest": "n4", "src": "n3", "body": {"msg_id": 40, "in_reply_to": 60, "type": "AppendEntriesRes", "res": true, "term": 10, "next": 3, "commit": 0}}
DEBUG:root:received {"dest":"n3","src":"n5","body":{"msg_id":59,"type":"AppendEntries","term":10,"prevIndex":1,"prevTerm":0,"entries":[],"commit":0},"id":267}
DEBUG:root:sending {"dest": "n5", "src": "n3", "body": {"msg_id": 41, "in_reply_to": 59, "type": "AppendEntriesRes", "res": true, "term": 10, "next": 3, "commit": 0}}
DEBUG:root:received {"dest":"n3","src":"n4","body":{"msg_id":68,"type":"RequestVote","term":11,"prevLogIndex":1,"lastLogTerm":0,"candidateId":"n4"},"id":278}
INFO:root:log atual
[(('pass', None), 0), [['pass', None], 0], [['pass', None], 0]]
prevlog index
1
 last log term
0

DEBUG:root:sending {"dest": "n4", "src": "n3", "body": {"msg_id": 42, "in_reply_to": 68, "type": "RequestVoteRes", "term": 10, "res": false}}
DEBUG:root:received {"dest":"n3","src":"n4","body":{"msg_id":74,"type":"AppendEntries","term":11,"prevIndex":1,"prevTerm":0,"entries":[],"commit":0},"id":288}
INFO:root:vote ended, new leader is
n4

INFO:root:there is a new leader

INFO:root:node id:
n3
leader
n4
kvsotr
{}
cur term
10
log 
[(('pass', None), 0), [['pass', None], 0], [['pass', None], 0]]
commit indez e last applied
0
0
candidate, votes, voted for
False
None
None
timeout dict
{'n1': 1651670802325796354, 'n2': 1651670802356675207, 'n3': 1651670801870962461, 'n4': 1651670802532009894, 'n5': 1651670802459144531}

DEBUG:root:sending {"dest": "n4", "src": "n3", "body": {"msg_id": 43, "in_reply_to": 74, "type": "AppendEntriesRes", "res": true, "term": 11, "next": 3, "commit": 0}}
DEBUG:root:received {"dest":"n3","src":"n5","body":{"msg_id":65,"type":"RequestVote","term":12,"prevLogIndex":1,"lastLogTerm":0,"candidateId":"n5"},"id":295}
INFO:root:log atual
[(('pass', None), 0), [['pass', None], 0], [['pass', None], 0]]
prevlog index
1
 last log term
0

DEBUG:root:sending {"dest": "n5", "src": "n3", "body": {"msg_id": 44, "in_reply_to": 65, "type": "RequestVoteRes", "term": 11, "res": false}}
DEBUG:root:received {"dest":"n3","src":"n2","body":{"msg_id":72,"type":"RequestVote","term":12,"prevLogIndex":1,"lastLogTerm":0,"candidateId":"n2"},"id":305}
INFO:root:log atual
[(('pass', None), 0), [['pass', None], 0], [['pass', None], 0]]
prevlog index
1
 last log term
0

DEBUG:root:sending {"dest": "n2", "src": "n3", "body": {"msg_id": 45, "in_reply_to": 72, "type": "RequestVoteRes", "term": 11, "res": false}}
DEBUG:root:received {"dest":"n3","src":"n4","body":{"msg_id":79,"type":"RequestVote","term":13,"prevLogIndex":1,"lastLogTerm":0,"candidateId":"n4"},"id":312}
DEBUG:root:received {"dest":"n3","src":"n1","body":{"msg_id":40,"type":"RequestVote","term":4,"prevLogIndex":0,"lastLogTerm":0,"candidateId":"n1"},"id":313}
INFO:root:log atual
[(('pass', None), 0), [['pass', None], 0], [['pass', None], 0]]
prevlog index
1
 last log term
0

DEBUG:root:sending {"dest": "n4", "src": "n3", "body": {"msg_id": 46, "in_reply_to": 79, "type": "RequestVoteRes", "term": 11, "res": false}}
DEBUG:root:sending {"dest": "n1", "src": "n3", "body": {"msg_id": 47, "in_reply_to": 40, "type": "RequestVoteRes", "term": 11, "res": false}}
INFO:root:Bad election request, term is not up to date
None
at time
1651670802558632147

DEBUG:root:received {"dest":"n3","src":"n5","body":{"msg_id":71,"type":"AppendEntries","term":12,"prevIndex":1,"prevTerm":0,"entries":[],"commit":0},"id":330}
INFO:root:vote ended, new leader is
n4

INFO:root:there is a new leader

INFO:root:node id:
n3
leader
n5
kvsotr
{}
cur term
11
log 
[(('pass', None), 0), [['pass', None], 0], [['pass', None], 0]]
commit indez e last applied
0
0
candidate, votes, voted for
False
None
None
timeout dict
{'n1': 1651670802558546372, 'n2': 1651670802557166292, 'n3': 1651670801870962461, 'n4': 1651670802558322351, 'n5': 1651670802560831248}

DEBUG:root:sending {"dest": "n5", "src": "n3", "body": {"msg_id": 48, "in_reply_to": 71, "type": "AppendEntriesRes", "res": true, "term": 12, "next": 3, "commit": 0}}
DEBUG:root:received {"dest":"n3","src":"n2","body":{"msg_id":80,"type":"AppendEntries","term":12,"prevIndex":1,"prevTerm":0,"entries":[],"commit":0},"id":337}
DEBUG:root:sending {"dest": "n2", "src": "n3", "body": {"msg_id": 49, "in_reply_to": 80, "type": "AppendEntriesRes", "res": true, "term": 12, "next": 3, "commit": 0}}
DEBUG:root:received {"dest":"n3","body":{"key":1,"from":1,"to":2,"type":"cas","msg_id":1},"src":"c14","id":359}
DEBUG:root:sending {"dest": "c14", "src": "n3", "body": {"msg_id": 50, "in_reply_to": 1, "type": "error", "code": 11, "text": "Not Leader"}}
DEBUG:root:received {"dest":"n3","src":"n4","body":{"msg_id":95,"type":"RequestVote","term":14,"prevLogIndex":1,"lastLogTerm":0,"candidateId":"n4"},"id":363}
INFO:root:log atual
[(('pass', None), 0), [['pass', None], 0], [['pass', None], 0]]
prevlog index
1
 last log term
0

DEBUG:root:sending {"dest": "n4", "src": "n3", "body": {"msg_id": 51, "in_reply_to": 95, "type": "RequestVoteRes", "term": 12, "res": false}}
DEBUG:root:received {"dest":"n3","src":"n1","body":{"msg_id":49,"type":"RequestVote","term":13,"prevLogIndex":0,"lastLogTerm":0,"candidateId":"n1"},"id":371}
INFO:root:log atual
[(('pass', None), 0), [['pass', None], 0], [['pass', None], 0]]
prevlog index
0
 last log term
0

DEBUG:root:sending {"dest": "n1", "src": "n3", "body": {"msg_id": 52, "in_reply_to": 49, "type": "RequestVoteRes", "term": 12, "res": false}}
DEBUG:root:received {"dest":"n3","src":"n4","body":{"msg_id":105,"type":"RequestVote","term":15,"prevLogIndex":1,"lastLogTerm":0,"candidateId":"n4"},"id":384}
INFO:root:log atual
[(('pass', None), 0), [['pass', None], 0], [['pass', None], 0]]
prevlog index
1
 last log term
0

DEBUG:root:sending {"dest": "n4", "src": "n3", "body": {"msg_id": 53, "in_reply_to": 105, "type": "RequestVoteRes", "term": 12, "res": false}}
DEBUG:root:received {"dest":"n3","src":"n4","body":{"msg_id":111,"type":"RequestVote","term":16,"prevLogIndex":1,"lastLogTerm":0,"candidateId":"n4"},"id":391}
INFO:root:log atual
[(('pass', None), 0), [['pass', None], 0], [['pass', None], 0]]
prevlog index
1
 last log term
0

DEBUG:root:sending {"dest": "n4", "src": "n3", "body": {"msg_id": 54, "in_reply_to": 111, "type": "RequestVoteRes", "term": 12, "res": false}}
DEBUG:root:received {"dest":"n3","src":"n4","body":{"msg_id":119,"type":"RequestVote","term":17,"prevLogIndex":1,"lastLogTerm":0,"candidateId":"n4"},"id":401}
INFO:root:log atual
[(('pass', None), 0), [['pass', None], 0], [['pass', None], 0]]
prevlog index
1
 last log term
0

DEBUG:root:sending {"dest": "n4", "src": "n3", "body": {"msg_id": 55, "in_reply_to": 119, "type": "RequestVoteRes", "term": 12, "res": false}}
DEBUG:root:received {"dest":"n3","src":"n1","body":{"msg_id":58,"type":"RequestVote","term":14,"prevLogIndex":0,"lastLogTerm":0,"candidateId":"n1"},"id":409}
INFO:root:log atual
[(('pass', None), 0), [['pass', None], 0], [['pass', None], 0]]
prevlog index
0
 last log term
0

DEBUG:root:sending {"dest": "n1", "src": "n3", "body": {"msg_id": 56, "in_reply_to": 58, "type": "RequestVoteRes", "term": 12, "res": false}}
DEBUG:root:received {"dest":"n3","src":"n1","body":{"msg_id":64,"type":"RequestVote","term":15,"prevLogIndex":0,"lastLogTerm":0,"candidateId":"n1"},"id":417}
INFO:root:log atual
[(('pass', None), 0), [['pass', None], 0], [['pass', None], 0]]
prevlog index
0
 last log term
0

DEBUG:root:sending {"dest": "n1", "src": "n3", "body": {"msg_id": 57, "in_reply_to": 64, "type": "RequestVoteRes", "term": 12, "res": false}}
DEBUG:root:received {"dest":"n3","src":"n4","body":{"msg_id":127,"type":"RequestVote","term":18,"prevLogIndex":1,"lastLogTerm":0,"candidateId":"n4"},"id":426}
INFO:root:log atual
[(('pass', None), 0), [['pass', None], 0], [['pass', None], 0]]
prevlog index
1
 last log term
0

DEBUG:root:sending {"dest": "n4", "src": "n3", "body": {"msg_id": 58, "in_reply_to": 127, "type": "RequestVoteRes", "term": 12, "res": false}}
DEBUG:root:received {"dest":"n3","src":"n4","body":{"msg_id":133,"type":"RequestVote","term":19,"prevLogIndex":1,"lastLogTerm":0,"candidateId":"n4"},"id":434}
INFO:root:log atual
[(('pass', None), 0), [['pass', None], 0], [['pass', None], 0]]
prevlog index
1
 last log term
0

DEBUG:root:sending {"dest": "n4", "src": "n3", "body": {"msg_id": 59, "in_reply_to": 133, "type": "RequestVoteRes", "term": 12, "res": false}}
DEBUG:root:received {"dest":"n3","src":"n4","body":{"msg_id":139,"type":"RequestVote","term":20,"prevLogIndex":1,"lastLogTerm":0,"candidateId":"n4"},"id":442}
INFO:root:log atual
[(('pass', None), 0), [['pass', None], 0], [['pass', None], 0]]
prevlog index
1
 last log term
0

DEBUG:root:sending {"dest": "n4", "src": "n3", "body": {"msg_id": 60, "in_reply_to": 139, "type": "RequestVoteRes", "term": 12, "res": false}}
DEBUG:root:received {"dest":"n3","src":"n4","body":{"msg_id":146,"type":"RequestVote","term":21,"prevLogIndex":1,"lastLogTerm":0,"candidateId":"n4"},"id":452}
INFO:root:log atual
[(('pass', None), 0), [['pass', None], 0], [['pass', None], 0]]
prevlog index
1
 last log term
0

DEBUG:root:sending {"dest": "n4", "src": "n3", "body": {"msg_id": 61, "in_reply_to": 146, "type": "RequestVoteRes", "term": 12, "res": false}}
DEBUG:root:received {"dest":"n3","src":"n1","body":{"msg_id":74,"type":"RequestVote","term":16,"prevLogIndex":1,"lastLogTerm":15,"candidateId":"n1"},"id":460}
INFO:root:log atual
[(('pass', None), 0), [['pass', None], 0], [['pass', None], 0]]
prevlog index
1
 last log term
15

DEBUG:root:sending {"dest": "n1", "src": "n3", "body": {"msg_id": 62, "in_reply_to": 74, "type": "RequestVoteRes", "term": 12, "res": false}}
DEBUG:root:received {"dest":"n3","src":"n1","body":{"msg_id":80,"type":"RequestVote","term":17,"prevLogIndex":1,"lastLogTerm":15,"candidateId":"n1"},"id":470}
INFO:root:log atual
[(('pass', None), 0), [['pass', None], 0], [['pass', None], 0]]
prevlog index
1
 last log term
15

DEBUG:root:sending {"dest": "n1", "src": "n3", "body": {"msg_id": 63, "in_reply_to": 80, "type": "RequestVoteRes", "term": 12, "res": false}}
DEBUG:root:received {"dest":"n3","src":"n4","body":{"msg_id":155,"type":"RequestVote","term":22,"prevLogIndex":1,"lastLogTerm":0,"candidateId":"n4"},"id":478}
INFO:root:log atual
[(('pass', None), 0), [['pass', None], 0], [['pass', None], 0]]
prevlog index
1
 last log term
0

DEBUG:root:sending {"dest": "n4", "src": "n3", "body": {"msg_id": 64, "in_reply_to": 155, "type": "RequestVoteRes", "term": 12, "res": false}}
DEBUG:root:received {"dest":"n3","src":"n4","body":{"msg_id":161,"type":"RequestVote","term":23,"prevLogIndex":1,"lastLogTerm":0,"candidateId":"n4"},"id":487}
INFO:root:log atual
[(('pass', None), 0), [['pass', None], 0], [['pass', None], 0]]
prevlog index
1
 last log term
0

DEBUG:root:sending {"dest": "n4", "src": "n3", "body": {"msg_id": 65, "in_reply_to": 161, "type": "RequestVoteRes", "term": 12, "res": false}}
DEBUG:root:received {"dest":"n3","src":"n4","body":{"msg_id":167,"type":"RequestVote","term":24,"prevLogIndex":1,"lastLogTerm":0,"candidateId":"n4"},"id":495}
INFO:root:log atual
[(('pass', None), 0), [['pass', None], 0], [['pass', None], 0]]
prevlog index
1
 last log term
0

DEBUG:root:sending {"dest": "n4", "src": "n3", "body": {"msg_id": 66, "in_reply_to": 167, "type": "RequestVoteRes", "term": 12, "res": false}}
DEBUG:root:received {"dest":"n3","src":"n1","body":{"msg_id":89,"type":"RequestVote","term":18,"prevLogIndex":1,"lastLogTerm":15,"candidateId":"n1"},"id":503}
INFO:root:log atual
[(('pass', None), 0), [['pass', None], 0], [['pass', None], 0]]
prevlog index
1
 last log term
15

DEBUG:root:sending {"dest": "n1", "src": "n3", "body": {"msg_id": 67, "in_reply_to": 89, "type": "RequestVoteRes", "term": 12, "res": false}}
DEBUG:root:received {"dest":"n3","src":"n4","body":{"msg_id":174,"type":"RequestVote","term":25,"prevLogIndex":1,"lastLogTerm":0,"candidateId":"n4"},"id":511}
INFO:root:log atual
[(('pass', None), 0), [['pass', None], 0], [['pass', None], 0]]
prevlog index
1
 last log term
0

DEBUG:root:sending {"dest": "n4", "src": "n3", "body": {"msg_id": 68, "in_reply_to": 174, "type": "RequestVoteRes", "term": 12, "res": false}}
DEBUG:root:received {"dest":"n3","src":"n4","body":{"msg_id":180,"type":"RequestVote","term":26,"prevLogIndex":1,"lastLogTerm":0,"candidateId":"n4"},"id":521}
INFO:root:log atual
[(('pass', None), 0), [['pass', None], 0], [['pass', None], 0]]
prevlog index
1
 last log term
0

DEBUG:root:sending {"dest": "n4", "src": "n3", "body": {"msg_id": 69, "in_reply_to": 180, "type": "RequestVoteRes", "term": 12, "res": false}}
DEBUG:root:received {"dest":"n3","src":"n4","body":{"msg_id":186,"type":"RequestVote","term":27,"prevLogIndex":1,"lastLogTerm":0,"candidateId":"n4"},"id":529}
INFO:root:log atual
[(('pass', None), 0), [['pass', None], 0], [['pass', None], 0]]
prevlog index
1
 last log term
0

DEBUG:root:sending {"dest": "n4", "src": "n3", "body": {"msg_id": 70, "in_reply_to": 186, "type": "RequestVoteRes", "term": 12, "res": false}}
DEBUG:root:received {"dest":"n3","src":"n1","body":{"msg_id":98,"type":"RequestVote","term":19,"prevLogIndex":1,"lastLogTerm":15,"candidateId":"n1"},"id":537}
INFO:root:log atual
[(('pass', None), 0), [['pass', None], 0], [['pass', None], 0]]
prevlog index
1
 last log term
15

DEBUG:root:sending {"dest": "n1", "src": "n3", "body": {"msg_id": 71, "in_reply_to": 98, "type": "RequestVoteRes", "term": 12, "res": false}}
DEBUG:root:received {"dest":"n3","src":"n1","body":{"msg_id":104,"type":"RequestVote","term":20,"prevLogIndex":1,"lastLogTerm":15,"candidateId":"n1"},"id":545}
INFO:root:log atual
[(('pass', None), 0), [['pass', None], 0], [['pass', None], 0]]
prevlog index
1
 last log term
15

DEBUG:root:sending {"dest": "n1", "src": "n3", "body": {"msg_id": 72, "in_reply_to": 104, "type": "RequestVoteRes", "term": 12, "res": false}}
DEBUG:root:received {"dest":"n3","src":"n4","body":{"msg_id":194,"type":"RequestVote","term":28,"prevLogIndex":1,"lastLogTerm":0,"candidateId":"n4"},"id":553}
INFO:root:log atual
[(('pass', None), 0), [['pass', None], 0], [['pass', None], 0]]
prevlog index
1
 last log term
0

DEBUG:root:sending {"dest": "n4", "src": "n3", "body": {"msg_id": 73, "in_reply_to": 194, "type": "RequestVoteRes", "term": 12, "res": false}}
DEBUG:root:received {"dest":"n3","src":"n4","body":{"msg_id":200,"type":"RequestVote","term":29,"prevLogIndex":1,"lastLogTerm":0,"candidateId":"n4"},"id":561}
INFO:root:log atual
[(('pass', None), 0), [['pass', None], 0], [['pass', None], 0]]
prevlog index
1
 last log term
0

DEBUG:root:sending {"dest": "n4", "src": "n3", "body": {"msg_id": 74, "in_reply_to": 200, "type": "RequestVoteRes", "term": 12, "res": false}}
DEBUG:root:received {"dest":"n3","src":"n4","body":{"msg_id":206,"type":"RequestVote","term":30,"prevLogIndex":1,"lastLogTerm":0,"candidateId":"n4"},"id":569}
INFO:root:log atual
[(('pass', None), 0), [['pass', None], 0], [['pass', None], 0]]
prevlog index
1
 last log term
0

DEBUG:root:sending {"dest": "n4", "src": "n3", "body": {"msg_id": 75, "in_reply_to": 206, "type": "RequestVoteRes", "term": 12, "res": false}}
DEBUG:root:received {"dest":"n3","src":"n4","body":{"msg_id":212,"type":"RequestVote","term":31,"prevLogIndex":1,"lastLogTerm":0,"candidateId":"n4"},"id":577}
INFO:root:log atual
[(('pass', None), 0), [['pass', None], 0], [['pass', None], 0]]
prevlog index
1
 last log term
0

DEBUG:root:sending {"dest": "n4", "src": "n3", "body": {"msg_id": 76, "in_reply_to": 212, "type": "RequestVoteRes", "term": 12, "res": false}}
DEBUG:root:received {"dest":"n3","src":"n4","body":{"msg_id":217,"type":"RequestVote","term":32,"prevLogIndex":1,"lastLogTerm":0,"candidateId":"n4"},"id":584}
INFO:root:log atual
[(('pass', None), 0), [['pass', None], 0], [['pass', None], 0]]
prevlog index
1
 last log term
0

DEBUG:root:sending {"dest": "n4", "src": "n3", "body": {"msg_id": 77, "in_reply_to": 217, "type": "RequestVoteRes", "term": 12, "res": false}}
DEBUG:root:received {"dest":"n3","src":"n1","body":{"msg_id":115,"type":"RequestVote","term":21,"prevLogIndex":1,"lastLogTerm":15,"candidateId":"n1"},"id":593}
INFO:root:log atual
[(('pass', None), 0), [['pass', None], 0], [['pass', None], 0]]
prevlog index
1
 last log term
15

DEBUG:root:sending {"dest": "n1", "src": "n3", "body": {"msg_id": 78, "in_reply_to": 115, "type": "RequestVoteRes", "term": 12, "res": false}}
DEBUG:root:received {"dest":"n3","src":"n4","body":{"msg_id":225,"type":"RequestVote","term":33,"prevLogIndex":1,"lastLogTerm":0,"candidateId":"n4"},"id":601}
INFO:root:log atual
[(('pass', None), 0), [['pass', None], 0], [['pass', None], 0]]
prevlog index
1
 last log term
0

DEBUG:root:sending {"dest": "n4", "src": "n3", "body": {"msg_id": 79, "in_reply_to": 225, "type": "RequestVoteRes", "term": 12, "res": false}}
DEBUG:root:received {"dest":"n3","src":"n1","body":{"msg_id":122,"type":"RequestVote","term":22,"prevLogIndex":1,"lastLogTerm":15,"candidateId":"n1"},"id":609}
INFO:root:log atual
[(('pass', None), 0), [['pass', None], 0], [['pass', None], 0]]
prevlog index
1
 last log term
15

DEBUG:root:sending {"dest": "n1", "src": "n3", "body": {"msg_id": 80, "in_reply_to": 122, "type": "RequestVoteRes", "term": 12, "res": false}}
DEBUG:root:received {"dest":"n3","src":"n4","body":{"msg_id":232,"type":"RequestVote","term":34,"prevLogIndex":1,"lastLogTerm":0,"candidateId":"n4"},"id":617}
INFO:root:log atual
[(('pass', None), 0), [['pass', None], 0], [['pass', None], 0]]
prevlog index
1
 last log term
0

DEBUG:root:sending {"dest": "n4", "src": "n3", "body": {"msg_id": 81, "in_reply_to": 232, "type": "RequestVoteRes", "term": 12, "res": false}}
DEBUG:root:received {"dest":"n3","src":"n4","body":{"msg_id":238,"type":"RequestVote","term":35,"prevLogIndex":1,"lastLogTerm":0,"candidateId":"n4"},"id":625}
INFO:root:log atual
[(('pass', None), 0), [['pass', None], 0], [['pass', None], 0]]
prevlog index
1
 last log term
0

DEBUG:root:sending {"dest": "n4", "src": "n3", "body": {"msg_id": 82, "in_reply_to": 238, "type": "RequestVoteRes", "term": 12, "res": false}}
DEBUG:root:received {"dest":"n3","src":"n4","body":{"msg_id":244,"type":"RequestVote","term":36,"prevLogIndex":1,"lastLogTerm":0,"candidateId":"n4"},"id":633}
INFO:root:log atual
[(('pass', None), 0), [['pass', None], 0], [['pass', None], 0]]
prevlog index
1
 last log term
0

DEBUG:root:sending {"dest": "n4", "src": "n3", "body": {"msg_id": 83, "in_reply_to": 244, "type": "RequestVoteRes", "term": 12, "res": false}}
DEBUG:root:received {"dest":"n3","src":"n1","body":{"msg_id":131,"type":"RequestVote","term":23,"prevLogIndex":1,"lastLogTerm":15,"candidateId":"n1"},"id":641}
INFO:root:log atual
[(('pass', None), 0), [['pass', None], 0], [['pass', None], 0]]
prevlog index
1
 last log term
15

DEBUG:root:sending {"dest": "n1", "src": "n3", "body": {"msg_id": 84, "in_reply_to": 131, "type": "RequestVoteRes", "term": 12, "res": false}}
DEBUG:root:received {"dest":"n3","src":"n4","body":{"msg_id":251,"type":"RequestVote","term":37,"prevLogIndex":1,"lastLogTerm":0,"candidateId":"n4"},"id":649}
INFO:root:log atual
[(('pass', None), 0), [['pass', None], 0], [['pass', None], 0]]
prevlog index
1
 last log term
0

DEBUG:root:sending {"dest": "n4", "src": "n3", "body": {"msg_id": 85, "in_reply_to": 251, "type": "RequestVoteRes", "term": 12, "res": false}}
DEBUG:root:received {"dest":"n3","src":"n1","body":{"msg_id":138,"type":"RequestVote","term":24,"prevLogIndex":1,"lastLogTerm":15,"candidateId":"n1"},"id":657}
INFO:root:log atual
[(('pass', None), 0), [['pass', None], 0], [['pass', None], 0]]
prevlog index
1
 last log term
15

DEBUG:root:sending {"dest": "n1", "src": "n3", "body": {"msg_id": 86, "in_reply_to": 138, "type": "RequestVoteRes", "term": 12, "res": false}}
