DEBUG:root:received {"dest":"n2","body":{"type":"init","node_id":"n2","node_ids":["n0","n1","n2","n3"],"msg_id":1},"src":"c0","id":0}
INFO:root:node n2 initialized
DEBUG:root:sending {"dest": "c0", "src": "n2", "body": {"msg_id": 1, "in_reply_to": 1, "type": "init_ok"}}
DEBUG:root:received {"dest":"n2","body":{"txn":[["r",8,null],["append",9,3],["r",8,null],["r",9,null]],"type":"txn","msg_id":1},"src":"c10","id":13}
INFO:root:executing txn
DEBUG:root:c10-1: locking 8
DEBUG:root:c10-1: locking 9
INFO:root:CTX 
namespace(tid='c10-1', locked=[8, 9])
 msg id1
DEBUG:root:c10-1: reading 8
DEBUG:root:c10-1: appending to 9: 3
DEBUG:root:c10-1: reading 8
DEBUG:root:c10-1: reading 9
DEBUG:root:c10-1: updating 9: [3]
DEBUG:root:sending {"dest": "c10", "src": "n2", "body": {"msg_id": 2, "in_reply_to": 1, "type": "txn_ok", "txn": [["r", 8, null], ["append", 9, 3], ["r", 8, null], ["r", 9, [3]]]}}
ERROR:asyncio:Task exception was never retrieved
future: <Task finished name='Task-3' coro=<handle() done, defined at /home/peter/Documents/tf/lab4/cent.py:15> exception=TypeError("send() missing 1 required positional argument: 'dest'")>
Traceback (most recent call last):
  File "/home/peter/Documents/tf/lab4/cent.py", line 39, in handle
    send(node, type='txnRep',txn=msg.body.txn, originalid=msg.body.msg_id)
TypeError: send() missing 1 required positional argument: 'dest'
DEBUG:root:received {"dest":"n2","body":{"txn":[["append",9,4],["append",9,5]],"type":"txn","msg_id":2},"src":"c10","id":15}
INFO:root:executing txn
DEBUG:root:c10-2: locking 9
