DEBUG:root:received {"dest":"n3","body":{"type":"init","node_id":"n3","node_ids":["n0","n1","n2","n3"],"msg_id":1},"src":"c2","id":2}
INFO:root:node n3 initialized
DEBUG:root:sending {"dest": "c2", "src": "n3", "body": {"msg_id": 1, "in_reply_to": 1, "type": "init_ok"}}
DEBUG:root:received {"dest":"n3","body":{"txn":[["append",8,2]],"type":"txn","msg_id":1},"src":"c11","id":17}
INFO:root:executing txn
DEBUG:root:c11-1: locking 8
INFO:root:CTX 
namespace(tid='c11-1', locked=[8])
 msg id1
DEBUG:root:c11-1: appending to 8: 2
DEBUG:root:c11-1: updating 8: [2]
DEBUG:root:sending {"dest": "c11", "src": "n3", "body": {"msg_id": 2, "in_reply_to": 1, "type": "txn_ok", "txn": [["append", 8, 2]]}}
ERROR:asyncio:Task exception was never retrieved
future: <Task finished name='Task-3' coro=<handle() done, defined at /home/peter/Documents/tf/lab4/cent.py:15> exception=TypeError("send() missing 1 required positional argument: 'dest'")>
Traceback (most recent call last):
  File "/home/peter/Documents/tf/lab4/cent.py", line 39, in handle
    send(node, type='txnRep',txn=msg.body.txn, originalid=msg.body.msg_id)
TypeError: send() missing 1 required positional argument: 'dest'
DEBUG:root:received {"dest":"n3","body":{"txn":[["r",7,null],["r",4,null],["r",9,null]],"type":"txn","msg_id":2},"src":"c11","id":19}
INFO:root:executing txn
DEBUG:root:c11-2: locking 4
DEBUG:root:c11-2: locking 7
DEBUG:root:c11-2: locking 9
INFO:root:CTX 
namespace(tid='c11-2', locked=[4, 7, 9])
 msg id2
DEBUG:root:c11-2: reading 7
DEBUG:root:c11-2: reading 4
DEBUG:root:c11-2: reading 9
DEBUG:root:sending {"dest": "c11", "src": "n3", "body": {"msg_id": 3, "in_reply_to": 2, "type": "txn_ok", "txn": [["r", 7, null], ["r", 4, null], ["r", 9, null]]}}
ERROR:asyncio:Task exception was never retrieved
future: <Task finished name='Task-4' coro=<handle() done, defined at /home/peter/Documents/tf/lab4/cent.py:15> exception=TypeError("send() missing 1 required positional argument: 'dest'")>
Traceback (most recent call last):
  File "/home/peter/Documents/tf/lab4/cent.py", line 39, in handle
    send(node, type='txnRep',txn=msg.body.txn, originalid=msg.body.msg_id)
TypeError: send() missing 1 required positional argument: 'dest'
