DEBUG:root:received {"dest":"n2","body":{"type":"init","node_id":"n2","node_ids":["n1","n2","n3","n4","n5"],"msg_id":1},"src":"c0","id":0}
INFO:root:node n2 initialized
DEBUG:root:sending {"dest": "c0", "src": "n2", "body": {"msg_id": 1, "in_reply_to": 1, "type": "init_ok"}}
INFO:root:node
n1
current time
1651680549605510262
node_time
1651680549605504022
dif
6240
True

INFO:root:LEADER IS DEAD bit of a aldrabation tho 
n1

INFO:root:lead is dead

INFO:root:starting new elections, new term
1
sec, min max hb
0.3947560903599815
0.3333333333333333
0.5

INFO:root:Requesting new Vote

DEBUG:root:sending {"dest": "n1", "src": "n2", "body": {"msg_id": 2, "type": "RequestVote", "term": 1, "prevLogIndex": 0, "lastLogTerm": 0, "candidateId": "n2"}}
DEBUG:root:sending {"dest": "n2", "src": "n2", "body": {"msg_id": 3, "type": "RequestVote", "term": 1, "prevLogIndex": 0, "lastLogTerm": 0, "candidateId": "n2"}}
DEBUG:root:sending {"dest": "n3", "src": "n2", "body": {"msg_id": 4, "type": "RequestVote", "term": 1, "prevLogIndex": 0, "lastLogTerm": 0, "candidateId": "n2"}}
DEBUG:root:sending {"dest": "n4", "src": "n2", "body": {"msg_id": 5, "type": "RequestVote", "term": 1, "prevLogIndex": 0, "lastLogTerm": 0, "candidateId": "n2"}}
DEBUG:root:sending {"dest": "n5", "src": "n2", "body": {"msg_id": 6, "type": "RequestVote", "term": 1, "prevLogIndex": 0, "lastLogTerm": 0, "candidateId": "n2"}}
DEBUG:root:received {"dest":"n2","src":"n2","body":{"msg_id":3,"type":"RequestVote","term":1,"prevLogIndex":0,"lastLogTerm":0,"candidateId":"n2"},"id":10}
INFO:root:voting for myself
n2
at time
1651680549612441153
nr votes
0

DEBUG:root:received {"dest":"n2","src":"n1","body":{"msg_id":2,"type":"AppendEntries","term":0,"prevIndex":0,"prevTerm":0,"entries":[],"commit":0},"id":12}
DEBUG:root:sending {"dest": "n2", "src": "n2", "body": {"msg_id": 7, "in_reply_to": 3, "type": "RequestVoteRes", "term": 1, "res": true}}
DEBUG:root:sending {"dest": "n1", "src": "n2", "body": {"msg_id": 8, "in_reply_to": 2, "type": "AppendEntriesRes", "res": false, "term": 1}}
INFO:root:msg term
0
current term
1
log
[(('pass', None), 0)]
msg entries
[]

DEBUG:root:received {"dest":"n2","src":"n2","body":{"msg_id":7,"in_reply_to":3,"type":"RequestVoteRes","term":1,"res":true},"id":18}
DEBUG:root:received {"dest":"n2","src":"n5","body":{"msg_id":2,"in_reply_to":6,"type":"RequestVoteRes","term":0,"res":true},"id":19}
DEBUG:root:received {"dest":"n2","src":"n1","body":{"msg_id":6,"in_reply_to":2,"type":"RequestVoteRes","term":0,"res":true},"id":21}
DEBUG:root:received {"dest":"n2","src":"n3","body":{"msg_id":2,"in_reply_to":4,"type":"RequestVoteRes","term":0,"res":true},"id":22}
INFO:root:Got a response to the vote Request #475

INFO:root:node id:
n2
leader
n1
kvsotr
{}
cur term
1
log 
[(('pass', None), 0)]
commit indez e last applied
0
0
candidate, votes, voted for
True
0
n2
timeout dict
{'n1': 1651680549614902273, 'n2': 1651680549616231245, 'n3': 1651680549605504022, 'n4': 1651680549605504022, 'n5': 1651680549605504022}
curr time
1651680549616396113

INFO:root:resposta
True
majority
3

INFO:root:antes do incremento no voto #487
0

INFO:root:depois  #489
1

INFO:root:Got a response to the vote Request #475

INFO:root:node id:
n2
leader
n1
kvsotr
{}
cur term
1
log 
[(('pass', None), 0)]
commit indez e last applied
0
0
candidate, votes, voted for
True
1
n2
timeout dict
{'n1': 1651680549614902273, 'n2': 1651680549616231245, 'n3': 1651680549605504022, 'n4': 1651680549605504022, 'n5': 1651680549616840986}
curr time
1651680549616969581

INFO:root:resposta
True
majority
3

INFO:root:antes do incremento no voto #487
1

INFO:root:depois  #489
2

INFO:root:Got a response to the vote Request #475

INFO:root:node id:
n2
leader
n1
kvsotr
{}
cur term
1
log 
[(('pass', None), 0)]
commit indez e last applied
0
0
candidate, votes, voted for
True
2
n2
timeout dict
{'n1': 1651680549617182287, 'n2': 1651680549616231245, 'n3': 1651680549605504022, 'n4': 1651680549605504022, 'n5': 1651680549616840986}
curr time
1651680549617225807

INFO:root:resposta
True
majority
3

INFO:root:antes do incremento no voto #487
2

INFO:root:depois  #489
3

INFO:root:became leader
log
[(('pass', None), 0)]
match index
{'n1': 0, 'n2': 0, 'n3': 0, 'n4': 0, 'n5': 0}

INFO:root:vote ended, new leader is
n2

INFO:root:sending HB

INFO:root:HBdest
n1
nextIndex
{'n1': 1, 'n2': 1, 'n3': 1, 'n4': 1, 'n5': 1}
log
[(('pass', None), 0)]

DEBUG:root:sending {"dest": "n1", "src": "n2", "body": {"msg_id": 9, "type": "AppendEntries", "term": 1, "prevIndex": 0, "prevTerm": 0, "entries": [], "commit": 0}}
INFO:root:HBdest
n3
nextIndex
{'n1': 1, 'n2': 1, 'n3': 1, 'n4': 1, 'n5': 1}
log
[(('pass', None), 0)]

DEBUG:root:sending {"dest": "n3", "src": "n2", "body": {"msg_id": 10, "type": "AppendEntries", "term": 1, "prevIndex": 0, "prevTerm": 0, "entries": [], "commit": 0}}
INFO:root:HBdest
n4
nextIndex
{'n1': 1, 'n2': 1, 'n3': 1, 'n4': 1, 'n5': 1}
log
[(('pass', None), 0)]

DEBUG:root:sending {"dest": "n4", "src": "n2", "body": {"msg_id": 11, "type": "AppendEntries", "term": 1, "prevIndex": 0, "prevTerm": 0, "entries": [], "commit": 0}}
INFO:root:HBdest
n5
nextIndex
{'n1': 1, 'n2': 1, 'n3': 1, 'n4': 1, 'n5': 1}
log
[(('pass', None), 0)]

DEBUG:root:sending {"dest": "n5", "src": "n2", "body": {"msg_id": 12, "type": "AppendEntries", "term": 1, "prevIndex": 0, "prevTerm": 0, "entries": [], "commit": 0}}
INFO:root:Got a response to the vote Request #475

INFO:root:node id:
n2
leader
n2
kvsotr
{}
cur term
1
log 
[(('pass', None), 0)]
commit indez e last applied
0
0
candidate, votes, voted for
False
None
None
timeout dict
{'n1': 1651680549617182287, 'n2': 1651680549616231245, 'n3': 1651680549619812895, 'n4': 1651680549605504022, 'n5': 1651680549616840986}
curr time
1651680549619909531

INFO:root:resposta
True
majority
3

DEBUG:root:received {"dest":"n2","src":"n3","body":{"msg_id":4,"in_reply_to":10,"type":"AppendEntriesRes","res":true,"term":1,"next":1,"commit":0},"id":28}
DEBUG:root:received {"dest":"n2","src":"n1","body":{"msg_id":7,"in_reply_to":9,"type":"AppendEntriesRes","res":true,"term":1,"next":1,"commit":0},"id":30}
DEBUG:root:received {"dest":"n2","src":"n5","body":{"msg_id":4,"in_reply_to":12,"type":"AppendEntriesRes","res":true,"term":1,"next":1,"commit":0},"id":31}
DEBUG:root:received {"dest":"n2","src":"n4","body":{"msg_id":2,"in_reply_to":5,"type":"RequestVoteRes","term":0,"res":true},"id":34}
INFO:root:Got a response to the vote Request #475

INFO:root:node id:
n2
leader
n2
kvsotr
{}
cur term
1
log 
[(('pass', None), 0)]
commit indez e last applied
0
0
candidate, votes, voted for
False
None
None
timeout dict
{'n1': 1651680549622806865, 'n2': 1651680549616231245, 'n3': 1651680549622763525, 'n4': 1651680549624986199, 'n5': 1651680549623046385}
curr time
1651680549625056547

INFO:root:resposta
True
majority
3

DEBUG:root:received {"dest":"n2","src":"n4","body":{"msg_id":4,"in_reply_to":11,"type":"AppendEntriesRes","res":true,"term":1,"next":1,"commit":0},"id":36}
INFO:root:sending HB

INFO:root:HBdest
n1
nextIndex
{'n1': 1, 'n2': 1, 'n3': 1, 'n4': 1, 'n5': 1}
log
[(('pass', None), 0)]

DEBUG:root:sending {"dest": "n1", "src": "n2", "body": {"msg_id": 13, "type": "AppendEntries", "term": 1, "prevIndex": 0, "prevTerm": 0, "entries": [], "commit": 0}}
INFO:root:HBdest
n3
nextIndex
{'n1': 1, 'n2': 1, 'n3': 1, 'n4': 1, 'n5': 1}
log
[(('pass', None), 0)]

DEBUG:root:sending {"dest": "n3", "src": "n2", "body": {"msg_id": 14, "type": "AppendEntries", "term": 1, "prevIndex": 0, "prevTerm": 0, "entries": [], "commit": 0}}
INFO:root:HBdest
n4
nextIndex
{'n1': 1, 'n2': 1, 'n3': 1, 'n4': 1, 'n5': 1}
log
[(('pass', None), 0)]

DEBUG:root:sending {"dest": "n4", "src": "n2", "body": {"msg_id": 15, "type": "AppendEntries", "term": 1, "prevIndex": 0, "prevTerm": 0, "entries": [], "commit": 0}}
INFO:root:HBdest
n5
nextIndex
{'n1': 1, 'n2': 1, 'n3': 1, 'n4': 1, 'n5': 1}
log
[(('pass', None), 0)]

DEBUG:root:sending {"dest": "n5", "src": "n2", "body": {"msg_id": 16, "type": "AppendEntries", "term": 1, "prevIndex": 0, "prevTerm": 0, "entries": [], "commit": 0}}
DEBUG:root:received {"dest":"n2","src":"n1","body":{"msg_id":11,"in_reply_to":13,"type":"AppendEntriesRes","res":true,"term":1,"next":1,"commit":0},"id":46}
DEBUG:root:received {"dest":"n2","src":"n3","body":{"msg_id":6,"in_reply_to":14,"type":"AppendEntriesRes","res":true,"term":1,"next":1,"commit":0},"id":47}
DEBUG:root:received {"dest":"n2","src":"n4","body":{"msg_id":5,"in_reply_to":15,"type":"AppendEntriesRes","res":true,"term":1,"next":1,"commit":0},"id":48}
DEBUG:root:received {"dest":"n2","src":"n5","body":{"msg_id":5,"in_reply_to":16,"type":"AppendEntriesRes","res":true,"term":1,"next":1,"commit":0},"id":49}
INFO:root:sending HB

INFO:root:HBdest
n1
nextIndex
{'n1': 1, 'n2': 1, 'n3': 1, 'n4': 1, 'n5': 1}
log
[(('pass', None), 0)]

DEBUG:root:sending {"dest": "n1", "src": "n2", "body": {"msg_id": 17, "type": "AppendEntries", "term": 1, "prevIndex": 0, "prevTerm": 0, "entries": [], "commit": 0}}
INFO:root:HBdest
n3
nextIndex
{'n1': 1, 'n2': 1, 'n3': 1, 'n4': 1, 'n5': 1}
log
[(('pass', None), 0)]

DEBUG:root:sending {"dest": "n3", "src": "n2", "body": {"msg_id": 18, "type": "AppendEntries", "term": 1, "prevIndex": 0, "prevTerm": 0, "entries": [], "commit": 0}}
INFO:root:HBdest
n4
nextIndex
{'n1': 1, 'n2': 1, 'n3': 1, 'n4': 1, 'n5': 1}
log
[(('pass', None), 0)]

DEBUG:root:sending {"dest": "n4", "src": "n2", "body": {"msg_id": 19, "type": "AppendEntries", "term": 1, "prevIndex": 0, "prevTerm": 0, "entries": [], "commit": 0}}
INFO:root:HBdest
n5
nextIndex
{'n1': 1, 'n2': 1, 'n3': 1, 'n4': 1, 'n5': 1}
log
[(('pass', None), 0)]

DEBUG:root:sending {"dest": "n5", "src": "n2", "body": {"msg_id": 20, "type": "AppendEntries", "term": 1, "prevIndex": 0, "prevTerm": 0, "entries": [], "commit": 0}}
DEBUG:root:received {"dest":"n2","src":"n1","body":{"msg_id":13,"in_reply_to":17,"type":"AppendEntriesRes","res":true,"term":1,"next":1,"commit":0},"id":58}
DEBUG:root:received {"dest":"n2","src":"n4","body":{"msg_id":6,"in_reply_to":19,"type":"AppendEntriesRes","res":true,"term":1,"next":1,"commit":0},"id":59}
DEBUG:root:received {"dest":"n2","src":"n3","body":{"msg_id":8,"in_reply_to":18,"type":"AppendEntriesRes","res":true,"term":1,"next":1,"commit":0},"id":60}
DEBUG:root:received {"dest":"n2","src":"n5","body":{"msg_id":6,"in_reply_to":20,"type":"AppendEntriesRes","res":true,"term":1,"next":1,"commit":0},"id":61}
INFO:root:election ended

INFO:root:sending HB

INFO:root:HBdest
n1
nextIndex
{'n1': 1, 'n2': 1, 'n3': 1, 'n4': 1, 'n5': 1}
log
[(('pass', None), 0)]

DEBUG:root:sending {"dest": "n1", "src": "n2", "body": {"msg_id": 21, "type": "AppendEntries", "term": 1, "prevIndex": 0, "prevTerm": 0, "entries": [], "commit": 0}}
INFO:root:HBdest
n3
nextIndex
{'n1': 1, 'n2': 1, 'n3': 1, 'n4': 1, 'n5': 1}
log
[(('pass', None), 0)]

DEBUG:root:sending {"dest": "n3", "src": "n2", "body": {"msg_id": 22, "type": "AppendEntries", "term": 1, "prevIndex": 0, "prevTerm": 0, "entries": [], "commit": 0}}
INFO:root:HBdest
n4
nextIndex
{'n1': 1, 'n2': 1, 'n3': 1, 'n4': 1, 'n5': 1}
log
[(('pass', None), 0)]

DEBUG:root:sending {"dest": "n4", "src": "n2", "body": {"msg_id": 23, "type": "AppendEntries", "term": 1, "prevIndex": 0, "prevTerm": 0, "entries": [], "commit": 0}}
INFO:root:HBdest
n5
nextIndex
{'n1': 1, 'n2': 1, 'n3': 1, 'n4': 1, 'n5': 1}
log
[(('pass', None), 0)]

DEBUG:root:sending {"dest": "n5", "src": "n2", "body": {"msg_id": 24, "type": "AppendEntries", "term": 1, "prevIndex": 0, "prevTerm": 0, "entries": [], "commit": 0}}
DEBUG:root:received {"dest":"n2","src":"n1","body":{"msg_id":14,"in_reply_to":21,"type":"AppendEntriesRes","res":true,"term":1,"next":1,"commit":0},"id":66}
DEBUG:root:received {"dest":"n2","src":"n3","body":{"msg_id":9,"in_reply_to":22,"type":"AppendEntriesRes","res":true,"term":1,"next":1,"commit":0},"id":67}
DEBUG:root:received {"dest":"n2","src":"n4","body":{"msg_id":7,"in_reply_to":23,"type":"AppendEntriesRes","res":true,"term":1,"next":1,"commit":0},"id":68}
DEBUG:root:received {"dest":"n2","src":"n5","body":{"msg_id":7,"in_reply_to":24,"type":"AppendEntriesRes","res":true,"term":1,"next":1,"commit":0},"id":69}
INFO:root:sending HB

INFO:root:HBdest
n1
nextIndex
{'n1': 1, 'n2': 1, 'n3': 1, 'n4': 1, 'n5': 1}
log
[(('pass', None), 0)]

DEBUG:root:sending {"dest": "n1", "src": "n2", "body": {"msg_id": 25, "type": "AppendEntries", "term": 1, "prevIndex": 0, "prevTerm": 0, "entries": [], "commit": 0}}
INFO:root:HBdest
n3
nextIndex
{'n1': 1, 'n2': 1, 'n3': 1, 'n4': 1, 'n5': 1}
log
[(('pass', None), 0)]

DEBUG:root:sending {"dest": "n3", "src": "n2", "body": {"msg_id": 26, "type": "AppendEntries", "term": 1, "prevIndex": 0, "prevTerm": 0, "entries": [], "commit": 0}}
INFO:root:HBdest
n4
nextIndex
{'n1': 1, 'n2': 1, 'n3': 1, 'n4': 1, 'n5': 1}
log
[(('pass', None), 0)]

DEBUG:root:sending {"dest": "n4", "src": "n2", "body": {"msg_id": 27, "type": "AppendEntries", "term": 1, "prevIndex": 0, "prevTerm": 0, "entries": [], "commit": 0}}
INFO:root:HBdest
n5
nextIndex
{'n1': 1, 'n2': 1, 'n3': 1, 'n4': 1, 'n5': 1}
log
[(('pass', None), 0)]

DEBUG:root:sending {"dest": "n5", "src": "n2", "body": {"msg_id": 28, "type": "AppendEntries", "term": 1, "prevIndex": 0, "prevTerm": 0, "entries": [], "commit": 0}}
DEBUG:root:received {"dest":"n2","src":"n1","body":{"msg_id":15,"in_reply_to":25,"type":"AppendEntriesRes","res":true,"term":1,"next":1,"commit":0},"id":74}
DEBUG:root:received {"dest":"n2","src":"n3","body":{"msg_id":10,"in_reply_to":26,"type":"AppendEntriesRes","res":true,"term":1,"next":1,"commit":0},"id":75}
DEBUG:root:received {"dest":"n2","src":"n4","body":{"msg_id":8,"in_reply_to":27,"type":"AppendEntriesRes","res":true,"term":1,"next":1,"commit":0},"id":76}
DEBUG:root:received {"dest":"n2","src":"n5","body":{"msg_id":8,"in_reply_to":28,"type":"AppendEntriesRes","res":true,"term":1,"next":1,"commit":0},"id":77}
INFO:root:sending HB

INFO:root:HBdest
n1
nextIndex
{'n1': 1, 'n2': 1, 'n3': 1, 'n4': 1, 'n5': 1}
log
[(('pass', None), 0)]

DEBUG:root:sending {"dest": "n1", "src": "n2", "body": {"msg_id": 29, "type": "AppendEntries", "term": 1, "prevIndex": 0, "prevTerm": 0, "entries": [], "commit": 0}}
INFO:root:HBdest
n3
nextIndex
{'n1': 1, 'n2': 1, 'n3': 1, 'n4': 1, 'n5': 1}
log
[(('pass', None), 0)]

DEBUG:root:sending {"dest": "n3", "src": "n2", "body": {"msg_id": 30, "type": "AppendEntries", "term": 1, "prevIndex": 0, "prevTerm": 0, "entries": [], "commit": 0}}
INFO:root:HBdest
n4
nextIndex
{'n1': 1, 'n2': 1, 'n3': 1, 'n4': 1, 'n5': 1}
log
[(('pass', None), 0)]

DEBUG:root:sending {"dest": "n4", "src": "n2", "body": {"msg_id": 31, "type": "AppendEntries", "term": 1, "prevIndex": 0, "prevTerm": 0, "entries": [], "commit": 0}}
INFO:root:HBdest
n5
nextIndex
{'n1': 1, 'n2': 1, 'n3': 1, 'n4': 1, 'n5': 1}
log
[(('pass', None), 0)]

DEBUG:root:sending {"dest": "n5", "src": "n2", "body": {"msg_id": 32, "type": "AppendEntries", "term": 1, "prevIndex": 0, "prevTerm": 0, "entries": [], "commit": 0}}
DEBUG:root:received {"dest":"n2","src":"n1","body":{"msg_id":16,"in_reply_to":29,"type":"AppendEntriesRes","res":true,"term":1,"next":1,"commit":0},"id":84}
DEBUG:root:received {"dest":"n2","src":"n3","body":{"msg_id":11,"in_reply_to":30,"type":"AppendEntriesRes","res":true,"term":1,"next":1,"commit":0},"id":85}
DEBUG:root:received {"dest":"n2","src":"n4","body":{"msg_id":10,"in_reply_to":31,"type":"AppendEntriesRes","res":true,"term":1,"next":1,"commit":0},"id":86}
DEBUG:root:received {"dest":"n2","src":"n5","body":{"msg_id":9,"in_reply_to":32,"type":"AppendEntriesRes","res":true,"term":1,"next":1,"commit":0},"id":87}
INFO:root:sending HB

INFO:root:HBdest
n1
nextIndex
{'n1': 1, 'n2': 1, 'n3': 1, 'n4': 1, 'n5': 1}
log
[(('pass', None), 0)]

DEBUG:root:sending {"dest": "n1", "src": "n2", "body": {"msg_id": 33, "type": "AppendEntries", "term": 1, "prevIndex": 0, "prevTerm": 0, "entries": [], "commit": 0}}
INFO:root:HBdest
n3
nextIndex
{'n1': 1, 'n2': 1, 'n3': 1, 'n4': 1, 'n5': 1}
log
[(('pass', None), 0)]

DEBUG:root:sending {"dest": "n3", "src": "n2", "body": {"msg_id": 34, "type": "AppendEntries", "term": 1, "prevIndex": 0, "prevTerm": 0, "entries": [], "commit": 0}}
INFO:root:HBdest
n4
nextIndex
{'n1': 1, 'n2': 1, 'n3': 1, 'n4': 1, 'n5': 1}
log
[(('pass', None), 0)]

DEBUG:root:sending {"dest": "n4", "src": "n2", "body": {"msg_id": 35, "type": "AppendEntries", "term": 1, "prevIndex": 0, "prevTerm": 0, "entries": [], "commit": 0}}
INFO:root:HBdest
n5
nextIndex
{'n1': 1, 'n2': 1, 'n3': 1, 'n4': 1, 'n5': 1}
log
[(('pass', None), 0)]

DEBUG:root:sending {"dest": "n5", "src": "n2", "body": {"msg_id": 36, "type": "AppendEntries", "term": 1, "prevIndex": 0, "prevTerm": 0, "entries": [], "commit": 0}}
DEBUG:root:received {"dest":"n2","src":"n3","body":{"msg_id":13,"in_reply_to":34,"type":"AppendEntriesRes","res":true,"term":1,"next":1,"commit":0},"id":94}
DEBUG:root:received {"dest":"n2","src":"n1","body":{"msg_id":17,"in_reply_to":33,"type":"AppendEntriesRes","res":true,"term":1,"next":1,"commit":0},"id":95}
DEBUG:root:received {"dest":"n2","src":"n4","body":{"msg_id":11,"in_reply_to":35,"type":"AppendEntriesRes","res":true,"term":1,"next":1,"commit":0},"id":96}
DEBUG:root:received {"dest":"n2","src":"n5","body":{"msg_id":10,"in_reply_to":36,"type":"AppendEntriesRes","res":true,"term":1,"next":1,"commit":0},"id":97}
INFO:root:sending HB

INFO:root:HBdest
n1
nextIndex
{'n1': 1, 'n2': 1, 'n3': 1, 'n4': 1, 'n5': 1}
log
[(('pass', None), 0)]

DEBUG:root:sending {"dest": "n1", "src": "n2", "body": {"msg_id": 37, "type": "AppendEntries", "term": 1, "prevIndex": 0, "prevTerm": 0, "entries": [], "commit": 0}}
INFO:root:HBdest
n3
nextIndex
{'n1': 1, 'n2': 1, 'n3': 1, 'n4': 1, 'n5': 1}
log
[(('pass', None), 0)]

DEBUG:root:sending {"dest": "n3", "src": "n2", "body": {"msg_id": 38, "type": "AppendEntries", "term": 1, "prevIndex": 0, "prevTerm": 0, "entries": [], "commit": 0}}
INFO:root:HBdest
n4
nextIndex
{'n1': 1, 'n2': 1, 'n3': 1, 'n4': 1, 'n5': 1}
log
[(('pass', None), 0)]

DEBUG:root:sending {"dest": "n4", "src": "n2", "body": {"msg_id": 39, "type": "AppendEntries", "term": 1, "prevIndex": 0, "prevTerm": 0, "entries": [], "commit": 0}}
INFO:root:HBdest
n5
nextIndex
{'n1': 1, 'n2': 1, 'n3': 1, 'n4': 1, 'n5': 1}
log
[(('pass', None), 0)]

DEBUG:root:sending {"dest": "n5", "src": "n2", "body": {"msg_id": 40, "type": "AppendEntries", "term": 1, "prevIndex": 0, "prevTerm": 0, "entries": [], "commit": 0}}
DEBUG:root:received {"dest":"n2","src":"n1","body":{"msg_id":18,"in_reply_to":37,"type":"AppendEntriesRes","res":true,"term":1,"next":1,"commit":0},"id":102}
DEBUG:root:received {"dest":"n2","src":"n3","body":{"msg_id":14,"in_reply_to":38,"type":"AppendEntriesRes","res":true,"term":1,"next":1,"commit":0},"id":103}
DEBUG:root:received {"dest":"n2","src":"n4","body":{"msg_id":12,"in_reply_to":39,"type":"AppendEntriesRes","res":true,"term":1,"next":1,"commit":0},"id":104}
DEBUG:root:received {"dest":"n2","src":"n5","body":{"msg_id":11,"in_reply_to":40,"type":"AppendEntriesRes","res":true,"term":1,"next":1,"commit":0},"id":105}
INFO:root:sending HB

INFO:root:HBdest
n1
nextIndex
{'n1': 1, 'n2': 1, 'n3': 1, 'n4': 1, 'n5': 1}
log
[(('pass', None), 0)]

DEBUG:root:sending {"dest": "n1", "src": "n2", "body": {"msg_id": 41, "type": "AppendEntries", "term": 1, "prevIndex": 0, "prevTerm": 0, "entries": [], "commit": 0}}
INFO:root:HBdest
n3
nextIndex
{'n1': 1, 'n2': 1, 'n3': 1, 'n4': 1, 'n5': 1}
log
[(('pass', None), 0)]

DEBUG:root:sending {"dest": "n3", "src": "n2", "body": {"msg_id": 42, "type": "AppendEntries", "term": 1, "prevIndex": 0, "prevTerm": 0, "entries": [], "commit": 0}}
INFO:root:HBdest
n4
nextIndex
{'n1': 1, 'n2': 1, 'n3': 1, 'n4': 1, 'n5': 1}
log
[(('pass', None), 0)]

DEBUG:root:sending {"dest": "n4", "src": "n2", "body": {"msg_id": 43, "type": "AppendEntries", "term": 1, "prevIndex": 0, "prevTerm": 0, "entries": [], "commit": 0}}
INFO:root:HBdest
n5
nextIndex
{'n1': 1, 'n2': 1, 'n3': 1, 'n4': 1, 'n5': 1}
log
[(('pass', None), 0)]

DEBUG:root:sending {"dest": "n5", "src": "n2", "body": {"msg_id": 44, "type": "AppendEntries", "term": 1, "prevIndex": 0, "prevTerm": 0, "entries": [], "commit": 0}}
DEBUG:root:received {"dest":"n2","src":"n1","body":{"msg_id":19,"in_reply_to":41,"type":"AppendEntriesRes","res":true,"term":1,"next":1,"commit":0},"id":110}
DEBUG:root:received {"dest":"n2","src":"n3","body":{"msg_id":15,"in_reply_to":42,"type":"AppendEntriesRes","res":true,"term":1,"next":1,"commit":0},"id":111}
DEBUG:root:received {"dest":"n2","src":"n4","body":{"msg_id":13,"in_reply_to":43,"type":"AppendEntriesRes","res":true,"term":1,"next":1,"commit":0},"id":112}
DEBUG:root:received {"dest":"n2","src":"n5","body":{"msg_id":12,"in_reply_to":44,"type":"AppendEntriesRes","res":true,"term":1,"next":1,"commit":0},"id":113}
INFO:root:leader alive, resuming timeout checker

DEBUG:root:received {"dest":"n2","body":{"key":0,"from":1,"to":4,"type":"cas","msg_id":1},"src":"c15","id":114}
DEBUG:root:sending {"dest": "n1", "src": "n2", "body": {"msg_id": 45, "type": "AppendEntries", "term": 1, "entries": [[["cas", [0, [1, 4]]], 1]], "prevIndex": 0, "prevTerm": 0, "commit": 0}}
DEBUG:root:sending {"dest": "n3", "src": "n2", "body": {"msg_id": 46, "type": "AppendEntries", "term": 1, "entries": [[["cas", [0, [1, 4]]], 1]], "prevIndex": 0, "prevTerm": 0, "commit": 0}}
DEBUG:root:sending {"dest": "n4", "src": "n2", "body": {"msg_id": 47, "type": "AppendEntries", "term": 1, "entries": [[["cas", [0, [1, 4]]], 1]], "prevIndex": 0, "prevTerm": 0, "commit": 0}}
DEBUG:root:sending {"dest": "n5", "src": "n2", "body": {"msg_id": 48, "type": "AppendEntries", "term": 1, "entries": [[["cas", [0, [1, 4]]], 1]], "prevIndex": 0, "prevTerm": 0, "commit": 0}}
DEBUG:root:received {"dest":"n2","src":"n1","body":{"msg_id":20,"in_reply_to":45,"type":"AppendEntriesRes","res":true,"term":1,"next":2,"commit":0},"id":119}
DEBUG:root:received {"dest":"n2","src":"n3","body":{"msg_id":16,"in_reply_to":46,"type":"AppendEntriesRes","res":true,"term":1,"next":2,"commit":0},"id":120}
DEBUG:root:received {"dest":"n2","src":"n4","body":{"msg_id":14,"in_reply_to":47,"type":"AppendEntriesRes","res":true,"term":1,"next":2,"commit":0},"id":121}
DEBUG:root:received {"dest":"n2","src":"n5","body":{"msg_id":13,"in_reply_to":48,"type":"AppendEntriesRes","res":true,"term":1,"next":2,"commit":0},"id":122}
INFO:root:sending HB

INFO:root:HBdest
n1
nextIndex
{'n1': 2, 'n2': 1, 'n3': 2, 'n4': 2, 'n5': 2}
log
[(('pass', None), 0), (('cas', (0, (1, 4))), 1)]

DEBUG:root:sending {"dest": "n1", "src": "n2", "body": {"msg_id": 49, "type": "AppendEntries", "term": 1, "prevIndex": 1, "prevTerm": 1, "entries": [], "commit": 0}}
INFO:root:HBdest
n3
nextIndex
{'n1': 2, 'n2': 1, 'n3': 2, 'n4': 2, 'n5': 2}
log
[(('pass', None), 0), (('cas', (0, (1, 4))), 1)]

DEBUG:root:sending {"dest": "n3", "src": "n2", "body": {"msg_id": 50, "type": "AppendEntries", "term": 1, "prevIndex": 1, "prevTerm": 1, "entries": [], "commit": 0}}
INFO:root:HBdest
n4
nextIndex
{'n1': 2, 'n2': 1, 'n3': 2, 'n4': 2, 'n5': 2}
log
[(('pass', None), 0), (('cas', (0, (1, 4))), 1)]

DEBUG:root:sending {"dest": "n4", "src": "n2", "body": {"msg_id": 51, "type": "AppendEntries", "term": 1, "prevIndex": 1, "prevTerm": 1, "entries": [], "commit": 0}}
INFO:root:HBdest
n5
nextIndex
{'n1': 2, 'n2': 1, 'n3': 2, 'n4': 2, 'n5': 2}
log
[(('pass', None), 0), (('cas', (0, (1, 4))), 1)]

DEBUG:root:sending {"dest": "n5", "src": "n2", "body": {"msg_id": 52, "type": "AppendEntries", "term": 1, "prevIndex": 1, "prevTerm": 1, "entries": [], "commit": 0}}
DEBUG:root:received {"dest":"n2","src":"n1","body":{"msg_id":21,"in_reply_to":49,"type":"AppendEntriesRes","res":true,"term":1,"next":2,"commit":0},"id":127}
DEBUG:root:received {"dest":"n2","src":"n4","body":{"msg_id":15,"in_reply_to":51,"type":"AppendEntriesRes","res":true,"term":1,"next":2,"commit":0},"id":128}
DEBUG:root:received {"dest":"n2","src":"n3","body":{"msg_id":17,"in_reply_to":50,"type":"AppendEntriesRes","res":true,"term":1,"next":2,"commit":0},"id":129}
DEBUG:root:received {"dest":"n2","src":"n5","body":{"msg_id":14,"in_reply_to":52,"type":"AppendEntriesRes","res":true,"term":1,"next":2,"commit":0},"id":130}
INFO:root:sending HB

INFO:root:HBdest
n1
nextIndex
{'n1': 2, 'n2': 1, 'n3': 2, 'n4': 2, 'n5': 2}
log
[(('pass', None), 0), (('cas', (0, (1, 4))), 1)]

DEBUG:root:sending {"dest": "n1", "src": "n2", "body": {"msg_id": 53, "type": "AppendEntries", "term": 1, "prevIndex": 1, "prevTerm": 1, "entries": [], "commit": 0}}
INFO:root:HBdest
n3
nextIndex
{'n1': 2, 'n2': 1, 'n3': 2, 'n4': 2, 'n5': 2}
log
[(('pass', None), 0), (('cas', (0, (1, 4))), 1)]

DEBUG:root:sending {"dest": "n3", "src": "n2", "body": {"msg_id": 54, "type": "AppendEntries", "term": 1, "prevIndex": 1, "prevTerm": 1, "entries": [], "commit": 0}}
INFO:root:HBdest
n4
nextIndex
{'n1': 2, 'n2': 1, 'n3': 2, 'n4': 2, 'n5': 2}
log
[(('pass', None), 0), (('cas', (0, (1, 4))), 1)]

DEBUG:root:sending {"dest": "n4", "src": "n2", "body": {"msg_id": 55, "type": "AppendEntries", "term": 1, "prevIndex": 1, "prevTerm": 1, "entries": [], "commit": 0}}
INFO:root:HBdest
n5
nextIndex
{'n1': 2, 'n2': 1, 'n3': 2, 'n4': 2, 'n5': 2}
log
[(('pass', None), 0), (('cas', (0, (1, 4))), 1)]

DEBUG:root:sending {"dest": "n5", "src": "n2", "body": {"msg_id": 56, "type": "AppendEntries", "term": 1, "prevIndex": 1, "prevTerm": 1, "entries": [], "commit": 0}}
DEBUG:root:received {"dest":"n2","src":"n1","body":{"msg_id":22,"in_reply_to":53,"type":"AppendEntriesRes","res":true,"term":1,"next":2,"commit":0},"id":135}
DEBUG:root:received {"dest":"n2","src":"n3","body":{"msg_id":18,"in_reply_to":54,"type":"AppendEntriesRes","res":true,"term":1,"next":2,"commit":0},"id":136}
DEBUG:root:received {"dest":"n2","src":"n4","body":{"msg_id":16,"in_reply_to":55,"type":"AppendEntriesRes","res":true,"term":1,"next":2,"commit":0},"id":137}
DEBUG:root:received {"dest":"n2","src":"n5","body":{"msg_id":15,"in_reply_to":56,"type":"AppendEntriesRes","res":true,"term":1,"next":2,"commit":0},"id":138}
DEBUG:root:received {"dest":"n2","body":{"key":1,"from":3,"to":2,"type":"cas","msg_id":1},"src":"c17","id":141}
DEBUG:root:sending {"dest": "n1", "src": "n2", "body": {"msg_id": 57, "type": "AppendEntries", "term": 1, "entries": [[["cas", [1, [3, 2]]], 1]], "prevIndex": 1, "prevTerm": 1, "commit": 0}}
DEBUG:root:sending {"dest": "n3", "src": "n2", "body": {"msg_id": 58, "type": "AppendEntries", "term": 1, "entries": [[["cas", [1, [3, 2]]], 1]], "prevIndex": 1, "prevTerm": 1, "commit": 0}}
DEBUG:root:sending {"dest": "n4", "src": "n2", "body": {"msg_id": 59, "type": "AppendEntries", "term": 1, "entries": [[["cas", [1, [3, 2]]], 1]], "prevIndex": 1, "prevTerm": 1, "commit": 0}}
DEBUG:root:sending {"dest": "n5", "src": "n2", "body": {"msg_id": 60, "type": "AppendEntries", "term": 1, "entries": [[["cas", [1, [3, 2]]], 1]], "prevIndex": 1, "prevTerm": 1, "commit": 0}}
DEBUG:root:received {"dest":"n2","src":"n3","body":{"msg_id":20,"in_reply_to":58,"type":"AppendEntriesRes","res":true,"term":1,"next":3,"commit":0},"id":146}
DEBUG:root:received {"dest":"n2","src":"n1","body":{"msg_id":23,"in_reply_to":57,"type":"AppendEntriesRes","res":true,"term":1,"next":3,"commit":0},"id":147}
DEBUG:root:received {"dest":"n2","src":"n5","body":{"msg_id":16,"in_reply_to":60,"type":"AppendEntriesRes","res":true,"term":1,"next":3,"commit":0},"id":148}
DEBUG:root:received {"dest":"n2","src":"n4","body":{"msg_id":17,"in_reply_to":59,"type":"AppendEntriesRes","res":true,"term":1,"next":3,"commit":0},"id":149}
INFO:root:sending HB

INFO:root:HBdest
n1
nextIndex
{'n1': 3, 'n2': 1, 'n3': 3, 'n4': 3, 'n5': 3}
log
[(('pass', None), 0), (('cas', (0, (1, 4))), 1), (('cas', (1, (3, 2))), 1)]

DEBUG:root:sending {"dest": "n1", "src": "n2", "body": {"msg_id": 61, "type": "AppendEntries", "term": 1, "prevIndex": 2, "prevTerm": 1, "entries": [], "commit": 0}}
INFO:root:HBdest
n3
nextIndex
{'n1': 3, 'n2': 1, 'n3': 3, 'n4': 3, 'n5': 3}
log
[(('pass', None), 0), (('cas', (0, (1, 4))), 1), (('cas', (1, (3, 2))), 1)]

DEBUG:root:sending {"dest": "n3", "src": "n2", "body": {"msg_id": 62, "type": "AppendEntries", "term": 1, "prevIndex": 2, "prevTerm": 1, "entries": [], "commit": 0}}
INFO:root:HBdest
n4
nextIndex
{'n1': 3, 'n2': 1, 'n3': 3, 'n4': 3, 'n5': 3}
log
[(('pass', None), 0), (('cas', (0, (1, 4))), 1), (('cas', (1, (3, 2))), 1)]

DEBUG:root:sending {"dest": "n4", "src": "n2", "body": {"msg_id": 63, "type": "AppendEntries", "term": 1, "prevIndex": 2, "prevTerm": 1, "entries": [], "commit": 0}}
INFO:root:HBdest
n5
nextIndex
{'n1': 3, 'n2': 1, 'n3': 3, 'n4': 3, 'n5': 3}
log
[(('pass', None), 0), (('cas', (0, (1, 4))), 1), (('cas', (1, (3, 2))), 1)]

DEBUG:root:sending {"dest": "n5", "src": "n2", "body": {"msg_id": 64, "type": "AppendEntries", "term": 1, "prevIndex": 2, "prevTerm": 1, "entries": [], "commit": 0}}
DEBUG:root:received {"dest":"n2","src":"n1","body":{"msg_id":24,"in_reply_to":61,"type":"AppendEntriesRes","res":true,"term":1,"next":3,"commit":0},"id":154}
DEBUG:root:received {"dest":"n2","src":"n3","body":{"msg_id":21,"in_reply_to":62,"type":"AppendEntriesRes","res":true,"term":1,"next":3,"commit":0},"id":155}
DEBUG:root:received {"dest":"n2","src":"n4","body":{"msg_id":18,"in_reply_to":63,"type":"AppendEntriesRes","res":true,"term":1,"next":3,"commit":0},"id":156}
DEBUG:root:received {"dest":"n2","src":"n5","body":{"msg_id":17,"in_reply_to":64,"type":"AppendEntriesRes","res":true,"term":1,"next":3,"commit":0},"id":157}
INFO:root:sending HB

INFO:root:HBdest
n1
nextIndex
{'n1': 3, 'n2': 1, 'n3': 3, 'n4': 3, 'n5': 3}
log
[(('pass', None), 0), (('cas', (0, (1, 4))), 1), (('cas', (1, (3, 2))), 1)]

DEBUG:root:sending {"dest": "n1", "src": "n2", "body": {"msg_id": 65, "type": "AppendEntries", "term": 1, "prevIndex": 2, "prevTerm": 1, "entries": [], "commit": 0}}
INFO:root:HBdest
n3
nextIndex
{'n1': 3, 'n2': 1, 'n3': 3, 'n4': 3, 'n5': 3}
log
[(('pass', None), 0), (('cas', (0, (1, 4))), 1), (('cas', (1, (3, 2))), 1)]

DEBUG:root:sending {"dest": "n3", "src": "n2", "body": {"msg_id": 66, "type": "AppendEntries", "term": 1, "prevIndex": 2, "prevTerm": 1, "entries": [], "commit": 0}}
INFO:root:HBdest
n4
nextIndex
{'n1': 3, 'n2': 1, 'n3': 3, 'n4': 3, 'n5': 3}
log
[(('pass', None), 0), (('cas', (0, (1, 4))), 1), (('cas', (1, (3, 2))), 1)]

DEBUG:root:sending {"dest": "n4", "src": "n2", "body": {"msg_id": 67, "type": "AppendEntries", "term": 1, "prevIndex": 2, "prevTerm": 1, "entries": [], "commit": 0}}
INFO:root:HBdest
n5
nextIndex
{'n1': 3, 'n2': 1, 'n3': 3, 'n4': 3, 'n5': 3}
log
[(('pass', None), 0), (('cas', (0, (1, 4))), 1), (('cas', (1, (3, 2))), 1)]

DEBUG:root:sending {"dest": "n5", "src": "n2", "body": {"msg_id": 68, "type": "AppendEntries", "term": 1, "prevIndex": 2, "prevTerm": 1, "entries": [], "commit": 0}}
DEBUG:root:received {"dest":"n2","src":"n1","body":{"msg_id":25,"in_reply_to":65,"type":"AppendEntriesRes","res":true,"term":1,"next":3,"commit":0},"id":162}
DEBUG:root:received {"dest":"n2","src":"n5","body":{"msg_id":18,"in_reply_to":68,"type":"AppendEntriesRes","res":true,"term":1,"next":3,"commit":0},"id":163}
DEBUG:root:received {"dest":"n2","src":"n3","body":{"msg_id":22,"in_reply_to":66,"type":"AppendEntriesRes","res":true,"term":1,"next":3,"commit":0},"id":164}
DEBUG:root:received {"dest":"n2","src":"n4","body":{"msg_id":19,"in_reply_to":67,"type":"AppendEntriesRes","res":true,"term":1,"next":3,"commit":0},"id":165}
INFO:root:sending HB

INFO:root:HBdest
n1
nextIndex
{'n1': 3, 'n2': 1, 'n3': 3, 'n4': 3, 'n5': 3}
log
[(('pass', None), 0), (('cas', (0, (1, 4))), 1), (('cas', (1, (3, 2))), 1)]

DEBUG:root:sending {"dest": "n1", "src": "n2", "body": {"msg_id": 69, "type": "AppendEntries", "term": 1, "prevIndex": 2, "prevTerm": 1, "entries": [], "commit": 0}}
INFO:root:HBdest
n3
nextIndex
{'n1': 3, 'n2': 1, 'n3': 3, 'n4': 3, 'n5': 3}
log
[(('pass', None), 0), (('cas', (0, (1, 4))), 1), (('cas', (1, (3, 2))), 1)]

DEBUG:root:sending {"dest": "n3", "src": "n2", "body": {"msg_id": 70, "type": "AppendEntries", "term": 1, "prevIndex": 2, "prevTerm": 1, "entries": [], "commit": 0}}
INFO:root:HBdest
n4
nextIndex
{'n1': 3, 'n2': 1, 'n3': 3, 'n4': 3, 'n5': 3}
log
[(('pass', None), 0), (('cas', (0, (1, 4))), 1), (('cas', (1, (3, 2))), 1)]

DEBUG:root:sending {"dest": "n4", "src": "n2", "body": {"msg_id": 71, "type": "AppendEntries", "term": 1, "prevIndex": 2, "prevTerm": 1, "entries": [], "commit": 0}}
INFO:root:HBdest
n5
nextIndex
{'n1': 3, 'n2': 1, 'n3': 3, 'n4': 3, 'n5': 3}
log
[(('pass', None), 0), (('cas', (0, (1, 4))), 1), (('cas', (1, (3, 2))), 1)]

DEBUG:root:sending {"dest": "n5", "src": "n2", "body": {"msg_id": 72, "type": "AppendEntries", "term": 1, "prevIndex": 2, "prevTerm": 1, "entries": [], "commit": 0}}
DEBUG:root:received {"dest":"n2","src":"n1","body":{"msg_id":26,"in_reply_to":69,"type":"AppendEntriesRes","res":true,"term":1,"next":3,"commit":0},"id":170}
DEBUG:root:received {"dest":"n2","src":"n3","body":{"msg_id":23,"in_reply_to":70,"type":"AppendEntriesRes","res":true,"term":1,"next":3,"commit":0},"id":171}
DEBUG:root:received {"dest":"n2","src":"n4","body":{"msg_id":20,"in_reply_to":71,"type":"AppendEntriesRes","res":true,"term":1,"next":3,"commit":0},"id":172}
DEBUG:root:received {"dest":"n2","src":"n5","body":{"msg_id":19,"in_reply_to":72,"type":"AppendEntriesRes","res":true,"term":1,"next":3,"commit":0},"id":173}
INFO:root:sending HB

INFO:root:HBdest
n1
nextIndex
{'n1': 3, 'n2': 1, 'n3': 3, 'n4': 3, 'n5': 3}
log
[(('pass', None), 0), (('cas', (0, (1, 4))), 1), (('cas', (1, (3, 2))), 1)]

DEBUG:root:sending {"dest": "n1", "src": "n2", "body": {"msg_id": 73, "type": "AppendEntries", "term": 1, "prevIndex": 2, "prevTerm": 1, "entries": [], "commit": 0}}
INFO:root:HBdest
n3
nextIndex
{'n1': 3, 'n2': 1, 'n3': 3, 'n4': 3, 'n5': 3}
log
[(('pass', None), 0), (('cas', (0, (1, 4))), 1), (('cas', (1, (3, 2))), 1)]

DEBUG:root:sending {"dest": "n3", "src": "n2", "body": {"msg_id": 74, "type": "AppendEntries", "term": 1, "prevIndex": 2, "prevTerm": 1, "entries": [], "commit": 0}}
INFO:root:HBdest
n4
nextIndex
{'n1': 3, 'n2': 1, 'n3': 3, 'n4': 3, 'n5': 3}
log
[(('pass', None), 0), (('cas', (0, (1, 4))), 1), (('cas', (1, (3, 2))), 1)]

DEBUG:root:sending {"dest": "n4", "src": "n2", "body": {"msg_id": 75, "type": "AppendEntries", "term": 1, "prevIndex": 2, "prevTerm": 1, "entries": [], "commit": 0}}
INFO:root:HBdest
n5
nextIndex
{'n1': 3, 'n2': 1, 'n3': 3, 'n4': 3, 'n5': 3}
log
[(('pass', None), 0), (('cas', (0, (1, 4))), 1), (('cas', (1, (3, 2))), 1)]

DEBUG:root:sending {"dest": "n5", "src": "n2", "body": {"msg_id": 76, "type": "AppendEntries", "term": 1, "prevIndex": 2, "prevTerm": 1, "entries": [], "commit": 0}}
DEBUG:root:received {"dest":"n2","src":"n1","body":{"msg_id":28,"in_reply_to":73,"type":"AppendEntriesRes","res":true,"term":1,"next":3,"commit":0},"id":180}
DEBUG:root:received {"dest":"n2","src":"n3","body":{"msg_id":24,"in_reply_to":74,"type":"AppendEntriesRes","res":true,"term":1,"next":3,"commit":0},"id":181}
DEBUG:root:received {"dest":"n2","src":"n4","body":{"msg_id":21,"in_reply_to":75,"type":"AppendEntriesRes","res":true,"term":1,"next":3,"commit":0},"id":182}
DEBUG:root:received {"dest":"n2","src":"n5","body":{"msg_id":20,"in_reply_to":76,"type":"AppendEntriesRes","res":true,"term":1,"next":3,"commit":0},"id":183}
INFO:root:sending HB

INFO:root:HBdest
n1
nextIndex
{'n1': 3, 'n2': 1, 'n3': 3, 'n4': 3, 'n5': 3}
log
[(('pass', None), 0), (('cas', (0, (1, 4))), 1), (('cas', (1, (3, 2))), 1)]

DEBUG:root:sending {"dest": "n1", "src": "n2", "body": {"msg_id": 77, "type": "AppendEntries", "term": 1, "prevIndex": 2, "prevTerm": 1, "entries": [], "commit": 0}}
INFO:root:HBdest
n3
nextIndex
{'n1': 3, 'n2': 1, 'n3': 3, 'n4': 3, 'n5': 3}
log
[(('pass', None), 0), (('cas', (0, (1, 4))), 1), (('cas', (1, (3, 2))), 1)]

DEBUG:root:sending {"dest": "n3", "src": "n2", "body": {"msg_id": 78, "type": "AppendEntries", "term": 1, "prevIndex": 2, "prevTerm": 1, "entries": [], "commit": 0}}
INFO:root:HBdest
n4
nextIndex
{'n1': 3, 'n2': 1, 'n3': 3, 'n4': 3, 'n5': 3}
log
[(('pass', None), 0), (('cas', (0, (1, 4))), 1), (('cas', (1, (3, 2))), 1)]

DEBUG:root:sending {"dest": "n4", "src": "n2", "body": {"msg_id": 79, "type": "AppendEntries", "term": 1, "prevIndex": 2, "prevTerm": 1, "entries": [], "commit": 0}}
INFO:root:HBdest
n5
nextIndex
{'n1': 3, 'n2': 1, 'n3': 3, 'n4': 3, 'n5': 3}
log
[(('pass', None), 0), (('cas', (0, (1, 4))), 1), (('cas', (1, (3, 2))), 1)]

DEBUG:root:sending {"dest": "n5", "src": "n2", "body": {"msg_id": 80, "type": "AppendEntries", "term": 1, "prevIndex": 2, "prevTerm": 1, "entries": [], "commit": 0}}
DEBUG:root:received {"dest":"n2","src":"n1","body":{"msg_id":29,"in_reply_to":77,"type":"AppendEntriesRes","res":true,"term":1,"next":3,"commit":0},"id":188}
DEBUG:root:received {"dest":"n2","src":"n3","body":{"msg_id":25,"in_reply_to":78,"type":"AppendEntriesRes","res":true,"term":1,"next":3,"commit":0},"id":189}
DEBUG:root:received {"dest":"n2","src":"n5","body":{"msg_id":21,"in_reply_to":80,"type":"AppendEntriesRes","res":true,"term":1,"next":3,"commit":0},"id":190}
DEBUG:root:received {"dest":"n2","src":"n4","body":{"msg_id":22,"in_reply_to":79,"type":"AppendEntriesRes","res":true,"term":1,"next":3,"commit":0},"id":191}
INFO:root:sending HB

INFO:root:HBdest
n1
nextIndex
{'n1': 3, 'n2': 1, 'n3': 3, 'n4': 3, 'n5': 3}
log
[(('pass', None), 0), (('cas', (0, (1, 4))), 1), (('cas', (1, (3, 2))), 1)]

DEBUG:root:sending {"dest": "n1", "src": "n2", "body": {"msg_id": 81, "type": "AppendEntries", "term": 1, "prevIndex": 2, "prevTerm": 1, "entries": [], "commit": 0}}
INFO:root:HBdest
n3
nextIndex
{'n1': 3, 'n2': 1, 'n3': 3, 'n4': 3, 'n5': 3}
log
[(('pass', None), 0), (('cas', (0, (1, 4))), 1), (('cas', (1, (3, 2))), 1)]

DEBUG:root:sending {"dest": "n3", "src": "n2", "body": {"msg_id": 82, "type": "AppendEntries", "term": 1, "prevIndex": 2, "prevTerm": 1, "entries": [], "commit": 0}}
INFO:root:HBdest
n4
nextIndex
{'n1': 3, 'n2': 1, 'n3': 3, 'n4': 3, 'n5': 3}
log
[(('pass', None), 0), (('cas', (0, (1, 4))), 1), (('cas', (1, (3, 2))), 1)]

DEBUG:root:sending {"dest": "n4", "src": "n2", "body": {"msg_id": 83, "type": "AppendEntries", "term": 1, "prevIndex": 2, "prevTerm": 1, "entries": [], "commit": 0}}
INFO:root:HBdest
n5
nextIndex
{'n1': 3, 'n2': 1, 'n3': 3, 'n4': 3, 'n5': 3}
log
[(('pass', None), 0), (('cas', (0, (1, 4))), 1), (('cas', (1, (3, 2))), 1)]

DEBUG:root:sending {"dest": "n5", "src": "n2", "body": {"msg_id": 84, "type": "AppendEntries", "term": 1, "prevIndex": 2, "prevTerm": 1, "entries": [], "commit": 0}}
DEBUG:root:received {"dest":"n2","src":"n1","body":{"msg_id":30,"in_reply_to":81,"type":"AppendEntriesRes","res":true,"term":1,"next":3,"commit":0},"id":198}
DEBUG:root:received {"dest":"n2","src":"n3","body":{"msg_id":27,"in_reply_to":82,"type":"AppendEntriesRes","res":true,"term":1,"next":3,"commit":0},"id":199}
DEBUG:root:received {"dest":"n2","src":"n5","body":{"msg_id":22,"in_reply_to":84,"type":"AppendEntriesRes","res":true,"term":1,"next":3,"commit":0},"id":200}
DEBUG:root:received {"dest":"n2","src":"n4","body":{"msg_id":23,"in_reply_to":83,"type":"AppendEntriesRes","res":true,"term":1,"next":3,"commit":0},"id":201}
INFO:root:sending HB

INFO:root:HBdest
n1
nextIndex
{'n1': 3, 'n2': 1, 'n3': 3, 'n4': 3, 'n5': 3}
log
[(('pass', None), 0), (('cas', (0, (1, 4))), 1), (('cas', (1, (3, 2))), 1)]

DEBUG:root:sending {"dest": "n1", "src": "n2", "body": {"msg_id": 85, "type": "AppendEntries", "term": 1, "prevIndex": 2, "prevTerm": 1, "entries": [], "commit": 0}}
INFO:root:HBdest
n3
nextIndex
{'n1': 3, 'n2': 1, 'n3': 3, 'n4': 3, 'n5': 3}
log
[(('pass', None), 0), (('cas', (0, (1, 4))), 1), (('cas', (1, (3, 2))), 1)]

DEBUG:root:sending {"dest": "n3", "src": "n2", "body": {"msg_id": 86, "type": "AppendEntries", "term": 1, "prevIndex": 2, "prevTerm": 1, "entries": [], "commit": 0}}
INFO:root:HBdest
n4
nextIndex
{'n1': 3, 'n2': 1, 'n3': 3, 'n4': 3, 'n5': 3}
log
[(('pass', None), 0), (('cas', (0, (1, 4))), 1), (('cas', (1, (3, 2))), 1)]

DEBUG:root:sending {"dest": "n4", "src": "n2", "body": {"msg_id": 87, "type": "AppendEntries", "term": 1, "prevIndex": 2, "prevTerm": 1, "entries": [], "commit": 0}}
INFO:root:HBdest
n5
nextIndex
{'n1': 3, 'n2': 1, 'n3': 3, 'n4': 3, 'n5': 3}
log
[(('pass', None), 0), (('cas', (0, (1, 4))), 1), (('cas', (1, (3, 2))), 1)]

DEBUG:root:sending {"dest": "n5", "src": "n2", "body": {"msg_id": 88, "type": "AppendEntries", "term": 1, "prevIndex": 2, "prevTerm": 1, "entries": [], "commit": 0}}
DEBUG:root:received {"dest":"n2","src":"n1","body":{"msg_id":31,"in_reply_to":85,"type":"AppendEntriesRes","res":true,"term":1,"next":3,"commit":0},"id":206}
DEBUG:root:received {"dest":"n2","src":"n3","body":{"msg_id":28,"in_reply_to":86,"type":"AppendEntriesRes","res":true,"term":1,"next":3,"commit":0},"id":207}
DEBUG:root:received {"dest":"n2","src":"n4","body":{"msg_id":24,"in_reply_to":87,"type":"AppendEntriesRes","res":true,"term":1,"next":3,"commit":0},"id":208}
DEBUG:root:received {"dest":"n2","src":"n5","body":{"msg_id":23,"in_reply_to":88,"type":"AppendEntriesRes","res":true,"term":1,"next":3,"commit":0},"id":209}
INFO:root:sending HB

INFO:root:HBdest
n1
nextIndex
{'n1': 3, 'n2': 1, 'n3': 3, 'n4': 3, 'n5': 3}
log
[(('pass', None), 0), (('cas', (0, (1, 4))), 1), (('cas', (1, (3, 2))), 1)]

DEBUG:root:sending {"dest": "n1", "src": "n2", "body": {"msg_id": 89, "type": "AppendEntries", "term": 1, "prevIndex": 2, "prevTerm": 1, "entries": [], "commit": 0}}
INFO:root:HBdest
n3
nextIndex
{'n1': 3, 'n2': 1, 'n3': 3, 'n4': 3, 'n5': 3}
log
[(('pass', None), 0), (('cas', (0, (1, 4))), 1), (('cas', (1, (3, 2))), 1)]

DEBUG:root:sending {"dest": "n3", "src": "n2", "body": {"msg_id": 90, "type": "AppendEntries", "term": 1, "prevIndex": 2, "prevTerm": 1, "entries": [], "commit": 0}}
INFO:root:HBdest
n4
nextIndex
{'n1': 3, 'n2': 1, 'n3': 3, 'n4': 3, 'n5': 3}
log
[(('pass', None), 0), (('cas', (0, (1, 4))), 1), (('cas', (1, (3, 2))), 1)]

DEBUG:root:sending {"dest": "n4", "src": "n2", "body": {"msg_id": 91, "type": "AppendEntries", "term": 1, "prevIndex": 2, "prevTerm": 1, "entries": [], "commit": 0}}
INFO:root:HBdest
n5
nextIndex
{'n1': 3, 'n2': 1, 'n3': 3, 'n4': 3, 'n5': 3}
log
[(('pass', None), 0), (('cas', (0, (1, 4))), 1), (('cas', (1, (3, 2))), 1)]

DEBUG:root:sending {"dest": "n5", "src": "n2", "body": {"msg_id": 92, "type": "AppendEntries", "term": 1, "prevIndex": 2, "prevTerm": 1, "entries": [], "commit": 0}}
DEBUG:root:received {"dest":"n2","src":"n3","body":{"msg_id":30,"in_reply_to":90,"type":"AppendEntriesRes","res":true,"term":1,"next":3,"commit":0},"id":217}
DEBUG:root:received {"dest":"n2","src":"n1","body":{"msg_id":32,"in_reply_to":89,"type":"AppendEntriesRes","res":true,"term":1,"next":3,"commit":0},"id":216}
DEBUG:root:received {"dest":"n2","src":"n4","body":{"msg_id":25,"in_reply_to":91,"type":"AppendEntriesRes","res":true,"term":1,"next":3,"commit":0},"id":218}
DEBUG:root:received {"dest":"n2","src":"n5","body":{"msg_id":24,"in_reply_to":92,"type":"AppendEntriesRes","res":true,"term":1,"next":3,"commit":0},"id":219}
INFO:root:sending HB

INFO:root:HBdest
n1
nextIndex
{'n1': 3, 'n2': 1, 'n3': 3, 'n4': 3, 'n5': 3}
log
[(('pass', None), 0), (('cas', (0, (1, 4))), 1), (('cas', (1, (3, 2))), 1)]

DEBUG:root:sending {"dest": "n1", "src": "n2", "body": {"msg_id": 93, "type": "AppendEntries", "term": 1, "prevIndex": 2, "prevTerm": 1, "entries": [], "commit": 0}}
INFO:root:HBdest
n3
nextIndex
{'n1': 3, 'n2': 1, 'n3': 3, 'n4': 3, 'n5': 3}
log
[(('pass', None), 0), (('cas', (0, (1, 4))), 1), (('cas', (1, (3, 2))), 1)]

DEBUG:root:sending {"dest": "n3", "src": "n2", "body": {"msg_id": 94, "type": "AppendEntries", "term": 1, "prevIndex": 2, "prevTerm": 1, "entries": [], "commit": 0}}
INFO:root:HBdest
n4
nextIndex
{'n1': 3, 'n2': 1, 'n3': 3, 'n4': 3, 'n5': 3}
log
[(('pass', None), 0), (('cas', (0, (1, 4))), 1), (('cas', (1, (3, 2))), 1)]

DEBUG:root:sending {"dest": "n4", "src": "n2", "body": {"msg_id": 95, "type": "AppendEntries", "term": 1, "prevIndex": 2, "prevTerm": 1, "entries": [], "commit": 0}}
INFO:root:HBdest
n5
nextIndex
{'n1': 3, 'n2': 1, 'n3': 3, 'n4': 3, 'n5': 3}
log
[(('pass', None), 0), (('cas', (0, (1, 4))), 1), (('cas', (1, (3, 2))), 1)]

DEBUG:root:sending {"dest": "n5", "src": "n2", "body": {"msg_id": 96, "type": "AppendEntries", "term": 1, "prevIndex": 2, "prevTerm": 1, "entries": [], "commit": 0}}
DEBUG:root:received {"dest":"n2","src":"n1","body":{"msg_id":33,"in_reply_to":93,"type":"AppendEntriesRes","res":true,"term":1,"next":3,"commit":0},"id":224}
DEBUG:root:received {"dest":"n2","src":"n3","body":{"msg_id":31,"in_reply_to":94,"type":"AppendEntriesRes","res":true,"term":1,"next":3,"commit":0},"id":225}
DEBUG:root:received {"dest":"n2","src":"n4","body":{"msg_id":26,"in_reply_to":95,"type":"AppendEntriesRes","res":true,"term":1,"next":3,"commit":0},"id":226}
DEBUG:root:received {"dest":"n2","src":"n5","body":{"msg_id":25,"in_reply_to":96,"type":"AppendEntriesRes","res":true,"term":1,"next":3,"commit":0},"id":227}
INFO:root:sending HB

INFO:root:HBdest
n1
nextIndex
{'n1': 3, 'n2': 1, 'n3': 3, 'n4': 3, 'n5': 3}
log
[(('pass', None), 0), (('cas', (0, (1, 4))), 1), (('cas', (1, (3, 2))), 1)]

DEBUG:root:sending {"dest": "n1", "src": "n2", "body": {"msg_id": 97, "type": "AppendEntries", "term": 1, "prevIndex": 2, "prevTerm": 1, "entries": [], "commit": 0}}
INFO:root:HBdest
n3
nextIndex
{'n1': 3, 'n2': 1, 'n3': 3, 'n4': 3, 'n5': 3}
log
[(('pass', None), 0), (('cas', (0, (1, 4))), 1), (('cas', (1, (3, 2))), 1)]

DEBUG:root:sending {"dest": "n3", "src": "n2", "body": {"msg_id": 98, "type": "AppendEntries", "term": 1, "prevIndex": 2, "prevTerm": 1, "entries": [], "commit": 0}}
INFO:root:HBdest
n4
nextIndex
{'n1': 3, 'n2': 1, 'n3': 3, 'n4': 3, 'n5': 3}
log
[(('pass', None), 0), (('cas', (0, (1, 4))), 1), (('cas', (1, (3, 2))), 1)]

DEBUG:root:sending {"dest": "n4", "src": "n2", "body": {"msg_id": 99, "type": "AppendEntries", "term": 1, "prevIndex": 2, "prevTerm": 1, "entries": [], "commit": 0}}
INFO:root:HBdest
n5
nextIndex
{'n1': 3, 'n2': 1, 'n3': 3, 'n4': 3, 'n5': 3}
log
[(('pass', None), 0), (('cas', (0, (1, 4))), 1), (('cas', (1, (3, 2))), 1)]

DEBUG:root:sending {"dest": "n5", "src": "n2", "body": {"msg_id": 100, "type": "AppendEntries", "term": 1, "prevIndex": 2, "prevTerm": 1, "entries": [], "commit": 0}}
DEBUG:root:received {"dest":"n2","src":"n3","body":{"msg_id":32,"in_reply_to":98,"type":"AppendEntriesRes","res":true,"term":1,"next":3,"commit":0},"id":232}
DEBUG:root:received {"dest":"n2","src":"n1","body":{"msg_id":34,"in_reply_to":97,"type":"AppendEntriesRes","res":true,"term":1,"next":3,"commit":0},"id":233}
DEBUG:root:received {"dest":"n2","src":"n4","body":{"msg_id":27,"in_reply_to":99,"type":"AppendEntriesRes","res":true,"term":1,"next":3,"commit":0},"id":235}
DEBUG:root:received {"dest":"n2","body":{"key":1,"from":4,"to":3,"type":"cas","msg_id":1},"src":"c18","id":234}
DEBUG:root:received {"dest":"n2","src":"n5","body":{"msg_id":26,"in_reply_to":100,"type":"AppendEntriesRes","res":true,"term":1,"next":3,"commit":0},"id":236}
DEBUG:root:sending {"dest": "n1", "src": "n2", "body": {"msg_id": 101, "type": "AppendEntries", "term": 1, "entries": [[["cas", [1, [4, 3]]], 1]], "prevIndex": 2, "prevTerm": 1, "commit": 0}}
DEBUG:root:sending {"dest": "n3", "src": "n2", "body": {"msg_id": 102, "type": "AppendEntries", "term": 1, "entries": [[["cas", [1, [4, 3]]], 1]], "prevIndex": 2, "prevTerm": 1, "commit": 0}}
DEBUG:root:sending {"dest": "n4", "src": "n2", "body": {"msg_id": 103, "type": "AppendEntries", "term": 1, "entries": [[["cas", [1, [4, 3]]], 1]], "prevIndex": 2, "prevTerm": 1, "commit": 0}}
DEBUG:root:sending {"dest": "n5", "src": "n2", "body": {"msg_id": 104, "type": "AppendEntries", "term": 1, "entries": [[["cas", [1, [4, 3]]], 1]], "prevIndex": 2, "prevTerm": 1, "commit": 0}}
DEBUG:root:received {"dest":"n2","src":"n1","body":{"msg_id":35,"in_reply_to":101,"type":"AppendEntriesRes","res":true,"term":1,"next":4,"commit":0},"id":241}
DEBUG:root:received {"dest":"n2","src":"n3","body":{"msg_id":33,"in_reply_to":102,"type":"AppendEntriesRes","res":true,"term":1,"next":4,"commit":0},"id":242}
DEBUG:root:received {"dest":"n2","src":"n4","body":{"msg_id":28,"in_reply_to":103,"type":"AppendEntriesRes","res":true,"term":1,"next":4,"commit":0},"id":243}
DEBUG:root:received {"dest":"n2","src":"n5","body":{"msg_id":27,"in_reply_to":104,"type":"AppendEntriesRes","res":true,"term":1,"next":4,"commit":0},"id":244}
INFO:root:sending HB

INFO:root:HBdest
n1
nextIndex
{'n1': 4, 'n2': 1, 'n3': 4, 'n4': 4, 'n5': 4}
log
[(('pass', None), 0), (('cas', (0, (1, 4))), 1), (('cas', (1, (3, 2))), 1), (('cas', (1, (4, 3))), 1)]

DEBUG:root:sending {"dest": "n1", "src": "n2", "body": {"msg_id": 105, "type": "AppendEntries", "term": 1, "prevIndex": 3, "prevTerm": 1, "entries": [], "commit": 0}}
INFO:root:HBdest
n3
nextIndex
{'n1': 4, 'n2': 1, 'n3': 4, 'n4': 4, 'n5': 4}
log
[(('pass', None), 0), (('cas', (0, (1, 4))), 1), (('cas', (1, (3, 2))), 1), (('cas', (1, (4, 3))), 1)]

DEBUG:root:sending {"dest": "n3", "src": "n2", "body": {"msg_id": 106, "type": "AppendEntries", "term": 1, "prevIndex": 3, "prevTerm": 1, "entries": [], "commit": 0}}
INFO:root:HBdest
n4
nextIndex
{'n1': 4, 'n2': 1, 'n3': 4, 'n4': 4, 'n5': 4}
log
[(('pass', None), 0), (('cas', (0, (1, 4))), 1), (('cas', (1, (3, 2))), 1), (('cas', (1, (4, 3))), 1)]

DEBUG:root:sending {"dest": "n4", "src": "n2", "body": {"msg_id": 107, "type": "AppendEntries", "term": 1, "prevIndex": 3, "prevTerm": 1, "entries": [], "commit": 0}}
INFO:root:HBdest
n5
nextIndex
{'n1': 4, 'n2': 1, 'n3': 4, 'n4': 4, 'n5': 4}
log
[(('pass', None), 0), (('cas', (0, (1, 4))), 1), (('cas', (1, (3, 2))), 1), (('cas', (1, (4, 3))), 1)]

DEBUG:root:sending {"dest": "n5", "src": "n2", "body": {"msg_id": 108, "type": "AppendEntries", "term": 1, "prevIndex": 3, "prevTerm": 1, "entries": [], "commit": 0}}
DEBUG:root:received {"dest":"n2","src":"n1","body":{"msg_id":36,"in_reply_to":105,"type":"AppendEntriesRes","res":true,"term":1,"next":4,"commit":0},"id":249}
DEBUG:root:received {"dest":"n2","src":"n3","body":{"msg_id":34,"in_reply_to":106,"type":"AppendEntriesRes","res":true,"term":1,"next":4,"commit":0},"id":250}
DEBUG:root:received {"dest":"n2","src":"n4","body":{"msg_id":29,"in_reply_to":107,"type":"AppendEntriesRes","res":true,"term":1,"next":4,"commit":0},"id":251}
DEBUG:root:received {"dest":"n2","src":"n5","body":{"msg_id":28,"in_reply_to":108,"type":"AppendEntriesRes","res":true,"term":1,"next":4,"commit":0},"id":252}
INFO:root:sending HB

INFO:root:HBdest
n1
nextIndex
{'n1': 4, 'n2': 1, 'n3': 4, 'n4': 4, 'n5': 4}
log
[(('pass', None), 0), (('cas', (0, (1, 4))), 1), (('cas', (1, (3, 2))), 1), (('cas', (1, (4, 3))), 1)]

DEBUG:root:sending {"dest": "n1", "src": "n2", "body": {"msg_id": 109, "type": "AppendEntries", "term": 1, "prevIndex": 3, "prevTerm": 1, "entries": [], "commit": 0}}
INFO:root:HBdest
n3
nextIndex
{'n1': 4, 'n2': 1, 'n3': 4, 'n4': 4, 'n5': 4}
log
[(('pass', None), 0), (('cas', (0, (1, 4))), 1), (('cas', (1, (3, 2))), 1), (('cas', (1, (4, 3))), 1)]

DEBUG:root:sending {"dest": "n3", "src": "n2", "body": {"msg_id": 110, "type": "AppendEntries", "term": 1, "prevIndex": 3, "prevTerm": 1, "entries": [], "commit": 0}}
INFO:root:HBdest
n4
nextIndex
{'n1': 4, 'n2': 1, 'n3': 4, 'n4': 4, 'n5': 4}
log
[(('pass', None), 0), (('cas', (0, (1, 4))), 1), (('cas', (1, (3, 2))), 1), (('cas', (1, (4, 3))), 1)]

DEBUG:root:sending {"dest": "n4", "src": "n2", "body": {"msg_id": 111, "type": "AppendEntries", "term": 1, "prevIndex": 3, "prevTerm": 1, "entries": [], "commit": 0}}
INFO:root:HBdest
n5
nextIndex
{'n1': 4, 'n2': 1, 'n3': 4, 'n4': 4, 'n5': 4}
log
[(('pass', None), 0), (('cas', (0, (1, 4))), 1), (('cas', (1, (3, 2))), 1), (('cas', (1, (4, 3))), 1)]

DEBUG:root:sending {"dest": "n5", "src": "n2", "body": {"msg_id": 112, "type": "AppendEntries", "term": 1, "prevIndex": 3, "prevTerm": 1, "entries": [], "commit": 0}}
DEBUG:root:received {"dest":"n2","src":"n1","body":{"msg_id":37,"in_reply_to":109,"type":"AppendEntriesRes","res":true,"term":1,"next":4,"commit":0},"id":259}
DEBUG:root:received {"dest":"n2","src":"n3","body":{"msg_id":35,"in_reply_to":110,"type":"AppendEntriesRes","res":true,"term":1,"next":4,"commit":0},"id":260}
DEBUG:root:received {"dest":"n2","src":"n4","body":{"msg_id":30,"in_reply_to":111,"type":"AppendEntriesRes","res":true,"term":1,"next":4,"commit":0},"id":261}
DEBUG:root:received {"dest":"n2","src":"n5","body":{"msg_id":30,"in_reply_to":112,"type":"AppendEntriesRes","res":true,"term":1,"next":4,"commit":0},"id":262}
INFO:root:sending HB

INFO:root:HBdest
n1
nextIndex
{'n1': 4, 'n2': 1, 'n3': 4, 'n4': 4, 'n5': 4}
log
[(('pass', None), 0), (('cas', (0, (1, 4))), 1), (('cas', (1, (3, 2))), 1), (('cas', (1, (4, 3))), 1)]

DEBUG:root:sending {"dest": "n1", "src": "n2", "body": {"msg_id": 113, "type": "AppendEntries", "term": 1, "prevIndex": 3, "prevTerm": 1, "entries": [], "commit": 0}}
INFO:root:HBdest
n3
nextIndex
{'n1': 4, 'n2': 1, 'n3': 4, 'n4': 4, 'n5': 4}
log
[(('pass', None), 0), (('cas', (0, (1, 4))), 1), (('cas', (1, (3, 2))), 1), (('cas', (1, (4, 3))), 1)]

DEBUG:root:sending {"dest": "n3", "src": "n2", "body": {"msg_id": 114, "type": "AppendEntries", "term": 1, "prevIndex": 3, "prevTerm": 1, "entries": [], "commit": 0}}
INFO:root:HBdest
n4
nextIndex
{'n1': 4, 'n2': 1, 'n3': 4, 'n4': 4, 'n5': 4}
log
[(('pass', None), 0), (('cas', (0, (1, 4))), 1), (('cas', (1, (3, 2))), 1), (('cas', (1, (4, 3))), 1)]

DEBUG:root:sending {"dest": "n4", "src": "n2", "body": {"msg_id": 115, "type": "AppendEntries", "term": 1, "prevIndex": 3, "prevTerm": 1, "entries": [], "commit": 0}}
INFO:root:HBdest
n5
nextIndex
{'n1': 4, 'n2': 1, 'n3': 4, 'n4': 4, 'n5': 4}
log
[(('pass', None), 0), (('cas', (0, (1, 4))), 1), (('cas', (1, (3, 2))), 1), (('cas', (1, (4, 3))), 1)]

DEBUG:root:sending {"dest": "n5", "src": "n2", "body": {"msg_id": 116, "type": "AppendEntries", "term": 1, "prevIndex": 3, "prevTerm": 1, "entries": [], "commit": 0}}
DEBUG:root:received {"dest":"n2","src":"n1","body":{"msg_id":38,"in_reply_to":113,"type":"AppendEntriesRes","res":true,"term":1,"next":4,"commit":0},"id":267}
DEBUG:root:received {"dest":"n2","src":"n3","body":{"msg_id":36,"in_reply_to":114,"type":"AppendEntriesRes","res":true,"term":1,"next":4,"commit":0},"id":268}
DEBUG:root:received {"dest":"n2","src":"n4","body":{"msg_id":31,"in_reply_to":115,"type":"AppendEntriesRes","res":true,"term":1,"next":4,"commit":0},"id":269}
DEBUG:root:received {"dest":"n2","src":"n5","body":{"msg_id":31,"in_reply_to":116,"type":"AppendEntriesRes","res":true,"term":1,"next":4,"commit":0},"id":270}
INFO:root:sending HB

INFO:root:HBdest
n1
nextIndex
{'n1': 4, 'n2': 1, 'n3': 4, 'n4': 4, 'n5': 4}
log
[(('pass', None), 0), (('cas', (0, (1, 4))), 1), (('cas', (1, (3, 2))), 1), (('cas', (1, (4, 3))), 1)]

DEBUG:root:sending {"dest": "n1", "src": "n2", "body": {"msg_id": 117, "type": "AppendEntries", "term": 1, "prevIndex": 3, "prevTerm": 1, "entries": [], "commit": 0}}
INFO:root:HBdest
n3
nextIndex
{'n1': 4, 'n2': 1, 'n3': 4, 'n4': 4, 'n5': 4}
log
[(('pass', None), 0), (('cas', (0, (1, 4))), 1), (('cas', (1, (3, 2))), 1), (('cas', (1, (4, 3))), 1)]

DEBUG:root:sending {"dest": "n3", "src": "n2", "body": {"msg_id": 118, "type": "AppendEntries", "term": 1, "prevIndex": 3, "prevTerm": 1, "entries": [], "commit": 0}}
INFO:root:HBdest
n4
nextIndex
{'n1': 4, 'n2': 1, 'n3': 4, 'n4': 4, 'n5': 4}
log
[(('pass', None), 0), (('cas', (0, (1, 4))), 1), (('cas', (1, (3, 2))), 1), (('cas', (1, (4, 3))), 1)]

DEBUG:root:sending {"dest": "n4", "src": "n2", "body": {"msg_id": 119, "type": "AppendEntries", "term": 1, "prevIndex": 3, "prevTerm": 1, "entries": [], "commit": 0}}
INFO:root:HBdest
n5
nextIndex
{'n1': 4, 'n2': 1, 'n3': 4, 'n4': 4, 'n5': 4}
log
[(('pass', None), 0), (('cas', (0, (1, 4))), 1), (('cas', (1, (3, 2))), 1), (('cas', (1, (4, 3))), 1)]

DEBUG:root:sending {"dest": "n5", "src": "n2", "body": {"msg_id": 120, "type": "AppendEntries", "term": 1, "prevIndex": 3, "prevTerm": 1, "entries": [], "commit": 0}}
DEBUG:root:received {"dest":"n2","src":"n1","body":{"msg_id":39,"in_reply_to":117,"type":"AppendEntriesRes","res":true,"term":1,"next":4,"commit":0},"id":275}
DEBUG:root:received {"dest":"n2","src":"n4","body":{"msg_id":32,"in_reply_to":119,"type":"AppendEntriesRes","res":true,"term":1,"next":4,"commit":0},"id":276}
DEBUG:root:received {"dest":"n2","src":"n5","body":{"msg_id":32,"in_reply_to":120,"type":"AppendEntriesRes","res":true,"term":1,"next":4,"commit":0},"id":277}
DEBUG:root:received {"dest":"n2","src":"n3","body":{"msg_id":37,"in_reply_to":118,"type":"AppendEntriesRes","res":true,"term":1,"next":4,"commit":0},"id":278}
INFO:root:sending HB

INFO:root:HBdest
n1
nextIndex
{'n1': 4, 'n2': 1, 'n3': 4, 'n4': 4, 'n5': 4}
log
[(('pass', None), 0), (('cas', (0, (1, 4))), 1), (('cas', (1, (3, 2))), 1), (('cas', (1, (4, 3))), 1)]

DEBUG:root:sending {"dest": "n1", "src": "n2", "body": {"msg_id": 121, "type": "AppendEntries", "term": 1, "prevIndex": 3, "prevTerm": 1, "entries": [], "commit": 0}}
INFO:root:HBdest
n3
nextIndex
{'n1': 4, 'n2': 1, 'n3': 4, 'n4': 4, 'n5': 4}
log
[(('pass', None), 0), (('cas', (0, (1, 4))), 1), (('cas', (1, (3, 2))), 1), (('cas', (1, (4, 3))), 1)]

DEBUG:root:sending {"dest": "n3", "src": "n2", "body": {"msg_id": 122, "type": "AppendEntries", "term": 1, "prevIndex": 3, "prevTerm": 1, "entries": [], "commit": 0}}
INFO:root:HBdest
n4
nextIndex
{'n1': 4, 'n2': 1, 'n3': 4, 'n4': 4, 'n5': 4}
log
[(('pass', None), 0), (('cas', (0, (1, 4))), 1), (('cas', (1, (3, 2))), 1), (('cas', (1, (4, 3))), 1)]

DEBUG:root:sending {"dest": "n4", "src": "n2", "body": {"msg_id": 123, "type": "AppendEntries", "term": 1, "prevIndex": 3, "prevTerm": 1, "entries": [], "commit": 0}}
INFO:root:HBdest
n5
nextIndex
{'n1': 4, 'n2': 1, 'n3': 4, 'n4': 4, 'n5': 4}
log
[(('pass', None), 0), (('cas', (0, (1, 4))), 1), (('cas', (1, (3, 2))), 1), (('cas', (1, (4, 3))), 1)]

DEBUG:root:sending {"dest": "n5", "src": "n2", "body": {"msg_id": 124, "type": "AppendEntries", "term": 1, "prevIndex": 3, "prevTerm": 1, "entries": [], "commit": 0}}
DEBUG:root:received {"dest":"n2","src":"n1","body":{"msg_id":40,"in_reply_to":121,"type":"AppendEntriesRes","res":true,"term":1,"next":4,"commit":0},"id":283}
DEBUG:root:received {"dest":"n2","src":"n5","body":{"msg_id":33,"in_reply_to":124,"type":"AppendEntriesRes","res":true,"term":1,"next":4,"commit":0},"id":284}
DEBUG:root:received {"dest":"n2","src":"n4","body":{"msg_id":33,"in_reply_to":123,"type":"AppendEntriesRes","res":true,"term":1,"next":4,"commit":0},"id":285}
DEBUG:root:received {"dest":"n2","src":"n3","body":{"msg_id":38,"in_reply_to":122,"type":"AppendEntriesRes","res":true,"term":1,"next":4,"commit":0},"id":286}
INFO:root:sending HB

INFO:root:HBdest
n1
nextIndex
{'n1': 4, 'n2': 1, 'n3': 4, 'n4': 4, 'n5': 4}
log
[(('pass', None), 0), (('cas', (0, (1, 4))), 1), (('cas', (1, (3, 2))), 1), (('cas', (1, (4, 3))), 1)]

DEBUG:root:sending {"dest": "n1", "src": "n2", "body": {"msg_id": 125, "type": "AppendEntries", "term": 1, "prevIndex": 3, "prevTerm": 1, "entries": [], "commit": 0}}
INFO:root:HBdest
n3
nextIndex
{'n1': 4, 'n2': 1, 'n3': 4, 'n4': 4, 'n5': 4}
log
[(('pass', None), 0), (('cas', (0, (1, 4))), 1), (('cas', (1, (3, 2))), 1), (('cas', (1, (4, 3))), 1)]

DEBUG:root:sending {"dest": "n3", "src": "n2", "body": {"msg_id": 126, "type": "AppendEntries", "term": 1, "prevIndex": 3, "prevTerm": 1, "entries": [], "commit": 0}}
INFO:root:HBdest
n4
nextIndex
{'n1': 4, 'n2': 1, 'n3': 4, 'n4': 4, 'n5': 4}
log
[(('pass', None), 0), (('cas', (0, (1, 4))), 1), (('cas', (1, (3, 2))), 1), (('cas', (1, (4, 3))), 1)]

DEBUG:root:sending {"dest": "n4", "src": "n2", "body": {"msg_id": 127, "type": "AppendEntries", "term": 1, "prevIndex": 3, "prevTerm": 1, "entries": [], "commit": 0}}
INFO:root:HBdest
n5
nextIndex
{'n1': 4, 'n2': 1, 'n3': 4, 'n4': 4, 'n5': 4}
log
[(('pass', None), 0), (('cas', (0, (1, 4))), 1), (('cas', (1, (3, 2))), 1), (('cas', (1, (4, 3))), 1)]

DEBUG:root:sending {"dest": "n5", "src": "n2", "body": {"msg_id": 128, "type": "AppendEntries", "term": 1, "prevIndex": 3, "prevTerm": 1, "entries": [], "commit": 0}}
DEBUG:root:received {"dest":"n2","src":"n3","body":{"msg_id":39,"in_reply_to":126,"type":"AppendEntriesRes","res":true,"term":1,"next":4,"commit":0},"id":292}
DEBUG:root:received {"dest":"n2","src":"n1","body":{"msg_id":41,"in_reply_to":125,"type":"AppendEntriesRes","res":true,"term":1,"next":4,"commit":0},"id":291}
DEBUG:root:received {"dest":"n2","src":"n4","body":{"msg_id":34,"in_reply_to":127,"type":"AppendEntriesRes","res":true,"term":1,"next":4,"commit":0},"id":293}
DEBUG:root:received {"dest":"n2","src":"n5","body":{"msg_id":34,"in_reply_to":128,"type":"AppendEntriesRes","res":true,"term":1,"next":4,"commit":0},"id":294}
INFO:root:sending HB

INFO:root:HBdest
n1
nextIndex
{'n1': 4, 'n2': 1, 'n3': 4, 'n4': 4, 'n5': 4}
log
[(('pass', None), 0), (('cas', (0, (1, 4))), 1), (('cas', (1, (3, 2))), 1), (('cas', (1, (4, 3))), 1)]

DEBUG:root:sending {"dest": "n1", "src": "n2", "body": {"msg_id": 129, "type": "AppendEntries", "term": 1, "prevIndex": 3, "prevTerm": 1, "entries": [], "commit": 0}}
INFO:root:HBdest
n3
nextIndex
{'n1': 4, 'n2': 1, 'n3': 4, 'n4': 4, 'n5': 4}
log
[(('pass', None), 0), (('cas', (0, (1, 4))), 1), (('cas', (1, (3, 2))), 1), (('cas', (1, (4, 3))), 1)]

DEBUG:root:sending {"dest": "n3", "src": "n2", "body": {"msg_id": 130, "type": "AppendEntries", "term": 1, "prevIndex": 3, "prevTerm": 1, "entries": [], "commit": 0}}
INFO:root:HBdest
n4
nextIndex
{'n1': 4, 'n2': 1, 'n3': 4, 'n4': 4, 'n5': 4}
log
[(('pass', None), 0), (('cas', (0, (1, 4))), 1), (('cas', (1, (3, 2))), 1), (('cas', (1, (4, 3))), 1)]

DEBUG:root:sending {"dest": "n4", "src": "n2", "body": {"msg_id": 131, "type": "AppendEntries", "term": 1, "prevIndex": 3, "prevTerm": 1, "entries": [], "commit": 0}}
INFO:root:HBdest
n5
nextIndex
{'n1': 4, 'n2': 1, 'n3': 4, 'n4': 4, 'n5': 4}
log
[(('pass', None), 0), (('cas', (0, (1, 4))), 1), (('cas', (1, (3, 2))), 1), (('cas', (1, (4, 3))), 1)]

DEBUG:root:sending {"dest": "n5", "src": "n2", "body": {"msg_id": 132, "type": "AppendEntries", "term": 1, "prevIndex": 3, "prevTerm": 1, "entries": [], "commit": 0}}
DEBUG:root:received {"dest":"n2","src":"n1","body":{"msg_id":42,"in_reply_to":129,"type":"AppendEntriesRes","res":true,"term":1,"next":4,"commit":0},"id":299}
DEBUG:root:received {"dest":"n2","src":"n3","body":{"msg_id":40,"in_reply_to":130,"type":"AppendEntriesRes","res":true,"term":1,"next":4,"commit":0},"id":300}
DEBUG:root:received {"dest":"n2","src":"n5","body":{"msg_id":35,"in_reply_to":132,"type":"AppendEntriesRes","res":true,"term":1,"next":4,"commit":0},"id":301}
DEBUG:root:received {"dest":"n2","src":"n4","body":{"msg_id":35,"in_reply_to":131,"type":"AppendEntriesRes","res":true,"term":1,"next":4,"commit":0},"id":302}
INFO:root:sending HB

INFO:root:HBdest
n1
nextIndex
{'n1': 4, 'n2': 1, 'n3': 4, 'n4': 4, 'n5': 4}
log
[(('pass', None), 0), (('cas', (0, (1, 4))), 1), (('cas', (1, (3, 2))), 1), (('cas', (1, (4, 3))), 1)]

DEBUG:root:sending {"dest": "n1", "src": "n2", "body": {"msg_id": 133, "type": "AppendEntries", "term": 1, "prevIndex": 3, "prevTerm": 1, "entries": [], "commit": 0}}
INFO:root:HBdest
n3
nextIndex
{'n1': 4, 'n2': 1, 'n3': 4, 'n4': 4, 'n5': 4}
log
[(('pass', None), 0), (('cas', (0, (1, 4))), 1), (('cas', (1, (3, 2))), 1), (('cas', (1, (4, 3))), 1)]

DEBUG:root:sending {"dest": "n3", "src": "n2", "body": {"msg_id": 134, "type": "AppendEntries", "term": 1, "prevIndex": 3, "prevTerm": 1, "entries": [], "commit": 0}}
INFO:root:HBdest
n4
nextIndex
{'n1': 4, 'n2': 1, 'n3': 4, 'n4': 4, 'n5': 4}
log
[(('pass', None), 0), (('cas', (0, (1, 4))), 1), (('cas', (1, (3, 2))), 1), (('cas', (1, (4, 3))), 1)]

DEBUG:root:sending {"dest": "n4", "src": "n2", "body": {"msg_id": 135, "type": "AppendEntries", "term": 1, "prevIndex": 3, "prevTerm": 1, "entries": [], "commit": 0}}
INFO:root:HBdest
n5
nextIndex
{'n1': 4, 'n2': 1, 'n3': 4, 'n4': 4, 'n5': 4}
log
[(('pass', None), 0), (('cas', (0, (1, 4))), 1), (('cas', (1, (3, 2))), 1), (('cas', (1, (4, 3))), 1)]

DEBUG:root:sending {"dest": "n5", "src": "n2", "body": {"msg_id": 136, "type": "AppendEntries", "term": 1, "prevIndex": 3, "prevTerm": 1, "entries": [], "commit": 0}}
DEBUG:root:received {"dest":"n2","src":"n1","body":{"msg_id":43,"in_reply_to":133,"type":"AppendEntriesRes","res":true,"term":1,"next":4,"commit":0},"id":307}
DEBUG:root:received {"dest":"n2","src":"n3","body":{"msg_id":41,"in_reply_to":134,"type":"AppendEntriesRes","res":true,"term":1,"next":4,"commit":0},"id":308}
DEBUG:root:received {"dest":"n2","src":"n5","body":{"msg_id":36,"in_reply_to":136,"type":"AppendEntriesRes","res":true,"term":1,"next":4,"commit":0},"id":309}
DEBUG:root:received {"dest":"n2","src":"n4","body":{"msg_id":36,"in_reply_to":135,"type":"AppendEntriesRes","res":true,"term":1,"next":4,"commit":0},"id":310}
INFO:root:sending HB

INFO:root:HBdest
n1
nextIndex
{'n1': 4, 'n2': 1, 'n3': 4, 'n4': 4, 'n5': 4}
log
[(('pass', None), 0), (('cas', (0, (1, 4))), 1), (('cas', (1, (3, 2))), 1), (('cas', (1, (4, 3))), 1)]

DEBUG:root:sending {"dest": "n1", "src": "n2", "body": {"msg_id": 137, "type": "AppendEntries", "term": 1, "prevIndex": 3, "prevTerm": 1, "entries": [], "commit": 0}}
INFO:root:HBdest
n3
nextIndex
{'n1': 4, 'n2': 1, 'n3': 4, 'n4': 4, 'n5': 4}
log
[(('pass', None), 0), (('cas', (0, (1, 4))), 1), (('cas', (1, (3, 2))), 1), (('cas', (1, (4, 3))), 1)]

DEBUG:root:sending {"dest": "n3", "src": "n2", "body": {"msg_id": 138, "type": "AppendEntries", "term": 1, "prevIndex": 3, "prevTerm": 1, "entries": [], "commit": 0}}
INFO:root:HBdest
n4
nextIndex
{'n1': 4, 'n2': 1, 'n3': 4, 'n4': 4, 'n5': 4}
log
[(('pass', None), 0), (('cas', (0, (1, 4))), 1), (('cas', (1, (3, 2))), 1), (('cas', (1, (4, 3))), 1)]

DEBUG:root:sending {"dest": "n4", "src": "n2", "body": {"msg_id": 139, "type": "AppendEntries", "term": 1, "prevIndex": 3, "prevTerm": 1, "entries": [], "commit": 0}}
INFO:root:HBdest
n5
nextIndex
{'n1': 4, 'n2': 1, 'n3': 4, 'n4': 4, 'n5': 4}
log
[(('pass', None), 0), (('cas', (0, (1, 4))), 1), (('cas', (1, (3, 2))), 1), (('cas', (1, (4, 3))), 1)]

DEBUG:root:sending {"dest": "n5", "src": "n2", "body": {"msg_id": 140, "type": "AppendEntries", "term": 1, "prevIndex": 3, "prevTerm": 1, "entries": [], "commit": 0}}
DEBUG:root:received {"dest":"n2","src":"n1","body":{"msg_id":44,"in_reply_to":137,"type":"AppendEntriesRes","res":true,"term":1,"next":4,"commit":0},"id":315}
DEBUG:root:received {"dest":"n2","src":"n3","body":{"msg_id":42,"in_reply_to":138,"type":"AppendEntriesRes","res":true,"term":1,"next":4,"commit":0},"id":316}
DEBUG:root:received {"dest":"n2","src":"n4","body":{"msg_id":37,"in_reply_to":139,"type":"AppendEntriesRes","res":true,"term":1,"next":4,"commit":0},"id":317}
DEBUG:root:received {"dest":"n2","src":"n5","body":{"msg_id":37,"in_reply_to":140,"type":"AppendEntriesRes","res":true,"term":1,"next":4,"commit":0},"id":318}
INFO:root:sending HB

INFO:root:HBdest
n1
nextIndex
{'n1': 4, 'n2': 1, 'n3': 4, 'n4': 4, 'n5': 4}
log
[(('pass', None), 0), (('cas', (0, (1, 4))), 1), (('cas', (1, (3, 2))), 1), (('cas', (1, (4, 3))), 1)]

DEBUG:root:sending {"dest": "n1", "src": "n2", "body": {"msg_id": 141, "type": "AppendEntries", "term": 1, "prevIndex": 3, "prevTerm": 1, "entries": [], "commit": 0}}
INFO:root:HBdest
n3
nextIndex
{'n1': 4, 'n2': 1, 'n3': 4, 'n4': 4, 'n5': 4}
log
[(('pass', None), 0), (('cas', (0, (1, 4))), 1), (('cas', (1, (3, 2))), 1), (('cas', (1, (4, 3))), 1)]

DEBUG:root:sending {"dest": "n3", "src": "n2", "body": {"msg_id": 142, "type": "AppendEntries", "term": 1, "prevIndex": 3, "prevTerm": 1, "entries": [], "commit": 0}}
INFO:root:HBdest
n4
nextIndex
{'n1': 4, 'n2': 1, 'n3': 4, 'n4': 4, 'n5': 4}
log
[(('pass', None), 0), (('cas', (0, (1, 4))), 1), (('cas', (1, (3, 2))), 1), (('cas', (1, (4, 3))), 1)]

DEBUG:root:sending {"dest": "n4", "src": "n2", "body": {"msg_id": 143, "type": "AppendEntries", "term": 1, "prevIndex": 3, "prevTerm": 1, "entries": [], "commit": 0}}
INFO:root:HBdest
n5
nextIndex
{'n1': 4, 'n2': 1, 'n3': 4, 'n4': 4, 'n5': 4}
log
[(('pass', None), 0), (('cas', (0, (1, 4))), 1), (('cas', (1, (3, 2))), 1), (('cas', (1, (4, 3))), 1)]

DEBUG:root:sending {"dest": "n5", "src": "n2", "body": {"msg_id": 144, "type": "AppendEntries", "term": 1, "prevIndex": 3, "prevTerm": 1, "entries": [], "commit": 0}}
DEBUG:root:received {"dest":"n2","src":"n1","body":{"msg_id":45,"in_reply_to":141,"type":"AppendEntriesRes","res":true,"term":1,"next":4,"commit":0},"id":323}
DEBUG:root:received {"dest":"n2","src":"n3","body":{"msg_id":43,"in_reply_to":142,"type":"AppendEntriesRes","res":true,"term":1,"next":4,"commit":0},"id":324}
DEBUG:root:received {"dest":"n2","src":"n4","body":{"msg_id":38,"in_reply_to":143,"type":"AppendEntriesRes","res":true,"term":1,"next":4,"commit":0},"id":325}
DEBUG:root:received {"dest":"n2","src":"n5","body":{"msg_id":38,"in_reply_to":144,"type":"AppendEntriesRes","res":true,"term":1,"next":4,"commit":0},"id":326}
INFO:root:sending HB

INFO:root:HBdest
n1
nextIndex
{'n1': 4, 'n2': 1, 'n3': 4, 'n4': 4, 'n5': 4}
log
[(('pass', None), 0), (('cas', (0, (1, 4))), 1), (('cas', (1, (3, 2))), 1), (('cas', (1, (4, 3))), 1)]

DEBUG:root:sending {"dest": "n1", "src": "n2", "body": {"msg_id": 145, "type": "AppendEntries", "term": 1, "prevIndex": 3, "prevTerm": 1, "entries": [], "commit": 0}}
INFO:root:HBdest
n3
nextIndex
{'n1': 4, 'n2': 1, 'n3': 4, 'n4': 4, 'n5': 4}
log
[(('pass', None), 0), (('cas', (0, (1, 4))), 1), (('cas', (1, (3, 2))), 1), (('cas', (1, (4, 3))), 1)]

DEBUG:root:sending {"dest": "n3", "src": "n2", "body": {"msg_id": 146, "type": "AppendEntries", "term": 1, "prevIndex": 3, "prevTerm": 1, "entries": [], "commit": 0}}
INFO:root:HBdest
n4
nextIndex
{'n1': 4, 'n2': 1, 'n3': 4, 'n4': 4, 'n5': 4}
log
[(('pass', None), 0), (('cas', (0, (1, 4))), 1), (('cas', (1, (3, 2))), 1), (('cas', (1, (4, 3))), 1)]

DEBUG:root:sending {"dest": "n4", "src": "n2", "body": {"msg_id": 147, "type": "AppendEntries", "term": 1, "prevIndex": 3, "prevTerm": 1, "entries": [], "commit": 0}}
INFO:root:HBdest
n5
nextIndex
{'n1': 4, 'n2': 1, 'n3': 4, 'n4': 4, 'n5': 4}
log
[(('pass', None), 0), (('cas', (0, (1, 4))), 1), (('cas', (1, (3, 2))), 1), (('cas', (1, (4, 3))), 1)]

DEBUG:root:sending {"dest": "n5", "src": "n2", "body": {"msg_id": 148, "type": "AppendEntries", "term": 1, "prevIndex": 3, "prevTerm": 1, "entries": [], "commit": 0}}
DEBUG:root:received {"dest":"n2","src":"n1","body":{"msg_id":46,"in_reply_to":145,"type":"AppendEntriesRes","res":true,"term":1,"next":4,"commit":0},"id":331}
DEBUG:root:received {"dest":"n2","src":"n4","body":{"msg_id":39,"in_reply_to":147,"type":"AppendEntriesRes","res":true,"term":1,"next":4,"commit":0},"id":332}
DEBUG:root:received {"dest":"n2","src":"n3","body":{"msg_id":44,"in_reply_to":146,"type":"AppendEntriesRes","res":true,"term":1,"next":4,"commit":0},"id":333}
DEBUG:root:received {"dest":"n2","src":"n5","body":{"msg_id":39,"in_reply_to":148,"type":"AppendEntriesRes","res":true,"term":1,"next":4,"commit":0},"id":334}
