DEBUG:root:received {"dest":"n3","body":{"type":"init","node_id":"n3","node_ids":["n1","n2","n3","n4","n5"],"msg_id":1},"src":"c3","id":3}
INFO:root:node n3 initialized
DEBUG:root:sending {"dest": "c3", "src": "n3", "body": {"msg_id": 1, "in_reply_to": 1, "type": "init_ok"}}
INFO:root:node
n1
current time
1651680549605127538
node_time
1651680549605121755
dif
5783
True

INFO:root:leader alive, resuming timeout checker

DEBUG:root:received {"dest":"n3","src":"n2","body":{"msg_id":4,"type":"RequestVote","term":1,"prevLogIndex":0,"lastLogTerm":0,"candidateId":"n2"},"id":11}
DEBUG:root:received {"dest":"n3","src":"n1","body":{"msg_id":3,"type":"AppendEntries","term":0,"prevIndex":0,"prevTerm":0,"entries":[],"commit":0},"id":15}
INFO:root:log atual
[(('pass', None), 0)]
prevlog index
0
 last log term
0

DEBUG:root:sending {"dest": "n2", "src": "n3", "body": {"msg_id": 2, "in_reply_to": 4, "type": "RequestVoteRes", "term": 0, "res": true}}
INFO:root:election started and voted vor
n2
at time
1651680549615003202

DEBUG:root:sending {"dest": "n1", "src": "n3", "body": {"msg_id": 3, "in_reply_to": 3, "type": "AppendEntriesRes", "res": true, "term": 0, "next": 1, "commit": 0}}
DEBUG:root:received {"dest":"n3","src":"n2","body":{"msg_id":10,"type":"AppendEntries","term":1,"prevIndex":0,"prevTerm":0,"entries":[],"commit":0},"id":25}
INFO:root:vote ended, new leader is
n1

INFO:root:there is a new leader

INFO:root:node id:
n3
leader
n2
kvsotr
{}
cur term
0
log 
[(('pass', None), 0)]
commit indez e last applied
0
0
candidate, votes, voted for
False
None
None
timeout dict
{'n1': 1651680549615749859, 'n2': 1651680549619176697, 'n3': 1651680549605121755, 'n4': 1651680549605121755, 'n5': 1651680549605121755}
curr time
1651680549619583547

DEBUG:root:sending {"dest": "n2", "src": "n3", "body": {"msg_id": 4, "in_reply_to": 10, "type": "AppendEntriesRes", "res": true, "term": 1, "next": 1, "commit": 0}}
DEBUG:root:received {"dest":"n3","body":{"key":1,"from":3,"to":2,"type":"cas","msg_id":1},"src":"c11","id":40}
DEBUG:root:sending {"dest": "c11", "src": "n3", "body": {"msg_id": 5, "in_reply_to": 1, "type": "error", "code": 11, "text": "Not Leader"}}
DEBUG:root:received {"dest":"n3","src":"n2","body":{"msg_id":14,"type":"AppendEntries","term":1,"prevIndex":0,"prevTerm":0,"entries":[],"commit":0},"id":43}
DEBUG:root:sending {"dest": "n2", "src": "n3", "body": {"msg_id": 6, "in_reply_to": 14, "type": "AppendEntriesRes", "res": true, "term": 1, "next": 1, "commit": 0}}
DEBUG:root:received {"dest":"n3","body":{"key":1,"from":3,"to":2,"type":"cas","msg_id":2},"src":"c11","id":50}
DEBUG:root:sending {"dest": "c11", "src": "n3", "body": {"msg_id": 7, "in_reply_to": 2, "type": "error", "code": 11, "text": "Not Leader"}}
DEBUG:root:received {"dest":"n3","src":"n2","body":{"msg_id":18,"type":"AppendEntries","term":1,"prevIndex":0,"prevTerm":0,"entries":[],"commit":0},"id":55}
DEBUG:root:sending {"dest": "n2", "src": "n3", "body": {"msg_id": 8, "in_reply_to": 18, "type": "AppendEntriesRes", "res": true, "term": 1, "next": 1, "commit": 0}}
INFO:root:election ended

DEBUG:root:received {"dest":"n3","src":"n2","body":{"msg_id":22,"type":"AppendEntries","term":1,"prevIndex":0,"prevTerm":0,"entries":[],"commit":0},"id":63}
DEBUG:root:sending {"dest": "n2", "src": "n3", "body": {"msg_id": 9, "in_reply_to": 22, "type": "AppendEntriesRes", "res": true, "term": 1, "next": 1, "commit": 0}}
DEBUG:root:received {"dest":"n3","src":"n2","body":{"msg_id":26,"type":"AppendEntries","term":1,"prevIndex":0,"prevTerm":0,"entries":[],"commit":0},"id":71}
DEBUG:root:sending {"dest": "n2", "src": "n3", "body": {"msg_id": 10, "in_reply_to": 26, "type": "AppendEntriesRes", "res": true, "term": 1, "next": 1, "commit": 0}}
DEBUG:root:received {"dest":"n3","src":"n2","body":{"msg_id":30,"type":"AppendEntries","term":1,"prevIndex":0,"prevTerm":0,"entries":[],"commit":0},"id":81}
DEBUG:root:sending {"dest": "n2", "src": "n3", "body": {"msg_id": 11, "in_reply_to": 30, "type": "AppendEntriesRes", "res": true, "term": 1, "next": 1, "commit": 0}}
DEBUG:root:received {"dest":"n3","body":{"key":0,"from":2,"to":4,"type":"cas","msg_id":1},"src":"c14","id":88}
DEBUG:root:sending {"dest": "c14", "src": "n3", "body": {"msg_id": 12, "in_reply_to": 1, "type": "error", "code": 11, "text": "Not Leader"}}
DEBUG:root:received {"dest":"n3","src":"n2","body":{"msg_id":34,"type":"AppendEntries","term":1,"prevIndex":0,"prevTerm":0,"entries":[],"commit":0},"id":91}
DEBUG:root:sending {"dest": "n2", "src": "n3", "body": {"msg_id": 13, "in_reply_to": 34, "type": "AppendEntriesRes", "res": true, "term": 1, "next": 1, "commit": 0}}
DEBUG:root:received {"dest":"n3","src":"n2","body":{"msg_id":38,"type":"AppendEntries","term":1,"prevIndex":0,"prevTerm":0,"entries":[],"commit":0},"id":99}
DEBUG:root:sending {"dest": "n2", "src": "n3", "body": {"msg_id": 14, "in_reply_to": 38, "type": "AppendEntriesRes", "res": true, "term": 1, "next": 1, "commit": 0}}
DEBUG:root:received {"dest":"n3","src":"n2","body":{"msg_id":42,"type":"AppendEntries","term":1,"prevIndex":0,"prevTerm":0,"entries":[],"commit":0},"id":107}
DEBUG:root:sending {"dest": "n2", "src": "n3", "body": {"msg_id": 15, "in_reply_to": 42, "type": "AppendEntriesRes", "res": true, "term": 1, "next": 1, "commit": 0}}
INFO:root:node
n2
current time
1651680550366197318
node_time
1651680549605121755
dif
761075563
False

INFO:root:leader alive, resuming timeout checker

DEBUG:root:received {"dest":"n3","src":"n2","body":{"msg_id":46,"type":"AppendEntries","term":1,"entries":[[["cas",[0,[1,4]]],1]],"prevIndex":0,"prevTerm":0,"commit":0},"id":116}
INFO:root:commiting command
[['cas', [0, [1, 4]]], 1]

DEBUG:root:sending {"dest": "n2", "src": "n3", "body": {"msg_id": 16, "in_reply_to": 46, "type": "AppendEntriesRes", "res": true, "term": 1, "next": 2, "commit": 0}}
DEBUG:root:received {"dest":"n3","src":"n2","body":{"msg_id":50,"type":"AppendEntries","term":1,"prevIndex":1,"prevTerm":1,"entries":[],"commit":0},"id":124}
DEBUG:root:sending {"dest": "n2", "src": "n3", "body": {"msg_id": 17, "in_reply_to": 50, "type": "AppendEntriesRes", "res": true, "term": 1, "next": 2, "commit": 0}}
DEBUG:root:received {"dest":"n3","src":"n2","body":{"msg_id":54,"type":"AppendEntries","term":1,"prevIndex":1,"prevTerm":1,"entries":[],"commit":0},"id":132}
DEBUG:root:sending {"dest": "n2", "src": "n3", "body": {"msg_id": 18, "in_reply_to": 54, "type": "AppendEntriesRes", "res": true, "term": 1, "next": 2, "commit": 0}}
DEBUG:root:received {"dest":"n3","body":{"key":0,"type":"read","msg_id":1},"src":"c16","id":139}
DEBUG:root:sending {"dest": "c16", "src": "n3", "body": {"msg_id": 19, "in_reply_to": 1, "type": "error", "code": 11, "text": "Not Leader"}}
DEBUG:root:received {"dest":"n3","src":"n2","body":{"msg_id":58,"type":"AppendEntries","term":1,"entries":[[["cas",[1,[3,2]]],1]],"prevIndex":1,"prevTerm":1,"commit":0},"id":143}
INFO:root:commiting command
[['cas', [1, [3, 2]]], 1]

DEBUG:root:sending {"dest": "n2", "src": "n3", "body": {"msg_id": 20, "in_reply_to": 58, "type": "AppendEntriesRes", "res": true, "term": 1, "next": 3, "commit": 0}}
DEBUG:root:received {"dest":"n3","src":"n2","body":{"msg_id":62,"type":"AppendEntries","term":1,"prevIndex":2,"prevTerm":1,"entries":[],"commit":0},"id":151}
DEBUG:root:sending {"dest": "n2", "src": "n3", "body": {"msg_id": 21, "in_reply_to": 62, "type": "AppendEntriesRes", "res": true, "term": 1, "next": 3, "commit": 0}}
DEBUG:root:received {"dest":"n3","src":"n2","body":{"msg_id":66,"type":"AppendEntries","term":1,"prevIndex":2,"prevTerm":1,"entries":[],"commit":0},"id":159}
DEBUG:root:sending {"dest": "n2", "src": "n3", "body": {"msg_id": 22, "in_reply_to": 66, "type": "AppendEntriesRes", "res": true, "term": 1, "next": 3, "commit": 0}}
DEBUG:root:received {"dest":"n3","src":"n2","body":{"msg_id":70,"type":"AppendEntries","term":1,"prevIndex":2,"prevTerm":1,"entries":[],"commit":0},"id":167}
DEBUG:root:sending {"dest": "n2", "src": "n3", "body": {"msg_id": 23, "in_reply_to": 70, "type": "AppendEntriesRes", "res": true, "term": 1, "next": 3, "commit": 0}}
DEBUG:root:received {"dest":"n3","src":"n2","body":{"msg_id":74,"type":"AppendEntries","term":1,"prevIndex":2,"prevTerm":1,"entries":[],"commit":0},"id":177}
DEBUG:root:sending {"dest": "n2", "src": "n3", "body": {"msg_id": 24, "in_reply_to": 74, "type": "AppendEntriesRes", "res": true, "term": 1, "next": 3, "commit": 0}}
DEBUG:root:received {"dest":"n3","src":"n2","body":{"msg_id":78,"type":"AppendEntries","term":1,"prevIndex":2,"prevTerm":1,"entries":[],"commit":0},"id":185}
DEBUG:root:sending {"dest": "n2", "src": "n3", "body": {"msg_id": 25, "in_reply_to": 78, "type": "AppendEntriesRes", "res": true, "term": 1, "next": 3, "commit": 0}}
DEBUG:root:received {"dest":"n3","body":{"key":1,"from":2,"to":3,"type":"cas","msg_id":3},"src":"c11","id":192}
DEBUG:root:sending {"dest": "c11", "src": "n3", "body": {"msg_id": 26, "in_reply_to": 3, "type": "error", "code": 11, "text": "Not Leader"}}
DEBUG:root:received {"dest":"n3","src":"n2","body":{"msg_id":82,"type":"AppendEntries","term":1,"prevIndex":2,"prevTerm":1,"entries":[],"commit":0},"id":195}
DEBUG:root:sending {"dest": "n2", "src": "n3", "body": {"msg_id": 27, "in_reply_to": 82, "type": "AppendEntriesRes", "res": true, "term": 1, "next": 3, "commit": 0}}
DEBUG:root:received {"dest":"n3","src":"n2","body":{"msg_id":86,"type":"AppendEntries","term":1,"prevIndex":2,"prevTerm":1,"entries":[],"commit":0},"id":203}
DEBUG:root:sending {"dest": "n2", "src": "n3", "body": {"msg_id": 28, "in_reply_to": 86, "type": "AppendEntriesRes", "res": true, "term": 1, "next": 3, "commit": 0}}
DEBUG:root:received {"dest":"n3","body":{"key":0,"from":1,"to":0,"type":"cas","msg_id":2},"src":"c14","id":210}
DEBUG:root:sending {"dest": "c14", "src": "n3", "body": {"msg_id": 29, "in_reply_to": 2, "type": "error", "code": 11, "text": "Not Leader"}}
DEBUG:root:received {"dest":"n3","src":"n2","body":{"msg_id":90,"type":"AppendEntries","term":1,"prevIndex":2,"prevTerm":1,"entries":[],"commit":0},"id":213}
DEBUG:root:sending {"dest": "n2", "src": "n3", "body": {"msg_id": 30, "in_reply_to": 90, "type": "AppendEntriesRes", "res": true, "term": 1, "next": 3, "commit": 0}}
DEBUG:root:received {"dest":"n3","src":"n2","body":{"msg_id":94,"type":"AppendEntries","term":1,"prevIndex":2,"prevTerm":1,"entries":[],"commit":0},"id":221}
DEBUG:root:sending {"dest": "n2", "src": "n3", "body": {"msg_id": 31, "in_reply_to": 94, "type": "AppendEntriesRes", "res": true, "term": 1, "next": 3, "commit": 0}}
DEBUG:root:received {"dest":"n3","src":"n2","body":{"msg_id":98,"type":"AppendEntries","term":1,"prevIndex":2,"prevTerm":1,"entries":[],"commit":0},"id":229}
DEBUG:root:sending {"dest": "n2", "src": "n3", "body": {"msg_id": 32, "in_reply_to": 98, "type": "AppendEntriesRes", "res": true, "term": 1, "next": 3, "commit": 0}}
DEBUG:root:received {"dest":"n3","src":"n2","body":{"msg_id":102,"type":"AppendEntries","term":1,"entries":[[["cas",[1,[4,3]]],1]],"prevIndex":2,"prevTerm":1,"commit":0},"id":238}
INFO:root:commiting command
[['cas', [1, [4, 3]]], 1]

DEBUG:root:sending {"dest": "n2", "src": "n3", "body": {"msg_id": 33, "in_reply_to": 102, "type": "AppendEntriesRes", "res": true, "term": 1, "next": 4, "commit": 0}}
DEBUG:root:received {"dest":"n3","src":"n2","body":{"msg_id":106,"type":"AppendEntries","term":1,"prevIndex":3,"prevTerm":1,"entries":[],"commit":0},"id":246}
DEBUG:root:sending {"dest": "n2", "src": "n3", "body": {"msg_id": 34, "in_reply_to": 106, "type": "AppendEntriesRes", "res": true, "term": 1, "next": 4, "commit": 0}}
DEBUG:root:received {"dest":"n3","src":"n2","body":{"msg_id":110,"type":"AppendEntries","term":1,"prevIndex":3,"prevTerm":1,"entries":[],"commit":0},"id":256}
DEBUG:root:sending {"dest": "n2", "src": "n3", "body": {"msg_id": 35, "in_reply_to": 110, "type": "AppendEntriesRes", "res": true, "term": 1, "next": 4, "commit": 0}}
DEBUG:root:received {"dest":"n3","src":"n2","body":{"msg_id":114,"type":"AppendEntries","term":1,"prevIndex":3,"prevTerm":1,"entries":[],"commit":0},"id":264}
DEBUG:root:sending {"dest": "n2", "src": "n3", "body": {"msg_id": 36, "in_reply_to": 114, "type": "AppendEntriesRes", "res": true, "term": 1, "next": 4, "commit": 0}}
DEBUG:root:received {"dest":"n3","src":"n2","body":{"msg_id":118,"type":"AppendEntries","term":1,"prevIndex":3,"prevTerm":1,"entries":[],"commit":0},"id":272}
DEBUG:root:sending {"dest": "n2", "src": "n3", "body": {"msg_id": 37, "in_reply_to": 118, "type": "AppendEntriesRes", "res": true, "term": 1, "next": 4, "commit": 0}}
DEBUG:root:received {"dest":"n3","src":"n2","body":{"msg_id":122,"type":"AppendEntries","term":1,"prevIndex":3,"prevTerm":1,"entries":[],"commit":0},"id":280}
DEBUG:root:sending {"dest": "n2", "src": "n3", "body": {"msg_id": 38, "in_reply_to": 122, "type": "AppendEntriesRes", "res": true, "term": 1, "next": 4, "commit": 0}}
DEBUG:root:received {"dest":"n3","src":"n2","body":{"msg_id":126,"type":"AppendEntries","term":1,"prevIndex":3,"prevTerm":1,"entries":[],"commit":0},"id":288}
DEBUG:root:sending {"dest": "n2", "src": "n3", "body": {"msg_id": 39, "in_reply_to": 126, "type": "AppendEntriesRes", "res": true, "term": 1, "next": 4, "commit": 0}}
DEBUG:root:received {"dest":"n3","src":"n2","body":{"msg_id":130,"type":"AppendEntries","term":1,"prevIndex":3,"prevTerm":1,"entries":[],"commit":0},"id":296}
DEBUG:root:sending {"dest": "n2", "src": "n3", "body": {"msg_id": 40, "in_reply_to": 130, "type": "AppendEntriesRes", "res": true, "term": 1, "next": 4, "commit": 0}}
DEBUG:root:received {"dest":"n3","src":"n2","body":{"msg_id":134,"type":"AppendEntries","term":1,"prevIndex":3,"prevTerm":1,"entries":[],"commit":0},"id":304}
DEBUG:root:sending {"dest": "n2", "src": "n3", "body": {"msg_id": 41, "in_reply_to": 134, "type": "AppendEntriesRes", "res": true, "term": 1, "next": 4, "commit": 0}}
DEBUG:root:received {"dest":"n3","src":"n2","body":{"msg_id":138,"type":"AppendEntries","term":1,"prevIndex":3,"prevTerm":1,"entries":[],"commit":0},"id":312}
DEBUG:root:sending {"dest": "n2", "src": "n3", "body": {"msg_id": 42, "in_reply_to": 138, "type": "AppendEntriesRes", "res": true, "term": 1, "next": 4, "commit": 0}}
DEBUG:root:received {"dest":"n3","src":"n2","body":{"msg_id":142,"type":"AppendEntries","term":1,"prevIndex":3,"prevTerm":1,"entries":[],"commit":0},"id":320}
DEBUG:root:sending {"dest": "n2", "src": "n3", "body": {"msg_id": 43, "in_reply_to": 142, "type": "AppendEntriesRes", "res": true, "term": 1, "next": 4, "commit": 0}}
DEBUG:root:received {"dest":"n3","src":"n2","body":{"msg_id":146,"type":"AppendEntries","term":1,"prevIndex":3,"prevTerm":1,"entries":[],"commit":0},"id":328}
DEBUG:root:sending {"dest": "n2", "src": "n3", "body": {"msg_id": 44, "in_reply_to": 146, "type": "AppendEntriesRes", "res": true, "term": 1, "next": 4, "commit": 0}}
