DEBUG:root:received {"dest":"n4","body":{"type":"init","node_id":"n4","node_ids":["n1","n2","n3","n4","n5"],"msg_id":1},"src":"c4","id":4}
INFO:root:node n4 initialized
DEBUG:root:received {"dest":"n4","src":"n2","body":{"msg_id":5,"type":"RequestVote","term":1,"prevLogIndex":0,"lastLogTerm":0,"candidateId":"n2"},"id":13}
DEBUG:root:sending {"dest": "c4", "src": "n4", "body": {"msg_id": 1, "in_reply_to": 1, "type": "init_ok"}}
DEBUG:root:received {"dest":"n4","src":"n1","body":{"msg_id":4,"type":"AppendEntries","term":0,"prevIndex":0,"prevTerm":0,"entries":[],"commit":0},"id":16}
DEBUG:root:received {"dest":"n4","src":"n2","body":{"msg_id":11,"type":"AppendEntries","term":1,"prevIndex":0,"prevTerm":0,"entries":[],"commit":0},"id":26}
INFO:root:node
n1
current time
1651680549623956333
node_time
1651680549623951878
dif
4455
True

INFO:root:leader alive, resuming timeout checker

INFO:root:log atual
[(('pass', None), 0)]
prevlog index
0
 last log term
0

DEBUG:root:sending {"dest": "n2", "src": "n4", "body": {"msg_id": 2, "in_reply_to": 5, "type": "RequestVoteRes", "term": 0, "res": true}}
INFO:root:election started and voted vor
n2
at time
1651680549624534296

DEBUG:root:sending {"dest": "n1", "src": "n4", "body": {"msg_id": 3, "in_reply_to": 4, "type": "AppendEntriesRes", "res": true, "term": 0, "next": 1, "commit": 0}}
INFO:root:vote ended, new leader is
n1

INFO:root:there is a new leader

INFO:root:node id:
n4
leader
n2
kvsotr
{}
cur term
0
log 
[(('pass', None), 0)]
commit indez e last applied
0
0
candidate, votes, voted for
False
None
None
timeout dict
{'n1': 1651680549625156115, 'n2': 1651680549625994671, 'n3': 1651680549623951878, 'n4': 1651680549623951878, 'n5': 1651680549623951878}
curr time
1651680549626384695

DEBUG:root:sending {"dest": "n2", "src": "n4", "body": {"msg_id": 4, "in_reply_to": 11, "type": "AppendEntriesRes", "res": true, "term": 1, "next": 1, "commit": 0}}
DEBUG:root:received {"dest":"n4","src":"n1","body":{"msg_id":9,"in_reply_to":3,"type":"error","code":11,"text":"Not Leader"},"id":37}
WARNING:root:unknown message type error
DEBUG:root:received {"dest":"n4","src":"n2","body":{"msg_id":15,"type":"AppendEntries","term":1,"prevIndex":0,"prevTerm":0,"entries":[],"commit":0},"id":44}
DEBUG:root:sending {"dest": "n2", "src": "n4", "body": {"msg_id": 5, "in_reply_to": 15, "type": "AppendEntriesRes", "res": true, "term": 1, "next": 1, "commit": 0}}
DEBUG:root:received {"dest":"n4","src":"n2","body":{"msg_id":19,"type":"AppendEntries","term":1,"prevIndex":0,"prevTerm":0,"entries":[],"commit":0},"id":56}
DEBUG:root:sending {"dest": "n2", "src": "n4", "body": {"msg_id": 6, "in_reply_to": 19, "type": "AppendEntriesRes", "res": true, "term": 1, "next": 1, "commit": 0}}
INFO:root:election ended

DEBUG:root:received {"dest":"n4","src":"n2","body":{"msg_id":23,"type":"AppendEntries","term":1,"prevIndex":0,"prevTerm":0,"entries":[],"commit":0},"id":64}
DEBUG:root:sending {"dest": "n2", "src": "n4", "body": {"msg_id": 7, "in_reply_to": 23, "type": "AppendEntriesRes", "res": true, "term": 1, "next": 1, "commit": 0}}
DEBUG:root:received {"dest":"n4","src":"n2","body":{"msg_id":27,"type":"AppendEntries","term":1,"prevIndex":0,"prevTerm":0,"entries":[],"commit":0},"id":72}
DEBUG:root:sending {"dest": "n2", "src": "n4", "body": {"msg_id": 8, "in_reply_to": 27, "type": "AppendEntriesRes", "res": true, "term": 1, "next": 1, "commit": 0}}
DEBUG:root:received {"dest":"n4","body":{"key":0,"from":1,"to":0,"type":"cas","msg_id":1},"src":"c13","id":78}
DEBUG:root:sending {"dest": "c13", "src": "n4", "body": {"msg_id": 9, "in_reply_to": 1, "type": "error", "code": 11, "text": "Not Leader"}}
DEBUG:root:received {"dest":"n4","src":"n2","body":{"msg_id":31,"type":"AppendEntries","term":1,"prevIndex":0,"prevTerm":0,"entries":[],"commit":0},"id":82}
DEBUG:root:sending {"dest": "n2", "src": "n4", "body": {"msg_id": 10, "in_reply_to": 31, "type": "AppendEntriesRes", "res": true, "term": 1, "next": 1, "commit": 0}}
DEBUG:root:received {"dest":"n4","src":"n2","body":{"msg_id":35,"type":"AppendEntries","term":1,"prevIndex":0,"prevTerm":0,"entries":[],"commit":0},"id":92}
DEBUG:root:sending {"dest": "n2", "src": "n4", "body": {"msg_id": 11, "in_reply_to": 35, "type": "AppendEntriesRes", "res": true, "term": 1, "next": 1, "commit": 0}}
DEBUG:root:received {"dest":"n4","src":"n2","body":{"msg_id":39,"type":"AppendEntries","term":1,"prevIndex":0,"prevTerm":0,"entries":[],"commit":0},"id":100}
DEBUG:root:sending {"dest": "n2", "src": "n4", "body": {"msg_id": 12, "in_reply_to": 39, "type": "AppendEntriesRes", "res": true, "term": 1, "next": 1, "commit": 0}}
DEBUG:root:received {"dest":"n4","src":"n2","body":{"msg_id":43,"type":"AppendEntries","term":1,"prevIndex":0,"prevTerm":0,"entries":[],"commit":0},"id":108}
DEBUG:root:sending {"dest": "n2", "src": "n4", "body": {"msg_id": 13, "in_reply_to": 43, "type": "AppendEntriesRes", "res": true, "term": 1, "next": 1, "commit": 0}}
INFO:root:node
n2
current time
1651680550375540699
node_time
1651680549623951878
dif
751588821
False

INFO:root:leader alive, resuming timeout checker

DEBUG:root:received {"dest":"n4","src":"n2","body":{"msg_id":47,"type":"AppendEntries","term":1,"entries":[[["cas",[0,[1,4]]],1]],"prevIndex":0,"prevTerm":0,"commit":0},"id":117}
INFO:root:commiting command
[['cas', [0, [1, 4]]], 1]

DEBUG:root:sending {"dest": "n2", "src": "n4", "body": {"msg_id": 14, "in_reply_to": 47, "type": "AppendEntriesRes", "res": true, "term": 1, "next": 2, "commit": 0}}
DEBUG:root:received {"dest":"n4","src":"n2","body":{"msg_id":51,"type":"AppendEntries","term":1,"prevIndex":1,"prevTerm":1,"entries":[],"commit":0},"id":125}
DEBUG:root:sending {"dest": "n2", "src": "n4", "body": {"msg_id": 15, "in_reply_to": 51, "type": "AppendEntriesRes", "res": true, "term": 1, "next": 2, "commit": 0}}
DEBUG:root:received {"dest":"n4","src":"n2","body":{"msg_id":55,"type":"AppendEntries","term":1,"prevIndex":1,"prevTerm":1,"entries":[],"commit":0},"id":133}
DEBUG:root:sending {"dest": "n2", "src": "n4", "body": {"msg_id": 16, "in_reply_to": 55, "type": "AppendEntriesRes", "res": true, "term": 1, "next": 2, "commit": 0}}
DEBUG:root:received {"dest":"n4","src":"n2","body":{"msg_id":59,"type":"AppendEntries","term":1,"entries":[[["cas",[1,[3,2]]],1]],"prevIndex":1,"prevTerm":1,"commit":0},"id":144}
INFO:root:commiting command
[['cas', [1, [3, 2]]], 1]

DEBUG:root:sending {"dest": "n2", "src": "n4", "body": {"msg_id": 17, "in_reply_to": 59, "type": "AppendEntriesRes", "res": true, "term": 1, "next": 3, "commit": 0}}
DEBUG:root:received {"dest":"n4","src":"n2","body":{"msg_id":63,"type":"AppendEntries","term":1,"prevIndex":2,"prevTerm":1,"entries":[],"commit":0},"id":152}
DEBUG:root:sending {"dest": "n2", "src": "n4", "body": {"msg_id": 18, "in_reply_to": 63, "type": "AppendEntriesRes", "res": true, "term": 1, "next": 3, "commit": 0}}
DEBUG:root:received {"dest":"n4","src":"n2","body":{"msg_id":67,"type":"AppendEntries","term":1,"prevIndex":2,"prevTerm":1,"entries":[],"commit":0},"id":160}
DEBUG:root:sending {"dest": "n2", "src": "n4", "body": {"msg_id": 19, "in_reply_to": 67, "type": "AppendEntriesRes", "res": true, "term": 1, "next": 3, "commit": 0}}
DEBUG:root:received {"dest":"n4","src":"n2","body":{"msg_id":71,"type":"AppendEntries","term":1,"prevIndex":2,"prevTerm":1,"entries":[],"commit":0},"id":168}
DEBUG:root:sending {"dest": "n2", "src": "n4", "body": {"msg_id": 20, "in_reply_to": 71, "type": "AppendEntriesRes", "res": true, "term": 1, "next": 3, "commit": 0}}
DEBUG:root:received {"dest":"n4","src":"n2","body":{"msg_id":75,"type":"AppendEntries","term":1,"prevIndex":2,"prevTerm":1,"entries":[],"commit":0},"id":178}
DEBUG:root:sending {"dest": "n2", "src": "n4", "body": {"msg_id": 21, "in_reply_to": 75, "type": "AppendEntriesRes", "res": true, "term": 1, "next": 3, "commit": 0}}
DEBUG:root:received {"dest":"n4","src":"n2","body":{"msg_id":79,"type":"AppendEntries","term":1,"prevIndex":2,"prevTerm":1,"entries":[],"commit":0},"id":186}
DEBUG:root:sending {"dest": "n2", "src": "n4", "body": {"msg_id": 22, "in_reply_to": 79, "type": "AppendEntriesRes", "res": true, "term": 1, "next": 3, "commit": 0}}
DEBUG:root:received {"dest":"n4","src":"n2","body":{"msg_id":83,"type":"AppendEntries","term":1,"prevIndex":2,"prevTerm":1,"entries":[],"commit":0},"id":196}
DEBUG:root:sending {"dest": "n2", "src": "n4", "body": {"msg_id": 23, "in_reply_to": 83, "type": "AppendEntriesRes", "res": true, "term": 1, "next": 3, "commit": 0}}
DEBUG:root:received {"dest":"n4","src":"n2","body":{"msg_id":87,"type":"AppendEntries","term":1,"prevIndex":2,"prevTerm":1,"entries":[],"commit":0},"id":204}
DEBUG:root:sending {"dest": "n2", "src": "n4", "body": {"msg_id": 24, "in_reply_to": 87, "type": "AppendEntriesRes", "res": true, "term": 1, "next": 3, "commit": 0}}
DEBUG:root:received {"dest":"n4","src":"n2","body":{"msg_id":91,"type":"AppendEntries","term":1,"prevIndex":2,"prevTerm":1,"entries":[],"commit":0},"id":214}
DEBUG:root:sending {"dest": "n2", "src": "n4", "body": {"msg_id": 25, "in_reply_to": 91, "type": "AppendEntriesRes", "res": true, "term": 1, "next": 3, "commit": 0}}
DEBUG:root:received {"dest":"n4","src":"n2","body":{"msg_id":95,"type":"AppendEntries","term":1,"prevIndex":2,"prevTerm":1,"entries":[],"commit":0},"id":222}
DEBUG:root:sending {"dest": "n2", "src": "n4", "body": {"msg_id": 26, "in_reply_to": 95, "type": "AppendEntriesRes", "res": true, "term": 1, "next": 3, "commit": 0}}
DEBUG:root:received {"dest":"n4","src":"n2","body":{"msg_id":99,"type":"AppendEntries","term":1,"prevIndex":2,"prevTerm":1,"entries":[],"commit":0},"id":230}
DEBUG:root:sending {"dest": "n2", "src": "n4", "body": {"msg_id": 27, "in_reply_to": 99, "type": "AppendEntriesRes", "res": true, "term": 1, "next": 3, "commit": 0}}
DEBUG:root:received {"dest":"n4","src":"n2","body":{"msg_id":103,"type":"AppendEntries","term":1,"entries":[[["cas",[1,[4,3]]],1]],"prevIndex":2,"prevTerm":1,"commit":0},"id":239}
INFO:root:commiting command
[['cas', [1, [4, 3]]], 1]

DEBUG:root:sending {"dest": "n2", "src": "n4", "body": {"msg_id": 28, "in_reply_to": 103, "type": "AppendEntriesRes", "res": true, "term": 1, "next": 4, "commit": 0}}
DEBUG:root:received {"dest":"n4","src":"n2","body":{"msg_id":107,"type":"AppendEntries","term":1,"prevIndex":3,"prevTerm":1,"entries":[],"commit":0},"id":247}
DEBUG:root:sending {"dest": "n2", "src": "n4", "body": {"msg_id": 29, "in_reply_to": 107, "type": "AppendEntriesRes", "res": true, "term": 1, "next": 4, "commit": 0}}
DEBUG:root:received {"dest":"n4","src":"n2","body":{"msg_id":111,"type":"AppendEntries","term":1,"prevIndex":3,"prevTerm":1,"entries":[],"commit":0},"id":257}
DEBUG:root:sending {"dest": "n2", "src": "n4", "body": {"msg_id": 30, "in_reply_to": 111, "type": "AppendEntriesRes", "res": true, "term": 1, "next": 4, "commit": 0}}
DEBUG:root:received {"dest":"n4","src":"n2","body":{"msg_id":115,"type":"AppendEntries","term":1,"prevIndex":3,"prevTerm":1,"entries":[],"commit":0},"id":265}
DEBUG:root:sending {"dest": "n2", "src": "n4", "body": {"msg_id": 31, "in_reply_to": 115, "type": "AppendEntriesRes", "res": true, "term": 1, "next": 4, "commit": 0}}
DEBUG:root:received {"dest":"n4","src":"n2","body":{"msg_id":119,"type":"AppendEntries","term":1,"prevIndex":3,"prevTerm":1,"entries":[],"commit":0},"id":273}
DEBUG:root:sending {"dest": "n2", "src": "n4", "body": {"msg_id": 32, "in_reply_to": 119, "type": "AppendEntriesRes", "res": true, "term": 1, "next": 4, "commit": 0}}
DEBUG:root:received {"dest":"n4","src":"n2","body":{"msg_id":123,"type":"AppendEntries","term":1,"prevIndex":3,"prevTerm":1,"entries":[],"commit":0},"id":281}
DEBUG:root:sending {"dest": "n2", "src": "n4", "body": {"msg_id": 33, "in_reply_to": 123, "type": "AppendEntriesRes", "res": true, "term": 1, "next": 4, "commit": 0}}
DEBUG:root:received {"dest":"n4","src":"n2","body":{"msg_id":127,"type":"AppendEntries","term":1,"prevIndex":3,"prevTerm":1,"entries":[],"commit":0},"id":289}
DEBUG:root:sending {"dest": "n2", "src": "n4", "body": {"msg_id": 34, "in_reply_to": 127, "type": "AppendEntriesRes", "res": true, "term": 1, "next": 4, "commit": 0}}
DEBUG:root:received {"dest":"n4","src":"n2","body":{"msg_id":131,"type":"AppendEntries","term":1,"prevIndex":3,"prevTerm":1,"entries":[],"commit":0},"id":297}
DEBUG:root:sending {"dest": "n2", "src": "n4", "body": {"msg_id": 35, "in_reply_to": 131, "type": "AppendEntriesRes", "res": true, "term": 1, "next": 4, "commit": 0}}
DEBUG:root:received {"dest":"n4","src":"n2","body":{"msg_id":135,"type":"AppendEntries","term":1,"prevIndex":3,"prevTerm":1,"entries":[],"commit":0},"id":305}
DEBUG:root:sending {"dest": "n2", "src": "n4", "body": {"msg_id": 36, "in_reply_to": 135, "type": "AppendEntriesRes", "res": true, "term": 1, "next": 4, "commit": 0}}
DEBUG:root:received {"dest":"n4","src":"n2","body":{"msg_id":139,"type":"AppendEntries","term":1,"prevIndex":3,"prevTerm":1,"entries":[],"commit":0},"id":313}
DEBUG:root:sending {"dest": "n2", "src": "n4", "body": {"msg_id": 37, "in_reply_to": 139, "type": "AppendEntriesRes", "res": true, "term": 1, "next": 4, "commit": 0}}
DEBUG:root:received {"dest":"n4","src":"n2","body":{"msg_id":143,"type":"AppendEntries","term":1,"prevIndex":3,"prevTerm":1,"entries":[],"commit":0},"id":321}
DEBUG:root:sending {"dest": "n2", "src": "n4", "body": {"msg_id": 38, "in_reply_to": 143, "type": "AppendEntriesRes", "res": true, "term": 1, "next": 4, "commit": 0}}
DEBUG:root:received {"dest":"n4","src":"n2","body":{"msg_id":147,"type":"AppendEntries","term":1,"prevIndex":3,"prevTerm":1,"entries":[],"commit":0},"id":329}
DEBUG:root:sending {"dest": "n2", "src": "n4", "body": {"msg_id": 39, "in_reply_to": 147, "type": "AppendEntriesRes", "res": true, "term": 1, "next": 4, "commit": 0}}
