DEBUG:root:received {"dest":"n5","body":{"type":"init","node_id":"n5","node_ids":["n1","n2","n3","n4","n5"],"msg_id":1},"src":"c1","id":1}
INFO:root:node n5 initialized
DEBUG:root:sending {"dest": "c1", "src": "n5", "body": {"msg_id": 1, "in_reply_to": 1, "type": "init_ok"}}
INFO:root:node
n1
current time
1651680549605195785
node_time
1651680549605190186
dif
5599
True

INFO:root:leader alive, resuming timeout checker

DEBUG:root:received {"dest":"n5","src":"n2","body":{"msg_id":6,"type":"RequestVote","term":1,"prevLogIndex":0,"lastLogTerm":0,"candidateId":"n2"},"id":14}
DEBUG:root:received {"dest":"n5","src":"n1","body":{"msg_id":5,"type":"AppendEntries","term":0,"prevIndex":0,"prevTerm":0,"entries":[],"commit":0},"id":17}
INFO:root:log atual
[(('pass', None), 0)]
prevlog index
0
 last log term
0

DEBUG:root:sending {"dest": "n2", "src": "n5", "body": {"msg_id": 2, "in_reply_to": 6, "type": "RequestVoteRes", "term": 0, "res": true}}
INFO:root:election started and voted vor
n2
at time
1651680549614594971

DEBUG:root:sending {"dest": "n1", "src": "n5", "body": {"msg_id": 3, "in_reply_to": 5, "type": "AppendEntriesRes", "res": true, "term": 0, "next": 1, "commit": 0}}
DEBUG:root:received {"dest":"n5","src":"n2","body":{"msg_id":12,"type":"AppendEntries","term":1,"prevIndex":0,"prevTerm":0,"entries":[],"commit":0},"id":27}
INFO:root:vote ended, new leader is
n1

INFO:root:there is a new leader

INFO:root:node id:
n5
leader
n2
kvsotr
{}
cur term
0
log 
[(('pass', None), 0)]
commit indez e last applied
0
0
candidate, votes, voted for
False
None
None
timeout dict
{'n1': 1651680549618406185, 'n2': 1651680549620166114, 'n3': 1651680549605190186, 'n4': 1651680549605190186, 'n5': 1651680549605190186}
curr time
1651680549620477266

DEBUG:root:sending {"dest": "n2", "src": "n5", "body": {"msg_id": 4, "in_reply_to": 12, "type": "AppendEntriesRes", "res": true, "term": 1, "next": 1, "commit": 0}}
DEBUG:root:received {"dest":"n5","src":"n1","body":{"msg_id":8,"in_reply_to":3,"type":"error","code":11,"text":"Not Leader"},"id":32}
WARNING:root:unknown message type error
DEBUG:root:received {"dest":"n5","src":"n2","body":{"msg_id":16,"type":"AppendEntries","term":1,"prevIndex":0,"prevTerm":0,"entries":[],"commit":0},"id":45}
DEBUG:root:sending {"dest": "n2", "src": "n5", "body": {"msg_id": 5, "in_reply_to": 16, "type": "AppendEntriesRes", "res": true, "term": 1, "next": 1, "commit": 0}}
DEBUG:root:received {"dest":"n5","src":"n2","body":{"msg_id":20,"type":"AppendEntries","term":1,"prevIndex":0,"prevTerm":0,"entries":[],"commit":0},"id":57}
DEBUG:root:sending {"dest": "n2", "src": "n5", "body": {"msg_id": 6, "in_reply_to": 20, "type": "AppendEntriesRes", "res": true, "term": 1, "next": 1, "commit": 0}}
INFO:root:election ended

DEBUG:root:received {"dest":"n5","src":"n2","body":{"msg_id":24,"type":"AppendEntries","term":1,"prevIndex":0,"prevTerm":0,"entries":[],"commit":0},"id":65}
DEBUG:root:sending {"dest": "n2", "src": "n5", "body": {"msg_id": 7, "in_reply_to": 24, "type": "AppendEntriesRes", "res": true, "term": 1, "next": 1, "commit": 0}}
DEBUG:root:received {"dest":"n5","src":"n2","body":{"msg_id":28,"type":"AppendEntries","term":1,"prevIndex":0,"prevTerm":0,"entries":[],"commit":0},"id":73}
DEBUG:root:sending {"dest": "n2", "src": "n5", "body": {"msg_id": 8, "in_reply_to": 28, "type": "AppendEntriesRes", "res": true, "term": 1, "next": 1, "commit": 0}}
DEBUG:root:received {"dest":"n5","src":"n2","body":{"msg_id":32,"type":"AppendEntries","term":1,"prevIndex":0,"prevTerm":0,"entries":[],"commit":0},"id":83}
DEBUG:root:sending {"dest": "n2", "src": "n5", "body": {"msg_id": 9, "in_reply_to": 32, "type": "AppendEntriesRes", "res": true, "term": 1, "next": 1, "commit": 0}}
DEBUG:root:received {"dest":"n5","src":"n2","body":{"msg_id":36,"type":"AppendEntries","term":1,"prevIndex":0,"prevTerm":0,"entries":[],"commit":0},"id":93}
DEBUG:root:sending {"dest": "n2", "src": "n5", "body": {"msg_id": 10, "in_reply_to": 36, "type": "AppendEntriesRes", "res": true, "term": 1, "next": 1, "commit": 0}}
DEBUG:root:received {"dest":"n5","src":"n2","body":{"msg_id":40,"type":"AppendEntries","term":1,"prevIndex":0,"prevTerm":0,"entries":[],"commit":0},"id":101}
DEBUG:root:sending {"dest": "n2", "src": "n5", "body": {"msg_id": 11, "in_reply_to": 40, "type": "AppendEntriesRes", "res": true, "term": 1, "next": 1, "commit": 0}}
DEBUG:root:received {"dest":"n5","src":"n2","body":{"msg_id":44,"type":"AppendEntries","term":1,"prevIndex":0,"prevTerm":0,"entries":[],"commit":0},"id":109}
DEBUG:root:sending {"dest": "n2", "src": "n5", "body": {"msg_id": 12, "in_reply_to": 44, "type": "AppendEntriesRes", "res": true, "term": 1, "next": 1, "commit": 0}}
INFO:root:node
n2
current time
1651680550366999931
node_time
1651680549605190186
dif
761809745
False

INFO:root:leader alive, resuming timeout checker

DEBUG:root:received {"dest":"n5","src":"n2","body":{"msg_id":48,"type":"AppendEntries","term":1,"entries":[[["cas",[0,[1,4]]],1]],"prevIndex":0,"prevTerm":0,"commit":0},"id":118}
INFO:root:commiting command
[['cas', [0, [1, 4]]], 1]

DEBUG:root:sending {"dest": "n2", "src": "n5", "body": {"msg_id": 13, "in_reply_to": 48, "type": "AppendEntriesRes", "res": true, "term": 1, "next": 2, "commit": 0}}
DEBUG:root:received {"dest":"n5","src":"n2","body":{"msg_id":52,"type":"AppendEntries","term":1,"prevIndex":1,"prevTerm":1,"entries":[],"commit":0},"id":126}
DEBUG:root:sending {"dest": "n2", "src": "n5", "body": {"msg_id": 14, "in_reply_to": 52, "type": "AppendEntriesRes", "res": true, "term": 1, "next": 2, "commit": 0}}
DEBUG:root:received {"dest":"n5","src":"n2","body":{"msg_id":56,"type":"AppendEntries","term":1,"prevIndex":1,"prevTerm":1,"entries":[],"commit":0},"id":134}
DEBUG:root:sending {"dest": "n2", "src": "n5", "body": {"msg_id": 15, "in_reply_to": 56, "type": "AppendEntriesRes", "res": true, "term": 1, "next": 2, "commit": 0}}
DEBUG:root:received {"dest":"n5","src":"n2","body":{"msg_id":60,"type":"AppendEntries","term":1,"entries":[[["cas",[1,[3,2]]],1]],"prevIndex":1,"prevTerm":1,"commit":0},"id":145}
INFO:root:commiting command
[['cas', [1, [3, 2]]], 1]

DEBUG:root:sending {"dest": "n2", "src": "n5", "body": {"msg_id": 16, "in_reply_to": 60, "type": "AppendEntriesRes", "res": true, "term": 1, "next": 3, "commit": 0}}
DEBUG:root:received {"dest":"n5","src":"n2","body":{"msg_id":64,"type":"AppendEntries","term":1,"prevIndex":2,"prevTerm":1,"entries":[],"commit":0},"id":153}
DEBUG:root:sending {"dest": "n2", "src": "n5", "body": {"msg_id": 17, "in_reply_to": 64, "type": "AppendEntriesRes", "res": true, "term": 1, "next": 3, "commit": 0}}
DEBUG:root:received {"dest":"n5","src":"n2","body":{"msg_id":68,"type":"AppendEntries","term":1,"prevIndex":2,"prevTerm":1,"entries":[],"commit":0},"id":161}
DEBUG:root:sending {"dest": "n2", "src": "n5", "body": {"msg_id": 18, "in_reply_to": 68, "type": "AppendEntriesRes", "res": true, "term": 1, "next": 3, "commit": 0}}
DEBUG:root:received {"dest":"n5","src":"n2","body":{"msg_id":72,"type":"AppendEntries","term":1,"prevIndex":2,"prevTerm":1,"entries":[],"commit":0},"id":169}
DEBUG:root:sending {"dest": "n2", "src": "n5", "body": {"msg_id": 19, "in_reply_to": 72, "type": "AppendEntriesRes", "res": true, "term": 1, "next": 3, "commit": 0}}
DEBUG:root:received {"dest":"n5","src":"n2","body":{"msg_id":76,"type":"AppendEntries","term":1,"prevIndex":2,"prevTerm":1,"entries":[],"commit":0},"id":179}
DEBUG:root:sending {"dest": "n2", "src": "n5", "body": {"msg_id": 20, "in_reply_to": 76, "type": "AppendEntriesRes", "res": true, "term": 1, "next": 3, "commit": 0}}
DEBUG:root:received {"dest":"n5","src":"n2","body":{"msg_id":80,"type":"AppendEntries","term":1,"prevIndex":2,"prevTerm":1,"entries":[],"commit":0},"id":187}
DEBUG:root:sending {"dest": "n2", "src": "n5", "body": {"msg_id": 21, "in_reply_to": 80, "type": "AppendEntriesRes", "res": true, "term": 1, "next": 3, "commit": 0}}
DEBUG:root:received {"dest":"n5","src":"n2","body":{"msg_id":84,"type":"AppendEntries","term":1,"prevIndex":2,"prevTerm":1,"entries":[],"commit":0},"id":197}
DEBUG:root:sending {"dest": "n2", "src": "n5", "body": {"msg_id": 22, "in_reply_to": 84, "type": "AppendEntriesRes", "res": true, "term": 1, "next": 3, "commit": 0}}
DEBUG:root:received {"dest":"n5","src":"n2","body":{"msg_id":88,"type":"AppendEntries","term":1,"prevIndex":2,"prevTerm":1,"entries":[],"commit":0},"id":205}
DEBUG:root:sending {"dest": "n2", "src": "n5", "body": {"msg_id": 23, "in_reply_to": 88, "type": "AppendEntriesRes", "res": true, "term": 1, "next": 3, "commit": 0}}
DEBUG:root:received {"dest":"n5","src":"n2","body":{"msg_id":92,"type":"AppendEntries","term":1,"prevIndex":2,"prevTerm":1,"entries":[],"commit":0},"id":215}
DEBUG:root:sending {"dest": "n2", "src": "n5", "body": {"msg_id": 24, "in_reply_to": 92, "type": "AppendEntriesRes", "res": true, "term": 1, "next": 3, "commit": 0}}
DEBUG:root:received {"dest":"n5","src":"n2","body":{"msg_id":96,"type":"AppendEntries","term":1,"prevIndex":2,"prevTerm":1,"entries":[],"commit":0},"id":223}
DEBUG:root:sending {"dest": "n2", "src": "n5", "body": {"msg_id": 25, "in_reply_to": 96, "type": "AppendEntriesRes", "res": true, "term": 1, "next": 3, "commit": 0}}
DEBUG:root:received {"dest":"n5","src":"n2","body":{"msg_id":100,"type":"AppendEntries","term":1,"prevIndex":2,"prevTerm":1,"entries":[],"commit":0},"id":231}
DEBUG:root:sending {"dest": "n2", "src": "n5", "body": {"msg_id": 26, "in_reply_to": 100, "type": "AppendEntriesRes", "res": true, "term": 1, "next": 3, "commit": 0}}
DEBUG:root:received {"dest":"n5","src":"n2","body":{"msg_id":104,"type":"AppendEntries","term":1,"entries":[[["cas",[1,[4,3]]],1]],"prevIndex":2,"prevTerm":1,"commit":0},"id":240}
INFO:root:commiting command
[['cas', [1, [4, 3]]], 1]

DEBUG:root:sending {"dest": "n2", "src": "n5", "body": {"msg_id": 27, "in_reply_to": 104, "type": "AppendEntriesRes", "res": true, "term": 1, "next": 4, "commit": 0}}
DEBUG:root:received {"dest":"n5","src":"n2","body":{"msg_id":108,"type":"AppendEntries","term":1,"prevIndex":3,"prevTerm":1,"entries":[],"commit":0},"id":248}
DEBUG:root:sending {"dest": "n2", "src": "n5", "body": {"msg_id": 28, "in_reply_to": 108, "type": "AppendEntriesRes", "res": true, "term": 1, "next": 4, "commit": 0}}
DEBUG:root:received {"dest":"n5","body":{"key":1,"from":0,"to":4,"type":"cas","msg_id":1},"src":"c19","id":253}
DEBUG:root:sending {"dest": "c19", "src": "n5", "body": {"msg_id": 29, "in_reply_to": 1, "type": "error", "code": 11, "text": "Not Leader"}}
DEBUG:root:received {"dest":"n5","src":"n2","body":{"msg_id":112,"type":"AppendEntries","term":1,"prevIndex":3,"prevTerm":1,"entries":[],"commit":0},"id":258}
DEBUG:root:sending {"dest": "n2", "src": "n5", "body": {"msg_id": 30, "in_reply_to": 112, "type": "AppendEntriesRes", "res": true, "term": 1, "next": 4, "commit": 0}}
DEBUG:root:received {"dest":"n5","src":"n2","body":{"msg_id":116,"type":"AppendEntries","term":1,"prevIndex":3,"prevTerm":1,"entries":[],"commit":0},"id":266}
DEBUG:root:sending {"dest": "n2", "src": "n5", "body": {"msg_id": 31, "in_reply_to": 116, "type": "AppendEntriesRes", "res": true, "term": 1, "next": 4, "commit": 0}}
DEBUG:root:received {"dest":"n5","src":"n2","body":{"msg_id":120,"type":"AppendEntries","term":1,"prevIndex":3,"prevTerm":1,"entries":[],"commit":0},"id":274}
DEBUG:root:sending {"dest": "n2", "src": "n5", "body": {"msg_id": 32, "in_reply_to": 120, "type": "AppendEntriesRes", "res": true, "term": 1, "next": 4, "commit": 0}}
DEBUG:root:received {"dest":"n5","src":"n2","body":{"msg_id":124,"type":"AppendEntries","term":1,"prevIndex":3,"prevTerm":1,"entries":[],"commit":0},"id":282}
DEBUG:root:sending {"dest": "n2", "src": "n5", "body": {"msg_id": 33, "in_reply_to": 124, "type": "AppendEntriesRes", "res": true, "term": 1, "next": 4, "commit": 0}}
DEBUG:root:received {"dest":"n5","src":"n2","body":{"msg_id":128,"type":"AppendEntries","term":1,"prevIndex":3,"prevTerm":1,"entries":[],"commit":0},"id":290}
DEBUG:root:sending {"dest": "n2", "src": "n5", "body": {"msg_id": 34, "in_reply_to": 128, "type": "AppendEntriesRes", "res": true, "term": 1, "next": 4, "commit": 0}}
DEBUG:root:received {"dest":"n5","src":"n2","body":{"msg_id":132,"type":"AppendEntries","term":1,"prevIndex":3,"prevTerm":1,"entries":[],"commit":0},"id":298}
DEBUG:root:sending {"dest": "n2", "src": "n5", "body": {"msg_id": 35, "in_reply_to": 132, "type": "AppendEntriesRes", "res": true, "term": 1, "next": 4, "commit": 0}}
DEBUG:root:received {"dest":"n5","src":"n2","body":{"msg_id":136,"type":"AppendEntries","term":1,"prevIndex":3,"prevTerm":1,"entries":[],"commit":0},"id":306}
DEBUG:root:sending {"dest": "n2", "src": "n5", "body": {"msg_id": 36, "in_reply_to": 136, "type": "AppendEntriesRes", "res": true, "term": 1, "next": 4, "commit": 0}}
DEBUG:root:received {"dest":"n5","src":"n2","body":{"msg_id":140,"type":"AppendEntries","term":1,"prevIndex":3,"prevTerm":1,"entries":[],"commit":0},"id":314}
DEBUG:root:sending {"dest": "n2", "src": "n5", "body": {"msg_id": 37, "in_reply_to": 140, "type": "AppendEntriesRes", "res": true, "term": 1, "next": 4, "commit": 0}}
DEBUG:root:received {"dest":"n5","src":"n2","body":{"msg_id":144,"type":"AppendEntries","term":1,"prevIndex":3,"prevTerm":1,"entries":[],"commit":0},"id":322}
DEBUG:root:sending {"dest": "n2", "src": "n5", "body": {"msg_id": 38, "in_reply_to": 144, "type": "AppendEntriesRes", "res": true, "term": 1, "next": 4, "commit": 0}}
DEBUG:root:received {"dest":"n5","src":"n2","body":{"msg_id":148,"type":"AppendEntries","term":1,"prevIndex":3,"prevTerm":1,"entries":[],"commit":0},"id":330}
DEBUG:root:sending {"dest": "n2", "src": "n5", "body": {"msg_id": 39, "in_reply_to": 148, "type": "AppendEntriesRes", "res": true, "term": 1, "next": 4, "commit": 0}}
