DEBUG:root:received {"dest":"n0","body":{"type":"init","node_id":"n0","node_ids":["n0","n1","n2","n3"],"msg_id":1},"src":"c3","id":3}
INFO:root:node n0 initialized
DEBUG:root:sending {"dest": "c3", "src": "n0", "body": {"msg_id": 1, "in_reply_to": 1, "type": "init_ok"}}
DEBUG:root:received {"dest":"n0","body":{"txn":[["append",9,1],["append",6,1],["append",7,1]],"type":"txn","msg_id":1},"src":"c8","id":8}
INFO:root:Sending msg to be replicated, destn1
DEBUG:root:sending {"dest": "n1", "src": "n0", "body": {"msg_id": 2, "type": "txnRep", "msg": {"dest": "n0", "body": {"txn": [["append", 9, 1], ["append", 6, 1], ["append", 7, 1]], "type": "txn", "msg_id": 1}, "src": "c8", "id": 8}}}
INFO:root:Sending msg to be replicated, destn2
DEBUG:root:sending {"dest": "n2", "src": "n0", "body": {"msg_id": 3, "type": "txnRep", "msg": {"dest": "n0", "body": {"txn": [["append", 9, 1], ["append", 6, 1], ["append", 7, 1]], "type": "txn", "msg_id": 1}, "src": "c8", "id": 8}}}
INFO:root:Sending msg to be replicated, destn3
DEBUG:root:sending {"dest": "n3", "src": "n0", "body": {"msg_id": 4, "type": "txnRep", "msg": {"dest": "n0", "body": {"txn": [["append", 9, 1], ["append", 6, 1], ["append", 7, 1]], "type": "txn", "msg_id": 1}, "src": "c8", "id": 8}}}
INFO:root:cehcking if we can commit the msg: 1
INFO:root:msgs{}
INFO:root:commiting msg nr1
DEBUG:root:c8-1: locking 6
DEBUG:root:c8-1: locking 7
DEBUG:root:c8-1: locking 9
DEBUG:root:c8-1: appending to 9: 1
DEBUG:root:c8-1: appending to 6: 1
DEBUG:root:c8-1: appending to 7: 1
DEBUG:root:c8-1: updating 6: [1]
DEBUG:root:c8-1: updating 7: [1]
DEBUG:root:c8-1: updating 9: [1]
DEBUG:root:c8-1: unlocking 6
DEBUG:root:c8-1: unlocking 7
DEBUG:root:c8-1: unlocking 9
DEBUG:root:sending {"dest": "c8", "src": "n0", "body": {"msg_id": 5, "in_reply_to": 1, "type": "txn_ok", "txn": [["append", 9, 1], ["append", 6, 1], ["append", 7, 1]]}}
INFO:root:cehcking if we can commit the msg: 2
INFO:root:msgs{}
DEBUG:root:received {"dest":"n0","src":"n1","body":{"msg_id":2,"type":"txnRep","msg":{"dest":"n1","body":{"txn":[["r",9,null]],"type":"txn","msg_id":1},"src":"c9","id":13}},"id":14}
INFO:root:cehcking if we can commit the msg: 2
INFO:root:msgs{1: (namespace(dest='n1', body=namespace(txn=[['r', 9, None]], type='txn', msg_id=1), src='c9', id=13), False)}
DEBUG:root:received {"dest":"n0","body":{"txn":[["append",9,2]],"type":"txn","msg_id":2},"src":"c8","id":17}
INFO:root:Sending msg to be replicated, destn1
DEBUG:root:sending {"dest": "n1", "src": "n0", "body": {"msg_id": 6, "type": "txnRep", "msg": {"dest": "n0", "body": {"txn": [["append", 9, 2]], "type": "txn", "msg_id": 2}, "src": "c8", "id": 17}}}
INFO:root:Sending msg to be replicated, destn2
DEBUG:root:sending {"dest": "n2", "src": "n0", "body": {"msg_id": 7, "type": "txnRep", "msg": {"dest": "n0", "body": {"txn": [["append", 9, 2]], "type": "txn", "msg_id": 2}, "src": "c8", "id": 17}}}
INFO:root:Sending msg to be replicated, destn3
DEBUG:root:sending {"dest": "n3", "src": "n0", "body": {"msg_id": 8, "type": "txnRep", "msg": {"dest": "n0", "body": {"txn": [["append", 9, 2]], "type": "txn", "msg_id": 2}, "src": "c8", "id": 17}}}
INFO:root:cehcking if we can commit the msg: 2
INFO:root:msgs{1: (namespace(dest='n1', body=namespace(txn=[['r', 9, None]], type='txn', msg_id=1), src='c9', id=13), False)}
INFO:root:commiting msg nr2
DEBUG:root:c8-2: locking 9
DEBUG:root:c8-2: appending to 9: 2
DEBUG:root:c8-2: updating 9: [1, 2]
DEBUG:root:c8-2: unlocking 9
DEBUG:root:sending {"dest": "c8", "src": "n0", "body": {"msg_id": 9, "in_reply_to": 2, "type": "txn_ok", "txn": [["append", 9, 2]]}}
INFO:root:cehcking if we can commit the msg: 3
INFO:root:msgs{1: (namespace(dest='n1', body=namespace(txn=[['r', 9, None]], type='txn', msg_id=1), src='c9', id=13), False)}
DEBUG:root:received {"dest":"n0","src":"n1","body":{"msg_id":6,"type":"txnRep","msg":{"dest":"n1","body":{"txn":[["r",4,null],["r",7,null],["append",8,1],["r",9,null]],"type":"txn","msg_id":2},"src":"c9","id":22}},"id":24}
INFO:root:cehcking if we can commit the msg: 3
INFO:root:msgs{1: (namespace(dest='n1', body=namespace(txn=[['r', 9, None]], type='txn', msg_id=1), src='c9', id=13), False), 2: (namespace(dest='n1', body=namespace(txn=[['r', 4, None], ['r', 7, None], ['append', 8, 1], ['r', 9, None]], type='txn', msg_id=2), src='c9', id=22), False)}
DEBUG:root:received {"dest":"n0","body":{"txn":[["append",9,3],["r",7,null]],"type":"txn","msg_id":3},"src":"c8","id":27}
INFO:root:Sending msg to be replicated, destn1
DEBUG:root:sending {"dest": "n1", "src": "n0", "body": {"msg_id": 10, "type": "txnRep", "msg": {"dest": "n0", "body": {"txn": [["append", 9, 3], ["r", 7, null]], "type": "txn", "msg_id": 3}, "src": "c8", "id": 27}}}
INFO:root:Sending msg to be replicated, destn2
DEBUG:root:sending {"dest": "n2", "src": "n0", "body": {"msg_id": 11, "type": "txnRep", "msg": {"dest": "n0", "body": {"txn": [["append", 9, 3], ["r", 7, null]], "type": "txn", "msg_id": 3}, "src": "c8", "id": 27}}}
INFO:root:Sending msg to be replicated, destn3
DEBUG:root:sending {"dest": "n3", "src": "n0", "body": {"msg_id": 12, "type": "txnRep", "msg": {"dest": "n0", "body": {"txn": [["append", 9, 3], ["r", 7, null]], "type": "txn", "msg_id": 3}, "src": "c8", "id": 27}}}
INFO:root:cehcking if we can commit the msg: 3
INFO:root:msgs{1: (namespace(dest='n1', body=namespace(txn=[['r', 9, None]], type='txn', msg_id=1), src='c9', id=13), False), 2: (namespace(dest='n1', body=namespace(txn=[['r', 4, None], ['r', 7, None], ['append', 8, 1], ['r', 9, None]], type='txn', msg_id=2), src='c9', id=22), False)}
INFO:root:commiting msg nr3
DEBUG:root:c8-3: locking 7
DEBUG:root:c8-3: locking 9
DEBUG:root:c8-3: appending to 9: 3
DEBUG:root:c8-3: reading 7
DEBUG:root:c8-3: updating 9: [1, 2, 3]
DEBUG:root:c8-3: unlocking 7
DEBUG:root:c8-3: unlocking 9
DEBUG:root:sending {"dest": "c8", "src": "n0", "body": {"msg_id": 13, "in_reply_to": 3, "type": "txn_ok", "txn": [["append", 9, 3], ["r", 7, [1]]]}}
INFO:root:cehcking if we can commit the msg: 4
INFO:root:msgs{1: (namespace(dest='n1', body=namespace(txn=[['r', 9, None]], type='txn', msg_id=1), src='c9', id=13), False), 2: (namespace(dest='n1', body=namespace(txn=[['r', 4, None], ['r', 7, None], ['append', 8, 1], ['r', 9, None]], type='txn', msg_id=2), src='c9', id=22), False)}
DEBUG:root:received {"dest":"n0","src":"n2","body":{"msg_id":2,"type":"txnRep","msg":{"dest":"n2","body":{"txn":[["append",9,4],["r",9,null],["append",9,5]],"type":"txn","msg_id":1},"src":"c10","id":28}},"id":29}
INFO:root:cehcking if we can commit the msg: 4
INFO:root:msgs{1: (namespace(dest='n2', body=namespace(txn=[['append', 9, 4], ['r', 9, None], ['append', 9, 5]], type='txn', msg_id=1), src='c10', id=28), False), 2: (namespace(dest='n1', body=namespace(txn=[['r', 4, None], ['r', 7, None], ['append', 8, 1], ['r', 9, None]], type='txn', msg_id=2), src='c9', id=22), False)}
DEBUG:root:received {"dest":"n0","src":"n3","body":{"msg_id":2,"type":"txnRep","msg":{"dest":"n3","body":{"txn":[["append",8,2],["r",9,null],["append",9,6],["append",7,2]],"type":"txn","msg_id":1},"src":"c11","id":36}},"id":37}
INFO:root:cehcking if we can commit the msg: 4
INFO:root:msgs{1: (namespace(dest='n3', body=namespace(txn=[['append', 8, 2], ['r', 9, None], ['append', 9, 6], ['append', 7, 2]], type='txn', msg_id=1), src='c11', id=36), False), 2: (namespace(dest='n1', body=namespace(txn=[['r', 4, None], ['r', 7, None], ['append', 8, 1], ['r', 9, None]], type='txn', msg_id=2), src='c9', id=22), False)}
DEBUG:root:received {"dest":"n0","body":{"txn":[["r",9,null],["r",8,null],["r",9,null],["append",9,7]],"type":"txn","msg_id":4},"src":"c8","id":40}
INFO:root:Sending msg to be replicated, destn1
DEBUG:root:sending {"dest": "n1", "src": "n0", "body": {"msg_id": 14, "type": "txnRep", "msg": {"dest": "n0", "body": {"txn": [["r", 9, null], ["r", 8, null], ["r", 9, null], ["append", 9, 7]], "type": "txn", "msg_id": 4}, "src": "c8", "id": 40}}}
INFO:root:Sending msg to be replicated, destn2
DEBUG:root:sending {"dest": "n2", "src": "n0", "body": {"msg_id": 15, "type": "txnRep", "msg": {"dest": "n0", "body": {"txn": [["r", 9, null], ["r", 8, null], ["r", 9, null], ["append", 9, 7]], "type": "txn", "msg_id": 4}, "src": "c8", "id": 40}}}
INFO:root:Sending msg to be replicated, destn3
DEBUG:root:sending {"dest": "n3", "src": "n0", "body": {"msg_id": 16, "type": "txnRep", "msg": {"dest": "n0", "body": {"txn": [["r", 9, null], ["r", 8, null], ["r", 9, null], ["append", 9, 7]], "type": "txn", "msg_id": 4}, "src": "c8", "id": 40}}}
INFO:root:cehcking if we can commit the msg: 4
INFO:root:msgs{1: (namespace(dest='n3', body=namespace(txn=[['append', 8, 2], ['r', 9, None], ['append', 9, 6], ['append', 7, 2]], type='txn', msg_id=1), src='c11', id=36), False), 2: (namespace(dest='n1', body=namespace(txn=[['r', 4, None], ['r', 7, None], ['append', 8, 1], ['r', 9, None]], type='txn', msg_id=2), src='c9', id=22), False)}
INFO:root:commiting msg nr4
DEBUG:root:c8-4: locking 8
DEBUG:root:c8-4: locking 9
INFO:root:c8-4: aborted
DEBUG:root:sending {"dest": "c8", "src": "n0", "body": {"msg_id": 17, "in_reply_to": 4, "type": "error", "code": 14, "text": "transaction aborted"}}
WARNING:root:transaction aborted by noden0
DEBUG:root:c8-4: unlocking 8
DEBUG:root:c8-4: unlocking 9
INFO:root:cehcking if we can commit the msg: 5
INFO:root:msgs{1: (namespace(dest='n3', body=namespace(txn=[['append', 8, 2], ['r', 9, None], ['append', 9, 6], ['append', 7, 2]], type='txn', msg_id=1), src='c11', id=36), False), 2: (namespace(dest='n1', body=namespace(txn=[['r', 4, None], ['r', 7, None], ['append', 8, 1], ['r', 9, None]], type='txn', msg_id=2), src='c9', id=22), False)}
DEBUG:root:received {"dest":"n0","body":{"txn":[["append",8,3],["r",3,null],["r",7,null],["r",9,null]],"type":"txn","msg_id":5},"src":"c8","id":45}
INFO:root:Sending msg to be replicated, destn1
DEBUG:root:sending {"dest": "n1", "src": "n0", "body": {"msg_id": 18, "type": "txnRep", "msg": {"dest": "n0", "body": {"txn": [["append", 8, 3], ["r", 3, null], ["r", 7, null], ["r", 9, null]], "type": "txn", "msg_id": 5}, "src": "c8", "id": 45}}}
INFO:root:Sending msg to be replicated, destn2
DEBUG:root:sending {"dest": "n2", "src": "n0", "body": {"msg_id": 19, "type": "txnRep", "msg": {"dest": "n0", "body": {"txn": [["append", 8, 3], ["r", 3, null], ["r", 7, null], ["r", 9, null]], "type": "txn", "msg_id": 5}, "src": "c8", "id": 45}}}
INFO:root:Sending msg to be replicated, destn3
DEBUG:root:sending {"dest": "n3", "src": "n0", "body": {"msg_id": 20, "type": "txnRep", "msg": {"dest": "n0", "body": {"txn": [["append", 8, 3], ["r", 3, null], ["r", 7, null], ["r", 9, null]], "type": "txn", "msg_id": 5}, "src": "c8", "id": 45}}}
INFO:root:cehcking if we can commit the msg: 5
INFO:root:msgs{1: (namespace(dest='n3', body=namespace(txn=[['append', 8, 2], ['r', 9, None], ['append', 9, 6], ['append', 7, 2]], type='txn', msg_id=1), src='c11', id=36), False), 2: (namespace(dest='n1', body=namespace(txn=[['r', 4, None], ['r', 7, None], ['append', 8, 1], ['r', 9, None]], type='txn', msg_id=2), src='c9', id=22), False)}
INFO:root:commiting msg nr5
DEBUG:root:c8-5: locking 3
DEBUG:root:c8-5: locking 7
DEBUG:root:c8-5: locking 8
DEBUG:root:c8-5: locking 9
DEBUG:root:c8-5: appending to 8: 3
DEBUG:root:c8-5: reading 3
DEBUG:root:c8-5: reading 7
DEBUG:root:c8-5: reading 9
DEBUG:root:c8-5: updating 8: [3]
DEBUG:root:c8-5: unlocking 3
DEBUG:root:c8-5: unlocking 7
DEBUG:root:c8-5: unlocking 8
DEBUG:root:c8-5: unlocking 9
DEBUG:root:sending {"dest": "c8", "src": "n0", "body": {"msg_id": 21, "in_reply_to": 5, "type": "txn_ok", "txn": [["append", 8, 3], ["r", 3, null], ["r", 7, [1]], ["r", 9, [1, 2, 3]]]}}
INFO:root:cehcking if we can commit the msg: 6
INFO:root:msgs{1: (namespace(dest='n3', body=namespace(txn=[['append', 8, 2], ['r', 9, None], ['append', 9, 6], ['append', 7, 2]], type='txn', msg_id=1), src='c11', id=36), False), 2: (namespace(dest='n1', body=namespace(txn=[['r', 4, None], ['r', 7, None], ['append', 8, 1], ['r', 9, None]], type='txn', msg_id=2), src='c9', id=22), False)}
DEBUG:root:received {"dest":"n0","body":{"txn":[["append",9,8],["r",8,null]],"type":"txn","msg_id":6},"src":"c8","id":50}
INFO:root:Sending msg to be replicated, destn1
DEBUG:root:sending {"dest": "n1", "src": "n0", "body": {"msg_id": 22, "type": "txnRep", "msg": {"dest": "n0", "body": {"txn": [["append", 9, 8], ["r", 8, null]], "type": "txn", "msg_id": 6}, "src": "c8", "id": 50}}}
INFO:root:Sending msg to be replicated, destn2
DEBUG:root:sending {"dest": "n2", "src": "n0", "body": {"msg_id": 23, "type": "txnRep", "msg": {"dest": "n0", "body": {"txn": [["append", 9, 8], ["r", 8, null]], "type": "txn", "msg_id": 6}, "src": "c8", "id": 50}}}
INFO:root:Sending msg to be replicated, destn3
DEBUG:root:sending {"dest": "n3", "src": "n0", "body": {"msg_id": 24, "type": "txnRep", "msg": {"dest": "n0", "body": {"txn": [["append", 9, 8], ["r", 8, null]], "type": "txn", "msg_id": 6}, "src": "c8", "id": 50}}}
INFO:root:cehcking if we can commit the msg: 6
INFO:root:msgs{1: (namespace(dest='n3', body=namespace(txn=[['append', 8, 2], ['r', 9, None], ['append', 9, 6], ['append', 7, 2]], type='txn', msg_id=1), src='c11', id=36), False), 2: (namespace(dest='n1', body=namespace(txn=[['r', 4, None], ['r', 7, None], ['append', 8, 1], ['r', 9, None]], type='txn', msg_id=2), src='c9', id=22), False)}
INFO:root:commiting msg nr6
DEBUG:root:c8-6: locking 8
DEBUG:root:c8-6: locking 9
DEBUG:root:c8-6: appending to 9: 8
DEBUG:root:c8-6: reading 8
DEBUG:root:c8-6: updating 9: [1, 2, 3, 8]
DEBUG:root:c8-6: unlocking 8
DEBUG:root:c8-6: unlocking 9
DEBUG:root:sending {"dest": "c8", "src": "n0", "body": {"msg_id": 25, "in_reply_to": 6, "type": "txn_ok", "txn": [["append", 9, 8], ["r", 8, [3]]]}}
INFO:root:cehcking if we can commit the msg: 7
INFO:root:msgs{1: (namespace(dest='n3', body=namespace(txn=[['append', 8, 2], ['r', 9, None], ['append', 9, 6], ['append', 7, 2]], type='txn', msg_id=1), src='c11', id=36), False), 2: (namespace(dest='n1', body=namespace(txn=[['r', 4, None], ['r', 7, None], ['append', 8, 1], ['r', 9, None]], type='txn', msg_id=2), src='c9', id=22), False)}
