DEBUG:root:received {"dest":"n1","body":{"type":"init","node_id":"n1","node_ids":["n1","n2","n3","n4","n5"],"msg_id":1},"src":"c1","id":1}
INFO:root:node n1 initialized
DEBUG:root:sending {"dest": "c1", "src": "n1", "body": {"msg_id": 1, "in_reply_to": 1, "type": "init_ok"}}
DEBUG:root:sending {"dest": "n2", "src": "n1", "body": {"msg_id": 2, "type": "AppendEntries", "term": 0, "prevIndex": 0, "prevTerm": 0, "entries": [[["pass", null], 0]], "commit": 0}}
DEBUG:root:sending {"dest": "n3", "src": "n1", "body": {"msg_id": 3, "type": "AppendEntries", "term": 0, "prevIndex": 0, "prevTerm": 0, "entries": [[["pass", null], 0]], "commit": 0}}
DEBUG:root:sending {"dest": "n4", "src": "n1", "body": {"msg_id": 4, "type": "AppendEntries", "term": 0, "prevIndex": 0, "prevTerm": 0, "entries": [[["pass", null], 0]], "commit": 0}}
DEBUG:root:sending {"dest": "n5", "src": "n1", "body": {"msg_id": 5, "type": "AppendEntries", "term": 0, "prevIndex": 0, "prevTerm": 0, "entries": [[["pass", null], 0]], "commit": 0}}
DEBUG:root:received {"dest":"n1","body":{"key":0,"from":0,"to":0,"type":"cas","msg_id":1},"src":"c13","id":17}
DEBUG:root:sending {"dest": "n2", "src": "n1", "body": {"msg_id": 6, "type": "AppendEntries", "term": 0, "prevIndex": 0, "prevTerm": 0, "entries": [["cas", [0, [0, 0]], 0]], "commit": 0}}
DEBUG:root:sending {"dest": "n3", "src": "n1", "body": {"msg_id": 7, "type": "AppendEntries", "term": 0, "prevIndex": 0, "prevTerm": 0, "entries": [["cas", [0, [0, 0]], 0]], "commit": 0}}
DEBUG:root:sending {"dest": "n4", "src": "n1", "body": {"msg_id": 8, "type": "AppendEntries", "term": 0, "prevIndex": 0, "prevTerm": 0, "entries": [["cas", [0, [0, 0]], 0]], "commit": 0}}
DEBUG:root:sending {"dest": "n5", "src": "n1", "body": {"msg_id": 9, "type": "AppendEntries", "term": 0, "prevIndex": 0, "prevTerm": 0, "entries": [["cas", [0, [0, 0]], 0]], "commit": 0}}
DEBUG:root:received {"dest":"n1","body":{"key":0,"type":"read","msg_id":1},"src":"c14","id":22}
DEBUG:root:sending {"dest": "c14", "src": "n1", "body": {"msg_id": 10, "in_reply_to": 1, "type": "error", "code": 20, "text": "Invalid Key"}}
DEBUG:root:received {"dest":"n1","body":{"key":1,"from":3,"to":0,"type":"cas","msg_id":1},"src":"c15","id":24}
DEBUG:root:sending {"dest": "n2", "src": "n1", "body": {"msg_id": 11, "type": "AppendEntries", "term": 0, "prevIndex": 0, "prevTerm": 0, "entries": [["cas", [0, [0, 0]], 0], ["cas", [1, [3, 0]], 0]], "commit": 0}}
DEBUG:root:sending {"dest": "n3", "src": "n1", "body": {"msg_id": 12, "type": "AppendEntries", "term": 0, "prevIndex": 0, "prevTerm": 0, "entries": [["cas", [0, [0, 0]], 0], ["cas", [1, [3, 0]], 0]], "commit": 0}}
DEBUG:root:sending {"dest": "n4", "src": "n1", "body": {"msg_id": 13, "type": "AppendEntries", "term": 0, "prevIndex": 0, "prevTerm": 0, "entries": [["cas", [0, [0, 0]], 0], ["cas", [1, [3, 0]], 0]], "commit": 0}}
DEBUG:root:sending {"dest": "n5", "src": "n1", "body": {"msg_id": 14, "type": "AppendEntries", "term": 0, "prevIndex": 0, "prevTerm": 0, "entries": [["cas", [0, [0, 0]], 0], ["cas", [1, [3, 0]], 0]], "commit": 0}}
DEBUG:root:received {"dest":"n1","body":{"key":1,"value":0,"type":"write","msg_id":1},"src":"c16","id":29}
DEBUG:root:sending {"dest": "n2", "src": "n1", "body": {"msg_id": 15, "type": "AppendEntries", "term": 0, "prevIndex": 0, "prevTerm": 0, "entries": [["cas", [0, [0, 0]], 0], ["cas", [1, [3, 0]], 0], ["write", [1, 0], 0]], "commit": 0}}
DEBUG:root:sending {"dest": "n3", "src": "n1", "body": {"msg_id": 16, "type": "AppendEntries", "term": 0, "prevIndex": 0, "prevTerm": 0, "entries": [["cas", [0, [0, 0]], 0], ["cas", [1, [3, 0]], 0], ["write", [1, 0], 0]], "commit": 0}}
DEBUG:root:sending {"dest": "n4", "src": "n1", "body": {"msg_id": 17, "type": "AppendEntries", "term": 0, "prevIndex": 0, "prevTerm": 0, "entries": [["cas", [0, [0, 0]], 0], ["cas", [1, [3, 0]], 0], ["write", [1, 0], 0]], "commit": 0}}
DEBUG:root:sending {"dest": "n5", "src": "n1", "body": {"msg_id": 18, "type": "AppendEntries", "term": 0, "prevIndex": 0, "prevTerm": 0, "entries": [["cas", [0, [0, 0]], 0], ["cas", [1, [3, 0]], 0], ["write", [1, 0], 0]], "commit": 0}}
