2022-05-03 14:58:15,974{GMT}	INFO	[jepsen test runner] jepsen.core: Test version ba6f9e66132a8e6051301f5fc7fd18e877f6bddb (plus uncommitted changes)
2022-05-03 14:58:15,974{GMT}	INFO	[jepsen test runner] jepsen.core: Command line:
lein run test --bin raft.py --workload lin-kv --concurrency 4n --time-limit 2
2022-05-03 14:58:16,034{GMT}	INFO	[jepsen test runner] jepsen.core: Running test:
{:remote #jepsen.control.SSHRemote{:session nil}
 :log-net-send false
 :node-count nil
 :max-txn-length 4
 :concurrency 20
 :db
 #object[maelstrom.db$db$reify__16747
         "0xcf0e8b4"
         "maelstrom.db$db$reify__16747@cf0e8b4"]
 :max-writes-per-key 16
 :leave-db-running? false
 :name "lin-kv"
 :logging-json? false
 :net-journal #object[clojure.lang.Atom "0x51a7ee4e" {:status :ready, :val []}]
 :start-time
 #object[org.joda.time.DateTime "0x424c8ebe" "2022-05-03T14:58:15.000+01:00"]
 :nemesis-interval 10
 :net
 #object[maelstrom.net$jepsen_adapter$reify__15560
         "0x7aafac17"
         "maelstrom.net$jepsen_adapter$reify__15560@7aafac17"]
 :client
 #object[maelstrom.workload.lin_kv$client$reify__17524
         "0x3054551f"
         "maelstrom.workload.lin_kv$client$reify__17524@3054551f"]
 :barrier
 #object[java.util.concurrent.CyclicBarrier
         "0x6b8cfbeb"
         "java.util.concurrent.CyclicBarrier@6b8cfbeb"]
 :log-stderr false
 :pure-generators true
 :ssh {:dummy? true}
 :rate 5
 :checker
 #object[jepsen.checker$compose$reify__8612
         "0x4603845b"
         "jepsen.checker$compose$reify__8612@4603845b"]
 :argv
 ("test"
  "--bin"
  "raft.py"
  "--workload"
  "lin-kv"
  "--concurrency"
  "4n"
  "--time-limit"
  "2")
 :nemesis
 (jepsen.nemesis.ReflCompose
  {:fm {:start-partition 0,
        :stop-partition 0,
        :kill 1,
        :start 1,
        :pause 1,
        :resume 1},
   :nemeses [#unprintable "jepsen.nemesis.combined$partition_nemesis$reify__17019@414b5798"
             #unprintable "jepsen.nemesis.combined$db_nemesis$reify__17000@53251e03"]})
 :active-histories
 #object[clojure.lang.Atom "0x5ffae42f" {:status :ready, :val #{}}]
 :nodes ["n1" "n2" "n3" "n4" "n5"]
 :test-count 1
 :latency {:mean 0, :dist :constant}
 :bin "raft.py"
 :generator
 (jepsen.generator.TimeLimit
  {:limit 2000000000,
   :cutoff nil,
   :gen (jepsen.generator.Any
         {:gens [(jepsen.generator.OnThreads {:f #{:nemesis}, :gen nil})
                 (jepsen.generator.OnThreads
                  {:f #object[clojure.core$complement$fn__5654
                              "0x3eff5c32"
                              "clojure.core$complement$fn__5654@3eff5c32"],
                   :gen (jepsen.generator.Stagger
                         {:dt 400000000,
                          :next-time nil,
                          :gen (jepsen.generator.OnThreads
                                {:f #object[clojure.core$complement$fn__5654
                                            "0x79d538c1"
                                            "clojure.core$complement$fn__5654@79d538c1"],
                                 :gen (jepsen.independent.ConcurrentGenerator
                                       {:n 10,
                                        :fgen #object[jepsen.tests.linearizable_register$test$fn__17324
                                                      "0x31e08c61"
                                                      "jepsen.tests.linearizable_register$test$fn__17324@31e08c61"],
                                        :group->threads nil,
                                        :thread->group nil,
                                        :keys (0 1 2 3 4 5 6 7 ...),
                                        :gens nil})})})})]})})
 :log-net-recv false
 :os
 #object[jepsen.os$reify__2490 "0x2db15764" "jepsen.os$reify__2490@2db15764"]
 :time-limit 2
 :workload :lin-kv
 :consistency-models [:strict-serializable]
 :topology :grid}

2022-05-03 14:58:16,041{GMT}	INFO	[jepsen test runner] jepsen.db: Tearing down DB
2022-05-03 14:58:16,043{GMT}	INFO	[jepsen test runner] jepsen.db: Setting up DB
2022-05-03 14:58:16,044{GMT}	INFO	[jepsen node n3] maelstrom.db: Setting up n3
2022-05-03 14:58:16,044{GMT}	INFO	[jepsen node n2] maelstrom.db: Setting up n2
2022-05-03 14:58:16,044{GMT}	INFO	[jepsen node n4] maelstrom.db: Setting up n4
2022-05-03 14:58:16,045{GMT}	INFO	[jepsen node n2] maelstrom.process: launching raft.py nil
2022-05-03 14:58:16,045{GMT}	INFO	[jepsen node n3] maelstrom.process: launching raft.py nil
2022-05-03 14:58:16,045{GMT}	INFO	[jepsen node n4] maelstrom.process: launching raft.py nil
2022-05-03 14:58:16,047{GMT}	INFO	[jepsen node n5] maelstrom.db: Setting up n5
2022-05-03 14:58:16,047{GMT}	INFO	[jepsen node n1] maelstrom.service: Starting services: (lin-kv lin-tso lww-kv seq-kv)
2022-05-03 14:58:16,047{GMT}	INFO	[jepsen node n5] maelstrom.process: launching raft.py nil
2022-05-03 14:58:16,049{GMT}	INFO	[jepsen node n1] maelstrom.db: Setting up n1
2022-05-03 14:58:16,050{GMT}	INFO	[jepsen node n1] maelstrom.process: launching raft.py nil
2022-05-03 14:58:16,124{GMT}	INFO	[jepsen test runner] jepsen.core: Relative time begins now
2022-05-03 14:58:16,159{GMT}	INFO	[jepsen worker 1] jepsen.util: 1	:invoke	:read	[0 nil]
2022-05-03 14:58:16,167{GMT}	INFO	[jepsen worker 1] jepsen.util: 1	:fail	:read	[0 nil]	[:unknown "Not Leader"]
2022-05-03 14:58:16,378{GMT}	INFO	[jepsen worker 10] jepsen.util: 10	:invoke	:write	[1 1]
2022-05-03 14:58:16,521{GMT}	INFO	[jepsen worker 2] jepsen.util: 2	:invoke	:read	[0 nil]
2022-05-03 14:58:16,524{GMT}	INFO	[jepsen worker 2] jepsen.util: 2	:fail	:read	[0 nil]	[:unknown "Not Leader"]
2022-05-03 14:58:16,526{GMT}	INFO	[jepsen worker 19] jepsen.util: 19	:invoke	:cas	[1 [2 4]]
2022-05-03 14:58:16,528{GMT}	INFO	[jepsen worker 19] jepsen.util: 19	:info	:cas	[1 [2 4]]	[:unknown "Not Leader"]
2022-05-03 14:58:16,828{GMT}	INFO	[jepsen worker 16] jepsen.util: 16	:invoke	:write	[1 4]
2022-05-03 14:58:16,830{GMT}	INFO	[jepsen worker 16] jepsen.util: 16	:info	:write	[1 4]	[:unknown "Not Leader"]
2022-05-03 14:58:17,061{GMT}	INFO	[jepsen worker 18] jepsen.util: 18	:invoke	:cas	[1 [3 3]]
2022-05-03 14:58:17,068{GMT}	INFO	[jepsen worker 18] jepsen.util: 18	:info	:cas	[1 [3 3]]	[:unknown "Not Leader"]
2022-05-03 14:58:17,151{GMT}	INFO	[jepsen worker 5] jepsen.util: 5	:invoke	:write	[0 2]
2022-05-03 14:58:17,230{GMT}	INFO	[jepsen worker 3] jepsen.util: 3	:invoke	:read	[0 nil]
2022-05-03 14:58:17,233{GMT}	INFO	[jepsen worker 3] jepsen.util: 3	:fail	:read	[0 nil]	[:unknown "Not Leader"]
2022-05-03 14:58:17,380{GMT}	INFO	[jepsen worker 10] jepsen.util: 10	:info	:write	[1 1]	:net-timeout
2022-05-03 14:58:17,623{GMT}	INFO	[jepsen worker 10] jepsen.util: 30	:invoke	:cas	[1 [4 3]]
2022-05-03 14:58:17,759{GMT}	INFO	[jepsen worker 18] jepsen.util: 38	:invoke	:write	[1 4]
2022-05-03 14:58:17,851{GMT}	INFO	[jepsen worker 18] jepsen.util: 38	:info	:write	[1 4]	[:unknown "Not Leader"]
2022-05-03 14:58:17,866{GMT}	INFO	[jepsen worker 16] jepsen.util: 36	:invoke	:cas	[1 [0 3]]
2022-05-03 14:58:17,996{GMT}	INFO	[jepsen worker 16] jepsen.util: 36	:info	:cas	[1 [0 3]]	[:unknown "Not Leader"]
2022-05-03 14:58:18,024{GMT}	INFO	[jepsen worker 12] jepsen.util: 12	:invoke	:cas	[1 [1 0]]
2022-05-03 14:58:18,152{GMT}	INFO	[jepsen worker 5] jepsen.util: 5	:info	:write	[0 2]	:net-timeout
2022-05-03 14:58:18,167{GMT}	INFO	[jepsen worker 12] jepsen.util: 12	:info	:cas	[1 [1 0]]	[:unknown "Not Leader"]
2022-05-03 14:58:18,623{GMT}	INFO	[jepsen worker 10] jepsen.util: 30	:info	:cas	[1 [4 3]]	:net-timeout
2022-05-03 14:58:18,641{GMT}	INFO	[jepsen node n1] maelstrom.db: Tearing down n1
2022-05-03 14:58:18,641{GMT}	INFO	[jepsen node n2] maelstrom.db: Tearing down n2
2022-05-03 14:58:18,645{GMT}	INFO	[jepsen node n3] maelstrom.db: Tearing down n3
2022-05-03 14:58:18,645{GMT}	INFO	[jepsen node n4] maelstrom.db: Tearing down n4
2022-05-03 14:58:18,646{GMT}	INFO	[jepsen node n5] maelstrom.db: Tearing down n5
2022-05-03 14:58:18,656{GMT}	WARN	[main] jepsen.core: Test crashed!
clojure.lang.ExceptionInfo: Node n1 crashed with exit status 1. Before crashing, it wrote to STDOUT:

{"dest": "n5", "src": "n1", "body": {"msg_id": 55, "in_reply_to": 41, "type": "RequestVoteRes", "term": 6, "res": false}}
{"dest": "n2", "src": "n1", "body": {"msg_id": 56, "in_reply_to": 56, "type": "RequestVoteRes", "term": 6, "res": false}}
{"dest": "n4", "src": "n1", "body": {"msg_id": 57, "in_reply_to": 40, "type": "RequestVoteRes", "term": 6, "res": false}}
{"dest": "n5", "src": "n1", "body": {"msg_id": 58, "in_reply_to": 46, "type": "RequestVoteRes", "term": 6, "res": false}}
{"dest": "n1", "src": "n1", "body": {"msg_id": 59, "type": "RequestVote", "term": 7, "prevLogIndex": 1, "lastLogTerm": 5, "candidateId": "n1"}}
{"dest": "n2", "src": "n1", "body": {"msg_id": 60, "type": "RequestVote", "term": 7, "prevLogIndex": 1, "lastLogTerm": 5, "candidateId": "n1"}}
{"dest": "n3", "src": "n1", "body": {"msg_id": 61, "type": "RequestVote", "term": 7, "prevLogIndex": 1, "lastLogTerm": 5, "candidateId": "n1"}}
{"dest": "n4", "src": "n1", "body": {"msg_id": 62, "type": "RequestVote", "term": 7, "prevLogIndex": 1, "lastLogTerm": 5, "candidateId": "n1"}}
{"dest": "n5", "src": "n1", "body": {"msg_id": 63, "type": "RequestVote", "term": 7, "prevLogIndex": 1, "lastLogTerm": 5, "candidateId": "n1"}}
{"dest": "n1", "src": "n1", "body": {"msg_id": 64, "type": "RequestVote", "term": 8, "prevLogIndex": 1, "lastLogTerm": 5, "candidateId": "n1"}}
{"dest": "n2", "src": "n1", "body": {"msg_id": 65, "type": "RequestVote", "term": 8, "prevLogIndex": 1, "lastLogTerm": 5, "candidateId": "n1"}}
{"dest": "n3", "src": "n1", "body": {"msg_id": 66, "type": "RequestVote", "term": 8, "prevLogIndex": 1, "lastLogTerm": 5, "candidateId": "n1"}}
{"dest": "n4", "src": "n1", "body": {"msg_id": 67, "type": "RequestVote", "term": 8, "prevLogIndex": 1, "lastLogTerm": 5, "candidateId": "n1"}}
{"dest": "n5", "src": "n1", "body": {"msg_id": 68, "type": "RequestVote", "term": 8, "prevLogIndex": 1, "lastLogTerm": 5, "candidateId": "n1"}}
{"dest": "n4", "src": "n1", "body": {"msg_id": 69, "in_reply_to": 50, "type": "RequestVoteRes", "term": 8, "res": false}}
{"dest": "n1", "src": "n1", "body": {"msg_id": 70, "in_reply_to": 59, "type": "RequestVoteRes", "term": 8, "res": false}}
{"dest": "n5", "src": "n1", "body": {"msg_id": 71, "in_reply_to": 56, "type": "RequestVoteRes", "term": 8, "res": false}}
{"dest": "n2", "src": "n1", "body": {"msg_id": 72, "in_reply_to": 66, "type": "RequestVoteRes", "term": 8, "res": false}}
{"dest": "n1", "src": "n1", "body": {"msg_id": 73, "in_reply_to": 64, "type": "RequestVoteRes", "term": 8, "res": true}}
{"dest": "n3", "src": "n1", "body": {"msg_id": 74, "in_reply_to": 61, "type": "RequestVoteRes", "term": 8, "res": false}}
{"dest": "n2", "src": "n1", "body": {"msg_id": 75, "type": "AppendEntries", "term": 8, "prevIndex": 0, "prevTerm": 0, "entries": [[["pass", null], 0], [["write", [1, 1]], 5]], "commit": 0}}
{"dest": "n3", "src": "n1", "body": {"msg_id": 76, "type": "AppendEntries", "term": 8, "prevIndex": 0, "prevTerm": 0, "entries": [[["pass", null], 0], [["write", [1, 1]], 5]], "commit": 0}}
{"dest": "n4", "src": "n1", "body": {"msg_id": 77, "type": "AppendEntries", "term": 8, "prevIndex": 0, "prevTerm": 0, "entries": [[["pass", null], 0], [["write", [1, 1]], 5]], "commit": 0}}
{"dest": "n5", "src": "n1", "body": {"msg_id": 78, "type": "AppendEntries", "term": 8, "prevIndex": 0, "prevTerm": 0, "entries": [[["pass", null], 0], [["write", [1, 1]], 5]], "commit": 0}}
{"dest": "n4", "src": "n1", "body": {"msg_id": 79, "type": "AppendEntries", "term": 8, "prevIndex": -1, "prevTerm": 5, "entries": [[["pass", null], 0], [["write", [1, 1]], 5]], "commit": 0}}
{"dest": "n2", "src": "n1", "body": {"msg_id": 80, "type": "AppendEntries", "term": 8, "prevIndex": -1, "prevTerm": 5, "entries": [[["pass", null], 0], [["write", [1, 1]], 5]], "commit": 0}}
{"dest": "n3", "src": "n1", "body": {"msg_id": 81, "type": "AppendEntries", "term": 8, "prevIndex": -1, "prevTerm": 5, "entries": [[["pass", null], 0], [["write", [1, 1]], 5]], "commit": 0}}
{"dest": "n5", "src": "n1", "body": {"msg_id": 82, "type": "AppendEntries", "term": 8, "prevIndex": -1, "prevTerm": 5, "entries": [[["pass", null], 0], [["write", [1, 1]], 5]], "commit": 0}}
{"dest": "n4", "src": "n1", "body": {"msg_id": 83, "type": "AppendEntries", "term": 8, "prevIndex": -2, "prevTerm": 0, "entries": [[["write", [1, 1]], 5]], "commit": 0}}
{"dest": "n2", "src": "n1", "body": {"msg_id": 84, "type": "AppendEntries", "term": 8, "prevIndex": -2, "prevTerm": 0, "entries": [[["write", [1, 1]], 5]], "commit": 0}}
{"dest": "n3", "src": "n1", "body": {"msg_id": 85, "type": "AppendEntries", "term": 8, "prevIndex": -2, "prevTerm": 0, "entries": [[["write", [1, 1]], 5]], "commit": 0}}
{"dest": "n5", "src": "n1", "body": {"msg_id": 86, "type": "AppendEntries", "term": 8, "prevIndex": -2, "prevTerm": 0, "entries": [[["write", [1, 1]], 5]], "commit": 0}}

And to STDERR:

n1
current term
8
next I
{'n1': 1, 'n2': -1, 'n3': -1, 'n4': -1, 'n5': -1}
log
[(('pass', None), 0), (('write', (1, 1)), 5)]
dest
n5

DEBUG:root:sending {"dest": "n5", "src": "n1", "body": {"msg_id": 86, "type": "AppendEntries", "term": 8, "prevIndex": -2, "prevTerm": 0, "entries": [[["write", [1, 1]], 5]], "commit": 0}}
DEBUG:root:received {"dest":"n1","src":"n4","body":{"msg_id":63,"in_reply_to":83,"type":"AppendEntriesRes","res":false,"term":11},"id":371}
WARNING:root:387##########:
node
n1
current term
8
next I
{'n1': 1, 'n2': -1, 'n3': -1, 'n4': -2, 'n5': -1}
log
[(('pass', None), 0), (('write', (1, 1)), 5)]
dest
n4

DEBUG:root:received {"dest":"n1","src":"n2","body":{"msg_id":79,"in_reply_to":84,"type":"AppendEntriesRes","res":false,"term":11},"id":372}
ERROR:root:fatal exception in handler
Traceback (most recent call last):
  File "/home/peter/Documents/tf/lab3/ms.py", line 27, in exitOnError
    fn(*args)
  File "/home/peter/Documents/tf/lab3/raft.py", line 388, in handle
    send(node_id, dest, type='AppendEntries', term=current_term, prevIndex = nextIndex[dest]-1,prevTerm=log[nextIndex[dest]-1][1] ,entries=log[nextIndex[dest]:],commit=commitIndex)
IndexError: list index out of range

Full STDERR logs are available in /home/peter/Documents/tf/lab3/store/lin-kv/20220503T145815.000+0100/node-logs/n1.log
	at slingshot.support$stack_trace.invoke(support.clj:201)
	at maelstrom.process$stop_node_BANG_.invokeStatic(process.clj:239)
	at maelstrom.process$stop_node_BANG_.invoke(process.clj:217)
	at maelstrom.db$db$reify__16747.teardown_BANG_(db.clj:75)
	at jepsen.db$fn__3285$G__3281__3289.invoke(db.clj:11)
	at jepsen.db$fn__3285$G__3280__3294.invoke(db.clj:11)
	at clojure.core$partial$fn__5824.invoke(core.clj:2625)
	at jepsen.control$on_nodes$fn__3165.invoke(control.clj:452)
	at clojure.lang.AFn.applyToHelper(AFn.java:154)
	at clojure.lang.AFn.applyTo(AFn.java:144)
	at clojure.core$apply.invokeStatic(core.clj:665)
	at clojure.core$with_bindings_STAR_.invokeStatic(core.clj:1973)
	at clojure.core$with_bindings_STAR_.doInvoke(core.clj:1973)
	at clojure.lang.RestFn.applyTo(RestFn.java:142)
	at clojure.core$apply.invokeStatic(core.clj:669)
	at clojure.core$bound_fn_STAR_$fn__5734.doInvoke(core.clj:2003)
	at clojure.lang.RestFn.invoke(RestFn.java:408)
	at dom_top.core$real_pmap_helper$build_thread__213$fn__214.invoke(core.clj:146)
	at clojure.lang.AFn.applyToHelper(AFn.java:152)
	at clojure.lang.AFn.applyTo(AFn.java:144)
	at clojure.core$apply.invokeStatic(core.clj:665)
	at clojure.core$with_bindings_STAR_.invokeStatic(core.clj:1973)
	at clojure.core$with_bindings_STAR_.doInvoke(core.clj:1973)
	at clojure.lang.RestFn.invoke(RestFn.java:425)
	at clojure.lang.AFn.applyToHelper(AFn.java:156)
	at clojure.lang.RestFn.applyTo(RestFn.java:132)
	at clojure.core$apply.invokeStatic(core.clj:669)
	at clojure.core$bound_fn_STAR_$fn__5734.doInvoke(core.clj:2003)
	at clojure.lang.RestFn.invoke(RestFn.java:397)
	at clojure.lang.AFn.run(AFn.java:22)
	at java.base/java.lang.Thread.run(Thread.java:833)
