DEBUG:root:received {"dest":"n3","body":{"type":"init","node_id":"n3","node_ids":["n1","n2","n3","n4","n5"],"msg_id":1},"src":"c2","id":2}
INFO:root:node n3 initialized
DEBUG:root:sending {"dest": "c2", "src": "n3", "body": {"msg_id": 1, "in_reply_to": 1, "type": "init_ok"}}
DEBUG:root:sending {"dest": "n1", "src": "n3", "body": {"msg_id": 2, "type": "RequestVote", "term": 1, "prevLogIndex": 2, "lastLogTerm": 0, "candidateId": "n3"}}
DEBUG:root:sending {"dest": "n2", "src": "n3", "body": {"msg_id": 3, "type": "RequestVote", "term": 1, "prevLogIndex": 2, "lastLogTerm": 0, "candidateId": "n3"}}
DEBUG:root:sending {"dest": "n3", "src": "n3", "body": {"msg_id": 4, "type": "RequestVote", "term": 1, "prevLogIndex": 2, "lastLogTerm": 0, "candidateId": "n3"}}
DEBUG:root:sending {"dest": "n4", "src": "n3", "body": {"msg_id": 5, "type": "RequestVote", "term": 1, "prevLogIndex": 2, "lastLogTerm": 0, "candidateId": "n3"}}
DEBUG:root:sending {"dest": "n5", "src": "n3", "body": {"msg_id": 6, "type": "RequestVote", "term": 1, "prevLogIndex": 2, "lastLogTerm": 0, "candidateId": "n3"}}
/home/peter/Documents/tf/lab3/raft.py:132: DeprecationWarning: non-integer arguments to randrange() have been deprecated since Python 3.10 and will be removed in a subsequent version
  sec = random.randrange(min_time,max_time)
DEBUG:root:received {"dest":"n3","src":"n2","body":{"msg_id":4,"type":"RequestVote","term":1,"prevLogIndex":2,"lastLogTerm":0,"candidateId":"n2"},"id":12}
DEBUG:root:received {"dest":"n3","src":"n4","body":{"msg_id":4,"type":"RequestVote","term":1,"prevLogIndex":2,"lastLogTerm":0,"candidateId":"n4"},"id":15}
DEBUG:root:received {"dest":"n3","src":"n3","body":{"msg_id":4,"type":"RequestVote","term":1,"prevLogIndex":2,"lastLogTerm":0,"candidateId":"n3"},"id":18}
DEBUG:root:received {"dest":"n3","src":"n5","body":{"msg_id":4,"type":"RequestVote","term":1,"prevLogIndex":2,"lastLogTerm":0,"candidateId":"n5"},"id":26}
DEBUG:root:received {"dest":"n3","body":{"key":1,"value":2,"type":"write","msg_id":1},"src":"c15","id":40}
DEBUG:root:sending {"dest": "c15", "src": "n3", "body": {"msg_id": 7, "in_reply_to": 1, "type": "error", "code": 11}}
DEBUG:root:received {"dest":"n3","body":{"key":1,"from":3,"to":3,"type":"cas","msg_id":1},"src":"c19","id":47}
DEBUG:root:sending {"dest": "c19", "src": "n3", "body": {"msg_id": 8, "in_reply_to": 1, "type": "error", "code": 11}}
DEBUG:root:received {"dest":"n3","body":{"key":1,"value":1,"type":"write","msg_id":2},"src":"c19","id":49}
DEBUG:root:sending {"dest": "c19", "src": "n3", "body": {"msg_id": 9, "in_reply_to": 2, "type": "error", "code": 11}}
