DEBUG:root:received {"dest":"n4","body":{"type":"init","node_id":"n4","node_ids":["n1","n2","n3","n4","n5"],"msg_id":1},"src":"c4","id":4}
INFO:root:node n4 initialized
DEBUG:root:sending {"dest": "c4", "src": "n4", "body": {"msg_id": 1, "in_reply_to": 1, "type": "init_ok"}}
DEBUG:root:received {"dest":"n4","src":"n1","body":{"msg_id":4,"type":"AppendEntries","term":0,"prevIndex":0,"prevTerm":0,"entries":[[["pass",null],0]],"commit":0},"id":12}
DEBUG:root:sending {"dest": "n1", "src": "n4", "body": {"msg_id": 2, "in_reply_to": 4, "type": "AppendEntriesRes", "res": true, "term": 0, "next": 1, "commit": 0}}
DEBUG:root:received {"dest":"n4","body":{"key":0,"from":1,"to":0,"type":"cas","msg_id":1},"src":"c11","id":19}
DEBUG:root:sending {"dest": "c11", "src": "n4", "body": {"msg_id": 3, "in_reply_to": 1, "type": "error", "code": 11, "text": "Not Leader"}}
Exception in thread Thread-1:
Traceback (most recent call last):
  File "/usr/lib/python3.10/threading.py", line 1009, in _bootstrap_inner
    self.run()
  File "/usr/lib/python3.10/threading.py", line 1371, in run
    self.function(*self.args, **self.kwargs)
  File "/home/peter/Documents/tf/lab3/raft.py", line 59, in buildString
    raise Exception(s)
Exception: ('n1', 1651437479384622348)
('n2', 1651437479376401164)
('n3', 1651437479376401164)
('n4', 1651437479376401164)
('n5', 1651437479376401164)

DEBUG:root:received {"dest":"n4","body":{"key":0,"type":"read","msg_id":1},"src":"c20","id":39}
DEBUG:root:sending {"dest": "c20", "src": "n4", "body": {"msg_id": 4, "in_reply_to": 1, "type": "error", "code": 11, "text": "Not Leader"}}
DEBUG:root:received {"dest":"n4","body":{"key":0,"type":"read","msg_id":2},"src":"c20","id":47}
DEBUG:root:sending {"dest": "c20", "src": "n4", "body": {"msg_id": 5, "in_reply_to": 2, "type": "error", "code": 11, "text": "Not Leader"}}
DEBUG:root:received {"dest":"n4","body":{"key":0,"type":"read","msg_id":3},"src":"c20","id":49}
DEBUG:root:sending {"dest": "c20", "src": "n4", "body": {"msg_id": 6, "in_reply_to": 3, "type": "error", "code": 11, "text": "Not Leader"}}
DEBUG:root:received {"dest":"n4","body":{"key":1,"from":3,"to":3,"type":"cas","msg_id":1},"src":"c24","id":59}
DEBUG:root:sending {"dest": "c24", "src": "n4", "body": {"msg_id": 7, "in_reply_to": 1, "type": "error", "code": 11, "text": "Not Leader"}}
