DEBUG:root:received {"dest":"n5","body":{"type":"init","node_id":"n5","node_ids":["n1","n2","n3","n4","n5"],"msg_id":1},"src":"c0","id":0}
INFO:root:node n5 initialized
DEBUG:root:sending {"dest": "c0", "src": "n5", "body": {"msg_id": 1, "in_reply_to": 1, "type": "init_ok"}}
DEBUG:root:received {"dest":"n5","src":"n1","body":{"msg_id":5,"type":"AppendEntries","term":0,"prevIndex":0,"prevTerm":0,"entries":[[["pass",null],0]],"commit":0},"id":13}
DEBUG:root:sending {"dest": "n1", "src": "n5", "body": {"msg_id": 2, "in_reply_to": 5, "type": "AppendEntriesRes", "res": true, "term": 0, "next": 1, "commit": 0}}
Exception in thread Thread-1:
Traceback (most recent call last):
  File "/usr/lib/python3.10/threading.py", line 1009, in _bootstrap_inner
    self.run()
  File "/usr/lib/python3.10/threading.py", line 1371, in run
    self.function(*self.args, **self.kwargs)
  File "/home/peter/Documents/tf/lab3/raft.py", line 59, in buildString
    raise Exception(s)
Exception: ('n1', 1651437479385041312)
('n2', 1651437479373383424)
('n3', 1651437479373383424)
('n4', 1651437479373383424)
('n5', 1651437479373383424)

DEBUG:root:received {"dest":"n5","body":{"key":0,"from":3,"to":2,"type":"cas","msg_id":1},"src":"c12","id":21}
DEBUG:root:sending {"dest": "c12", "src": "n5", "body": {"msg_id": 3, "in_reply_to": 1, "type": "error", "code": 11, "text": "Not Leader"}}
DEBUG:root:received {"dest":"n5","body":{"key":0,"type":"read","msg_id":1},"src":"c13","id":23}
DEBUG:root:sending {"dest": "c13", "src": "n5", "body": {"msg_id": 4, "in_reply_to": 1, "type": "error", "code": 11, "text": "Not Leader"}}
DEBUG:root:received {"dest":"n5","body":{"key":1,"from":4,"to":0,"type":"cas","msg_id":1},"src":"c15","id":26}
DEBUG:root:sending {"dest": "c15", "src": "n5", "body": {"msg_id": 5, "in_reply_to": 1, "type": "error", "code": 11, "text": "Not Leader"}}
DEBUG:root:received {"dest":"n5","body":{"key":0,"value":2,"type":"write","msg_id":2},"src":"c12","id":31}
DEBUG:root:sending {"dest": "c12", "src": "n5", "body": {"msg_id": 6, "in_reply_to": 2, "type": "error", "code": 11, "text": "Not Leader"}}
DEBUG:root:received {"dest":"n5","body":{"key":0,"from":3,"to":4,"type":"cas","msg_id":3},"src":"c12","id":37}
DEBUG:root:sending {"dest": "c12", "src": "n5", "body": {"msg_id": 7, "in_reply_to": 3, "type": "error", "code": 11, "text": "Not Leader"}}
DEBUG:root:received {"dest":"n5","body":{"key":1,"value":4,"type":"write","msg_id":1},"src":"c22","id":53}
DEBUG:root:sending {"dest": "c22", "src": "n5", "body": {"msg_id": 8, "in_reply_to": 1, "type": "error", "code": 11, "text": "Not Leader"}}
DEBUG:root:received {"dest":"n5","body":{"key":1,"from":1,"to":1,"type":"cas","msg_id":2},"src":"c15","id":57}
DEBUG:root:sending {"dest": "c15", "src": "n5", "body": {"msg_id": 9, "in_reply_to": 2, "type": "error", "code": 11, "text": "Not Leader"}}
