DEBUG:root:received {"dest":"n1","body":{"type":"init","node_id":"n1","node_ids":["n1","n2","n3","n4","n5"],"msg_id":1},"src":"c2","id":2}
INFO:root:node n1 initialized
DEBUG:root:sending {"dest": "c2", "src": "n1", "body": {"msg_id": 1, "in_reply_to": 1, "type": "init_ok"}}
INFO:root:became leader
log
[(('pass', None), 0)]
match index
{'n1': 0, 'n2': 0, 'n3': 0, 'n4': 0, 'n5': 0}

INFO:root:vote ended, new leader is
n1

INFO:root:sending HB

INFO:root:HBdest
n2
nextIndex
{'n1': 1, 'n2': 1, 'n3': 1, 'n4': 1, 'n5': 1}
log
[(('pass', None), 0)]

DEBUG:root:sending {"dest": "n2", "src": "n1", "body": {"msg_id": 2, "type": "AppendEntries", "term": 0, "prevIndex": 0, "prevTerm": 0, "entries": [], "commit": 0}}
INFO:root:HBdest
n3
nextIndex
{'n1': 1, 'n2': 1, 'n3': 1, 'n4': 1, 'n5': 1}
log
[(('pass', None), 0)]

DEBUG:root:sending {"dest": "n3", "src": "n1", "body": {"msg_id": 3, "type": "AppendEntries", "term": 0, "prevIndex": 0, "prevTerm": 0, "entries": [], "commit": 0}}
INFO:root:HBdest
n4
nextIndex
{'n1': 1, 'n2': 1, 'n3': 1, 'n4': 1, 'n5': 1}
log
[(('pass', None), 0)]

DEBUG:root:sending {"dest": "n4", "src": "n1", "body": {"msg_id": 4, "type": "AppendEntries", "term": 0, "prevIndex": 0, "prevTerm": 0, "entries": [], "commit": 0}}
INFO:root:HBdest
n5
nextIndex
{'n1': 1, 'n2': 1, 'n3': 1, 'n4': 1, 'n5': 1}
log
[(('pass', None), 0)]

DEBUG:root:sending {"dest": "n5", "src": "n1", "body": {"msg_id": 5, "type": "AppendEntries", "term": 0, "prevIndex": 0, "prevTerm": 0, "entries": [], "commit": 0}}
INFO:root:sending HB

INFO:root:HBdest
n2
nextIndex
{'n1': 1, 'n2': 1, 'n3': 1, 'n4': 1, 'n5': 1}
log
[(('pass', None), 0)]

DEBUG:root:sending {"dest": "n2", "src": "n1", "body": {"msg_id": 6, "type": "AppendEntries", "term": 0, "prevIndex": 0, "prevTerm": 0, "entries": [], "commit": 0}}
INFO:root:HBdest
n3
nextIndex
{'n1': 1, 'n2': 1, 'n3': 1, 'n4': 1, 'n5': 1}
log
[(('pass', None), 0)]

DEBUG:root:sending {"dest": "n3", "src": "n1", "body": {"msg_id": 7, "type": "AppendEntries", "term": 0, "prevIndex": 0, "prevTerm": 0, "entries": [], "commit": 0}}
INFO:root:HBdest
n4
nextIndex
{'n1': 1, 'n2': 1, 'n3': 1, 'n4': 1, 'n5': 1}
log
[(('pass', None), 0)]

DEBUG:root:sending {"dest": "n4", "src": "n1", "body": {"msg_id": 8, "type": "AppendEntries", "term": 0, "prevIndex": 0, "prevTerm": 0, "entries": [], "commit": 0}}
INFO:root:HBdest
n5
nextIndex
{'n1': 1, 'n2': 1, 'n3': 1, 'n4': 1, 'n5': 1}
log
[(('pass', None), 0)]

DEBUG:root:sending {"dest": "n5", "src": "n1", "body": {"msg_id": 9, "type": "AppendEntries", "term": 0, "prevIndex": 0, "prevTerm": 0, "entries": [], "commit": 0}}
INFO:root:sending HB

INFO:root:HBdest
n2
nextIndex
{'n1': 1, 'n2': 1, 'n3': 1, 'n4': 1, 'n5': 1}
log
[(('pass', None), 0)]

DEBUG:root:sending {"dest": "n2", "src": "n1", "body": {"msg_id": 10, "type": "AppendEntries", "term": 0, "prevIndex": 0, "prevTerm": 0, "entries": [], "commit": 0}}
INFO:root:HBdest
n3
nextIndex
{'n1': 1, 'n2': 1, 'n3': 1, 'n4': 1, 'n5': 1}
log
[(('pass', None), 0)]

DEBUG:root:sending {"dest": "n3", "src": "n1", "body": {"msg_id": 11, "type": "AppendEntries", "term": 0, "prevIndex": 0, "prevTerm": 0, "entries": [], "commit": 0}}
INFO:root:HBdest
n4
nextIndex
{'n1': 1, 'n2': 1, 'n3': 1, 'n4': 1, 'n5': 1}
log
[(('pass', None), 0)]

DEBUG:root:sending {"dest": "n4", "src": "n1", "body": {"msg_id": 12, "type": "AppendEntries", "term": 0, "prevIndex": 0, "prevTerm": 0, "entries": [], "commit": 0}}
INFO:root:HBdest
n5
nextIndex
{'n1': 1, 'n2': 1, 'n3': 1, 'n4': 1, 'n5': 1}
log
[(('pass', None), 0)]

DEBUG:root:sending {"dest": "n5", "src": "n1", "body": {"msg_id": 13, "type": "AppendEntries", "term": 0, "prevIndex": 0, "prevTerm": 0, "entries": [], "commit": 0}}
INFO:root:sending HB

INFO:root:HBdest
n2
nextIndex
{'n1': 1, 'n2': 1, 'n3': 1, 'n4': 1, 'n5': 1}
log
[(('pass', None), 0)]

DEBUG:root:sending {"dest": "n2", "src": "n1", "body": {"msg_id": 14, "type": "AppendEntries", "term": 0, "prevIndex": 0, "prevTerm": 0, "entries": [], "commit": 0}}
INFO:root:HBdest
n3
nextIndex
{'n1': 1, 'n2': 1, 'n3': 1, 'n4': 1, 'n5': 1}
log
[(('pass', None), 0)]

DEBUG:root:sending {"dest": "n3", "src": "n1", "body": {"msg_id": 15, "type": "AppendEntries", "term": 0, "prevIndex": 0, "prevTerm": 0, "entries": [], "commit": 0}}
INFO:root:HBdest
n4
nextIndex
{'n1': 1, 'n2': 1, 'n3': 1, 'n4': 1, 'n5': 1}
log
[(('pass', None), 0)]

DEBUG:root:sending {"dest": "n4", "src": "n1", "body": {"msg_id": 16, "type": "AppendEntries", "term": 0, "prevIndex": 0, "prevTerm": 0, "entries": [], "commit": 0}}
INFO:root:HBdest
n5
nextIndex
{'n1': 1, 'n2': 1, 'n3': 1, 'n4': 1, 'n5': 1}
log
[(('pass', None), 0)]

DEBUG:root:sending {"dest": "n5", "src": "n1", "body": {"msg_id": 17, "type": "AppendEntries", "term": 0, "prevIndex": 0, "prevTerm": 0, "entries": [], "commit": 0}}
DEBUG:root:received {"dest":"n1","body":{"key":1,"value":2,"type":"write","msg_id":1},"src":"c14","id":30}
DEBUG:root:sending {"dest": "n2", "src": "n1", "body": {"msg_id": 18, "type": "AppendEntries", "term": 0, "entries": [[["write", [1, 2]], 0]], "prevIndex": 0, "prevTerm": 0, "commit": 0}}
DEBUG:root:sending {"dest": "n3", "src": "n1", "body": {"msg_id": 19, "type": "AppendEntries", "term": 0, "entries": [[["write", [1, 2]], 0]], "prevIndex": 0, "prevTerm": 0, "commit": 0}}
DEBUG:root:sending {"dest": "n4", "src": "n1", "body": {"msg_id": 20, "type": "AppendEntries", "term": 0, "entries": [[["write", [1, 2]], 0]], "prevIndex": 0, "prevTerm": 0, "commit": 0}}
DEBUG:root:sending {"dest": "n5", "src": "n1", "body": {"msg_id": 21, "type": "AppendEntries", "term": 0, "entries": [[["write", [1, 2]], 0]], "prevIndex": 0, "prevTerm": 0, "commit": 0}}
INFO:root:sending HB

INFO:root:HBdest
n2
nextIndex
{'n1': 1, 'n2': 1, 'n3': 1, 'n4': 1, 'n5': 1}
log
[(('pass', None), 0), (('write', (1, 2)), 0)]

DEBUG:root:sending {"dest": "n2", "src": "n1", "body": {"msg_id": 22, "type": "AppendEntries", "term": 0, "prevIndex": 0, "prevTerm": 0, "entries": [], "commit": 0}}
INFO:root:HBdest
n3
nextIndex
{'n1': 1, 'n2': 1, 'n3': 1, 'n4': 1, 'n5': 1}
log
[(('pass', None), 0), (('write', (1, 2)), 0)]

DEBUG:root:sending {"dest": "n3", "src": "n1", "body": {"msg_id": 23, "type": "AppendEntries", "term": 0, "prevIndex": 0, "prevTerm": 0, "entries": [], "commit": 0}}
INFO:root:HBdest
n4
nextIndex
{'n1': 1, 'n2': 1, 'n3': 1, 'n4': 1, 'n5': 1}
log
[(('pass', None), 0), (('write', (1, 2)), 0)]

DEBUG:root:sending {"dest": "n4", "src": "n1", "body": {"msg_id": 24, "type": "AppendEntries", "term": 0, "prevIndex": 0, "prevTerm": 0, "entries": [], "commit": 0}}
INFO:root:HBdest
n5
nextIndex
{'n1': 1, 'n2': 1, 'n3': 1, 'n4': 1, 'n5': 1}
log
[(('pass', None), 0), (('write', (1, 2)), 0)]

DEBUG:root:sending {"dest": "n5", "src": "n1", "body": {"msg_id": 25, "type": "AppendEntries", "term": 0, "prevIndex": 0, "prevTerm": 0, "entries": [], "commit": 0}}
INFO:root:sending HB

INFO:root:HBdest
n2
nextIndex
{'n1': 1, 'n2': 1, 'n3': 1, 'n4': 1, 'n5': 1}
log
[(('pass', None), 0), (('write', (1, 2)), 0)]

DEBUG:root:sending {"dest": "n2", "src": "n1", "body": {"msg_id": 26, "type": "AppendEntries", "term": 0, "prevIndex": 0, "prevTerm": 0, "entries": [], "commit": 0}}
INFO:root:HBdest
n3
nextIndex
{'n1': 1, 'n2': 1, 'n3': 1, 'n4': 1, 'n5': 1}
log
[(('pass', None), 0), (('write', (1, 2)), 0)]

DEBUG:root:sending {"dest": "n3", "src": "n1", "body": {"msg_id": 27, "type": "AppendEntries", "term": 0, "prevIndex": 0, "prevTerm": 0, "entries": [], "commit": 0}}
INFO:root:HBdest
n4
nextIndex
{'n1': 1, 'n2': 1, 'n3': 1, 'n4': 1, 'n5': 1}
log
[(('pass', None), 0), (('write', (1, 2)), 0)]

DEBUG:root:sending {"dest": "n4", "src": "n1", "body": {"msg_id": 28, "type": "AppendEntries", "term": 0, "prevIndex": 0, "prevTerm": 0, "entries": [], "commit": 0}}
INFO:root:HBdest
n5
nextIndex
{'n1': 1, 'n2': 1, 'n3': 1, 'n4': 1, 'n5': 1}
log
[(('pass', None), 0), (('write', (1, 2)), 0)]

DEBUG:root:sending {"dest": "n5", "src": "n1", "body": {"msg_id": 29, "type": "AppendEntries", "term": 0, "prevIndex": 0, "prevTerm": 0, "entries": [], "commit": 0}}
INFO:root:sending HB

INFO:root:HBdest
n2
nextIndex
{'n1': 1, 'n2': 1, 'n3': 1, 'n4': 1, 'n5': 1}
log
[(('pass', None), 0), (('write', (1, 2)), 0)]

DEBUG:root:sending {"dest": "n2", "src": "n1", "body": {"msg_id": 30, "type": "AppendEntries", "term": 0, "prevIndex": 0, "prevTerm": 0, "entries": [], "commit": 0}}
INFO:root:HBdest
n3
nextIndex
{'n1': 1, 'n2': 1, 'n3': 1, 'n4': 1, 'n5': 1}
log
[(('pass', None), 0), (('write', (1, 2)), 0)]

DEBUG:root:sending {"dest": "n3", "src": "n1", "body": {"msg_id": 31, "type": "AppendEntries", "term": 0, "prevIndex": 0, "prevTerm": 0, "entries": [], "commit": 0}}
INFO:root:HBdest
n4
nextIndex
{'n1': 1, 'n2': 1, 'n3': 1, 'n4': 1, 'n5': 1}
log
[(('pass', None), 0), (('write', (1, 2)), 0)]

DEBUG:root:sending {"dest": "n4", "src": "n1", "body": {"msg_id": 32, "type": "AppendEntries", "term": 0, "prevIndex": 0, "prevTerm": 0, "entries": [], "commit": 0}}
INFO:root:HBdest
n5
nextIndex
{'n1': 1, 'n2': 1, 'n3': 1, 'n4': 1, 'n5': 1}
log
[(('pass', None), 0), (('write', (1, 2)), 0)]

DEBUG:root:sending {"dest": "n5", "src": "n1", "body": {"msg_id": 33, "type": "AppendEntries", "term": 0, "prevIndex": 0, "prevTerm": 0, "entries": [], "commit": 0}}
INFO:root:sending HB

INFO:root:HBdest
n2
nextIndex
{'n1': 1, 'n2': 1, 'n3': 1, 'n4': 1, 'n5': 1}
log
[(('pass', None), 0), (('write', (1, 2)), 0)]

DEBUG:root:sending {"dest": "n2", "src": "n1", "body": {"msg_id": 34, "type": "AppendEntries", "term": 0, "prevIndex": 0, "prevTerm": 0, "entries": [], "commit": 0}}
INFO:root:HBdest
n3
nextIndex
{'n1': 1, 'n2': 1, 'n3': 1, 'n4': 1, 'n5': 1}
log
[(('pass', None), 0), (('write', (1, 2)), 0)]

DEBUG:root:sending {"dest": "n3", "src": "n1", "body": {"msg_id": 35, "type": "AppendEntries", "term": 0, "prevIndex": 0, "prevTerm": 0, "entries": [], "commit": 0}}
INFO:root:HBdest
n4
nextIndex
{'n1': 1, 'n2': 1, 'n3': 1, 'n4': 1, 'n5': 1}
log
[(('pass', None), 0), (('write', (1, 2)), 0)]

DEBUG:root:sending {"dest": "n4", "src": "n1", "body": {"msg_id": 36, "type": "AppendEntries", "term": 0, "prevIndex": 0, "prevTerm": 0, "entries": [], "commit": 0}}
INFO:root:HBdest
n5
nextIndex
{'n1': 1, 'n2': 1, 'n3': 1, 'n4': 1, 'n5': 1}
log
[(('pass', None), 0), (('write', (1, 2)), 0)]

DEBUG:root:sending {"dest": "n5", "src": "n1", "body": {"msg_id": 37, "type": "AppendEntries", "term": 0, "prevIndex": 0, "prevTerm": 0, "entries": [], "commit": 0}}
INFO:root:sending HB

INFO:root:HBdest
n2
nextIndex
{'n1': 1, 'n2': 1, 'n3': 1, 'n4': 1, 'n5': 1}
log
[(('pass', None), 0), (('write', (1, 2)), 0)]

DEBUG:root:sending {"dest": "n2", "src": "n1", "body": {"msg_id": 38, "type": "AppendEntries", "term": 0, "prevIndex": 0, "prevTerm": 0, "entries": [], "commit": 0}}
INFO:root:HBdest
n3
nextIndex
{'n1': 1, 'n2': 1, 'n3': 1, 'n4': 1, 'n5': 1}
log
[(('pass', None), 0), (('write', (1, 2)), 0)]

DEBUG:root:sending {"dest": "n3", "src": "n1", "body": {"msg_id": 39, "type": "AppendEntries", "term": 0, "prevIndex": 0, "prevTerm": 0, "entries": [], "commit": 0}}
INFO:root:HBdest
n4
nextIndex
{'n1': 1, 'n2': 1, 'n3': 1, 'n4': 1, 'n5': 1}
log
[(('pass', None), 0), (('write', (1, 2)), 0)]

DEBUG:root:sending {"dest": "n4", "src": "n1", "body": {"msg_id": 40, "type": "AppendEntries", "term": 0, "prevIndex": 0, "prevTerm": 0, "entries": [], "commit": 0}}
INFO:root:HBdest
n5
nextIndex
{'n1': 1, 'n2': 1, 'n3': 1, 'n4': 1, 'n5': 1}
log
[(('pass', None), 0), (('write', (1, 2)), 0)]

DEBUG:root:sending {"dest": "n5", "src": "n1", "body": {"msg_id": 41, "type": "AppendEntries", "term": 0, "prevIndex": 0, "prevTerm": 0, "entries": [], "commit": 0}}
