DEBUG:root:received {"dest":"n2","body":{"type":"init","node_id":"n2","node_ids":["n1","n2","n3","n4","n5"],"msg_id":1},"src":"c3","id":3}
INFO:root:node n2 initialized
DEBUG:root:sending {"dest": "c3", "src": "n2", "body": {"msg_id": 1, "in_reply_to": 1, "type": "init_ok"}}
DEBUG:root:sending {"dest": "n1", "src": "n2", "body": {"msg_id": 2, "type": "RequestVote", "term": 1, "prevLogIndex": 0, "lastLogTerm": 0, "candidateId": "n2"}}
DEBUG:root:sending {"dest": "n2", "src": "n2", "body": {"msg_id": 3, "type": "RequestVote", "term": 1, "prevLogIndex": 0, "lastLogTerm": 0, "candidateId": "n2"}}
DEBUG:root:sending {"dest": "n3", "src": "n2", "body": {"msg_id": 4, "type": "RequestVote", "term": 1, "prevLogIndex": 0, "lastLogTerm": 0, "candidateId": "n2"}}
DEBUG:root:sending {"dest": "n4", "src": "n2", "body": {"msg_id": 5, "type": "RequestVote", "term": 1, "prevLogIndex": 0, "lastLogTerm": 0, "candidateId": "n2"}}
DEBUG:root:sending {"dest": "n5", "src": "n2", "body": {"msg_id": 6, "type": "RequestVote", "term": 1, "prevLogIndex": 0, "lastLogTerm": 0, "candidateId": "n2"}}
DEBUG:root:received {"dest":"n2","src":"n2","body":{"msg_id":3,"type":"RequestVote","term":1,"prevLogIndex":0,"lastLogTerm":0,"candidateId":"n2"},"id":9}
DEBUG:root:received {"dest":"n2","src":"n1","body":{"msg_id":2,"type":"AppendEntries","term":0,"prevIndex":0,"prevTerm":0,"entries":[[["pass",null],0]],"commit":0},"id":10}
DEBUG:root:received {"dest":"n2","src":"n1","body":{"msg_id":6,"in_reply_to":2,"type":"RequestVoteRes","term":1,"res":true},"id":19}
DEBUG:root:received {"dest":"n2","src":"n4","body":{"msg_id":3,"type":"RequestVote","term":1,"prevLogIndex":0,"lastLogTerm":0,"candidateId":"n4"},"id":20}
DEBUG:root:sending {"dest": "n2", "src": "n2", "body": {"msg_id": 7, "in_reply_to": 3, "type": "RequestVoteRes", "term": 1, "res": true}}
DEBUG:root:sending {"dest": "n1", "src": "n2", "body": {"msg_id": 8, "in_reply_to": 2, "type": "AppendEntriesRes", "res": false, "term": 1}}
DEBUG:root:sending {"dest": "n4", "src": "n2", "body": {"msg_id": 9, "in_reply_to": 3, "type": "RequestVoteRes", "term": 1, "res": false}}
DEBUG:root:received {"dest":"n2","src":"n3","body":{"msg_id":3,"type":"RequestVote","term":1,"prevLogIndex":0,"lastLogTerm":0,"candidateId":"n3"},"id":25}
DEBUG:root:sending {"dest": "n3", "src": "n2", "body": {"msg_id": 10, "in_reply_to": 3, "type": "RequestVoteRes", "term": 1, "res": false}}
DEBUG:root:received {"dest":"n2","src":"n2","body":{"msg_id":7,"in_reply_to":3,"type":"RequestVoteRes","term":1,"res":true},"id":26}
DEBUG:root:received {"dest":"n2","src":"n4","body":{"msg_id":7,"in_reply_to":5,"type":"RequestVoteRes","term":1,"res":true},"id":35}
DEBUG:root:received {"dest":"n2","src":"n3","body":{"msg_id":7,"in_reply_to":4,"type":"RequestVoteRes","term":1,"res":true},"id":36}
DEBUG:root:sending {"dest": "n1", "src": "n2", "body": {"msg_id": 11, "type": "AppendEntries", "term": 1, "prevIndex": 0, "prevTerm": 0, "entries": [[["pass", null], 0]], "commit": 0}}
DEBUG:root:sending {"dest": "n3", "src": "n2", "body": {"msg_id": 12, "type": "AppendEntries", "term": 1, "prevIndex": 0, "prevTerm": 0, "entries": [[["pass", null], 0]], "commit": 0}}
DEBUG:root:sending {"dest": "n4", "src": "n2", "body": {"msg_id": 13, "type": "AppendEntries", "term": 1, "prevIndex": 0, "prevTerm": 0, "entries": [[["pass", null], 0]], "commit": 0}}
DEBUG:root:sending {"dest": "n5", "src": "n2", "body": {"msg_id": 14, "type": "AppendEntries", "term": 1, "prevIndex": 0, "prevTerm": 0, "entries": [[["pass", null], 0]], "commit": 0}}
DEBUG:root:received {"dest":"n2","src":"n1","body":{"msg_id":9,"type":"AppendEntries","term":1,"prevIndex":-1,"prevTerm":0,"entries":[[["pass",null],0]],"commit":0},"id":42}
DEBUG:root:received {"dest":"n2","src":"n1","body":{"msg_id":12,"in_reply_to":11,"type":"AppendEntriesRes","res":true,"term":1,"next":1,"commit":0},"id":51}
DEBUG:root:received {"dest":"n2","src":"n3","body":{"msg_id":12,"in_reply_to":12,"type":"AppendEntriesRes","res":true,"term":1,"next":1,"commit":0},"id":52}
DEBUG:root:sending {"dest": "n1", "src": "n2", "body": {"msg_id": 15, "in_reply_to": 9, "type": "AppendEntriesRes", "res": true, "term": 1, "next": 1, "commit": 0}}
DEBUG:root:received {"dest":"n2","src":"n4","body":{"msg_id":12,"in_reply_to":13,"type":"AppendEntriesRes","res":true,"term":1,"next":1,"commit":0},"id":54}
DEBUG:root:received {"dest":"n2","src":"n5","body":{"msg_id":3,"type":"RequestVote","term":1,"prevLogIndex":0,"lastLogTerm":0,"candidateId":"n5"},"id":58}
DEBUG:root:received {"dest":"n2","src":"n5","body":{"msg_id":7,"in_reply_to":6,"type":"RequestVoteRes","term":1,"res":true},"id":62}
DEBUG:root:sending {"dest": "n5", "src": "n2", "body": {"msg_id": 16, "in_reply_to": 3, "type": "RequestVoteRes", "term": 1, "res": true}}
ERROR:root:fatal exception in handler
Traceback (most recent call last):
  File "/home/peter/Documents/tf/lab3/ms.py", line 27, in exitOnError
    fn(*args)
  File "/home/peter/Documents/tf/lab3/raft.py", line 453, in handle
    votes+=1
TypeError: unsupported operand type(s) for +=: 'NoneType' and 'int'
