DEBUG:root:received {"dest":"n4","body":{"type":"init","node_id":"n4","node_ids":["n1","n2","n3","n4","n5"],"msg_id":1},"src":"c1","id":1}
INFO:root:node n4 initialized
DEBUG:root:sending {"dest": "c1", "src": "n4", "body": {"msg_id": 1, "in_reply_to": 1, "type": "init_ok"}}
DEBUG:root:sending {"dest": "n1", "src": "n4", "body": {"msg_id": 2, "type": "RequestVote", "term": 1, "prevLogIndex": 0, "lastLogTerm": 0, "candidateId": "n4"}}
DEBUG:root:sending {"dest": "n2", "src": "n4", "body": {"msg_id": 3, "type": "RequestVote", "term": 1, "prevLogIndex": 0, "lastLogTerm": 0, "candidateId": "n4"}}
DEBUG:root:sending {"dest": "n3", "src": "n4", "body": {"msg_id": 4, "type": "RequestVote", "term": 1, "prevLogIndex": 0, "lastLogTerm": 0, "candidateId": "n4"}}
DEBUG:root:sending {"dest": "n4", "src": "n4", "body": {"msg_id": 5, "type": "RequestVote", "term": 1, "prevLogIndex": 0, "lastLogTerm": 0, "candidateId": "n4"}}
DEBUG:root:sending {"dest": "n5", "src": "n4", "body": {"msg_id": 6, "type": "RequestVote", "term": 1, "prevLogIndex": 0, "lastLogTerm": 0, "candidateId": "n4"}}
DEBUG:root:received {"dest":"n4","src":"n2","body":{"msg_id":5,"type":"RequestVote","term":1,"prevLogIndex":0,"lastLogTerm":0,"candidateId":"n2"},"id":14}
DEBUG:root:received {"dest":"n4","src":"n1","body":{"msg_id":4,"type":"AppendEntries","term":0,"prevIndex":0,"prevTerm":0,"entries":[[["pass",null],0]],"commit":0},"id":15}
DEBUG:root:received {"dest":"n4","src":"n4","body":{"msg_id":5,"type":"RequestVote","term":1,"prevLogIndex":0,"lastLogTerm":0,"candidateId":"n4"},"id":22}
DEBUG:root:sending {"dest": "n2", "src": "n4", "body": {"msg_id": 7, "in_reply_to": 5, "type": "RequestVoteRes", "term": 1, "res": true}}
DEBUG:root:sending {"dest": "n1", "src": "n4", "body": {"msg_id": 8, "in_reply_to": 4, "type": "AppendEntriesRes", "res": false, "term": 1}}
DEBUG:root:sending {"dest": "n4", "src": "n4", "body": {"msg_id": 9, "in_reply_to": 5, "type": "RequestVoteRes", "term": 1, "res": false}}
DEBUG:root:received {"dest":"n4","src":"n3","body":{"msg_id":5,"type":"RequestVote","term":1,"prevLogIndex":0,"lastLogTerm":0,"candidateId":"n3"},"id":28}
DEBUG:root:received {"dest":"n4","src":"n1","body":{"msg_id":7,"in_reply_to":2,"type":"RequestVoteRes","term":1,"res":false},"id":29}
DEBUG:root:received {"dest":"n4","src":"n2","body":{"msg_id":9,"in_reply_to":3,"type":"RequestVoteRes","term":1,"res":false},"id":33}
DEBUG:root:received {"dest":"n4","src":"n3","body":{"msg_id":9,"in_reply_to":4,"type":"RequestVoteRes","term":1,"res":false},"id":39}
DEBUG:root:received {"dest":"n4","src":"n4","body":{"msg_id":9,"in_reply_to":5,"type":"RequestVoteRes","term":1,"res":false},"id":41}
DEBUG:root:sending {"dest": "n3", "src": "n4", "body": {"msg_id": 10, "in_reply_to": 5, "type": "RequestVoteRes", "term": 1, "res": false}}
DEBUG:root:received {"dest":"n4","src":"n1","body":{"msg_id":11,"type":"AppendEntries","term":1,"prevIndex":-1,"prevTerm":0,"entries":[[["pass",null],0]],"commit":0},"id":44}
DEBUG:root:sending {"dest": "n1", "src": "n4", "body": {"msg_id": 11, "in_reply_to": 11, "type": "AppendEntriesRes", "res": true, "term": 1, "next": 1, "commit": 0}}
DEBUG:root:received {"dest":"n4","src":"n2","body":{"msg_id":13,"type":"AppendEntries","term":1,"prevIndex":0,"prevTerm":0,"entries":[[["pass",null],0]],"commit":0},"id":50}
DEBUG:root:sending {"dest": "n2", "src": "n4", "body": {"msg_id": 12, "in_reply_to": 13, "type": "AppendEntriesRes", "res": true, "term": 1, "next": 1, "commit": 0}}
DEBUG:root:received {"dest":"n4","src":"n5","body":{"msg_id":5,"type":"RequestVote","term":1,"prevLogIndex":0,"lastLogTerm":0,"candidateId":"n5"},"id":60}
DEBUG:root:sending {"dest": "n5", "src": "n4", "body": {"msg_id": 13, "in_reply_to": 5, "type": "RequestVoteRes", "term": 1, "res": false}}
DEBUG:root:received {"dest":"n4","src":"n5","body":{"msg_id":9,"in_reply_to":6,"type":"RequestVoteRes","term":1,"res":false},"id":69}
DEBUG:root:received {"dest":"n4","body":{"key":0,"from":3,"to":0,"type":"cas","msg_id":1},"src":"c10","id":74}
DEBUG:root:sending {"dest": "c10", "src": "n4", "body": {"msg_id": 14, "in_reply_to": 1, "type": "error", "code": 11, "text": "Not Leader"}}
DEBUG:root:received {"dest":"n4","src":"n1","body":{"msg_id":17,"type":"AppendEntries","term":1,"prevIndex":0,"prevTerm":0,"entries":[[["pass",null],0]],"commit":0},"id":79}
DEBUG:root:sending {"dest": "n1", "src": "n4", "body": {"msg_id": 15, "in_reply_to": 17, "type": "AppendEntriesRes", "res": true, "term": 1, "next": 1, "commit": 0}}
Exception in thread Thread-1:
Traceback (most recent call last):
  File "/usr/lib/python3.10/threading.py", line 1009, in _bootstrap_inner
    self.run()
  File "/usr/lib/python3.10/threading.py", line 1371, in run
    self.function(*self.args, **self.kwargs)
TypeError: election_checker() missing 2 required positional arguments: 'min_time' and 'max_time'
DEBUG:root:received {"dest":"n4","src":"n1","body":{"msg_id":21,"type":"AppendEntries","term":1,"prevIndex":0,"prevTerm":0,"entries":[[["pass",null],0]],"commit":0},"id":86}
DEBUG:root:sending {"dest": "n1", "src": "n4", "body": {"msg_id": 16, "in_reply_to": 21, "type": "AppendEntriesRes", "res": true, "term": 1, "next": 1, "commit": 0}}
DEBUG:root:received {"dest":"n4","src":"n1","body":{"msg_id":25,"type":"AppendEntries","term":1,"prevIndex":0,"prevTerm":0,"entries":[[["pass",null],0]],"commit":0},"id":97}
DEBUG:root:sending {"dest": "n1", "src": "n4", "body": {"msg_id": 17, "in_reply_to": 25, "type": "AppendEntriesRes", "res": true, "term": 1, "next": 1, "commit": 0}}
DEBUG:root:received {"dest":"n4","body":{"key":0,"type":"read","msg_id":1},"src":"c14","id":102}
DEBUG:root:sending {"dest": "c14", "src": "n4", "body": {"msg_id": 18, "in_reply_to": 1, "type": "error", "code": 11, "text": "Not Leader"}}
DEBUG:root:received {"dest":"n4","src":"n1","body":{"msg_id":29,"type":"AppendEntries","term":1,"prevIndex":0,"prevTerm":0,"entries":[[["pass",null],0]],"commit":0},"id":108}
DEBUG:root:sending {"dest": "n1", "src": "n4", "body": {"msg_id": 19, "in_reply_to": 29, "type": "AppendEntriesRes", "res": true, "term": 1, "next": 1, "commit": 0}}
DEBUG:root:received {"dest":"n4","src":"n1","body":{"msg_id":33,"type":"AppendEntries","term":1,"prevIndex":0,"prevTerm":0,"entries":[[["pass",null],0]],"commit":0},"id":116}
DEBUG:root:sending {"dest": "n1", "src": "n4", "body": {"msg_id": 20, "in_reply_to": 33, "type": "AppendEntriesRes", "res": true, "term": 1, "next": 1, "commit": 0}}
DEBUG:root:received {"dest":"n4","src":"n1","body":{"msg_id":37,"type":"AppendEntries","term":1,"prevIndex":0,"prevTerm":0,"entries":[[["pass",null],0]],"commit":0},"id":127}
DEBUG:root:sending {"dest": "n1", "src": "n4", "body": {"msg_id": 21, "in_reply_to": 37, "type": "AppendEntriesRes", "res": true, "term": 1, "next": 1, "commit": 0}}
DEBUG:root:received {"dest":"n4","src":"n1","body":{"msg_id":41,"type":"AppendEntries","term":1,"prevIndex":0,"prevTerm":0,"entries":[[["pass",null],0]],"commit":0},"id":134}
DEBUG:root:sending {"dest": "n1", "src": "n4", "body": {"msg_id": 22, "in_reply_to": 41, "type": "AppendEntriesRes", "res": true, "term": 1, "next": 1, "commit": 0}}
DEBUG:root:received {"dest":"n4","src":"n1","body":{"msg_id":45,"type":"AppendEntries","term":1,"prevIndex":0,"prevTerm":0,"entries":[[["pass",null],0]],"commit":0},"id":141}
DEBUG:root:sending {"dest": "n1", "src": "n4", "body": {"msg_id": 23, "in_reply_to": 45, "type": "AppendEntriesRes", "res": true, "term": 1, "next": 1, "commit": 0}}
