2022-05-01 22:16:19,768{GMT}	INFO	[jepsen test runner] jepsen.core: Test version 9d8335254928801a78e4e56f8c438d06a68b66d5 (plus uncommitted changes)
2022-05-01 22:16:19,769{GMT}	INFO	[jepsen test runner] jepsen.core: Command line:
lein run test --workload lin-kv --bin raft.py --time-limit 5 --concurrency 4n
2022-05-01 22:16:19,827{GMT}	INFO	[jepsen test runner] jepsen.core: Running test:
{:remote #jepsen.control.SSHRemote{:session nil}
 :log-net-send false
 :node-count nil
 :max-txn-length 4
 :concurrency 20
 :db
 #object[maelstrom.db$db$reify__16747
         "0x3a5812dc"
         "maelstrom.db$db$reify__16747@3a5812dc"]
 :max-writes-per-key 16
 :leave-db-running? false
 :name "lin-kv"
 :logging-json? false
 :net-journal #object[clojure.lang.Atom "0x1b9075c9" {:status :ready, :val []}]
 :start-time
 #object[org.joda.time.DateTime "0x75be6796" "2022-05-01T22:16:19.000+01:00"]
 :nemesis-interval 10
 :net
 #object[maelstrom.net$jepsen_adapter$reify__15560
         "0xce24a98"
         "maelstrom.net$jepsen_adapter$reify__15560@ce24a98"]
 :client
 #object[maelstrom.workload.lin_kv$client$reify__17524
         "0x496101d1"
         "maelstrom.workload.lin_kv$client$reify__17524@496101d1"]
 :barrier
 #object[java.util.concurrent.CyclicBarrier
         "0x19858f26"
         "java.util.concurrent.CyclicBarrier@19858f26"]
 :log-stderr false
 :pure-generators true
 :ssh {:dummy? true}
 :rate 5
 :checker
 #object[jepsen.checker$compose$reify__8612
         "0x4c14ed24"
         "jepsen.checker$compose$reify__8612@4c14ed24"]
 :argv
 ("test"
  "--workload"
  "lin-kv"
  "--bin"
  "raft.py"
  "--time-limit"
  "5"
  "--concurrency"
  "4n")
 :nemesis
 (jepsen.nemesis.ReflCompose
  {:fm {:start-partition 0,
        :stop-partition 0,
        :kill 1,
        :start 1,
        :pause 1,
        :resume 1},
   :nemeses [#unprintable "jepsen.nemesis.combined$partition_nemesis$reify__17019@523cc8b4"
             #unprintable "jepsen.nemesis.combined$db_nemesis$reify__17000@139224ab"]})
 :active-histories
 #object[clojure.lang.Atom "0x26db7540" {:status :ready, :val #{}}]
 :nodes ["n1" "n2" "n3" "n4" "n5"]
 :test-count 1
 :latency {:mean 0, :dist :constant}
 :bin "raft.py"
 :generator
 (jepsen.generator.TimeLimit
  {:limit 5000000000,
   :cutoff nil,
   :gen (jepsen.generator.Any
         {:gens [(jepsen.generator.OnThreads {:f #{:nemesis}, :gen nil})
                 (jepsen.generator.OnThreads
                  {:f #object[clojure.core$complement$fn__5654
                              "0x1bc6a43c"
                              "clojure.core$complement$fn__5654@1bc6a43c"],
                   :gen (jepsen.generator.Stagger
                         {:dt 400000000,
                          :next-time nil,
                          :gen (jepsen.generator.OnThreads
                                {:f #object[clojure.core$complement$fn__5654
                                            "0x5f3fa154"
                                            "clojure.core$complement$fn__5654@5f3fa154"],
                                 :gen (jepsen.independent.ConcurrentGenerator
                                       {:n 10,
                                        :fgen #object[jepsen.tests.linearizable_register$test$fn__17324
                                                      "0x6193340e"
                                                      "jepsen.tests.linearizable_register$test$fn__17324@6193340e"],
                                        :group->threads nil,
                                        :thread->group nil,
                                        :keys (0 1 2 3 4 5 6 7 ...),
                                        :gens nil})})})})]})})
 :log-net-recv false
 :os
 #object[jepsen.os$reify__2490 "0x158774d3" "jepsen.os$reify__2490@158774d3"]
 :time-limit 5
 :workload :lin-kv
 :consistency-models [:strict-serializable]
 :topology :grid}

2022-05-01 22:16:19,836{GMT}	INFO	[jepsen test runner] jepsen.db: Tearing down DB
2022-05-01 22:16:19,838{GMT}	INFO	[jepsen test runner] jepsen.db: Setting up DB
2022-05-01 22:16:19,840{GMT}	INFO	[jepsen node n2] maelstrom.db: Setting up n2
2022-05-01 22:16:19,840{GMT}	INFO	[jepsen node n3] maelstrom.db: Setting up n3
2022-05-01 22:16:19,840{GMT}	INFO	[jepsen node n5] maelstrom.db: Setting up n5
2022-05-01 22:16:19,840{GMT}	INFO	[jepsen node n4] maelstrom.db: Setting up n4
2022-05-01 22:16:19,841{GMT}	INFO	[jepsen node n2] maelstrom.process: launching raft.py nil
2022-05-01 22:16:19,841{GMT}	INFO	[jepsen node n5] maelstrom.process: launching raft.py nil
2022-05-01 22:16:19,841{GMT}	INFO	[jepsen node n4] maelstrom.process: launching raft.py nil
2022-05-01 22:16:19,841{GMT}	INFO	[jepsen node n3] maelstrom.process: launching raft.py nil
2022-05-01 22:16:19,842{GMT}	INFO	[jepsen node n1] maelstrom.service: Starting services: (lin-kv lin-tso lww-kv seq-kv)
2022-05-01 22:16:19,855{GMT}	INFO	[jepsen node n1] maelstrom.db: Setting up n1
2022-05-01 22:16:19,856{GMT}	INFO	[jepsen node n1] maelstrom.process: launching raft.py nil
2022-05-01 22:16:19,899{GMT}	INFO	[jepsen test runner] jepsen.core: Relative time begins now
2022-05-01 22:16:20,066{GMT}	INFO	[jepsen worker 11] jepsen.util: 11	:invoke	:cas	[1 [0 0]]
2022-05-01 22:16:20,254{GMT}	INFO	[jepsen worker 1] jepsen.util: 1	:invoke	:read	[0 nil]
2022-05-01 22:16:20,554{GMT}	INFO	[jepsen worker 15] jepsen.util: 15	:invoke	:cas	[1 [4 3]]
2022-05-01 22:16:20,672{GMT}	INFO	[jepsen worker 19] jepsen.util: 19	:invoke	:cas	[1 [1 1]]
2022-05-01 22:16:20,729{GMT}	INFO	[jepsen worker 8] jepsen.util: 8	:invoke	:cas	[0 [3 3]]
2022-05-01 22:16:20,833{GMT}	INFO	[jepsen worker 13] jepsen.util: 13	:invoke	:cas	[1 [0 4]]
2022-05-01 22:16:21,069{GMT}	INFO	[jepsen worker 11] jepsen.util: 11	:info	:cas	[1 [0 0]]	:net-timeout
2022-05-01 22:16:21,094{GMT}	INFO	[jepsen worker 7] jepsen.util: 7	:invoke	:write	[0 4]
2022-05-01 22:16:21,255{GMT}	INFO	[jepsen worker 1] jepsen.util: 1	:fail	:read	[0 nil]	:net-timeout
2022-05-01 22:16:21,433{GMT}	INFO	[jepsen worker 5] jepsen.util: 5	:invoke	:cas	[0 [1 0]]
2022-05-01 22:16:21,478{GMT}	INFO	[jepsen worker 3] jepsen.util: 3	:invoke	:read	[0 nil]
2022-05-01 22:16:21,555{GMT}	INFO	[jepsen worker 15] jepsen.util: 15	:info	:cas	[1 [4 3]]	:net-timeout
2022-05-01 22:16:21,673{GMT}	INFO	[jepsen worker 19] jepsen.util: 19	:info	:cas	[1 [1 1]]	:net-timeout
2022-05-01 22:16:21,730{GMT}	INFO	[jepsen worker 8] jepsen.util: 8	:info	:cas	[0 [3 3]]	:net-timeout
2022-05-01 22:16:21,833{GMT}	INFO	[jepsen worker 13] jepsen.util: 13	:info	:cas	[1 [0 4]]	:net-timeout
2022-05-01 22:16:21,837{GMT}	INFO	[jepsen worker 16] jepsen.util: 16	:invoke	:write	[1 4]
2022-05-01 22:16:22,102{GMT}	INFO	[jepsen worker 7] jepsen.util: 7	:info	:write	[0 4]	:net-timeout
2022-05-01 22:16:22,160{GMT}	INFO	[jepsen worker 0] jepsen.util: 0	:invoke	:read	[0 nil]
2022-05-01 22:16:22,273{GMT}	INFO	[jepsen worker 1] jepsen.util: 1	:invoke	:read	[0 nil]
2022-05-01 22:16:22,434{GMT}	INFO	[jepsen worker 5] jepsen.util: 5	:info	:cas	[0 [1 0]]	:net-timeout
2022-05-01 22:16:22,483{GMT}	INFO	[jepsen worker 3] jepsen.util: 3	:fail	:read	[0 nil]	:net-timeout
2022-05-01 22:16:22,495{GMT}	INFO	[jepsen worker 13] jepsen.util: 33	:invoke	:write	[1 3]
2022-05-01 22:16:22,837{GMT}	INFO	[jepsen worker 16] jepsen.util: 16	:info	:write	[1 4]	:net-timeout
2022-05-01 22:16:22,865{GMT}	INFO	[jepsen worker 5] jepsen.util: 25	:invoke	:write	[0 4]
2022-05-01 22:16:23,106{GMT}	INFO	[jepsen worker 18] jepsen.util: 18	:invoke	:cas	[1 [3 4]]
2022-05-01 22:16:23,150{GMT}	INFO	[jepsen worker 15] jepsen.util: 35	:invoke	:cas	[1 [3 0]]
2022-05-01 22:16:23,160{GMT}	INFO	[jepsen worker 0] jepsen.util: 0	:fail	:read	[0 nil]	:net-timeout
2022-05-01 22:16:23,281{GMT}	INFO	[jepsen worker 1] jepsen.util: 1	:fail	:read	[0 nil]	:net-timeout
2022-05-01 22:16:23,369{GMT}	INFO	[jepsen worker 16] jepsen.util: 36	:invoke	:cas	[1 [4 0]]
2022-05-01 22:16:23,498{GMT}	INFO	[jepsen worker 13] jepsen.util: 33	:info	:write	[1 3]	:net-timeout
2022-05-01 22:16:23,673{GMT}	INFO	[jepsen worker 6] jepsen.util: 6	:invoke	:cas	[0 [3 3]]
2022-05-01 22:16:23,784{GMT}	INFO	[jepsen worker 13] jepsen.util: 53	:invoke	:write	[1 4]
2022-05-01 22:16:23,865{GMT}	INFO	[jepsen worker 5] jepsen.util: 25	:info	:write	[0 4]	:net-timeout
2022-05-01 22:16:23,865{GMT}	INFO	[jepsen worker 7] jepsen.util: 27	:invoke	:cas	[0 [2 4]]
2022-05-01 22:16:24,107{GMT}	INFO	[jepsen worker 18] jepsen.util: 18	:info	:cas	[1 [3 4]]	:net-timeout
2022-05-01 22:16:24,136{GMT}	INFO	[jepsen worker 1] jepsen.util: 1	:invoke	:read	[0 nil]
2022-05-01 22:16:24,151{GMT}	INFO	[jepsen worker 15] jepsen.util: 35	:info	:cas	[1 [3 0]]	:net-timeout
2022-05-01 22:16:24,370{GMT}	INFO	[jepsen worker 16] jepsen.util: 36	:info	:cas	[1 [4 0]]	:net-timeout
2022-05-01 22:16:24,473{GMT}	INFO	[jepsen worker 19] jepsen.util: 39	:invoke	:write	[1 1]
2022-05-01 22:16:24,538{GMT}	INFO	[jepsen worker 3] jepsen.util: 3	:invoke	:read	[0 nil]
2022-05-01 22:16:24,675{GMT}	INFO	[jepsen worker 6] jepsen.util: 6	:info	:cas	[0 [3 3]]	:net-timeout
2022-05-01 22:16:24,789{GMT}	INFO	[jepsen worker 13] jepsen.util: 53	:info	:write	[1 4]	:net-timeout
2022-05-01 22:16:24,814{GMT}	INFO	[jepsen worker 14] jepsen.util: 14	:invoke	:cas	[1 [1 4]]
2022-05-01 22:16:24,845{GMT}	INFO	[jepsen worker 18] jepsen.util: 38	:invoke	:cas	[1 [3 4]]
2022-05-01 22:16:24,865{GMT}	INFO	[jepsen worker 7] jepsen.util: 27	:info	:cas	[0 [2 4]]	:net-timeout
2022-05-01 22:16:24,992{GMT}	INFO	[jepsen worker 0] jepsen.util: 0	:invoke	:read	[0 nil]
2022-05-01 22:16:25,137{GMT}	INFO	[jepsen worker 1] jepsen.util: 1	:fail	:read	[0 nil]	:net-timeout
2022-05-01 22:16:25,473{GMT}	INFO	[jepsen worker 19] jepsen.util: 39	:info	:write	[1 1]	:net-timeout
2022-05-01 22:16:25,538{GMT}	INFO	[jepsen worker 3] jepsen.util: 3	:fail	:read	[0 nil]	:net-timeout
2022-05-01 22:16:25,814{GMT}	INFO	[jepsen worker 14] jepsen.util: 14	:info	:cas	[1 [1 4]]	:net-timeout
2022-05-01 22:16:25,846{GMT}	INFO	[jepsen worker 18] jepsen.util: 38	:info	:cas	[1 [3 4]]	:net-timeout
2022-05-01 22:16:25,993{GMT}	INFO	[jepsen worker 0] jepsen.util: 0	:fail	:read	[0 nil]	:net-timeout
2022-05-01 22:16:26,052{GMT}	INFO	[jepsen node n1] maelstrom.db: Tearing down n1
2022-05-01 22:16:26,057{GMT}	INFO	[jepsen node n2] maelstrom.db: Tearing down n2
2022-05-01 22:16:26,058{GMT}	INFO	[jepsen node n4] maelstrom.db: Tearing down n4
2022-05-01 22:16:26,062{GMT}	INFO	[jepsen node n3] maelstrom.db: Tearing down n3
2022-05-01 22:16:26,062{GMT}	INFO	[jepsen node n5] maelstrom.db: Tearing down n5
2022-05-01 22:16:26,142{GMT}	WARN	[main] jepsen.core: Test crashed!
clojure.lang.ExceptionInfo: Node n2 crashed with exit status 1. Before crashing, it wrote to STDOUT:

{"dest": "c2", "src": "n2", "body": {"msg_id": 1, "in_reply_to": 1, "type": "init_ok"}}
{"dest": "n1", "src": "n2", "body": {"msg_id": 2, "type": "RequestVote", "term": 1, "prevLogIndex": 2, "lastLogTerm": 0, "candidateId": "n2"}}
{"dest": "n2", "src": "n2", "body": {"msg_id": 3, "type": "RequestVote", "term": 1, "prevLogIndex": 2, "lastLogTerm": 0, "candidateId": "n2"}}
{"dest": "n3", "src": "n2", "body": {"msg_id": 4, "type": "RequestVote", "term": 1, "prevLogIndex": 2, "lastLogTerm": 0, "candidateId": "n2"}}
{"dest": "n4", "src": "n2", "body": {"msg_id": 5, "type": "RequestVote", "term": 1, "prevLogIndex": 2, "lastLogTerm": 0, "candidateId": "n2"}}
{"dest": "n5", "src": "n2", "body": {"msg_id": 6, "type": "RequestVote", "term": 1, "prevLogIndex": 2, "lastLogTerm": 0, "candidateId": "n2"}}
{"dest": "n1", "src": "n2", "body": {"msg_id": 7, "in_reply_to": 2, "type": "AppendEntriesRes", "res": false, "term": 1}}

And to STDERR:

DEBUG:root:received {"dest":"n2","body":{"type":"init","node_id":"n2","node_ids":["n1","n2","n3","n4","n5"],"msg_id":1},"src":"c2","id":2}
INFO:root:node n2 initialized
DEBUG:root:sending {"dest": "c2", "src": "n2", "body": {"msg_id": 1, "in_reply_to": 1, "type": "init_ok"}}
DEBUG:root:sending {"dest": "n1", "src": "n2", "body": {"msg_id": 2, "type": "RequestVote", "term": 1, "prevLogIndex": 2, "lastLogTerm": 0, "candidateId": "n2"}}
DEBUG:root:sending {"dest": "n2", "src": "n2", "body": {"msg_id": 3, "type": "RequestVote", "term": 1, "prevLogIndex": 2, "lastLogTerm": 0, "candidateId": "n2"}}
DEBUG:root:sending {"dest": "n3", "src": "n2", "body": {"msg_id": 4, "type": "RequestVote", "term": 1, "prevLogIndex": 2, "lastLogTerm": 0, "candidateId": "n2"}}
DEBUG:root:sending {"dest": "n4", "src": "n2", "body": {"msg_id": 5, "type": "RequestVote", "term": 1, "prevLogIndex": 2, "lastLogTerm": 0, "candidateId": "n2"}}
DEBUG:root:sending {"dest": "n5", "src": "n2", "body": {"msg_id": 6, "type": "RequestVote", "term": 1, "prevLogIndex": 2, "lastLogTerm": 0, "candidateId": "n2"}}
DEBUG:root:received {"dest":"n2","src":"n1","body":{"msg_id":2,"type":"AppendEntries","term":0,"prevIndex":0,"prevTerm":0,"entries":[[["pass",null],0]],"commit":0},"id":12}
DEBUG:root:received {"dest":"n2","src":"n5","body":{"msg_id":3,"type":"RequestVote","term":1,"prevLogIndex":2,"lastLogTerm":0,"candidateId":"n5"},"id":14}
DEBUG:root:received {"dest":"n2","src":"n2","body":{"msg_id":3,"type":"RequestVote","term":1,"prevLogIndex":2,"lastLogTerm":0,"candidateId":"n2"},"id":15}
DEBUG:root:received {"dest":"n2","src":"n4","body":{"msg_id":3,"type":"RequestVote","term":1,"prevLogIndex":2,"lastLogTerm":0,"candidateId":"n4"},"id":17}
DEBUG:root:sending {"dest": "n1", "src": "n2", "body": {"msg_id": 7, "in_reply_to": 2, "type": "AppendEntriesRes", "res": false, "term": 1}}
ERROR:root:fatal exception in handler
Traceback (most recent call last):
  File "/home/peter/Documents/tf/lab3/ms.py", line 27, in exitOnError
    fn(*args)
  File "/home/peter/Documents/tf/lab3/raft.py", line 414, in handle
    if ( votedFor == None or votedFor==msg.src ) and msg.body.prevLogIndex>=len(log)-1 and msg.body.prevLogTerm >= log[-1][1]:
AttributeError: 'types.SimpleNamespace' object has no attribute 'prevLogTerm'

Full STDERR logs are available in /home/peter/Documents/tf/lab3/store/lin-kv/20220501T221619.000+0100/node-logs/n2.log
	at slingshot.support$stack_trace.invoke(support.clj:201)
	at maelstrom.process$stop_node_BANG_.invokeStatic(process.clj:239)
	at maelstrom.process$stop_node_BANG_.invoke(process.clj:217)
	at maelstrom.db$db$reify__16747.teardown_BANG_(db.clj:75)
	at jepsen.db$fn__3285$G__3281__3289.invoke(db.clj:11)
	at jepsen.db$fn__3285$G__3280__3294.invoke(db.clj:11)
	at clojure.core$partial$fn__5824.invoke(core.clj:2625)
	at jepsen.control$on_nodes$fn__3165.invoke(control.clj:452)
	at clojure.lang.AFn.applyToHelper(AFn.java:154)
	at clojure.lang.AFn.applyTo(AFn.java:144)
	at clojure.core$apply.invokeStatic(core.clj:665)
	at clojure.core$with_bindings_STAR_.invokeStatic(core.clj:1973)
	at clojure.core$with_bindings_STAR_.doInvoke(core.clj:1973)
	at clojure.lang.RestFn.applyTo(RestFn.java:142)
	at clojure.core$apply.invokeStatic(core.clj:669)
	at clojure.core$bound_fn_STAR_$fn__5734.doInvoke(core.clj:2003)
	at clojure.lang.RestFn.invoke(RestFn.java:408)
	at dom_top.core$real_pmap_helper$build_thread__213$fn__214.invoke(core.clj:146)
	at clojure.lang.AFn.applyToHelper(AFn.java:152)
	at clojure.lang.AFn.applyTo(AFn.java:144)
	at clojure.core$apply.invokeStatic(core.clj:665)
	at clojure.core$with_bindings_STAR_.invokeStatic(core.clj:1973)
	at clojure.core$with_bindings_STAR_.doInvoke(core.clj:1973)
	at clojure.lang.RestFn.invoke(RestFn.java:425)
	at clojure.lang.AFn.applyToHelper(AFn.java:156)
	at clojure.lang.RestFn.applyTo(RestFn.java:132)
	at clojure.core$apply.invokeStatic(core.clj:669)
	at clojure.core$bound_fn_STAR_$fn__5734.doInvoke(core.clj:2003)
	at clojure.lang.RestFn.invoke(RestFn.java:397)
	at clojure.lang.AFn.run(AFn.java:22)
	at java.base/java.lang.Thread.run(Thread.java:829)
