2022-05-04 14:53:35,906{GMT}	INFO	[jepsen test runner] jepsen.core: Test version 99e6fb2a3505fae4b1987d97b445a48b7ad1f664 (plus uncommitted changes)
2022-05-04 14:53:35,907{GMT}	INFO	[jepsen test runner] jepsen.core: Command line:
lein run test --bin raft.py --workload lin-kv --time-limit 2 --concurrency 4n
2022-05-04 14:53:35,963{GMT}	INFO	[jepsen test runner] jepsen.core: Running test:
{:remote #jepsen.control.SSHRemote{:session nil}
 :log-net-send false
 :node-count nil
 :max-txn-length 4
 :concurrency 20
 :db
 #object[maelstrom.db$db$reify__16747
         "0xcf0e8b4"
         "maelstrom.db$db$reify__16747@cf0e8b4"]
 :max-writes-per-key 16
 :leave-db-running? false
 :name "lin-kv"
 :logging-json? false
 :net-journal #object[clojure.lang.Atom "0x51a7ee4e" {:status :ready, :val []}]
 :start-time
 #object[org.joda.time.DateTime "0x424c8ebe" "2022-05-04T14:53:35.000+01:00"]
 :nemesis-interval 10
 :net
 #object[maelstrom.net$jepsen_adapter$reify__15560
         "0x7aafac17"
         "maelstrom.net$jepsen_adapter$reify__15560@7aafac17"]
 :client
 #object[maelstrom.workload.lin_kv$client$reify__17524
         "0x3054551f"
         "maelstrom.workload.lin_kv$client$reify__17524@3054551f"]
 :barrier
 #object[java.util.concurrent.CyclicBarrier
         "0x6b8cfbeb"
         "java.util.concurrent.CyclicBarrier@6b8cfbeb"]
 :log-stderr false
 :pure-generators true
 :ssh {:dummy? true}
 :rate 5
 :checker
 #object[jepsen.checker$compose$reify__8612
         "0x4603845b"
         "jepsen.checker$compose$reify__8612@4603845b"]
 :argv
 ("test"
  "--bin"
  "raft.py"
  "--workload"
  "lin-kv"
  "--time-limit"
  "2"
  "--concurrency"
  "4n")
 :nemesis
 (jepsen.nemesis.ReflCompose
  {:fm {:start-partition 0,
        :stop-partition 0,
        :kill 1,
        :start 1,
        :pause 1,
        :resume 1},
   :nemeses [#unprintable "jepsen.nemesis.combined$partition_nemesis$reify__17019@414b5798"
             #unprintable "jepsen.nemesis.combined$db_nemesis$reify__17000@53251e03"]})
 :active-histories
 #object[clojure.lang.Atom "0x5ffae42f" {:status :ready, :val #{}}]
 :nodes ["n1" "n2" "n3" "n4" "n5"]
 :test-count 1
 :latency {:mean 0, :dist :constant}
 :bin "raft.py"
 :generator
 (jepsen.generator.TimeLimit
  {:limit 2000000000,
   :cutoff nil,
   :gen (jepsen.generator.Any
         {:gens [(jepsen.generator.OnThreads {:f #{:nemesis}, :gen nil})
                 (jepsen.generator.OnThreads
                  {:f #object[clojure.core$complement$fn__5654
                              "0x3eff5c32"
                              "clojure.core$complement$fn__5654@3eff5c32"],
                   :gen (jepsen.generator.Stagger
                         {:dt 400000000,
                          :next-time nil,
                          :gen (jepsen.generator.OnThreads
                                {:f #object[clojure.core$complement$fn__5654
                                            "0x79d538c1"
                                            "clojure.core$complement$fn__5654@79d538c1"],
                                 :gen (jepsen.independent.ConcurrentGenerator
                                       {:n 10,
                                        :fgen #object[jepsen.tests.linearizable_register$test$fn__17324
                                                      "0x31e08c61"
                                                      "jepsen.tests.linearizable_register$test$fn__17324@31e08c61"],
                                        :group->threads nil,
                                        :thread->group nil,
                                        :keys (0 1 2 3 4 5 6 7 ...),
                                        :gens nil})})})})]})})
 :log-net-recv false
 :os
 #object[jepsen.os$reify__2490 "0x2db15764" "jepsen.os$reify__2490@2db15764"]
 :time-limit 2
 :workload :lin-kv
 :consistency-models [:strict-serializable]
 :topology :grid}

2022-05-04 14:53:35,970{GMT}	INFO	[jepsen test runner] jepsen.db: Tearing down DB
2022-05-04 14:53:35,972{GMT}	INFO	[jepsen test runner] jepsen.db: Setting up DB
2022-05-04 14:53:35,980{GMT}	INFO	[jepsen node n2] maelstrom.db: Setting up n2
2022-05-04 14:53:35,980{GMT}	INFO	[jepsen node n3] maelstrom.db: Setting up n3
2022-05-04 14:53:35,980{GMT}	INFO	[jepsen node n4] maelstrom.db: Setting up n4
2022-05-04 14:53:35,980{GMT}	INFO	[jepsen node n5] maelstrom.db: Setting up n5
2022-05-04 14:53:35,981{GMT}	INFO	[jepsen node n2] maelstrom.process: launching raft.py nil
2022-05-04 14:53:35,981{GMT}	INFO	[jepsen node n3] maelstrom.process: launching raft.py nil
2022-05-04 14:53:35,981{GMT}	INFO	[jepsen node n5] maelstrom.process: launching raft.py nil
2022-05-04 14:53:35,981{GMT}	INFO	[jepsen node n4] maelstrom.process: launching raft.py nil
2022-05-04 14:53:35,983{GMT}	INFO	[jepsen node n1] maelstrom.service: Starting services: (lin-kv lin-tso lww-kv seq-kv)
2022-05-04 14:53:35,989{GMT}	INFO	[jepsen node n1] maelstrom.db: Setting up n1
2022-05-04 14:53:35,989{GMT}	INFO	[jepsen node n1] maelstrom.process: launching raft.py nil
2022-05-04 14:53:36,053{GMT}	INFO	[jepsen test runner] jepsen.core: Relative time begins now
2022-05-04 14:53:36,086{GMT}	INFO	[jepsen worker 4] jepsen.util: 4	:invoke	:read	[0 nil]
2022-05-04 14:53:36,094{GMT}	INFO	[jepsen worker 4] jepsen.util: 4	:fail	:read	[0 nil]	[:unknown "Not Leader"]
2022-05-04 14:53:36,155{GMT}	INFO	[jepsen worker 17] jepsen.util: 17	:invoke	:cas	[1 [3 4]]
2022-05-04 14:53:36,156{GMT}	INFO	[jepsen worker 11] jepsen.util: 11	:invoke	:cas	[1 [3 2]]
2022-05-04 14:53:36,158{GMT}	INFO	[jepsen worker 17] jepsen.util: 17	:info	:cas	[1 [3 4]]	[:unknown "Not Leader"]
2022-05-04 14:53:36,210{GMT}	INFO	[jepsen worker 18] jepsen.util: 18	:invoke	:write	[1 1]
2022-05-04 14:53:36,212{GMT}	INFO	[jepsen worker 18] jepsen.util: 18	:info	:write	[1 1]	[:unknown "Not Leader"]
2022-05-04 14:53:36,281{GMT}	INFO	[jepsen worker 15] jepsen.util: 15	:invoke	:cas	[1 [0 2]]
2022-05-04 14:53:36,549{GMT}	INFO	[jepsen worker 2] jepsen.util: 2	:invoke	:read	[0 nil]
2022-05-04 14:53:36,555{GMT}	INFO	[jepsen worker 2] jepsen.util: 2	:fail	:read	[0 nil]	[:unknown "Not Leader"]
2022-05-04 14:53:36,698{GMT}	INFO	[jepsen worker 4] jepsen.util: 4	:invoke	:read	[0 nil]
2022-05-04 14:53:36,700{GMT}	INFO	[jepsen worker 4] jepsen.util: 4	:fail	:read	[0 nil]	[:unknown "Invalid Key"]
2022-05-04 14:53:36,853{GMT}	INFO	[jepsen worker 18] jepsen.util: 38	:invoke	:cas	[1 [1 3]]
2022-05-04 14:53:36,856{GMT}	INFO	[jepsen worker 18] jepsen.util: 38	:info	:cas	[1 [1 3]]	[:unknown "Not Leader"]
2022-05-04 14:53:37,049{GMT}	INFO	[jepsen worker 4] jepsen.util: 4	:invoke	:read	[0 nil]
2022-05-04 14:53:37,050{GMT}	INFO	[jepsen worker 4] jepsen.util: 4	:fail	:read	[0 nil]	[:unknown "Invalid Key"]
2022-05-04 14:53:37,157{GMT}	INFO	[jepsen worker 11] jepsen.util: 11	:info	:cas	[1 [3 2]]	:net-timeout
2022-05-04 14:53:37,265{GMT}	INFO	[jepsen worker 12] jepsen.util: 12	:invoke	:cas	[1 [2 1]]
2022-05-04 14:53:37,267{GMT}	INFO	[jepsen worker 12] jepsen.util: 12	:info	:cas	[1 [2 1]]	[:unknown "Not Leader"]
2022-05-04 14:53:37,281{GMT}	INFO	[jepsen worker 15] jepsen.util: 15	:info	:cas	[1 [0 2]]	:net-timeout
2022-05-04 14:53:37,566{GMT}	INFO	[jepsen worker 2] jepsen.util: 2	:invoke	:read	[0 nil]
2022-05-04 14:53:37,569{GMT}	INFO	[jepsen worker 2] jepsen.util: 2	:fail	:read	[0 nil]	[:unknown "Not Leader"]
2022-05-04 14:53:37,923{GMT}	INFO	[jepsen worker 2] jepsen.util: 2	:invoke	:read	[0 nil]
2022-05-04 14:53:37,927{GMT}	INFO	[jepsen worker 2] jepsen.util: 2	:fail	:read	[0 nil]	[:unknown "Not Leader"]
2022-05-04 14:53:37,943{GMT}	INFO	[jepsen node n3] maelstrom.db: Tearing down n3
2022-05-04 14:53:37,943{GMT}	INFO	[jepsen node n2] maelstrom.db: Tearing down n2
2022-05-04 14:53:37,943{GMT}	INFO	[jepsen node n1] maelstrom.db: Tearing down n1
2022-05-04 14:53:37,944{GMT}	INFO	[jepsen node n4] maelstrom.db: Tearing down n4
2022-05-04 14:53:37,944{GMT}	INFO	[jepsen node n5] maelstrom.db: Tearing down n5
2022-05-04 14:53:38,995{GMT}	INFO	[jepsen test runner] jepsen.core: Run complete, writing
2022-05-04 14:53:39,056{GMT}	INFO	[jepsen test runner] jepsen.core: Analyzing...
2022-05-04 14:53:39,124{GMT}	INFO	[clojure-agent-send-pool-0] jepsen.independent: Wrote /home/peter/Documents/tf/lab3/store/lin-kv/20220504T145335.000+0100/independent/0/results.edn
2022-05-04 14:53:39,126{GMT}	INFO	[clojure-agent-send-pool-0] jepsen.independent: Wrote /home/peter/Documents/tf/lab3/store/lin-kv/20220504T145335.000+0100/independent/0/history.edn
2022-05-04 14:53:39,163{GMT}	INFO	[clojure-agent-send-pool-1] jepsen.independent: Wrote /home/peter/Documents/tf/lab3/store/lin-kv/20220504T145335.000+0100/independent/1/results.edn
2022-05-04 14:53:39,171{GMT}	INFO	[clojure-agent-send-pool-1] jepsen.independent: Wrote /home/peter/Documents/tf/lab3/store/lin-kv/20220504T145335.000+0100/independent/1/history.edn
2022-05-04 14:53:39,316{GMT}	INFO	[jepsen test runner] jepsen.core: Analysis complete
2022-05-04 14:53:39,333{GMT}	INFO	[jepsen results] jepsen.store: Wrote /home/peter/Documents/tf/lab3/store/lin-kv/20220504T145335.000+0100/results.edn
2022-05-04 14:53:39,362{GMT}	INFO	[jepsen test runner] jepsen.core: {:perf {:latency-graph {:valid? true},
        :rate-graph {:valid? true},
        :valid? true},
 :timeline {:valid? true},
 :exceptions {:valid? true},
 :stats {:valid? false,
         :count 12,
         :ok-count 0,
         :fail-count 6,
         :info-count 6,
         :by-f {:cas {:valid? false,
                      :count 5,
                      :ok-count 0,
                      :fail-count 0,
                      :info-count 5},
                :read {:valid? false,
                       :count 6,
                       :ok-count 0,
                       :fail-count 6,
                       :info-count 0},
                :write {:valid? false,
                        :count 1,
                        :ok-count 0,
                        :fail-count 0,
                        :info-count 1}}},
 :net {:stats {:all {:send-count 519,
                     :recv-count 519,
                     :msg-count 519,
                     :msgs-per-op 43.25},
               :clients {:send-count 32,
                         :recv-count 32,
                         :msg-count 32},
               :servers {:send-count 487,
                         :recv-count 487,
                         :msg-count 487,
                         :msgs-per-op 40.583332}},
       :valid? true},
 :workload {:valid? true,
            :results {0 {:linearizable {:valid? true,
                                        :configs ({:model #knossos.model.CASRegister{:value nil},
                                                   :last-op nil,
                                                   :pending []}),
                                        :final-paths ()},
                         :timeline {:valid? true},
                         :valid? true},
                      1 {:linearizable {:valid? true,
                                        :configs ({:model #knossos.model.CASRegister{:value nil},
                                                   :last-op nil,
                                                   :pending [{:process 11,
                                                              :type :invoke,
                                                              :f :cas,
                                                              :value [3
                                                                      2],
                                                              :index 3,
                                                              :time 103339510}
                                                             {:process 12,
                                                              :type :invoke,
                                                              :f :cas,
                                                              :value [2
                                                                      1],
                                                              :index 17,
                                                              :time 1212222146}
                                                             {:process 15,
                                                              :type :invoke,
                                                              :f :cas,
                                                              :value [0
                                                                      2],
                                                              :index 7,
                                                              :time 227299447}
                                                             {:process 17,
                                                              :type :invoke,
                                                              :f :cas,
                                                              :value [3
                                                                      4],
                                                              :index 2,
                                                              :time 102142858}
                                                             {:process 18,
                                                              :type :invoke,
                                                              :f :write,
                                                              :value 1,
                                                              :index 5,
                                                              :time 156431140}
                                                             {:process 38,
                                                              :type :invoke,
                                                              :f :cas,
                                                              :value [1
                                                                      3],
                                                              :index 12,
                                                              :time 798327778}]}),
                                        :final-paths ()},
                         :timeline {:valid? true},
                         :valid? true}},
            :failures []},
 :valid? false}


Analysis invalid! (ﾉಥ益ಥ）ﾉ ┻━┻
