DEBUG:root:received {"dest":"n1","body":{"type":"init","node_id":"n1","node_ids":["n1","n2","n3","n4","n5"],"msg_id":1},"src":"c1","id":1}
INFO:root:node n1 initialized
DEBUG:root:sending {"dest": "c1", "src": "n1", "body": {"msg_id": 1, "in_reply_to": 1, "type": "init_ok"}}
INFO:root:became leader
log
[(('pass', None), 0)]
match index
{'n1': 0, 'n2': 0, 'n3': 0, 'n4': 0, 'n5': 0}

INFO:root:vote ended, new leader is
n1

INFO:root:sending HB

DEBUG:root:sending {"dest": "n2", "src": "n1", "body": {"msg_id": 2, "type": "AppendEntries", "term": 0, "prevIndex": 0, "prevTerm": 0, "entries": [[["pass", null], 0]], "commit": 0}}
DEBUG:root:sending {"dest": "n3", "src": "n1", "body": {"msg_id": 3, "type": "AppendEntries", "term": 0, "prevIndex": 0, "prevTerm": 0, "entries": [[["pass", null], 0]], "commit": 0}}
DEBUG:root:sending {"dest": "n4", "src": "n1", "body": {"msg_id": 4, "type": "AppendEntries", "term": 0, "prevIndex": 0, "prevTerm": 0, "entries": [[["pass", null], 0]], "commit": 0}}
DEBUG:root:sending {"dest": "n5", "src": "n1", "body": {"msg_id": 5, "type": "AppendEntries", "term": 0, "prevIndex": 0, "prevTerm": 0, "entries": [[["pass", null], 0]], "commit": 0}}
DEBUG:root:received {"dest":"n1","src":"n3","body":{"msg_id":2,"in_reply_to":3,"type":"AppendEntriesRes","res":true,"term":0,"next":1,"commit":0},"id":13}
DEBUG:root:received {"dest":"n1","src":"n4","body":{"msg_id":2,"in_reply_to":4,"type":"AppendEntriesRes","res":true,"term":0,"next":1,"commit":0},"id":14}
DEBUG:root:received {"dest":"n1","src":"n5","body":{"msg_id":2,"in_reply_to":5,"type":"AppendEntriesRes","res":true,"term":0,"next":1,"commit":0},"id":15}
DEBUG:root:received {"dest":"n1","src":"n2","body":{"msg_id":2,"in_reply_to":2,"type":"AppendEntriesRes","res":true,"term":0,"next":1,"commit":0},"id":17}
INFO:root:sending HB

DEBUG:root:sending {"dest": "n2", "src": "n1", "body": {"msg_id": 6, "type": "AppendEntries", "term": 0, "prevIndex": 0, "prevTerm": 0, "entries": [[["pass", null], 0]], "commit": 0}}
DEBUG:root:sending {"dest": "n3", "src": "n1", "body": {"msg_id": 7, "type": "AppendEntries", "term": 0, "prevIndex": 0, "prevTerm": 0, "entries": [[["pass", null], 0]], "commit": 0}}
DEBUG:root:sending {"dest": "n4", "src": "n1", "body": {"msg_id": 8, "type": "AppendEntries", "term": 0, "prevIndex": 0, "prevTerm": 0, "entries": [[["pass", null], 0]], "commit": 0}}
DEBUG:root:sending {"dest": "n5", "src": "n1", "body": {"msg_id": 9, "type": "AppendEntries", "term": 0, "prevIndex": 0, "prevTerm": 0, "entries": [[["pass", null], 0]], "commit": 0}}
DEBUG:root:received {"dest":"n1","src":"n2","body":{"msg_id":3,"in_reply_to":6,"type":"AppendEntriesRes","res":true,"term":0,"next":1,"commit":0},"id":28}
DEBUG:root:received {"dest":"n1","src":"n3","body":{"msg_id":4,"in_reply_to":7,"type":"AppendEntriesRes","res":true,"term":0,"next":1,"commit":0},"id":29}
DEBUG:root:received {"dest":"n1","src":"n4","body":{"msg_id":5,"in_reply_to":8,"type":"AppendEntriesRes","res":true,"term":0,"next":1,"commit":0},"id":30}
DEBUG:root:received {"dest":"n1","src":"n5","body":{"msg_id":3,"in_reply_to":9,"type":"AppendEntriesRes","res":true,"term":0,"next":1,"commit":0},"id":31}
INFO:root:sending HB

DEBUG:root:sending {"dest": "n2", "src": "n1", "body": {"msg_id": 10, "type": "AppendEntries", "term": 0, "prevIndex": 0, "prevTerm": 0, "entries": [[["pass", null], 0]], "commit": 0}}
DEBUG:root:sending {"dest": "n3", "src": "n1", "body": {"msg_id": 11, "type": "AppendEntries", "term": 0, "prevIndex": 0, "prevTerm": 0, "entries": [[["pass", null], 0]], "commit": 0}}
DEBUG:root:sending {"dest": "n4", "src": "n1", "body": {"msg_id": 12, "type": "AppendEntries", "term": 0, "prevIndex": 0, "prevTerm": 0, "entries": [[["pass", null], 0]], "commit": 0}}
DEBUG:root:sending {"dest": "n5", "src": "n1", "body": {"msg_id": 13, "type": "AppendEntries", "term": 0, "prevIndex": 0, "prevTerm": 0, "entries": [[["pass", null], 0]], "commit": 0}}
DEBUG:root:received {"dest":"n1","src":"n2","body":{"msg_id":4,"in_reply_to":10,"type":"AppendEntriesRes","res":true,"term":0,"next":1,"commit":0},"id":38}
DEBUG:root:received {"dest":"n1","src":"n3","body":{"msg_id":6,"in_reply_to":11,"type":"AppendEntriesRes","res":true,"term":0,"next":1,"commit":0},"id":39}
DEBUG:root:received {"dest":"n1","src":"n4","body":{"msg_id":6,"in_reply_to":12,"type":"AppendEntriesRes","res":true,"term":0,"next":1,"commit":0},"id":40}
DEBUG:root:received {"dest":"n1","src":"n5","body":{"msg_id":4,"in_reply_to":13,"type":"AppendEntriesRes","res":true,"term":0,"next":1,"commit":0},"id":41}
INFO:root:sending HB

DEBUG:root:sending {"dest": "n2", "src": "n1", "body": {"msg_id": 14, "type": "AppendEntries", "term": 0, "prevIndex": 0, "prevTerm": 0, "entries": [[["pass", null], 0]], "commit": 0}}
DEBUG:root:sending {"dest": "n3", "src": "n1", "body": {"msg_id": 15, "type": "AppendEntries", "term": 0, "prevIndex": 0, "prevTerm": 0, "entries": [[["pass", null], 0]], "commit": 0}}
DEBUG:root:sending {"dest": "n4", "src": "n1", "body": {"msg_id": 16, "type": "AppendEntries", "term": 0, "prevIndex": 0, "prevTerm": 0, "entries": [[["pass", null], 0]], "commit": 0}}
DEBUG:root:sending {"dest": "n5", "src": "n1", "body": {"msg_id": 17, "type": "AppendEntries", "term": 0, "prevIndex": 0, "prevTerm": 0, "entries": [[["pass", null], 0]], "commit": 0}}
DEBUG:root:received {"dest":"n1","src":"n3","body":{"msg_id":8,"in_reply_to":15,"type":"AppendEntriesRes","res":true,"term":0,"next":1,"commit":0},"id":48}
DEBUG:root:received {"dest":"n1","src":"n2","body":{"msg_id":5,"in_reply_to":14,"type":"AppendEntriesRes","res":true,"term":0,"next":1,"commit":0},"id":49}
DEBUG:root:received {"dest":"n1","src":"n4","body":{"msg_id":7,"in_reply_to":16,"type":"AppendEntriesRes","res":true,"term":0,"next":1,"commit":0},"id":50}
DEBUG:root:received {"dest":"n1","src":"n5","body":{"msg_id":5,"in_reply_to":17,"type":"AppendEntriesRes","res":true,"term":0,"next":1,"commit":0},"id":51}
DEBUG:root:received {"dest":"n1","body":{"key":1,"value":3,"type":"write","msg_id":1},"src":"c15","id":52}
DEBUG:root:sending {"dest": "n2", "src": "n1", "body": {"msg_id": 18, "type": "AppendEntries", "term": 0, "entries": [[["write", [1, 3]], 0]], "prevIndex": 0, "prevTerm": 0, "commit": 0}}
DEBUG:root:sending {"dest": "n3", "src": "n1", "body": {"msg_id": 19, "type": "AppendEntries", "term": 0, "entries": [[["write", [1, 3]], 0]], "prevIndex": 0, "prevTerm": 0, "commit": 0}}
DEBUG:root:sending {"dest": "n4", "src": "n1", "body": {"msg_id": 20, "type": "AppendEntries", "term": 0, "entries": [[["write", [1, 3]], 0]], "prevIndex": 0, "prevTerm": 0, "commit": 0}}
DEBUG:root:sending {"dest": "n5", "src": "n1", "body": {"msg_id": 21, "type": "AppendEntries", "term": 0, "entries": [[["write", [1, 3]], 0]], "prevIndex": 0, "prevTerm": 0, "commit": 0}}
DEBUG:root:received {"dest":"n1","src":"n2","body":{"msg_id":6,"in_reply_to":18,"type":"AppendEntriesRes","res":true,"term":0,"next":1,"commit":0},"id":57}
DEBUG:root:received {"dest":"n1","src":"n3","body":{"msg_id":9,"in_reply_to":19,"type":"AppendEntriesRes","res":true,"term":0,"next":1,"commit":0},"id":58}
DEBUG:root:received {"dest":"n1","src":"n4","body":{"msg_id":8,"in_reply_to":20,"type":"AppendEntriesRes","res":true,"term":0,"next":1,"commit":0},"id":59}
DEBUG:root:received {"dest":"n1","src":"n5","body":{"msg_id":6,"in_reply_to":21,"type":"AppendEntriesRes","res":true,"term":0,"next":1,"commit":0},"id":60}
INFO:root:sending HB

DEBUG:root:sending {"dest": "n2", "src": "n1", "body": {"msg_id": 22, "type": "AppendEntries", "term": 0, "prevIndex": 0, "prevTerm": 0, "entries": [[["pass", null], 0], [["write", [1, 3]], 0]], "commit": 0}}
DEBUG:root:sending {"dest": "n3", "src": "n1", "body": {"msg_id": 23, "type": "AppendEntries", "term": 0, "prevIndex": 0, "prevTerm": 0, "entries": [[["pass", null], 0], [["write", [1, 3]], 0]], "commit": 0}}
DEBUG:root:sending {"dest": "n4", "src": "n1", "body": {"msg_id": 24, "type": "AppendEntries", "term": 0, "prevIndex": 0, "prevTerm": 0, "entries": [[["pass", null], 0], [["write", [1, 3]], 0]], "commit": 0}}
DEBUG:root:sending {"dest": "n5", "src": "n1", "body": {"msg_id": 25, "type": "AppendEntries", "term": 0, "prevIndex": 0, "prevTerm": 0, "entries": [[["pass", null], 0], [["write", [1, 3]], 0]], "commit": 0}}
DEBUG:root:received {"dest":"n1","src":"n2","body":{"msg_id":7,"in_reply_to":22,"type":"AppendEntriesRes","res":true,"term":0,"next":1,"commit":0},"id":65}
DEBUG:root:received {"dest":"n1","src":"n3","body":{"msg_id":10,"in_reply_to":23,"type":"AppendEntriesRes","res":true,"term":0,"next":1,"commit":0},"id":66}
DEBUG:root:received {"dest":"n1","src":"n4","body":{"msg_id":9,"in_reply_to":24,"type":"AppendEntriesRes","res":true,"term":0,"next":1,"commit":0},"id":67}
DEBUG:root:received {"dest":"n1","src":"n5","body":{"msg_id":7,"in_reply_to":25,"type":"AppendEntriesRes","res":true,"term":0,"next":1,"commit":0},"id":68}
INFO:root:sending HB

DEBUG:root:sending {"dest": "n2", "src": "n1", "body": {"msg_id": 26, "type": "AppendEntries", "term": 0, "prevIndex": 0, "prevTerm": 0, "entries": [[["pass", null], 0], [["write", [1, 3]], 0]], "commit": 0}}
DEBUG:root:sending {"dest": "n3", "src": "n1", "body": {"msg_id": 27, "type": "AppendEntries", "term": 0, "prevIndex": 0, "prevTerm": 0, "entries": [[["pass", null], 0], [["write", [1, 3]], 0]], "commit": 0}}
DEBUG:root:sending {"dest": "n4", "src": "n1", "body": {"msg_id": 28, "type": "AppendEntries", "term": 0, "prevIndex": 0, "prevTerm": 0, "entries": [[["pass", null], 0], [["write", [1, 3]], 0]], "commit": 0}}
DEBUG:root:sending {"dest": "n5", "src": "n1", "body": {"msg_id": 29, "type": "AppendEntries", "term": 0, "prevIndex": 0, "prevTerm": 0, "entries": [[["pass", null], 0], [["write", [1, 3]], 0]], "commit": 0}}
DEBUG:root:received {"dest":"n1","src":"n2","body":{"msg_id":10,"in_reply_to":26,"type":"AppendEntriesRes","res":true,"term":0,"next":1,"commit":0},"id":76}
DEBUG:root:received {"dest":"n1","src":"n3","body":{"msg_id":11,"in_reply_to":27,"type":"AppendEntriesRes","res":true,"term":0,"next":1,"commit":0},"id":78}
DEBUG:root:received {"dest":"n1","src":"n4","body":{"msg_id":10,"in_reply_to":28,"type":"AppendEntriesRes","res":true,"term":0,"next":1,"commit":0},"id":79}
DEBUG:root:received {"dest":"n1","src":"n5","body":{"msg_id":8,"in_reply_to":29,"type":"AppendEntriesRes","res":true,"term":0,"next":1,"commit":0},"id":80}
DEBUG:root:received {"dest":"n1","body":{"key":0,"type":"read","msg_id":1},"src":"c18","id":81}
DEBUG:root:sending {"dest": "c18", "src": "n1", "body": {"msg_id": 30, "in_reply_to": 1, "type": "error", "code": 20, "text": "Invalid Key"}}
INFO:root:sending HB

DEBUG:root:sending {"dest": "n2", "src": "n1", "body": {"msg_id": 31, "type": "AppendEntries", "term": 0, "prevIndex": 0, "prevTerm": 0, "entries": [[["pass", null], 0], [["write", [1, 3]], 0]], "commit": 0}}
DEBUG:root:sending {"dest": "n3", "src": "n1", "body": {"msg_id": 32, "type": "AppendEntries", "term": 0, "prevIndex": 0, "prevTerm": 0, "entries": [[["pass", null], 0], [["write", [1, 3]], 0]], "commit": 0}}
DEBUG:root:sending {"dest": "n4", "src": "n1", "body": {"msg_id": 33, "type": "AppendEntries", "term": 0, "prevIndex": 0, "prevTerm": 0, "entries": [[["pass", null], 0], [["write", [1, 3]], 0]], "commit": 0}}
DEBUG:root:sending {"dest": "n5", "src": "n1", "body": {"msg_id": 34, "type": "AppendEntries", "term": 0, "prevIndex": 0, "prevTerm": 0, "entries": [[["pass", null], 0], [["write", [1, 3]], 0]], "commit": 0}}
DEBUG:root:received {"dest":"n1","src":"n2","body":{"msg_id":11,"in_reply_to":31,"type":"AppendEntriesRes","res":true,"term":0,"next":1,"commit":0},"id":89}
DEBUG:root:received {"dest":"n1","src":"n3","body":{"msg_id":12,"in_reply_to":32,"type":"AppendEntriesRes","res":true,"term":0,"next":1,"commit":0},"id":90}
DEBUG:root:received {"dest":"n1","src":"n4","body":{"msg_id":12,"in_reply_to":33,"type":"AppendEntriesRes","res":true,"term":0,"next":1,"commit":0},"id":91}
DEBUG:root:received {"dest":"n1","src":"n5","body":{"msg_id":9,"in_reply_to":34,"type":"AppendEntriesRes","res":true,"term":0,"next":1,"commit":0},"id":92}
