2022-05-01 20:59:49,286{GMT}	INFO	[jepsen test runner] jepsen.core: Test version 9d8335254928801a78e4e56f8c438d06a68b66d5 (plus uncommitted changes)
2022-05-01 20:59:49,286{GMT}	INFO	[jepsen test runner] jepsen.core: Command line:
lein run test --workload lin-kv --bin raft.py --time-limit 5 --concurrency 4n
2022-05-01 20:59:49,334{GMT}	INFO	[jepsen test runner] jepsen.core: Running test:
{:remote #jepsen.control.SSHRemote{:session nil}
 :log-net-send false
 :node-count nil
 :max-txn-length 4
 :concurrency 20
 :db
 #object[maelstrom.db$db$reify__16747
         "0x3a5812dc"
         "maelstrom.db$db$reify__16747@3a5812dc"]
 :max-writes-per-key 16
 :leave-db-running? false
 :name "lin-kv"
 :logging-json? false
 :net-journal #object[clojure.lang.Atom "0x1b9075c9" {:status :ready, :val []}]
 :start-time
 #object[org.joda.time.DateTime "0x75be6796" "2022-05-01T20:59:49.000+01:00"]
 :nemesis-interval 10
 :net
 #object[maelstrom.net$jepsen_adapter$reify__15560
         "0xce24a98"
         "maelstrom.net$jepsen_adapter$reify__15560@ce24a98"]
 :client
 #object[maelstrom.workload.lin_kv$client$reify__17524
         "0x496101d1"
         "maelstrom.workload.lin_kv$client$reify__17524@496101d1"]
 :barrier
 #object[java.util.concurrent.CyclicBarrier
         "0x19858f26"
         "java.util.concurrent.CyclicBarrier@19858f26"]
 :log-stderr false
 :pure-generators true
 :ssh {:dummy? true}
 :rate 5
 :checker
 #object[jepsen.checker$compose$reify__8612
         "0x4c14ed24"
         "jepsen.checker$compose$reify__8612@4c14ed24"]
 :argv
 ("test"
  "--workload"
  "lin-kv"
  "--bin"
  "raft.py"
  "--time-limit"
  "5"
  "--concurrency"
  "4n")
 :nemesis
 (jepsen.nemesis.ReflCompose
  {:fm {:start-partition 0,
        :stop-partition 0,
        :kill 1,
        :start 1,
        :pause 1,
        :resume 1},
   :nemeses [#unprintable "jepsen.nemesis.combined$partition_nemesis$reify__17019@523cc8b4"
             #unprintable "jepsen.nemesis.combined$db_nemesis$reify__17000@139224ab"]})
 :active-histories
 #object[clojure.lang.Atom "0x26db7540" {:status :ready, :val #{}}]
 :nodes ["n1" "n2" "n3" "n4" "n5"]
 :test-count 1
 :latency {:mean 0, :dist :constant}
 :bin "raft.py"
 :generator
 (jepsen.generator.TimeLimit
  {:limit 5000000000,
   :cutoff nil,
   :gen (jepsen.generator.Any
         {:gens [(jepsen.generator.OnThreads {:f #{:nemesis}, :gen nil})
                 (jepsen.generator.OnThreads
                  {:f #object[clojure.core$complement$fn__5654
                              "0x1bc6a43c"
                              "clojure.core$complement$fn__5654@1bc6a43c"],
                   :gen (jepsen.generator.Stagger
                         {:dt 400000000,
                          :next-time nil,
                          :gen (jepsen.generator.OnThreads
                                {:f #object[clojure.core$complement$fn__5654
                                            "0x5f3fa154"
                                            "clojure.core$complement$fn__5654@5f3fa154"],
                                 :gen (jepsen.independent.ConcurrentGenerator
                                       {:n 10,
                                        :fgen #object[jepsen.tests.linearizable_register$test$fn__17324
                                                      "0x6193340e"
                                                      "jepsen.tests.linearizable_register$test$fn__17324@6193340e"],
                                        :group->threads nil,
                                        :thread->group nil,
                                        :keys (0 1 2 3 4 5 6 7 ...),
                                        :gens nil})})})})]})})
 :log-net-recv false
 :os
 #object[jepsen.os$reify__2490 "0x158774d3" "jepsen.os$reify__2490@158774d3"]
 :time-limit 5
 :workload :lin-kv
 :consistency-models [:strict-serializable]
 :topology :grid}

2022-05-01 20:59:49,343{GMT}	INFO	[jepsen test runner] jepsen.db: Tearing down DB
2022-05-01 20:59:49,347{GMT}	INFO	[jepsen test runner] jepsen.db: Setting up DB
2022-05-01 20:59:49,351{GMT}	INFO	[jepsen node n2] maelstrom.db: Setting up n2
2022-05-01 20:59:49,351{GMT}	INFO	[jepsen node n3] maelstrom.db: Setting up n3
2022-05-01 20:59:49,351{GMT}	INFO	[jepsen node n4] maelstrom.db: Setting up n4
2022-05-01 20:59:49,351{GMT}	INFO	[jepsen node n5] maelstrom.db: Setting up n5
2022-05-01 20:59:49,352{GMT}	INFO	[jepsen node n2] maelstrom.process: launching raft.py nil
2022-05-01 20:59:49,352{GMT}	INFO	[jepsen node n3] maelstrom.process: launching raft.py nil
2022-05-01 20:59:49,352{GMT}	INFO	[jepsen node n5] maelstrom.process: launching raft.py nil
2022-05-01 20:59:49,352{GMT}	INFO	[jepsen node n4] maelstrom.process: launching raft.py nil
2022-05-01 20:59:49,355{GMT}	INFO	[jepsen node n1] maelstrom.service: Starting services: (lin-kv lin-tso lww-kv seq-kv)
2022-05-01 20:59:49,371{GMT}	INFO	[jepsen node n1] maelstrom.db: Setting up n1
2022-05-01 20:59:49,372{GMT}	INFO	[jepsen node n1] maelstrom.process: launching raft.py nil
2022-05-01 20:59:49,416{GMT}	INFO	[jepsen test runner] jepsen.core: Relative time begins now
2022-05-01 20:59:49,474{GMT}	INFO	[jepsen worker 4] jepsen.util: 4	:invoke	:read	[0 nil]
2022-05-01 20:59:49,481{GMT}	INFO	[jepsen worker 4] jepsen.util: 4	:fail	:read	[0 nil]	[:unknown "Not Leader"]
2022-05-01 20:59:49,528{GMT}	INFO	[jepsen worker 17] jepsen.util: 17	:invoke	:cas	[1 [2 3]]
2022-05-01 20:59:49,530{GMT}	INFO	[jepsen worker 17] jepsen.util: 17	:info	:cas	[1 [2 3]]	[:unknown "Not Leader"]
2022-05-01 20:59:49,588{GMT}	INFO	[jepsen worker 9] jepsen.util: 9	:invoke	:cas	[0 [0 0]]
2022-05-01 20:59:49,590{GMT}	INFO	[jepsen worker 9] jepsen.util: 9	:info	:cas	[0 [0 0]]	[:unknown "Not Leader"]
2022-05-01 20:59:49,727{GMT}	INFO	[jepsen worker 18] jepsen.util: 18	:invoke	:cas	[1 [4 2]]
2022-05-01 20:59:49,732{GMT}	INFO	[jepsen worker 18] jepsen.util: 18	:info	:cas	[1 [4 2]]	[:unknown "Not Leader"]
2022-05-01 20:59:49,811{GMT}	INFO	[jepsen worker 19] jepsen.util: 19	:invoke	:cas	[1 [4 0]]
2022-05-01 20:59:49,816{GMT}	INFO	[jepsen worker 19] jepsen.util: 19	:info	:cas	[1 [4 0]]	[:unknown "Not Leader"]
2022-05-01 20:59:50,160{GMT}	INFO	[jepsen worker 10] jepsen.util: 10	:invoke	:write	[1 4]
2022-05-01 20:59:50,453{GMT}	INFO	[jepsen worker 1] jepsen.util: 1	:invoke	:read	[0 nil]
2022-05-01 20:59:50,455{GMT}	INFO	[jepsen worker 1] jepsen.util: 1	:fail	:read	[0 nil]	[:unknown "Not Leader"]
2022-05-01 20:59:50,562{GMT}	INFO	[jepsen worker 13] jepsen.util: 13	:invoke	:cas	[1 [2 2]]
2022-05-01 20:59:50,567{GMT}	INFO	[jepsen worker 13] jepsen.util: 13	:info	:cas	[1 [2 2]]	[:unknown "Not Leader"]
2022-05-01 20:59:50,667{GMT}	INFO	[jepsen worker 6] jepsen.util: 6	:invoke	:write	[0 1]
2022-05-01 20:59:50,673{GMT}	INFO	[jepsen worker 6] jepsen.util: 6	:info	:write	[0 1]	[:unknown "Not Leader"]
2022-05-01 20:59:50,974{GMT}	INFO	[jepsen worker 11] jepsen.util: 11	:invoke	:cas	[1 [1 3]]
2022-05-01 20:59:50,979{GMT}	INFO	[jepsen worker 11] jepsen.util: 11	:info	:cas	[1 [1 3]]	[:unknown "Not Leader"]
2022-05-01 20:59:51,162{GMT}	INFO	[jepsen worker 10] jepsen.util: 10	:info	:write	[1 4]	:net-timeout
2022-05-01 20:59:51,268{GMT}	INFO	[jepsen worker 4] jepsen.util: 4	:invoke	:read	[0 nil]
2022-05-01 20:59:51,274{GMT}	INFO	[jepsen worker 4] jepsen.util: 4	:fail	:read	[0 nil]	[:unknown "Not Leader"]
2022-05-01 20:59:51,548{GMT}	INFO	[jepsen worker 1] jepsen.util: 1	:invoke	:read	[0 nil]
2022-05-01 20:59:51,551{GMT}	INFO	[jepsen worker 1] jepsen.util: 1	:fail	:read	[0 nil]	[:unknown "Not Leader"]
2022-05-01 20:59:51,821{GMT}	INFO	[jepsen worker 3] jepsen.util: 3	:invoke	:read	[0 nil]
2022-05-01 20:59:51,823{GMT}	INFO	[jepsen worker 3] jepsen.util: 3	:fail	:read	[0 nil]	[:unknown "Not Leader"]
2022-05-01 20:59:51,977{GMT}	INFO	[jepsen worker 3] jepsen.util: 3	:invoke	:read	[0 nil]
2022-05-01 20:59:51,980{GMT}	INFO	[jepsen worker 3] jepsen.util: 3	:fail	:read	[0 nil]	[:unknown "Not Leader"]
2022-05-01 20:59:52,080{GMT}	INFO	[jepsen worker 17] jepsen.util: 37	:invoke	:cas	[1 [0 1]]
2022-05-01 20:59:52,081{GMT}	INFO	[jepsen worker 17] jepsen.util: 37	:info	:cas	[1 [0 1]]	[:unknown "Not Leader"]
2022-05-01 20:59:52,438{GMT}	INFO	[jepsen worker 12] jepsen.util: 12	:invoke	:cas	[1 [4 0]]
2022-05-01 20:59:52,442{GMT}	INFO	[jepsen worker 12] jepsen.util: 12	:info	:cas	[1 [4 0]]	[:unknown "Not Leader"]
2022-05-01 20:59:52,457{GMT}	INFO	[jepsen worker 2] jepsen.util: 2	:invoke	:read	[0 nil]
2022-05-01 20:59:52,461{GMT}	INFO	[jepsen worker 2] jepsen.util: 2	:fail	:read	[0 nil]	[:unknown "Not Leader"]
2022-05-01 20:59:52,688{GMT}	INFO	[jepsen worker 14] jepsen.util: 14	:invoke	:cas	[1 [2 4]]
2022-05-01 20:59:52,690{GMT}	INFO	[jepsen worker 14] jepsen.util: 14	:info	:cas	[1 [2 4]]	[:unknown "Not Leader"]
2022-05-01 20:59:52,690{GMT}	INFO	[jepsen worker 18] jepsen.util: 38	:invoke	:cas	[1 [1 3]]
2022-05-01 20:59:52,692{GMT}	INFO	[jepsen worker 18] jepsen.util: 38	:info	:cas	[1 [1 3]]	[:unknown "Not Leader"]
2022-05-01 20:59:52,825{GMT}	INFO	[jepsen worker 9] jepsen.util: 29	:invoke	:cas	[0 [0 0]]
2022-05-01 20:59:52,828{GMT}	INFO	[jepsen worker 9] jepsen.util: 29	:info	:cas	[0 [0 0]]	[:unknown "Not Leader"]
2022-05-01 20:59:53,198{GMT}	INFO	[jepsen worker 5] jepsen.util: 5	:invoke	:write	[0 2]
2022-05-01 20:59:53,551{GMT}	INFO	[jepsen worker 16] jepsen.util: 16	:invoke	:cas	[1 [3 0]]
2022-05-01 20:59:53,556{GMT}	INFO	[jepsen worker 16] jepsen.util: 16	:info	:cas	[1 [3 0]]	[:unknown "Not Leader"]
2022-05-01 20:59:53,658{GMT}	INFO	[jepsen worker 9] jepsen.util: 49	:invoke	:cas	[0 [2 3]]
2022-05-01 20:59:53,661{GMT}	INFO	[jepsen worker 9] jepsen.util: 49	:info	:cas	[0 [2 3]]	[:unknown "Not Leader"]
2022-05-01 20:59:53,928{GMT}	INFO	[jepsen worker 7] jepsen.util: 7	:invoke	:cas	[0 [3 2]]
2022-05-01 20:59:53,932{GMT}	INFO	[jepsen worker 7] jepsen.util: 7	:info	:cas	[0 [3 2]]	[:unknown "Not Leader"]
2022-05-01 20:59:54,199{GMT}	INFO	[jepsen worker 5] jepsen.util: 5	:info	:write	[0 2]	:net-timeout
2022-05-01 20:59:54,265{GMT}	INFO	[jepsen worker 13] jepsen.util: 33	:invoke	:write	[2 0]
2022-05-01 20:59:54,268{GMT}	INFO	[jepsen worker 13] jepsen.util: 33	:info	:write	[2 0]	[:unknown "Not Leader"]
2022-05-01 20:59:54,283{GMT}	INFO	[jepsen node n1] maelstrom.db: Tearing down n1
2022-05-01 20:59:54,283{GMT}	INFO	[jepsen node n2] maelstrom.db: Tearing down n2
2022-05-01 20:59:54,283{GMT}	INFO	[jepsen node n4] maelstrom.db: Tearing down n4
2022-05-01 20:59:54,284{GMT}	INFO	[jepsen node n5] maelstrom.db: Tearing down n5
2022-05-01 20:59:54,285{GMT}	INFO	[jepsen node n3] maelstrom.db: Tearing down n3
2022-05-01 20:59:55,390{GMT}	INFO	[jepsen test runner] jepsen.core: Run complete, writing
2022-05-01 20:59:55,496{GMT}	INFO	[jepsen test runner] jepsen.core: Analyzing...
2022-05-01 20:59:55,527{GMT}	WARN	[clojure-agent-send-off-pool-0] jepsen.checker: Error while checking history:
java.lang.IllegalStateException: Error rendering plot, verify gnuplot is installed and reachable
	at jepsen.checker.perf$plot_BANG_.invokeStatic(perf.clj:480)
	at jepsen.checker.perf$plot_BANG_.invoke(perf.clj:417)
	at jepsen.checker.perf$point_graph_BANG_.invokeStatic(perf.clj:511)
	at jepsen.checker.perf$point_graph_BANG_.invoke(perf.clj:484)
	at jepsen.checker$latency_graph$reify__8824.check(checker.clj:803)
	at jepsen.checker$check_safe.invokeStatic(checker.clj:78)
	at jepsen.checker$check_safe.invoke(checker.clj:71)
	at jepsen.checker$compose$reify__8612$fn__8614.invoke(checker.clj:94)
	at clojure.core$pmap$fn__8447$fn__8448.invoke(core.clj:7022)
	at clojure.core$binding_conveyor_fn$fn__5739.invoke(core.clj:2030)
	at clojure.lang.AFn.call(AFn.java:18)
	at java.base/java.util.concurrent.FutureTask.run(FutureTask.java:264)
	at java.base/java.util.concurrent.ThreadPoolExecutor.runWorker(ThreadPoolExecutor.java:1128)
	at java.base/java.util.concurrent.ThreadPoolExecutor$Worker.run(ThreadPoolExecutor.java:628)
	at java.base/java.lang.Thread.run(Thread.java:829)
Caused by: java.io.IOException: Cannot run program "gnuplot": error=2, No such file or directory
	at java.base/java.lang.ProcessBuilder.start(ProcessBuilder.java:1128)
	at java.base/java.lang.ProcessBuilder.start(ProcessBuilder.java:1071)
	at java.base/java.lang.Runtime.exec(Runtime.java:592)
	at clojure.java.shell$sh.invokeStatic(shell.clj:113)
	at clojure.java.shell$sh.doInvoke(shell.clj:79)
	at clojure.lang.RestFn.invoke(RestFn.java:512)
	at gnuplot.core$run_BANG_.invokeStatic(core.clj:76)
	at gnuplot.core$run_BANG_.invoke(core.clj:66)
	at gnuplot.core$raw_plot_BANG_.invokeStatic(core.clj:106)
	at gnuplot.core$raw_plot_BANG_.invoke(core.clj:91)
	... 15 common frames omitted
Caused by: java.io.IOException: error=2, No such file or directory
	at java.base/java.lang.ProcessImpl.forkAndExec(Native Method)
	at java.base/java.lang.ProcessImpl.<init>(ProcessImpl.java:340)
	at java.base/java.lang.ProcessImpl.start(ProcessImpl.java:271)
	at java.base/java.lang.ProcessBuilder.start(ProcessBuilder.java:1107)
	... 24 common frames omitted
2022-05-01 20:59:55,571{GMT}	INFO	[clojure-agent-send-pool-2] jepsen.independent: Wrote /home/peter/Documents/tf/lab3/store/lin-kv/20220501T205949.000+0100/independent/2/results.edn
2022-05-01 20:59:55,577{GMT}	INFO	[clojure-agent-send-pool-2] jepsen.independent: Wrote /home/peter/Documents/tf/lab3/store/lin-kv/20220501T205949.000+0100/independent/2/history.edn
2022-05-01 20:59:55,596{GMT}	INFO	[clojure-agent-send-pool-0] jepsen.independent: Wrote /home/peter/Documents/tf/lab3/store/lin-kv/20220501T205949.000+0100/independent/0/results.edn
2022-05-01 20:59:55,597{GMT}	INFO	[clojure-agent-send-pool-0] jepsen.independent: Wrote /home/peter/Documents/tf/lab3/store/lin-kv/20220501T205949.000+0100/independent/0/history.edn
2022-05-01 20:59:55,629{GMT}	INFO	[clojure-agent-send-pool-1] jepsen.independent: Wrote /home/peter/Documents/tf/lab3/store/lin-kv/20220501T205949.000+0100/independent/1/results.edn
2022-05-01 20:59:55,631{GMT}	INFO	[clojure-agent-send-pool-1] jepsen.independent: Wrote /home/peter/Documents/tf/lab3/store/lin-kv/20220501T205949.000+0100/independent/1/history.edn
2022-05-01 20:59:55,850{GMT}	INFO	[jepsen test runner] jepsen.core: Analysis complete
2022-05-01 20:59:55,879{GMT}	INFO	[jepsen results] jepsen.store: Wrote /home/peter/Documents/tf/lab3/store/lin-kv/20220501T205949.000+0100/results.edn
2022-05-01 20:59:55,926{GMT}	INFO	[jepsen test runner] jepsen.core: {:perf {:latency-graph {:valid? :unknown,
                        :error "java.lang.IllegalStateException: Error rendering plot, verify gnuplot is installed and reachable\n at jepsen.checker.perf$plot_BANG_.invokeStatic (perf.clj:480)\n    jepsen.checker.perf$plot_BANG_.invoke (perf.clj:417)\n    jepsen.checker.perf$point_graph_BANG_.invokeStatic (perf.clj:511)\n    jepsen.checker.perf$point_graph_BANG_.invoke (perf.clj:484)\n    jepsen.checker$latency_graph$reify__8824.check (checker.clj:803)\n    jepsen.checker$check_safe.invokeStatic (checker.clj:78)\n    jepsen.checker$check_safe.invoke (checker.clj:71)\n    jepsen.checker$compose$reify__8612$fn__8614.invoke (checker.clj:94)\n    clojure.core$pmap$fn__8447$fn__8448.invoke (core.clj:7022)\n    clojure.core$binding_conveyor_fn$fn__5739.invoke (core.clj:2030)\n    clojure.lang.AFn.call (AFn.java:18)\n    java.util.concurrent.FutureTask.run (FutureTask.java:264)\n    java.util.concurrent.ThreadPoolExecutor.runWorker (ThreadPoolExecutor.java:1128)\n    java.util.concurrent.ThreadPoolExecutor$Worker.run (ThreadPoolExecutor.java:628)\n    java.lang.Thread.run (Thread.java:829)\nCaused by: java.io.IOException: Cannot run program \"gnuplot\": error=2, No such file or directory\n at java.lang.ProcessBuilder.start (ProcessBuilder.java:1128)\n    java.lang.ProcessBuilder.start (ProcessBuilder.java:1071)\n    java.lang.Runtime.exec (Runtime.java:592)\n    clojure.java.shell$sh.invokeStatic (shell.clj:113)\n    clojure.java.shell$sh.doInvoke (shell.clj:79)\n    clojure.lang.RestFn.invoke (RestFn.java:512)\n    gnuplot.core$run_BANG_.invokeStatic (core.clj:76)\n    gnuplot.core$run_BANG_.invoke (core.clj:66)\n    gnuplot.core$raw_plot_BANG_.invokeStatic (core.clj:106)\n    gnuplot.core$raw_plot_BANG_.invoke (core.clj:91)\n    jepsen.checker.perf$plot_BANG_.invokeStatic (perf.clj:480)\n    jepsen.checker.perf$plot_BANG_.invoke (perf.clj:417)\n    jepsen.checker.perf$point_graph_BANG_.invokeStatic (perf.clj:511)\n    jepsen.checker.perf$point_graph_BANG_.invoke (perf.clj:484)\n    jepsen.checker$latency_graph$reify__8824.check (checker.clj:803)\n    jepsen.checker$check_safe.invokeStatic (checker.clj:78)\n    jepsen.checker$check_safe.invoke (checker.clj:71)\n    jepsen.checker$compose$reify__8612$fn__8614.invoke (checker.clj:94)\n    clojure.core$pmap$fn__8447$fn__8448.invoke (core.clj:7022)\n    clojure.core$binding_conveyor_fn$fn__5739.invoke (core.clj:2030)\n    clojure.lang.AFn.call (AFn.java:18)\n    java.util.concurrent.FutureTask.run (FutureTask.java:264)\n    java.util.concurrent.ThreadPoolExecutor.runWorker (ThreadPoolExecutor.java:1128)\n    java.util.concurrent.ThreadPoolExecutor$Worker.run (ThreadPoolExecutor.java:628)\n    java.lang.Thread.run (Thread.java:829)\nCaused by: java.io.IOException: error=2, No such file or directory\n at java.lang.ProcessImpl.forkAndExec (ProcessImpl.java:-2)\n    java.lang.ProcessImpl.<init> (ProcessImpl.java:340)\n    java.lang.ProcessImpl.start (ProcessImpl.java:271)\n    java.lang.ProcessBuilder.start (ProcessBuilder.java:1107)\n    java.lang.ProcessBuilder.start (ProcessBuilder.java:1071)\n    java.lang.Runtime.exec (Runtime.java:592)\n    clojure.java.shell$sh.invokeStatic (shell.clj:113)\n    clojure.java.shell$sh.doInvoke (shell.clj:79)\n    clojure.lang.RestFn.invoke (RestFn.java:512)\n    gnuplot.core$run_BANG_.invokeStatic (core.clj:76)\n    gnuplot.core$run_BANG_.invoke (core.clj:66)\n    gnuplot.core$raw_plot_BANG_.invokeStatic (core.clj:106)\n    gnuplot.core$raw_plot_BANG_.invoke (core.clj:91)\n    jepsen.checker.perf$plot_BANG_.invokeStatic (perf.clj:480)\n    jepsen.checker.perf$plot_BANG_.invoke (perf.clj:417)\n    jepsen.checker.perf$point_graph_BANG_.invokeStatic (perf.clj:511)\n    jepsen.checker.perf$point_graph_BANG_.invoke (perf.clj:484)\n    jepsen.checker$latency_graph$reify__8824.check (checker.clj:803)\n    jepsen.checker$check_safe.invokeStatic (checker.clj:78)\n    jepsen.checker$check_safe.invoke (checker.clj:71)\n    jepsen.checker$compose$reify__8612$fn__8614.invoke (checker.clj:94)\n    clojure.core$pmap$fn__8447$fn__8448.invoke (core.clj:7022)\n    clojure.core$binding_conveyor_fn$fn__5739.invoke (core.clj:2030)\n    clojure.lang.AFn.call (AFn.java:18)\n    java.util.concurrent.FutureTask.run (FutureTask.java:264)\n    java.util.concurrent.ThreadPoolExecutor.runWorker (ThreadPoolExecutor.java:1128)\n    java.util.concurrent.ThreadPoolExecutor$Worker.run (ThreadPoolExecutor.java:628)\n    java.lang.Thread.run (Thread.java:829)\n"},
        :rate-graph {:valid? true},
        :valid? :unknown},
 :timeline {:valid? true},
 :exceptions {:valid? true},
 :stats {:valid? false,
         :count 25,
         :ok-count 0,
         :fail-count 7,
         :info-count 18,
         :by-f {:cas {:valid? false,
                      :count 14,
                      :ok-count 0,
                      :fail-count 0,
                      :info-count 14},
                :read {:valid? false,
                       :count 7,
                       :ok-count 0,
                       :fail-count 7,
                       :info-count 0},
                :write {:valid? false,
                        :count 4,
                        :ok-count 0,
                        :fail-count 0,
                        :info-count 4}}},
 :net {:stats {:all {:send-count 1375,
                     :recv-count 1375,
                     :msg-count 1375,
                     :msgs-per-op 55.0},
               :clients {:send-count 58,
                         :recv-count 58,
                         :msg-count 58},
               :servers {:send-count 1317,
                         :recv-count 1317,
                         :msg-count 1317,
                         :msgs-per-op 52.68}},
       :valid? true},
 :workload {:valid? true,
            :results {0 {:linearizable {:valid? true,
                                        :configs ({:model #knossos.model.CASRegister{:value nil},
                                                   :last-op nil,
                                                   :pending [{:process 5,
                                                              :type :invoke,
                                                              :f :write,
                                                              :value 2,
                                                              :index 40,
                                                              :time 3780999973}
                                                             {:process 6,
                                                              :type :invoke,
                                                              :f :write,
                                                              :value 1,
                                                              :index 15,
                                                              :time 1248983802}
                                                             {:process 7,
                                                              :type :invoke,
                                                              :f :cas,
                                                              :value [3
                                                                      2],
                                                              :index 45,
                                                              :time 4511178089}
                                                             {:process 9,
                                                              :type :invoke,
                                                              :f :cas,
                                                              :value [0
                                                                      0],
                                                              :index 4,
                                                              :time 172386180}
                                                             {:process 29,
                                                              :type :invoke,
                                                              :f :cas,
                                                              :value [0
                                                                      0],
                                                              :index 38,
                                                              :time 3407526490}
                                                             {:process 49,
                                                              :type :invoke,
                                                              :f :cas,
                                                              :value [2
                                                                      3],
                                                              :index 43,
                                                              :time 4240266442}]}),
                                        :final-paths ()},
                         :timeline {:valid? true},
                         :valid? true},
                      1 {:linearizable {:valid? true,
                                        :configs ({:model #knossos.model.CASRegister{:value nil},
                                                   :last-op nil,
                                                   :pending [{:process 10,
                                                              :type :invoke,
                                                              :f :write,
                                                              :value 4,
                                                              :index 10,
                                                              :time 741659526}
                                                             {:process 11,
                                                              :type :invoke,
                                                              :f :cas,
                                                              :value [1
                                                                      3],
                                                              :index 17,
                                                              :time 1556362872}
                                                             {:process 12,
                                                              :type :invoke,
                                                              :f :cas,
                                                              :value [4
                                                                      0],
                                                              :index 30,
                                                              :time 3020688063}
                                                             {:process 13,
                                                              :type :invoke,
                                                              :f :cas,
                                                              :value [2
                                                                      2],
                                                              :index 13,
                                                              :time 1144338003}
                                                             {:process 14,
                                                              :type :invoke,
                                                              :f :cas,
                                                              :value [2
                                                                      4],
                                                              :index 34,
                                                              :time 3272638204}
                                                             {:process 16,
                                                              :type :invoke,
                                                              :f :cas,
                                                              :value [3
                                                                      0],
                                                              :index 41,
                                                              :time 4134231319}
                                                             {:process 17,
                                                              :type :invoke,
                                                              :f :cas,
                                                              :value [2
                                                                      3],
                                                              :index 2,
                                                              :time 112565238}
                                                             {:process 18,
                                                              :type :invoke,
                                                              :f :cas,
                                                              :value [4
                                                                      2],
                                                              :index 6,
                                                              :time 308938144}
                                                             {:process 19,
                                                              :type :invoke,
                                                              :f :cas,
                                                              :value [4
                                                                      0],
                                                              :index 8,
                                                              :time 393014804}
                                                             {:process 37,
                                                              :type :invoke,
                                                              :f :cas,
                                                              :value [0
                                                                      1],
                                                              :index 28,
                                                              :time 2663474560}
                                                             {:process 38,
                                                              :type :invoke,
                                                              :f :cas,
                                                              :value [1
                                                                      3],
                                                              :index 35,
                                                              :time 3274636426}]}),
                                        :final-paths ()},
                         :timeline {:valid? true},
                         :valid? true},
                      2 {:linearizable {:valid? true,
                                        :configs ({:model #knossos.model.CASRegister{:value nil},
                                                   :last-op nil,
                                                   :pending [{:process 33,
                                                              :type :invoke,
                                                              :f :write,
                                                              :value 0,
                                                              :index 48,
                                                              :time 4848410889}]}),
                                        :final-paths ()},
                         :timeline {:valid? true},
                         :valid? true}},
            :failures []},
 :valid? false}


Analysis invalid! (ﾉಥ益ಥ）ﾉ ┻━┻
