DEBUG:root:received {"dest":"n2","body":{"type":"init","node_id":"n2","node_ids":["n1","n2","n3","n4","n5"],"msg_id":1},"src":"c2","id":2}
INFO:root:node n2 initialized
DEBUG:root:sending {"dest": "c2", "src": "n2", "body": {"msg_id": 1, "in_reply_to": 1, "type": "init_ok"}}
DEBUG:root:received {"dest":"n2","src":"n1","body":{"msg_id":2,"type":"AppendEntries","term":0,"prevIndex":0,"prevTerm":0,"entries":[[["pass",null],0]],"commit":0},"id":10}
DEBUG:root:sending {"dest": "n1", "src": "n2", "body": {"msg_id": 2, "in_reply_to": 2, "type": "AppendEntriesRes", "res": true, "term": 0, "next": 1, "commit": 0}}
DEBUG:root:received {"dest":"n2","body":{"key":0,"type":"read","msg_id":1},"src":"c10","id":18}
DEBUG:root:sending {"dest": "c10", "src": "n2", "body": {"msg_id": 3, "in_reply_to": 1, "type": "error", "code": 11, "text": "Not Leader"}}
DEBUG:root:received {"dest":"n2","body":{"key":0,"type":"read","msg_id":2},"src":"c10","id":23}
DEBUG:root:sending {"dest": "c10", "src": "n2", "body": {"msg_id": 4, "in_reply_to": 2, "type": "error", "code": 11, "text": "Not Leader"}}
DEBUG:root:received {"dest":"n2","body":{"key":0,"from":1,"to":0,"type":"cas","msg_id":1},"src":"c15","id":31}
DEBUG:root:sending {"dest": "c15", "src": "n2", "body": {"msg_id": 5, "in_reply_to": 1, "type": "error", "code": 11, "text": "Not Leader"}}
DEBUG:root:received {"dest":"n2","body":{"key":1,"value":2,"type":"write","msg_id":1},"src":"c16","id":33}
DEBUG:root:sending {"dest": "c16", "src": "n2", "body": {"msg_id": 6, "in_reply_to": 1, "type": "error", "code": 11, "text": "Not Leader"}}
DEBUG:root:received {"dest":"n2","src":"n1","body":{"msg_id":7,"type":"AppendEntries","term":0,"prevIndex":1,"prevTerm":[1,2],"entries":[["write",[1,2],0]],"commit":0},"id":44}
DEBUG:root:sending {"dest": "n1", "src": "n2", "body": {"msg_id": 7, "in_reply_to": 7, "type": "AppendEntriesRes", "res": false, "term": 0}}
DEBUG:root:received {"dest":"n2","src":"n1","body":{"msg_id":11,"type":"AppendEntries","term":0,"prevIndex":0,"prevTerm":0,"entries":[["write",[1,2],0],["write",[1,2],0]],"commit":0},"id":52}
DEBUG:root:sending {"dest": "n1", "src": "n2", "body": {"msg_id": 8, "in_reply_to": 11, "type": "AppendEntriesRes", "res": true, "term": 0, "next": 2, "commit": 0}}
DEBUG:root:received {"dest":"n2","src":"n1","body":{"msg_id":15,"type":"AppendEntries","term":0,"prevIndex":2,"prevTerm":[1,2],"entries":[["write",[0,4],0]],"commit":0},"id":63}
ERROR:root:fatal exception in handler
Traceback (most recent call last):
  File "/home/peter/Documents/tf/lab3/raft.py", line 278, in handle
    a = log[msg.body.prevIndex]
IndexError: list index out of range

During handling of the above exception, another exception occurred:

Traceback (most recent call last):
  File "/home/peter/Documents/tf/lab3/ms.py", line 27, in exitOnError
    fn(*args)
  File "/home/peter/Documents/tf/lab3/raft.py", line 280, in handle
    buildString([ "280",log,msg.body.prevIndex,commitIndex])
  File "/home/peter/Documents/tf/lab3/raft.py", line 58, in buildString
    raise Exception(s)
Exception: 280
[(('pass', None), 0), ['write', [1, 2], 0]]
2
0

