DEBUG:root:received {"dest":"n3","body":{"type":"init","node_id":"n3","node_ids":["n0","n1","n2","n3"],"msg_id":1},"src":"c2","id":2}
INFO:root:node n3 initialized
DEBUG:root:sending {"dest": "c2", "src": "n3", "body": {"msg_id": 1, "in_reply_to": 1, "type": "init_ok"}}
DEBUG:root:received {"dest":"n3","body":{"txn":[["r",7,null],["append",8,1]],"type":"txn","msg_id":1},"src":"c10","id":13}
INFO:root:executing txn
DEBUG:root:c10-1: locking 7
DEBUG:root:c10-1: locking 8
DEBUG:root:c10-1: reading 7
DEBUG:root:c10-1: appending to 8: 1
DEBUG:root:c10-1: updating 8: [1]
DEBUG:root:sending {"dest": "c10", "src": "n3", "body": {"msg_id": 2, "in_reply_to": 1, "type": "txn_ok", "txn": [["r", 7, null], ["append", 8, 1]]}}
ERROR:asyncio:Task exception was never retrieved
future: <Task finished name='Task-3' coro=<handle() done, defined at /home/peter/Documents/tf/lab4/cent.py:13> exception=TypeError("'types.SimpleNamespace' object is not callable")>
Traceback (most recent call last):
  File "/home/peter/Documents/tf/lab4/cent.py", line 36, in handle
    msg(node, type='txnReplication',txn=msg.body.txn, originalid=msg.body.msg_id)
TypeError: 'types.SimpleNamespace' object is not callable
DEBUG:root:received {"dest":"n3","body":{"txn":[["r",9,null],["r",9,null],["append",9,4],["append",8,2]],"type":"txn","msg_id":2},"src":"c10","id":17}
INFO:root:executing txn
DEBUG:root:c10-2: locking 8
