DEBUG:root:received {"dest":"n3","body":{"type":"init","node_id":"n3","node_ids":["n1","n2","n3","n4","n5"],"msg_id":1},"src":"c4","id":4}
INFO:root:node n3 initialized
DEBUG:root:received {"dest":"n3","src":"n2","body":{"msg_id":4,"type":"RequestVote","term":1,"prevLogIndex":2,"lastLogTerm":0,"candidateId":"n2"},"id":9}
DEBUG:root:received {"dest":"n3","src":"n4","body":{"msg_id":4,"type":"RequestVote","term":1,"prevLogIndex":2,"lastLogTerm":0,"candidateId":"n4"},"id":15}
DEBUG:root:received {"dest":"n3","src":"n5","body":{"msg_id":4,"type":"RequestVote","term":1,"prevLogIndex":2,"lastLogTerm":0,"candidateId":"n5"},"id":20}
DEBUG:root:received {"dest":"n3","src":"n1","body":{"msg_id":4,"type":"RequestVote","term":1,"prevLogIndex":2,"lastLogTerm":0,"candidateId":"n1"},"id":26}
DEBUG:root:sending {"dest": "c4", "src": "n3", "body": {"msg_id": 1, "in_reply_to": 1, "type": "init_ok"}}
DEBUG:root:sending {"dest": "n1", "src": "n3", "body": {"msg_id": 2, "type": "RequestVote", "term": 1, "prevLogIndex": 2, "lastLogTerm": 0, "candidateId": "n3"}}
DEBUG:root:sending {"dest": "n2", "src": "n3", "body": {"msg_id": 3, "type": "RequestVote", "term": 1, "prevLogIndex": 2, "lastLogTerm": 0, "candidateId": "n3"}}
DEBUG:root:sending {"dest": "n3", "src": "n3", "body": {"msg_id": 4, "type": "RequestVote", "term": 1, "prevLogIndex": 2, "lastLogTerm": 0, "candidateId": "n3"}}
DEBUG:root:sending {"dest": "n4", "src": "n3", "body": {"msg_id": 5, "type": "RequestVote", "term": 1, "prevLogIndex": 2, "lastLogTerm": 0, "candidateId": "n3"}}
DEBUG:root:sending {"dest": "n5", "src": "n3", "body": {"msg_id": 6, "type": "RequestVote", "term": 1, "prevLogIndex": 2, "lastLogTerm": 0, "candidateId": "n3"}}
ERROR:root:fatal exception in handler
Traceback (most recent call last):
  File "/home/peter/Documents/tf/lab3/ms.py", line 27, in exitOnError
    fn(*args)
  File "/home/peter/Documents/tf/lab3/raft.py", line 189, in handle
    leader_alive_checker()
  File "/home/peter/Documents/tf/lab3/raft.py", line 114, in leader_alive_checker
    start_vote()
  File "/home/peter/Documents/tf/lab3/raft.py", line 137, in start_vote
    sec = randrange(min_time,max_time)
NameError: name 'randrange' is not defined
