DEBUG:root:received {"dest":"n1","body":{"type":"init","node_id":"n1","node_ids":["n0","n1","n2","n3"],"msg_id":1},"src":"c1","id":1}
INFO:root:node n1 initialized
DEBUG:root:sending {"dest": "c1", "src": "n1", "body": {"msg_id": 1, "in_reply_to": 1, "type": "init_ok"}}
DEBUG:root:received {"dest":"n1","src":"n2","body":{"msg_id":3,"type":"txnRep","msg":{"dest":"n2","body":{"txn":[["r",6,null]],"type":"txn","msg_id":1},"src":"c8","id":8}},"id":10}
ERROR:asyncio:Task exception was never retrieved
future: <Task finished name='Task-3' coro=<handle() done, defined at /home/peter/Documents/tf/lab4/cent.py:59> exception=TypeError('can only concatenate str (not "int") to str')>
Traceback (most recent call last):
  File "/home/peter/Documents/tf/lab4/cent.py", line 85, in handle
    await trycommits(msgQ,db)
  File "/home/peter/Documents/tf/lab4/cent.py", line 49, in trycommits
    logging.info("cehcking if we can commit the msg: " + msgn)
TypeError: can only concatenate str (not "int") to str
DEBUG:root:received {"dest":"n1","src":"n0","body":{"msg_id":2,"type":"txnRep","msg":{"dest":"n0","body":{"txn":[["append",8,1]],"type":"txn","msg_id":1},"src":"c9","id":12}},"id":13}
ERROR:asyncio:Task exception was never retrieved
future: <Task finished name='Task-4' coro=<handle() done, defined at /home/peter/Documents/tf/lab4/cent.py:59> exception=TypeError('can only concatenate str (not "int") to str')>
Traceback (most recent call last):
  File "/home/peter/Documents/tf/lab4/cent.py", line 85, in handle
    await trycommits(msgQ,db)
  File "/home/peter/Documents/tf/lab4/cent.py", line 49, in trycommits
    logging.info("cehcking if we can commit the msg: " + msgn)
TypeError: can only concatenate str (not "int") to str
DEBUG:root:received {"dest":"n1","body":{"txn":[["r",8,null],["r",8,null]],"type":"txn","msg_id":1},"src":"c10","id":16}
INFO:root:Sending msg to be replicated, destn0
DEBUG:root:sending {"dest": "n0", "src": "n1", "body": {"msg_id": 2, "type": "txnRep", "msg": {"dest": "n1", "body": {"txn": [["r", 8, null], ["r", 8, null]], "type": "txn", "msg_id": 1}, "src": "c10", "id": 16}}}
INFO:root:Sending msg to be replicated, destn2
DEBUG:root:sending {"dest": "n2", "src": "n1", "body": {"msg_id": 3, "type": "txnRep", "msg": {"dest": "n1", "body": {"txn": [["r", 8, null], ["r", 8, null]], "type": "txn", "msg_id": 1}, "src": "c10", "id": 16}}}
INFO:root:Sending msg to be replicated, destn3
DEBUG:root:sending {"dest": "n3", "src": "n1", "body": {"msg_id": 4, "type": "txnRep", "msg": {"dest": "n1", "body": {"txn": [["r", 8, null], ["r", 8, null]], "type": "txn", "msg_id": 1}, "src": "c10", "id": 16}}}
ERROR:asyncio:Task exception was never retrieved
future: <Task finished name='Task-5' coro=<handle() done, defined at /home/peter/Documents/tf/lab4/cent.py:59> exception=TypeError('can only concatenate str (not "int") to str')>
Traceback (most recent call last):
  File "/home/peter/Documents/tf/lab4/cent.py", line 78, in handle
    await trycommits(msgQ,db)
  File "/home/peter/Documents/tf/lab4/cent.py", line 49, in trycommits
    logging.info("cehcking if we can commit the msg: " + msgn)
TypeError: can only concatenate str (not "int") to str
DEBUG:root:received {"dest":"n1","src":"n3","body":{"msg_id":3,"type":"txnRep","msg":{"dest":"n3","body":{"txn":[["append",9,1]],"type":"txn","msg_id":1},"src":"c11","id":20}},"id":22}
ERROR:asyncio:Task exception was never retrieved
future: <Task finished name='Task-6' coro=<handle() done, defined at /home/peter/Documents/tf/lab4/cent.py:59> exception=TypeError('can only concatenate str (not "int") to str')>
Traceback (most recent call last):
  File "/home/peter/Documents/tf/lab4/cent.py", line 85, in handle
    await trycommits(msgQ,db)
  File "/home/peter/Documents/tf/lab4/cent.py", line 49, in trycommits
    logging.info("cehcking if we can commit the msg: " + msgn)
TypeError: can only concatenate str (not "int") to str
