DEBUG:root:received {"dest":"n1","body":{"type":"init","node_id":"n1","node_ids":["n1","n2","n3","n4","n5"],"msg_id":1},"src":"c4","id":4}
INFO:root:node n1 initialized
DEBUG:root:sending {"dest": "c4", "src": "n1", "body": {"msg_id": 1, "in_reply_to": 1, "type": "init_ok"}}
DEBUG:root:sending {"dest": "n2", "src": "n1", "body": {"msg_id": 2, "type": "AppendEntries", "term": 0, "prevIndex": 0, "prevTerm": 0, "entries": [[["pass", null], 0]], "commit": 0}}
DEBUG:root:sending {"dest": "n3", "src": "n1", "body": {"msg_id": 3, "type": "AppendEntries", "term": 0, "prevIndex": 0, "prevTerm": 0, "entries": [[["pass", null], 0]], "commit": 0}}
DEBUG:root:sending {"dest": "n4", "src": "n1", "body": {"msg_id": 4, "type": "AppendEntries", "term": 0, "prevIndex": 0, "prevTerm": 0, "entries": [[["pass", null], 0]], "commit": 0}}
DEBUG:root:sending {"dest": "n5", "src": "n1", "body": {"msg_id": 5, "type": "AppendEntries", "term": 0, "prevIndex": 0, "prevTerm": 0, "entries": [[["pass", null], 0]], "commit": 0}}
DEBUG:root:received {"dest":"n1","src":"n2","body":{"msg_id":2,"in_reply_to":2,"type":"AppendEntriesRes","res":true,"term":0,"next":1,"commit":0},"id":13}
DEBUG:root:received {"dest":"n1","src":"n5","body":{"msg_id":2,"in_reply_to":5,"type":"AppendEntriesRes","res":true,"term":0,"next":1,"commit":0},"id":15}
DEBUG:root:received {"dest":"n1","src":"n3","body":{"msg_id":2,"in_reply_to":3,"type":"AppendEntriesRes","res":true,"term":0,"next":1,"commit":0},"id":16}
DEBUG:root:received {"dest":"n1","src":"n4","body":{"msg_id":2,"in_reply_to":4,"type":"AppendEntriesRes","res":true,"term":0,"next":1,"commit":0},"id":17}
DEBUG:root:received {"dest":"n1","body":{"key":1,"from":4,"to":1,"type":"cas","msg_id":1},"src":"c10","id":18}
DEBUG:root:received {"dest":"n1","body":{"key":0,"from":2,"to":1,"type":"cas","msg_id":1},"src":"c18","id":35}
DEBUG:root:sending {"dest": "n2", "src": "n1", "body": {"msg_id": 6, "type": "AppendEntries", "term": 0, "prevIndex": 1, "prevTerm": [1, [4, 1]], "entries": [["cas", [0, [2, 1]], 0]], "commit": 0}}
DEBUG:root:sending {"dest": "n3", "src": "n1", "body": {"msg_id": 7, "type": "AppendEntries", "term": 0, "prevIndex": 1, "prevTerm": [1, [4, 1]], "entries": [["cas", [0, [2, 1]], 0]], "commit": 0}}
DEBUG:root:sending {"dest": "n4", "src": "n1", "body": {"msg_id": 8, "type": "AppendEntries", "term": 0, "prevIndex": 1, "prevTerm": [1, [4, 1]], "entries": [["cas", [0, [2, 1]], 0]], "commit": 0}}
DEBUG:root:sending {"dest": "n5", "src": "n1", "body": {"msg_id": 9, "type": "AppendEntries", "term": 0, "prevIndex": 1, "prevTerm": [1, [4, 1]], "entries": [["cas", [0, [2, 1]], 0]], "commit": 0}}
DEBUG:root:received {"dest":"n1","src":"n2","body":{"msg_id":6,"in_reply_to":6,"type":"AppendEntriesRes","res":false,"term":0},"id":40}
DEBUG:root:received {"dest":"n1","src":"n3","body":{"msg_id":5,"in_reply_to":7,"type":"AppendEntriesRes","res":false,"term":0},"id":41}
DEBUG:root:sending {"dest": "n2", "src": "n1", "body": {"msg_id": 10, "type": "AppendEntries", "term": 0, "prevIndex": 0, "prevTerm": 0, "entries": [["cas", [1, [4, 1]], 0], ["cas", [0, [2, 1]], 0]], "commit": 0}}
DEBUG:root:sending {"dest": "n3", "src": "n1", "body": {"msg_id": 11, "type": "AppendEntries", "term": 0, "prevIndex": 0, "prevTerm": 0, "entries": [["cas", [1, [4, 1]], 0], ["cas", [0, [2, 1]], 0]], "commit": 0}}
DEBUG:root:received {"dest":"n1","src":"n4","body":{"msg_id":5,"in_reply_to":8,"type":"AppendEntriesRes","res":false,"term":0},"id":42}
DEBUG:root:received {"dest":"n1","src":"n5","body":{"msg_id":4,"in_reply_to":9,"type":"AppendEntriesRes","res":false,"term":0},"id":43}
DEBUG:root:sending {"dest": "n4", "src": "n1", "body": {"msg_id": 12, "type": "AppendEntries", "term": 0, "prevIndex": 0, "prevTerm": 0, "entries": [["cas", [1, [4, 1]], 0], ["cas", [0, [2, 1]], 0]], "commit": 0}}
DEBUG:root:sending {"dest": "n5", "src": "n1", "body": {"msg_id": 13, "type": "AppendEntries", "term": 0, "prevIndex": 0, "prevTerm": 0, "entries": [["cas", [1, [4, 1]], 0], ["cas", [0, [2, 1]], 0]], "commit": 0}}
DEBUG:root:received {"dest":"n1","src":"n2","body":{"msg_id":7,"in_reply_to":10,"type":"AppendEntriesRes","res":true,"term":0,"next":2,"commit":0},"id":47}
DEBUG:root:received {"dest":"n1","src":"n3","body":{"msg_id":6,"in_reply_to":11,"type":"AppendEntriesRes","res":true,"term":0,"next":2,"commit":0},"id":49}
DEBUG:root:received {"dest":"n1","src":"n4","body":{"msg_id":6,"in_reply_to":12,"type":"AppendEntriesRes","res":true,"term":0,"next":2,"commit":0},"id":50}
DEBUG:root:received {"dest":"n1","src":"n5","body":{"msg_id":5,"in_reply_to":13,"type":"AppendEntriesRes","res":true,"term":0,"next":2,"commit":0},"id":51}
DEBUG:root:received {"dest":"n1","body":{"key":0,"type":"read","msg_id":1},"src":"c19","id":52}
DEBUG:root:sending {"dest": "c19", "src": "n1", "body": {"msg_id": 14, "in_reply_to": 1, "type": "error", "code": 20, "text": "Invalid Key"}}
