DEBUG:root:received {"dest":"n2","body":{"type":"init","node_id":"n2","node_ids":["n1","n2","n3","n4","n5"],"msg_id":1},"src":"c3","id":3}
INFO:root:node n2 initialized
DEBUG:root:sending {"dest": "c3", "src": "n2", "body": {"msg_id": 1, "in_reply_to": 1, "type": "init_ok"}}
DEBUG:root:received {"dest":"n2","src":"n1","body":{"msg_id":3,"type":"AppendEntries","term":0,"prevIndex":0,"prevTerm":0,"entries":[[["pass",null],0]],"commit":0},"id":11}
DEBUG:root:sending {"dest": "n1", "src": "n2", "body": {"msg_id": 2, "in_reply_to": 3, "type": "AppendEntriesRes", "res": true, "term": 0, "next": 2, "commit": 0}}
DEBUG:root:received {"dest":"n2","body":{"key":1,"from":4,"to":1,"type":"cas","msg_id":1},"src":"c10","id":20}
DEBUG:root:sending {"dest": "c10", "src": "n2", "body": {"msg_id": 3, "in_reply_to": 1, "type": "error", "code": 11, "text": "Not Leader"}}
DEBUG:root:received {"dest":"n2","body":{"key":0,"from":1,"to":4,"type":"cas","msg_id":1},"src":"c14","id":28}
DEBUG:root:sending {"dest": "c14", "src": "n2", "body": {"msg_id": 4, "in_reply_to": 1, "type": "error", "code": 11, "text": "Not Leader"}}
DEBUG:root:received {"dest":"n2","src":"n1","body":{"msg_id":8,"type":"AppendEntries","term":0,"entries":[[["write",[0,4]],0]],"prevIndex":1,"prevTerm":0,"commit":0},"id":35}
DEBUG:root:sending {"dest": "n1", "src": "n2", "body": {"msg_id": 5, "in_reply_to": 8, "type": "AppendEntriesRes", "res": true, "term": 0, "next": 3, "commit": 0}}
DEBUG:root:received {"dest":"n2","src":"n1","body":{"msg_id":12,"type":"AppendEntries","term":0,"entries":[[["write",[1,0]],0]],"prevIndex":2,"prevTerm":0,"commit":0},"id":46}
DEBUG:root:sending {"dest": "n1", "src": "n2", "body": {"msg_id": 6, "in_reply_to": 12, "type": "AppendEntriesRes", "res": true, "term": 0, "next": 4, "commit": 0}}
DEBUG:root:received {"dest":"n2","src":"n1","body":{"msg_id":16,"type":"AppendEntries","term":0,"entries":[[["write",[1,1]],0]],"prevIndex":3,"prevTerm":0,"commit":0},"id":55}
DEBUG:root:sending {"dest": "n1", "src": "n2", "body": {"msg_id": 7, "in_reply_to": 16, "type": "AppendEntriesRes", "res": true, "term": 0, "next": 5, "commit": 0}}
DEBUG:root:received {"dest":"n2","body":{"key":0,"from":0,"to":3,"type":"cas","msg_id":2},"src":"c14","id":69}
DEBUG:root:sending {"dest": "c14", "src": "n2", "body": {"msg_id": 8, "in_reply_to": 2, "type": "error", "code": 11, "text": "Not Leader"}}
DEBUG:root:received {"dest":"n2","body":{"key":1,"from":4,"to":3,"type":"cas","msg_id":2},"src":"c10","id":71}
DEBUG:root:sending {"dest": "c10", "src": "n2", "body": {"msg_id": 9, "in_reply_to": 2, "type": "error", "code": 11, "text": "Not Leader"}}
DEBUG:root:received {"dest":"n2","body":{"key":1,"from":1,"to":4,"type":"cas","msg_id":1},"src":"c20","id":73}
DEBUG:root:sending {"dest": "c20", "src": "n2", "body": {"msg_id": 10, "in_reply_to": 1, "type": "error", "code": 11, "text": "Not Leader"}}
DEBUG:root:received {"dest":"n2","body":{"key":0,"type":"read","msg_id":1},"src":"c22","id":77}
DEBUG:root:sending {"dest": "c22", "src": "n2", "body": {"msg_id": 11, "in_reply_to": 1, "type": "error", "code": 11, "text": "Not Leader"}}
DEBUG:root:received {"dest":"n2","src":"n1","body":{"msg_id":20,"type":"AppendEntries","term":0,"entries":[[["cas",[2,[1,1]]],0]],"prevIndex":4,"prevTerm":0,"commit":0},"id":82}
DEBUG:root:sending {"dest": "n1", "src": "n2", "body": {"msg_id": 12, "in_reply_to": 20, "type": "AppendEntriesRes", "res": true, "term": 0, "next": 6, "commit": 0}}
DEBUG:root:received {"dest":"n2","body":{"key":2,"value":2,"type":"write","msg_id":3},"src":"c10","id":92}
DEBUG:root:sending {"dest": "c10", "src": "n2", "body": {"msg_id": 13, "in_reply_to": 3, "type": "error", "code": 11, "text": "Not Leader"}}
DEBUG:root:received {"dest":"n2","src":"n1","body":{"msg_id":25,"type":"AppendEntries","term":0,"entries":[[["write",[0,0]],0]],"prevIndex":5,"prevTerm":0,"commit":0},"id":99}
DEBUG:root:sending {"dest": "n1", "src": "n2", "body": {"msg_id": 14, "in_reply_to": 25, "type": "AppendEntriesRes", "res": true, "term": 0, "next": 7, "commit": 0}}
DEBUG:root:received {"dest":"n2","body":{"key":2,"from":3,"to":4,"type":"cas","msg_id":4},"src":"c10","id":109}
DEBUG:root:sending {"dest": "c10", "src": "n2", "body": {"msg_id": 15, "in_reply_to": 4, "type": "error", "code": 11, "text": "Not Leader"}}
DEBUG:root:received {"dest":"n2","body":{"key":0,"type":"read","msg_id":2},"src":"c22","id":111}
DEBUG:root:sending {"dest": "c22", "src": "n2", "body": {"msg_id": 16, "in_reply_to": 2, "type": "error", "code": 11, "text": "Not Leader"}}
DEBUG:root:received {"dest":"n2","body":{"key":2,"from":4,"to":3,"type":"cas","msg_id":2},"src":"c20","id":119}
DEBUG:root:sending {"dest": "c20", "src": "n2", "body": {"msg_id": 17, "in_reply_to": 2, "type": "error", "code": 11, "text": "Not Leader"}}
DEBUG:root:received {"dest":"n2","src":"n1","body":{"msg_id":29,"type":"AppendEntries","term":0,"entries":[[["write",[0,2]],0]],"prevIndex":6,"prevTerm":0,"commit":0},"id":124}
DEBUG:root:sending {"dest": "n1", "src": "n2", "body": {"msg_id": 18, "in_reply_to": 29, "type": "AppendEntriesRes", "res": true, "term": 0, "next": 8, "commit": 0}}
DEBUG:root:received {"dest":"n2","body":{"key":3,"from":0,"to":3,"type":"cas","msg_id":5},"src":"c10","id":140}
DEBUG:root:sending {"dest": "c10", "src": "n2", "body": {"msg_id": 19, "in_reply_to": 5, "type": "error", "code": 11, "text": "Not Leader"}}
DEBUG:root:received {"dest":"n2","body":{"key":3,"from":0,"to":1,"type":"cas","msg_id":3},"src":"c20","id":142}
DEBUG:root:sending {"dest": "c20", "src": "n2", "body": {"msg_id": 20, "in_reply_to": 3, "type": "error", "code": 11, "text": "Not Leader"}}
DEBUG:root:received {"dest":"n2","src":"n1","body":{"msg_id":33,"type":"AppendEntries","term":0,"entries":[[["write",[4,2]],0]],"prevIndex":7,"prevTerm":0,"commit":0},"id":145}
DEBUG:root:sending {"dest": "n1", "src": "n2", "body": {"msg_id": 21, "in_reply_to": 33, "type": "AppendEntriesRes", "res": true, "term": 0, "next": 9, "commit": 0}}
DEBUG:root:received {"dest":"n2","body":{"key":3,"from":4,"to":4,"type":"cas","msg_id":6},"src":"c10","id":155}
DEBUG:root:sending {"dest": "c10", "src": "n2", "body": {"msg_id": 22, "in_reply_to": 6, "type": "error", "code": 11, "text": "Not Leader"}}
DEBUG:root:received {"dest":"n2","body":{"key":4,"from":2,"to":0,"type":"cas","msg_id":3},"src":"c14","id":159}
DEBUG:root:sending {"dest": "c14", "src": "n2", "body": {"msg_id": 23, "in_reply_to": 3, "type": "error", "code": 11, "text": "Not Leader"}}
DEBUG:root:received {"dest":"n2","src":"n1","body":{"msg_id":39,"type":"AppendEntries","term":0,"entries":[[["cas",[4,[0,2]]],0]],"prevIndex":8,"prevTerm":0,"commit":0},"id":168}
DEBUG:root:sending {"dest": "n1", "src": "n2", "body": {"msg_id": 24, "in_reply_to": 39, "type": "AppendEntriesRes", "res": true, "term": 0, "next": 10, "commit": 0}}
