DEBUG:root:received {"dest":"n4","body":{"type":"init","node_id":"n4","node_ids":["n1","n2","n3","n4","n5"],"msg_id":1},"src":"c4","id":4}
INFO:root:node n4 initialized
DEBUG:root:sending {"dest": "c4", "src": "n4", "body": {"msg_id": 1, "in_reply_to": 1, "type": "init_ok"}}
DEBUG:root:received {"dest":"n4","src":"n1","body":{"msg_id":5,"type":"AppendEntries","term":0,"prevIndex":0,"prevTerm":0,"entries":[[["pass",null],0]],"commit":0},"id":13}
DEBUG:root:sending {"dest": "n1", "src": "n4", "body": {"msg_id": 2, "in_reply_to": 5, "type": "AppendEntriesRes", "res": true, "term": 0, "next": 2, "commit": 0}}
DEBUG:root:received {"dest":"n4","body":{"key":1,"from":3,"to":0,"type":"cas","msg_id":1},"src":"c11","id":22}
DEBUG:root:sending {"dest": "c11", "src": "n4", "body": {"msg_id": 3, "in_reply_to": 1, "type": "error", "code": 11, "text": "Not Leader"}}
DEBUG:root:received {"dest":"n4","body":{"key":1,"from":2,"to":3,"type":"cas","msg_id":1},"src":"c15","id":30}
DEBUG:root:sending {"dest": "c15", "src": "n4", "body": {"msg_id": 4, "in_reply_to": 1, "type": "error", "code": 11, "text": "Not Leader"}}
DEBUG:root:received {"dest":"n4","src":"n1","body":{"msg_id":10,"type":"AppendEntries","term":0,"entries":[[["write",[0,4]],0]],"prevIndex":1,"prevTerm":0,"commit":0},"id":37}
DEBUG:root:sending {"dest": "n1", "src": "n4", "body": {"msg_id": 5, "in_reply_to": 10, "type": "AppendEntriesRes", "res": true, "term": 0, "next": 3, "commit": 0}}
DEBUG:root:received {"dest":"n4","body":{"key":1,"value":4,"type":"write","msg_id":2},"src":"c11","id":43}
DEBUG:root:sending {"dest": "c11", "src": "n4", "body": {"msg_id": 6, "in_reply_to": 2, "type": "error", "code": 11, "text": "Not Leader"}}
DEBUG:root:received {"dest":"n4","src":"n1","body":{"msg_id":14,"type":"AppendEntries","term":0,"entries":[[["write",[1,0]],0]],"prevIndex":2,"prevTerm":0,"commit":0},"id":48}
DEBUG:root:sending {"dest": "n1", "src": "n4", "body": {"msg_id": 7, "in_reply_to": 14, "type": "AppendEntriesRes", "res": true, "term": 0, "next": 4, "commit": 0}}
DEBUG:root:received {"dest":"n4","src":"n1","body":{"msg_id":18,"type":"AppendEntries","term":0,"entries":[[["write",[1,1]],0]],"prevIndex":3,"prevTerm":0,"commit":0},"id":57}
DEBUG:root:sending {"dest": "n1", "src": "n4", "body": {"msg_id": 8, "in_reply_to": 18, "type": "AppendEntriesRes", "res": true, "term": 0, "next": 5, "commit": 0}}
DEBUG:root:received {"dest":"n4","body":{"key":1,"from":2,"to":3,"type":"cas","msg_id":2},"src":"c15","id":63}
DEBUG:root:sending {"dest": "c15", "src": "n4", "body": {"msg_id": 9, "in_reply_to": 2, "type": "error", "code": 11, "text": "Not Leader"}}
DEBUG:root:received {"dest":"n4","body":{"key":0,"from":1,"to":3,"type":"cas","msg_id":1},"src":"c21","id":75}
DEBUG:root:sending {"dest": "c21", "src": "n4", "body": {"msg_id": 10, "in_reply_to": 1, "type": "error", "code": 11, "text": "Not Leader"}}
DEBUG:root:received {"dest":"n4","body":{"key":2,"from":4,"to":3,"type":"cas","msg_id":3},"src":"c15","id":79}
DEBUG:root:sending {"dest": "c15", "src": "n4", "body": {"msg_id": 11, "in_reply_to": 3, "type": "error", "code": 11, "text": "Not Leader"}}
DEBUG:root:received {"dest":"n4","src":"n1","body":{"msg_id":22,"type":"AppendEntries","term":0,"entries":[[["cas",[2,[1,1]]],0]],"prevIndex":4,"prevTerm":0,"commit":0},"id":84}
DEBUG:root:sending {"dest": "n1", "src": "n4", "body": {"msg_id": 12, "in_reply_to": 22, "type": "AppendEntriesRes", "res": true, "term": 0, "next": 6, "commit": 0}}
DEBUG:root:received {"dest":"n4","body":{"key":2,"from":3,"to":4,"type":"cas","msg_id":4},"src":"c15","id":96}
DEBUG:root:sending {"dest": "c15", "src": "n4", "body": {"msg_id": 13, "in_reply_to": 4, "type": "error", "code": 11, "text": "Not Leader"}}
DEBUG:root:received {"dest":"n4","src":"n1","body":{"msg_id":27,"type":"AppendEntries","term":0,"entries":[[["write",[0,0]],0]],"prevIndex":5,"prevTerm":0,"commit":0},"id":101}
DEBUG:root:sending {"dest": "n1", "src": "n4", "body": {"msg_id": 14, "in_reply_to": 27, "type": "AppendEntriesRes", "res": true, "term": 0, "next": 7, "commit": 0}}
DEBUG:root:received {"dest":"n4","body":{"key":2,"value":3,"type":"write","msg_id":3},"src":"c11","id":107}
DEBUG:root:sending {"dest": "c11", "src": "n4", "body": {"msg_id": 15, "in_reply_to": 3, "type": "error", "code": 11, "text": "Not Leader"}}
DEBUG:root:received {"dest":"n4","body":{"key":2,"from":0,"to":4,"type":"cas","msg_id":4},"src":"c11","id":121}
DEBUG:root:sending {"dest": "c11", "src": "n4", "body": {"msg_id": 16, "in_reply_to": 4, "type": "error", "code": 11, "text": "Not Leader"}}
DEBUG:root:received {"dest":"n4","src":"n1","body":{"msg_id":31,"type":"AppendEntries","term":0,"entries":[[["write",[0,2]],0]],"prevIndex":6,"prevTerm":0,"commit":0},"id":126}
DEBUG:root:sending {"dest": "n1", "src": "n4", "body": {"msg_id": 17, "in_reply_to": 31, "type": "AppendEntriesRes", "res": true, "term": 0, "next": 8, "commit": 0}}
DEBUG:root:received {"dest":"n4","body":{"key":2,"from":3,"to":1,"type":"cas","msg_id":5},"src":"c11","id":134}
DEBUG:root:sending {"dest": "c11", "src": "n4", "body": {"msg_id": 18, "in_reply_to": 5, "type": "error", "code": 11, "text": "Not Leader"}}
DEBUG:root:received {"dest":"n4","body":{"key":3,"from":0,"to":2,"type":"cas","msg_id":6},"src":"c11","id":138}
DEBUG:root:sending {"dest": "c11", "src": "n4", "body": {"msg_id": 19, "in_reply_to": 6, "type": "error", "code": 11, "text": "Not Leader"}}
DEBUG:root:received {"dest":"n4","src":"n1","body":{"msg_id":35,"type":"AppendEntries","term":0,"entries":[[["write",[4,2]],0]],"prevIndex":7,"prevTerm":0,"commit":0},"id":147}
DEBUG:root:sending {"dest": "n1", "src": "n4", "body": {"msg_id": 20, "in_reply_to": 35, "type": "AppendEntriesRes", "res": true, "term": 0, "next": 9, "commit": 0}}
DEBUG:root:received {"dest":"n4","src":"n1","body":{"msg_id":41,"type":"AppendEntries","term":0,"entries":[[["cas",[4,[0,2]]],0]],"prevIndex":8,"prevTerm":0,"commit":0},"id":170}
DEBUG:root:sending {"dest": "n1", "src": "n4", "body": {"msg_id": 21, "in_reply_to": 41, "type": "AppendEntriesRes", "res": true, "term": 0, "next": 10, "commit": 0}}
