2022-05-04 17:09:09,444{GMT}	INFO	[jepsen test runner] jepsen.core: Test version ef84be3df9f306683993c9c453ae8f789f8ef363 (plus uncommitted changes)
2022-05-04 17:09:09,445{GMT}	INFO	[jepsen test runner] jepsen.core: Command line:
lein run test --bin raft.py --workload lin-kv --time-limit 2 --concurrency 4n
2022-05-04 17:09:09,520{GMT}	INFO	[jepsen test runner] jepsen.core: Running test:
{:remote #jepsen.control.SSHRemote{:session nil}
 :log-net-send false
 :node-count nil
 :max-txn-length 4
 :concurrency 20
 :db
 #object[maelstrom.db$db$reify__16747
         "0xcf0e8b4"
         "maelstrom.db$db$reify__16747@cf0e8b4"]
 :max-writes-per-key 16
 :leave-db-running? false
 :name "lin-kv"
 :logging-json? false
 :net-journal #object[clojure.lang.Atom "0x51a7ee4e" {:status :ready, :val []}]
 :start-time
 #object[org.joda.time.DateTime "0x424c8ebe" "2022-05-04T17:09:09.000+01:00"]
 :nemesis-interval 10
 :net
 #object[maelstrom.net$jepsen_adapter$reify__15560
         "0x7aafac17"
         "maelstrom.net$jepsen_adapter$reify__15560@7aafac17"]
 :client
 #object[maelstrom.workload.lin_kv$client$reify__17524
         "0x3054551f"
         "maelstrom.workload.lin_kv$client$reify__17524@3054551f"]
 :barrier
 #object[java.util.concurrent.CyclicBarrier
         "0x6b8cfbeb"
         "java.util.concurrent.CyclicBarrier@6b8cfbeb"]
 :log-stderr false
 :pure-generators true
 :ssh {:dummy? true}
 :rate 5
 :checker
 #object[jepsen.checker$compose$reify__8612
         "0x4603845b"
         "jepsen.checker$compose$reify__8612@4603845b"]
 :argv
 ("test"
  "--bin"
  "raft.py"
  "--workload"
  "lin-kv"
  "--time-limit"
  "2"
  "--concurrency"
  "4n")
 :nemesis
 (jepsen.nemesis.ReflCompose
  {:fm {:start-partition 0,
        :stop-partition 0,
        :kill 1,
        :start 1,
        :pause 1,
        :resume 1},
   :nemeses [#unprintable "jepsen.nemesis.combined$partition_nemesis$reify__17019@414b5798"
             #unprintable "jepsen.nemesis.combined$db_nemesis$reify__17000@53251e03"]})
 :active-histories
 #object[clojure.lang.Atom "0x5ffae42f" {:status :ready, :val #{}}]
 :nodes ["n1" "n2" "n3" "n4" "n5"]
 :test-count 1
 :latency {:mean 0, :dist :constant}
 :bin "raft.py"
 :generator
 (jepsen.generator.TimeLimit
  {:limit 2000000000,
   :cutoff nil,
   :gen (jepsen.generator.Any
         {:gens [(jepsen.generator.OnThreads {:f #{:nemesis}, :gen nil})
                 (jepsen.generator.OnThreads
                  {:f #object[clojure.core$complement$fn__5654
                              "0x3eff5c32"
                              "clojure.core$complement$fn__5654@3eff5c32"],
                   :gen (jepsen.generator.Stagger
                         {:dt 400000000,
                          :next-time nil,
                          :gen (jepsen.generator.OnThreads
                                {:f #object[clojure.core$complement$fn__5654
                                            "0x79d538c1"
                                            "clojure.core$complement$fn__5654@79d538c1"],
                                 :gen (jepsen.independent.ConcurrentGenerator
                                       {:n 10,
                                        :fgen #object[jepsen.tests.linearizable_register$test$fn__17324
                                                      "0x31e08c61"
                                                      "jepsen.tests.linearizable_register$test$fn__17324@31e08c61"],
                                        :group->threads nil,
                                        :thread->group nil,
                                        :keys (0 1 2 3 4 5 6 7 ...),
                                        :gens nil})})})})]})})
 :log-net-recv false
 :os
 #object[jepsen.os$reify__2490 "0x2db15764" "jepsen.os$reify__2490@2db15764"]
 :time-limit 2
 :workload :lin-kv
 :consistency-models [:strict-serializable]
 :topology :grid}

2022-05-04 17:09:09,535{GMT}	INFO	[jepsen test runner] jepsen.db: Tearing down DB
2022-05-04 17:09:09,538{GMT}	INFO	[jepsen test runner] jepsen.db: Setting up DB
2022-05-04 17:09:09,539{GMT}	INFO	[jepsen node n4] maelstrom.db: Setting up n4
2022-05-04 17:09:09,539{GMT}	INFO	[jepsen node n3] maelstrom.db: Setting up n3
2022-05-04 17:09:09,539{GMT}	INFO	[jepsen node n5] maelstrom.db: Setting up n5
2022-05-04 17:09:09,539{GMT}	INFO	[jepsen node n3] maelstrom.process: launching raft.py nil
2022-05-04 17:09:09,539{GMT}	INFO	[jepsen node n5] maelstrom.process: launching raft.py nil
2022-05-04 17:09:09,539{GMT}	INFO	[jepsen node n2] maelstrom.db: Setting up n2
2022-05-04 17:09:09,539{GMT}	INFO	[jepsen node n4] maelstrom.process: launching raft.py nil
2022-05-04 17:09:09,540{GMT}	INFO	[jepsen node n2] maelstrom.process: launching raft.py nil
2022-05-04 17:09:09,541{GMT}	INFO	[jepsen node n1] maelstrom.service: Starting services: (lin-kv lin-tso lww-kv seq-kv)
2022-05-04 17:09:09,543{GMT}	INFO	[jepsen node n1] maelstrom.db: Setting up n1
2022-05-04 17:09:09,544{GMT}	INFO	[jepsen node n1] maelstrom.process: launching raft.py nil
2022-05-04 17:09:09,625{GMT}	INFO	[jepsen test runner] jepsen.core: Relative time begins now
2022-05-04 17:09:09,652{GMT}	INFO	[jepsen worker 10] jepsen.util: 10	:invoke	:cas	[1 [2 1]]
2022-05-04 17:09:09,656{GMT}	INFO	[jepsen worker 12] jepsen.util: 12	:invoke	:cas	[1 [3 2]]
2022-05-04 17:09:09,659{GMT}	INFO	[jepsen worker 12] jepsen.util: 12	:info	:cas	[1 [3 2]]	[:unknown "Not Leader"]
2022-05-04 17:09:09,659{GMT}	INFO	[jepsen worker 10] jepsen.util: 10	:info	:cas	[1 [2 1]]	[:unknown "Not Leader"]
2022-05-04 17:09:09,714{GMT}	INFO	[jepsen worker 12] jepsen.util: 32	:invoke	:cas	[1 [3 2]]
2022-05-04 17:09:09,716{GMT}	INFO	[jepsen worker 12] jepsen.util: 32	:info	:cas	[1 [3 2]]	[:unknown "Not Leader"]
2022-05-04 17:09:09,756{GMT}	INFO	[jepsen worker 15] jepsen.util: 15	:invoke	:write	[1 0]
2022-05-04 17:09:09,758{GMT}	INFO	[jepsen worker 15] jepsen.util: 15	:info	:write	[1 0]	[:unknown "Not Leader"]
2022-05-04 17:09:10,049{GMT}	INFO	[jepsen worker 8] jepsen.util: 8	:invoke	:cas	[0 [1 0]]
2022-05-04 17:09:10,051{GMT}	INFO	[jepsen worker 8] jepsen.util: 8	:info	:cas	[0 [1 0]]	[:unknown "Not Leader"]
2022-05-04 17:09:10,102{GMT}	INFO	[jepsen worker 7] jepsen.util: 7	:invoke	:cas	[0 [2 4]]
2022-05-04 17:09:10,105{GMT}	INFO	[jepsen worker 7] jepsen.util: 7	:info	:cas	[0 [2 4]]	[:unknown "Not Leader"]
2022-05-04 17:09:10,414{GMT}	INFO	[jepsen worker 6] jepsen.util: 6	:invoke	:cas	[0 [1 4]]
2022-05-04 17:09:10,532{GMT}	INFO	[jepsen worker 2] jepsen.util: 2	:invoke	:read	[0 nil]
2022-05-04 17:09:10,537{GMT}	INFO	[jepsen worker 2] jepsen.util: 2	:fail	:read	[0 nil]	[:unknown "Not Leader"]
2022-05-04 17:09:10,582{GMT}	INFO	[jepsen worker 11] jepsen.util: 11	:invoke	:cas	[1 [3 2]]
2022-05-04 17:09:10,845{GMT}	INFO	[jepsen worker 10] jepsen.util: 30	:invoke	:cas	[1 [3 3]]
2022-05-04 17:09:10,850{GMT}	INFO	[jepsen worker 10] jepsen.util: 30	:info	:cas	[1 [3 3]]	[:unknown "Not Leader"]
2022-05-04 17:09:11,043{GMT}	INFO	[jepsen worker 12] jepsen.util: 52	:invoke	:cas	[1 [2 3]]
2022-05-04 17:09:11,045{GMT}	INFO	[jepsen worker 12] jepsen.util: 52	:info	:cas	[1 [2 3]]	[:unknown "Not Leader"]
2022-05-04 17:09:11,243{GMT}	INFO	[jepsen worker 7] jepsen.util: 27	:invoke	:cas	[0 [1 0]]
2022-05-04 17:09:11,245{GMT}	INFO	[jepsen worker 7] jepsen.util: 27	:info	:cas	[0 [1 0]]	[:unknown "Not Leader"]
2022-05-04 17:09:11,416{GMT}	INFO	[jepsen worker 6] jepsen.util: 6	:info	:cas	[0 [1 4]]	:net-timeout
2022-05-04 17:09:11,426{GMT}	INFO	[jepsen worker 16] jepsen.util: 16	:invoke	:cas	[1 [4 3]]
2022-05-04 17:09:11,554{GMT}	INFO	[jepsen worker 14] jepsen.util: 14	:invoke	:cas	[1 [0 4]]
2022-05-04 17:09:11,559{GMT}	INFO	[jepsen worker 14] jepsen.util: 14	:info	:cas	[1 [0 4]]	[:unknown "Not Leader"]
2022-05-04 17:09:11,582{GMT}	INFO	[jepsen worker 11] jepsen.util: 11	:info	:cas	[1 [3 2]]	:net-timeout
2022-05-04 17:09:12,428{GMT}	INFO	[jepsen worker 16] jepsen.util: 16	:info	:cas	[1 [4 3]]	:net-timeout
2022-05-04 17:09:12,432{GMT}	INFO	[jepsen node n2] maelstrom.db: Tearing down n2
2022-05-04 17:09:12,432{GMT}	INFO	[jepsen node n3] maelstrom.db: Tearing down n3
2022-05-04 17:09:12,432{GMT}	INFO	[jepsen node n4] maelstrom.db: Tearing down n4
2022-05-04 17:09:12,432{GMT}	INFO	[jepsen node n5] maelstrom.db: Tearing down n5
2022-05-04 17:09:12,432{GMT}	INFO	[jepsen node n1] maelstrom.db: Tearing down n1
2022-05-04 17:09:13,548{GMT}	INFO	[jepsen test runner] jepsen.core: Run complete, writing
2022-05-04 17:09:13,612{GMT}	INFO	[jepsen test runner] jepsen.core: Analyzing...
2022-05-04 17:09:13,704{GMT}	INFO	[clojure-agent-send-pool-0] jepsen.independent: Wrote /home/peter/Documents/tf/lab3/store/lin-kv/20220504T170909.000+0100/independent/0/results.edn
2022-05-04 17:09:13,707{GMT}	INFO	[clojure-agent-send-pool-0] jepsen.independent: Wrote /home/peter/Documents/tf/lab3/store/lin-kv/20220504T170909.000+0100/independent/0/history.edn
2022-05-04 17:09:13,739{GMT}	INFO	[clojure-agent-send-pool-1] jepsen.independent: Wrote /home/peter/Documents/tf/lab3/store/lin-kv/20220504T170909.000+0100/independent/1/results.edn
2022-05-04 17:09:13,741{GMT}	INFO	[clojure-agent-send-pool-1] jepsen.independent: Wrote /home/peter/Documents/tf/lab3/store/lin-kv/20220504T170909.000+0100/independent/1/history.edn
2022-05-04 17:09:13,866{GMT}	INFO	[jepsen test runner] jepsen.core: Analysis complete
2022-05-04 17:09:13,890{GMT}	INFO	[jepsen results] jepsen.store: Wrote /home/peter/Documents/tf/lab3/store/lin-kv/20220504T170909.000+0100/results.edn
2022-05-04 17:09:13,916{GMT}	INFO	[jepsen test runner] jepsen.core: {:perf {:latency-graph {:valid? true},
        :rate-graph {:valid? true},
        :valid? true},
 :timeline {:valid? true},
 :exceptions {:valid? true},
 :stats {:valid? false,
         :count 14,
         :ok-count 0,
         :fail-count 1,
         :info-count 13,
         :by-f {:cas {:valid? false,
                      :count 12,
                      :ok-count 0,
                      :fail-count 0,
                      :info-count 12},
                :read {:valid? false,
                       :count 1,
                       :ok-count 0,
                       :fail-count 1,
                       :info-count 0},
                :write {:valid? false,
                        :count 1,
                        :ok-count 0,
                        :fail-count 0,
                        :info-count 1}}},
 :net {:stats {:all {:send-count 335,
                     :recv-count 335,
                     :msg-count 335,
                     :msgs-per-op 23.928572},
               :clients {:send-count 35,
                         :recv-count 35,
                         :msg-count 35},
               :servers {:send-count 300,
                         :recv-count 300,
                         :msg-count 300,
                         :msgs-per-op 21.428572}},
       :valid? true},
 :workload {:valid? true,
            :results {0 {:linearizable {:valid? true,
                                        :configs ({:model #knossos.model.CASRegister{:value nil},
                                                   :last-op nil,
                                                   :pending [{:process 6,
                                                              :type :invoke,
                                                              :f :cas,
                                                              :value [1
                                                                      4],
                                                              :index 12,
                                                              :time 785714045}
                                                             {:process 7,
                                                              :type :invoke,
                                                              :f :cas,
                                                              :value [2
                                                                      4],
                                                              :index 10,
                                                              :time 477214416}
                                                             {:process 8,
                                                              :type :invoke,
                                                              :f :cas,
                                                              :value [1
                                                                      0],
                                                              :index 8,
                                                              :time 423308946}
                                                             {:process 27,
                                                              :type :invoke,
                                                              :f :cas,
                                                              :value [1
                                                                      0],
                                                              :index 20,
                                                              :time 1617448765}]}),
                                        :final-paths ()},
                         :timeline {:valid? true},
                         :valid? true},
                      1 {:linearizable {:valid? true,
                                        :configs ({:model #knossos.model.CASRegister{:value nil},
                                                   :last-op nil,
                                                   :pending [{:process 10,
                                                              :type :invoke,
                                                              :f :cas,
                                                              :value [2
                                                                      1],
                                                              :index 0,
                                                              :time 14825941}
                                                             {:process 11,
                                                              :type :invoke,
                                                              :f :cas,
                                                              :value [3
                                                                      2],
                                                              :index 15,
                                                              :time 956354756}
                                                             {:process 12,
                                                              :type :invoke,
                                                              :f :cas,
                                                              :value [3
                                                                      2],
                                                              :index 1,
                                                              :time 31329682}
                                                             {:process 14,
                                                              :type :invoke,
                                                              :f :cas,
                                                              :value [0
                                                                      4],
                                                              :index 24,
                                                              :time 1927256917}
                                                             {:process 15,
                                                              :type :invoke,
                                                              :f :write,
                                                              :value 0,
                                                              :index 6,
                                                              :time 131231769}
                                                             {:process 16,
                                                              :type :invoke,
                                                              :f :cas,
                                                              :value [4
                                                                      3],
                                                              :index 23,
                                                              :time 1798177519}
                                                             {:process 30,
                                                              :type :invoke,
                                                              :f :cas,
                                                              :value [3
                                                                      3],
                                                              :index 16,
                                                              :time 1217562270}
                                                             {:process 32,
                                                              :type :invoke,
                                                              :f :cas,
                                                              :value [3
                                                                      2],
                                                              :index 4,
                                                              :time 88051590}
                                                             {:process 52,
                                                              :type :invoke,
                                                              :f :cas,
                                                              :value [2
                                                                      3],
                                                              :index 18,
                                                              :time 1417962882}]}),
                                        :final-paths ()},
                         :timeline {:valid? true},
                         :valid? true}},
            :failures []},
 :valid? false}


Analysis invalid! (ﾉಥ益ಥ）ﾉ ┻━┻
