DEBUG:root:received {"dest":"n1","body":{"type":"init","node_id":"n1","node_ids":["n1","n2","n3","n4","n5"],"msg_id":1},"src":"c3","id":3}
INFO:root:node n1 initialized
DEBUG:root:sending {"dest": "c3", "src": "n1", "body": {"msg_id": 1, "in_reply_to": 1, "type": "init_ok"}}
DEBUG:root:sending {"dest": "n1", "src": "n1", "body": {"msg_id": 2, "type": "AppendEntries", "term": 0, "prevIndex": 0, "prevTerm": 0, "entries": [[["pass", null], 0]], "commit": 0}}
DEBUG:root:sending {"dest": "n2", "src": "n1", "body": {"msg_id": 3, "type": "AppendEntries", "term": 0, "prevIndex": 0, "prevTerm": 0, "entries": [[["pass", null], 0]], "commit": 0}}
DEBUG:root:sending {"dest": "n3", "src": "n1", "body": {"msg_id": 4, "type": "AppendEntries", "term": 0, "prevIndex": 0, "prevTerm": 0, "entries": [[["pass", null], 0]], "commit": 0}}
DEBUG:root:sending {"dest": "n4", "src": "n1", "body": {"msg_id": 5, "type": "AppendEntries", "term": 0, "prevIndex": 0, "prevTerm": 0, "entries": [[["pass", null], 0]], "commit": 0}}
DEBUG:root:sending {"dest": "n5", "src": "n1", "body": {"msg_id": 6, "type": "AppendEntries", "term": 0, "prevIndex": 0, "prevTerm": 0, "entries": [[["pass", null], 0]], "commit": 0}}
DEBUG:root:received {"dest":"n1","src":"n1","body":{"msg_id":2,"type":"AppendEntries","term":0,"prevIndex":0,"prevTerm":0,"entries":[[["pass",null],0]],"commit":0},"id":10}
DEBUG:root:sending {"dest": "n1", "src": "n1", "body": {"msg_id": 7, "in_reply_to": 2, "type": "AppendEntriesRes", "res": true, "term": 0, "next": 1, "commit": 0}}
DEBUG:root:received {"dest":"n1","src":"n2","body":{"msg_id":2,"in_reply_to":3,"type":"AppendEntriesRes","res":true,"term":0,"next":1,"commit":0},"id":13}
DEBUG:root:received {"dest":"n1","src":"n3","body":{"msg_id":2,"in_reply_to":4,"type":"AppendEntriesRes","res":true,"term":0,"next":1,"commit":0},"id":14}
DEBUG:root:received {"dest":"n1","src":"n1","body":{"msg_id":7,"in_reply_to":2,"type":"AppendEntriesRes","res":true,"term":0,"next":1,"commit":0},"id":17}
DEBUG:root:received {"dest":"n1","src":"n4","body":{"msg_id":2,"in_reply_to":5,"type":"AppendEntriesRes","res":true,"term":0,"next":1,"commit":0},"id":18}
DEBUG:root:received {"dest":"n1","src":"n5","body":{"msg_id":2,"in_reply_to":6,"type":"AppendEntriesRes","res":true,"term":0,"next":1,"commit":0},"id":19}
DEBUG:root:sending {"dest": "n1", "src": "n1", "body": {"msg_id": 8, "type": "AppendEntries", "term": 0, "prevIndex": 0, "prevTerm": 0, "entries": [[["pass", null], 0]], "commit": 0}}
DEBUG:root:sending {"dest": "n2", "src": "n1", "body": {"msg_id": 9, "type": "AppendEntries", "term": 0, "prevIndex": 0, "prevTerm": 0, "entries": [[["pass", null], 0]], "commit": 0}}
DEBUG:root:sending {"dest": "n3", "src": "n1", "body": {"msg_id": 10, "type": "AppendEntries", "term": 0, "prevIndex": 0, "prevTerm": 0, "entries": [[["pass", null], 0]], "commit": 0}}
DEBUG:root:sending {"dest": "n4", "src": "n1", "body": {"msg_id": 11, "type": "AppendEntries", "term": 0, "prevIndex": 0, "prevTerm": 0, "entries": [[["pass", null], 0]], "commit": 0}}
DEBUG:root:sending {"dest": "n5", "src": "n1", "body": {"msg_id": 12, "type": "AppendEntries", "term": 0, "prevIndex": 0, "prevTerm": 0, "entries": [[["pass", null], 0]], "commit": 0}}
DEBUG:root:received {"dest":"n1","src":"n1","body":{"msg_id":8,"type":"AppendEntries","term":0,"prevIndex":0,"prevTerm":0,"entries":[[["pass",null],0]],"commit":0},"id":24}
DEBUG:root:sending {"dest": "n1", "src": "n1", "body": {"msg_id": 13, "in_reply_to": 8, "type": "AppendEntriesRes", "res": true, "term": 0, "next": 1, "commit": 0}}
DEBUG:root:received {"dest":"n1","src":"n2","body":{"msg_id":4,"in_reply_to":9,"type":"AppendEntriesRes","res":true,"term":0,"next":1,"commit":0},"id":28}
DEBUG:root:received {"dest":"n1","src":"n3","body":{"msg_id":3,"in_reply_to":10,"type":"AppendEntriesRes","res":true,"term":0,"next":1,"commit":0},"id":29}
DEBUG:root:received {"dest":"n1","src":"n4","body":{"msg_id":3,"in_reply_to":11,"type":"AppendEntriesRes","res":true,"term":0,"next":1,"commit":0},"id":31}
DEBUG:root:received {"dest":"n1","src":"n1","body":{"msg_id":13,"in_reply_to":8,"type":"AppendEntriesRes","res":true,"term":0,"next":1,"commit":0},"id":32}
DEBUG:root:received {"dest":"n1","src":"n5","body":{"msg_id":4,"in_reply_to":12,"type":"AppendEntriesRes","res":true,"term":0,"next":1,"commit":0},"id":33}
DEBUG:root:received {"dest":"n1","body":{"key":1,"from":3,"to":3,"type":"cas","msg_id":1},"src":"c12","id":34}
DEBUG:root:sending {"dest": "n2", "src": "n1", "body": {"msg_id": 14, "type": "AppendEntries", "term": 0, "entries": [[["cas", [1, [3, 3]]], 0]], "prevIndex": 0, "prevTerm": 0, "commit": 0}}
DEBUG:root:sending {"dest": "n3", "src": "n1", "body": {"msg_id": 15, "type": "AppendEntries", "term": 0, "entries": [[["cas", [1, [3, 3]]], 0]], "prevIndex": 0, "prevTerm": 0, "commit": 0}}
DEBUG:root:sending {"dest": "n4", "src": "n1", "body": {"msg_id": 16, "type": "AppendEntries", "term": 0, "entries": [[["cas", [1, [3, 3]]], 0]], "prevIndex": 0, "prevTerm": 0, "commit": 0}}
DEBUG:root:sending {"dest": "n5", "src": "n1", "body": {"msg_id": 17, "type": "AppendEntries", "term": 0, "entries": [[["cas", [1, [3, 3]]], 0]], "prevIndex": 0, "prevTerm": 0, "commit": 0}}
DEBUG:root:received {"dest":"n1","src":"n2","body":{"msg_id":5,"in_reply_to":14,"type":"AppendEntriesRes","res":true,"term":0,"next":1,"commit":0},"id":38}
DEBUG:root:received {"dest":"n1","src":"n3","body":{"msg_id":4,"in_reply_to":15,"type":"AppendEntriesRes","res":true,"term":0,"next":1,"commit":0},"id":40}
DEBUG:root:received {"dest":"n1","src":"n4","body":{"msg_id":4,"in_reply_to":16,"type":"AppendEntriesRes","res":true,"term":0,"next":1,"commit":0},"id":41}
DEBUG:root:received {"dest":"n1","src":"n5","body":{"msg_id":5,"in_reply_to":17,"type":"AppendEntriesRes","res":true,"term":0,"next":1,"commit":0},"id":42}
DEBUG:root:sending {"dest": "n1", "src": "n1", "body": {"msg_id": 18, "type": "AppendEntries", "term": 0, "prevIndex": 0, "prevTerm": 0, "entries": [[["pass", null], 0], [["cas", [1, [3, 3]]], 0]], "commit": 0}}
DEBUG:root:sending {"dest": "n2", "src": "n1", "body": {"msg_id": 19, "type": "AppendEntries", "term": 0, "prevIndex": 0, "prevTerm": 0, "entries": [[["pass", null], 0], [["cas", [1, [3, 3]]], 0]], "commit": 0}}
DEBUG:root:sending {"dest": "n3", "src": "n1", "body": {"msg_id": 20, "type": "AppendEntries", "term": 0, "prevIndex": 0, "prevTerm": 0, "entries": [[["pass", null], 0], [["cas", [1, [3, 3]]], 0]], "commit": 0}}
DEBUG:root:sending {"dest": "n4", "src": "n1", "body": {"msg_id": 21, "type": "AppendEntries", "term": 0, "prevIndex": 0, "prevTerm": 0, "entries": [[["pass", null], 0], [["cas", [1, [3, 3]]], 0]], "commit": 0}}
DEBUG:root:sending {"dest": "n5", "src": "n1", "body": {"msg_id": 22, "type": "AppendEntries", "term": 0, "prevIndex": 0, "prevTerm": 0, "entries": [[["pass", null], 0], [["cas", [1, [3, 3]]], 0]], "commit": 0}}
DEBUG:root:received {"dest":"n1","src":"n1","body":{"msg_id":18,"type":"AppendEntries","term":0,"prevIndex":0,"prevTerm":0,"entries":[[["pass",null],0],[["cas",[1,[3,3]]],0]],"commit":0},"id":43}
DEBUG:root:sending {"dest": "n1", "src": "n1", "body": {"msg_id": 23, "in_reply_to": 18, "type": "AppendEntriesRes", "res": true, "term": 0, "next": 2, "commit": 0}}
DEBUG:root:received {"dest":"n1","src":"n2","body":{"msg_id":6,"in_reply_to":19,"type":"AppendEntriesRes","res":true,"term":0,"next":1,"commit":0},"id":47}
DEBUG:root:received {"dest":"n1","src":"n3","body":{"msg_id":5,"in_reply_to":20,"type":"AppendEntriesRes","res":true,"term":0,"next":1,"commit":0},"id":48}
DEBUG:root:received {"dest":"n1","src":"n4","body":{"msg_id":5,"in_reply_to":21,"type":"AppendEntriesRes","res":true,"term":0,"next":1,"commit":0},"id":50}
DEBUG:root:received {"dest":"n1","src":"n1","body":{"msg_id":23,"in_reply_to":18,"type":"AppendEntriesRes","res":true,"term":0,"next":2,"commit":0},"id":51}
DEBUG:root:received {"dest":"n1","src":"n5","body":{"msg_id":6,"in_reply_to":22,"type":"AppendEntriesRes","res":true,"term":0,"next":1,"commit":0},"id":52}
DEBUG:root:sending {"dest": "n1", "src": "n1", "body": {"msg_id": 24, "type": "AppendEntries", "term": 0, "prevIndex": 1, "prevTerm": 0, "entries": [[["pass", null], 0], [["cas", [1, [3, 3]]], 0]], "commit": 0}}
DEBUG:root:sending {"dest": "n2", "src": "n1", "body": {"msg_id": 25, "type": "AppendEntries", "term": 0, "prevIndex": 0, "prevTerm": 0, "entries": [[["pass", null], 0], [["cas", [1, [3, 3]]], 0]], "commit": 0}}
DEBUG:root:sending {"dest": "n3", "src": "n1", "body": {"msg_id": 26, "type": "AppendEntries", "term": 0, "prevIndex": 0, "prevTerm": 0, "entries": [[["pass", null], 0], [["cas", [1, [3, 3]]], 0]], "commit": 0}}
DEBUG:root:sending {"dest": "n4", "src": "n1", "body": {"msg_id": 27, "type": "AppendEntries", "term": 0, "prevIndex": 0, "prevTerm": 0, "entries": [[["pass", null], 0], [["cas", [1, [3, 3]]], 0]], "commit": 0}}
DEBUG:root:sending {"dest": "n5", "src": "n1", "body": {"msg_id": 28, "type": "AppendEntries", "term": 0, "prevIndex": 0, "prevTerm": 0, "entries": [[["pass", null], 0], [["cas", [1, [3, 3]]], 0]], "commit": 0}}
DEBUG:root:received {"dest":"n1","src":"n1","body":{"msg_id":24,"type":"AppendEntries","term":0,"prevIndex":1,"prevTerm":0,"entries":[[["pass",null],0],[["cas",[1,[3,3]]],0]],"commit":0},"id":59}
DEBUG:root:sending {"dest": "n1", "src": "n1", "body": {"msg_id": 29, "in_reply_to": 24, "type": "AppendEntriesRes", "res": true, "term": 0, "next": 2, "commit": 0}}
DEBUG:root:received {"dest":"n1","src":"n2","body":{"msg_id":8,"in_reply_to":25,"type":"AppendEntriesRes","res":true,"term":0,"next":1,"commit":0},"id":63}
DEBUG:root:received {"dest":"n1","src":"n1","body":{"msg_id":29,"in_reply_to":24,"type":"AppendEntriesRes","res":true,"term":0,"next":2,"commit":0},"id":65}
DEBUG:root:received {"dest":"n1","src":"n3","body":{"msg_id":7,"in_reply_to":26,"type":"AppendEntriesRes","res":true,"term":0,"next":1,"commit":0},"id":66}
DEBUG:root:received {"dest":"n1","src":"n4","body":{"msg_id":7,"in_reply_to":27,"type":"AppendEntriesRes","res":true,"term":0,"next":1,"commit":0},"id":67}
DEBUG:root:received {"dest":"n1","src":"n5","body":{"msg_id":7,"in_reply_to":28,"type":"AppendEntriesRes","res":true,"term":0,"next":1,"commit":0},"id":68}
DEBUG:root:sending {"dest": "n1", "src": "n1", "body": {"msg_id": 30, "type": "AppendEntries", "term": 0, "prevIndex": 1, "prevTerm": 0, "entries": [[["pass", null], 0], [["cas", [1, [3, 3]]], 0]], "commit": 0}}
DEBUG:root:sending {"dest": "n2", "src": "n1", "body": {"msg_id": 31, "type": "AppendEntries", "term": 0, "prevIndex": 0, "prevTerm": 0, "entries": [[["pass", null], 0], [["cas", [1, [3, 3]]], 0]], "commit": 0}}
DEBUG:root:sending {"dest": "n3", "src": "n1", "body": {"msg_id": 32, "type": "AppendEntries", "term": 0, "prevIndex": 0, "prevTerm": 0, "entries": [[["pass", null], 0], [["cas", [1, [3, 3]]], 0]], "commit": 0}}
DEBUG:root:sending {"dest": "n4", "src": "n1", "body": {"msg_id": 33, "type": "AppendEntries", "term": 0, "prevIndex": 0, "prevTerm": 0, "entries": [[["pass", null], 0], [["cas", [1, [3, 3]]], 0]], "commit": 0}}
DEBUG:root:sending {"dest": "n5", "src": "n1", "body": {"msg_id": 34, "type": "AppendEntries", "term": 0, "prevIndex": 0, "prevTerm": 0, "entries": [[["pass", null], 0], [["cas", [1, [3, 3]]], 0]], "commit": 0}}
DEBUG:root:received {"dest":"n1","src":"n1","body":{"msg_id":30,"type":"AppendEntries","term":0,"prevIndex":1,"prevTerm":0,"entries":[[["pass",null],0],[["cas",[1,[3,3]]],0]],"commit":0},"id":71}
DEBUG:root:sending {"dest": "n1", "src": "n1", "body": {"msg_id": 35, "in_reply_to": 30, "type": "AppendEntriesRes", "res": true, "term": 0, "next": 2, "commit": 0}}
DEBUG:root:received {"dest":"n1","src":"n2","body":{"msg_id":9,"in_reply_to":31,"type":"AppendEntriesRes","res":true,"term":0,"next":1,"commit":0},"id":75}
DEBUG:root:received {"dest":"n1","src":"n3","body":{"msg_id":9,"in_reply_to":32,"type":"AppendEntriesRes","res":true,"term":0,"next":1,"commit":0},"id":76}
DEBUG:root:received {"dest":"n1","src":"n1","body":{"msg_id":35,"in_reply_to":30,"type":"AppendEntriesRes","res":true,"term":0,"next":2,"commit":0},"id":78}
DEBUG:root:received {"dest":"n1","src":"n5","body":{"msg_id":8,"in_reply_to":34,"type":"AppendEntriesRes","res":true,"term":0,"next":1,"commit":0},"id":79}
DEBUG:root:received {"dest":"n1","src":"n4","body":{"msg_id":8,"in_reply_to":33,"type":"AppendEntriesRes","res":true,"term":0,"next":1,"commit":0},"id":80}
DEBUG:root:sending {"dest": "n1", "src": "n1", "body": {"msg_id": 36, "type": "AppendEntries", "term": 0, "prevIndex": 1, "prevTerm": 0, "entries": [[["pass", null], 0], [["cas", [1, [3, 3]]], 0]], "commit": 0}}
DEBUG:root:sending {"dest": "n2", "src": "n1", "body": {"msg_id": 37, "type": "AppendEntries", "term": 0, "prevIndex": 0, "prevTerm": 0, "entries": [[["pass", null], 0], [["cas", [1, [3, 3]]], 0]], "commit": 0}}
DEBUG:root:sending {"dest": "n3", "src": "n1", "body": {"msg_id": 38, "type": "AppendEntries", "term": 0, "prevIndex": 0, "prevTerm": 0, "entries": [[["pass", null], 0], [["cas", [1, [3, 3]]], 0]], "commit": 0}}
DEBUG:root:sending {"dest": "n4", "src": "n1", "body": {"msg_id": 39, "type": "AppendEntries", "term": 0, "prevIndex": 0, "prevTerm": 0, "entries": [[["pass", null], 0], [["cas", [1, [3, 3]]], 0]], "commit": 0}}
DEBUG:root:sending {"dest": "n5", "src": "n1", "body": {"msg_id": 40, "type": "AppendEntries", "term": 0, "prevIndex": 0, "prevTerm": 0, "entries": [[["pass", null], 0], [["cas", [1, [3, 3]]], 0]], "commit": 0}}
DEBUG:root:received {"dest":"n1","src":"n1","body":{"msg_id":36,"type":"AppendEntries","term":0,"prevIndex":1,"prevTerm":0,"entries":[[["pass",null],0],[["cas",[1,[3,3]]],0]],"commit":0},"id":85}
DEBUG:root:sending {"dest": "n1", "src": "n1", "body": {"msg_id": 41, "in_reply_to": 36, "type": "AppendEntriesRes", "res": true, "term": 0, "next": 2, "commit": 0}}
DEBUG:root:received {"dest":"n1","src":"n2","body":{"msg_id":10,"in_reply_to":37,"type":"AppendEntriesRes","res":true,"term":0,"next":1,"commit":0},"id":89}
DEBUG:root:received {"dest":"n1","src":"n3","body":{"msg_id":11,"in_reply_to":38,"type":"AppendEntriesRes","res":true,"term":0,"next":1,"commit":0},"id":90}
DEBUG:root:received {"dest":"n1","src":"n1","body":{"msg_id":41,"in_reply_to":36,"type":"AppendEntriesRes","res":true,"term":0,"next":2,"commit":0},"id":92}
DEBUG:root:received {"dest":"n1","src":"n5","body":{"msg_id":9,"in_reply_to":40,"type":"AppendEntriesRes","res":true,"term":0,"next":1,"commit":0},"id":93}
DEBUG:root:received {"dest":"n1","src":"n4","body":{"msg_id":10,"in_reply_to":39,"type":"AppendEntriesRes","res":true,"term":0,"next":1,"commit":0},"id":94}
DEBUG:root:sending {"dest": "n1", "src": "n1", "body": {"msg_id": 42, "type": "AppendEntries", "term": 0, "prevIndex": 1, "prevTerm": 0, "entries": [[["pass", null], 0], [["cas", [1, [3, 3]]], 0]], "commit": 0}}
DEBUG:root:sending {"dest": "n2", "src": "n1", "body": {"msg_id": 43, "type": "AppendEntries", "term": 0, "prevIndex": 0, "prevTerm": 0, "entries": [[["pass", null], 0], [["cas", [1, [3, 3]]], 0]], "commit": 0}}
DEBUG:root:sending {"dest": "n3", "src": "n1", "body": {"msg_id": 44, "type": "AppendEntries", "term": 0, "prevIndex": 0, "prevTerm": 0, "entries": [[["pass", null], 0], [["cas", [1, [3, 3]]], 0]], "commit": 0}}
DEBUG:root:sending {"dest": "n4", "src": "n1", "body": {"msg_id": 45, "type": "AppendEntries", "term": 0, "prevIndex": 0, "prevTerm": 0, "entries": [[["pass", null], 0], [["cas", [1, [3, 3]]], 0]], "commit": 0}}
DEBUG:root:sending {"dest": "n5", "src": "n1", "body": {"msg_id": 46, "type": "AppendEntries", "term": 0, "prevIndex": 0, "prevTerm": 0, "entries": [[["pass", null], 0], [["cas", [1, [3, 3]]], 0]], "commit": 0}}
DEBUG:root:received {"dest":"n1","src":"n1","body":{"msg_id":42,"type":"AppendEntries","term":0,"prevIndex":1,"prevTerm":0,"entries":[[["pass",null],0],[["cas",[1,[3,3]]],0]],"commit":0},"id":97}
DEBUG:root:sending {"dest": "n1", "src": "n1", "body": {"msg_id": 47, "in_reply_to": 42, "type": "AppendEntriesRes", "res": true, "term": 0, "next": 2, "commit": 0}}
DEBUG:root:received {"dest":"n1","src":"n2","body":{"msg_id":11,"in_reply_to":43,"type":"AppendEntriesRes","res":true,"term":0,"next":1,"commit":0},"id":101}
DEBUG:root:received {"dest":"n1","src":"n3","body":{"msg_id":12,"in_reply_to":44,"type":"AppendEntriesRes","res":true,"term":0,"next":1,"commit":0},"id":103}
DEBUG:root:received {"dest":"n1","src":"n1","body":{"msg_id":47,"in_reply_to":42,"type":"AppendEntriesRes","res":true,"term":0,"next":2,"commit":0},"id":104}
DEBUG:root:received {"dest":"n1","src":"n4","body":{"msg_id":11,"in_reply_to":45,"type":"AppendEntriesRes","res":true,"term":0,"next":1,"commit":0},"id":105}
DEBUG:root:received {"dest":"n1","src":"n5","body":{"msg_id":11,"in_reply_to":46,"type":"AppendEntriesRes","res":true,"term":0,"next":1,"commit":0},"id":106}
DEBUG:root:received {"dest":"n1","body":{"key":1,"from":1,"to":2,"type":"cas","msg_id":2},"src":"c12","id":107}
DEBUG:root:sending {"dest": "n2", "src": "n1", "body": {"msg_id": 48, "type": "AppendEntries", "term": 0, "entries": [[["cas", [1, [3, 3]]], 0], [["cas", [1, [1, 2]]], 0]], "prevIndex": 0, "prevTerm": 0, "commit": 0}}
DEBUG:root:sending {"dest": "n3", "src": "n1", "body": {"msg_id": 49, "type": "AppendEntries", "term": 0, "entries": [[["cas", [1, [3, 3]]], 0], [["cas", [1, [1, 2]]], 0]], "prevIndex": 0, "prevTerm": 0, "commit": 0}}
DEBUG:root:sending {"dest": "n4", "src": "n1", "body": {"msg_id": 50, "type": "AppendEntries", "term": 0, "entries": [[["cas", [1, [3, 3]]], 0], [["cas", [1, [1, 2]]], 0]], "prevIndex": 0, "prevTerm": 0, "commit": 0}}
DEBUG:root:sending {"dest": "n5", "src": "n1", "body": {"msg_id": 51, "type": "AppendEntries", "term": 0, "entries": [[["cas", [1, [3, 3]]], 0], [["cas", [1, [1, 2]]], 0]], "prevIndex": 0, "prevTerm": 0, "commit": 0}}
DEBUG:root:received {"dest":"n1","src":"n2","body":{"msg_id":12,"in_reply_to":48,"type":"AppendEntriesRes","res":true,"term":0,"next":1,"commit":0},"id":112}
DEBUG:root:received {"dest":"n1","src":"n3","body":{"msg_id":13,"in_reply_to":49,"type":"AppendEntriesRes","res":true,"term":0,"next":1,"commit":0},"id":113}
DEBUG:root:received {"dest":"n1","src":"n4","body":{"msg_id":12,"in_reply_to":50,"type":"AppendEntriesRes","res":true,"term":0,"next":1,"commit":0},"id":114}
DEBUG:root:received {"dest":"n1","src":"n5","body":{"msg_id":12,"in_reply_to":51,"type":"AppendEntriesRes","res":true,"term":0,"next":1,"commit":0},"id":115}
DEBUG:root:sending {"dest": "n1", "src": "n1", "body": {"msg_id": 52, "type": "AppendEntries", "term": 0, "prevIndex": 1, "prevTerm": 0, "entries": [[["pass", null], 0], [["cas", [1, [3, 3]]], 0], [["cas", [1, [1, 2]]], 0]], "commit": 0}}
DEBUG:root:sending {"dest": "n2", "src": "n1", "body": {"msg_id": 53, "type": "AppendEntries", "term": 0, "prevIndex": 0, "prevTerm": 0, "entries": [[["pass", null], 0], [["cas", [1, [3, 3]]], 0], [["cas", [1, [1, 2]]], 0]], "commit": 0}}
DEBUG:root:sending {"dest": "n3", "src": "n1", "body": {"msg_id": 54, "type": "AppendEntries", "term": 0, "prevIndex": 0, "prevTerm": 0, "entries": [[["pass", null], 0], [["cas", [1, [3, 3]]], 0], [["cas", [1, [1, 2]]], 0]], "commit": 0}}
DEBUG:root:sending {"dest": "n4", "src": "n1", "body": {"msg_id": 55, "type": "AppendEntries", "term": 0, "prevIndex": 0, "prevTerm": 0, "entries": [[["pass", null], 0], [["cas", [1, [3, 3]]], 0], [["cas", [1, [1, 2]]], 0]], "commit": 0}}
DEBUG:root:sending {"dest": "n5", "src": "n1", "body": {"msg_id": 56, "type": "AppendEntries", "term": 0, "prevIndex": 0, "prevTerm": 0, "entries": [[["pass", null], 0], [["cas", [1, [3, 3]]], 0], [["cas", [1, [1, 2]]], 0]], "commit": 0}}
DEBUG:root:received {"dest":"n1","src":"n1","body":{"msg_id":52,"type":"AppendEntries","term":0,"prevIndex":1,"prevTerm":0,"entries":[[["pass",null],0],[["cas",[1,[3,3]]],0],[["cas",[1,[1,2]]],0]],"commit":0},"id":116}
DEBUG:root:sending {"dest": "n1", "src": "n1", "body": {"msg_id": 57, "in_reply_to": 52, "type": "AppendEntriesRes", "res": true, "term": 0, "next": 3, "commit": 0}}
DEBUG:root:received {"dest":"n1","src":"n2","body":{"msg_id":13,"in_reply_to":53,"type":"AppendEntriesRes","res":true,"term":0,"next":1,"commit":0},"id":121}
DEBUG:root:received {"dest":"n1","src":"n3","body":{"msg_id":14,"in_reply_to":54,"type":"AppendEntriesRes","res":true,"term":0,"next":1,"commit":0},"id":122}
DEBUG:root:received {"dest":"n1","src":"n1","body":{"msg_id":57,"in_reply_to":52,"type":"AppendEntriesRes","res":true,"term":0,"next":3,"commit":0},"id":123}
DEBUG:root:received {"dest":"n1","src":"n4","body":{"msg_id":13,"in_reply_to":55,"type":"AppendEntriesRes","res":true,"term":0,"next":1,"commit":0},"id":124}
DEBUG:root:received {"dest":"n1","src":"n5","body":{"msg_id":13,"in_reply_to":56,"type":"AppendEntriesRes","res":true,"term":0,"next":1,"commit":0},"id":125}
DEBUG:root:received {"dest":"n1","body":{"key":0,"from":0,"to":0,"type":"cas","msg_id":1},"src":"c20","id":126}
DEBUG:root:sending {"dest": "n2", "src": "n1", "body": {"msg_id": 58, "type": "AppendEntries", "term": 0, "entries": [[["cas", [1, [3, 3]]], 0], [["cas", [1, [1, 2]]], 0], [["cas", [0, [0, 0]]], 0]], "prevIndex": 0, "prevTerm": 0, "commit": 0}}
DEBUG:root:sending {"dest": "n3", "src": "n1", "body": {"msg_id": 59, "type": "AppendEntries", "term": 0, "entries": [[["cas", [1, [3, 3]]], 0], [["cas", [1, [1, 2]]], 0], [["cas", [0, [0, 0]]], 0]], "prevIndex": 0, "prevTerm": 0, "commit": 0}}
DEBUG:root:sending {"dest": "n4", "src": "n1", "body": {"msg_id": 60, "type": "AppendEntries", "term": 0, "entries": [[["cas", [1, [3, 3]]], 0], [["cas", [1, [1, 2]]], 0], [["cas", [0, [0, 0]]], 0]], "prevIndex": 0, "prevTerm": 0, "commit": 0}}
DEBUG:root:sending {"dest": "n5", "src": "n1", "body": {"msg_id": 61, "type": "AppendEntries", "term": 0, "entries": [[["cas", [1, [3, 3]]], 0], [["cas", [1, [1, 2]]], 0], [["cas", [0, [0, 0]]], 0]], "prevIndex": 0, "prevTerm": 0, "commit": 0}}
DEBUG:root:received {"dest":"n1","src":"n2","body":{"msg_id":14,"in_reply_to":58,"type":"AppendEntriesRes","res":true,"term":0,"next":1,"commit":0},"id":130}
DEBUG:root:received {"dest":"n1","src":"n3","body":{"msg_id":15,"in_reply_to":59,"type":"AppendEntriesRes","res":true,"term":0,"next":1,"commit":0},"id":132}
DEBUG:root:received {"dest":"n1","src":"n5","body":{"msg_id":14,"in_reply_to":61,"type":"AppendEntriesRes","res":true,"term":0,"next":1,"commit":0},"id":133}
DEBUG:root:received {"dest":"n1","src":"n4","body":{"msg_id":14,"in_reply_to":60,"type":"AppendEntriesRes","res":true,"term":0,"next":1,"commit":0},"id":134}
DEBUG:root:sending {"dest": "n1", "src": "n1", "body": {"msg_id": 62, "type": "AppendEntries", "term": 0, "prevIndex": 2, "prevTerm": 0, "entries": [[["pass", null], 0], [["cas", [1, [3, 3]]], 0], [["cas", [1, [1, 2]]], 0], [["cas", [0, [0, 0]]], 0]], "commit": 0}}
DEBUG:root:sending {"dest": "n2", "src": "n1", "body": {"msg_id": 63, "type": "AppendEntries", "term": 0, "prevIndex": 0, "prevTerm": 0, "entries": [[["pass", null], 0], [["cas", [1, [3, 3]]], 0], [["cas", [1, [1, 2]]], 0], [["cas", [0, [0, 0]]], 0]], "commit": 0}}
DEBUG:root:sending {"dest": "n3", "src": "n1", "body": {"msg_id": 64, "type": "AppendEntries", "term": 0, "prevIndex": 0, "prevTerm": 0, "entries": [[["pass", null], 0], [["cas", [1, [3, 3]]], 0], [["cas", [1, [1, 2]]], 0], [["cas", [0, [0, 0]]], 0]], "commit": 0}}
DEBUG:root:sending {"dest": "n4", "src": "n1", "body": {"msg_id": 65, "type": "AppendEntries", "term": 0, "prevIndex": 0, "prevTerm": 0, "entries": [[["pass", null], 0], [["cas", [1, [3, 3]]], 0], [["cas", [1, [1, 2]]], 0], [["cas", [0, [0, 0]]], 0]], "commit": 0}}
DEBUG:root:sending {"dest": "n5", "src": "n1", "body": {"msg_id": 66, "type": "AppendEntries", "term": 0, "prevIndex": 0, "prevTerm": 0, "entries": [[["pass", null], 0], [["cas", [1, [3, 3]]], 0], [["cas", [1, [1, 2]]], 0], [["cas", [0, [0, 0]]], 0]], "commit": 0}}
DEBUG:root:received {"dest":"n1","src":"n1","body":{"msg_id":62,"type":"AppendEntries","term":0,"prevIndex":2,"prevTerm":0,"entries":[[["pass",null],0],[["cas",[1,[3,3]]],0],[["cas",[1,[1,2]]],0],[["cas",[0,[0,0]]],0]],"commit":0},"id":137}
DEBUG:root:sending {"dest": "n1", "src": "n1", "body": {"msg_id": 67, "in_reply_to": 62, "type": "AppendEntriesRes", "res": true, "term": 0, "next": 4, "commit": 0}}
DEBUG:root:received {"dest":"n1","src":"n1","body":{"msg_id":67,"in_reply_to":62,"type":"AppendEntriesRes","res":true,"term":0,"next":4,"commit":0},"id":142}
DEBUG:root:received {"dest":"n1","src":"n2","body":{"msg_id":15,"in_reply_to":63,"type":"AppendEntriesRes","res":true,"term":0,"next":1,"commit":0},"id":143}
DEBUG:root:received {"dest":"n1","src":"n4","body":{"msg_id":15,"in_reply_to":65,"type":"AppendEntriesRes","res":true,"term":0,"next":1,"commit":0},"id":144}
DEBUG:root:received {"dest":"n1","src":"n3","body":{"msg_id":16,"in_reply_to":64,"type":"AppendEntriesRes","res":true,"term":0,"next":1,"commit":0},"id":145}
DEBUG:root:received {"dest":"n1","src":"n5","body":{"msg_id":16,"in_reply_to":66,"type":"AppendEntriesRes","res":true,"term":0,"next":1,"commit":0},"id":146}
DEBUG:root:sending {"dest": "n1", "src": "n1", "body": {"msg_id": 68, "type": "AppendEntries", "term": 0, "prevIndex": 3, "prevTerm": 0, "entries": [[["pass", null], 0], [["cas", [1, [3, 3]]], 0], [["cas", [1, [1, 2]]], 0], [["cas", [0, [0, 0]]], 0]], "commit": 0}}
DEBUG:root:sending {"dest": "n2", "src": "n1", "body": {"msg_id": 69, "type": "AppendEntries", "term": 0, "prevIndex": 0, "prevTerm": 0, "entries": [[["pass", null], 0], [["cas", [1, [3, 3]]], 0], [["cas", [1, [1, 2]]], 0], [["cas", [0, [0, 0]]], 0]], "commit": 0}}
DEBUG:root:sending {"dest": "n3", "src": "n1", "body": {"msg_id": 70, "type": "AppendEntries", "term": 0, "prevIndex": 0, "prevTerm": 0, "entries": [[["pass", null], 0], [["cas", [1, [3, 3]]], 0], [["cas", [1, [1, 2]]], 0], [["cas", [0, [0, 0]]], 0]], "commit": 0}}
DEBUG:root:sending {"dest": "n4", "src": "n1", "body": {"msg_id": 71, "type": "AppendEntries", "term": 0, "prevIndex": 0, "prevTerm": 0, "entries": [[["pass", null], 0], [["cas", [1, [3, 3]]], 0], [["cas", [1, [1, 2]]], 0], [["cas", [0, [0, 0]]], 0]], "commit": 0}}
DEBUG:root:sending {"dest": "n5", "src": "n1", "body": {"msg_id": 72, "type": "AppendEntries", "term": 0, "prevIndex": 0, "prevTerm": 0, "entries": [[["pass", null], 0], [["cas", [1, [3, 3]]], 0], [["cas", [1, [1, 2]]], 0], [["cas", [0, [0, 0]]], 0]], "commit": 0}}
DEBUG:root:received {"dest":"n1","src":"n1","body":{"msg_id":68,"type":"AppendEntries","term":0,"prevIndex":3,"prevTerm":0,"entries":[[["pass",null],0],[["cas",[1,[3,3]]],0],[["cas",[1,[1,2]]],0],[["cas",[0,[0,0]]],0]],"commit":0},"id":149}
DEBUG:root:sending {"dest": "n1", "src": "n1", "body": {"msg_id": 73, "in_reply_to": 68, "type": "AppendEntriesRes", "res": true, "term": 0, "next": 4, "commit": 0}}
DEBUG:root:received {"dest":"n1","src":"n2","body":{"msg_id":16,"in_reply_to":69,"type":"AppendEntriesRes","res":true,"term":0,"next":1,"commit":0},"id":154}
DEBUG:root:received {"dest":"n1","src":"n3","body":{"msg_id":17,"in_reply_to":70,"type":"AppendEntriesRes","res":true,"term":0,"next":1,"commit":0},"id":155}
DEBUG:root:received {"dest":"n1","src":"n1","body":{"msg_id":73,"in_reply_to":68,"type":"AppendEntriesRes","res":true,"term":0,"next":4,"commit":0},"id":156}
DEBUG:root:received {"dest":"n1","src":"n4","body":{"msg_id":17,"in_reply_to":71,"type":"AppendEntriesRes","res":true,"term":0,"next":1,"commit":0},"id":157}
DEBUG:root:received {"dest":"n1","src":"n5","body":{"msg_id":17,"in_reply_to":72,"type":"AppendEntriesRes","res":true,"term":0,"next":1,"commit":0},"id":158}
DEBUG:root:received {"dest":"n1","body":{"key":1,"value":4,"type":"write","msg_id":1},"src":"c23","id":165}
DEBUG:root:sending {"dest": "n2", "src": "n1", "body": {"msg_id": 74, "type": "AppendEntries", "term": 0, "entries": [[["cas", [1, [3, 3]]], 0], [["cas", [1, [1, 2]]], 0], [["cas", [0, [0, 0]]], 0], [["write", [1, 4]], 0]], "prevIndex": 0, "prevTerm": 0, "commit": 0}}
DEBUG:root:sending {"dest": "n3", "src": "n1", "body": {"msg_id": 75, "type": "AppendEntries", "term": 0, "entries": [[["cas", [1, [3, 3]]], 0], [["cas", [1, [1, 2]]], 0], [["cas", [0, [0, 0]]], 0], [["write", [1, 4]], 0]], "prevIndex": 0, "prevTerm": 0, "commit": 0}}
DEBUG:root:sending {"dest": "n4", "src": "n1", "body": {"msg_id": 76, "type": "AppendEntries", "term": 0, "entries": [[["cas", [1, [3, 3]]], 0], [["cas", [1, [1, 2]]], 0], [["cas", [0, [0, 0]]], 0], [["write", [1, 4]], 0]], "prevIndex": 0, "prevTerm": 0, "commit": 0}}
DEBUG:root:sending {"dest": "n5", "src": "n1", "body": {"msg_id": 77, "type": "AppendEntries", "term": 0, "entries": [[["cas", [1, [3, 3]]], 0], [["cas", [1, [1, 2]]], 0], [["cas", [0, [0, 0]]], 0], [["write", [1, 4]], 0]], "prevIndex": 0, "prevTerm": 0, "commit": 0}}
DEBUG:root:sending {"dest": "n1", "src": "n1", "body": {"msg_id": 78, "type": "AppendEntries", "term": 0, "prevIndex": 3, "prevTerm": 0, "entries": [[["pass", null], 0], [["cas", [1, [3, 3]]], 0], [["cas", [1, [1, 2]]], 0], [["cas", [0, [0, 0]]], 0], [["write", [1, 4]], 0]], "commit": 0}}
DEBUG:root:sending {"dest": "n2", "src": "n1", "body": {"msg_id": 79, "type": "AppendEntries", "term": 0, "prevIndex": 0, "prevTerm": 0, "entries": [[["pass", null], 0], [["cas", [1, [3, 3]]], 0], [["cas", [1, [1, 2]]], 0], [["cas", [0, [0, 0]]], 0], [["write", [1, 4]], 0]], "commit": 0}}
DEBUG:root:sending {"dest": "n3", "src": "n1", "body": {"msg_id": 80, "type": "AppendEntries", "term": 0, "prevIndex": 0, "prevTerm": 0, "entries": [[["pass", null], 0], [["cas", [1, [3, 3]]], 0], [["cas", [1, [1, 2]]], 0], [["cas", [0, [0, 0]]], 0], [["write", [1, 4]], 0]], "commit": 0}}
DEBUG:root:sending {"dest": "n4", "src": "n1", "body": {"msg_id": 81, "type": "AppendEntries", "term": 0, "prevIndex": 0, "prevTerm": 0, "entries": [[["pass", null], 0], [["cas", [1, [3, 3]]], 0], [["cas", [1, [1, 2]]], 0], [["cas", [0, [0, 0]]], 0], [["write", [1, 4]], 0]], "commit": 0}}
DEBUG:root:sending {"dest": "n5", "src": "n1", "body": {"msg_id": 82, "type": "AppendEntries", "term": 0, "prevIndex": 0, "prevTerm": 0, "entries": [[["pass", null], 0], [["cas", [1, [3, 3]]], 0], [["cas", [1, [1, 2]]], 0], [["cas", [0, [0, 0]]], 0], [["write", [1, 4]], 0]], "commit": 0}}
DEBUG:root:received {"dest":"n1","src":"n2","body":{"msg_id":17,"in_reply_to":74,"type":"AppendEntriesRes","res":true,"term":0,"next":1,"commit":0},"id":170}
DEBUG:root:received {"dest":"n1","src":"n3","body":{"msg_id":18,"in_reply_to":75,"type":"AppendEntriesRes","res":true,"term":0,"next":1,"commit":0},"id":169}
DEBUG:root:received {"dest":"n1","src":"n4","body":{"msg_id":20,"in_reply_to":76,"type":"AppendEntriesRes","res":true,"term":0,"next":1,"commit":0},"id":172}
DEBUG:root:received {"dest":"n1","src":"n1","body":{"msg_id":78,"type":"AppendEntries","term":0,"prevIndex":3,"prevTerm":0,"entries":[[["pass",null],0],[["cas",[1,[3,3]]],0],[["cas",[1,[1,2]]],0],[["cas",[0,[0,0]]],0],[["write",[1,4]],0]],"commit":0},"id":173}
DEBUG:root:sending {"dest": "n1", "src": "n1", "body": {"msg_id": 83, "in_reply_to": 78, "type": "AppendEntriesRes", "res": true, "term": 0, "next": 5, "commit": 0}}
DEBUG:root:received {"dest":"n1","src":"n5","body":{"msg_id":19,"in_reply_to":77,"type":"AppendEntriesRes","res":true,"term":0,"next":1,"commit":0},"id":176}
DEBUG:root:received {"dest":"n1","src":"n4","body":{"msg_id":21,"in_reply_to":81,"type":"AppendEntriesRes","res":true,"term":0,"next":1,"commit":0},"id":178}
DEBUG:root:received {"dest":"n1","src":"n2","body":{"msg_id":18,"in_reply_to":79,"type":"AppendEntriesRes","res":true,"term":0,"next":1,"commit":0},"id":179}
DEBUG:root:received {"dest":"n1","src":"n3","body":{"msg_id":19,"in_reply_to":80,"type":"AppendEntriesRes","res":true,"term":0,"next":1,"commit":0},"id":180}
DEBUG:root:received {"dest":"n1","src":"n1","body":{"msg_id":83,"in_reply_to":78,"type":"AppendEntriesRes","res":true,"term":0,"next":5,"commit":0},"id":182}
DEBUG:root:received {"dest":"n1","src":"n5","body":{"msg_id":20,"in_reply_to":82,"type":"AppendEntriesRes","res":true,"term":0,"next":1,"commit":0},"id":183}
DEBUG:root:received {"dest":"n1","body":{"key":2,"from":3,"to":3,"type":"cas","msg_id":3},"src":"c12","id":186}
DEBUG:root:sending {"dest": "n2", "src": "n1", "body": {"msg_id": 84, "type": "AppendEntries", "term": 0, "entries": [[["cas", [1, [3, 3]]], 0], [["cas", [1, [1, 2]]], 0], [["cas", [0, [0, 0]]], 0], [["write", [1, 4]], 0], [["cas", [2, [3, 3]]], 0]], "prevIndex": 0, "prevTerm": 0, "commit": 0}}
DEBUG:root:sending {"dest": "n3", "src": "n1", "body": {"msg_id": 85, "type": "AppendEntries", "term": 0, "entries": [[["cas", [1, [3, 3]]], 0], [["cas", [1, [1, 2]]], 0], [["cas", [0, [0, 0]]], 0], [["write", [1, 4]], 0], [["cas", [2, [3, 3]]], 0]], "prevIndex": 0, "prevTerm": 0, "commit": 0}}
DEBUG:root:sending {"dest": "n4", "src": "n1", "body": {"msg_id": 86, "type": "AppendEntries", "term": 0, "entries": [[["cas", [1, [3, 3]]], 0], [["cas", [1, [1, 2]]], 0], [["cas", [0, [0, 0]]], 0], [["write", [1, 4]], 0], [["cas", [2, [3, 3]]], 0]], "prevIndex": 0, "prevTerm": 0, "commit": 0}}
DEBUG:root:sending {"dest": "n5", "src": "n1", "body": {"msg_id": 87, "type": "AppendEntries", "term": 0, "entries": [[["cas", [1, [3, 3]]], 0], [["cas", [1, [1, 2]]], 0], [["cas", [0, [0, 0]]], 0], [["write", [1, 4]], 0], [["cas", [2, [3, 3]]], 0]], "prevIndex": 0, "prevTerm": 0, "commit": 0}}
DEBUG:root:received {"dest":"n1","src":"n3","body":{"msg_id":20,"in_reply_to":85,"type":"AppendEntriesRes","res":true,"term":0,"next":1,"commit":0},"id":190}
DEBUG:root:received {"dest":"n1","src":"n2","body":{"msg_id":19,"in_reply_to":84,"type":"AppendEntriesRes","res":true,"term":0,"next":1,"commit":0},"id":191}
DEBUG:root:received {"dest":"n1","src":"n4","body":{"msg_id":22,"in_reply_to":86,"type":"AppendEntriesRes","res":true,"term":0,"next":1,"commit":0},"id":193}
DEBUG:root:received {"dest":"n1","src":"n5","body":{"msg_id":22,"in_reply_to":87,"type":"AppendEntriesRes","res":true,"term":0,"next":1,"commit":0},"id":194}
DEBUG:root:sending {"dest": "n1", "src": "n1", "body": {"msg_id": 88, "type": "AppendEntries", "term": 0, "prevIndex": 4, "prevTerm": 0, "entries": [[["pass", null], 0], [["cas", [1, [3, 3]]], 0], [["cas", [1, [1, 2]]], 0], [["cas", [0, [0, 0]]], 0], [["write", [1, 4]], 0], [["cas", [2, [3, 3]]], 0]], "commit": 0}}
DEBUG:root:sending {"dest": "n2", "src": "n1", "body": {"msg_id": 89, "type": "AppendEntries", "term": 0, "prevIndex": 0, "prevTerm": 0, "entries": [[["pass", null], 0], [["cas", [1, [3, 3]]], 0], [["cas", [1, [1, 2]]], 0], [["cas", [0, [0, 0]]], 0], [["write", [1, 4]], 0], [["cas", [2, [3, 3]]], 0]], "commit": 0}}
DEBUG:root:sending {"dest": "n3", "src": "n1", "body": {"msg_id": 90, "type": "AppendEntries", "term": 0, "prevIndex": 0, "prevTerm": 0, "entries": [[["pass", null], 0], [["cas", [1, [3, 3]]], 0], [["cas", [1, [1, 2]]], 0], [["cas", [0, [0, 0]]], 0], [["write", [1, 4]], 0], [["cas", [2, [3, 3]]], 0]], "commit": 0}}
DEBUG:root:sending {"dest": "n4", "src": "n1", "body": {"msg_id": 91, "type": "AppendEntries", "term": 0, "prevIndex": 0, "prevTerm": 0, "entries": [[["pass", null], 0], [["cas", [1, [3, 3]]], 0], [["cas", [1, [1, 2]]], 0], [["cas", [0, [0, 0]]], 0], [["write", [1, 4]], 0], [["cas", [2, [3, 3]]], 0]], "commit": 0}}
DEBUG:root:sending {"dest": "n5", "src": "n1", "body": {"msg_id": 92, "type": "AppendEntries", "term": 0, "prevIndex": 0, "prevTerm": 0, "entries": [[["pass", null], 0], [["cas", [1, [3, 3]]], 0], [["cas", [1, [1, 2]]], 0], [["cas", [0, [0, 0]]], 0], [["write", [1, 4]], 0], [["cas", [2, [3, 3]]], 0]], "commit": 0}}
DEBUG:root:received {"dest":"n1","src":"n1","body":{"msg_id":88,"type":"AppendEntries","term":0,"prevIndex":4,"prevTerm":0,"entries":[[["pass",null],0],[["cas",[1,[3,3]]],0],[["cas",[1,[1,2]]],0],[["cas",[0,[0,0]]],0],[["write",[1,4]],0],[["cas",[2,[3,3]]],0]],"commit":0},"id":195}
DEBUG:root:sending {"dest": "n1", "src": "n1", "body": {"msg_id": 93, "in_reply_to": 88, "type": "AppendEntriesRes", "res": true, "term": 0, "next": 6, "commit": 0}}
DEBUG:root:received {"dest":"n1","src":"n2","body":{"msg_id":20,"in_reply_to":89,"type":"AppendEntriesRes","res":true,"term":0,"next":1,"commit":0},"id":199}
DEBUG:root:received {"dest":"n1","src":"n3","body":{"msg_id":21,"in_reply_to":90,"type":"AppendEntriesRes","res":true,"term":0,"next":1,"commit":0},"id":201}
DEBUG:root:received {"dest":"n1","src":"n1","body":{"msg_id":93,"in_reply_to":88,"type":"AppendEntriesRes","res":true,"term":0,"next":6,"commit":0},"id":202}
DEBUG:root:received {"dest":"n1","src":"n4","body":{"msg_id":23,"in_reply_to":91,"type":"AppendEntriesRes","res":true,"term":0,"next":1,"commit":0},"id":203}
DEBUG:root:received {"dest":"n1","src":"n5","body":{"msg_id":23,"in_reply_to":92,"type":"AppendEntriesRes","res":true,"term":0,"next":1,"commit":0},"id":204}
DEBUG:root:sending {"dest": "n1", "src": "n1", "body": {"msg_id": 94, "type": "AppendEntries", "term": 0, "prevIndex": 5, "prevTerm": 0, "entries": [[["pass", null], 0], [["cas", [1, [3, 3]]], 0], [["cas", [1, [1, 2]]], 0], [["cas", [0, [0, 0]]], 0], [["write", [1, 4]], 0], [["cas", [2, [3, 3]]], 0]], "commit": 0}}
DEBUG:root:sending {"dest": "n2", "src": "n1", "body": {"msg_id": 95, "type": "AppendEntries", "term": 0, "prevIndex": 0, "prevTerm": 0, "entries": [[["pass", null], 0], [["cas", [1, [3, 3]]], 0], [["cas", [1, [1, 2]]], 0], [["cas", [0, [0, 0]]], 0], [["write", [1, 4]], 0], [["cas", [2, [3, 3]]], 0]], "commit": 0}}
DEBUG:root:sending {"dest": "n3", "src": "n1", "body": {"msg_id": 96, "type": "AppendEntries", "term": 0, "prevIndex": 0, "prevTerm": 0, "entries": [[["pass", null], 0], [["cas", [1, [3, 3]]], 0], [["cas", [1, [1, 2]]], 0], [["cas", [0, [0, 0]]], 0], [["write", [1, 4]], 0], [["cas", [2, [3, 3]]], 0]], "commit": 0}}
DEBUG:root:sending {"dest": "n4", "src": "n1", "body": {"msg_id": 97, "type": "AppendEntries", "term": 0, "prevIndex": 0, "prevTerm": 0, "entries": [[["pass", null], 0], [["cas", [1, [3, 3]]], 0], [["cas", [1, [1, 2]]], 0], [["cas", [0, [0, 0]]], 0], [["write", [1, 4]], 0], [["cas", [2, [3, 3]]], 0]], "commit": 0}}
DEBUG:root:sending {"dest": "n5", "src": "n1", "body": {"msg_id": 98, "type": "AppendEntries", "term": 0, "prevIndex": 0, "prevTerm": 0, "entries": [[["pass", null], 0], [["cas", [1, [3, 3]]], 0], [["cas", [1, [1, 2]]], 0], [["cas", [0, [0, 0]]], 0], [["write", [1, 4]], 0], [["cas", [2, [3, 3]]], 0]], "commit": 0}}
DEBUG:root:received {"dest":"n1","src":"n1","body":{"msg_id":94,"type":"AppendEntries","term":0,"prevIndex":5,"prevTerm":0,"entries":[[["pass",null],0],[["cas",[1,[3,3]]],0],[["cas",[1,[1,2]]],0],[["cas",[0,[0,0]]],0],[["write",[1,4]],0],[["cas",[2,[3,3]]],0]],"commit":0},"id":209}
DEBUG:root:sending {"dest": "n1", "src": "n1", "body": {"msg_id": 99, "in_reply_to": 94, "type": "AppendEntriesRes", "res": true, "term": 0, "next": 6, "commit": 0}}
DEBUG:root:received {"dest":"n1","src":"n1","body":{"msg_id":99,"in_reply_to":94,"type":"AppendEntriesRes","res":true,"term":0,"next":6,"commit":0},"id":214}
DEBUG:root:received {"dest":"n1","src":"n3","body":{"msg_id":23,"in_reply_to":96,"type":"AppendEntriesRes","res":true,"term":0,"next":1,"commit":0},"id":215}
DEBUG:root:received {"dest":"n1","src":"n2","body":{"msg_id":22,"in_reply_to":95,"type":"AppendEntriesRes","res":true,"term":0,"next":1,"commit":0},"id":216}
DEBUG:root:received {"dest":"n1","src":"n4","body":{"msg_id":24,"in_reply_to":97,"type":"AppendEntriesRes","res":true,"term":0,"next":1,"commit":0},"id":217}
DEBUG:root:received {"dest":"n1","src":"n5","body":{"msg_id":24,"in_reply_to":98,"type":"AppendEntriesRes","res":true,"term":0,"next":1,"commit":0},"id":218}
DEBUG:root:sending {"dest": "n1", "src": "n1", "body": {"msg_id": 100, "type": "AppendEntries", "term": 0, "prevIndex": 5, "prevTerm": 0, "entries": [[["pass", null], 0], [["cas", [1, [3, 3]]], 0], [["cas", [1, [1, 2]]], 0], [["cas", [0, [0, 0]]], 0], [["write", [1, 4]], 0], [["cas", [2, [3, 3]]], 0]], "commit": 0}}
DEBUG:root:sending {"dest": "n2", "src": "n1", "body": {"msg_id": 101, "type": "AppendEntries", "term": 0, "prevIndex": 0, "prevTerm": 0, "entries": [[["pass", null], 0], [["cas", [1, [3, 3]]], 0], [["cas", [1, [1, 2]]], 0], [["cas", [0, [0, 0]]], 0], [["write", [1, 4]], 0], [["cas", [2, [3, 3]]], 0]], "commit": 0}}
DEBUG:root:sending {"dest": "n3", "src": "n1", "body": {"msg_id": 102, "type": "AppendEntries", "term": 0, "prevIndex": 0, "prevTerm": 0, "entries": [[["pass", null], 0], [["cas", [1, [3, 3]]], 0], [["cas", [1, [1, 2]]], 0], [["cas", [0, [0, 0]]], 0], [["write", [1, 4]], 0], [["cas", [2, [3, 3]]], 0]], "commit": 0}}
DEBUG:root:sending {"dest": "n4", "src": "n1", "body": {"msg_id": 103, "type": "AppendEntries", "term": 0, "prevIndex": 0, "prevTerm": 0, "entries": [[["pass", null], 0], [["cas", [1, [3, 3]]], 0], [["cas", [1, [1, 2]]], 0], [["cas", [0, [0, 0]]], 0], [["write", [1, 4]], 0], [["cas", [2, [3, 3]]], 0]], "commit": 0}}
DEBUG:root:sending {"dest": "n5", "src": "n1", "body": {"msg_id": 104, "type": "AppendEntries", "term": 0, "prevIndex": 0, "prevTerm": 0, "entries": [[["pass", null], 0], [["cas", [1, [3, 3]]], 0], [["cas", [1, [1, 2]]], 0], [["cas", [0, [0, 0]]], 0], [["write", [1, 4]], 0], [["cas", [2, [3, 3]]], 0]], "commit": 0}}
DEBUG:root:received {"dest":"n1","src":"n1","body":{"msg_id":100,"type":"AppendEntries","term":0,"prevIndex":5,"prevTerm":0,"entries":[[["pass",null],0],[["cas",[1,[3,3]]],0],[["cas",[1,[1,2]]],0],[["cas",[0,[0,0]]],0],[["write",[1,4]],0],[["cas",[2,[3,3]]],0]],"commit":0},"id":221}
DEBUG:root:sending {"dest": "n1", "src": "n1", "body": {"msg_id": 105, "in_reply_to": 100, "type": "AppendEntriesRes", "res": true, "term": 0, "next": 6, "commit": 0}}
DEBUG:root:received {"dest":"n1","src":"n1","body":{"msg_id":105,"in_reply_to":100,"type":"AppendEntriesRes","res":true,"term":0,"next":6,"commit":0},"id":226}
DEBUG:root:received {"dest":"n1","src":"n2","body":{"msg_id":23,"in_reply_to":101,"type":"AppendEntriesRes","res":true,"term":0,"next":1,"commit":0},"id":227}
DEBUG:root:received {"dest":"n1","src":"n3","body":{"msg_id":25,"in_reply_to":102,"type":"AppendEntriesRes","res":true,"term":0,"next":1,"commit":0},"id":228}
DEBUG:root:received {"dest":"n1","src":"n4","body":{"msg_id":25,"in_reply_to":103,"type":"AppendEntriesRes","res":true,"term":0,"next":1,"commit":0},"id":229}
DEBUG:root:received {"dest":"n1","src":"n5","body":{"msg_id":25,"in_reply_to":104,"type":"AppendEntriesRes","res":true,"term":0,"next":1,"commit":0},"id":230}
DEBUG:root:received {"dest":"n1","body":{"key":0,"value":3,"type":"write","msg_id":2},"src":"c20","id":235}
DEBUG:root:sending {"dest": "n2", "src": "n1", "body": {"msg_id": 106, "type": "AppendEntries", "term": 0, "entries": [[["cas", [1, [3, 3]]], 0], [["cas", [1, [1, 2]]], 0], [["cas", [0, [0, 0]]], 0], [["write", [1, 4]], 0], [["cas", [2, [3, 3]]], 0], [["write", [0, 3]], 0]], "prevIndex": 0, "prevTerm": 0, "commit": 0}}
DEBUG:root:sending {"dest": "n3", "src": "n1", "body": {"msg_id": 107, "type": "AppendEntries", "term": 0, "entries": [[["cas", [1, [3, 3]]], 0], [["cas", [1, [1, 2]]], 0], [["cas", [0, [0, 0]]], 0], [["write", [1, 4]], 0], [["cas", [2, [3, 3]]], 0], [["write", [0, 3]], 0]], "prevIndex": 0, "prevTerm": 0, "commit": 0}}
DEBUG:root:sending {"dest": "n4", "src": "n1", "body": {"msg_id": 108, "type": "AppendEntries", "term": 0, "entries": [[["cas", [1, [3, 3]]], 0], [["cas", [1, [1, 2]]], 0], [["cas", [0, [0, 0]]], 0], [["write", [1, 4]], 0], [["cas", [2, [3, 3]]], 0], [["write", [0, 3]], 0]], "prevIndex": 0, "prevTerm": 0, "commit": 0}}
DEBUG:root:sending {"dest": "n5", "src": "n1", "body": {"msg_id": 109, "type": "AppendEntries", "term": 0, "entries": [[["cas", [1, [3, 3]]], 0], [["cas", [1, [1, 2]]], 0], [["cas", [0, [0, 0]]], 0], [["write", [1, 4]], 0], [["cas", [2, [3, 3]]], 0], [["write", [0, 3]], 0]], "prevIndex": 0, "prevTerm": 0, "commit": 0}}
DEBUG:root:received {"dest":"n1","src":"n2","body":{"msg_id":24,"in_reply_to":106,"type":"AppendEntriesRes","res":true,"term":0,"next":1,"commit":0},"id":240}
DEBUG:root:received {"dest":"n1","src":"n3","body":{"msg_id":27,"in_reply_to":107,"type":"AppendEntriesRes","res":true,"term":0,"next":1,"commit":0},"id":241}
DEBUG:root:received {"dest":"n1","src":"n4","body":{"msg_id":26,"in_reply_to":108,"type":"AppendEntriesRes","res":true,"term":0,"next":1,"commit":0},"id":242}
DEBUG:root:received {"dest":"n1","src":"n5","body":{"msg_id":27,"in_reply_to":109,"type":"AppendEntriesRes","res":true,"term":0,"next":1,"commit":0},"id":243}
DEBUG:root:sending {"dest": "n1", "src": "n1", "body": {"msg_id": 110, "type": "AppendEntries", "term": 0, "prevIndex": 5, "prevTerm": 0, "entries": [[["pass", null], 0], [["cas", [1, [3, 3]]], 0], [["cas", [1, [1, 2]]], 0], [["cas", [0, [0, 0]]], 0], [["write", [1, 4]], 0], [["cas", [2, [3, 3]]], 0], [["write", [0, 3]], 0]], "commit": 0}}
DEBUG:root:sending {"dest": "n2", "src": "n1", "body": {"msg_id": 111, "type": "AppendEntries", "term": 0, "prevIndex": 0, "prevTerm": 0, "entries": [[["pass", null], 0], [["cas", [1, [3, 3]]], 0], [["cas", [1, [1, 2]]], 0], [["cas", [0, [0, 0]]], 0], [["write", [1, 4]], 0], [["cas", [2, [3, 3]]], 0], [["write", [0, 3]], 0]], "commit": 0}}
DEBUG:root:sending {"dest": "n3", "src": "n1", "body": {"msg_id": 112, "type": "AppendEntries", "term": 0, "prevIndex": 0, "prevTerm": 0, "entries": [[["pass", null], 0], [["cas", [1, [3, 3]]], 0], [["cas", [1, [1, 2]]], 0], [["cas", [0, [0, 0]]], 0], [["write", [1, 4]], 0], [["cas", [2, [3, 3]]], 0], [["write", [0, 3]], 0]], "commit": 0}}
DEBUG:root:sending {"dest": "n4", "src": "n1", "body": {"msg_id": 113, "type": "AppendEntries", "term": 0, "prevIndex": 0, "prevTerm": 0, "entries": [[["pass", null], 0], [["cas", [1, [3, 3]]], 0], [["cas", [1, [1, 2]]], 0], [["cas", [0, [0, 0]]], 0], [["write", [1, 4]], 0], [["cas", [2, [3, 3]]], 0], [["write", [0, 3]], 0]], "commit": 0}}
DEBUG:root:sending {"dest": "n5", "src": "n1", "body": {"msg_id": 114, "type": "AppendEntries", "term": 0, "prevIndex": 0, "prevTerm": 0, "entries": [[["pass", null], 0], [["cas", [1, [3, 3]]], 0], [["cas", [1, [1, 2]]], 0], [["cas", [0, [0, 0]]], 0], [["write", [1, 4]], 0], [["cas", [2, [3, 3]]], 0], [["write", [0, 3]], 0]], "commit": 0}}
DEBUG:root:received {"dest":"n1","src":"n1","body":{"msg_id":110,"type":"AppendEntries","term":0,"prevIndex":5,"prevTerm":0,"entries":[[["pass",null],0],[["cas",[1,[3,3]]],0],[["cas",[1,[1,2]]],0],[["cas",[0,[0,0]]],0],[["write",[1,4]],0],[["cas",[2,[3,3]]],0],[["write",[0,3]],0]],"commit":0},"id":244}
DEBUG:root:sending {"dest": "n1", "src": "n1", "body": {"msg_id": 115, "in_reply_to": 110, "type": "AppendEntriesRes", "res": true, "term": 0, "next": 7, "commit": 0}}
DEBUG:root:received {"dest":"n1","src":"n1","body":{"msg_id":115,"in_reply_to":110,"type":"AppendEntriesRes","res":true,"term":0,"next":7,"commit":0},"id":249}
DEBUG:root:received {"dest":"n1","src":"n2","body":{"msg_id":25,"in_reply_to":111,"type":"AppendEntriesRes","res":true,"term":0,"next":1,"commit":0},"id":250}
DEBUG:root:received {"dest":"n1","src":"n3","body":{"msg_id":28,"in_reply_to":112,"type":"AppendEntriesRes","res":true,"term":0,"next":1,"commit":0},"id":251}
DEBUG:root:received {"dest":"n1","src":"n5","body":{"msg_id":28,"in_reply_to":114,"type":"AppendEntriesRes","res":true,"term":0,"next":1,"commit":0},"id":252}
DEBUG:root:received {"dest":"n1","src":"n4","body":{"msg_id":27,"in_reply_to":113,"type":"AppendEntriesRes","res":true,"term":0,"next":1,"commit":0},"id":253}
DEBUG:root:sending {"dest": "n1", "src": "n1", "body": {"msg_id": 116, "type": "AppendEntries", "term": 0, "prevIndex": 6, "prevTerm": 0, "entries": [[["pass", null], 0], [["cas", [1, [3, 3]]], 0], [["cas", [1, [1, 2]]], 0], [["cas", [0, [0, 0]]], 0], [["write", [1, 4]], 0], [["cas", [2, [3, 3]]], 0], [["write", [0, 3]], 0]], "commit": 0}}
DEBUG:root:sending {"dest": "n2", "src": "n1", "body": {"msg_id": 117, "type": "AppendEntries", "term": 0, "prevIndex": 0, "prevTerm": 0, "entries": [[["pass", null], 0], [["cas", [1, [3, 3]]], 0], [["cas", [1, [1, 2]]], 0], [["cas", [0, [0, 0]]], 0], [["write", [1, 4]], 0], [["cas", [2, [3, 3]]], 0], [["write", [0, 3]], 0]], "commit": 0}}
DEBUG:root:sending {"dest": "n3", "src": "n1", "body": {"msg_id": 118, "type": "AppendEntries", "term": 0, "prevIndex": 0, "prevTerm": 0, "entries": [[["pass", null], 0], [["cas", [1, [3, 3]]], 0], [["cas", [1, [1, 2]]], 0], [["cas", [0, [0, 0]]], 0], [["write", [1, 4]], 0], [["cas", [2, [3, 3]]], 0], [["write", [0, 3]], 0]], "commit": 0}}
DEBUG:root:sending {"dest": "n4", "src": "n1", "body": {"msg_id": 119, "type": "AppendEntries", "term": 0, "prevIndex": 0, "prevTerm": 0, "entries": [[["pass", null], 0], [["cas", [1, [3, 3]]], 0], [["cas", [1, [1, 2]]], 0], [["cas", [0, [0, 0]]], 0], [["write", [1, 4]], 0], [["cas", [2, [3, 3]]], 0], [["write", [0, 3]], 0]], "commit": 0}}
DEBUG:root:sending {"dest": "n5", "src": "n1", "body": {"msg_id": 120, "type": "AppendEntries", "term": 0, "prevIndex": 0, "prevTerm": 0, "entries": [[["pass", null], 0], [["cas", [1, [3, 3]]], 0], [["cas", [1, [1, 2]]], 0], [["cas", [0, [0, 0]]], 0], [["write", [1, 4]], 0], [["cas", [2, [3, 3]]], 0], [["write", [0, 3]], 0]], "commit": 0}}
DEBUG:root:received {"dest":"n1","src":"n1","body":{"msg_id":116,"type":"AppendEntries","term":0,"prevIndex":6,"prevTerm":0,"entries":[[["pass",null],0],[["cas",[1,[3,3]]],0],[["cas",[1,[1,2]]],0],[["cas",[0,[0,0]]],0],[["write",[1,4]],0],[["cas",[2,[3,3]]],0],[["write",[0,3]],0]],"commit":0},"id":254}
DEBUG:root:sending {"dest": "n1", "src": "n1", "body": {"msg_id": 121, "in_reply_to": 116, "type": "AppendEntriesRes", "res": true, "term": 0, "next": 7, "commit": 0}}
DEBUG:root:received {"dest":"n1","src":"n2","body":{"msg_id":26,"in_reply_to":117,"type":"AppendEntriesRes","res":true,"term":0,"next":1,"commit":0},"id":259}
DEBUG:root:received {"dest":"n1","src":"n1","body":{"msg_id":121,"in_reply_to":116,"type":"AppendEntriesRes","res":true,"term":0,"next":7,"commit":0},"id":260}
DEBUG:root:received {"dest":"n1","src":"n3","body":{"msg_id":29,"in_reply_to":118,"type":"AppendEntriesRes","res":true,"term":0,"next":1,"commit":0},"id":261}
DEBUG:root:received {"dest":"n1","src":"n4","body":{"msg_id":28,"in_reply_to":119,"type":"AppendEntriesRes","res":true,"term":0,"next":1,"commit":0},"id":262}
DEBUG:root:received {"dest":"n1","src":"n5","body":{"msg_id":29,"in_reply_to":120,"type":"AppendEntriesRes","res":true,"term":0,"next":1,"commit":0},"id":263}
DEBUG:root:sending {"dest": "n1", "src": "n1", "body": {"msg_id": 122, "type": "AppendEntries", "term": 0, "prevIndex": 6, "prevTerm": 0, "entries": [[["pass", null], 0], [["cas", [1, [3, 3]]], 0], [["cas", [1, [1, 2]]], 0], [["cas", [0, [0, 0]]], 0], [["write", [1, 4]], 0], [["cas", [2, [3, 3]]], 0], [["write", [0, 3]], 0]], "commit": 0}}
DEBUG:root:sending {"dest": "n2", "src": "n1", "body": {"msg_id": 123, "type": "AppendEntries", "term": 0, "prevIndex": 0, "prevTerm": 0, "entries": [[["pass", null], 0], [["cas", [1, [3, 3]]], 0], [["cas", [1, [1, 2]]], 0], [["cas", [0, [0, 0]]], 0], [["write", [1, 4]], 0], [["cas", [2, [3, 3]]], 0], [["write", [0, 3]], 0]], "commit": 0}}
DEBUG:root:sending {"dest": "n3", "src": "n1", "body": {"msg_id": 124, "type": "AppendEntries", "term": 0, "prevIndex": 0, "prevTerm": 0, "entries": [[["pass", null], 0], [["cas", [1, [3, 3]]], 0], [["cas", [1, [1, 2]]], 0], [["cas", [0, [0, 0]]], 0], [["write", [1, 4]], 0], [["cas", [2, [3, 3]]], 0], [["write", [0, 3]], 0]], "commit": 0}}
DEBUG:root:sending {"dest": "n4", "src": "n1", "body": {"msg_id": 125, "type": "AppendEntries", "term": 0, "prevIndex": 0, "prevTerm": 0, "entries": [[["pass", null], 0], [["cas", [1, [3, 3]]], 0], [["cas", [1, [1, 2]]], 0], [["cas", [0, [0, 0]]], 0], [["write", [1, 4]], 0], [["cas", [2, [3, 3]]], 0], [["write", [0, 3]], 0]], "commit": 0}}
DEBUG:root:sending {"dest": "n5", "src": "n1", "body": {"msg_id": 126, "type": "AppendEntries", "term": 0, "prevIndex": 0, "prevTerm": 0, "entries": [[["pass", null], 0], [["cas", [1, [3, 3]]], 0], [["cas", [1, [1, 2]]], 0], [["cas", [0, [0, 0]]], 0], [["write", [1, 4]], 0], [["cas", [2, [3, 3]]], 0], [["write", [0, 3]], 0]], "commit": 0}}
DEBUG:root:received {"dest":"n1","src":"n1","body":{"msg_id":122,"type":"AppendEntries","term":0,"prevIndex":6,"prevTerm":0,"entries":[[["pass",null],0],[["cas",[1,[3,3]]],0],[["cas",[1,[1,2]]],0],[["cas",[0,[0,0]]],0],[["write",[1,4]],0],[["cas",[2,[3,3]]],0],[["write",[0,3]],0]],"commit":0},"id":264}
DEBUG:root:sending {"dest": "n1", "src": "n1", "body": {"msg_id": 127, "in_reply_to": 122, "type": "AppendEntriesRes", "res": true, "term": 0, "next": 7, "commit": 0}}
DEBUG:root:received {"dest":"n1","src":"n1","body":{"msg_id":127,"in_reply_to":122,"type":"AppendEntriesRes","res":true,"term":0,"next":7,"commit":0},"id":269}
DEBUG:root:received {"dest":"n1","src":"n2","body":{"msg_id":27,"in_reply_to":123,"type":"AppendEntriesRes","res":true,"term":0,"next":1,"commit":0},"id":270}
DEBUG:root:received {"dest":"n1","src":"n3","body":{"msg_id":30,"in_reply_to":124,"type":"AppendEntriesRes","res":true,"term":0,"next":1,"commit":0},"id":271}
DEBUG:root:received {"dest":"n1","src":"n4","body":{"msg_id":29,"in_reply_to":125,"type":"AppendEntriesRes","res":true,"term":0,"next":1,"commit":0},"id":272}
DEBUG:root:received {"dest":"n1","src":"n5","body":{"msg_id":30,"in_reply_to":126,"type":"AppendEntriesRes","res":true,"term":0,"next":1,"commit":0},"id":273}
