DEBUG:root:received {"dest":"n2","body":{"type":"init","node_id":"n2","node_ids":["n1","n2","n3","n4","n5"],"msg_id":1},"src":"c4","id":4}
INFO:root:node n2 initialized
DEBUG:root:sending {"dest": "c4", "src": "n2", "body": {"msg_id": 1, "in_reply_to": 1, "type": "init_ok"}}
DEBUG:root:received {"dest":"n2","src":"n1","body":{"msg_id":3,"type":"AppendEntries","term":0,"prevIndex":0,"prevTerm":0,"entries":[[["pass",null],0]],"commit":0},"id":11}
DEBUG:root:sending {"dest": "n1", "src": "n2", "body": {"msg_id": 2, "in_reply_to": 3, "type": "AppendEntriesRes", "res": true, "term": 0, "next": 1, "commit": 0}}
DEBUG:root:received {"dest":"n2","body":{"key":0,"from":4,"to":2,"type":"cas","msg_id":1},"src":"c10","id":21}
DEBUG:root:sending {"dest": "c10", "src": "n2", "body": {"msg_id": 3, "in_reply_to": 1, "type": "error", "code": 11, "text": "Not Leader"}}
DEBUG:root:received {"dest":"n2","src":"n1","body":{"msg_id":9,"type":"AppendEntries","term":0,"prevIndex":0,"prevTerm":0,"entries":[[["pass",null],0]],"commit":0},"id":25}
DEBUG:root:sending {"dest": "n1", "src": "n2", "body": {"msg_id": 4, "in_reply_to": 9, "type": "AppendEntriesRes", "res": true, "term": 0, "next": 1, "commit": 0}}
DEBUG:root:received {"dest":"n2","src":"n1","body":{"msg_id":14,"type":"AppendEntries","term":0,"entries":[[["cas",[1,[3,3]]],0]],"prevIndex":0,"prevTerm":0,"commit":0},"id":35}
DEBUG:root:sending {"dest": "n1", "src": "n2", "body": {"msg_id": 5, "in_reply_to": 14, "type": "AppendEntriesRes", "res": true, "term": 0, "next": 1, "commit": 0}}
DEBUG:root:received {"dest":"n2","src":"n1","body":{"msg_id":19,"type":"AppendEntries","term":0,"prevIndex":0,"prevTerm":0,"entries":[[["pass",null],0],[["cas",[1,[3,3]]],0]],"commit":0},"id":44}
DEBUG:root:sending {"dest": "n1", "src": "n2", "body": {"msg_id": 6, "in_reply_to": 19, "type": "AppendEntriesRes", "res": true, "term": 0, "next": 1, "commit": 0}}
DEBUG:root:received {"dest":"n2","body":{"key":0,"type":"read","msg_id":1},"src":"c14","id":55}
DEBUG:root:sending {"dest": "c14", "src": "n2", "body": {"msg_id": 7, "in_reply_to": 1, "type": "error", "code": 11, "text": "Not Leader"}}
DEBUG:root:received {"dest":"n2","src":"n1","body":{"msg_id":25,"type":"AppendEntries","term":0,"prevIndex":0,"prevTerm":0,"entries":[[["pass",null],0],[["cas",[1,[3,3]]],0]],"commit":0},"id":60}
DEBUG:root:sending {"dest": "n1", "src": "n2", "body": {"msg_id": 8, "in_reply_to": 25, "type": "AppendEntriesRes", "res": true, "term": 0, "next": 1, "commit": 0}}
DEBUG:root:received {"dest":"n2","src":"n1","body":{"msg_id":31,"type":"AppendEntries","term":0,"prevIndex":0,"prevTerm":0,"entries":[[["pass",null],0],[["cas",[1,[3,3]]],0]],"commit":0},"id":72}
DEBUG:root:sending {"dest": "n1", "src": "n2", "body": {"msg_id": 9, "in_reply_to": 31, "type": "AppendEntriesRes", "res": true, "term": 0, "next": 1, "commit": 0}}
DEBUG:root:received {"dest":"n2","src":"n1","body":{"msg_id":37,"type":"AppendEntries","term":0,"prevIndex":0,"prevTerm":0,"entries":[[["pass",null],0],[["cas",[1,[3,3]]],0]],"commit":0},"id":86}
DEBUG:root:sending {"dest": "n1", "src": "n2", "body": {"msg_id": 10, "in_reply_to": 37, "type": "AppendEntriesRes", "res": true, "term": 0, "next": 1, "commit": 0}}
DEBUG:root:received {"dest":"n2","src":"n1","body":{"msg_id":43,"type":"AppendEntries","term":0,"prevIndex":0,"prevTerm":0,"entries":[[["pass",null],0],[["cas",[1,[3,3]]],0]],"commit":0},"id":98}
DEBUG:root:sending {"dest": "n1", "src": "n2", "body": {"msg_id": 11, "in_reply_to": 43, "type": "AppendEntriesRes", "res": true, "term": 0, "next": 1, "commit": 0}}
DEBUG:root:received {"dest":"n2","src":"n1","body":{"msg_id":48,"type":"AppendEntries","term":0,"entries":[[["cas",[1,[3,3]]],0],[["cas",[1,[1,2]]],0]],"prevIndex":0,"prevTerm":0,"commit":0},"id":108}
DEBUG:root:sending {"dest": "n1", "src": "n2", "body": {"msg_id": 12, "in_reply_to": 48, "type": "AppendEntriesRes", "res": true, "term": 0, "next": 1, "commit": 0}}
DEBUG:root:received {"dest":"n2","src":"n1","body":{"msg_id":53,"type":"AppendEntries","term":0,"prevIndex":0,"prevTerm":0,"entries":[[["pass",null],0],[["cas",[1,[3,3]]],0],[["cas",[1,[1,2]]],0]],"commit":0},"id":117}
DEBUG:root:sending {"dest": "n1", "src": "n2", "body": {"msg_id": 13, "in_reply_to": 53, "type": "AppendEntriesRes", "res": true, "term": 0, "next": 1, "commit": 0}}
DEBUG:root:received {"dest":"n2","src":"n1","body":{"msg_id":58,"type":"AppendEntries","term":0,"entries":[[["cas",[1,[3,3]]],0],[["cas",[1,[1,2]]],0],[["cas",[0,[0,0]]],0]],"prevIndex":0,"prevTerm":0,"commit":0},"id":127}
DEBUG:root:sending {"dest": "n1", "src": "n2", "body": {"msg_id": 14, "in_reply_to": 58, "type": "AppendEntriesRes", "res": true, "term": 0, "next": 1, "commit": 0}}
DEBUG:root:received {"dest":"n2","src":"n1","body":{"msg_id":63,"type":"AppendEntries","term":0,"prevIndex":0,"prevTerm":0,"entries":[[["pass",null],0],[["cas",[1,[3,3]]],0],[["cas",[1,[1,2]]],0],[["cas",[0,[0,0]]],0]],"commit":0},"id":138}
DEBUG:root:sending {"dest": "n1", "src": "n2", "body": {"msg_id": 15, "in_reply_to": 63, "type": "AppendEntriesRes", "res": true, "term": 0, "next": 1, "commit": 0}}
DEBUG:root:received {"dest":"n2","src":"n1","body":{"msg_id":69,"type":"AppendEntries","term":0,"prevIndex":0,"prevTerm":0,"entries":[[["pass",null],0],[["cas",[1,[3,3]]],0],[["cas",[1,[1,2]]],0],[["cas",[0,[0,0]]],0]],"commit":0},"id":150}
DEBUG:root:sending {"dest": "n1", "src": "n2", "body": {"msg_id": 16, "in_reply_to": 69, "type": "AppendEntriesRes", "res": true, "term": 0, "next": 1, "commit": 0}}
DEBUG:root:received {"dest":"n2","src":"n1","body":{"msg_id":74,"type":"AppendEntries","term":0,"entries":[[["cas",[1,[3,3]]],0],[["cas",[1,[1,2]]],0],[["cas",[0,[0,0]]],0],[["write",[1,4]],0]],"prevIndex":0,"prevTerm":0,"commit":0},"id":166}
DEBUG:root:sending {"dest": "n1", "src": "n2", "body": {"msg_id": 17, "in_reply_to": 74, "type": "AppendEntriesRes", "res": true, "term": 0, "next": 1, "commit": 0}}
DEBUG:root:received {"dest":"n2","src":"n1","body":{"msg_id":79,"type":"AppendEntries","term":0,"prevIndex":0,"prevTerm":0,"entries":[[["pass",null],0],[["cas",[1,[3,3]]],0],[["cas",[1,[1,2]]],0],[["cas",[0,[0,0]]],0],[["write",[1,4]],0]],"commit":0},"id":174}
DEBUG:root:sending {"dest": "n1", "src": "n2", "body": {"msg_id": 18, "in_reply_to": 79, "type": "AppendEntriesRes", "res": true, "term": 0, "next": 1, "commit": 0}}
DEBUG:root:received {"dest":"n2","src":"n1","body":{"msg_id":84,"type":"AppendEntries","term":0,"entries":[[["cas",[1,[3,3]]],0],[["cas",[1,[1,2]]],0],[["cas",[0,[0,0]]],0],[["write",[1,4]],0],[["cas",[2,[3,3]]],0]],"prevIndex":0,"prevTerm":0,"commit":0},"id":187}
DEBUG:root:sending {"dest": "n1", "src": "n2", "body": {"msg_id": 19, "in_reply_to": 84, "type": "AppendEntriesRes", "res": true, "term": 0, "next": 1, "commit": 0}}
DEBUG:root:received {"dest":"n2","src":"n1","body":{"msg_id":89,"type":"AppendEntries","term":0,"prevIndex":0,"prevTerm":0,"entries":[[["pass",null],0],[["cas",[1,[3,3]]],0],[["cas",[1,[1,2]]],0],[["cas",[0,[0,0]]],0],[["write",[1,4]],0],[["cas",[2,[3,3]]],0]],"commit":0},"id":196}
DEBUG:root:sending {"dest": "n1", "src": "n2", "body": {"msg_id": 20, "in_reply_to": 89, "type": "AppendEntriesRes", "res": true, "term": 0, "next": 1, "commit": 0}}
DEBUG:root:received {"dest":"n2","body":{"key":0,"type":"read","msg_id":2},"src":"c14","id":205}
DEBUG:root:sending {"dest": "c14", "src": "n2", "body": {"msg_id": 21, "in_reply_to": 2, "type": "error", "code": 11, "text": "Not Leader"}}
DEBUG:root:received {"dest":"n2","src":"n1","body":{"msg_id":95,"type":"AppendEntries","term":0,"prevIndex":0,"prevTerm":0,"entries":[[["pass",null],0],[["cas",[1,[3,3]]],0],[["cas",[1,[1,2]]],0],[["cas",[0,[0,0]]],0],[["write",[1,4]],0],[["cas",[2,[3,3]]],0]],"commit":0},"id":210}
DEBUG:root:sending {"dest": "n1", "src": "n2", "body": {"msg_id": 22, "in_reply_to": 95, "type": "AppendEntriesRes", "res": true, "term": 0, "next": 1, "commit": 0}}
DEBUG:root:received {"dest":"n2","src":"n1","body":{"msg_id":101,"type":"AppendEntries","term":0,"prevIndex":0,"prevTerm":0,"entries":[[["pass",null],0],[["cas",[1,[3,3]]],0],[["cas",[1,[1,2]]],0],[["cas",[0,[0,0]]],0],[["write",[1,4]],0],[["cas",[2,[3,3]]],0]],"commit":0},"id":222}
DEBUG:root:sending {"dest": "n1", "src": "n2", "body": {"msg_id": 23, "in_reply_to": 101, "type": "AppendEntriesRes", "res": true, "term": 0, "next": 1, "commit": 0}}
DEBUG:root:received {"dest":"n2","src":"n1","body":{"msg_id":106,"type":"AppendEntries","term":0,"entries":[[["cas",[1,[3,3]]],0],[["cas",[1,[1,2]]],0],[["cas",[0,[0,0]]],0],[["write",[1,4]],0],[["cas",[2,[3,3]]],0],[["write",[0,3]],0]],"prevIndex":0,"prevTerm":0,"commit":0},"id":236}
DEBUG:root:sending {"dest": "n1", "src": "n2", "body": {"msg_id": 24, "in_reply_to": 106, "type": "AppendEntriesRes", "res": true, "term": 0, "next": 1, "commit": 0}}
DEBUG:root:received {"dest":"n2","src":"n1","body":{"msg_id":111,"type":"AppendEntries","term":0,"prevIndex":0,"prevTerm":0,"entries":[[["pass",null],0],[["cas",[1,[3,3]]],0],[["cas",[1,[1,2]]],0],[["cas",[0,[0,0]]],0],[["write",[1,4]],0],[["cas",[2,[3,3]]],0],[["write",[0,3]],0]],"commit":0},"id":245}
DEBUG:root:sending {"dest": "n1", "src": "n2", "body": {"msg_id": 25, "in_reply_to": 111, "type": "AppendEntriesRes", "res": true, "term": 0, "next": 1, "commit": 0}}
DEBUG:root:received {"dest":"n2","src":"n1","body":{"msg_id":117,"type":"AppendEntries","term":0,"prevIndex":0,"prevTerm":0,"entries":[[["pass",null],0],[["cas",[1,[3,3]]],0],[["cas",[1,[1,2]]],0],[["cas",[0,[0,0]]],0],[["write",[1,4]],0],[["cas",[2,[3,3]]],0],[["write",[0,3]],0]],"commit":0},"id":255}
DEBUG:root:sending {"dest": "n1", "src": "n2", "body": {"msg_id": 26, "in_reply_to": 117, "type": "AppendEntriesRes", "res": true, "term": 0, "next": 1, "commit": 0}}
DEBUG:root:received {"dest":"n2","src":"n1","body":{"msg_id":123,"type":"AppendEntries","term":0,"prevIndex":0,"prevTerm":0,"entries":[[["pass",null],0],[["cas",[1,[3,3]]],0],[["cas",[1,[1,2]]],0],[["cas",[0,[0,0]]],0],[["write",[1,4]],0],[["cas",[2,[3,3]]],0],[["write",[0,3]],0]],"commit":0},"id":265}
DEBUG:root:sending {"dest": "n1", "src": "n2", "body": {"msg_id": 27, "in_reply_to": 123, "type": "AppendEntriesRes", "res": true, "term": 0, "next": 1, "commit": 0}}
