DEBUG:root:received {"dest":"n4","body":{"type":"init","node_id":"n4","node_ids":["n1","n2","n3","n4","n5"],"msg_id":1},"src":"c1","id":2}
INFO:root:node n4 initialized
DEBUG:root:sending {"dest": "c1", "src": "n4", "body": {"msg_id": 1, "in_reply_to": 1, "type": "init_ok"}}
DEBUG:root:received {"dest":"n4","src":"n1","body":{"msg_id":5,"type":"AppendEntries","term":0,"prevIndex":0,"prevTerm":0,"entries":[[["pass",null],0]],"commit":0},"id":15}
DEBUG:root:sending {"dest": "n1", "src": "n4", "body": {"msg_id": 2, "in_reply_to": 5, "type": "AppendEntriesRes", "res": true, "term": 0, "next": 1, "commit": 0}}
DEBUG:root:received {"dest":"n4","src":"n1","body":{"msg_id":11,"type":"AppendEntries","term":0,"prevIndex":0,"prevTerm":0,"entries":[[["pass",null],0]],"commit":0},"id":27}
DEBUG:root:sending {"dest": "n1", "src": "n4", "body": {"msg_id": 3, "in_reply_to": 11, "type": "AppendEntriesRes", "res": true, "term": 0, "next": 1, "commit": 0}}
DEBUG:root:received {"dest":"n4","src":"n1","body":{"msg_id":16,"type":"AppendEntries","term":0,"entries":[[["cas",[1,[3,3]]],0]],"prevIndex":0,"prevTerm":0,"commit":0},"id":37}
DEBUG:root:sending {"dest": "n1", "src": "n4", "body": {"msg_id": 4, "in_reply_to": 16, "type": "AppendEntriesRes", "res": true, "term": 0, "next": 1, "commit": 0}}
DEBUG:root:received {"dest":"n4","src":"n1","body":{"msg_id":21,"type":"AppendEntries","term":0,"prevIndex":0,"prevTerm":0,"entries":[[["pass",null],0],[["cas",[1,[3,3]]],0]],"commit":0},"id":46}
DEBUG:root:sending {"dest": "n1", "src": "n4", "body": {"msg_id": 5, "in_reply_to": 21, "type": "AppendEntriesRes", "res": true, "term": 0, "next": 1, "commit": 0}}
DEBUG:root:received {"dest":"n4","body":{"key":1,"from":2,"to":4,"type":"cas","msg_id":1},"src":"c15","id":57}
DEBUG:root:sending {"dest": "c15", "src": "n4", "body": {"msg_id": 6, "in_reply_to": 1, "type": "error", "code": 11, "text": "Not Leader"}}
DEBUG:root:received {"dest":"n4","src":"n1","body":{"msg_id":27,"type":"AppendEntries","term":0,"prevIndex":0,"prevTerm":0,"entries":[[["pass",null],0],[["cas",[1,[3,3]]],0]],"commit":0},"id":62}
DEBUG:root:sending {"dest": "n1", "src": "n4", "body": {"msg_id": 7, "in_reply_to": 27, "type": "AppendEntriesRes", "res": true, "term": 0, "next": 1, "commit": 0}}
DEBUG:root:received {"dest":"n4","src":"n1","body":{"msg_id":33,"type":"AppendEntries","term":0,"prevIndex":0,"prevTerm":0,"entries":[[["pass",null],0],[["cas",[1,[3,3]]],0]],"commit":0},"id":74}
DEBUG:root:sending {"dest": "n1", "src": "n4", "body": {"msg_id": 8, "in_reply_to": 33, "type": "AppendEntriesRes", "res": true, "term": 0, "next": 1, "commit": 0}}
DEBUG:root:received {"dest":"n4","body":{"key":1,"from":0,"to":4,"type":"cas","msg_id":1},"src":"c18","id":83}
DEBUG:root:sending {"dest": "c18", "src": "n4", "body": {"msg_id": 9, "in_reply_to": 1, "type": "error", "code": 11, "text": "Not Leader"}}
DEBUG:root:received {"dest":"n4","src":"n1","body":{"msg_id":39,"type":"AppendEntries","term":0,"prevIndex":0,"prevTerm":0,"entries":[[["pass",null],0],[["cas",[1,[3,3]]],0]],"commit":0},"id":88}
DEBUG:root:sending {"dest": "n1", "src": "n4", "body": {"msg_id": 10, "in_reply_to": 39, "type": "AppendEntriesRes", "res": true, "term": 0, "next": 1, "commit": 0}}
DEBUG:root:received {"dest":"n4","src":"n1","body":{"msg_id":45,"type":"AppendEntries","term":0,"prevIndex":0,"prevTerm":0,"entries":[[["pass",null],0],[["cas",[1,[3,3]]],0]],"commit":0},"id":100}
DEBUG:root:sending {"dest": "n1", "src": "n4", "body": {"msg_id": 11, "in_reply_to": 45, "type": "AppendEntriesRes", "res": true, "term": 0, "next": 1, "commit": 0}}
DEBUG:root:received {"dest":"n4","src":"n1","body":{"msg_id":50,"type":"AppendEntries","term":0,"entries":[[["cas",[1,[3,3]]],0],[["cas",[1,[1,2]]],0]],"prevIndex":0,"prevTerm":0,"commit":0},"id":110}
DEBUG:root:sending {"dest": "n1", "src": "n4", "body": {"msg_id": 12, "in_reply_to": 50, "type": "AppendEntriesRes", "res": true, "term": 0, "next": 1, "commit": 0}}
DEBUG:root:received {"dest":"n4","src":"n1","body":{"msg_id":55,"type":"AppendEntries","term":0,"prevIndex":0,"prevTerm":0,"entries":[[["pass",null],0],[["cas",[1,[3,3]]],0],[["cas",[1,[1,2]]],0]],"commit":0},"id":119}
DEBUG:root:sending {"dest": "n1", "src": "n4", "body": {"msg_id": 13, "in_reply_to": 55, "type": "AppendEntriesRes", "res": true, "term": 0, "next": 1, "commit": 0}}
DEBUG:root:received {"dest":"n4","src":"n1","body":{"msg_id":60,"type":"AppendEntries","term":0,"entries":[[["cas",[1,[3,3]]],0],[["cas",[1,[1,2]]],0],[["cas",[0,[0,0]]],0]],"prevIndex":0,"prevTerm":0,"commit":0},"id":129}
DEBUG:root:sending {"dest": "n1", "src": "n4", "body": {"msg_id": 14, "in_reply_to": 60, "type": "AppendEntriesRes", "res": true, "term": 0, "next": 1, "commit": 0}}
DEBUG:root:received {"dest":"n4","src":"n1","body":{"msg_id":65,"type":"AppendEntries","term":0,"prevIndex":0,"prevTerm":0,"entries":[[["pass",null],0],[["cas",[1,[3,3]]],0],[["cas",[1,[1,2]]],0],[["cas",[0,[0,0]]],0]],"commit":0},"id":140}
DEBUG:root:sending {"dest": "n1", "src": "n4", "body": {"msg_id": 15, "in_reply_to": 65, "type": "AppendEntriesRes", "res": true, "term": 0, "next": 1, "commit": 0}}
DEBUG:root:received {"dest":"n4","body":{"key":1,"from":4,"to":1,"type":"cas","msg_id":2},"src":"c18","id":147}
DEBUG:root:sending {"dest": "c18", "src": "n4", "body": {"msg_id": 16, "in_reply_to": 2, "type": "error", "code": 11, "text": "Not Leader"}}
DEBUG:root:received {"dest":"n4","src":"n1","body":{"msg_id":71,"type":"AppendEntries","term":0,"prevIndex":0,"prevTerm":0,"entries":[[["pass",null],0],[["cas",[1,[3,3]]],0],[["cas",[1,[1,2]]],0],[["cas",[0,[0,0]]],0]],"commit":0},"id":152}
DEBUG:root:sending {"dest": "n1", "src": "n4", "body": {"msg_id": 17, "in_reply_to": 71, "type": "AppendEntriesRes", "res": true, "term": 0, "next": 1, "commit": 0}}
DEBUG:root:received {"dest":"n4","body":{"key":0,"type":"read","msg_id":1},"src":"c22","id":159}
DEBUG:root:sending {"dest": "c22", "src": "n4", "body": {"msg_id": 18, "in_reply_to": 1, "type": "error", "code": 11, "text": "Not Leader"}}
DEBUG:root:received {"dest":"n4","body":{"key":1,"value":3,"type":"write","msg_id":3},"src":"c18","id":163}
DEBUG:root:sending {"dest": "c18", "src": "n4", "body": {"msg_id": 19, "in_reply_to": 3, "type": "error", "code": 11, "text": "Not Leader"}}
DEBUG:root:received {"dest":"n4","src":"n1","body":{"msg_id":76,"type":"AppendEntries","term":0,"entries":[[["cas",[1,[3,3]]],0],[["cas",[1,[1,2]]],0],[["cas",[0,[0,0]]],0],[["write",[1,4]],0]],"prevIndex":0,"prevTerm":0,"commit":0},"id":168}
DEBUG:root:sending {"dest": "n1", "src": "n4", "body": {"msg_id": 20, "in_reply_to": 76, "type": "AppendEntriesRes", "res": true, "term": 0, "next": 1, "commit": 0}}
DEBUG:root:received {"dest":"n4","src":"n1","body":{"msg_id":81,"type":"AppendEntries","term":0,"prevIndex":0,"prevTerm":0,"entries":[[["pass",null],0],[["cas",[1,[3,3]]],0],[["cas",[1,[1,2]]],0],[["cas",[0,[0,0]]],0],[["write",[1,4]],0]],"commit":0},"id":177}
DEBUG:root:sending {"dest": "n1", "src": "n4", "body": {"msg_id": 21, "in_reply_to": 81, "type": "AppendEntriesRes", "res": true, "term": 0, "next": 1, "commit": 0}}
DEBUG:root:received {"dest":"n4","src":"n1","body":{"msg_id":86,"type":"AppendEntries","term":0,"entries":[[["cas",[1,[3,3]]],0],[["cas",[1,[1,2]]],0],[["cas",[0,[0,0]]],0],[["write",[1,4]],0],[["cas",[2,[3,3]]],0]],"prevIndex":0,"prevTerm":0,"commit":0},"id":189}
DEBUG:root:sending {"dest": "n1", "src": "n4", "body": {"msg_id": 22, "in_reply_to": 86, "type": "AppendEntriesRes", "res": true, "term": 0, "next": 1, "commit": 0}}
DEBUG:root:received {"dest":"n4","src":"n1","body":{"msg_id":91,"type":"AppendEntries","term":0,"prevIndex":0,"prevTerm":0,"entries":[[["pass",null],0],[["cas",[1,[3,3]]],0],[["cas",[1,[1,2]]],0],[["cas",[0,[0,0]]],0],[["write",[1,4]],0],[["cas",[2,[3,3]]],0]],"commit":0},"id":198}
DEBUG:root:sending {"dest": "n1", "src": "n4", "body": {"msg_id": 23, "in_reply_to": 91, "type": "AppendEntriesRes", "res": true, "term": 0, "next": 1, "commit": 0}}
DEBUG:root:received {"dest":"n4","src":"n1","body":{"msg_id":97,"type":"AppendEntries","term":0,"prevIndex":0,"prevTerm":0,"entries":[[["pass",null],0],[["cas",[1,[3,3]]],0],[["cas",[1,[1,2]]],0],[["cas",[0,[0,0]]],0],[["write",[1,4]],0],[["cas",[2,[3,3]]],0]],"commit":0},"id":212}
DEBUG:root:sending {"dest": "n1", "src": "n4", "body": {"msg_id": 24, "in_reply_to": 97, "type": "AppendEntriesRes", "res": true, "term": 0, "next": 1, "commit": 0}}
DEBUG:root:received {"dest":"n4","src":"n1","body":{"msg_id":103,"type":"AppendEntries","term":0,"prevIndex":0,"prevTerm":0,"entries":[[["pass",null],0],[["cas",[1,[3,3]]],0],[["cas",[1,[1,2]]],0],[["cas",[0,[0,0]]],0],[["write",[1,4]],0],[["cas",[2,[3,3]]],0]],"commit":0},"id":224}
DEBUG:root:sending {"dest": "n1", "src": "n4", "body": {"msg_id": 25, "in_reply_to": 103, "type": "AppendEntriesRes", "res": true, "term": 0, "next": 1, "commit": 0}}
DEBUG:root:received {"dest":"n4","src":"n1","body":{"msg_id":108,"type":"AppendEntries","term":0,"entries":[[["cas",[1,[3,3]]],0],[["cas",[1,[1,2]]],0],[["cas",[0,[0,0]]],0],[["write",[1,4]],0],[["cas",[2,[3,3]]],0],[["write",[0,3]],0]],"prevIndex":0,"prevTerm":0,"commit":0},"id":238}
DEBUG:root:sending {"dest": "n1", "src": "n4", "body": {"msg_id": 26, "in_reply_to": 108, "type": "AppendEntriesRes", "res": true, "term": 0, "next": 1, "commit": 0}}
DEBUG:root:received {"dest":"n4","src":"n1","body":{"msg_id":113,"type":"AppendEntries","term":0,"prevIndex":0,"prevTerm":0,"entries":[[["pass",null],0],[["cas",[1,[3,3]]],0],[["cas",[1,[1,2]]],0],[["cas",[0,[0,0]]],0],[["write",[1,4]],0],[["cas",[2,[3,3]]],0],[["write",[0,3]],0]],"commit":0},"id":247}
DEBUG:root:sending {"dest": "n1", "src": "n4", "body": {"msg_id": 27, "in_reply_to": 113, "type": "AppendEntriesRes", "res": true, "term": 0, "next": 1, "commit": 0}}
DEBUG:root:received {"dest":"n4","src":"n1","body":{"msg_id":119,"type":"AppendEntries","term":0,"prevIndex":0,"prevTerm":0,"entries":[[["pass",null],0],[["cas",[1,[3,3]]],0],[["cas",[1,[1,2]]],0],[["cas",[0,[0,0]]],0],[["write",[1,4]],0],[["cas",[2,[3,3]]],0],[["write",[0,3]],0]],"commit":0},"id":257}
DEBUG:root:sending {"dest": "n1", "src": "n4", "body": {"msg_id": 28, "in_reply_to": 119, "type": "AppendEntriesRes", "res": true, "term": 0, "next": 1, "commit": 0}}
DEBUG:root:received {"dest":"n4","src":"n1","body":{"msg_id":125,"type":"AppendEntries","term":0,"prevIndex":0,"prevTerm":0,"entries":[[["pass",null],0],[["cas",[1,[3,3]]],0],[["cas",[1,[1,2]]],0],[["cas",[0,[0,0]]],0],[["write",[1,4]],0],[["cas",[2,[3,3]]],0],[["write",[0,3]],0]],"commit":0},"id":267}
DEBUG:root:sending {"dest": "n1", "src": "n4", "body": {"msg_id": 29, "in_reply_to": 125, "type": "AppendEntriesRes", "res": true, "term": 0, "next": 1, "commit": 0}}
