DEBUG:root:received {"dest":"n5","body":{"type":"init","node_id":"n5","node_ids":["n1","n2","n3","n4","n5"],"msg_id":1},"src":"c2","id":1}
INFO:root:node n5 initialized
DEBUG:root:sending {"dest": "c2", "src": "n5", "body": {"msg_id": 1, "in_reply_to": 1, "type": "init_ok"}}
DEBUG:root:received {"dest":"n5","src":"n1","body":{"msg_id":6,"type":"AppendEntries","term":0,"prevIndex":0,"prevTerm":0,"entries":[[["pass",null],0]],"commit":0},"id":16}
DEBUG:root:sending {"dest": "n1", "src": "n5", "body": {"msg_id": 2, "in_reply_to": 6, "type": "AppendEntriesRes", "res": true, "term": 0, "next": 1, "commit": 0}}
DEBUG:root:received {"dest":"n5","body":{"key":1,"from":4,"to":0,"type":"cas","msg_id":1},"src":"c11","id":20}
DEBUG:root:sending {"dest": "c11", "src": "n5", "body": {"msg_id": 3, "in_reply_to": 1, "type": "error", "code": 11, "text": "Not Leader"}}
DEBUG:root:received {"dest":"n5","src":"n1","body":{"msg_id":12,"type":"AppendEntries","term":0,"prevIndex":0,"prevTerm":0,"entries":[[["pass",null],0]],"commit":0},"id":30}
DEBUG:root:sending {"dest": "n1", "src": "n5", "body": {"msg_id": 4, "in_reply_to": 12, "type": "AppendEntriesRes", "res": true, "term": 0, "next": 1, "commit": 0}}
DEBUG:root:received {"dest":"n5","src":"n1","body":{"msg_id":17,"type":"AppendEntries","term":0,"entries":[[["cas",[1,[3,3]]],0]],"prevIndex":0,"prevTerm":0,"commit":0},"id":39}
DEBUG:root:sending {"dest": "n1", "src": "n5", "body": {"msg_id": 5, "in_reply_to": 17, "type": "AppendEntriesRes", "res": true, "term": 0, "next": 1, "commit": 0}}
DEBUG:root:received {"dest":"n5","src":"n1","body":{"msg_id":22,"type":"AppendEntries","term":0,"prevIndex":0,"prevTerm":0,"entries":[[["pass",null],0],[["cas",[1,[3,3]]],0]],"commit":0},"id":49}
DEBUG:root:sending {"dest": "n1", "src": "n5", "body": {"msg_id": 6, "in_reply_to": 22, "type": "AppendEntriesRes", "res": true, "term": 0, "next": 1, "commit": 0}}
DEBUG:root:received {"dest":"n5","src":"n1","body":{"msg_id":28,"type":"AppendEntries","term":0,"prevIndex":0,"prevTerm":0,"entries":[[["pass",null],0],[["cas",[1,[3,3]]],0]],"commit":0},"id":64}
DEBUG:root:sending {"dest": "n1", "src": "n5", "body": {"msg_id": 7, "in_reply_to": 28, "type": "AppendEntriesRes", "res": true, "term": 0, "next": 1, "commit": 0}}
DEBUG:root:received {"dest":"n5","src":"n1","body":{"msg_id":34,"type":"AppendEntries","term":0,"prevIndex":0,"prevTerm":0,"entries":[[["pass",null],0],[["cas",[1,[3,3]]],0]],"commit":0},"id":77}
DEBUG:root:sending {"dest": "n1", "src": "n5", "body": {"msg_id": 8, "in_reply_to": 34, "type": "AppendEntriesRes", "res": true, "term": 0, "next": 1, "commit": 0}}
DEBUG:root:received {"dest":"n5","src":"n1","body":{"msg_id":40,"type":"AppendEntries","term":0,"prevIndex":0,"prevTerm":0,"entries":[[["pass",null],0],[["cas",[1,[3,3]]],0]],"commit":0},"id":91}
DEBUG:root:sending {"dest": "n1", "src": "n5", "body": {"msg_id": 9, "in_reply_to": 40, "type": "AppendEntriesRes", "res": true, "term": 0, "next": 1, "commit": 0}}
DEBUG:root:received {"dest":"n5","body":{"key":0,"type":"read","msg_id":1},"src":"c19","id":95}
DEBUG:root:sending {"dest": "c19", "src": "n5", "body": {"msg_id": 10, "in_reply_to": 1, "type": "error", "code": 11, "text": "Not Leader"}}
DEBUG:root:received {"dest":"n5","src":"n1","body":{"msg_id":46,"type":"AppendEntries","term":0,"prevIndex":0,"prevTerm":0,"entries":[[["pass",null],0],[["cas",[1,[3,3]]],0]],"commit":0},"id":102}
DEBUG:root:sending {"dest": "n1", "src": "n5", "body": {"msg_id": 11, "in_reply_to": 46, "type": "AppendEntriesRes", "res": true, "term": 0, "next": 1, "commit": 0}}
DEBUG:root:received {"dest":"n5","src":"n1","body":{"msg_id":51,"type":"AppendEntries","term":0,"entries":[[["cas",[1,[3,3]]],0],[["cas",[1,[1,2]]],0]],"prevIndex":0,"prevTerm":0,"commit":0},"id":111}
DEBUG:root:sending {"dest": "n1", "src": "n5", "body": {"msg_id": 12, "in_reply_to": 51, "type": "AppendEntriesRes", "res": true, "term": 0, "next": 1, "commit": 0}}
DEBUG:root:received {"dest":"n5","src":"n1","body":{"msg_id":56,"type":"AppendEntries","term":0,"prevIndex":0,"prevTerm":0,"entries":[[["pass",null],0],[["cas",[1,[3,3]]],0],[["cas",[1,[1,2]]],0]],"commit":0},"id":120}
DEBUG:root:sending {"dest": "n1", "src": "n5", "body": {"msg_id": 13, "in_reply_to": 56, "type": "AppendEntriesRes", "res": true, "term": 0, "next": 1, "commit": 0}}
DEBUG:root:received {"dest":"n5","src":"n1","body":{"msg_id":61,"type":"AppendEntries","term":0,"entries":[[["cas",[1,[3,3]]],0],[["cas",[1,[1,2]]],0],[["cas",[0,[0,0]]],0]],"prevIndex":0,"prevTerm":0,"commit":0},"id":131}
DEBUG:root:sending {"dest": "n1", "src": "n5", "body": {"msg_id": 14, "in_reply_to": 61, "type": "AppendEntriesRes", "res": true, "term": 0, "next": 1, "commit": 0}}
DEBUG:root:received {"dest":"n5","body":{"key":1,"value":2,"type":"write","msg_id":1},"src":"c21","id":135}
DEBUG:root:sending {"dest": "c21", "src": "n5", "body": {"msg_id": 15, "in_reply_to": 1, "type": "error", "code": 11, "text": "Not Leader"}}
DEBUG:root:received {"dest":"n5","src":"n1","body":{"msg_id":66,"type":"AppendEntries","term":0,"prevIndex":0,"prevTerm":0,"entries":[[["pass",null],0],[["cas",[1,[3,3]]],0],[["cas",[1,[1,2]]],0],[["cas",[0,[0,0]]],0]],"commit":0},"id":141}
DEBUG:root:sending {"dest": "n1", "src": "n5", "body": {"msg_id": 16, "in_reply_to": 66, "type": "AppendEntriesRes", "res": true, "term": 0, "next": 1, "commit": 0}}
DEBUG:root:received {"dest":"n5","src":"n1","body":{"msg_id":72,"type":"AppendEntries","term":0,"prevIndex":0,"prevTerm":0,"entries":[[["pass",null],0],[["cas",[1,[3,3]]],0],[["cas",[1,[1,2]]],0],[["cas",[0,[0,0]]],0]],"commit":0},"id":153}
DEBUG:root:sending {"dest": "n1", "src": "n5", "body": {"msg_id": 17, "in_reply_to": 72, "type": "AppendEntriesRes", "res": true, "term": 0, "next": 1, "commit": 0}}
DEBUG:root:received {"dest":"n5","body":{"key":1,"from":3,"to":0,"type":"cas","msg_id":2},"src":"c21","id":161}
DEBUG:root:sending {"dest": "c21", "src": "n5", "body": {"msg_id": 18, "in_reply_to": 2, "type": "error", "code": 11, "text": "Not Leader"}}
DEBUG:root:received {"dest":"n5","src":"n1","body":{"msg_id":77,"type":"AppendEntries","term":0,"entries":[[["cas",[1,[3,3]]],0],[["cas",[1,[1,2]]],0],[["cas",[0,[0,0]]],0],[["write",[1,4]],0]],"prevIndex":0,"prevTerm":0,"commit":0},"id":171}
DEBUG:root:sending {"dest": "n1", "src": "n5", "body": {"msg_id": 19, "in_reply_to": 77, "type": "AppendEntriesRes", "res": true, "term": 0, "next": 1, "commit": 0}}
DEBUG:root:received {"dest":"n5","src":"n1","body":{"msg_id":82,"type":"AppendEntries","term":0,"prevIndex":0,"prevTerm":0,"entries":[[["pass",null],0],[["cas",[1,[3,3]]],0],[["cas",[1,[1,2]]],0],[["cas",[0,[0,0]]],0],[["write",[1,4]],0]],"commit":0},"id":181}
DEBUG:root:sending {"dest": "n1", "src": "n5", "body": {"msg_id": 20, "in_reply_to": 82, "type": "AppendEntriesRes", "res": true, "term": 0, "next": 1, "commit": 0}}
DEBUG:root:received {"dest":"n5","body":{"key":1,"value":4,"type":"write","msg_id":2},"src":"c11","id":184}
DEBUG:root:sending {"dest": "c11", "src": "n5", "body": {"msg_id": 21, "in_reply_to": 2, "type": "error", "code": 11, "text": "Not Leader"}}
DEBUG:root:received {"dest":"n5","src":"n1","body":{"msg_id":87,"type":"AppendEntries","term":0,"entries":[[["cas",[1,[3,3]]],0],[["cas",[1,[1,2]]],0],[["cas",[0,[0,0]]],0],[["write",[1,4]],0],[["cas",[2,[3,3]]],0]],"prevIndex":0,"prevTerm":0,"commit":0},"id":192}
DEBUG:root:sending {"dest": "n1", "src": "n5", "body": {"msg_id": 22, "in_reply_to": 87, "type": "AppendEntriesRes", "res": true, "term": 0, "next": 1, "commit": 0}}
DEBUG:root:received {"dest":"n5","src":"n1","body":{"msg_id":92,"type":"AppendEntries","term":0,"prevIndex":0,"prevTerm":0,"entries":[[["pass",null],0],[["cas",[1,[3,3]]],0],[["cas",[1,[1,2]]],0],[["cas",[0,[0,0]]],0],[["write",[1,4]],0],[["cas",[2,[3,3]]],0]],"commit":0},"id":200}
DEBUG:root:sending {"dest": "n1", "src": "n5", "body": {"msg_id": 23, "in_reply_to": 92, "type": "AppendEntriesRes", "res": true, "term": 0, "next": 1, "commit": 0}}
DEBUG:root:received {"dest":"n5","src":"n1","body":{"msg_id":98,"type":"AppendEntries","term":0,"prevIndex":0,"prevTerm":0,"entries":[[["pass",null],0],[["cas",[1,[3,3]]],0],[["cas",[1,[1,2]]],0],[["cas",[0,[0,0]]],0],[["write",[1,4]],0],[["cas",[2,[3,3]]],0]],"commit":0},"id":213}
DEBUG:root:sending {"dest": "n1", "src": "n5", "body": {"msg_id": 24, "in_reply_to": 98, "type": "AppendEntriesRes", "res": true, "term": 0, "next": 1, "commit": 0}}
DEBUG:root:received {"dest":"n5","src":"n1","body":{"msg_id":104,"type":"AppendEntries","term":0,"prevIndex":0,"prevTerm":0,"entries":[[["pass",null],0],[["cas",[1,[3,3]]],0],[["cas",[1,[1,2]]],0],[["cas",[0,[0,0]]],0],[["write",[1,4]],0],[["cas",[2,[3,3]]],0]],"commit":0},"id":225}
DEBUG:root:sending {"dest": "n1", "src": "n5", "body": {"msg_id": 25, "in_reply_to": 104, "type": "AppendEntriesRes", "res": true, "term": 0, "next": 1, "commit": 0}}
DEBUG:root:received {"dest":"n5","body":{"key":0,"from":3,"to":2,"type":"cas","msg_id":1},"src":"c25","id":233}
DEBUG:root:sending {"dest": "c25", "src": "n5", "body": {"msg_id": 26, "in_reply_to": 1, "type": "error", "code": 11, "text": "Not Leader"}}
DEBUG:root:received {"dest":"n5","src":"n1","body":{"msg_id":109,"type":"AppendEntries","term":0,"entries":[[["cas",[1,[3,3]]],0],[["cas",[1,[1,2]]],0],[["cas",[0,[0,0]]],0],[["write",[1,4]],0],[["cas",[2,[3,3]]],0],[["write",[0,3]],0]],"prevIndex":0,"prevTerm":0,"commit":0},"id":239}
DEBUG:root:sending {"dest": "n1", "src": "n5", "body": {"msg_id": 27, "in_reply_to": 109, "type": "AppendEntriesRes", "res": true, "term": 0, "next": 1, "commit": 0}}
DEBUG:root:received {"dest":"n5","src":"n1","body":{"msg_id":114,"type":"AppendEntries","term":0,"prevIndex":0,"prevTerm":0,"entries":[[["pass",null],0],[["cas",[1,[3,3]]],0],[["cas",[1,[1,2]]],0],[["cas",[0,[0,0]]],0],[["write",[1,4]],0],[["cas",[2,[3,3]]],0],[["write",[0,3]],0]],"commit":0},"id":248}
DEBUG:root:sending {"dest": "n1", "src": "n5", "body": {"msg_id": 28, "in_reply_to": 114, "type": "AppendEntriesRes", "res": true, "term": 0, "next": 1, "commit": 0}}
DEBUG:root:received {"dest":"n5","src":"n1","body":{"msg_id":120,"type":"AppendEntries","term":0,"prevIndex":0,"prevTerm":0,"entries":[[["pass",null],0],[["cas",[1,[3,3]]],0],[["cas",[1,[1,2]]],0],[["cas",[0,[0,0]]],0],[["write",[1,4]],0],[["cas",[2,[3,3]]],0],[["write",[0,3]],0]],"commit":0},"id":258}
DEBUG:root:sending {"dest": "n1", "src": "n5", "body": {"msg_id": 29, "in_reply_to": 120, "type": "AppendEntriesRes", "res": true, "term": 0, "next": 1, "commit": 0}}
DEBUG:root:received {"dest":"n5","src":"n1","body":{"msg_id":126,"type":"AppendEntries","term":0,"prevIndex":0,"prevTerm":0,"entries":[[["pass",null],0],[["cas",[1,[3,3]]],0],[["cas",[1,[1,2]]],0],[["cas",[0,[0,0]]],0],[["write",[1,4]],0],[["cas",[2,[3,3]]],0],[["write",[0,3]],0]],"commit":0},"id":268}
DEBUG:root:sending {"dest": "n1", "src": "n5", "body": {"msg_id": 30, "in_reply_to": 126, "type": "AppendEntriesRes", "res": true, "term": 0, "next": 1, "commit": 0}}
