2022-05-04 14:26:41,599{GMT}	INFO	[jepsen test runner] jepsen.core: Test version 99e6fb2a3505fae4b1987d97b445a48b7ad1f664 (plus uncommitted changes)
2022-05-04 14:26:41,600{GMT}	INFO	[jepsen test runner] jepsen.core: Command line:
lein run test --bin raft.py --workload lin-kv --time-limit 2 --concurrency 4n
2022-05-04 14:26:41,678{GMT}	INFO	[jepsen test runner] jepsen.core: Running test:
{:remote #jepsen.control.SSHRemote{:session nil}
 :log-net-send false
 :node-count nil
 :max-txn-length 4
 :concurrency 20
 :db
 #object[maelstrom.db$db$reify__16747
         "0xcf0e8b4"
         "maelstrom.db$db$reify__16747@cf0e8b4"]
 :max-writes-per-key 16
 :leave-db-running? false
 :name "lin-kv"
 :logging-json? false
 :net-journal #object[clojure.lang.Atom "0x51a7ee4e" {:status :ready, :val []}]
 :start-time
 #object[org.joda.time.DateTime "0x424c8ebe" "2022-05-04T14:26:41.000+01:00"]
 :nemesis-interval 10
 :net
 #object[maelstrom.net$jepsen_adapter$reify__15560
         "0x7aafac17"
         "maelstrom.net$jepsen_adapter$reify__15560@7aafac17"]
 :client
 #object[maelstrom.workload.lin_kv$client$reify__17524
         "0x3054551f"
         "maelstrom.workload.lin_kv$client$reify__17524@3054551f"]
 :barrier
 #object[java.util.concurrent.CyclicBarrier
         "0x6b8cfbeb"
         "java.util.concurrent.CyclicBarrier@6b8cfbeb"]
 :log-stderr false
 :pure-generators true
 :ssh {:dummy? true}
 :rate 5
 :checker
 #object[jepsen.checker$compose$reify__8612
         "0x4603845b"
         "jepsen.checker$compose$reify__8612@4603845b"]
 :argv
 ("test"
  "--bin"
  "raft.py"
  "--workload"
  "lin-kv"
  "--time-limit"
  "2"
  "--concurrency"
  "4n")
 :nemesis
 (jepsen.nemesis.ReflCompose
  {:fm {:start-partition 0,
        :stop-partition 0,
        :kill 1,
        :start 1,
        :pause 1,
        :resume 1},
   :nemeses [#unprintable "jepsen.nemesis.combined$partition_nemesis$reify__17019@414b5798"
             #unprintable "jepsen.nemesis.combined$db_nemesis$reify__17000@53251e03"]})
 :active-histories
 #object[clojure.lang.Atom "0x5ffae42f" {:status :ready, :val #{}}]
 :nodes ["n1" "n2" "n3" "n4" "n5"]
 :test-count 1
 :latency {:mean 0, :dist :constant}
 :bin "raft.py"
 :generator
 (jepsen.generator.TimeLimit
  {:limit 2000000000,
   :cutoff nil,
   :gen (jepsen.generator.Any
         {:gens [(jepsen.generator.OnThreads {:f #{:nemesis}, :gen nil})
                 (jepsen.generator.OnThreads
                  {:f #object[clojure.core$complement$fn__5654
                              "0x3eff5c32"
                              "clojure.core$complement$fn__5654@3eff5c32"],
                   :gen (jepsen.generator.Stagger
                         {:dt 400000000,
                          :next-time nil,
                          :gen (jepsen.generator.OnThreads
                                {:f #object[clojure.core$complement$fn__5654
                                            "0x79d538c1"
                                            "clojure.core$complement$fn__5654@79d538c1"],
                                 :gen (jepsen.independent.ConcurrentGenerator
                                       {:n 10,
                                        :fgen #object[jepsen.tests.linearizable_register$test$fn__17324
                                                      "0x31e08c61"
                                                      "jepsen.tests.linearizable_register$test$fn__17324@31e08c61"],
                                        :group->threads nil,
                                        :thread->group nil,
                                        :keys (0 1 2 3 4 5 6 7 ...),
                                        :gens nil})})})})]})})
 :log-net-recv false
 :os
 #object[jepsen.os$reify__2490 "0x2db15764" "jepsen.os$reify__2490@2db15764"]
 :time-limit 2
 :workload :lin-kv
 :consistency-models [:strict-serializable]
 :topology :grid}

2022-05-04 14:26:41,684{GMT}	INFO	[jepsen test runner] jepsen.db: Tearing down DB
2022-05-04 14:26:41,687{GMT}	INFO	[jepsen test runner] jepsen.db: Setting up DB
2022-05-04 14:26:41,688{GMT}	INFO	[jepsen node n4] maelstrom.db: Setting up n4
2022-05-04 14:26:41,689{GMT}	INFO	[jepsen node n4] maelstrom.process: launching raft.py nil
2022-05-04 14:26:41,688{GMT}	INFO	[jepsen node n3] maelstrom.db: Setting up n3
2022-05-04 14:26:41,689{GMT}	INFO	[jepsen node n3] maelstrom.process: launching raft.py nil
2022-05-04 14:26:41,688{GMT}	INFO	[jepsen node n5] maelstrom.db: Setting up n5
2022-05-04 14:26:41,691{GMT}	INFO	[jepsen node n1] maelstrom.service: Starting services: (lin-kv lin-tso lww-kv seq-kv)
2022-05-04 14:26:41,688{GMT}	INFO	[jepsen node n2] maelstrom.db: Setting up n2
2022-05-04 14:26:41,691{GMT}	INFO	[jepsen node n2] maelstrom.process: launching raft.py nil
2022-05-04 14:26:41,691{GMT}	INFO	[jepsen node n5] maelstrom.process: launching raft.py nil
2022-05-04 14:26:41,743{GMT}	INFO	[jepsen node n1] maelstrom.db: Setting up n1
2022-05-04 14:26:41,744{GMT}	INFO	[jepsen node n1] maelstrom.process: launching raft.py nil
2022-05-04 14:26:41,786{GMT}	INFO	[jepsen test runner] jepsen.core: Relative time begins now
2022-05-04 14:26:41,818{GMT}	INFO	[jepsen worker 2] jepsen.util: 2	:invoke	:read	[0 nil]
2022-05-04 14:26:41,818{GMT}	INFO	[jepsen worker 7] jepsen.util: 7	:invoke	:cas	[0 [4 1]]
2022-05-04 14:26:41,824{GMT}	INFO	[jepsen worker 7] jepsen.util: 7	:info	:cas	[0 [4 1]]	[:unknown "Not Leader"]
2022-05-04 14:26:41,824{GMT}	INFO	[jepsen worker 2] jepsen.util: 2	:fail	:read	[0 nil]	[:unknown "Not Leader"]
2022-05-04 14:26:42,023{GMT}	INFO	[jepsen worker 14] jepsen.util: 14	:invoke	:cas	[1 [0 2]]
2022-05-04 14:26:42,024{GMT}	INFO	[jepsen worker 14] jepsen.util: 14	:info	:cas	[1 [0 2]]	[:unknown "Not Leader"]
2022-05-04 14:26:42,419{GMT}	INFO	[jepsen worker 1] jepsen.util: 1	:invoke	:read	[0 nil]
2022-05-04 14:26:42,420{GMT}	INFO	[jepsen worker 1] jepsen.util: 1	:fail	:read	[0 nil]	[:unknown "Invalid Key"]
2022-05-04 14:26:42,636{GMT}	INFO	[jepsen worker 12] jepsen.util: 12	:invoke	:cas	[1 [1 2]]
2022-05-04 14:26:42,638{GMT}	INFO	[jepsen worker 12] jepsen.util: 12	:info	:cas	[1 [1 2]]	[:unknown "Not Leader"]
2022-05-04 14:26:42,721{GMT}	INFO	[jepsen worker 3] jepsen.util: 3	:invoke	:read	[0 nil]
2022-05-04 14:26:42,724{GMT}	INFO	[jepsen worker 3] jepsen.util: 3	:fail	:read	[0 nil]	[:unknown "Invalid Key"]
2022-05-04 14:26:42,992{GMT}	INFO	[jepsen worker 10] jepsen.util: 10	:invoke	:cas	[1 [2 1]]
2022-05-04 14:26:43,171{GMT}	INFO	[jepsen worker 3] jepsen.util: 3	:invoke	:read	[0 nil]
2022-05-04 14:26:43,173{GMT}	INFO	[jepsen worker 3] jepsen.util: 3	:fail	:read	[0 nil]	[:unknown "Invalid Key"]
2022-05-04 14:26:43,456{GMT}	INFO	[jepsen worker 3] jepsen.util: 3	:invoke	:read	[0 nil]
2022-05-04 14:26:43,458{GMT}	INFO	[jepsen worker 3] jepsen.util: 3	:fail	:read	[0 nil]	[:unknown "Invalid Key"]
2022-05-04 14:26:43,525{GMT}	INFO	[jepsen worker 16] jepsen.util: 16	:invoke	:cas	[1 [3 3]]
2022-05-04 14:26:43,621{GMT}	INFO	[jepsen worker 9] jepsen.util: 9	:invoke	:cas	[0 [4 1]]
2022-05-04 14:26:43,653{GMT}	INFO	[jepsen worker 1] jepsen.util: 1	:invoke	:read	[0 nil]
2022-05-04 14:26:43,993{GMT}	INFO	[jepsen worker 10] jepsen.util: 10	:info	:cas	[1 [2 1]]	:net-timeout
2022-05-04 14:26:44,526{GMT}	INFO	[jepsen worker 16] jepsen.util: 16	:info	:cas	[1 [3 3]]	:net-timeout
2022-05-04 14:26:44,621{GMT}	INFO	[jepsen worker 9] jepsen.util: 9	:info	:cas	[0 [4 1]]	:net-timeout
2022-05-04 14:26:44,653{GMT}	INFO	[jepsen worker 1] jepsen.util: 1	:fail	:read	[0 nil]	:net-timeout
2022-05-04 14:26:44,660{GMT}	INFO	[jepsen node n1] maelstrom.db: Tearing down n1
2022-05-04 14:26:44,660{GMT}	INFO	[jepsen node n3] maelstrom.db: Tearing down n3
2022-05-04 14:26:44,660{GMT}	INFO	[jepsen node n2] maelstrom.db: Tearing down n2
2022-05-04 14:26:44,661{GMT}	INFO	[jepsen node n4] maelstrom.db: Tearing down n4
2022-05-04 14:26:44,661{GMT}	INFO	[jepsen node n5] maelstrom.db: Tearing down n5
2022-05-04 14:26:45,601{GMT}	WARN	[main] jepsen.core: Test crashed!
clojure.lang.ExceptionInfo: Node n5 crashed with exit status 1. Before crashing, it wrote to STDOUT:

{"dest": "n2", "src": "n5", "body": {"msg_id": 48, "in_reply_to": 58, "type": "AppendEntriesRes", "res": true, "term": 9, "next": 2, "commit": 0}}
{"dest": "n1", "src": "n5", "body": {"msg_id": 49, "type": "RequestVote", "term": 10, "prevLogIndex": 1, "lastLogTerm": 0, "candidateId": "n5"}}
{"dest": "n2", "src": "n5", "body": {"msg_id": 50, "type": "RequestVote", "term": 10, "prevLogIndex": 1, "lastLogTerm": 0, "candidateId": "n5"}}
{"dest": "n3", "src": "n5", "body": {"msg_id": 51, "type": "RequestVote", "term": 10, "prevLogIndex": 1, "lastLogTerm": 0, "candidateId": "n5"}}
{"dest": "n4", "src": "n5", "body": {"msg_id": 52, "in_reply_to": 56, "type": "RequestVoteRes", "term": 10, "res": true}}
{"dest": "n4", "src": "n5", "body": {"msg_id": 53, "type": "RequestVote", "term": 10, "prevLogIndex": 1, "lastLogTerm": 0, "candidateId": "n5"}}
{"dest": "n5", "src": "n5", "body": {"msg_id": 54, "type": "RequestVote", "term": 10, "prevLogIndex": 1, "lastLogTerm": 0, "candidateId": "n5"}}
{"dest": "n4", "src": "n5", "body": {"msg_id": 55, "in_reply_to": 61, "type": "AppendEntriesRes", "res": true, "term": 10, "next": 2, "commit": 0}}
{"dest": "n5", "src": "n5", "body": {"msg_id": 56, "in_reply_to": 54, "type": "RequestVoteRes", "term": 10, "res": true}}
{"dest": "n1", "src": "n5", "body": {"msg_id": 57, "type": "AppendEntries", "term": 10, "prevIndex": 1, "prevTerm": 0, "entries": [], "commit": 0}}
{"dest": "n2", "src": "n5", "body": {"msg_id": 58, "type": "AppendEntries", "term": 10, "prevIndex": 1, "prevTerm": 0, "entries": [], "commit": 0}}
{"dest": "n3", "src": "n5", "body": {"msg_id": 59, "type": "AppendEntries", "term": 10, "prevIndex": 1, "prevTerm": 0, "entries": [], "commit": 0}}
{"dest": "n4", "src": "n5", "body": {"msg_id": 60, "type": "AppendEntries", "term": 10, "prevIndex": 1, "prevTerm": 0, "entries": [], "commit": 0}}
{"dest": "n4", "src": "n5", "body": {"msg_id": 61, "in_reply_to": 70, "type": "RequestVoteRes", "term": 11, "res": true}}
{"dest": "n4", "src": "n5", "body": {"msg_id": 62, "in_reply_to": 75, "type": "AppendEntriesRes", "res": true, "term": 11, "next": 2, "commit": 0}}
{"dest": "n1", "src": "n5", "body": {"msg_id": 63, "type": "RequestVote", "term": 12, "prevLogIndex": 1, "lastLogTerm": 0, "candidateId": "n5"}}
{"dest": "n2", "src": "n5", "body": {"msg_id": 64, "type": "RequestVote", "term": 12, "prevLogIndex": 1, "lastLogTerm": 0, "candidateId": "n5"}}
{"dest": "n3", "src": "n5", "body": {"msg_id": 65, "type": "RequestVote", "term": 12, "prevLogIndex": 1, "lastLogTerm": 0, "candidateId": "n5"}}
{"dest": "n4", "src": "n5", "body": {"msg_id": 66, "type": "RequestVote", "term": 12, "prevLogIndex": 1, "lastLogTerm": 0, "candidateId": "n5"}}
{"dest": "n5", "src": "n5", "body": {"msg_id": 67, "type": "RequestVote", "term": 12, "prevLogIndex": 1, "lastLogTerm": 0, "candidateId": "n5"}}
{"dest": "n5", "src": "n5", "body": {"msg_id": 68, "in_reply_to": 67, "type": "RequestVoteRes", "term": 12, "res": true}}
{"dest": "n1", "src": "n5", "body": {"msg_id": 69, "type": "AppendEntries", "term": 12, "prevIndex": 1, "prevTerm": 0, "entries": [], "commit": 0}}
{"dest": "n2", "src": "n5", "body": {"msg_id": 70, "type": "AppendEntries", "term": 12, "prevIndex": 1, "prevTerm": 0, "entries": [], "commit": 0}}
{"dest": "n3", "src": "n5", "body": {"msg_id": 71, "type": "AppendEntries", "term": 12, "prevIndex": 1, "prevTerm": 0, "entries": [], "commit": 0}}
{"dest": "n4", "src": "n5", "body": {"msg_id": 72, "type": "AppendEntries", "term": 12, "prevIndex": 1, "prevTerm": 0, "entries": [], "commit": 0}}
{"dest": "n2", "src": "n5", "body": {"msg_id": 73, "in_reply_to": 74, "type": "RequestVoteRes", "term": 12, "res": true}}
{"dest": "n4", "src": "n5", "body": {"msg_id": 74, "in_reply_to": 81, "type": "RequestVoteRes", "term": 12, "res": false}}
{"dest": "n1", "src": "n5", "body": {"msg_id": 75, "in_reply_to": 42, "type": "RequestVoteRes", "term": 12, "res": false}}
{"dest": "n2", "src": "n5", "body": {"msg_id": 76, "in_reply_to": 82, "type": "AppendEntriesRes", "res": true, "term": 12, "next": 2, "commit": 0}}
{"dest": "n4", "src": "n5", "body": {"msg_id": 77, "type": "AppendEntries", "term": 12, "prevIndex": 0, "prevTerm": 0, "entries": [[["pass", null], 0]], "commit": 0}}
{"dest": "n4", "src": "n5", "body": {"msg_id": 78, "type": "AppendEntries", "term": 12, "prevIndex": -1, "prevTerm": 0, "entries": [[["pass", null], 0], [["pass", null], 0]], "commit": 0}}
{"dest": "n4", "src": "n5", "body": {"msg_id": 79, "type": "AppendEntries", "term": 12, "prevIndex": -2, "prevTerm": 0, "entries": [[["pass", null], 0]], "commit": 0}}

And to STDERR:

node
n5
current term
12
next I
{'n1': 2, 'n2': 2, 'n3': 3, 'n4': -1, 'n5': 2}
log
[(('pass', None), 0), [['pass', None], 0]]
dest
n4

DEBUG:root:sending {"dest": "n4", "src": "n5", "body": {"msg_id": 79, "type": "AppendEntries", "term": 12, "prevIndex": -2, "prevTerm": 0, "entries": [[["pass", null], 0]], "commit": 0}}
DEBUG:root:received {"dest":"n5","src":"n4","body":{"msg_id":91,"in_reply_to":79,"type":"AppendEntriesRes","res":false,"term":13},"id":356}
INFO:root:387##########:
node
n5
current term
12
next I
{'n1': 2, 'n2': 2, 'n3': 3, 'n4': -2, 'n5': 2}
log
[(('pass', None), 0), [['pass', None], 0]]
dest
n4

ERROR:root:fatal exception in handler
Traceback (most recent call last):
  File "/home/peter/Documents/tf/lab3/ms.py", line 27, in exitOnError
    fn(*args)
  File "/home/peter/Documents/tf/lab3/raft.py", line 406, in handle
    send(node_id, dest, type='AppendEntries', term=current_term, prevIndex = nextIndex[dest]-1,prevTerm=log[nextIndex[dest]-1][1] ,entries=log[nextIndex[dest]:],commit=commitIndex)
IndexError: list index out of range

Full STDERR logs are available in /home/peter/Documents/tf/lab3/store/lin-kv/20220504T142641.000+0100/node-logs/n5.log
	at slingshot.support$stack_trace.invoke(support.clj:201)
	at maelstrom.process$stop_node_BANG_.invokeStatic(process.clj:239)
	at maelstrom.process$stop_node_BANG_.invoke(process.clj:217)
	at maelstrom.db$db$reify__16747.teardown_BANG_(db.clj:75)
	at jepsen.db$fn__3285$G__3281__3289.invoke(db.clj:11)
	at jepsen.db$fn__3285$G__3280__3294.invoke(db.clj:11)
	at clojure.core$partial$fn__5824.invoke(core.clj:2625)
	at jepsen.control$on_nodes$fn__3165.invoke(control.clj:452)
	at clojure.lang.AFn.applyToHelper(AFn.java:154)
	at clojure.lang.AFn.applyTo(AFn.java:144)
	at clojure.core$apply.invokeStatic(core.clj:665)
	at clojure.core$with_bindings_STAR_.invokeStatic(core.clj:1973)
	at clojure.core$with_bindings_STAR_.doInvoke(core.clj:1973)
	at clojure.lang.RestFn.applyTo(RestFn.java:142)
	at clojure.core$apply.invokeStatic(core.clj:669)
	at clojure.core$bound_fn_STAR_$fn__5734.doInvoke(core.clj:2003)
	at clojure.lang.RestFn.invoke(RestFn.java:408)
	at dom_top.core$real_pmap_helper$build_thread__213$fn__214.invoke(core.clj:146)
	at clojure.lang.AFn.applyToHelper(AFn.java:152)
	at clojure.lang.AFn.applyTo(AFn.java:144)
	at clojure.core$apply.invokeStatic(core.clj:665)
	at clojure.core$with_bindings_STAR_.invokeStatic(core.clj:1973)
	at clojure.core$with_bindings_STAR_.doInvoke(core.clj:1973)
	at clojure.lang.RestFn.invoke(RestFn.java:425)
	at clojure.lang.AFn.applyToHelper(AFn.java:156)
	at clojure.lang.RestFn.applyTo(RestFn.java:132)
	at clojure.core$apply.invokeStatic(core.clj:669)
	at clojure.core$bound_fn_STAR_$fn__5734.doInvoke(core.clj:2003)
	at clojure.lang.RestFn.invoke(RestFn.java:397)
	at clojure.lang.AFn.run(AFn.java:22)
	at java.base/java.lang.Thread.run(Thread.java:833)
