DEBUG:root:received {"dest":"n1","body":{"type":"init","node_id":"n1","node_ids":["n1","n2","n3","n4","n5"],"msg_id":1},"src":"c3","id":3}
INFO:root:node n1 initialized
DEBUG:root:sending {"dest": "c3", "src": "n1", "body": {"msg_id": 1, "in_reply_to": 1, "type": "init_ok"}}
DEBUG:root:sending {"dest": "n2", "src": "n1", "body": {"msg_id": 2, "type": "AppendEntries", "term": 0, "prevIndex": 0, "prevTerm": 0, "entries": [[["pass", null], 0]], "commit": 0}}
DEBUG:root:sending {"dest": "n3", "src": "n1", "body": {"msg_id": 3, "type": "AppendEntries", "term": 0, "prevIndex": 0, "prevTerm": 0, "entries": [[["pass", null], 0]], "commit": 0}}
DEBUG:root:sending {"dest": "n4", "src": "n1", "body": {"msg_id": 4, "type": "AppendEntries", "term": 0, "prevIndex": 0, "prevTerm": 0, "entries": [[["pass", null], 0]], "commit": 0}}
DEBUG:root:sending {"dest": "n5", "src": "n1", "body": {"msg_id": 5, "type": "AppendEntries", "term": 0, "prevIndex": 0, "prevTerm": 0, "entries": [[["pass", null], 0]], "commit": 0}}
DEBUG:root:received {"dest":"n1","src":"n2","body":{"msg_id":2,"in_reply_to":2,"type":"AppendEntriesRes","res":true,"term":0,"next":2,"commit":0},"id":14}
DEBUG:root:received {"dest":"n1","src":"n3","body":{"msg_id":2,"in_reply_to":3,"type":"AppendEntriesRes","res":true,"term":0,"next":2,"commit":0},"id":15}
DEBUG:root:received {"dest":"n1","src":"n4","body":{"msg_id":2,"in_reply_to":4,"type":"AppendEntriesRes","res":true,"term":0,"next":2,"commit":0},"id":16}
DEBUG:root:received {"dest":"n1","src":"n5","body":{"msg_id":2,"in_reply_to":5,"type":"AppendEntriesRes","res":true,"term":0,"next":2,"commit":0},"id":17}
DEBUG:root:received {"dest":"n1","body":{"key":1,"from":3,"to":4,"type":"cas","msg_id":1},"src":"c10","id":18}
DEBUG:root:received {"dest":"n1","body":{"key":0,"from":0,"to":2,"type":"cas","msg_id":1},"src":"c16","id":33}
DEBUG:root:sending {"dest": "n2", "src": "n1", "body": {"msg_id": 6, "type": "AppendEntries", "term": 0, "entries": [[["cas", [0, [0, 2]]], 0]], "prevIndex": 1, "prevTerm": 0, "commit": 0}}
DEBUG:root:sending {"dest": "n3", "src": "n1", "body": {"msg_id": 7, "type": "AppendEntries", "term": 0, "entries": [[["cas", [0, [0, 2]]], 0]], "prevIndex": 1, "prevTerm": 0, "commit": 0}}
DEBUG:root:sending {"dest": "n4", "src": "n1", "body": {"msg_id": 8, "type": "AppendEntries", "term": 0, "entries": [[["cas", [0, [0, 2]]], 0]], "prevIndex": 1, "prevTerm": 0, "commit": 0}}
DEBUG:root:sending {"dest": "n5", "src": "n1", "body": {"msg_id": 9, "type": "AppendEntries", "term": 0, "entries": [[["cas", [0, [0, 2]]], 0]], "prevIndex": 1, "prevTerm": 0, "commit": 0}}
DEBUG:root:received {"dest":"n1","src":"n2","body":{"msg_id":4,"in_reply_to":6,"type":"AppendEntriesRes","res":true,"term":0,"next":3,"commit":0},"id":37}
DEBUG:root:received {"dest":"n1","src":"n3","body":{"msg_id":6,"in_reply_to":7,"type":"AppendEntriesRes","res":true,"term":0,"next":3,"commit":0},"id":39}
DEBUG:root:received {"dest":"n1","src":"n4","body":{"msg_id":5,"in_reply_to":8,"type":"AppendEntriesRes","res":true,"term":0,"next":3,"commit":0},"id":40}
DEBUG:root:received {"dest":"n1","src":"n5","body":{"msg_id":4,"in_reply_to":9,"type":"AppendEntriesRes","res":true,"term":0,"next":3,"commit":0},"id":41}
DEBUG:root:received {"dest":"n1","body":{"key":1,"value":3,"type":"write","msg_id":2},"src":"c10","id":54}
DEBUG:root:sending {"dest": "n2", "src": "n1", "body": {"msg_id": 10, "type": "AppendEntries", "term": 0, "entries": [[["write", [1, 3]], 0]], "prevIndex": 2, "prevTerm": 0, "commit": 0}}
DEBUG:root:sending {"dest": "n3", "src": "n1", "body": {"msg_id": 11, "type": "AppendEntries", "term": 0, "entries": [[["write", [1, 3]], 0]], "prevIndex": 2, "prevTerm": 0, "commit": 0}}
DEBUG:root:sending {"dest": "n4", "src": "n1", "body": {"msg_id": 12, "type": "AppendEntries", "term": 0, "entries": [[["write", [1, 3]], 0]], "prevIndex": 2, "prevTerm": 0, "commit": 0}}
DEBUG:root:sending {"dest": "n5", "src": "n1", "body": {"msg_id": 13, "type": "AppendEntries", "term": 0, "entries": [[["write", [1, 3]], 0]], "prevIndex": 2, "prevTerm": 0, "commit": 0}}
DEBUG:root:received {"dest":"n1","src":"n2","body":{"msg_id":7,"in_reply_to":10,"type":"AppendEntriesRes","res":true,"term":0,"next":4,"commit":0},"id":58}
DEBUG:root:received {"dest":"n1","src":"n3","body":{"msg_id":8,"in_reply_to":11,"type":"AppendEntriesRes","res":true,"term":0,"next":4,"commit":0},"id":60}
DEBUG:root:received {"dest":"n1","src":"n5","body":{"msg_id":6,"in_reply_to":13,"type":"AppendEntriesRes","res":true,"term":0,"next":4,"commit":0},"id":62}
DEBUG:root:received {"dest":"n1","src":"n4","body":{"msg_id":8,"in_reply_to":12,"type":"AppendEntriesRes","res":true,"term":0,"next":4,"commit":0},"id":61}
DEBUG:root:received {"dest":"n1","body":{"key":0,"from":0,"to":1,"type":"cas","msg_id":2},"src":"c16","id":71}
DEBUG:root:sending {"dest": "n2", "src": "n1", "body": {"msg_id": 14, "type": "AppendEntries", "term": 0, "entries": [[["cas", [0, [0, 1]]], 0]], "prevIndex": 3, "prevTerm": 0, "commit": 0}}
DEBUG:root:sending {"dest": "n3", "src": "n1", "body": {"msg_id": 15, "type": "AppendEntries", "term": 0, "entries": [[["cas", [0, [0, 1]]], 0]], "prevIndex": 3, "prevTerm": 0, "commit": 0}}
DEBUG:root:sending {"dest": "n4", "src": "n1", "body": {"msg_id": 16, "type": "AppendEntries", "term": 0, "entries": [[["cas", [0, [0, 1]]], 0]], "prevIndex": 3, "prevTerm": 0, "commit": 0}}
DEBUG:root:sending {"dest": "n5", "src": "n1", "body": {"msg_id": 17, "type": "AppendEntries", "term": 0, "entries": [[["cas", [0, [0, 1]]], 0]], "prevIndex": 3, "prevTerm": 0, "commit": 0}}
DEBUG:root:received {"dest":"n1","src":"n3","body":{"msg_id":10,"in_reply_to":15,"type":"AppendEntriesRes","res":true,"term":0,"next":5,"commit":0},"id":76}
DEBUG:root:received {"dest":"n1","src":"n2","body":{"msg_id":8,"in_reply_to":14,"type":"AppendEntriesRes","res":true,"term":0,"next":5,"commit":0},"id":77}
DEBUG:root:received {"dest":"n1","src":"n4","body":{"msg_id":10,"in_reply_to":16,"type":"AppendEntriesRes","res":true,"term":0,"next":5,"commit":0},"id":78}
DEBUG:root:received {"dest":"n1","src":"n5","body":{"msg_id":9,"in_reply_to":17,"type":"AppendEntriesRes","res":true,"term":0,"next":5,"commit":0},"id":79}
DEBUG:root:received {"dest":"n1","body":{"key":2,"from":1,"to":2,"type":"cas","msg_id":1},"src":"c26","id":116}
DEBUG:root:sending {"dest": "n2", "src": "n1", "body": {"msg_id": 18, "type": "AppendEntries", "term": 0, "entries": [[["cas", [2, [1, 2]]], 0]], "prevIndex": 4, "prevTerm": 0, "commit": 0}}
DEBUG:root:sending {"dest": "n3", "src": "n1", "body": {"msg_id": 19, "type": "AppendEntries", "term": 0, "entries": [[["cas", [2, [1, 2]]], 0]], "prevIndex": 4, "prevTerm": 0, "commit": 0}}
DEBUG:root:sending {"dest": "n4", "src": "n1", "body": {"msg_id": 20, "type": "AppendEntries", "term": 0, "entries": [[["cas", [2, [1, 2]]], 0]], "prevIndex": 4, "prevTerm": 0, "commit": 0}}
DEBUG:root:sending {"dest": "n5", "src": "n1", "body": {"msg_id": 21, "type": "AppendEntries", "term": 0, "entries": [[["cas", [2, [1, 2]]], 0]], "prevIndex": 4, "prevTerm": 0, "commit": 0}}
DEBUG:root:received {"dest":"n1","src":"n3","body":{"msg_id":15,"in_reply_to":19,"type":"AppendEntriesRes","res":true,"term":0,"next":6,"commit":0},"id":121}
DEBUG:root:received {"dest":"n1","src":"n2","body":{"msg_id":13,"in_reply_to":18,"type":"AppendEntriesRes","res":true,"term":0,"next":6,"commit":0},"id":122}
DEBUG:root:received {"dest":"n1","src":"n4","body":{"msg_id":17,"in_reply_to":20,"type":"AppendEntriesRes","res":true,"term":0,"next":6,"commit":0},"id":123}
DEBUG:root:received {"dest":"n1","src":"n5","body":{"msg_id":14,"in_reply_to":21,"type":"AppendEntriesRes","res":true,"term":0,"next":6,"commit":0},"id":124}
DEBUG:root:received {"dest":"n1","body":{"key":0,"type":"read","msg_id":1},"src":"c27","id":135}
DEBUG:root:sending {"dest": "c27", "src": "n1", "body": {"msg_id": 22, "in_reply_to": 1, "type": "error", "code": 20, "text": "Invalid Key"}}
