DEBUG:root:received {"dest":"n2","body":{"type":"init","node_id":"n2","node_ids":["n1","n2","n3","n4","n5"],"msg_id":1},"src":"c4","id":4}
INFO:root:node n2 initialized
DEBUG:root:sending {"dest": "c4", "src": "n2", "body": {"msg_id": 1, "in_reply_to": 1, "type": "init_ok"}}
DEBUG:root:received {"dest":"n2","src":"n1","body":{"msg_id":2,"type":"AppendEntries","term":0,"prevIndex":0,"prevTerm":0,"entries":[[["pass",null],0]],"commit":0},"id":10}
DEBUG:root:sending {"dest": "n1", "src": "n2", "body": {"msg_id": 2, "in_reply_to": 2, "type": "AppendEntriesRes", "res": true, "term": 0, "next": 2, "commit": 0}}
DEBUG:root:received {"dest":"n2","body":{"key":0,"type":"read","msg_id":1},"src":"c14","id":27}
DEBUG:root:sending {"dest": "c14", "src": "n2", "body": {"msg_id": 3, "in_reply_to": 1, "type": "error", "code": 11, "text": "Not Leader"}}
DEBUG:root:received {"dest":"n2","src":"n1","body":{"msg_id":6,"type":"AppendEntries","term":0,"entries":[[["cas",[0,[0,2]]],0]],"prevIndex":1,"prevTerm":0,"commit":0},"id":34}
DEBUG:root:sending {"dest": "n1", "src": "n2", "body": {"msg_id": 4, "in_reply_to": 6, "type": "AppendEntriesRes", "res": true, "term": 0, "next": 3, "commit": 0}}
DEBUG:root:received {"dest":"n2","body":{"key":1,"value":4,"type":"write","msg_id":1},"src":"c17","id":42}
DEBUG:root:sending {"dest": "c17", "src": "n2", "body": {"msg_id": 5, "in_reply_to": 1, "type": "error", "code": 11, "text": "Not Leader"}}
DEBUG:root:received {"dest":"n2","body":{"key":0,"from":3,"to":1,"type":"cas","msg_id":1},"src":"c18","id":44}
DEBUG:root:sending {"dest": "c18", "src": "n2", "body": {"msg_id": 6, "in_reply_to": 1, "type": "error", "code": 11, "text": "Not Leader"}}
DEBUG:root:received {"dest":"n2","src":"n1","body":{"msg_id":10,"type":"AppendEntries","term":0,"entries":[[["write",[1,3]],0]],"prevIndex":2,"prevTerm":0,"commit":0},"id":55}
DEBUG:root:sending {"dest": "n1", "src": "n2", "body": {"msg_id": 7, "in_reply_to": 10, "type": "AppendEntriesRes", "res": true, "term": 0, "next": 4, "commit": 0}}
DEBUG:root:received {"dest":"n2","src":"n1","body":{"msg_id":14,"type":"AppendEntries","term":0,"entries":[[["cas",[0,[0,1]]],0]],"prevIndex":3,"prevTerm":0,"commit":0},"id":72}
DEBUG:root:sending {"dest": "n1", "src": "n2", "body": {"msg_id": 8, "in_reply_to": 14, "type": "AppendEntriesRes", "res": true, "term": 0, "next": 5, "commit": 0}}
DEBUG:root:received {"dest":"n2","body":{"key":0,"type":"read","msg_id":2},"src":"c14","id":80}
DEBUG:root:sending {"dest": "c14", "src": "n2", "body": {"msg_id": 9, "in_reply_to": 2, "type": "error", "code": 11, "text": "Not Leader"}}
DEBUG:root:received {"dest":"n2","body":{"key":0,"type":"read","msg_id":3},"src":"c14","id":82}
DEBUG:root:sending {"dest": "c14", "src": "n2", "body": {"msg_id": 10, "in_reply_to": 3, "type": "error", "code": 11, "text": "Not Leader"}}
DEBUG:root:received {"dest":"n2","body":{"key":0,"from":2,"to":2,"type":"cas","msg_id":2},"src":"c18","id":106}
DEBUG:root:sending {"dest": "c18", "src": "n2", "body": {"msg_id": 11, "in_reply_to": 2, "type": "error", "code": 11, "text": "Not Leader"}}
DEBUG:root:received {"dest":"n2","body":{"key":0,"from":4,"to":1,"type":"cas","msg_id":3},"src":"c18","id":114}
DEBUG:root:sending {"dest": "c18", "src": "n2", "body": {"msg_id": 12, "in_reply_to": 3, "type": "error", "code": 11, "text": "Not Leader"}}
DEBUG:root:received {"dest":"n2","src":"n1","body":{"msg_id":18,"type":"AppendEntries","term":0,"entries":[[["cas",[2,[1,2]]],0]],"prevIndex":4,"prevTerm":0,"commit":0},"id":117}
DEBUG:root:sending {"dest": "n1", "src": "n2", "body": {"msg_id": 13, "in_reply_to": 18, "type": "AppendEntriesRes", "res": true, "term": 0, "next": 6, "commit": 0}}
DEBUG:root:received {"dest":"n2","body":{"key":0,"type":"read","msg_id":4},"src":"c14","id":137}
DEBUG:root:sending {"dest": "c14", "src": "n2", "body": {"msg_id": 14, "in_reply_to": 4, "type": "error", "code": 11, "text": "Not Leader"}}
