DEBUG:root:received {"dest":"n4","body":{"type":"init","node_id":"n4","node_ids":["n1","n2","n3","n4","n5"],"msg_id":1},"src":"c1","id":1}
INFO:root:node n4 initialized
DEBUG:root:sending {"dest": "c1", "src": "n4", "body": {"msg_id": 1, "in_reply_to": 1, "type": "init_ok"}}
DEBUG:root:received {"dest":"n4","src":"n1","body":{"msg_id":4,"type":"AppendEntries","term":0,"prevIndex":0,"prevTerm":0,"entries":[[["pass",null],0]],"commit":0},"id":12}
DEBUG:root:sending {"dest": "n1", "src": "n4", "body": {"msg_id": 2, "in_reply_to": 4, "type": "AppendEntriesRes", "res": true, "term": 0, "next": 2, "commit": 0}}
DEBUG:root:received {"dest":"n4","body":{"key":1,"value":3,"type":"write","msg_id":1},"src":"c11","id":19}
DEBUG:root:sending {"dest": "c11", "src": "n4", "body": {"msg_id": 3, "in_reply_to": 1, "type": "error", "code": 11, "text": "Not Leader"}}
DEBUG:root:received {"dest":"n4","body":{"key":1,"from":4,"to":1,"type":"cas","msg_id":2},"src":"c11","id":21}
DEBUG:root:sending {"dest": "c11", "src": "n4", "body": {"msg_id": 4, "in_reply_to": 2, "type": "error", "code": 11, "text": "Not Leader"}}
DEBUG:root:received {"dest":"n4","src":"n1","body":{"msg_id":8,"type":"AppendEntries","term":0,"entries":[[["cas",[0,[0,2]]],0]],"prevIndex":1,"prevTerm":0,"commit":0},"id":36}
DEBUG:root:sending {"dest": "n1", "src": "n4", "body": {"msg_id": 5, "in_reply_to": 8, "type": "AppendEntriesRes", "res": true, "term": 0, "next": 3, "commit": 0}}
DEBUG:root:received {"dest":"n4","body":{"key":1,"from":2,"to":4,"type":"cas","msg_id":1},"src":"c19","id":46}
DEBUG:root:sending {"dest": "c19", "src": "n4", "body": {"msg_id": 6, "in_reply_to": 1, "type": "error", "code": 11, "text": "Not Leader"}}
DEBUG:root:received {"dest":"n4","body":{"key":0,"value":3,"type":"write","msg_id":1},"src":"c21","id":50}
DEBUG:root:sending {"dest": "c21", "src": "n4", "body": {"msg_id": 7, "in_reply_to": 1, "type": "error", "code": 11, "text": "Not Leader"}}
DEBUG:root:received {"dest":"n4","src":"n1","body":{"msg_id":12,"type":"AppendEntries","term":0,"entries":[[["write",[1,3]],0]],"prevIndex":2,"prevTerm":0,"commit":0},"id":57}
DEBUG:root:sending {"dest": "n1", "src": "n4", "body": {"msg_id": 8, "in_reply_to": 12, "type": "AppendEntriesRes", "res": true, "term": 0, "next": 4, "commit": 0}}
DEBUG:root:received {"dest":"n4","body":{"key":0,"type":"read","msg_id":1},"src":"c23","id":69}
DEBUG:root:sending {"dest": "c23", "src": "n4", "body": {"msg_id": 9, "in_reply_to": 1, "type": "error", "code": 11, "text": "Not Leader"}}
DEBUG:root:received {"dest":"n4","src":"n1","body":{"msg_id":16,"type":"AppendEntries","term":0,"entries":[[["cas",[0,[0,1]]],0]],"prevIndex":3,"prevTerm":0,"commit":0},"id":74}
DEBUG:root:sending {"dest": "n1", "src": "n4", "body": {"msg_id": 10, "in_reply_to": 16, "type": "AppendEntriesRes", "res": true, "term": 0, "next": 5, "commit": 0}}
DEBUG:root:received {"dest":"n4","body":{"key":2,"from":2,"to":2,"type":"cas","msg_id":3},"src":"c11","id":84}
DEBUG:root:sending {"dest": "c11", "src": "n4", "body": {"msg_id": 11, "in_reply_to": 3, "type": "error", "code": 11, "text": "Not Leader"}}
DEBUG:root:received {"dest":"n4","body":{"key":2,"value":1,"type":"write","msg_id":2},"src":"c19","id":86}
DEBUG:root:sending {"dest": "c19", "src": "n4", "body": {"msg_id": 12, "in_reply_to": 2, "type": "error", "code": 11, "text": "Not Leader"}}
DEBUG:root:received {"dest":"n4","body":{"key":0,"type":"read","msg_id":2},"src":"c23","id":90}
DEBUG:root:sending {"dest": "c23", "src": "n4", "body": {"msg_id": 13, "in_reply_to": 2, "type": "error", "code": 11, "text": "Not Leader"}}
DEBUG:root:received {"dest":"n4","body":{"key":2,"from":1,"to":1,"type":"cas","msg_id":4},"src":"c11","id":96}
DEBUG:root:sending {"dest": "c11", "src": "n4", "body": {"msg_id": 14, "in_reply_to": 4, "type": "error", "code": 11, "text": "Not Leader"}}
DEBUG:root:received {"dest":"n4","body":{"key":2,"value":1,"type":"write","msg_id":3},"src":"c19","id":98}
DEBUG:root:sending {"dest": "c19", "src": "n4", "body": {"msg_id": 15, "in_reply_to": 3, "type": "error", "code": 11, "text": "Not Leader"}}
DEBUG:root:received {"dest":"n4","body":{"key":2,"from":1,"to":0,"type":"cas","msg_id":4},"src":"c19","id":104}
DEBUG:root:sending {"dest": "c19", "src": "n4", "body": {"msg_id": 16, "in_reply_to": 4, "type": "error", "code": 11, "text": "Not Leader"}}
DEBUG:root:received {"dest":"n4","src":"n1","body":{"msg_id":20,"type":"AppendEntries","term":0,"entries":[[["cas",[2,[1,2]]],0]],"prevIndex":4,"prevTerm":0,"commit":0},"id":119}
DEBUG:root:sending {"dest": "n1", "src": "n4", "body": {"msg_id": 17, "in_reply_to": 20, "type": "AppendEntriesRes", "res": true, "term": 0, "next": 6, "commit": 0}}
DEBUG:root:received {"dest":"n4","body":{"key":0,"from":1,"to":4,"type":"cas","msg_id":2},"src":"c21","id":131}
DEBUG:root:sending {"dest": "c21", "src": "n4", "body": {"msg_id": 18, "in_reply_to": 2, "type": "error", "code": 11, "text": "Not Leader"}}
