DEBUG:root:received {"dest":"n5","body":{"type":"init","node_id":"n5","node_ids":["n1","n2","n3","n4","n5"],"msg_id":1},"src":"c2","id":2}
INFO:root:node n5 initialized
DEBUG:root:sending {"dest": "c2", "src": "n5", "body": {"msg_id": 1, "in_reply_to": 1, "type": "init_ok"}}
DEBUG:root:received {"dest":"n5","src":"n1","body":{"msg_id":5,"type":"AppendEntries","term":0,"prevIndex":0,"prevTerm":0,"entries":[[["pass",null],0]],"commit":0},"id":13}
DEBUG:root:sending {"dest": "n1", "src": "n5", "body": {"msg_id": 2, "in_reply_to": 5, "type": "AppendEntriesRes", "res": true, "term": 0, "next": 2, "commit": 0}}
DEBUG:root:received {"dest":"n5","body":{"key":0,"from":2,"to":1,"type":"cas","msg_id":1},"src":"c15","id":29}
DEBUG:root:sending {"dest": "c15", "src": "n5", "body": {"msg_id": 3, "in_reply_to": 1, "type": "error", "code": 11, "text": "Not Leader"}}
DEBUG:root:received {"dest":"n5","src":"n1","body":{"msg_id":9,"type":"AppendEntries","term":0,"entries":[[["cas",[0,[0,2]]],0]],"prevIndex":1,"prevTerm":0,"commit":0},"id":38}
DEBUG:root:sending {"dest": "n1", "src": "n5", "body": {"msg_id": 4, "in_reply_to": 9, "type": "AppendEntriesRes", "res": true, "term": 0, "next": 3, "commit": 0}}
DEBUG:root:received {"dest":"n5","body":{"key":1,"from":1,"to":3,"type":"cas","msg_id":1},"src":"c20","id":48}
DEBUG:root:sending {"dest": "c20", "src": "n5", "body": {"msg_id": 5, "in_reply_to": 1, "type": "error", "code": 11, "text": "Not Leader"}}
DEBUG:root:received {"dest":"n5","src":"n1","body":{"msg_id":13,"type":"AppendEntries","term":0,"entries":[[["write",[1,3]],0]],"prevIndex":2,"prevTerm":0,"commit":0},"id":59}
DEBUG:root:sending {"dest": "n1", "src": "n5", "body": {"msg_id": 6, "in_reply_to": 13, "type": "AppendEntriesRes", "res": true, "term": 0, "next": 4, "commit": 0}}
DEBUG:root:received {"dest":"n5","body":{"key":1,"from":4,"to":4,"type":"cas","msg_id":1},"src":"c22","id":63}
DEBUG:root:sending {"dest": "c22", "src": "n5", "body": {"msg_id": 7, "in_reply_to": 1, "type": "error", "code": 11, "text": "Not Leader"}}
DEBUG:root:received {"dest":"n5","body":{"key":1,"from":4,"to":2,"type":"cas","msg_id":2},"src":"c20","id":65}
DEBUG:root:sending {"dest": "c20", "src": "n5", "body": {"msg_id": 8, "in_reply_to": 2, "type": "error", "code": 11, "text": "Not Leader"}}
DEBUG:root:received {"dest":"n5","src":"n1","body":{"msg_id":17,"type":"AppendEntries","term":0,"entries":[[["cas",[0,[0,1]]],0]],"prevIndex":3,"prevTerm":0,"commit":0},"id":75}
DEBUG:root:sending {"dest": "n1", "src": "n5", "body": {"msg_id": 9, "in_reply_to": 17, "type": "AppendEntriesRes", "res": true, "term": 0, "next": 5, "commit": 0}}
DEBUG:root:received {"dest":"n5","body":{"key":2,"from":1,"to":0,"type":"cas","msg_id":2},"src":"c22","id":88}
DEBUG:root:sending {"dest": "c22", "src": "n5", "body": {"msg_id": 10, "in_reply_to": 2, "type": "error", "code": 11, "text": "Not Leader"}}
DEBUG:root:received {"dest":"n5","body":{"key":2,"from":3,"to":2,"type":"cas","msg_id":3},"src":"c22","id":92}
DEBUG:root:sending {"dest": "c22", "src": "n5", "body": {"msg_id": 11, "in_reply_to": 3, "type": "error", "code": 11, "text": "Not Leader"}}
DEBUG:root:received {"dest":"n5","body":{"key":2,"value":4,"type":"write","msg_id":3},"src":"c20","id":94}
DEBUG:root:sending {"dest": "c20", "src": "n5", "body": {"msg_id": 12, "in_reply_to": 3, "type": "error", "code": 11, "text": "Not Leader"}}
DEBUG:root:received {"dest":"n5","body":{"key":2,"from":1,"to":1,"type":"cas","msg_id":4},"src":"c22","id":110}
DEBUG:root:sending {"dest": "c22", "src": "n5", "body": {"msg_id": 13, "in_reply_to": 4, "type": "error", "code": 11, "text": "Not Leader"}}
DEBUG:root:received {"dest":"n5","src":"n1","body":{"msg_id":21,"type":"AppendEntries","term":0,"entries":[[["cas",[2,[1,2]]],0]],"prevIndex":4,"prevTerm":0,"commit":0},"id":120}
DEBUG:root:sending {"dest": "n1", "src": "n5", "body": {"msg_id": 14, "in_reply_to": 21, "type": "AppendEntriesRes", "res": true, "term": 0, "next": 6, "commit": 0}}
DEBUG:root:received {"dest":"n5","body":{"key":2,"from":3,"to":4,"type":"cas","msg_id":5},"src":"c22","id":125}
DEBUG:root:sending {"dest": "c22", "src": "n5", "body": {"msg_id": 15, "in_reply_to": 5, "type": "error", "code": 11, "text": "Not Leader"}}
DEBUG:root:received {"dest":"n5","body":{"key":3,"value":4,"type":"write","msg_id":6},"src":"c22","id":127}
DEBUG:root:sending {"dest": "c22", "src": "n5", "body": {"msg_id": 16, "in_reply_to": 6, "type": "error", "code": 11, "text": "Not Leader"}}
DEBUG:root:received {"dest":"n5","body":{"key":3,"from":4,"to":3,"type":"cas","msg_id":4},"src":"c20","id":129}
DEBUG:root:sending {"dest": "c20", "src": "n5", "body": {"msg_id": 17, "in_reply_to": 4, "type": "error", "code": 11, "text": "Not Leader"}}
DEBUG:root:received {"dest":"n5","body":{"key":0,"from":0,"to":3,"type":"cas","msg_id":2},"src":"c15","id":133}
DEBUG:root:sending {"dest": "c15", "src": "n5", "body": {"msg_id": 18, "in_reply_to": 2, "type": "error", "code": 11, "text": "Not Leader"}}
