2022-05-01 20:42:32,287{GMT}	INFO	[jepsen test runner] jepsen.core: Test version 9d8335254928801a78e4e56f8c438d06a68b66d5 (plus uncommitted changes)
2022-05-01 20:42:32,287{GMT}	INFO	[jepsen test runner] jepsen.core: Command line:
lein run test --workload lin-kv --bin raft.py --time-limit 10 --concurrency 4n
2022-05-01 20:42:32,351{GMT}	INFO	[jepsen test runner] jepsen.core: Running test:
{:remote #jepsen.control.SSHRemote{:session nil}
 :log-net-send false
 :node-count nil
 :max-txn-length 4
 :concurrency 20
 :db
 #object[maelstrom.db$db$reify__16747
         "0x3a5812dc"
         "maelstrom.db$db$reify__16747@3a5812dc"]
 :max-writes-per-key 16
 :leave-db-running? false
 :name "lin-kv"
 :logging-json? false
 :net-journal #object[clojure.lang.Atom "0x1b9075c9" {:status :ready, :val []}]
 :start-time
 #object[org.joda.time.DateTime "0x75be6796" "2022-05-01T20:42:32.000+01:00"]
 :nemesis-interval 10
 :net
 #object[maelstrom.net$jepsen_adapter$reify__15560
         "0xce24a98"
         "maelstrom.net$jepsen_adapter$reify__15560@ce24a98"]
 :client
 #object[maelstrom.workload.lin_kv$client$reify__17524
         "0x496101d1"
         "maelstrom.workload.lin_kv$client$reify__17524@496101d1"]
 :barrier
 #object[java.util.concurrent.CyclicBarrier
         "0x19858f26"
         "java.util.concurrent.CyclicBarrier@19858f26"]
 :log-stderr false
 :pure-generators true
 :ssh {:dummy? true}
 :rate 5
 :checker
 #object[jepsen.checker$compose$reify__8612
         "0x4c14ed24"
         "jepsen.checker$compose$reify__8612@4c14ed24"]
 :argv
 ("test"
  "--workload"
  "lin-kv"
  "--bin"
  "raft.py"
  "--time-limit"
  "10"
  "--concurrency"
  "4n")
 :nemesis
 (jepsen.nemesis.ReflCompose
  {:fm {:start-partition 0,
        :stop-partition 0,
        :kill 1,
        :start 1,
        :pause 1,
        :resume 1},
   :nemeses [#unprintable "jepsen.nemesis.combined$partition_nemesis$reify__17019@523cc8b4"
             #unprintable "jepsen.nemesis.combined$db_nemesis$reify__17000@139224ab"]})
 :active-histories
 #object[clojure.lang.Atom "0x26db7540" {:status :ready, :val #{}}]
 :nodes ["n1" "n2" "n3" "n4" "n5"]
 :test-count 1
 :latency {:mean 0, :dist :constant}
 :bin "raft.py"
 :generator
 (jepsen.generator.TimeLimit
  {:limit 10000000000,
   :cutoff nil,
   :gen (jepsen.generator.Any
         {:gens [(jepsen.generator.OnThreads {:f #{:nemesis}, :gen nil})
                 (jepsen.generator.OnThreads
                  {:f #object[clojure.core$complement$fn__5654
                              "0x1bc6a43c"
                              "clojure.core$complement$fn__5654@1bc6a43c"],
                   :gen (jepsen.generator.Stagger
                         {:dt 400000000,
                          :next-time nil,
                          :gen (jepsen.generator.OnThreads
                                {:f #object[clojure.core$complement$fn__5654
                                            "0x5f3fa154"
                                            "clojure.core$complement$fn__5654@5f3fa154"],
                                 :gen (jepsen.independent.ConcurrentGenerator
                                       {:n 10,
                                        :fgen #object[jepsen.tests.linearizable_register$test$fn__17324
                                                      "0x6193340e"
                                                      "jepsen.tests.linearizable_register$test$fn__17324@6193340e"],
                                        :group->threads nil,
                                        :thread->group nil,
                                        :keys (0 1 2 3 4 5 6 7 ...),
                                        :gens nil})})})})]})})
 :log-net-recv false
 :os
 #object[jepsen.os$reify__2490 "0x158774d3" "jepsen.os$reify__2490@158774d3"]
 :time-limit 10
 :workload :lin-kv
 :consistency-models [:strict-serializable]
 :topology :grid}

2022-05-01 20:42:32,362{GMT}	INFO	[jepsen test runner] jepsen.db: Tearing down DB
2022-05-01 20:42:32,364{GMT}	INFO	[jepsen test runner] jepsen.db: Setting up DB
2022-05-01 20:42:32,366{GMT}	INFO	[jepsen node n5] maelstrom.db: Setting up n5
2022-05-01 20:42:32,366{GMT}	INFO	[jepsen node n2] maelstrom.db: Setting up n2
2022-05-01 20:42:32,366{GMT}	INFO	[jepsen node n3] maelstrom.db: Setting up n3
2022-05-01 20:42:32,369{GMT}	INFO	[jepsen node n5] maelstrom.process: launching raft.py nil
2022-05-01 20:42:32,366{GMT}	INFO	[jepsen node n4] maelstrom.db: Setting up n4
2022-05-01 20:42:32,370{GMT}	INFO	[jepsen node n3] maelstrom.process: launching raft.py nil
2022-05-01 20:42:32,370{GMT}	INFO	[jepsen node n4] maelstrom.process: launching raft.py nil
2022-05-01 20:42:32,370{GMT}	INFO	[jepsen node n2] maelstrom.process: launching raft.py nil
2022-05-01 20:42:32,371{GMT}	INFO	[jepsen node n1] maelstrom.service: Starting services: (lin-kv lin-tso lww-kv seq-kv)
2022-05-01 20:42:32,399{GMT}	INFO	[jepsen node n1] maelstrom.db: Setting up n1
2022-05-01 20:42:32,410{GMT}	INFO	[jepsen node n1] maelstrom.process: launching raft.py nil
2022-05-01 20:42:32,446{GMT}	INFO	[jepsen test runner] jepsen.core: Relative time begins now
2022-05-01 20:42:32,471{GMT}	INFO	[jepsen worker 16] jepsen.util: 16	:invoke	:cas	[1 [4 4]]
2022-05-01 20:42:32,478{GMT}	INFO	[jepsen worker 16] jepsen.util: 16	:info	:cas	[1 [4 4]]	[:unknown "Not Leader"]
2022-05-01 20:42:32,647{GMT}	INFO	[jepsen worker 1] jepsen.util: 1	:invoke	:read	[0 nil]
2022-05-01 20:42:32,651{GMT}	INFO	[jepsen worker 1] jepsen.util: 1	:fail	:read	[0 nil]	[:unknown "Not Leader"]
2022-05-01 20:42:32,913{GMT}	INFO	[jepsen worker 14] jepsen.util: 14	:invoke	:cas	[1 [3 0]]
2022-05-01 20:42:32,919{GMT}	INFO	[jepsen worker 14] jepsen.util: 14	:info	:cas	[1 [3 0]]	[:unknown "Not Leader"]
2022-05-01 20:42:33,072{GMT}	INFO	[jepsen worker 0] jepsen.util: 0	:invoke	:read	[0 nil]
2022-05-01 20:42:33,076{GMT}	INFO	[jepsen worker 0] jepsen.util: 0	:fail	:read	[0 nil]	[:unknown "Invalid Key"]
2022-05-01 20:42:33,357{GMT}	INFO	[jepsen worker 7] jepsen.util: 7	:invoke	:cas	[0 [1 3]]
2022-05-01 20:42:33,360{GMT}	INFO	[jepsen worker 7] jepsen.util: 7	:info	:cas	[0 [1 3]]	[:unknown "Not Leader"]
2022-05-01 20:42:33,569{GMT}	INFO	[jepsen worker 18] jepsen.util: 18	:invoke	:write	[1 4]
2022-05-01 20:42:33,575{GMT}	INFO	[jepsen worker 18] jepsen.util: 18	:info	:write	[1 4]	[:unknown "Not Leader"]
2022-05-01 20:42:33,694{GMT}	INFO	[jepsen worker 14] jepsen.util: 34	:invoke	:write	[1 2]
2022-05-01 20:42:33,699{GMT}	INFO	[jepsen worker 14] jepsen.util: 34	:info	:write	[1 2]	[:unknown "Not Leader"]
2022-05-01 20:42:33,868{GMT}	INFO	[jepsen worker 14] jepsen.util: 54	:invoke	:write	[1 2]
2022-05-01 20:42:33,873{GMT}	INFO	[jepsen worker 14] jepsen.util: 54	:info	:write	[1 2]	[:unknown "Not Leader"]
2022-05-01 20:42:33,947{GMT}	INFO	[jepsen worker 3] jepsen.util: 3	:invoke	:read	[0 nil]
2022-05-01 20:42:33,948{GMT}	INFO	[jepsen worker 3] jepsen.util: 3	:fail	:read	[0 nil]	[:unknown "Not Leader"]
2022-05-01 20:42:34,100{GMT}	INFO	[jepsen worker 17] jepsen.util: 17	:invoke	:write	[1 3]
2022-05-01 20:42:34,105{GMT}	INFO	[jepsen worker 17] jepsen.util: 17	:info	:write	[1 3]	[:unknown "Not Leader"]
2022-05-01 20:42:34,372{GMT}	INFO	[jepsen worker 18] jepsen.util: 38	:invoke	:cas	[1 [4 2]]
2022-05-01 20:42:34,376{GMT}	INFO	[jepsen worker 18] jepsen.util: 38	:info	:cas	[1 [4 2]]	[:unknown "Not Leader"]
2022-05-01 20:42:34,602{GMT}	INFO	[jepsen worker 17] jepsen.util: 37	:invoke	:cas	[1 [1 2]]
2022-05-01 20:42:34,607{GMT}	INFO	[jepsen worker 17] jepsen.util: 37	:info	:cas	[1 [1 2]]	[:unknown "Not Leader"]
2022-05-01 20:42:34,947{GMT}	INFO	[jepsen worker 6] jepsen.util: 6	:invoke	:cas	[0 [2 2]]
2022-05-01 20:42:34,951{GMT}	INFO	[jepsen worker 6] jepsen.util: 6	:info	:cas	[0 [2 2]]	[:unknown "Not Leader"]
2022-05-01 20:42:35,271{GMT}	INFO	[jepsen worker 2] jepsen.util: 2	:invoke	:read	[0 nil]
2022-05-01 20:42:35,274{GMT}	INFO	[jepsen worker 2] jepsen.util: 2	:fail	:read	[0 nil]	[:unknown "Not Leader"]
2022-05-01 20:42:35,393{GMT}	INFO	[jepsen worker 12] jepsen.util: 12	:invoke	:write	[1 2]
2022-05-01 20:42:35,398{GMT}	INFO	[jepsen worker 12] jepsen.util: 12	:info	:write	[1 2]	[:unknown "Not Leader"]
2022-05-01 20:42:35,754{GMT}	INFO	[jepsen worker 8] jepsen.util: 8	:invoke	:write	[0 2]
2022-05-01 20:42:35,758{GMT}	INFO	[jepsen worker 8] jepsen.util: 8	:info	:write	[0 2]	[:unknown "Not Leader"]
2022-05-01 20:42:35,775{GMT}	INFO	[jepsen worker 15] jepsen.util: 15	:invoke	:cas	[1 [2 4]]
2022-05-01 20:42:35,941{GMT}	INFO	[jepsen worker 13] jepsen.util: 13	:invoke	:cas	[1 [1 0]]
2022-05-01 20:42:35,946{GMT}	INFO	[jepsen worker 13] jepsen.util: 13	:info	:cas	[1 [1 0]]	[:unknown "Not Leader"]
2022-05-01 20:42:36,285{GMT}	INFO	[jepsen worker 4] jepsen.util: 4	:invoke	:read	[0 nil]
2022-05-01 20:42:36,289{GMT}	INFO	[jepsen worker 4] jepsen.util: 4	:fail	:read	[0 nil]	[:unknown "Not Leader"]
2022-05-01 20:42:36,409{GMT}	INFO	[jepsen worker 7] jepsen.util: 27	:invoke	:cas	[0 [0 4]]
2022-05-01 20:42:36,447{GMT}	INFO	[jepsen worker 7] jepsen.util: 27	:info	:cas	[0 [0 4]]	[:unknown "Not Leader"]
2022-05-01 20:42:36,637{GMT}	INFO	[jepsen worker 5] jepsen.util: 5	:invoke	:write	[0 4]
2022-05-01 20:42:36,776{GMT}	INFO	[jepsen worker 15] jepsen.util: 15	:info	:cas	[1 [2 4]]	:net-timeout
2022-05-01 20:42:36,930{GMT}	INFO	[jepsen worker 14] jepsen.util: 74	:invoke	:write	[2 0]
2022-05-01 20:42:36,935{GMT}	INFO	[jepsen worker 14] jepsen.util: 74	:info	:write	[2 0]	[:unknown "Not Leader"]
2022-05-01 20:42:37,325{GMT}	INFO	[jepsen worker 8] jepsen.util: 28	:invoke	:cas	[0 [0 2]]
2022-05-01 20:42:37,329{GMT}	INFO	[jepsen worker 8] jepsen.util: 28	:info	:cas	[0 [0 2]]	[:unknown "Not Leader"]
2022-05-01 20:42:37,592{GMT}	INFO	[jepsen worker 11] jepsen.util: 11	:invoke	:write	[2 0]
2022-05-01 20:42:37,596{GMT}	INFO	[jepsen worker 11] jepsen.util: 11	:info	:write	[2 0]	[:unknown "Not Leader"]
2022-05-01 20:42:37,638{GMT}	INFO	[jepsen worker 5] jepsen.util: 5	:info	:write	[0 4]	:net-timeout
2022-05-01 20:42:37,697{GMT}	INFO	[jepsen worker 0] jepsen.util: 0	:invoke	:read	[0 nil]
2022-05-01 20:42:37,699{GMT}	INFO	[jepsen worker 0] jepsen.util: 0	:fail	:read	[0 nil]	[:unknown "Invalid Key"]
2022-05-01 20:42:38,050{GMT}	INFO	[jepsen worker 11] jepsen.util: 31	:invoke	:write	[2 4]
2022-05-01 20:42:38,054{GMT}	INFO	[jepsen worker 11] jepsen.util: 31	:info	:write	[2 4]	[:unknown "Not Leader"]
2022-05-01 20:42:38,140{GMT}	INFO	[jepsen worker 7] jepsen.util: 47	:invoke	:cas	[0 [0 0]]
2022-05-01 20:42:38,144{GMT}	INFO	[jepsen worker 7] jepsen.util: 47	:info	:cas	[0 [0 0]]	[:unknown "Not Leader"]
2022-05-01 20:42:38,233{GMT}	INFO	[jepsen worker 1] jepsen.util: 1	:invoke	:read	[0 nil]
2022-05-01 20:42:38,236{GMT}	INFO	[jepsen worker 1] jepsen.util: 1	:fail	:read	[0 nil]	[:unknown "Not Leader"]
2022-05-01 20:42:38,490{GMT}	INFO	[jepsen worker 15] jepsen.util: 35	:invoke	:write	[2 3]
2022-05-01 20:42:38,811{GMT}	INFO	[jepsen worker 1] jepsen.util: 1	:invoke	:read	[0 nil]
2022-05-01 20:42:38,816{GMT}	INFO	[jepsen worker 1] jepsen.util: 1	:fail	:read	[0 nil]	[:unknown "Not Leader"]
2022-05-01 20:42:38,994{GMT}	INFO	[jepsen worker 9] jepsen.util: 9	:invoke	:write	[0 2]
2022-05-01 20:42:38,998{GMT}	INFO	[jepsen worker 9] jepsen.util: 9	:info	:write	[0 2]	[:unknown "Not Leader"]
2022-05-01 20:42:39,233{GMT}	INFO	[jepsen worker 4] jepsen.util: 4	:invoke	:read	[0 nil]
2022-05-01 20:42:39,237{GMT}	INFO	[jepsen worker 4] jepsen.util: 4	:fail	:read	[0 nil]	[:unknown "Not Leader"]
2022-05-01 20:42:39,290{GMT}	INFO	[jepsen worker 9] jepsen.util: 29	:invoke	:cas	[0 [4 0]]
2022-05-01 20:42:39,293{GMT}	INFO	[jepsen worker 9] jepsen.util: 29	:info	:cas	[0 [4 0]]	[:unknown "Not Leader"]
2022-05-01 20:42:39,491{GMT}	INFO	[jepsen worker 15] jepsen.util: 35	:info	:write	[2 3]	:net-timeout
2022-05-01 20:42:39,607{GMT}	INFO	[jepsen worker 10] jepsen.util: 10	:invoke	:cas	[2 [0 2]]
2022-05-01 20:42:39,793{GMT}	INFO	[jepsen worker 0] jepsen.util: 0	:invoke	:read	[0 nil]
2022-05-01 20:42:39,797{GMT}	INFO	[jepsen worker 0] jepsen.util: 0	:fail	:read	[0 nil]	[:unknown "Invalid Key"]
2022-05-01 20:42:40,088{GMT}	INFO	[jepsen worker 7] jepsen.util: 67	:invoke	:cas	[0 [0 4]]
2022-05-01 20:42:40,092{GMT}	INFO	[jepsen worker 7] jepsen.util: 67	:info	:cas	[0 [0 4]]	[:unknown "Not Leader"]
2022-05-01 20:42:40,351{GMT}	INFO	[jepsen worker 8] jepsen.util: 48	:invoke	:cas	[0 [4 3]]
2022-05-01 20:42:40,355{GMT}	INFO	[jepsen worker 8] jepsen.util: 48	:info	:cas	[0 [4 3]]	[:unknown "Not Leader"]
2022-05-01 20:42:40,608{GMT}	INFO	[jepsen worker 10] jepsen.util: 10	:info	:cas	[2 [0 2]]	:net-timeout
2022-05-01 20:42:40,614{GMT}	INFO	[jepsen worker 10] jepsen.util: 30	:invoke	:cas	[2 [3 3]]
2022-05-01 20:42:40,874{GMT}	INFO	[jepsen worker 9] jepsen.util: 49	:invoke	:cas	[3 [0 4]]
2022-05-01 20:42:40,878{GMT}	INFO	[jepsen worker 9] jepsen.util: 49	:info	:cas	[3 [0 4]]	[:unknown "Not Leader"]
2022-05-01 20:42:40,880{GMT}	INFO	[jepsen worker 13] jepsen.util: 33	:invoke	:cas	[2 [1 2]]
2022-05-01 20:42:40,884{GMT}	INFO	[jepsen worker 13] jepsen.util: 33	:info	:cas	[2 [1 2]]	[:unknown "Not Leader"]
2022-05-01 20:42:41,174{GMT}	INFO	[jepsen worker 15] jepsen.util: 55	:invoke	:write	[2 1]
2022-05-01 20:42:41,495{GMT}	INFO	[jepsen worker 16] jepsen.util: 36	:invoke	:cas	[2 [0 0]]
2022-05-01 20:42:41,498{GMT}	INFO	[jepsen worker 16] jepsen.util: 36	:info	:cas	[2 [0 0]]	[:unknown "Not Leader"]
2022-05-01 20:42:41,614{GMT}	INFO	[jepsen worker 10] jepsen.util: 30	:info	:cas	[2 [3 3]]	:net-timeout
2022-05-01 20:42:41,847{GMT}	INFO	[jepsen worker 4] jepsen.util: 4	:invoke	:read	[3 nil]
2022-05-01 20:42:41,850{GMT}	INFO	[jepsen worker 4] jepsen.util: 4	:fail	:read	[3 nil]	[:unknown "Not Leader"]
2022-05-01 20:42:42,138{GMT}	INFO	[jepsen worker 5] jepsen.util: 25	:invoke	:write	[3 4]
2022-05-01 20:42:42,175{GMT}	INFO	[jepsen worker 15] jepsen.util: 55	:info	:write	[2 1]	:net-timeout
2022-05-01 20:42:42,267{GMT}	INFO	[jepsen worker 9] jepsen.util: 69	:invoke	:cas	[3 [4 4]]
2022-05-01 20:42:42,270{GMT}	INFO	[jepsen worker 9] jepsen.util: 69	:info	:cas	[3 [4 4]]	[:unknown "Not Leader"]
2022-05-01 20:42:42,377{GMT}	INFO	[jepsen worker 11] jepsen.util: 51	:invoke	:cas	[2 [2 0]]
2022-05-01 20:42:42,380{GMT}	INFO	[jepsen worker 11] jepsen.util: 51	:info	:cas	[2 [2 0]]	[:unknown "Not Leader"]
2022-05-01 20:42:43,139{GMT}	INFO	[jepsen worker 5] jepsen.util: 25	:info	:write	[3 4]	:net-timeout
2022-05-01 20:42:43,143{GMT}	INFO	[jepsen node n2] maelstrom.db: Tearing down n2
2022-05-01 20:42:43,143{GMT}	INFO	[jepsen node n1] maelstrom.db: Tearing down n1
2022-05-01 20:42:43,143{GMT}	INFO	[jepsen node n3] maelstrom.db: Tearing down n3
2022-05-01 20:42:43,143{GMT}	INFO	[jepsen node n5] maelstrom.db: Tearing down n5
2022-05-01 20:42:43,143{GMT}	INFO	[jepsen node n4] maelstrom.db: Tearing down n4
2022-05-01 20:42:44,403{GMT}	INFO	[jepsen test runner] jepsen.core: Run complete, writing
2022-05-01 20:42:44,437{GMT}	INFO	[jepsen test runner] jepsen.core: Analyzing...
2022-05-01 20:42:44,474{GMT}	WARN	[clojure-agent-send-off-pool-0] jepsen.checker: Error while checking history:
java.lang.IllegalStateException: Error rendering plot, verify gnuplot is installed and reachable
	at jepsen.checker.perf$plot_BANG_.invokeStatic(perf.clj:480)
	at jepsen.checker.perf$plot_BANG_.invoke(perf.clj:417)
	at jepsen.checker.perf$rate_graph_BANG_.invokeStatic(perf.clj:599)
	at jepsen.checker.perf$rate_graph_BANG_.invoke(perf.clj:559)
	at jepsen.checker$rate_graph$reify__8827.check(checker.clj:816)
	at jepsen.checker$check_safe.invokeStatic(checker.clj:78)
	at jepsen.checker$check_safe.invoke(checker.clj:71)
	at jepsen.checker$compose$reify__8612$fn__8614.invoke(checker.clj:94)
	at clojure.core$pmap$fn__8447$fn__8448.invoke(core.clj:7022)
	at clojure.core$binding_conveyor_fn$fn__5739.invoke(core.clj:2030)
	at clojure.lang.AFn.call(AFn.java:18)
	at java.base/java.util.concurrent.FutureTask.run(FutureTask.java:264)
	at java.base/java.util.concurrent.ThreadPoolExecutor.runWorker(ThreadPoolExecutor.java:1128)
	at java.base/java.util.concurrent.ThreadPoolExecutor$Worker.run(ThreadPoolExecutor.java:628)
	at java.base/java.lang.Thread.run(Thread.java:829)
Caused by: java.io.IOException: Cannot run program "gnuplot": error=2, No such file or directory
	at java.base/java.lang.ProcessBuilder.start(ProcessBuilder.java:1128)
	at java.base/java.lang.ProcessBuilder.start(ProcessBuilder.java:1071)
	at java.base/java.lang.Runtime.exec(Runtime.java:592)
	at clojure.java.shell$sh.invokeStatic(shell.clj:113)
	at clojure.java.shell$sh.doInvoke(shell.clj:79)
	at clojure.lang.RestFn.invoke(RestFn.java:512)
	at gnuplot.core$run_BANG_.invokeStatic(core.clj:76)
	at gnuplot.core$run_BANG_.invoke(core.clj:66)
	at gnuplot.core$raw_plot_BANG_.invokeStatic(core.clj:106)
	at gnuplot.core$raw_plot_BANG_.invoke(core.clj:91)
	... 15 common frames omitted
Caused by: java.io.IOException: error=2, No such file or directory
	at java.base/java.lang.ProcessImpl.forkAndExec(Native Method)
	at java.base/java.lang.ProcessImpl.<init>(ProcessImpl.java:340)
	at java.base/java.lang.ProcessImpl.start(ProcessImpl.java:271)
	at java.base/java.lang.ProcessBuilder.start(ProcessBuilder.java:1107)
	... 24 common frames omitted
2022-05-01 20:42:44,478{GMT}	WARN	[clojure-agent-send-off-pool-1] jepsen.checker: Error while checking history:
java.lang.IllegalStateException: Error rendering plot, verify gnuplot is installed and reachable
	at jepsen.checker.perf$plot_BANG_.invokeStatic(perf.clj:480)
	at jepsen.checker.perf$plot_BANG_.invoke(perf.clj:417)
	at jepsen.checker.perf$point_graph_BANG_.invokeStatic(perf.clj:511)
	at jepsen.checker.perf$point_graph_BANG_.invoke(perf.clj:484)
	at jepsen.checker$latency_graph$reify__8824.check(checker.clj:803)
	at jepsen.checker$check_safe.invokeStatic(checker.clj:78)
	at jepsen.checker$check_safe.invoke(checker.clj:71)
	at jepsen.checker$compose$reify__8612$fn__8614.invoke(checker.clj:94)
	at clojure.core$pmap$fn__8447$fn__8448.invoke(core.clj:7022)
	at clojure.core$binding_conveyor_fn$fn__5739.invoke(core.clj:2030)
	at clojure.lang.AFn.call(AFn.java:18)
	at java.base/java.util.concurrent.FutureTask.run(FutureTask.java:264)
	at java.base/java.util.concurrent.ThreadPoolExecutor.runWorker(ThreadPoolExecutor.java:1128)
	at java.base/java.util.concurrent.ThreadPoolExecutor$Worker.run(ThreadPoolExecutor.java:628)
	at java.base/java.lang.Thread.run(Thread.java:829)
Caused by: java.io.IOException: Cannot run program "gnuplot": error=2, No such file or directory
	at java.base/java.lang.ProcessBuilder.start(ProcessBuilder.java:1128)
	at java.base/java.lang.ProcessBuilder.start(ProcessBuilder.java:1071)
	at java.base/java.lang.Runtime.exec(Runtime.java:592)
	at clojure.java.shell$sh.invokeStatic(shell.clj:113)
	at clojure.java.shell$sh.doInvoke(shell.clj:79)
	at clojure.lang.RestFn.invoke(RestFn.java:512)
	at gnuplot.core$run_BANG_.invokeStatic(core.clj:76)
	at gnuplot.core$run_BANG_.invoke(core.clj:66)
	at gnuplot.core$raw_plot_BANG_.invokeStatic(core.clj:106)
	at gnuplot.core$raw_plot_BANG_.invoke(core.clj:91)
	... 15 common frames omitted
Caused by: java.io.IOException: error=2, No such file or directory
	at java.base/java.lang.ProcessImpl.forkAndExec(Native Method)
	at java.base/java.lang.ProcessImpl.<init>(ProcessImpl.java:340)
	at java.base/java.lang.ProcessImpl.start(ProcessImpl.java:271)
	at java.base/java.lang.ProcessBuilder.start(ProcessBuilder.java:1107)
	... 24 common frames omitted
2022-05-01 20:42:44,542{GMT}	INFO	[clojure-agent-send-pool-2] jepsen.independent: Wrote /home/peter/Documents/tf/lab3/store/lin-kv/20220501T204232.000+0100/independent/3/results.edn
2022-05-01 20:42:44,544{GMT}	INFO	[clojure-agent-send-pool-2] jepsen.independent: Wrote /home/peter/Documents/tf/lab3/store/lin-kv/20220501T204232.000+0100/independent/3/history.edn
2022-05-01 20:42:44,584{GMT}	INFO	[clojure-agent-send-pool-1] jepsen.independent: Wrote /home/peter/Documents/tf/lab3/store/lin-kv/20220501T204232.000+0100/independent/1/results.edn
2022-05-01 20:42:44,585{GMT}	INFO	[clojure-agent-send-pool-1] jepsen.independent: Wrote /home/peter/Documents/tf/lab3/store/lin-kv/20220501T204232.000+0100/independent/1/history.edn
2022-05-01 20:42:44,586{GMT}	INFO	[clojure-agent-send-pool-3] jepsen.independent: Wrote /home/peter/Documents/tf/lab3/store/lin-kv/20220501T204232.000+0100/independent/2/results.edn
2022-05-01 20:42:44,587{GMT}	INFO	[clojure-agent-send-pool-3] jepsen.independent: Wrote /home/peter/Documents/tf/lab3/store/lin-kv/20220501T204232.000+0100/independent/2/history.edn
2022-05-01 20:42:44,591{GMT}	INFO	[clojure-agent-send-pool-0] jepsen.independent: Wrote /home/peter/Documents/tf/lab3/store/lin-kv/20220501T204232.000+0100/independent/0/results.edn
2022-05-01 20:42:44,593{GMT}	INFO	[clojure-agent-send-pool-0] jepsen.independent: Wrote /home/peter/Documents/tf/lab3/store/lin-kv/20220501T204232.000+0100/independent/0/history.edn
2022-05-01 20:42:44,593{GMT}	INFO	[jepsen test runner] jepsen.core: Analysis complete
2022-05-01 20:42:44,645{GMT}	INFO	[jepsen results] jepsen.store: Wrote /home/peter/Documents/tf/lab3/store/lin-kv/20220501T204232.000+0100/results.edn
2022-05-01 20:42:44,674{GMT}	INFO	[jepsen test runner] jepsen.core: {:perf {:latency-graph {:valid? :unknown,
                        :error "java.lang.IllegalStateException: Error rendering plot, verify gnuplot is installed and reachable\n at jepsen.checker.perf$plot_BANG_.invokeStatic (perf.clj:480)\n    jepsen.checker.perf$plot_BANG_.invoke (perf.clj:417)\n    jepsen.checker.perf$point_graph_BANG_.invokeStatic (perf.clj:511)\n    jepsen.checker.perf$point_graph_BANG_.invoke (perf.clj:484)\n    jepsen.checker$latency_graph$reify__8824.check (checker.clj:803)\n    jepsen.checker$check_safe.invokeStatic (checker.clj:78)\n    jepsen.checker$check_safe.invoke (checker.clj:71)\n    jepsen.checker$compose$reify__8612$fn__8614.invoke (checker.clj:94)\n    clojure.core$pmap$fn__8447$fn__8448.invoke (core.clj:7022)\n    clojure.core$binding_conveyor_fn$fn__5739.invoke (core.clj:2030)\n    clojure.lang.AFn.call (AFn.java:18)\n    java.util.concurrent.FutureTask.run (FutureTask.java:264)\n    java.util.concurrent.ThreadPoolExecutor.runWorker (ThreadPoolExecutor.java:1128)\n    java.util.concurrent.ThreadPoolExecutor$Worker.run (ThreadPoolExecutor.java:628)\n    java.lang.Thread.run (Thread.java:829)\nCaused by: java.io.IOException: Cannot run program \"gnuplot\": error=2, No such file or directory\n at java.lang.ProcessBuilder.start (ProcessBuilder.java:1128)\n    java.lang.ProcessBuilder.start (ProcessBuilder.java:1071)\n    java.lang.Runtime.exec (Runtime.java:592)\n    clojure.java.shell$sh.invokeStatic (shell.clj:113)\n    clojure.java.shell$sh.doInvoke (shell.clj:79)\n    clojure.lang.RestFn.invoke (RestFn.java:512)\n    gnuplot.core$run_BANG_.invokeStatic (core.clj:76)\n    gnuplot.core$run_BANG_.invoke (core.clj:66)\n    gnuplot.core$raw_plot_BANG_.invokeStatic (core.clj:106)\n    gnuplot.core$raw_plot_BANG_.invoke (core.clj:91)\n    jepsen.checker.perf$plot_BANG_.invokeStatic (perf.clj:480)\n    jepsen.checker.perf$plot_BANG_.invoke (perf.clj:417)\n    jepsen.checker.perf$point_graph_BANG_.invokeStatic (perf.clj:511)\n    jepsen.checker.perf$point_graph_BANG_.invoke (perf.clj:484)\n    jepsen.checker$latency_graph$reify__8824.check (checker.clj:803)\n    jepsen.checker$check_safe.invokeStatic (checker.clj:78)\n    jepsen.checker$check_safe.invoke (checker.clj:71)\n    jepsen.checker$compose$reify__8612$fn__8614.invoke (checker.clj:94)\n    clojure.core$pmap$fn__8447$fn__8448.invoke (core.clj:7022)\n    clojure.core$binding_conveyor_fn$fn__5739.invoke (core.clj:2030)\n    clojure.lang.AFn.call (AFn.java:18)\n    java.util.concurrent.FutureTask.run (FutureTask.java:264)\n    java.util.concurrent.ThreadPoolExecutor.runWorker (ThreadPoolExecutor.java:1128)\n    java.util.concurrent.ThreadPoolExecutor$Worker.run (ThreadPoolExecutor.java:628)\n    java.lang.Thread.run (Thread.java:829)\nCaused by: java.io.IOException: error=2, No such file or directory\n at java.lang.ProcessImpl.forkAndExec (ProcessImpl.java:-2)\n    java.lang.ProcessImpl.<init> (ProcessImpl.java:340)\n    java.lang.ProcessImpl.start (ProcessImpl.java:271)\n    java.lang.ProcessBuilder.start (ProcessBuilder.java:1107)\n    java.lang.ProcessBuilder.start (ProcessBuilder.java:1071)\n    java.lang.Runtime.exec (Runtime.java:592)\n    clojure.java.shell$sh.invokeStatic (shell.clj:113)\n    clojure.java.shell$sh.doInvoke (shell.clj:79)\n    clojure.lang.RestFn.invoke (RestFn.java:512)\n    gnuplot.core$run_BANG_.invokeStatic (core.clj:76)\n    gnuplot.core$run_BANG_.invoke (core.clj:66)\n    gnuplot.core$raw_plot_BANG_.invokeStatic (core.clj:106)\n    gnuplot.core$raw_plot_BANG_.invoke (core.clj:91)\n    jepsen.checker.perf$plot_BANG_.invokeStatic (perf.clj:480)\n    jepsen.checker.perf$plot_BANG_.invoke (perf.clj:417)\n    jepsen.checker.perf$point_graph_BANG_.invokeStatic (perf.clj:511)\n    jepsen.checker.perf$point_graph_BANG_.invoke (perf.clj:484)\n    jepsen.checker$latency_graph$reify__8824.check (checker.clj:803)\n    jepsen.checker$check_safe.invokeStatic (checker.clj:78)\n    jepsen.checker$check_safe.invoke (checker.clj:71)\n    jepsen.checker$compose$reify__8612$fn__8614.invoke (checker.clj:94)\n    clojure.core$pmap$fn__8447$fn__8448.invoke (core.clj:7022)\n    clojure.core$binding_conveyor_fn$fn__5739.invoke (core.clj:2030)\n    clojure.lang.AFn.call (AFn.java:18)\n    java.util.concurrent.FutureTask.run (FutureTask.java:264)\n    java.util.concurrent.ThreadPoolExecutor.runWorker (ThreadPoolExecutor.java:1128)\n    java.util.concurrent.ThreadPoolExecutor$Worker.run (ThreadPoolExecutor.java:628)\n    java.lang.Thread.run (Thread.java:829)\n"},
        :rate-graph {:valid? :unknown,
                     :error "java.lang.IllegalStateException: Error rendering plot, verify gnuplot is installed and reachable\n at jepsen.checker.perf$plot_BANG_.invokeStatic (perf.clj:480)\n    jepsen.checker.perf$plot_BANG_.invoke (perf.clj:417)\n    jepsen.checker.perf$rate_graph_BANG_.invokeStatic (perf.clj:599)\n    jepsen.checker.perf$rate_graph_BANG_.invoke (perf.clj:559)\n    jepsen.checker$rate_graph$reify__8827.check (checker.clj:816)\n    jepsen.checker$check_safe.invokeStatic (checker.clj:78)\n    jepsen.checker$check_safe.invoke (checker.clj:71)\n    jepsen.checker$compose$reify__8612$fn__8614.invoke (checker.clj:94)\n    clojure.core$pmap$fn__8447$fn__8448.invoke (core.clj:7022)\n    clojure.core$binding_conveyor_fn$fn__5739.invoke (core.clj:2030)\n    clojure.lang.AFn.call (AFn.java:18)\n    java.util.concurrent.FutureTask.run (FutureTask.java:264)\n    java.util.concurrent.ThreadPoolExecutor.runWorker (ThreadPoolExecutor.java:1128)\n    java.util.concurrent.ThreadPoolExecutor$Worker.run (ThreadPoolExecutor.java:628)\n    java.lang.Thread.run (Thread.java:829)\nCaused by: java.io.IOException: Cannot run program \"gnuplot\": error=2, No such file or directory\n at java.lang.ProcessBuilder.start (ProcessBuilder.java:1128)\n    java.lang.ProcessBuilder.start (ProcessBuilder.java:1071)\n    java.lang.Runtime.exec (Runtime.java:592)\n    clojure.java.shell$sh.invokeStatic (shell.clj:113)\n    clojure.java.shell$sh.doInvoke (shell.clj:79)\n    clojure.lang.RestFn.invoke (RestFn.java:512)\n    gnuplot.core$run_BANG_.invokeStatic (core.clj:76)\n    gnuplot.core$run_BANG_.invoke (core.clj:66)\n    gnuplot.core$raw_plot_BANG_.invokeStatic (core.clj:106)\n    gnuplot.core$raw_plot_BANG_.invoke (core.clj:91)\n    jepsen.checker.perf$plot_BANG_.invokeStatic (perf.clj:480)\n    jepsen.checker.perf$plot_BANG_.invoke (perf.clj:417)\n    jepsen.checker.perf$rate_graph_BANG_.invokeStatic (perf.clj:599)\n    jepsen.checker.perf$rate_graph_BANG_.invoke (perf.clj:559)\n    jepsen.checker$rate_graph$reify__8827.check (checker.clj:816)\n    jepsen.checker$check_safe.invokeStatic (checker.clj:78)\n    jepsen.checker$check_safe.invoke (checker.clj:71)\n    jepsen.checker$compose$reify__8612$fn__8614.invoke (checker.clj:94)\n    clojure.core$pmap$fn__8447$fn__8448.invoke (core.clj:7022)\n    clojure.core$binding_conveyor_fn$fn__5739.invoke (core.clj:2030)\n    clojure.lang.AFn.call (AFn.java:18)\n    java.util.concurrent.FutureTask.run (FutureTask.java:264)\n    java.util.concurrent.ThreadPoolExecutor.runWorker (ThreadPoolExecutor.java:1128)\n    java.util.concurrent.ThreadPoolExecutor$Worker.run (ThreadPoolExecutor.java:628)\n    java.lang.Thread.run (Thread.java:829)\nCaused by: java.io.IOException: error=2, No such file or directory\n at java.lang.ProcessImpl.forkAndExec (ProcessImpl.java:-2)\n    java.lang.ProcessImpl.<init> (ProcessImpl.java:340)\n    java.lang.ProcessImpl.start (ProcessImpl.java:271)\n    java.lang.ProcessBuilder.start (ProcessBuilder.java:1107)\n    java.lang.ProcessBuilder.start (ProcessBuilder.java:1071)\n    java.lang.Runtime.exec (Runtime.java:592)\n    clojure.java.shell$sh.invokeStatic (shell.clj:113)\n    clojure.java.shell$sh.doInvoke (shell.clj:79)\n    clojure.lang.RestFn.invoke (RestFn.java:512)\n    gnuplot.core$run_BANG_.invokeStatic (core.clj:76)\n    gnuplot.core$run_BANG_.invoke (core.clj:66)\n    gnuplot.core$raw_plot_BANG_.invokeStatic (core.clj:106)\n    gnuplot.core$raw_plot_BANG_.invoke (core.clj:91)\n    jepsen.checker.perf$plot_BANG_.invokeStatic (perf.clj:480)\n    jepsen.checker.perf$plot_BANG_.invoke (perf.clj:417)\n    jepsen.checker.perf$rate_graph_BANG_.invokeStatic (perf.clj:599)\n    jepsen.checker.perf$rate_graph_BANG_.invoke (perf.clj:559)\n    jepsen.checker$rate_graph$reify__8827.check (checker.clj:816)\n    jepsen.checker$check_safe.invokeStatic (checker.clj:78)\n    jepsen.checker$check_safe.invoke (checker.clj:71)\n    jepsen.checker$compose$reify__8612$fn__8614.invoke (checker.clj:94)\n    clojure.core$pmap$fn__8447$fn__8448.invoke (core.clj:7022)\n    clojure.core$binding_conveyor_fn$fn__5739.invoke (core.clj:2030)\n    clojure.lang.AFn.call (AFn.java:18)\n    java.util.concurrent.FutureTask.run (FutureTask.java:264)\n    java.util.concurrent.ThreadPoolExecutor.runWorker (ThreadPoolExecutor.java:1128)\n    java.util.concurrent.ThreadPoolExecutor$Worker.run (ThreadPoolExecutor.java:628)\n    java.lang.Thread.run (Thread.java:829)\n"},
        :valid? :unknown},
 :timeline {:valid? true},
 :exceptions {:valid? true},
 :stats {:valid? false,
         :count 46,
         :ok-count 0,
         :fail-count 11,
         :info-count 35,
         :by-f {:cas {:valid? false,
                      :count 21,
                      :ok-count 0,
                      :fail-count 0,
                      :info-count 21},
                :read {:valid? false,
                       :count 11,
                       :ok-count 0,
                       :fail-count 11,
                       :info-count 0},
                :write {:valid? false,
                        :count 14,
                        :ok-count 0,
                        :fail-count 0,
                        :info-count 14}}},
 :net {:stats {:all {:send-count 151,
                     :recv-count 151,
                     :msg-count 151,
                     :msgs-per-op 3.2826087},
               :clients {:send-count 95,
                         :recv-count 95,
                         :msg-count 95},
               :servers {:send-count 56,
                         :recv-count 56,
                         :msg-count 56,
                         :msgs-per-op 1.2173913}},
       :valid? true},
 :workload {:valid? true,
            :results {0 {:linearizable {:valid? true,
                                        :configs ({:model #knossos.model.CASRegister{:value nil},
                                                   :last-op nil,
                                                   :pending [{:process 5,
                                                              :type :invoke,
                                                              :f :write,
                                                              :value 4,
                                                              :index 39,
                                                              :time 4190592774}
                                                             {:process 6,
                                                              :type :invoke,
                                                              :f :cas,
                                                              :value [2
                                                                      2],
                                                              :index 24,
                                                              :time 2499551638}
                                                             {:process 7,
                                                              :type :invoke,
                                                              :f :cas,
                                                              :value [1
                                                                      3],
                                                              :index 8,
                                                              :time 909003573}
                                                             {:process 8,
                                                              :type :invoke,
                                                              :f :write,
                                                              :value 2,
                                                              :index 30,
                                                              :time 3307131538}
                                                             {:process 9,
                                                              :type :invoke,
                                                              :f :write,
                                                              :value 2,
                                                              :index 59,
                                                              :time 6547951491}
                                                             {:process 27,
                                                              :type :invoke,
                                                              :f :cas,
                                                              :value [0
                                                                      4],
                                                              :index 37,
                                                              :time 3961734919}
                                                             {:process 28,
                                                              :type :invoke,
                                                              :f :cas,
                                                              :value [0
                                                                      2],
                                                              :index 43,
                                                              :time 4878065976}
                                                             {:process 29,
                                                              :type :invoke,
                                                              :f :cas,
                                                              :value [4
                                                                      0],
                                                              :index 63,
                                                              :time 6843789110}
                                                             {:process 47,
                                                              :type :invoke,
                                                              :f :cas,
                                                              :value [0
                                                                      0],
                                                              :index 52,
                                                              :time 5692976242}
                                                             {:process 48,
                                                              :type :invoke,
                                                              :f :cas,
                                                              :value [4
                                                                      3],
                                                              :index 71,
                                                              :time 7904700424}
                                                             {:process 67,
                                                              :type :invoke,
                                                              :f :cas,
                                                              :value [0
                                                                      4],
                                                              :index 69,
                                                              :time 7641468994}]}),
                                        :final-paths ()},
                         :timeline {:valid? true},
                         :valid? true},
                      1 {:linearizable {:valid? true,
                                        :configs ({:model #knossos.model.CASRegister{:value nil},
                                                   :last-op nil,
                                                   :pending [{:process 12,
                                                              :type :invoke,
                                                              :f :write,
                                                              :value 2,
                                                              :index 28,
                                                              :time 2946213837}
                                                             {:process 13,
                                                              :type :invoke,
                                                              :f :cas,
                                                              :value [1
                                                                      0],
                                                              :index 33,
                                                              :time 3494213221}
                                                             {:process 14,
                                                              :type :invoke,
                                                              :f :cas,
                                                              :value [3
                                                                      0],
                                                              :index 4,
                                                              :time 465467710}
                                                             {:process 15,
                                                              :type :invoke,
                                                              :f :cas,
                                                              :value [2
                                                                      4],
                                                              :index 32,
                                                              :time 3329732144}
                                                             {:process 16,
                                                              :type :invoke,
                                                              :f :cas,
                                                              :value [4
                                                                      4],
                                                              :index 0,
                                                              :time 11231845}
                                                             {:process 17,
                                                              :type :invoke,
                                                              :f :write,
                                                              :value 3,
                                                              :index 18,
                                                              :time 1652553375}
                                                             {:process 18,
                                                              :type :invoke,
                                                              :f :write,
                                                              :value 4,
                                                              :index 10,
                                                              :time 1121544794}
                                                             {:process 34,
                                                              :type :invoke,
                                                              :f :write,
                                                              :value 2,
                                                              :index 12,
                                                              :time 1246597641}
                                                             {:process 37,
                                                              :type :invoke,
                                                              :f :cas,
                                                              :value [1
                                                                      2],
                                                              :index 22,
                                                              :time 2154532564}
                                                             {:process 38,
                                                              :type :invoke,
                                                              :f :cas,
                                                              :value [4
                                                                      2],
                                                              :index 20,
                                                              :time 1924514085}
                                                             {:process 54,
                                                              :type :invoke,
                                                              :f :write,
                                                              :value 2,
                                                              :index 14,
                                                              :time 1420213986}]}),
                                        :final-paths ()},
                         :timeline {:valid? true},
                         :valid? true},
                      3 {:linearizable {:valid? true,
                                        :configs ({:model #knossos.model.CASRegister{:value nil},
                                                   :last-op nil,
                                                   :pending [{:process 25,
                                                              :type :invoke,
                                                              :f :write,
                                                              :value 4,
                                                              :index 85,
                                                              :time 9691409595}
                                                             {:process 49,
                                                              :type :invoke,
                                                              :f :cas,
                                                              :value [0
                                                                      4],
                                                              :index 75,
                                                              :time 8427339658}
                                                             {:process 69,
                                                              :type :invoke,
                                                              :f :cas,
                                                              :value [4
                                                                      4],
                                                              :index 87,
                                                              :time 9820337887}]}),
                                        :final-paths ()},
                         :timeline {:valid? true},
                         :valid? true},
                      2 {:linearizable {:valid? true,
                                        :configs ({:model #knossos.model.CASRegister{:value nil},
                                                   :last-op nil,
                                                   :pending [{:process 10,
                                                              :type :invoke,
                                                              :f :cas,
                                                              :value [0
                                                                      2],
                                                              :index 66,
                                                              :time 7159870727}
                                                             {:process 11,
                                                              :type :invoke,
                                                              :f :write,
                                                              :value 0,
                                                              :index 45,
                                                              :time 5145320154}
                                                             {:process 30,
                                                              :type :invoke,
                                                              :f :cas,
                                                              :value [3
                                                                      3],
                                                              :index 74,
                                                              :time 8166616216}
                                                             {:process 31,
                                                              :type :invoke,
                                                              :f :write,
                                                              :value 4,
                                                              :index 50,
                                                              :time 5603212011}
                                                             {:process 33,
                                                              :type :invoke,
                                                              :f :cas,
                                                              :value [1
                                                                      2],
                                                              :index 77,
                                                              :time 8433286110}
                                                             {:process 35,
                                                              :type :invoke,
                                                              :f :write,
                                                              :value 3,
                                                              :index 56,
                                                              :time 6043292980}
                                                             {:process 36,
                                                              :type :invoke,
                                                              :f :cas,
                                                              :value [0
                                                                      0],
                                                              :index 80,
                                                              :time 9048163628}
                                                             {:process 51,
                                                              :type :invoke,
                                                              :f :cas,
                                                              :value [2
                                                                      0],
                                                              :index 89,
                                                              :time 9930137439}
                                                             {:process 55,
                                                              :type :invoke,
                                                              :f :write,
                                                              :value 1,
                                                              :index 79,
                                                              :time 8727024152}
                                                             {:process 74,
                                                              :type :invoke,
                                                              :f :write,
                                                              :value 0,
                                                              :index 41,
                                                              :time 4482888911}]}),
                                        :final-paths ()},
                         :timeline {:valid? true},
                         :valid? true}},
            :failures []},
 :valid? false}


Analysis invalid! ( 
