DEBUG:root:received {"dest":"n2","body":{"type":"init","node_id":"n2","node_ids":["n1","n2","n3","n4","n5"],"msg_id":1},"src":"c2","id":2}
INFO:root:node n2 initialized
DEBUG:root:sending {"dest": "c2", "src": "n2", "body": {"msg_id": 1, "in_reply_to": 1, "type": "init_ok"}}
DEBUG:root:received {"dest":"n2","src":"n1","body":{"msg_id":3,"type":"AppendEntries","term":0,"prevIndex":0,"prevTerm":0,"entries":[[["pass",null],0]],"commit":0},"id":11}
DEBUG:root:sending {"dest": "n1", "src": "n2", "body": {"msg_id": 2, "in_reply_to": 3, "type": "AppendEntriesRes", "res": true, "term": 0, "next": 2, "commit": 0}}
DEBUG:root:received {"dest":"n2","body":{"key":1,"value":0,"type":"write","msg_id":1},"src":"c12","id":22}
DEBUG:root:sending {"dest": "c12", "src": "n2", "body": {"msg_id": 3, "in_reply_to": 1, "type": "error", "code": 11, "text": "Not Leader"}}
DEBUG:root:received {"dest":"n2","body":{"key":0,"type":"read","msg_id":1},"src":"c13","id":24}
DEBUG:root:sending {"dest": "c13", "src": "n2", "body": {"msg_id": 4, "in_reply_to": 1, "type": "error", "code": 11, "text": "Not Leader"}}
DEBUG:root:received {"dest":"n2","body":{"key":0,"type":"read","msg_id":2},"src":"c13","id":31}
DEBUG:root:sending {"dest": "c13", "src": "n2", "body": {"msg_id": 5, "in_reply_to": 2, "type": "error", "code": 11, "text": "Not Leader"}}
DEBUG:root:received {"dest":"n2","body":{"key":0,"value":2,"type":"write","msg_id":1},"src":"c18","id":37}
DEBUG:root:sending {"dest": "c18", "src": "n2", "body": {"msg_id": 6, "in_reply_to": 1, "type": "error", "code": 11, "text": "Not Leader"}}
DEBUG:root:received {"dest":"n2","body":{"key":0,"type":"read","msg_id":3},"src":"c13","id":40}
DEBUG:root:sending {"dest": "c13", "src": "n2", "body": {"msg_id": 7, "in_reply_to": 3, "type": "error", "code": 11, "text": "Not Leader"}}
DEBUG:root:received {"dest":"n2","body":{"key":1,"value":3,"type":"write","msg_id":1},"src":"c24","id":51}
DEBUG:root:sending {"dest": "c24", "src": "n2", "body": {"msg_id": 8, "in_reply_to": 1, "type": "error", "code": 11, "text": "Not Leader"}}
DEBUG:root:received {"dest":"n2","body":{"key":0,"type":"read","msg_id":4},"src":"c13","id":73}
DEBUG:root:sending {"dest": "c13", "src": "n2", "body": {"msg_id": 9, "in_reply_to": 4, "type": "error", "code": 11, "text": "Not Leader"}}
DEBUG:root:received {"dest":"n2","body":{"key":0,"type":"read","msg_id":5},"src":"c13","id":93}
DEBUG:root:sending {"dest": "c13", "src": "n2", "body": {"msg_id": 10, "in_reply_to": 5, "type": "error", "code": 11, "text": "Not Leader"}}
DEBUG:root:received {"dest":"n2","body":{"key":0,"from":0,"to":4,"type":"cas","msg_id":2},"src":"c18","id":97}
DEBUG:root:sending {"dest": "c18", "src": "n2", "body": {"msg_id": 11, "in_reply_to": 2, "type": "error", "code": 11, "text": "Not Leader"}}
DEBUG:root:received {"dest":"n2","body":{"key":4,"type":"read","msg_id":6},"src":"c13","id":113}
DEBUG:root:sending {"dest": "c13", "src": "n2", "body": {"msg_id": 12, "in_reply_to": 6, "type": "error", "code": 11, "text": "Not Leader"}}
DEBUG:root:received {"dest":"n2","body":{"key":4,"value":4,"type":"write","msg_id":3},"src":"c18","id":115}
DEBUG:root:sending {"dest": "c18", "src": "n2", "body": {"msg_id": 13, "in_reply_to": 3, "type": "error", "code": 11, "text": "Not Leader"}}
