DEBUG:root:received {"dest":"n3","body":{"type":"init","node_id":"n3","node_ids":["n1","n2","n3","n4","n5"],"msg_id":1},"src":"c1","id":1}
INFO:root:node n3 initialized
DEBUG:root:sending {"dest": "c1", "src": "n3", "body": {"msg_id": 1, "in_reply_to": 1, "type": "init_ok"}}
DEBUG:root:received {"dest":"n3","src":"n1","body":{"msg_id":4,"type":"AppendEntries","term":0,"prevIndex":0,"prevTerm":0,"entries":[[["pass",null],0]],"commit":0},"id":12}
DEBUG:root:sending {"dest": "n1", "src": "n3", "body": {"msg_id": 2, "in_reply_to": 4, "type": "AppendEntriesRes", "res": true, "term": 0, "next": 2, "commit": 0}}
DEBUG:root:received {"dest":"n3","body":{"key":1,"from":2,"to":2,"type":"cas","msg_id":1},"src":"c17","id":33}
DEBUG:root:sending {"dest": "c17", "src": "n3", "body": {"msg_id": 3, "in_reply_to": 1, "type": "error", "code": 11, "text": "Not Leader"}}
DEBUG:root:received {"dest":"n3","body":{"key":1,"from":0,"to":2,"type":"cas","msg_id":2},"src":"c17","id":35}
DEBUG:root:sending {"dest": "c17", "src": "n3", "body": {"msg_id": 4, "in_reply_to": 2, "type": "error", "code": 11, "text": "Not Leader"}}
DEBUG:root:received {"dest":"n3","body":{"key":0,"type":"read","msg_id":1},"src":"c21","id":45}
DEBUG:root:sending {"dest": "c21", "src": "n3", "body": {"msg_id": 5, "in_reply_to": 1, "type": "error", "code": 11, "text": "Not Leader"}}
DEBUG:root:received {"dest":"n3","body":{"key":1,"from":2,"to":0,"type":"cas","msg_id":1},"src":"c25","id":53}
DEBUG:root:sending {"dest": "c25", "src": "n3", "body": {"msg_id": 6, "in_reply_to": 1, "type": "error", "code": 11, "text": "Not Leader"}}
DEBUG:root:received {"dest":"n3","body":{"key":0,"from":4,"to":0,"type":"cas","msg_id":1},"src":"c27","id":68}
DEBUG:root:sending {"dest": "c27", "src": "n3", "body": {"msg_id": 7, "in_reply_to": 1, "type": "error", "code": 11, "text": "Not Leader"}}
DEBUG:root:received {"dest":"n3","body":{"key":0,"type":"read","msg_id":2},"src":"c21","id":75}
DEBUG:root:sending {"dest": "c21", "src": "n3", "body": {"msg_id": 8, "in_reply_to": 2, "type": "error", "code": 11, "text": "Not Leader"}}
DEBUG:root:received {"dest":"n3","body":{"key":0,"value":0,"type":"write","msg_id":2},"src":"c27","id":77}
DEBUG:root:sending {"dest": "c27", "src": "n3", "body": {"msg_id": 9, "in_reply_to": 2, "type": "error", "code": 11, "text": "Not Leader"}}
DEBUG:root:received {"dest":"n3","body":{"key":2,"from":4,"to":0,"type":"cas","msg_id":2},"src":"c25","id":79}
DEBUG:root:sending {"dest": "c25", "src": "n3", "body": {"msg_id": 10, "in_reply_to": 2, "type": "error", "code": 11, "text": "Not Leader"}}
DEBUG:root:received {"dest":"n3","body":{"key":2,"from":3,"to":0,"type":"cas","msg_id":3},"src":"c25","id":85}
DEBUG:root:sending {"dest": "c25", "src": "n3", "body": {"msg_id": 11, "in_reply_to": 3, "type": "error", "code": 11, "text": "Not Leader"}}
DEBUG:root:received {"dest":"n3","body":{"key":0,"type":"read","msg_id":3},"src":"c21","id":89}
DEBUG:root:sending {"dest": "c21", "src": "n3", "body": {"msg_id": 12, "in_reply_to": 3, "type": "error", "code": 11, "text": "Not Leader"}}
DEBUG:root:received {"dest":"n3","body":{"key":2,"from":4,"to":4,"type":"cas","msg_id":4},"src":"c25","id":95}
DEBUG:root:sending {"dest": "c25", "src": "n3", "body": {"msg_id": 13, "in_reply_to": 4, "type": "error", "code": 11, "text": "Not Leader"}}
DEBUG:root:received {"dest":"n3","body":{"key":2,"value":0,"type":"write","msg_id":5},"src":"c25","id":101}
DEBUG:root:sending {"dest": "c25", "src": "n3", "body": {"msg_id": 14, "in_reply_to": 5, "type": "error", "code": 11, "text": "Not Leader"}}
DEBUG:root:received {"dest":"n3","body":{"key":4,"from":3,"to":0,"type":"cas","msg_id":3},"src":"c27","id":121}
DEBUG:root:sending {"dest": "c27", "src": "n3", "body": {"msg_id": 15, "in_reply_to": 3, "type": "error", "code": 11, "text": "Not Leader"}}
