DEBUG:root:received {"dest":"n5","body":{"type":"init","node_id":"n5","node_ids":["n1","n2","n3","n4","n5"],"msg_id":1},"src":"c3","id":3}
INFO:root:node n5 initialized
DEBUG:root:sending {"dest": "c3", "src": "n5", "body": {"msg_id": 1, "in_reply_to": 1, "type": "init_ok"}}
DEBUG:root:received {"dest":"n5","src":"n1","body":{"msg_id":6,"type":"AppendEntries","term":0,"prevIndex":0,"prevTerm":0,"entries":[[["pass",null],0]],"commit":0},"id":15}
DEBUG:root:sending {"dest": "n1", "src": "n5", "body": {"msg_id": 2, "in_reply_to": 6, "type": "AppendEntriesRes", "res": true, "term": 0, "next": 2, "commit": 0}}
DEBUG:root:received {"dest":"n5","body":{"key":0,"from":1,"to":1,"type":"cas","msg_id":1},"src":"c10","id":19}
DEBUG:root:sending {"dest": "c10", "src": "n5", "body": {"msg_id": 3, "in_reply_to": 1, "type": "error", "code": 11, "text": "Not Leader"}}
DEBUG:root:received {"dest":"n5","body":{"key":1,"from":1,"to":4,"type":"cas","msg_id":1},"src":"c15","id":27}
DEBUG:root:sending {"dest": "c15", "src": "n5", "body": {"msg_id": 4, "in_reply_to": 1, "type": "error", "code": 11, "text": "Not Leader"}}
DEBUG:root:received {"dest":"n5","body":{"key":1,"from":0,"to":4,"type":"cas","msg_id":1},"src":"c19","id":42}
DEBUG:root:sending {"dest": "c19", "src": "n5", "body": {"msg_id": 5, "in_reply_to": 1, "type": "error", "code": 11, "text": "Not Leader"}}
DEBUG:root:received {"dest":"n5","body":{"key":0,"type":"read","msg_id":1},"src":"c23","id":49}
DEBUG:root:sending {"dest": "c23", "src": "n5", "body": {"msg_id": 6, "in_reply_to": 1, "type": "error", "code": 11, "text": "Not Leader"}}
DEBUG:root:received {"dest":"n5","body":{"key":0,"value":0,"type":"write","msg_id":2},"src":"c10","id":55}
DEBUG:root:sending {"dest": "c10", "src": "n5", "body": {"msg_id": 7, "in_reply_to": 2, "type": "error", "code": 11, "text": "Not Leader"}}
DEBUG:root:received {"dest":"n5","body":{"key":1,"value":2,"type":"write","msg_id":2},"src":"c15","id":61}
DEBUG:root:sending {"dest": "c15", "src": "n5", "body": {"msg_id": 8, "in_reply_to": 2, "type": "error", "code": 11, "text": "Not Leader"}}
DEBUG:root:received {"dest":"n5","body":{"key":2,"from":1,"to":0,"type":"cas","msg_id":3},"src":"c15","id":64}
DEBUG:root:sending {"dest": "c15", "src": "n5", "body": {"msg_id": 9, "in_reply_to": 3, "type": "error", "code": 11, "text": "Not Leader"}}
DEBUG:root:received {"dest":"n5","body":{"key":2,"value":4,"type":"write","msg_id":4},"src":"c15","id":71}
DEBUG:root:sending {"dest": "c15", "src": "n5", "body": {"msg_id": 10, "in_reply_to": 4, "type": "error", "code": 11, "text": "Not Leader"}}
DEBUG:root:received {"dest":"n5","body":{"key":0,"type":"read","msg_id":2},"src":"c23","id":81}
DEBUG:root:sending {"dest": "c23", "src": "n5", "body": {"msg_id": 11, "in_reply_to": 2, "type": "error", "code": 11, "text": "Not Leader"}}
DEBUG:root:received {"dest":"n5","body":{"key":2,"from":1,"to":4,"type":"cas","msg_id":5},"src":"c15","id":91}
DEBUG:root:sending {"dest": "c15", "src": "n5", "body": {"msg_id": 12, "in_reply_to": 5, "type": "error", "code": 11, "text": "Not Leader"}}
DEBUG:root:received {"dest":"n5","body":{"key":0,"value":0,"type":"write","msg_id":3},"src":"c10","id":107}
DEBUG:root:sending {"dest": "c10", "src": "n5", "body": {"msg_id": 13, "in_reply_to": 3, "type": "error", "code": 11, "text": "Not Leader"}}
DEBUG:root:received {"dest":"n5","body":{"key":3,"value":1,"type":"write","msg_id":6},"src":"c15","id":109}
DEBUG:root:sending {"dest": "c15", "src": "n5", "body": {"msg_id": 14, "in_reply_to": 6, "type": "error", "code": 11, "text": "Not Leader"}}
DEBUG:root:received {"dest":"n5","body":{"key":4,"type":"read","msg_id":3},"src":"c23","id":117}
DEBUG:root:sending {"dest": "c23", "src": "n5", "body": {"msg_id": 15, "in_reply_to": 3, "type": "error", "code": 11, "text": "Not Leader"}}
DEBUG:root:received {"dest":"n5","body":{"key":4,"from":2,"to":4,"type":"cas","msg_id":4},"src":"c10","id":123}
DEBUG:root:sending {"dest": "c10", "src": "n5", "body": {"msg_id": 16, "in_reply_to": 4, "type": "error", "code": 11, "text": "Not Leader"}}
