DEBUG:root:received {"dest":"n1","body":{"type":"init","node_id":"n1","node_ids":["n1","n2","n3","n4","n5"],"msg_id":1},"src":"c3","id":3}
INFO:root:node n1 initialized
DEBUG:root:sending {"dest": "c3", "src": "n1", "body": {"msg_id": 1, "in_reply_to": 1, "type": "init_ok"}}
DEBUG:root:sending {"dest": "n2", "src": "n1", "body": {"msg_id": 2, "type": "AppendEntries", "term": 0, "prevIndex": 0, "prevTerm": 0, "entries": [[["pass", null], 0]], "commit": 0}}
DEBUG:root:sending {"dest": "n3", "src": "n1", "body": {"msg_id": 3, "type": "AppendEntries", "term": 0, "prevIndex": 0, "prevTerm": 0, "entries": [[["pass", null], 0]], "commit": 0}}
DEBUG:root:sending {"dest": "n4", "src": "n1", "body": {"msg_id": 4, "type": "AppendEntries", "term": 0, "prevIndex": 0, "prevTerm": 0, "entries": [[["pass", null], 0]], "commit": 0}}
DEBUG:root:sending {"dest": "n5", "src": "n1", "body": {"msg_id": 5, "type": "AppendEntries", "term": 0, "prevIndex": 0, "prevTerm": 0, "entries": [[["pass", null], 0]], "commit": 0}}
DEBUG:root:received {"dest":"n1","src":"n2","body":{"msg_id":2,"in_reply_to":2,"type":"AppendEntriesRes","res":true,"term":0,"next":2,"commit":0},"id":13}
DEBUG:root:received {"dest":"n1","src":"n3","body":{"msg_id":2,"in_reply_to":3,"type":"AppendEntriesRes","res":true,"term":0,"next":2,"commit":0},"id":15}
DEBUG:root:received {"dest":"n1","src":"n4","body":{"msg_id":2,"in_reply_to":4,"type":"AppendEntriesRes","res":true,"term":0,"next":2,"commit":0},"id":16}
DEBUG:root:received {"dest":"n1","src":"n5","body":{"msg_id":2,"in_reply_to":5,"type":"AppendEntriesRes","res":true,"term":0,"next":2,"commit":0},"id":17}
Exception in thread Thread-4:
Traceback (most recent call last):
  File "/usr/lib/python3.10/threading.py", line 1009, in _bootstrap_inner
    self.run()
  File "/usr/lib/python3.10/threading.py", line 1371, in run
    self.function(*self.args, **self.kwargs)
  File "/home/peter/Documents/tf/lab3/raft.py", line 117, in <lambda>
    Timer(sec, lambda: executor.submit(reccursive_heartbeats,min_time,max_time)).start()
NameError: name 'reccursive_heartbeats' is not defined. Did you mean: 'recursive_heartbeats'?
Exception in thread Thread-3:
Traceback (most recent call last):
  File "/usr/lib/python3.10/threading.py", line 1009, in _bootstrap_inner
    self.run()
  File "/usr/lib/python3.10/threading.py", line 1371, in run
    self.function(*self.args, **self.kwargs)
  File "/home/peter/Documents/tf/lab3/raft.py", line 117, in <lambda>
    Timer(sec, lambda: executor.submit(reccursive_heartbeats,min_time,max_time)).start()
NameError: name 'reccursive_heartbeats' is not defined. Did you mean: 'recursive_heartbeats'?
Exception in thread Thread-1:
Traceback (most recent call last):
  File "/usr/lib/python3.10/threading.py", line 1009, in _bootstrap_inner
    self.run()
  File "/usr/lib/python3.10/threading.py", line 1371, in run
    self.function(*self.args, **self.kwargs)
  File "/home/peter/Documents/tf/lab3/raft.py", line 117, in <lambda>
    Timer(sec, lambda: executor.submit(reccursive_heartbeats,min_time,max_time)).start()
NameError: name 'reccursive_heartbeats' is not defined. Did you mean: 'recursive_heartbeats'?
Exception in thread Thread-2:
Traceback (most recent call last):
  File "/usr/lib/python3.10/threading.py", line 1009, in _bootstrap_inner
    self.run()
  File "/usr/lib/python3.10/threading.py", line 1371, in run
    self.function(*self.args, **self.kwargs)
  File "/home/peter/Documents/tf/lab3/raft.py", line 117, in <lambda>
    Timer(sec, lambda: executor.submit(reccursive_heartbeats,min_time,max_time)).start()
NameError: name 'reccursive_heartbeats' is not defined. Did you mean: 'recursive_heartbeats'?
DEBUG:root:received {"dest":"n1","body":{"key":0,"type":"read","msg_id":1},"src":"c13","id":24}
DEBUG:root:sending {"dest": "c13", "src": "n1", "body": {"msg_id": 6, "in_reply_to": 1, "type": "error", "code": 20, "text": "Invalid Key"}}
DEBUG:root:received {"dest":"n1","body":{"key":1,"from":2,"to":4,"type":"cas","msg_id":1},"src":"c22","id":50}
DEBUG:root:received {"dest":"n1","body":{"key":0,"value":4,"type":"write","msg_id":1},"src":"c25","id":57}
DEBUG:root:sending {"dest": "n2", "src": "n1", "body": {"msg_id": 7, "type": "AppendEntries", "term": 0, "entries": [[["write", [0, 4]], 0]], "prevIndex": 1, "prevTerm": 0, "commit": 0}}
DEBUG:root:sending {"dest": "n3", "src": "n1", "body": {"msg_id": 8, "type": "AppendEntries", "term": 0, "entries": [[["write", [0, 4]], 0]], "prevIndex": 1, "prevTerm": 0, "commit": 0}}
DEBUG:root:sending {"dest": "n4", "src": "n1", "body": {"msg_id": 9, "type": "AppendEntries", "term": 0, "entries": [[["write", [0, 4]], 0]], "prevIndex": 1, "prevTerm": 0, "commit": 0}}
DEBUG:root:sending {"dest": "n5", "src": "n1", "body": {"msg_id": 10, "type": "AppendEntries", "term": 0, "entries": [[["write", [0, 4]], 0]], "prevIndex": 1, "prevTerm": 0, "commit": 0}}
DEBUG:root:received {"dest":"n1","src":"n2","body":{"msg_id":6,"in_reply_to":7,"type":"AppendEntriesRes","res":true,"term":0,"next":3,"commit":0},"id":62}
DEBUG:root:received {"dest":"n1","src":"n3","body":{"msg_id":9,"in_reply_to":8,"type":"AppendEntriesRes","res":true,"term":0,"next":3,"commit":0},"id":63}
DEBUG:root:received {"dest":"n1","src":"n4","body":{"msg_id":8,"in_reply_to":9,"type":"AppendEntriesRes","res":true,"term":0,"next":3,"commit":0},"id":64}
DEBUG:root:received {"dest":"n1","src":"n5","body":{"msg_id":7,"in_reply_to":10,"type":"AppendEntriesRes","res":true,"term":0,"next":3,"commit":0},"id":65}
DEBUG:root:received {"dest":"n1","body":{"key":0,"type":"read","msg_id":2},"src":"c13","id":72}
DEBUG:root:sending {"dest": "c13", "src": "n1", "body": {"msg_id": 11, "in_reply_to": 2, "type": "error", "code": 20, "text": "Invalid Key"}}
DEBUG:root:received {"dest":"n1","body":{"key":2,"value":3,"type":"write","msg_id":2},"src":"c22","id":80}
DEBUG:root:sending {"dest": "n2", "src": "n1", "body": {"msg_id": 12, "type": "AppendEntries", "term": 0, "entries": [[["write", [2, 3]], 0]], "prevIndex": 2, "prevTerm": 0, "commit": 0}}
DEBUG:root:sending {"dest": "n3", "src": "n1", "body": {"msg_id": 13, "type": "AppendEntries", "term": 0, "entries": [[["write", [2, 3]], 0]], "prevIndex": 2, "prevTerm": 0, "commit": 0}}
DEBUG:root:sending {"dest": "n4", "src": "n1", "body": {"msg_id": 14, "type": "AppendEntries", "term": 0, "entries": [[["write", [2, 3]], 0]], "prevIndex": 2, "prevTerm": 0, "commit": 0}}
DEBUG:root:sending {"dest": "n5", "src": "n1", "body": {"msg_id": 15, "type": "AppendEntries", "term": 0, "entries": [[["write", [2, 3]], 0]], "prevIndex": 2, "prevTerm": 0, "commit": 0}}
DEBUG:root:received {"dest":"n1","src":"n2","body":{"msg_id":10,"in_reply_to":12,"type":"AppendEntriesRes","res":true,"term":0,"next":4,"commit":0},"id":84}
DEBUG:root:received {"dest":"n1","src":"n3","body":{"msg_id":11,"in_reply_to":13,"type":"AppendEntriesRes","res":true,"term":0,"next":4,"commit":0},"id":86}
DEBUG:root:received {"dest":"n1","src":"n4","body":{"msg_id":10,"in_reply_to":14,"type":"AppendEntriesRes","res":true,"term":0,"next":4,"commit":0},"id":87}
DEBUG:root:received {"dest":"n1","src":"n5","body":{"msg_id":9,"in_reply_to":15,"type":"AppendEntriesRes","res":true,"term":0,"next":4,"commit":0},"id":88}
DEBUG:root:received {"dest":"n1","body":{"key":2,"from":0,"to":2,"type":"cas","msg_id":1},"src":"c28","id":97}
DEBUG:root:sending {"dest": "n2", "src": "n1", "body": {"msg_id": 16, "type": "AppendEntries", "term": 0, "entries": [[["cas", [2, [0, 2]]], 0]], "prevIndex": 3, "prevTerm": 0, "commit": 0}}
DEBUG:root:sending {"dest": "n3", "src": "n1", "body": {"msg_id": 17, "type": "AppendEntries", "term": 0, "entries": [[["cas", [2, [0, 2]]], 0]], "prevIndex": 3, "prevTerm": 0, "commit": 0}}
DEBUG:root:sending {"dest": "n4", "src": "n1", "body": {"msg_id": 18, "type": "AppendEntries", "term": 0, "entries": [[["cas", [2, [0, 2]]], 0]], "prevIndex": 3, "prevTerm": 0, "commit": 0}}
DEBUG:root:sending {"dest": "n5", "src": "n1", "body": {"msg_id": 19, "type": "AppendEntries", "term": 0, "entries": [[["cas", [2, [0, 2]]], 0]], "prevIndex": 3, "prevTerm": 0, "commit": 0}}
DEBUG:root:received {"dest":"n1","src":"n2","body":{"msg_id":12,"in_reply_to":16,"type":"AppendEntriesRes","res":true,"term":0,"next":5,"commit":0},"id":102}
DEBUG:root:received {"dest":"n1","src":"n3","body":{"msg_id":12,"in_reply_to":17,"type":"AppendEntriesRes","res":true,"term":0,"next":5,"commit":0},"id":103}
DEBUG:root:received {"dest":"n1","src":"n4","body":{"msg_id":11,"in_reply_to":18,"type":"AppendEntriesRes","res":true,"term":0,"next":5,"commit":0},"id":104}
DEBUG:root:received {"dest":"n1","src":"n5","body":{"msg_id":13,"in_reply_to":19,"type":"AppendEntriesRes","res":true,"term":0,"next":5,"commit":0},"id":105}
DEBUG:root:received {"dest":"n1","body":{"key":0,"type":"read","msg_id":3},"src":"c13","id":106}
DEBUG:root:sending {"dest": "c13", "src": "n1", "body": {"msg_id": 20, "in_reply_to": 3, "type": "error", "code": 20, "text": "Invalid Key"}}
DEBUG:root:received {"dest":"n1","body":{"key":2,"from":3,"to":3,"type":"cas","msg_id":2},"src":"c28","id":112}
DEBUG:root:sending {"dest": "n2", "src": "n1", "body": {"msg_id": 21, "type": "AppendEntries", "term": 0, "entries": [[["cas", [2, [3, 3]]], 0]], "prevIndex": 4, "prevTerm": 0, "commit": 0}}
DEBUG:root:sending {"dest": "n3", "src": "n1", "body": {"msg_id": 22, "type": "AppendEntries", "term": 0, "entries": [[["cas", [2, [3, 3]]], 0]], "prevIndex": 4, "prevTerm": 0, "commit": 0}}
DEBUG:root:sending {"dest": "n4", "src": "n1", "body": {"msg_id": 23, "type": "AppendEntries", "term": 0, "entries": [[["cas", [2, [3, 3]]], 0]], "prevIndex": 4, "prevTerm": 0, "commit": 0}}
DEBUG:root:sending {"dest": "n5", "src": "n1", "body": {"msg_id": 24, "type": "AppendEntries", "term": 0, "entries": [[["cas", [2, [3, 3]]], 0]], "prevIndex": 4, "prevTerm": 0, "commit": 0}}
DEBUG:root:received {"dest":"n1","src":"n2","body":{"msg_id":13,"in_reply_to":21,"type":"AppendEntriesRes","res":true,"term":0,"next":6,"commit":0},"id":117}
DEBUG:root:received {"dest":"n1","src":"n3","body":{"msg_id":14,"in_reply_to":22,"type":"AppendEntriesRes","res":true,"term":0,"next":6,"commit":0},"id":118}
DEBUG:root:received {"dest":"n1","src":"n4","body":{"msg_id":13,"in_reply_to":23,"type":"AppendEntriesRes","res":true,"term":0,"next":6,"commit":0},"id":119}
DEBUG:root:received {"dest":"n1","src":"n5","body":{"msg_id":14,"in_reply_to":24,"type":"AppendEntriesRes","res":true,"term":0,"next":6,"commit":0},"id":120}
DEBUG:root:received {"dest":"n1","body":{"key":2,"value":1,"type":"write","msg_id":3},"src":"c22","id":125}
DEBUG:root:sending {"dest": "n2", "src": "n1", "body": {"msg_id": 25, "type": "AppendEntries", "term": 0, "entries": [[["write", [2, 1]], 0]], "prevIndex": 5, "prevTerm": 0, "commit": 0}}
DEBUG:root:sending {"dest": "n3", "src": "n1", "body": {"msg_id": 26, "type": "AppendEntries", "term": 0, "entries": [[["write", [2, 1]], 0]], "prevIndex": 5, "prevTerm": 0, "commit": 0}}
DEBUG:root:sending {"dest": "n4", "src": "n1", "body": {"msg_id": 27, "type": "AppendEntries", "term": 0, "entries": [[["write", [2, 1]], 0]], "prevIndex": 5, "prevTerm": 0, "commit": 0}}
DEBUG:root:sending {"dest": "n5", "src": "n1", "body": {"msg_id": 28, "type": "AppendEntries", "term": 0, "entries": [[["write", [2, 1]], 0]], "prevIndex": 5, "prevTerm": 0, "commit": 0}}
DEBUG:root:received {"dest":"n1","src":"n2","body":{"msg_id":14,"in_reply_to":25,"type":"AppendEntriesRes","res":true,"term":0,"next":7,"commit":0},"id":130}
DEBUG:root:received {"dest":"n1","src":"n3","body":{"msg_id":15,"in_reply_to":26,"type":"AppendEntriesRes","res":true,"term":0,"next":7,"commit":0},"id":131}
DEBUG:root:received {"dest":"n1","src":"n4","body":{"msg_id":15,"in_reply_to":27,"type":"AppendEntriesRes","res":true,"term":0,"next":7,"commit":0},"id":132}
DEBUG:root:received {"dest":"n1","src":"n5","body":{"msg_id":16,"in_reply_to":28,"type":"AppendEntriesRes","res":true,"term":0,"next":7,"commit":0},"id":133}
DEBUG:root:received {"dest":"n1","body":{"key":3,"value":4,"type":"write","msg_id":2},"src":"c25","id":138}
DEBUG:root:sending {"dest": "n2", "src": "n1", "body": {"msg_id": 29, "type": "AppendEntries", "term": 0, "entries": [[["write", [3, 4]], 0]], "prevIndex": 6, "prevTerm": 0, "commit": 0}}
DEBUG:root:sending {"dest": "n3", "src": "n1", "body": {"msg_id": 30, "type": "AppendEntries", "term": 0, "entries": [[["write", [3, 4]], 0]], "prevIndex": 6, "prevTerm": 0, "commit": 0}}
DEBUG:root:sending {"dest": "n4", "src": "n1", "body": {"msg_id": 31, "type": "AppendEntries", "term": 0, "entries": [[["write", [3, 4]], 0]], "prevIndex": 6, "prevTerm": 0, "commit": 0}}
DEBUG:root:sending {"dest": "n5", "src": "n1", "body": {"msg_id": 32, "type": "AppendEntries", "term": 0, "entries": [[["write", [3, 4]], 0]], "prevIndex": 6, "prevTerm": 0, "commit": 0}}
DEBUG:root:received {"dest":"n1","src":"n2","body":{"msg_id":16,"in_reply_to":29,"type":"AppendEntriesRes","res":true,"term":0,"next":8,"commit":0},"id":143}
DEBUG:root:received {"dest":"n1","src":"n3","body":{"msg_id":16,"in_reply_to":30,"type":"AppendEntriesRes","res":true,"term":0,"next":8,"commit":0},"id":144}
DEBUG:root:received {"dest":"n1","src":"n4","body":{"msg_id":16,"in_reply_to":31,"type":"AppendEntriesRes","res":true,"term":0,"next":8,"commit":0},"id":145}
DEBUG:root:received {"dest":"n1","src":"n5","body":{"msg_id":18,"in_reply_to":32,"type":"AppendEntriesRes","res":true,"term":0,"next":8,"commit":0},"id":146}
