DEBUG:root:received {"dest":"n2","body":{"type":"init","node_id":"n2","node_ids":["n1","n2","n3","n4","n5"],"msg_id":1},"src":"c0","id":0}
INFO:root:node n2 initialized
DEBUG:root:sending {"dest": "c0", "src": "n2", "body": {"msg_id": 1, "in_reply_to": 1, "type": "init_ok"}}
DEBUG:root:received {"dest":"n2","src":"n1","body":{"msg_id":2,"type":"AppendEntries","term":0,"prevIndex":0,"prevTerm":0,"entries":[[["pass",null],0]],"commit":0},"id":10}
DEBUG:root:sending {"dest": "n1", "src": "n2", "body": {"msg_id": 2, "in_reply_to": 2, "type": "AppendEntriesRes", "res": true, "term": 0, "next": 2, "commit": 0}}
DEBUG:root:received {"dest":"n2","body":{"key":1,"from":4,"to":4,"type":"cas","msg_id":1},"src":"c10","id":18}
DEBUG:root:sending {"dest": "c10", "src": "n2", "body": {"msg_id": 3, "in_reply_to": 1, "type": "error", "code": 11, "text": "Not Leader"}}
DEBUG:root:received {"dest":"n2","body":{"key":0,"type":"read","msg_id":1},"src":"c11","id":20}
DEBUG:root:sending {"dest": "c11", "src": "n2", "body": {"msg_id": 4, "in_reply_to": 1, "type": "error", "code": 11, "text": "Not Leader"}}
DEBUG:root:received {"dest":"n2","body":{"key":0,"from":2,"to":2,"type":"cas","msg_id":1},"src":"c18","id":42}
DEBUG:root:sending {"dest": "c18", "src": "n2", "body": {"msg_id": 5, "in_reply_to": 1, "type": "error", "code": 11, "text": "Not Leader"}}
DEBUG:root:received {"dest":"n2","src":"n1","body":{"msg_id":7,"type":"AppendEntries","term":0,"entries":[[["write",[0,4]],0]],"prevIndex":1,"prevTerm":0,"commit":0},"id":58}
DEBUG:root:sending {"dest": "n1", "src": "n2", "body": {"msg_id": 6, "in_reply_to": 7, "type": "AppendEntriesRes", "res": true, "term": 0, "next": 3, "commit": 0}}
DEBUG:root:received {"dest":"n2","body":{"key":2,"value":0,"type":"write","msg_id":1},"src":"c26","id":70}
DEBUG:root:sending {"dest": "c26", "src": "n2", "body": {"msg_id": 7, "in_reply_to": 1, "type": "error", "code": 11, "text": "Not Leader"}}
DEBUG:root:received {"dest":"n2","body":{"key":2,"value":4,"type":"write","msg_id":2},"src":"c26","id":74}
DEBUG:root:sending {"dest": "c26", "src": "n2", "body": {"msg_id": 8, "in_reply_to": 2, "type": "error", "code": 11, "text": "Not Leader"}}
DEBUG:root:received {"dest":"n2","body":{"key":0,"type":"read","msg_id":2},"src":"c11","id":78}
DEBUG:root:sending {"dest": "c11", "src": "n2", "body": {"msg_id": 9, "in_reply_to": 2, "type": "error", "code": 11, "text": "Not Leader"}}
DEBUG:root:received {"dest":"n2","src":"n1","body":{"msg_id":12,"type":"AppendEntries","term":0,"entries":[[["write",[2,3]],0]],"prevIndex":2,"prevTerm":0,"commit":0},"id":81}
DEBUG:root:sending {"dest": "n1", "src": "n2", "body": {"msg_id": 10, "in_reply_to": 12, "type": "AppendEntriesRes", "res": true, "term": 0, "next": 4, "commit": 0}}
DEBUG:root:received {"dest":"n2","body":{"key":0,"type":"read","msg_id":3},"src":"c11","id":89}
DEBUG:root:sending {"dest": "c11", "src": "n2", "body": {"msg_id": 11, "in_reply_to": 3, "type": "error", "code": 11, "text": "Not Leader"}}
DEBUG:root:received {"dest":"n2","src":"n1","body":{"msg_id":16,"type":"AppendEntries","term":0,"entries":[[["cas",[2,[0,2]]],0]],"prevIndex":3,"prevTerm":0,"commit":0},"id":98}
DEBUG:root:sending {"dest": "n1", "src": "n2", "body": {"msg_id": 12, "in_reply_to": 16, "type": "AppendEntriesRes", "res": true, "term": 0, "next": 5, "commit": 0}}
DEBUG:root:received {"dest":"n2","src":"n1","body":{"msg_id":21,"type":"AppendEntries","term":0,"entries":[[["cas",[2,[3,3]]],0]],"prevIndex":4,"prevTerm":0,"commit":0},"id":113}
DEBUG:root:sending {"dest": "n1", "src": "n2", "body": {"msg_id": 13, "in_reply_to": 21, "type": "AppendEntriesRes", "res": true, "term": 0, "next": 6, "commit": 0}}
DEBUG:root:received {"dest":"n2","src":"n1","body":{"msg_id":25,"type":"AppendEntries","term":0,"entries":[[["write",[2,1]],0]],"prevIndex":5,"prevTerm":0,"commit":0},"id":126}
DEBUG:root:sending {"dest": "n1", "src": "n2", "body": {"msg_id": 14, "in_reply_to": 25, "type": "AppendEntriesRes", "res": true, "term": 0, "next": 7, "commit": 0}}
DEBUG:root:received {"dest":"n2","body":{"key":2,"from":0,"to":0,"type":"cas","msg_id":2},"src":"c10","id":134}
DEBUG:root:sending {"dest": "c10", "src": "n2", "body": {"msg_id": 15, "in_reply_to": 2, "type": "error", "code": 11, "text": "Not Leader"}}
DEBUG:root:received {"dest":"n2","src":"n1","body":{"msg_id":29,"type":"AppendEntries","term":0,"entries":[[["write",[3,4]],0]],"prevIndex":6,"prevTerm":0,"commit":0},"id":139}
DEBUG:root:sending {"dest": "n1", "src": "n2", "body": {"msg_id": 16, "in_reply_to": 29, "type": "AppendEntriesRes", "res": true, "term": 0, "next": 8, "commit": 0}}
DEBUG:root:received {"dest":"n2","body":{"key":2,"from":2,"to":0,"type":"cas","msg_id":3},"src":"c26","id":149}
DEBUG:root:sending {"dest": "c26", "src": "n2", "body": {"msg_id": 17, "in_reply_to": 3, "type": "error", "code": 11, "text": "Not Leader"}}
