DEBUG:root:received {"dest":"n1","body":{"type":"init","node_id":"n1","node_ids":["n1","n2","n3","n4","n5"],"msg_id":1},"src":"c4","id":4}
INFO:root:node n1 initialized
DEBUG:root:received {"dest":"n1","src":"n2","body":{"msg_id":2,"type":"RequestVote","term":1,"prevLogIndex":0,"lastLogTerm":0,"candidateId":"n2"},"id":7}
DEBUG:root:sending {"dest": "c4", "src": "n1", "body": {"msg_id": 1, "in_reply_to": 1, "type": "init_ok"}}
DEBUG:root:received {"dest":"n1","src":"n3","body":{"msg_id":2,"type":"RequestVote","term":1,"prevLogIndex":0,"lastLogTerm":0,"candidateId":"n3"},"id":8}
DEBUG:root:sending {"dest": "n2", "src": "n1", "body": {"msg_id": 2, "type": "AppendEntries", "term": 0, "prevIndex": 0, "prevTerm": 0, "entries": [[["pass", null], 0]], "commit": 0}}
DEBUG:root:received {"dest":"n1","src":"n4","body":{"msg_id":2,"type":"RequestVote","term":1,"prevLogIndex":0,"lastLogTerm":0,"candidateId":"n4"},"id":22}
DEBUG:root:sending {"dest": "n3", "src": "n1", "body": {"msg_id": 3, "type": "AppendEntries", "term": 0, "prevIndex": 0, "prevTerm": 0, "entries": [[["pass", null], 0]], "commit": 0}}
DEBUG:root:received {"dest":"n1","src":"n5","body":{"msg_id":2,"type":"RequestVote","term":1,"prevLogIndex":0,"lastLogTerm":0,"candidateId":"n5"},"id":33}
DEBUG:root:sending {"dest": "n4", "src": "n1", "body": {"msg_id": 4, "type": "AppendEntries", "term": 0, "prevIndex": 0, "prevTerm": 0, "entries": [[["pass", null], 0]], "commit": 0}}
DEBUG:root:sending {"dest": "n5", "src": "n1", "body": {"msg_id": 5, "type": "AppendEntries", "term": 0, "prevIndex": 0, "prevTerm": 0, "entries": [[["pass", null], 0]], "commit": 0}}
DEBUG:root:received {"dest":"n1","src":"n2","body":{"msg_id":11,"in_reply_to":2,"type":"AppendEntriesRes","res":false,"term":1},"id":49}
DEBUG:root:sending {"dest": "n3", "src": "n1", "body": {"msg_id": 6, "in_reply_to": 2, "type": "RequestVoteRes", "term": 1, "res": true}}
DEBUG:root:sending {"dest": "n4", "src": "n1", "body": {"msg_id": 7, "in_reply_to": 2, "type": "RequestVoteRes", "term": 1, "res": false}}
DEBUG:root:sending {"dest": "n5", "src": "n1", "body": {"msg_id": 8, "in_reply_to": 2, "type": "RequestVoteRes", "term": 1, "res": false}}
DEBUG:root:sending {"dest": "n2", "src": "n1", "body": {"msg_id": 9, "in_reply_to": 11, "type": "error", "code": 11, "text": "Not Leader"}}
DEBUG:root:received {"dest":"n1","src":"n3","body":{"msg_id":11,"in_reply_to":3,"type":"AppendEntriesRes","res":false,"term":1},"id":50}
DEBUG:root:received {"dest":"n1","src":"n4","body":{"msg_id":11,"in_reply_to":4,"type":"AppendEntriesRes","res":false,"term":1},"id":52}
DEBUG:root:sending {"dest": "n3", "src": "n1", "body": {"msg_id": 10, "in_reply_to": 11, "type": "error", "code": 11, "text": "Not Leader"}}
DEBUG:root:received {"dest":"n1","src":"n5","body":{"msg_id":11,"in_reply_to":5,"type":"AppendEntriesRes","res":false,"term":1},"id":53}
DEBUG:root:sending {"dest": "n4", "src": "n1", "body": {"msg_id": 11, "in_reply_to": 11, "type": "error", "code": 11, "text": "Not Leader"}}
DEBUG:root:sending {"dest": "n5", "src": "n1", "body": {"msg_id": 12, "in_reply_to": 11, "type": "error", "code": 11, "text": "Not Leader"}}
DEBUG:root:received {"dest":"n1","body":{"key":1,"from":3,"to":1,"type":"cas","msg_id":1},"src":"c11","id":63}
DEBUG:root:sending {"dest": "c11", "src": "n1", "body": {"msg_id": 13, "in_reply_to": 1, "type": "error", "code": 11, "text": "Not Leader"}}
DEBUG:root:received {"dest":"n1","body":{"key":1,"from":2,"to":0,"type":"cas","msg_id":2},"src":"c11","id":85}
DEBUG:root:sending {"dest": "c11", "src": "n1", "body": {"msg_id": 14, "in_reply_to": 2, "type": "error", "code": 11, "text": "Not Leader"}}
DEBUG:root:received {"dest":"n1","body":{"key":0,"value":2,"type":"write","msg_id":1},"src":"c20","id":89}
DEBUG:root:sending {"dest": "c20", "src": "n1", "body": {"msg_id": 15, "in_reply_to": 1, "type": "error", "code": 11, "text": "Not Leader"}}
DEBUG:root:received {"dest":"n1","body":{"key":0,"type":"read","msg_id":1},"src":"c23","id":101}
DEBUG:root:sending {"dest": "c23", "src": "n1", "body": {"msg_id": 16, "in_reply_to": 1, "type": "error", "code": 11, "text": "Not Leader"}}
DEBUG:root:received {"dest":"n1","body":{"key":2,"value":4,"type":"write","msg_id":1},"src":"c24","id":107}
DEBUG:root:sending {"dest": "c24", "src": "n1", "body": {"msg_id": 17, "in_reply_to": 1, "type": "error", "code": 11, "text": "Not Leader"}}
