2022-05-04 15:07:10,704{GMT}	INFO	[jepsen test runner] jepsen.core: Test version 99e6fb2a3505fae4b1987d97b445a48b7ad1f664 (plus uncommitted changes)
2022-05-04 15:07:10,706{GMT}	INFO	[jepsen test runner] jepsen.core: Command line:
lein run test --bin raft.py --workload lin-kv --time-limit 2 --concurrency 4n
2022-05-04 15:07:10,953{GMT}	INFO	[jepsen test runner] jepsen.core: Running test:
{:remote #jepsen.control.SSHRemote{:session nil}
 :log-net-send false
 :node-count nil
 :max-txn-length 4
 :concurrency 20
 :db
 #object[maelstrom.db$db$reify__16747
         "0xcf0e8b4"
         "maelstrom.db$db$reify__16747@cf0e8b4"]
 :max-writes-per-key 16
 :leave-db-running? false
 :name "lin-kv"
 :logging-json? false
 :net-journal #object[clojure.lang.Atom "0x51a7ee4e" {:status :ready, :val []}]
 :start-time
 #object[org.joda.time.DateTime "0x424c8ebe" "2022-05-04T15:07:10.000+01:00"]
 :nemesis-interval 10
 :net
 #object[maelstrom.net$jepsen_adapter$reify__15560
         "0x7aafac17"
         "maelstrom.net$jepsen_adapter$reify__15560@7aafac17"]
 :client
 #object[maelstrom.workload.lin_kv$client$reify__17524
         "0x3054551f"
         "maelstrom.workload.lin_kv$client$reify__17524@3054551f"]
 :barrier
 #object[java.util.concurrent.CyclicBarrier
         "0x6b8cfbeb"
         "java.util.concurrent.CyclicBarrier@6b8cfbeb"]
 :log-stderr false
 :pure-generators true
 :ssh {:dummy? true}
 :rate 5
 :checker
 #object[jepsen.checker$compose$reify__8612
         "0x4603845b"
         "jepsen.checker$compose$reify__8612@4603845b"]
 :argv
 ("test"
  "--bin"
  "raft.py"
  "--workload"
  "lin-kv"
  "--time-limit"
  "2"
  "--concurrency"
  "4n")
 :nemesis
 (jepsen.nemesis.ReflCompose
  {:fm {:start-partition 0,
        :stop-partition 0,
        :kill 1,
        :start 1,
        :pause 1,
        :resume 1},
   :nemeses [#unprintable "jepsen.nemesis.combined$partition_nemesis$reify__17019@414b5798"
             #unprintable "jepsen.nemesis.combined$db_nemesis$reify__17000@53251e03"]})
 :active-histories
 #object[clojure.lang.Atom "0x5ffae42f" {:status :ready, :val #{}}]
 :nodes ["n1" "n2" "n3" "n4" "n5"]
 :test-count 1
 :latency {:mean 0, :dist :constant}
 :bin "raft.py"
 :generator
 (jepsen.generator.TimeLimit
  {:limit 2000000000,
   :cutoff nil,
   :gen (jepsen.generator.Any
         {:gens [(jepsen.generator.OnThreads {:f #{:nemesis}, :gen nil})
                 (jepsen.generator.OnThreads
                  {:f #object[clojure.core$complement$fn__5654
                              "0x3eff5c32"
                              "clojure.core$complement$fn__5654@3eff5c32"],
                   :gen (jepsen.generator.Stagger
                         {:dt 400000000,
                          :next-time nil,
                          :gen (jepsen.generator.OnThreads
                                {:f #object[clojure.core$complement$fn__5654
                                            "0x79d538c1"
                                            "clojure.core$complement$fn__5654@79d538c1"],
                                 :gen (jepsen.independent.ConcurrentGenerator
                                       {:n 10,
                                        :fgen #object[jepsen.tests.linearizable_register$test$fn__17324
                                                      "0x31e08c61"
                                                      "jepsen.tests.linearizable_register$test$fn__17324@31e08c61"],
                                        :group->threads nil,
                                        :thread->group nil,
                                        :keys (0 1 2 3 4 5 6 7 ...),
                                        :gens nil})})})})]})})
 :log-net-recv false
 :os
 #object[jepsen.os$reify__2490 "0x2db15764" "jepsen.os$reify__2490@2db15764"]
 :time-limit 2
 :workload :lin-kv
 :consistency-models [:strict-serializable]
 :topology :grid}

2022-05-04 15:07:10,981{GMT}	INFO	[jepsen test runner] jepsen.db: Tearing down DB
2022-05-04 15:07:10,992{GMT}	INFO	[jepsen test runner] jepsen.db: Setting up DB
2022-05-04 15:07:10,995{GMT}	INFO	[jepsen node n2] maelstrom.db: Setting up n2
2022-05-04 15:07:10,997{GMT}	INFO	[jepsen node n3] maelstrom.db: Setting up n3
2022-05-04 15:07:10,998{GMT}	INFO	[jepsen node n2] maelstrom.process: launching raft.py nil
2022-05-04 15:07:11,001{GMT}	INFO	[jepsen node n3] maelstrom.process: launching raft.py nil
2022-05-04 15:07:11,007{GMT}	INFO	[jepsen node n4] maelstrom.db: Setting up n4
2022-05-04 15:07:11,012{GMT}	INFO	[jepsen node n4] maelstrom.process: launching raft.py nil
2022-05-04 15:07:11,009{GMT}	INFO	[jepsen node n5] maelstrom.db: Setting up n5
2022-05-04 15:07:11,026{GMT}	INFO	[jepsen node n1] maelstrom.service: Starting services: (lin-kv lin-tso lww-kv seq-kv)
2022-05-04 15:07:11,029{GMT}	INFO	[jepsen node n5] maelstrom.process: launching raft.py nil
2022-05-04 15:07:11,149{GMT}	INFO	[jepsen node n1] maelstrom.db: Setting up n1
2022-05-04 15:07:11,151{GMT}	INFO	[jepsen node n1] maelstrom.process: launching raft.py nil
2022-05-04 15:07:11,334{GMT}	INFO	[jepsen test runner] jepsen.core: Relative time begins now
2022-05-04 15:07:11,463{GMT}	INFO	[jepsen worker 2] jepsen.util: 2	:invoke	:read	[0 nil]
2022-05-04 15:07:11,483{GMT}	INFO	[jepsen worker 2] jepsen.util: 2	:fail	:read	[0 nil]	[:unknown "Not Leader"]
2022-05-04 15:07:11,681{GMT}	INFO	[jepsen worker 1] jepsen.util: 1	:invoke	:read	[0 nil]
2022-05-04 15:07:11,688{GMT}	INFO	[jepsen worker 1] jepsen.util: 1	:fail	:read	[0 nil]	[:unknown "Invalid Key"]
2022-05-04 15:07:11,936{GMT}	INFO	[jepsen worker 6] jepsen.util: 6	:invoke	:cas	[0 [1 3]]
2022-05-04 15:07:12,057{GMT}	INFO	[jepsen worker 12] jepsen.util: 12	:invoke	:write	[1 4]
2022-05-04 15:07:12,375{GMT}	INFO	[jepsen worker 7] jepsen.util: 7	:invoke	:cas	[0 [2 4]]
2022-05-04 15:07:12,763{GMT}	INFO	[jepsen worker 17] jepsen.util: 17	:invoke	:write	[1 0]
2022-05-04 15:07:12,938{GMT}	INFO	[jepsen worker 6] jepsen.util: 6	:info	:cas	[0 [1 3]]	:net-timeout
2022-05-04 15:07:13,060{GMT}	INFO	[jepsen worker 12] jepsen.util: 12	:info	:write	[1 4]	:net-timeout
2022-05-04 15:07:13,114{GMT}	INFO	[jepsen worker 16] jepsen.util: 16	:invoke	:cas	[1 [2 0]]
2022-05-04 15:07:13,380{GMT}	INFO	[jepsen worker 7] jepsen.util: 7	:info	:cas	[0 [2 4]]	:net-timeout
2022-05-04 15:07:13,765{GMT}	INFO	[jepsen worker 17] jepsen.util: 17	:info	:write	[1 0]	:net-timeout
2022-05-04 15:07:14,136{GMT}	INFO	[jepsen worker 16] jepsen.util: 16	:info	:cas	[1 [2 0]]	:net-timeout
2022-05-04 15:07:14,206{GMT}	INFO	[jepsen node n1] maelstrom.db: Tearing down n1
2022-05-04 15:07:14,208{GMT}	INFO	[jepsen node n2] maelstrom.db: Tearing down n2
2022-05-04 15:07:14,209{GMT}	INFO	[jepsen node n3] maelstrom.db: Tearing down n3
2022-05-04 15:07:14,211{GMT}	INFO	[jepsen node n4] maelstrom.db: Tearing down n4
2022-05-04 15:07:14,212{GMT}	INFO	[jepsen node n5] maelstrom.db: Tearing down n5
2022-05-04 15:07:14,233{GMT}	WARN	[main] jepsen.core: Test crashed!
clojure.lang.ExceptionInfo: Node n2 crashed with exit status 1. Before crashing, it wrote to STDOUT:

{"dest": "n3", "src": "n2", "body": {"msg_id": 52, "in_reply_to": 35, "type": "AppendEntriesRes", "res": true, "term": 3, "next": 2, "commit": 0}}
{"dest": "n1", "src": "n2", "body": {"msg_id": 53, "type": "AppendEntries", "term": 3, "entries": [[["pass", null], 0], [["cas", [0, [1, 3]]], 3]], "prevIndex": 0, "prevTerm": 0, "commit": 0}}
{"dest": "n3", "src": "n2", "body": {"msg_id": 54, "type": "AppendEntries", "term": 3, "entries": [[["cas", [0, [1, 3]]], 3]], "prevIndex": 1, "prevTerm": 0, "commit": 0}}
{"dest": "n4", "src": "n2", "body": {"msg_id": 55, "type": "AppendEntries", "term": 3, "entries": [[["cas", [0, [1, 3]]], 3]], "prevIndex": 1, "prevTerm": 0, "commit": 0}}
{"dest": "n5", "src": "n2", "body": {"msg_id": 56, "type": "AppendEntries", "term": 3, "entries": [[["cas", [0, [1, 3]]], 3]], "prevIndex": 1, "prevTerm": 0, "commit": 0}}
{"dest": "n1", "src": "n2", "body": {"msg_id": 57, "type": "AppendEntries", "term": 3, "prevIndex": 0, "prevTerm": 0, "entries": [], "commit": 0}}
{"dest": "n3", "src": "n2", "body": {"msg_id": 58, "type": "AppendEntries", "term": 3, "prevIndex": 2, "prevTerm": 3, "entries": [], "commit": 0}}
{"dest": "n4", "src": "n2", "body": {"msg_id": 59, "type": "AppendEntries", "term": 3, "prevIndex": 2, "prevTerm": 3, "entries": [], "commit": 0}}
{"dest": "n5", "src": "n2", "body": {"msg_id": 60, "type": "AppendEntries", "term": 3, "prevIndex": 2, "prevTerm": 3, "entries": [], "commit": 0}}
{"dest": "n3", "src": "n2", "body": {"msg_id": 61, "in_reply_to": 41, "type": "AppendEntriesRes", "res": true, "term": 3, "next": 3, "commit": 0}}
{"dest": "n1", "src": "n2", "body": {"msg_id": 62, "type": "AppendEntries", "term": 3, "prevIndex": 0, "prevTerm": 0, "entries": [], "commit": 0}}
{"dest": "n3", "src": "n2", "body": {"msg_id": 63, "type": "AppendEntries", "term": 3, "prevIndex": 2, "prevTerm": 3, "entries": [], "commit": 0}}
{"dest": "n4", "src": "n2", "body": {"msg_id": 64, "type": "AppendEntries", "term": 3, "prevIndex": 2, "prevTerm": 3, "entries": [], "commit": 0}}
{"dest": "n5", "src": "n2", "body": {"msg_id": 65, "type": "AppendEntries", "term": 3, "prevIndex": 2, "prevTerm": 3, "entries": [], "commit": 0}}
{"dest": "n1", "src": "n2", "body": {"msg_id": 66, "type": "RequestVote", "term": 4, "prevLogIndex": 2, "lastLogTerm": 3, "candidateId": "n2"}}
{"dest": "n2", "src": "n2", "body": {"msg_id": 67, "type": "RequestVote", "term": 4, "prevLogIndex": 2, "lastLogTerm": 3, "candidateId": "n2"}}
{"dest": "n3", "src": "n2", "body": {"msg_id": 68, "type": "RequestVote", "term": 4, "prevLogIndex": 2, "lastLogTerm": 3, "candidateId": "n2"}}
{"dest": "n4", "src": "n2", "body": {"msg_id": 69, "type": "RequestVote", "term": 4, "prevLogIndex": 2, "lastLogTerm": 3, "candidateId": "n2"}}
{"dest": "n5", "src": "n2", "body": {"msg_id": 70, "type": "RequestVote", "term": 4, "prevLogIndex": 2, "lastLogTerm": 3, "candidateId": "n2"}}
{"dest": "n1", "src": "n2", "body": {"msg_id": 71, "type": "RequestVote", "term": 5, "prevLogIndex": 2, "lastLogTerm": 3, "candidateId": "n2"}}
{"dest": "n2", "src": "n2", "body": {"msg_id": 72, "type": "RequestVote", "term": 5, "prevLogIndex": 2, "lastLogTerm": 3, "candidateId": "n2"}}
{"dest": "n3", "src": "n2", "body": {"msg_id": 73, "type": "RequestVote", "term": 5, "prevLogIndex": 2, "lastLogTerm": 3, "candidateId": "n2"}}
{"dest": "n4", "src": "n2", "body": {"msg_id": 74, "type": "RequestVote", "term": 5, "prevLogIndex": 2, "lastLogTerm": 3, "candidateId": "n2"}}
{"dest": "n5", "src": "n2", "body": {"msg_id": 75, "type": "RequestVote", "term": 5, "prevLogIndex": 2, "lastLogTerm": 3, "candidateId": "n2"}}
{"dest": "n3", "src": "n2", "body": {"msg_id": 76, "in_reply_to": 45, "type": "RequestVoteRes", "term": 5, "res": false}}
{"dest": "n2", "src": "n2", "body": {"msg_id": 77, "in_reply_to": 67, "type": "RequestVoteRes", "term": 5, "res": false}}
{"dest": "n5", "src": "n2", "body": {"msg_id": 78, "in_reply_to": 36, "type": "RequestVoteRes", "term": 5, "res": false}}
{"dest": "n2", "src": "n2", "body": {"msg_id": 79, "in_reply_to": 72, "type": "RequestVoteRes", "term": 5, "res": true}}
{"dest": "n5", "src": "n2", "body": {"msg_id": 80, "type": "AppendEntries", "term": 5, "prevIndex": 1, "prevTerm": 0, "entries": [[["cas", [0, [1, 3]]], 3]], "commit": 0}}
{"dest": "n3", "src": "n2", "body": {"msg_id": 81, "type": "AppendEntries", "term": 5, "prevIndex": 1, "prevTerm": 0, "entries": [[["cas", [0, [1, 3]]], 3]], "commit": 0}}
{"dest": "n3", "src": "n2", "body": {"msg_id": 82, "in_reply_to": 54, "type": "AppendEntriesRes", "res": false, "term": 5}}
{"dest": "n3", "src": "n2", "body": {"msg_id": 83, "in_reply_to": 59, "type": "RequestVoteRes", "term": 5, "res": false}}

And to STDERR:

False
majority
3

INFO:root:log atual
[(('pass', None), 0), [['pass', None], 0], (('cas', (0, (1, 3))), 3)]
prevlog index
3
 last log term
4

DEBUG:root:sending {"dest": "n3", "src": "n2", "body": {"msg_id": 83, "in_reply_to": 59, "type": "RequestVoteRes", "term": 5, "res": false}}
DEBUG:root:received {"dest":"n2","src":"n5","body":{"msg_id":45,"in_reply_to":80,"type":"AppendEntriesRes","res":true,"term":5,"next":5,"commit":0},"id":260}
DEBUG:root:received {"dest":"n2","src":"n3","body":{"msg_id":63,"in_reply_to":81,"type":"AppendEntriesRes","res":true,"term":5,"next":5,"commit":0},"id":263}
DEBUG:root:received {"dest":"n2","src":"n3","body":{"msg_id":64,"type":"AppendEntries","term":5,"prevIndex":1,"prevTerm":0,"entries":[[["cas",[0,[1,3]]],3],[["write",[1,4]],4],[["cas",[0,[1,3]]],3]],"commit":0},"id":264}
INFO:root:355
[(('pass', None), 0), [['pass', None], 0], (('cas', (0, (1, 3))), 3)]
[[['cas', [0, [1, 3]]], 3], [['write', [1, 4]], 4], [['cas', [0, [1, 3]]], 3]]
1
0
n2
(('cas', (0, (1, 3))), 3)
[['cas', [0, [1, 3]]], 3]
1

ERROR:root:fatal exception in handler
Traceback (most recent call last):
  File "/home/peter/Documents/tf/lab3/ms.py", line 27, in exitOnError
    fn(*args)
  File "/home/peter/Documents/tf/lab3/raft.py", line 354, in handle
    buildString([ "355", log,msg.body.entries ,msg.body.prevIndex ,commitIndex ,node_id, log[msg.body.prevIndex+i], msg.body.entries[i-1] ,i ])
IndexError: list index out of range

Full STDERR logs are available in /home/peter/Documents/tf/lab3/store/lin-kv/20220504T150710.000+0100/node-logs/n2.log
	at slingshot.support$stack_trace.invoke(support.clj:201)
	at maelstrom.process$stop_node_BANG_.invokeStatic(process.clj:239)
	at maelstrom.process$stop_node_BANG_.invoke(process.clj:217)
	at maelstrom.db$db$reify__16747.teardown_BANG_(db.clj:75)
	at jepsen.db$fn__3285$G__3281__3289.invoke(db.clj:11)
	at jepsen.db$fn__3285$G__3280__3294.invoke(db.clj:11)
	at clojure.core$partial$fn__5824.invoke(core.clj:2625)
	at jepsen.control$on_nodes$fn__3165.invoke(control.clj:452)
	at clojure.lang.AFn.applyToHelper(AFn.java:154)
	at clojure.lang.AFn.applyTo(AFn.java:144)
	at clojure.core$apply.invokeStatic(core.clj:665)
	at clojure.core$with_bindings_STAR_.invokeStatic(core.clj:1973)
	at clojure.core$with_bindings_STAR_.doInvoke(core.clj:1973)
	at clojure.lang.RestFn.applyTo(RestFn.java:142)
	at clojure.core$apply.invokeStatic(core.clj:669)
	at clojure.core$bound_fn_STAR_$fn__5734.doInvoke(core.clj:2003)
	at clojure.lang.RestFn.invoke(RestFn.java:408)
	at dom_top.core$real_pmap_helper$build_thread__213$fn__214.invoke(core.clj:146)
	at clojure.lang.AFn.applyToHelper(AFn.java:152)
	at clojure.lang.AFn.applyTo(AFn.java:144)
	at clojure.core$apply.invokeStatic(core.clj:665)
	at clojure.core$with_bindings_STAR_.invokeStatic(core.clj:1973)
	at clojure.core$with_bindings_STAR_.doInvoke(core.clj:1973)
	at clojure.lang.RestFn.invoke(RestFn.java:425)
	at clojure.lang.AFn.applyToHelper(AFn.java:156)
	at clojure.lang.RestFn.applyTo(RestFn.java:132)
	at clojure.core$apply.invokeStatic(core.clj:669)
	at clojure.core$bound_fn_STAR_$fn__5734.doInvoke(core.clj:2003)
	at clojure.lang.RestFn.invoke(RestFn.java:397)
	at clojure.lang.AFn.run(AFn.java:22)
	at java.base/java.lang.Thread.run(Thread.java:833)
