DEBUG:root:received {"dest":"n1","body":{"type":"init","node_id":"n1","node_ids":["n1","n2","n3","n4","n5"],"msg_id":1},"src":"c0","id":0}
INFO:root:node n1 initialized
DEBUG:root:sending {"dest": "c0", "src": "n1", "body": {"msg_id": 1, "in_reply_to": 1, "type": "init_ok"}}
DEBUG:root:sending {"dest": "n2", "src": "n1", "body": {"msg_id": 2, "type": "AppendEntries", "term": 0, "prevIndex": 0, "prevTerm": 0, "entries": [[["pass", null], 0]], "commit": 0}}
DEBUG:root:sending {"dest": "n3", "src": "n1", "body": {"msg_id": 3, "type": "AppendEntries", "term": 0, "prevIndex": 0, "prevTerm": 0, "entries": [[["pass", null], 0]], "commit": 0}}
DEBUG:root:sending {"dest": "n4", "src": "n1", "body": {"msg_id": 4, "type": "AppendEntries", "term": 0, "prevIndex": 0, "prevTerm": 0, "entries": [[["pass", null], 0]], "commit": 0}}
DEBUG:root:sending {"dest": "n5", "src": "n1", "body": {"msg_id": 5, "type": "AppendEntries", "term": 0, "prevIndex": 0, "prevTerm": 0, "entries": [[["pass", null], 0]], "commit": 0}}
DEBUG:root:received {"dest":"n1","body":{"key":1,"from":4,"to":2,"type":"cas","msg_id":1},"src":"c10","id":14}
DEBUG:root:sending {"dest": "n2", "src": "n1", "body": {"msg_id": 6, "type": "AppendEntries", "term": 0, "prevIndex": 0, "prevTerm": 0, "entries": [["cas", [1, [4, 2]], 0]], "commit": 0}}
DEBUG:root:sending {"dest": "n3", "src": "n1", "body": {"msg_id": 7, "type": "AppendEntries", "term": 0, "prevIndex": 0, "prevTerm": 0, "entries": [["cas", [1, [4, 2]], 0]], "commit": 0}}
DEBUG:root:sending {"dest": "n4", "src": "n1", "body": {"msg_id": 8, "type": "AppendEntries", "term": 0, "prevIndex": 0, "prevTerm": 0, "entries": [["cas", [1, [4, 2]], 0]], "commit": 0}}
DEBUG:root:sending {"dest": "n5", "src": "n1", "body": {"msg_id": 9, "type": "AppendEntries", "term": 0, "prevIndex": 0, "prevTerm": 0, "entries": [["cas", [1, [4, 2]], 0]], "commit": 0}}
DEBUG:root:received {"dest":"n1","body":{"key":1,"value":1,"type":"write","msg_id":2},"src":"c10","id":25}
DEBUG:root:sending {"dest": "n2", "src": "n1", "body": {"msg_id": 10, "type": "AppendEntries", "term": 0, "prevIndex": 0, "prevTerm": 0, "entries": [["cas", [1, [4, 2]], 0], ["write", [1, 1], 0]], "commit": 0}}
DEBUG:root:sending {"dest": "n3", "src": "n1", "body": {"msg_id": 11, "type": "AppendEntries", "term": 0, "prevIndex": 0, "prevTerm": 0, "entries": [["cas", [1, [4, 2]], 0], ["write", [1, 1], 0]], "commit": 0}}
DEBUG:root:sending {"dest": "n4", "src": "n1", "body": {"msg_id": 12, "type": "AppendEntries", "term": 0, "prevIndex": 0, "prevTerm": 0, "entries": [["cas", [1, [4, 2]], 0], ["write", [1, 1], 0]], "commit": 0}}
DEBUG:root:sending {"dest": "n5", "src": "n1", "body": {"msg_id": 13, "type": "AppendEntries", "term": 0, "prevIndex": 0, "prevTerm": 0, "entries": [["cas", [1, [4, 2]], 0], ["write", [1, 1], 0]], "commit": 0}}
DEBUG:root:received {"dest":"n1","body":{"key":0,"type":"read","msg_id":1},"src":"c19","id":32}
DEBUG:root:sending {"dest": "c19", "src": "n1", "body": {"msg_id": 14, "in_reply_to": 1, "type": "error", "code": 20, "text": "Invalid Key"}}
DEBUG:root:received {"dest":"n1","body":{"key":0,"from":0,"to":2,"type":"cas","msg_id":1},"src":"c23","id":38}
DEBUG:root:sending {"dest": "n2", "src": "n1", "body": {"msg_id": 15, "type": "AppendEntries", "term": 0, "prevIndex": 0, "prevTerm": 0, "entries": [["cas", [1, [4, 2]], 0], ["write", [1, 1], 0], ["cas", [0, [0, 2]], 0]], "commit": 0}}
DEBUG:root:sending {"dest": "n3", "src": "n1", "body": {"msg_id": 16, "type": "AppendEntries", "term": 0, "prevIndex": 0, "prevTerm": 0, "entries": [["cas", [1, [4, 2]], 0], ["write", [1, 1], 0], ["cas", [0, [0, 2]], 0]], "commit": 0}}
DEBUG:root:sending {"dest": "n4", "src": "n1", "body": {"msg_id": 17, "type": "AppendEntries", "term": 0, "prevIndex": 0, "prevTerm": 0, "entries": [["cas", [1, [4, 2]], 0], ["write", [1, 1], 0], ["cas", [0, [0, 2]], 0]], "commit": 0}}
DEBUG:root:sending {"dest": "n5", "src": "n1", "body": {"msg_id": 18, "type": "AppendEntries", "term": 0, "prevIndex": 0, "prevTerm": 0, "entries": [["cas", [1, [4, 2]], 0], ["write", [1, 1], 0], ["cas", [0, [0, 2]], 0]], "commit": 0}}
