DEBUG:root:received {"dest":"n3","body":{"type":"init","node_id":"n3","node_ids":["n1","n2","n3","n4","n5"],"msg_id":1},"src":"c0","id":0}
INFO:root:node n3 initialized
DEBUG:root:sending {"dest": "c0", "src": "n3", "body": {"msg_id": 1, "in_reply_to": 1, "type": "init_ok"}}
DEBUG:root:sending {"dest": "n1", "src": "n3", "body": {"msg_id": 2, "type": "RequestVote", "term": 1, "prevLogIndex": 0, "lastLogTerm": 0, "candidateId": "n3"}}
DEBUG:root:sending {"dest": "n2", "src": "n3", "body": {"msg_id": 3, "type": "RequestVote", "term": 1, "prevLogIndex": 0, "lastLogTerm": 0, "candidateId": "n3"}}
DEBUG:root:sending {"dest": "n3", "src": "n3", "body": {"msg_id": 4, "type": "RequestVote", "term": 1, "prevLogIndex": 0, "lastLogTerm": 0, "candidateId": "n3"}}
DEBUG:root:sending {"dest": "n4", "src": "n3", "body": {"msg_id": 5, "type": "RequestVote", "term": 1, "prevLogIndex": 0, "lastLogTerm": 0, "candidateId": "n3"}}
DEBUG:root:sending {"dest": "n5", "src": "n3", "body": {"msg_id": 6, "type": "RequestVote", "term": 1, "prevLogIndex": 0, "lastLogTerm": 0, "candidateId": "n3"}}
DEBUG:root:received {"dest":"n3","src":"n3","body":{"msg_id":4,"type":"RequestVote","term":1,"prevLogIndex":0,"lastLogTerm":0,"candidateId":"n3"},"id":15}
DEBUG:root:received {"dest":"n3","src":"n5","body":{"msg_id":4,"type":"RequestVote","term":1,"prevLogIndex":0,"lastLogTerm":0,"candidateId":"n5"},"id":17}
DEBUG:root:received {"dest":"n3","src":"n2","body":{"msg_id":4,"type":"RequestVote","term":1,"prevLogIndex":0,"lastLogTerm":0,"candidateId":"n2"},"id":19}
DEBUG:root:received {"dest":"n3","src":"n4","body":{"msg_id":4,"type":"RequestVote","term":1,"prevLogIndex":0,"lastLogTerm":0,"candidateId":"n4"},"id":21}
DEBUG:root:received {"dest":"n3","src":"n2","body":{"msg_id":7,"in_reply_to":3,"type":"RequestVoteRes","term":1,"res":true},"id":31}
DEBUG:root:received {"dest":"n3","src":"n4","body":{"msg_id":9,"in_reply_to":5,"type":"RequestVoteRes","term":1,"res":false},"id":32}
DEBUG:root:received {"dest":"n3","src":"n5","body":{"msg_id":9,"in_reply_to":6,"type":"RequestVoteRes","term":1,"res":false},"id":36}
DEBUG:root:sending {"dest": "n3", "src": "n3", "body": {"msg_id": 7, "in_reply_to": 4, "type": "RequestVoteRes", "term": 1, "res": true}}
DEBUG:root:received {"dest":"n3","src":"n3","body":{"msg_id":7,"in_reply_to":4,"type":"RequestVoteRes","term":1,"res":true},"id":41}
DEBUG:root:sending {"dest": "n5", "src": "n3", "body": {"msg_id": 8, "in_reply_to": 4, "type": "RequestVoteRes", "term": 1, "res": false}}
DEBUG:root:sending {"dest": "n2", "src": "n3", "body": {"msg_id": 9, "in_reply_to": 4, "type": "RequestVoteRes", "term": 1, "res": false}}
DEBUG:root:sending {"dest": "n4", "src": "n3", "body": {"msg_id": 10, "in_reply_to": 4, "type": "RequestVoteRes", "term": 1, "res": false}}
DEBUG:root:received {"dest":"n3","src":"n1","body":{"msg_id":3,"type":"AppendEntries","term":0,"prevIndex":0,"prevTerm":0,"entries":[[["pass",null],0]],"commit":0},"id":47}
DEBUG:root:sending {"dest": "n1", "src": "n3", "body": {"msg_id": 11, "in_reply_to": 3, "type": "AppendEntriesRes", "res": false, "term": 1}}
DEBUG:root:received {"dest":"n3","src":"n1","body":{"msg_id":7,"in_reply_to":2,"type":"RequestVoteRes","term":1,"res":false},"id":55}
Exception in thread Thread-1:
Traceback (most recent call last):
  File "/usr/lib/python3.10/threading.py", line 1009, in _bootstrap_inner
    self.run()
  File "/usr/lib/python3.10/threading.py", line 1371, in run
    self.function(*self.args, **self.kwargs)
TypeError: election_checker() missing 2 required positional arguments: 'min_time' and 'max_time'
DEBUG:root:received {"dest":"n3","body":{"key":0,"value":0,"type":"write","msg_id":1},"src":"c13","id":65}
DEBUG:root:sending {"dest": "c13", "src": "n3", "body": {"msg_id": 12, "in_reply_to": 1, "type": "error", "code": 11, "text": "Not Leader"}}
DEBUG:root:received {"dest":"n3","body":{"key":0,"from":0,"to":2,"type":"cas","msg_id":2},"src":"c13","id":75}
DEBUG:root:sending {"dest": "c13", "src": "n3", "body": {"msg_id": 13, "in_reply_to": 2, "type": "error", "code": 11, "text": "Not Leader"}}
