DEBUG:root:received {"dest":"n2","body":{"type":"init","node_id":"n2","node_ids":["n1","n2","n3","n4","n5"],"msg_id":1},"src":"c0","id":0}
INFO:root:node n2 initialized
DEBUG:root:sending {"dest": "c0", "src": "n2", "body": {"msg_id": 1, "in_reply_to": 1, "type": "init_ok"}}
INFO:root:node
n1
current time
1651672604910426050
node_time
1651672604910410074
dif
15976
True

INFO:root:LEADER IS DEAD bit of a aldrabation tho 
n1

INFO:root:lead is dead

INFO:root:starting new elections, new term
1
sec, min max hb
0.28617680080561503
0.2
0.5

INFO:root:Requesting new Vote

DEBUG:root:sending {"dest": "n1", "src": "n2", "body": {"msg_id": 2, "type": "RequestVote", "term": 1, "prevLogIndex": 0, "lastLogTerm": 0, "candidateId": "n2"}}
DEBUG:root:sending {"dest": "n2", "src": "n2", "body": {"msg_id": 3, "type": "RequestVote", "term": 1, "prevLogIndex": 0, "lastLogTerm": 0, "candidateId": "n2"}}
DEBUG:root:sending {"dest": "n3", "src": "n2", "body": {"msg_id": 4, "type": "RequestVote", "term": 1, "prevLogIndex": 0, "lastLogTerm": 0, "candidateId": "n2"}}
DEBUG:root:sending {"dest": "n4", "src": "n2", "body": {"msg_id": 5, "type": "RequestVote", "term": 1, "prevLogIndex": 0, "lastLogTerm": 0, "candidateId": "n2"}}
DEBUG:root:sending {"dest": "n5", "src": "n2", "body": {"msg_id": 6, "type": "RequestVote", "term": 1, "prevLogIndex": 0, "lastLogTerm": 0, "candidateId": "n2"}}
DEBUG:root:received {"dest":"n2","src":"n2","body":{"msg_id":3,"type":"RequestVote","term":1,"prevLogIndex":0,"lastLogTerm":0,"candidateId":"n2"},"id":10}
INFO:root:voting for myself
n2
at time
1651672604915014782
nr votes
0

DEBUG:root:sending {"dest": "n2", "src": "n2", "body": {"msg_id": 7, "in_reply_to": 3, "type": "RequestVoteRes", "term": 1, "res": true}}
DEBUG:root:received {"dest":"n2","src":"n3","body":{"msg_id":2,"in_reply_to":4,"type":"RequestVoteRes","term":1,"res":true},"id":14}
DEBUG:root:received {"dest":"n2","src":"n4","body":{"msg_id":2,"in_reply_to":5,"type":"RequestVoteRes","term":1,"res":true},"id":15}
INFO:root:Got a response to the vote Request #475

INFO:root:node id:
n2
leader
n1
kvsotr
{}
cur term
1
log 
[(('pass', None), 0)]
commit indez e last applied
0
0
candidate, votes, voted for
True
0
n2
timeout dict
{'n1': 1651672604910410074, 'n2': 1651672604915004148, 'n3': 1651672604920661012, 'n4': 1651672604910410074, 'n5': 1651672604910410074}
curr time
1651672604921308834

DEBUG:root:received {"dest":"n2","src":"n5","body":{"msg_id":2,"in_reply_to":6,"type":"RequestVoteRes","term":1,"res":true},"id":16}
INFO:root:resposta
True
majority
3

DEBUG:root:received {"dest":"n2","src":"n2","body":{"msg_id":7,"in_reply_to":3,"type":"RequestVoteRes","term":1,"res":true},"id":17}
INFO:root:antes  #487
0

INFO:root:depois  #489
1

INFO:root:Got a response to the vote Request #475

INFO:root:node id:
n2
leader
n1
kvsotr
{}
cur term
1
log 
[(('pass', None), 0)]
commit indez e last applied
0
0
candidate, votes, voted for
True
1
n2
timeout dict
{'n1': 1651672604910410074, 'n2': 1651672604915004148, 'n3': 1651672604920661012, 'n4': 1651672604923495776, 'n5': 1651672604910410074}
curr time
1651672604923666342

INFO:root:resposta
True
majority
3

INFO:root:antes  #487
1

INFO:root:depois  #489
2

INFO:root:Got a response to the vote Request #475

INFO:root:node id:
n2
leader
n1
kvsotr
{}
cur term
1
log 
[(('pass', None), 0)]
commit indez e last applied
0
0
candidate, votes, voted for
True
2
n2
timeout dict
{'n1': 1651672604910410074, 'n2': 1651672604915004148, 'n3': 1651672604920661012, 'n4': 1651672604923495776, 'n5': 1651672604924345167}
curr time
1651672604924493797

INFO:root:resposta
True
majority
3

INFO:root:antes  #487
2

INFO:root:depois  #489
3

INFO:root:became leader
log
[(('pass', None), 0)]
match index
{'n1': 0, 'n2': 0, 'n3': 0, 'n4': 0, 'n5': 0}

INFO:root:vote ended, new leader is
n2

INFO:root:sending HB

INFO:root:HBdest
n1
nextIndex
{'n1': 1, 'n2': 1, 'n3': 1, 'n4': 1, 'n5': 1}
log
[(('pass', None), 0)]

DEBUG:root:sending {"dest": "n1", "src": "n2", "body": {"msg_id": 8, "type": "AppendEntries", "term": 1, "prevIndex": 0, "prevTerm": 0, "entries": [], "commit": 0}}
INFO:root:HBdest
n3
nextIndex
{'n1': 1, 'n2': 1, 'n3': 1, 'n4': 1, 'n5': 1}
log
[(('pass', None), 0)]

DEBUG:root:sending {"dest": "n3", "src": "n2", "body": {"msg_id": 9, "type": "AppendEntries", "term": 1, "prevIndex": 0, "prevTerm": 0, "entries": [], "commit": 0}}
INFO:root:HBdest
n4
nextIndex
{'n1': 1, 'n2': 1, 'n3': 1, 'n4': 1, 'n5': 1}
log
[(('pass', None), 0)]

DEBUG:root:sending {"dest": "n4", "src": "n2", "body": {"msg_id": 10, "type": "AppendEntries", "term": 1, "prevIndex": 0, "prevTerm": 0, "entries": [], "commit": 0}}
INFO:root:HBdest
n5
nextIndex
{'n1': 1, 'n2': 1, 'n3': 1, 'n4': 1, 'n5': 1}
log
[(('pass', None), 0)]

DEBUG:root:sending {"dest": "n5", "src": "n2", "body": {"msg_id": 11, "type": "AppendEntries", "term": 1, "prevIndex": 0, "prevTerm": 0, "entries": [], "commit": 0}}
INFO:root:Got a response to the vote Request #475

INFO:root:node id:
n2
leader
n2
kvsotr
{}
cur term
1
log 
[(('pass', None), 0)]
commit indez e last applied
0
0
candidate, votes, voted for
False
None
None
timeout dict
{'n1': 1651672604910410074, 'n2': 1651672604928061373, 'n3': 1651672604920661012, 'n4': 1651672604923495776, 'n5': 1651672604924345167}
curr time
1651672604928290657

INFO:root:resposta
True
majority
3

DEBUG:root:received {"dest":"n2","src":"n3","body":{"msg_id":3,"in_reply_to":9,"type":"AppendEntriesRes","res":true,"term":1,"next":1,"commit":0},"id":22}
DEBUG:root:received {"dest":"n2","src":"n4","body":{"msg_id":3,"in_reply_to":10,"type":"AppendEntriesRes","res":true,"term":1,"next":1,"commit":0},"id":23}
DEBUG:root:received {"dest":"n2","src":"n5","body":{"msg_id":3,"in_reply_to":11,"type":"AppendEntriesRes","res":true,"term":1,"next":1,"commit":0},"id":24}
DEBUG:root:received {"dest":"n2","src":"n1","body":{"msg_id":2,"type":"AppendEntries","term":0,"prevIndex":0,"prevTerm":0,"entries":[],"commit":0},"id":26}
DEBUG:root:sending {"dest": "n1", "src": "n2", "body": {"msg_id": 12, "in_reply_to": 2, "type": "AppendEntriesRes", "res": false, "term": 1}}
INFO:root:msg term
0
current term
1
log
[(('pass', None), 0)]
msg entries
[]

DEBUG:root:received {"dest":"n2","src":"n1","body":{"msg_id":6,"in_reply_to":2,"type":"RequestVoteRes","term":1,"res":true},"id":31}
INFO:root:Got a response to the vote Request #475

INFO:root:node id:
n2
leader
n2
kvsotr
{}
cur term
1
log 
[(('pass', None), 0)]
commit indez e last applied
0
0
candidate, votes, voted for
False
None
None
timeout dict
{'n1': 1651672604996309475, 'n2': 1651672604928061373, 'n3': 1651672604934466147, 'n4': 1651672604934600188, 'n5': 1651672604934675876}
curr time
1651672604996574780

INFO:root:resposta
True
majority
3

DEBUG:root:received {"dest":"n2","src":"n1","body":{"msg_id":7,"in_reply_to":8,"type":"AppendEntriesRes","res":true,"term":1,"next":1,"commit":0},"id":33}
DEBUG:root:received {"dest":"n2","src":"n1","body":{"msg_id":11,"type":"AppendEntries","term":1,"prevIndex":-1,"prevTerm":0,"entries":[[["pass",null],0]],"commit":0},"id":41}
INFO:root:commiting command
[['pass', None], 0]

DEBUG:root:sending {"dest": "n1", "src": "n2", "body": {"msg_id": 13, "in_reply_to": 11, "type": "AppendEntriesRes", "res": true, "term": 1, "next": 2, "commit": 0}}
DEBUG:root:received {"dest":"n2","src":"n4","body":{"msg_id":7,"type":"RequestVote","term":2,"prevLogIndex":1,"lastLogTerm":0,"candidateId":"n4"},"id":45}
DEBUG:root:received {"dest":"n2","src":"n3","body":{"msg_id":7,"type":"RequestVote","term":2,"prevLogIndex":1,"lastLogTerm":0,"candidateId":"n3"},"id":48}
DEBUG:root:received {"dest":"n2","src":"n5","body":{"msg_id":7,"type":"RequestVote","term":2,"prevLogIndex":1,"lastLogTerm":0,"candidateId":"n5"},"id":51}
INFO:root:log atual
[(('pass', None), 0), [['pass', None], 0]]
prevlog index
1
 last log term
0

DEBUG:root:sending {"dest": "n4", "src": "n2", "body": {"msg_id": 14, "in_reply_to": 7, "type": "RequestVoteRes", "term": 2, "res": true}}
INFO:root:election started and voted vor
n4
at time
1651672605038411093

INFO:root:sending HB

INFO:root:HBdest
n1
nextIndex
{'n1': 1, 'n2': 1, 'n3': 1, 'n4': 1, 'n5': 1}
log
[(('pass', None), 0), [['pass', None], 0]]

DEBUG:root:sending {"dest": "n1", "src": "n2", "body": {"msg_id": 15, "type": "AppendEntries", "term": 2, "prevIndex": 0, "prevTerm": 0, "entries": [], "commit": 0}}
INFO:root:HBdest
n3
nextIndex
{'n1': 1, 'n2': 1, 'n3': 1, 'n4': 1, 'n5': 1}
log
[(('pass', None), 0), [['pass', None], 0]]

DEBUG:root:sending {"dest": "n3", "src": "n2", "body": {"msg_id": 16, "type": "AppendEntries", "term": 2, "prevIndex": 0, "prevTerm": 0, "entries": [], "commit": 0}}
INFO:root:HBdest
n4
nextIndex
{'n1': 1, 'n2': 1, 'n3': 1, 'n4': 1, 'n5': 1}
log
[(('pass', None), 0), [['pass', None], 0]]

DEBUG:root:sending {"dest": "n4", "src": "n2", "body": {"msg_id": 17, "type": "AppendEntries", "term": 2, "prevIndex": 0, "prevTerm": 0, "entries": [], "commit": 0}}
INFO:root:HBdest
n5
nextIndex
{'n1': 1, 'n2': 1, 'n3': 1, 'n4': 1, 'n5': 1}
log
[(('pass', None), 0), [['pass', None], 0]]

DEBUG:root:sending {"dest": "n5", "src": "n2", "body": {"msg_id": 18, "type": "AppendEntries", "term": 2, "prevIndex": 0, "prevTerm": 0, "entries": [], "commit": 0}}
DEBUG:root:received {"dest":"n2","src":"n1","body":{"msg_id":15,"in_reply_to":15,"type":"AppendEntriesRes","res":true,"term":2,"next":1,"commit":0},"id":74}
DEBUG:root:received {"dest":"n2","src":"n4","body":{"msg_id":14,"in_reply_to":17,"type":"AppendEntriesRes","res":true,"term":2,"next":2,"commit":0},"id":77}
DEBUG:root:received {"dest":"n2","src":"n5","body":{"msg_id":14,"in_reply_to":18,"type":"AppendEntriesRes","res":true,"term":2,"next":2,"commit":0},"id":78}
DEBUG:root:received {"dest":"n2","src":"n3","body":{"msg_id":14,"in_reply_to":16,"type":"AppendEntriesRes","res":true,"term":2,"next":2,"commit":0},"id":79}
INFO:root:log atual
[(('pass', None), 0), [['pass', None], 0]]
prevlog index
1
 last log term
0

DEBUG:root:sending {"dest": "n3", "src": "n2", "body": {"msg_id": 19, "in_reply_to": 7, "type": "RequestVoteRes", "term": 2, "res": false}}
INFO:root:log atual
[(('pass', None), 0), [['pass', None], 0]]
prevlog index
1
 last log term
0

DEBUG:root:sending {"dest": "n5", "src": "n2", "body": {"msg_id": 20, "in_reply_to": 7, "type": "RequestVoteRes", "term": 2, "res": false}}
DEBUG:root:received {"dest":"n2","src":"n3","body":{"msg_id":16,"type":"AppendEntries","term":2,"prevIndex":1,"prevTerm":0,"entries":[],"commit":0},"id":81}
DEBUG:root:received {"dest":"n2","src":"n4","body":{"msg_id":16,"type":"AppendEntries","term":2,"prevIndex":1,"prevTerm":0,"entries":[],"commit":0},"id":84}
DEBUG:root:sending {"dest": "n3", "src": "n2", "body": {"msg_id": 21, "in_reply_to": 16, "type": "AppendEntriesRes", "res": true, "term": 2, "next": 2, "commit": 0}}
DEBUG:root:sending {"dest": "n4", "src": "n2", "body": {"msg_id": 22, "in_reply_to": 16, "type": "AppendEntriesRes", "res": true, "term": 2, "next": 2, "commit": 0}}
DEBUG:root:received {"dest":"n2","src":"n3","body":{"msg_id":21,"type":"AppendEntries","term":2,"prevIndex":1,"prevTerm":0,"entries":[],"commit":0},"id":97}
DEBUG:root:sending {"dest": "n3", "src": "n2", "body": {"msg_id": 23, "in_reply_to": 21, "type": "AppendEntriesRes", "res": true, "term": 2, "next": 2, "commit": 0}}
DEBUG:root:received {"dest":"n2","src":"n5","body":{"msg_id":19,"type":"RequestVote","term":3,"prevLogIndex":1,"lastLogTerm":0,"candidateId":"n5"},"id":104}
INFO:root:log atual
[(('pass', None), 0), [['pass', None], 0]]
prevlog index
1
 last log term
0

DEBUG:root:sending {"dest": "n5", "src": "n2", "body": {"msg_id": 24, "in_reply_to": 19, "type": "RequestVoteRes", "term": 2, "res": false}}
INFO:root:sending HB

INFO:root:HBdest
n1
nextIndex
{'n1': 1, 'n2': 1, 'n3': 2, 'n4': 2, 'n5': 2}
log
[(('pass', None), 0), [['pass', None], 0]]

DEBUG:root:sending {"dest": "n1", "src": "n2", "body": {"msg_id": 25, "type": "AppendEntries", "term": 2, "prevIndex": 0, "prevTerm": 0, "entries": [], "commit": 0}}
INFO:root:HBdest
n3
nextIndex
{'n1': 1, 'n2': 1, 'n3': 2, 'n4': 2, 'n5': 2}
log
[(('pass', None), 0), [['pass', None], 0]]

DEBUG:root:sending {"dest": "n3", "src": "n2", "body": {"msg_id": 26, "type": "AppendEntries", "term": 2, "prevIndex": 1, "prevTerm": 0, "entries": [], "commit": 0}}
INFO:root:HBdest
n4
nextIndex
{'n1': 1, 'n2': 1, 'n3': 2, 'n4': 2, 'n5': 2}
log
[(('pass', None), 0), [['pass', None], 0]]

DEBUG:root:sending {"dest": "n4", "src": "n2", "body": {"msg_id": 27, "type": "AppendEntries", "term": 2, "prevIndex": 1, "prevTerm": 0, "entries": [], "commit": 0}}
INFO:root:HBdest
n5
nextIndex
{'n1': 1, 'n2': 1, 'n3': 2, 'n4': 2, 'n5': 2}
log
[(('pass', None), 0), [['pass', None], 0]]

DEBUG:root:sending {"dest": "n5", "src": "n2", "body": {"msg_id": 28, "type": "AppendEntries", "term": 2, "prevIndex": 1, "prevTerm": 0, "entries": [], "commit": 0}}
INFO:root:election timeout, starting new election

INFO:root:starting new elections, new term
3
sec, min max hb
0.4435618892633447
0.2
0.5

INFO:root:Requesting new Vote

DEBUG:root:sending {"dest": "n1", "src": "n2", "body": {"msg_id": 29, "type": "RequestVote", "term": 3, "prevLogIndex": 1, "lastLogTerm": 0, "candidateId": "n2"}}
DEBUG:root:sending {"dest": "n2", "src": "n2", "body": {"msg_id": 30, "type": "RequestVote", "term": 3, "prevLogIndex": 1, "lastLogTerm": 0, "candidateId": "n2"}}
DEBUG:root:sending {"dest": "n3", "src": "n2", "body": {"msg_id": 31, "type": "RequestVote", "term": 3, "prevLogIndex": 1, "lastLogTerm": 0, "candidateId": "n2"}}
DEBUG:root:sending {"dest": "n4", "src": "n2", "body": {"msg_id": 32, "type": "RequestVote", "term": 3, "prevLogIndex": 1, "lastLogTerm": 0, "candidateId": "n2"}}
DEBUG:root:sending {"dest": "n5", "src": "n2", "body": {"msg_id": 33, "type": "RequestVote", "term": 3, "prevLogIndex": 1, "lastLogTerm": 0, "candidateId": "n2"}}
DEBUG:root:received {"dest":"n2","src":"n4","body":{"msg_id":23,"type":"AppendEntries","term":3,"prevIndex":1,"prevTerm":0,"entries":[],"commit":0},"id":120}
DEBUG:root:received {"dest":"n2","src":"n1","body":{"msg_id":18,"in_reply_to":25,"type":"AppendEntriesRes","res":false,"term":3},"id":121}
DEBUG:root:sending {"dest": "n4", "src": "n2", "body": {"msg_id": 34, "in_reply_to": 23, "type": "AppendEntriesRes", "res": true, "term": 3, "next": 2, "commit": 0}}
INFO:root:387##########:
node
n2
current term
3
next I
{'n1': 0, 'n2': 1, 'n3': 2, 'n4': 2, 'n5': 2}
log
[(('pass', None), 0), [['pass', None], 0]]
dest
n1

DEBUG:root:sending {"dest": "n1", "src": "n2", "body": {"msg_id": 35, "type": "AppendEntries", "term": 3, "prevIndex": -1, "prevTerm": 0, "entries": [[["pass", null], 0], [["pass", null], 0]], "commit": 0}}
DEBUG:root:received {"dest":"n2","src":"n2","body":{"msg_id":30,"type":"RequestVote","term":3,"prevLogIndex":1,"lastLogTerm":0,"candidateId":"n2"},"id":123}
INFO:root:voting for myself
n2
at time
1651672605172295709
nr votes
0

DEBUG:root:sending {"dest": "n2", "src": "n2", "body": {"msg_id": 36, "in_reply_to": 30, "type": "RequestVoteRes", "term": 3, "res": true}}
DEBUG:root:received {"dest":"n2","src":"n5","body":{"msg_id":25,"type":"AppendEntries","term":3,"prevIndex":1,"prevTerm":0,"entries":[],"commit":0},"id":126}
DEBUG:root:sending {"dest": "n5", "src": "n2", "body": {"msg_id": 37, "in_reply_to": 25, "type": "AppendEntriesRes", "res": true, "term": 3, "next": 2, "commit": 0}}
DEBUG:root:received {"dest":"n2","src":"n1","body":{"msg_id":19,"in_reply_to":29,"type":"RequestVoteRes","term":3,"res":false},"id":128}
DEBUG:root:received {"dest":"n2","src":"n3","body":{"msg_id":25,"in_reply_to":26,"type":"AppendEntriesRes","res":false,"term":3},"id":130}
INFO:root:Got a response to the vote Request #475

INFO:root:node id:
n2
leader
n2
kvsotr
{}
cur term
3
log 
[(('pass', None), 0), [['pass', None], 0]]
commit indez e last applied
0
0
candidate, votes, voted for
True
0
n2
timeout dict
{'n1': 1651672605191228936, 'n2': 1651672605172282853, 'n3': 1651672605128071236, 'n4': 1651672605168102828, 'n5': 1651672605180904663}
curr time
1651672605191443348

INFO:root:resposta
False
majority
3

INFO:root:387##########:
node
n2
current term
3
next I
{'n1': 0, 'n2': 1, 'n3': 1, 'n4': 2, 'n5': 2}
log
[(('pass', None), 0), [['pass', None], 0]]
dest
n3

DEBUG:root:sending {"dest": "n3", "src": "n2", "body": {"msg_id": 38, "type": "AppendEntries", "term": 3, "prevIndex": 0, "prevTerm": 0, "entries": [[["pass", null], 0]], "commit": 0}}
DEBUG:root:received {"dest":"n2","src":"n3","body":{"msg_id":26,"in_reply_to":31,"type":"RequestVoteRes","term":3,"res":false},"id":132}
DEBUG:root:received {"dest":"n2","src":"n5","body":{"msg_id":28,"in_reply_to":28,"type":"AppendEntriesRes","res":false,"term":3},"id":137}
DEBUG:root:received {"dest":"n2","src":"n5","body":{"msg_id":29,"in_reply_to":33,"type":"RequestVoteRes","term":3,"res":true},"id":138}
DEBUG:root:received {"dest":"n2","src":"n3","body":{"msg_id":29,"type":"AppendEntries","term":3,"prevIndex":1,"prevTerm":0,"entries":[],"commit":0},"id":141}
INFO:root:Got a response to the vote Request #475

INFO:root:node id:
n2
leader
n2
kvsotr
{}
cur term
3
log 
[(('pass', None), 0), [['pass', None], 0]]
commit indez e last applied
0
0
candidate, votes, voted for
True
0
n2
timeout dict
{'n1': 1651672605191228936, 'n2': 1651672605172282853, 'n3': 1651672605197388829, 'n4': 1651672605168102828, 'n5': 1651672605180904663}
curr time
1651672605197596190

INFO:root:resposta
False
majority
3

INFO:root:387##########:
node
n2
current term
3
next I
{'n1': 0, 'n2': 1, 'n3': 1, 'n4': 2, 'n5': 1}
log
[(('pass', None), 0), [['pass', None], 0]]
dest
n5

DEBUG:root:sending {"dest": "n5", "src": "n2", "body": {"msg_id": 39, "type": "AppendEntries", "term": 3, "prevIndex": 0, "prevTerm": 0, "entries": [[["pass", null], 0]], "commit": 0}}
INFO:root:Got a response to the vote Request #475

INFO:root:node id:
n2
leader
n2
kvsotr
{}
cur term
3
log 
[(('pass', None), 0), [['pass', None], 0]]
commit indez e last applied
0
0
candidate, votes, voted for
True
0
n2
timeout dict
{'n1': 1651672605191228936, 'n2': 1651672605172282853, 'n3': 1651672605197388829, 'n4': 1651672605168102828, 'n5': 1651672605198909883}
curr time
1651672605199142634

INFO:root:resposta
True
majority
3

INFO:root:antes  #487
0

INFO:root:depois  #489
1

DEBUG:root:sending {"dest": "n3", "src": "n2", "body": {"msg_id": 40, "in_reply_to": 29, "type": "AppendEntriesRes", "res": true, "term": 3, "next": 2, "commit": 0}}
INFO:root:election timeout, starting new election

INFO:root:starting new elections, new term
4
sec, min max hb
0.2531533117787836
0.2
0.5

INFO:root:Requesting new Vote

DEBUG:root:sending {"dest": "n1", "src": "n2", "body": {"msg_id": 41, "type": "RequestVote", "term": 4, "prevLogIndex": 1, "lastLogTerm": 0, "candidateId": "n2"}}
DEBUG:root:sending {"dest": "n2", "src": "n2", "body": {"msg_id": 42, "type": "RequestVote", "term": 4, "prevLogIndex": 1, "lastLogTerm": 0, "candidateId": "n2"}}
DEBUG:root:sending {"dest": "n3", "src": "n2", "body": {"msg_id": 43, "type": "RequestVote", "term": 4, "prevLogIndex": 1, "lastLogTerm": 0, "candidateId": "n2"}}
DEBUG:root:sending {"dest": "n4", "src": "n2", "body": {"msg_id": 44, "type": "RequestVote", "term": 4, "prevLogIndex": 1, "lastLogTerm": 0, "candidateId": "n2"}}
DEBUG:root:sending {"dest": "n5", "src": "n2", "body": {"msg_id": 45, "type": "RequestVote", "term": 4, "prevLogIndex": 1, "lastLogTerm": 0, "candidateId": "n2"}}
DEBUG:root:received {"dest":"n2","src":"n4","body":{"msg_id":26,"in_reply_to":27,"type":"AppendEntriesRes","res":false,"term":3},"id":144}
DEBUG:root:received {"dest":"n2","src":"n4","body":{"msg_id":27,"in_reply_to":32,"type":"RequestVoteRes","term":3,"res":false},"id":145}
INFO:root:387##########:
node
n2
current term
4
next I
{'n1': 0, 'n2': 1, 'n3': 1, 'n4': 1, 'n5': 1}
log
[(('pass', None), 0), [['pass', None], 0]]
dest
n4

DEBUG:root:sending {"dest": "n4", "src": "n2", "body": {"msg_id": 46, "type": "AppendEntries", "term": 4, "prevIndex": 0, "prevTerm": 0, "entries": [[["pass", null], 0]], "commit": 0}}
INFO:root:Got a response to the vote Request #475

INFO:root:node id:
n2
leader
n2
kvsotr
{}
cur term
4
log 
[(('pass', None), 0), [['pass', None], 0]]
commit indez e last applied
0
0
candidate, votes, voted for
True
0
None
timeout dict
{'n1': 1651672605191228936, 'n2': 1651672605172282853, 'n3': 1651672605199997955, 'n4': 1651672605209433845, 'n5': 1651672605198909883}
curr time
1651672605209629918

INFO:root:resposta
False
majority
3

DEBUG:root:received {"dest":"n2","src":"n2","body":{"msg_id":36,"in_reply_to":30,"type":"RequestVoteRes","term":3,"res":true},"id":152}
INFO:root:Got a response to the vote Request #475

INFO:root:node id:
n2
leader
n2
kvsotr
{}
cur term
4
log 
[(('pass', None), 0), [['pass', None], 0]]
commit indez e last applied
0
0
candidate, votes, voted for
True
0
None
timeout dict
{'n1': 1651672605191228936, 'n2': 1651672605217512300, 'n3': 1651672605199997955, 'n4': 1651672605209433845, 'n5': 1651672605198909883}
curr time
1651672605217738845

INFO:root:resposta
True
majority
3

INFO:root:antes  #487
0

INFO:root:depois  #489
1

DEBUG:root:received {"dest":"n2","src":"n1","body":{"msg_id":20,"in_reply_to":35,"type":"AppendEntriesRes","res":true,"term":3,"next":3,"commit":0},"id":153}
INFO:root:sending HB

INFO:root:HBdest
n1
nextIndex
{'n1': 3, 'n2': 1, 'n3': 1, 'n4': 1, 'n5': 1}
log
[(('pass', None), 0), [['pass', None], 0]]

Exception in thread Thread-6:
Traceback (most recent call last):
  File "/usr/lib/python3.10/threading.py", line 1009, in _bootstrap_inner
    self.run()
DEBUG:root:received {"dest":"n2","src":"n3","body":{"msg_id":33,"in_reply_to":38,"type":"AppendEntriesRes","res":true,"term":3,"next":3,"commit":0},"id":157}
  File "/usr/lib/python3.10/threading.py", line 1371, in run
DEBUG:root:received {"dest":"n2","src":"n5","body":{"msg_id":32,"in_reply_to":39,"type":"AppendEntriesRes","res":true,"term":3,"next":3,"commit":0},"id":158}
DEBUG:root:received {"dest":"n2","src":"n2","body":{"msg_id":42,"type":"RequestVote","term":4,"prevLogIndex":1,"lastLogTerm":0,"candidateId":"n2"},"id":161}
DEBUG:root:received {"dest":"n2","src":"n1","body":{"msg_id":21,"in_reply_to":41,"type":"RequestVoteRes","term":3,"res":false},"id":162}
INFO:root:voting for myself
n2
at time
1651672605234702383
nr votes
1

DEBUG:root:sending {"dest": "n2", "src": "n2", "body": {"msg_id": 47, "in_reply_to": 42, "type": "RequestVoteRes", "term": 4, "res": true}}
INFO:root:Got a response to the vote Request #475

INFO:root:node id:
n2
leader
n2
kvsotr
{}
cur term
4
log 
[(('pass', None), 0), [['pass', None], 0]]
commit indez e last applied
0
0
candidate, votes, voted for
True
1
n2
timeout dict
{'n1': 1651672605235640268, 'n2': 1651672605234694419, 'n3': 1651672605231899495, 'n4': 1651672605209433845, 'n5': 1651672605234549366}
curr time
1651672605235839179

INFO:root:resposta
False
majority
3

DEBUG:root:received {"dest":"n2","src":"n4","body":{"msg_id":30,"in_reply_to":44,"type":"RequestVoteRes","term":3,"res":false},"id":167}
INFO:root:Got a response to the vote Request #475

INFO:root:node id:
n2
leader
n2
kvsotr
{}
cur term
4
log 
[(('pass', None), 0), [['pass', None], 0]]
commit indez e last applied
0
0
candidate, votes, voted for
True
1
n2
timeout dict
{'n1': 1651672605235640268, 'n2': 1651672605234694419, 'n3': 1651672605231899495, 'n4': 1651672605240477826, 'n5': 1651672605234549366}
curr time
1651672605240722376

INFO:root:resposta
False
majority
3

DEBUG:root:received {"dest":"n2","src":"n2","body":{"msg_id":47,"in_reply_to":42,"type":"RequestVoteRes","term":4,"res":true},"id":168}
DEBUG:root:received {"dest":"n2","src":"n3","body":{"msg_id":34,"in_reply_to":43,"type":"RequestVoteRes","term":3,"res":false},"id":169}
DEBUG:root:received {"dest":"n2","src":"n5","body":{"msg_id":33,"in_reply_to":45,"type":"RequestVoteRes","term":3,"res":false},"id":170}
INFO:root:Got a response to the vote Request #475

INFO:root:node id:
n2
leader
n2
kvsotr
{}
cur term
4
log 
[(('pass', None), 0), [['pass', None], 0]]
commit indez e last applied
0
0
candidate, votes, voted for
True
1
n2
timeout dict
{'n1': 1651672605235640268, 'n2': 1651672605244794583, 'n3': 1651672605231899495, 'n4': 1651672605240477826, 'n5': 1651672605234549366}
curr time
1651672605245046210

INFO:root:resposta
True
majority
3

INFO:root:antes  #487
1

INFO:root:depois  #489
2

INFO:root:Got a response to the vote Request #475

INFO:root:node id:
n2
leader
n2
kvsotr
{}
cur term
4
log 
[(('pass', None), 0), [['pass', None], 0]]
commit indez e last applied
0
0
candidate, votes, voted for
True
2
n2
timeout dict
{'n1': 1651672605235640268, 'n2': 1651672605244794583, 'n3': 1651672605246031191, 'n4': 1651672605240477826, 'n5': 1651672605234549366}
curr time
1651672605246204246

INFO:root:resposta
False
majority
3

INFO:root:Got a response to the vote Request #475

INFO:root:node id:
n2
leader
n2
kvsotr
{}
cur term
4
log 
[(('pass', None), 0), [['pass', None], 0]]
commit indez e last applied
0
0
candidate, votes, voted for
True
2
n2
timeout dict
{'n1': 1651672605235640268, 'n2': 1651672605244794583, 'n3': 1651672605246031191, 'n4': 1651672605240477826, 'n5': 1651672605246666478}
curr time
1651672605246826903

INFO:root:resposta
False
majority
3

    self.function(*self.args, **self.kwargs)
  File "/home/peter/Documents/tf/lab3/raft.py", line 136, in recursive_heartbeats
    heartbeat(dest)
  File "/home/peter/Documents/tf/lab3/raft.py", line 124, in heartbeat
    prevTerm=log[nextIndex[dest]-1][1]
IndexError: list index out of range
DEBUG:root:received {"dest":"n2","src":"n4","body":{"msg_id":31,"in_reply_to":46,"type":"AppendEntriesRes","res":true,"term":4,"next":3,"commit":0},"id":171}
DEBUG:root:received {"dest":"n2","src":"n5","body":{"msg_id":35,"type":"AppendEntries","term":3,"prevIndex":1,"prevTerm":0,"entries":[],"commit":0},"id":173}
DEBUG:root:sending {"dest": "n5", "src": "n2", "body": {"msg_id": 48, "in_reply_to": 35, "type": "AppendEntriesRes", "res": false, "term": 4}}
INFO:root:msg term
3
current term
4
log
[(('pass', None), 0), [['pass', None], 0]]
msg entries
[]

DEBUG:root:received {"dest":"n2","src":"n1","body":{"msg_id":23,"type":"RequestVote","term":4,"prevLogIndex":2,"lastLogTerm":0,"candidateId":"n1"},"id":177}
DEBUG:root:received {"dest":"n2","src":"n3","body":{"msg_id":38,"type":"AppendEntries","term":3,"prevIndex":1,"prevTerm":0,"entries":[],"commit":0},"id":189}
INFO:root:log atual
[(('pass', None), 0), [['pass', None], 0]]
prevlog index
2
 last log term
0

DEBUG:root:sending {"dest": "n1", "src": "n2", "body": {"msg_id": 49, "in_reply_to": 23, "type": "RequestVoteRes", "term": 4, "res": false}}
DEBUG:root:sending {"dest": "n3", "src": "n2", "body": {"msg_id": 50, "in_reply_to": 38, "type": "AppendEntriesRes", "res": false, "term": 4}}
INFO:root:msg term
3
current term
4
log
[(('pass', None), 0), [['pass', None], 0]]
msg entries
[]

DEBUG:root:received {"dest":"n2","src":"n3","body":{"msg_id":40,"type":"RequestVote","term":4,"prevLogIndex":2,"lastLogTerm":0,"candidateId":"n3"},"id":194}
DEBUG:root:received {"dest":"n2","src":"n3","body":{"msg_id":46,"type":"RequestVote","term":5,"prevLogIndex":2,"lastLogTerm":0,"candidateId":"n3"},"id":201}
DEBUG:root:received {"dest":"n2","src":"n5","body":{"msg_id":40,"type":"RequestVote","term":4,"prevLogIndex":2,"lastLogTerm":0,"candidateId":"n5"},"id":206}
DEBUG:root:received {"dest":"n2","src":"n5","body":{"msg_id":45,"type":"RequestVote","term":5,"prevLogIndex":2,"lastLogTerm":0,"candidateId":"n5"},"id":211}
INFO:root:log atual
[(('pass', None), 0), [['pass', None], 0]]
prevlog index
2
 last log term
0

DEBUG:root:sending {"dest": "n3", "src": "n2", "body": {"msg_id": 51, "in_reply_to": 40, "type": "RequestVoteRes", "term": 4, "res": false}}
INFO:root:log atual
[(('pass', None), 0), [['pass', None], 0]]
prevlog index
2
 last log term
0

DEBUG:root:sending {"dest": "n3", "src": "n2", "body": {"msg_id": 52, "in_reply_to": 46, "type": "RequestVoteRes", "term": 4, "res": false}}
INFO:root:log atual
[(('pass', None), 0), [['pass', None], 0]]
prevlog index
2
 last log term
0

DEBUG:root:sending {"dest": "n5", "src": "n2", "body": {"msg_id": 53, "in_reply_to": 40, "type": "RequestVoteRes", "term": 4, "res": false}}
INFO:root:log atual
[(('pass', None), 0), [['pass', None], 0]]
prevlog index
2
 last log term
0

DEBUG:root:sending {"dest": "n5", "src": "n2", "body": {"msg_id": 54, "in_reply_to": 45, "type": "RequestVoteRes", "term": 4, "res": false}}
DEBUG:root:received {"dest":"n2","src":"n3","body":{"msg_id":51,"type":"AppendEntries","term":5,"prevIndex":0,"prevTerm":0,"entries":[[["pass",null],0],[["pass",null],0]],"commit":0},"id":236}
INFO:root:vote ended, new leader is
n2

INFO:root:there is a new leader

INFO:root:node id:
n2
leader
n3
kvsotr
{}
cur term
4
log 
[(('pass', None), 0), [['pass', None], 0]]
commit indez e last applied
0
0
candidate, votes, voted for
False
None
None
timeout dict
{'n1': 1651672605276351407, 'n2': 1651672605244794583, 'n3': 1651672605320760531, 'n4': 1651672605249966689, 'n5': 1651672605304003772}
curr time
1651672605321270549

INFO:root:commiting command
[['pass', None], 0]

INFO:root:commiting command
[['pass', None], 0]

DEBUG:root:sending {"dest": "n3", "src": "n2", "body": {"msg_id": 55, "in_reply_to": 51, "type": "AppendEntriesRes", "res": true, "term": 5, "next": 4, "commit": 0}}
DEBUG:root:received {"dest":"n2","src":"n5","body":{"msg_id":55,"type":"AppendEntries","term":5,"prevIndex":1,"prevTerm":0,"entries":[],"commit":0},"id":246}
DEBUG:root:sending {"dest": "n5", "src": "n2", "body": {"msg_id": 56, "in_reply_to": 55, "type": "AppendEntriesRes", "res": true, "term": 5, "next": 4, "commit": 0}}
DEBUG:root:received {"dest":"n2","src":"n5","body":{"msg_id":59,"type":"RequestVote","term":6,"prevLogIndex":2,"lastLogTerm":0,"candidateId":"n5"},"id":255}
INFO:root:log atual
[(('pass', None), 0), [['pass', None], 0], [['pass', None], 0], [['pass', None], 0]]
prevlog index
2
 last log term
0

DEBUG:root:sending {"dest": "n5", "src": "n2", "body": {"msg_id": 57, "in_reply_to": 59, "type": "RequestVoteRes", "term": 5, "res": false}}
DEBUG:root:received {"dest":"n2","src":"n4","body":{"msg_id":44,"type":"RequestVote","term":7,"prevLogIndex":2,"lastLogTerm":0,"candidateId":"n4"},"id":264}
INFO:root:log atual
[(('pass', None), 0), [['pass', None], 0], [['pass', None], 0], [['pass', None], 0]]
prevlog index
2
 last log term
0

DEBUG:root:sending {"dest": "n4", "src": "n2", "body": {"msg_id": 58, "in_reply_to": 44, "type": "RequestVoteRes", "term": 5, "res": false}}
INFO:root:election ended

DEBUG:root:received {"dest":"n2","src":"n3","body":{"msg_id":61,"type":"RequestVote","term":6,"prevLogIndex":2,"lastLogTerm":0,"candidateId":"n3"},"id":275}
INFO:root:log atual
[(('pass', None), 0), [['pass', None], 0], [['pass', None], 0], [['pass', None], 0]]
prevlog index
2
 last log term
0

DEBUG:root:sending {"dest": "n3", "src": "n2", "body": {"msg_id": 59, "in_reply_to": 61, "type": "RequestVoteRes", "term": 5, "res": false}}
DEBUG:root:received {"dest":"n2","src":"n4","body":{"msg_id":51,"type":"RequestVote","term":8,"prevLogIndex":2,"lastLogTerm":0,"candidateId":"n4"},"id":285}
INFO:root:log atual
[(('pass', None), 0), [['pass', None], 0], [['pass', None], 0], [['pass', None], 0]]
prevlog index
2
 last log term
0

DEBUG:root:sending {"dest": "n4", "src": "n2", "body": {"msg_id": 60, "in_reply_to": 51, "type": "RequestVoteRes", "term": 5, "res": false}}
DEBUG:root:received {"dest":"n2","src":"n5","body":{"msg_id":68,"type":"RequestVote","term":7,"prevLogIndex":2,"lastLogTerm":0,"candidateId":"n5"},"id":295}
INFO:root:log atual
[(('pass', None), 0), [['pass', None], 0], [['pass', None], 0], [['pass', None], 0]]
prevlog index
2
 last log term
0

DEBUG:root:sending {"dest": "n5", "src": "n2", "body": {"msg_id": 61, "in_reply_to": 68, "type": "RequestVoteRes", "term": 5, "res": false}}
DEBUG:root:received {"dest":"n2","src":"n5","body":{"msg_id":74,"type":"RequestVote","term":8,"prevLogIndex":2,"lastLogTerm":0,"candidateId":"n5"},"id":305}
INFO:root:log atual
[(('pass', None), 0), [['pass', None], 0], [['pass', None], 0], [['pass', None], 0]]
prevlog index
2
 last log term
0

DEBUG:root:sending {"dest": "n5", "src": "n2", "body": {"msg_id": 62, "in_reply_to": 74, "type": "RequestVoteRes", "term": 5, "res": false}}
INFO:root:election ended

DEBUG:root:received {"dest":"n2","src":"n4","body":{"msg_id":60,"type":"RequestVote","term":9,"prevLogIndex":2,"lastLogTerm":0,"candidateId":"n4"},"id":317}
INFO:root:log atual
[(('pass', None), 0), [['pass', None], 0], [['pass', None], 0], [['pass', None], 0]]
prevlog index
2
 last log term
0

DEBUG:root:sending {"dest": "n4", "src": "n2", "body": {"msg_id": 63, "in_reply_to": 60, "type": "RequestVoteRes", "term": 5, "res": false}}
DEBUG:root:received {"dest":"n2","src":"n5","body":{"msg_id":81,"type":"RequestVote","term":9,"prevLogIndex":2,"lastLogTerm":0,"candidateId":"n5"},"id":327}
INFO:root:log atual
[(('pass', None), 0), [['pass', None], 0], [['pass', None], 0], [['pass', None], 0]]
prevlog index
2
 last log term
0

DEBUG:root:sending {"dest": "n5", "src": "n2", "body": {"msg_id": 64, "in_reply_to": 81, "type": "RequestVoteRes", "term": 5, "res": false}}
DEBUG:root:received {"dest":"n2","src":"n3","body":{"msg_id":72,"type":"RequestVote","term":7,"prevLogIndex":2,"lastLogTerm":0,"candidateId":"n3"},"id":337}
INFO:root:log atual
[(('pass', None), 0), [['pass', None], 0], [['pass', None], 0], [['pass', None], 0]]
prevlog index
2
 last log term
0

DEBUG:root:sending {"dest": "n3", "src": "n2", "body": {"msg_id": 65, "in_reply_to": 72, "type": "RequestVoteRes", "term": 5, "res": false}}
DEBUG:root:received {"dest":"n2","src":"n4","body":{"msg_id":68,"type":"RequestVote","term":10,"prevLogIndex":2,"lastLogTerm":0,"candidateId":"n4"},"id":347}
DEBUG:root:received {"dest":"n2","src":"n3","body":{"msg_id":78,"type":"RequestVote","term":8,"prevLogIndex":2,"lastLogTerm":0,"candidateId":"n3"},"id":352}
INFO:root:log atual
[(('pass', None), 0), [['pass', None], 0], [['pass', None], 0], [['pass', None], 0]]
prevlog index
2
 last log term
0

DEBUG:root:sending {"dest": "n4", "src": "n2", "body": {"msg_id": 66, "in_reply_to": 68, "type": "RequestVoteRes", "term": 5, "res": false}}
INFO:root:log atual
[(('pass', None), 0), [['pass', None], 0], [['pass', None], 0], [['pass', None], 0]]
prevlog index
2
 last log term
0

DEBUG:root:sending {"dest": "n3", "src": "n2", "body": {"msg_id": 67, "in_reply_to": 78, "type": "RequestVoteRes", "term": 5, "res": false}}
DEBUG:root:received {"dest":"n2","src":"n5","body":{"msg_id":90,"type":"RequestVote","term":10,"prevLogIndex":2,"lastLogTerm":0,"candidateId":"n5"},"id":367}
INFO:root:log atual
[(('pass', None), 0), [['pass', None], 0], [['pass', None], 0], [['pass', None], 0]]
prevlog index
2
 last log term
0

DEBUG:root:sending {"dest": "n5", "src": "n2", "body": {"msg_id": 68, "in_reply_to": 90, "type": "RequestVoteRes", "term": 5, "res": false}}
DEBUG:root:received {"dest":"n2","src":"n3","body":{"msg_id":86,"type":"RequestVote","term":11,"prevLogIndex":2,"lastLogTerm":0,"candidateId":"n3"},"id":377}
INFO:root:log atual
[(('pass', None), 0), [['pass', None], 0], [['pass', None], 0], [['pass', None], 0]]
prevlog index
2
 last log term
0

DEBUG:root:sending {"dest": "n3", "src": "n2", "body": {"msg_id": 69, "in_reply_to": 86, "type": "RequestVoteRes", "term": 5, "res": false}}
DEBUG:root:received {"dest":"n2","body":{"key":0,"type":"read","msg_id":1},"src":"c13","id":386}
DEBUG:root:sending {"dest": "c13", "src": "n2", "body": {"msg_id": 70, "in_reply_to": 1, "type": "error", "code": 11, "text": "Not Leader"}}
INFO:root:node
n3
current time
1651672605964805621
node_time
1651672605244794583
dif
720011038
False

INFO:root:leader alive, resuming timeout checker

DEBUG:root:received {"dest":"n2","src":"n4","body":{"msg_id":77,"type":"RequestVote","term":11,"prevLogIndex":2,"lastLogTerm":0,"candidateId":"n4"},"id":389}
INFO:root:log atual
[(('pass', None), 0), [['pass', None], 0], [['pass', None], 0], [['pass', None], 0]]
prevlog index
2
 last log term
0

DEBUG:root:sending {"dest": "n4", "src": "n2", "body": {"msg_id": 71, "in_reply_to": 77, "type": "RequestVoteRes", "term": 5, "res": false}}
DEBUG:root:received {"dest":"n2","src":"n3","body":{"msg_id":93,"type":"RequestVote","term":12,"prevLogIndex":2,"lastLogTerm":0,"candidateId":"n3"},"id":399}
INFO:root:log atual
[(('pass', None), 0), [['pass', None], 0], [['pass', None], 0], [['pass', None], 0]]
prevlog index
2
 last log term
0

DEBUG:root:sending {"dest": "n3", "src": "n2", "body": {"msg_id": 72, "in_reply_to": 93, "type": "RequestVoteRes", "term": 5, "res": false}}
DEBUG:root:received {"dest":"n2","src":"n4","body":{"msg_id":84,"type":"RequestVote","term":12,"prevLogIndex":2,"lastLogTerm":0,"candidateId":"n4"},"id":409}
INFO:root:log atual
[(('pass', None), 0), [['pass', None], 0], [['pass', None], 0], [['pass', None], 0]]
prevlog index
2
 last log term
0

DEBUG:root:sending {"dest": "n4", "src": "n2", "body": {"msg_id": 73, "in_reply_to": 84, "type": "RequestVoteRes", "term": 5, "res": false}}
DEBUG:root:received {"dest":"n2","src":"n5","body":{"msg_id":100,"type":"RequestVote","term":11,"prevLogIndex":2,"lastLogTerm":0,"candidateId":"n5"},"id":419}
INFO:root:log atual
[(('pass', None), 0), [['pass', None], 0], [['pass', None], 0], [['pass', None], 0]]
prevlog index
2
 last log term
0

DEBUG:root:sending {"dest": "n5", "src": "n2", "body": {"msg_id": 74, "in_reply_to": 100, "type": "RequestVoteRes", "term": 5, "res": false}}
DEBUG:root:received {"dest":"n2","src":"n3","body":{"msg_id":101,"type":"RequestVote","term":13,"prevLogIndex":2,"lastLogTerm":0,"candidateId":"n3"},"id":429}
INFO:root:log atual
[(('pass', None), 0), [['pass', None], 0], [['pass', None], 0], [['pass', None], 0]]
prevlog index
2
 last log term
0

DEBUG:root:sending {"dest": "n3", "src": "n2", "body": {"msg_id": 75, "in_reply_to": 101, "type": "RequestVoteRes", "term": 5, "res": false}}
DEBUG:root:received {"dest":"n2","src":"n5","body":{"msg_id":106,"type":"RequestVote","term":12,"prevLogIndex":2,"lastLogTerm":0,"candidateId":"n5"},"id":438}
INFO:root:log atual
[(('pass', None), 0), [['pass', None], 0], [['pass', None], 0], [['pass', None], 0]]
prevlog index
2
 last log term
0

DEBUG:root:sending {"dest": "n5", "src": "n2", "body": {"msg_id": 76, "in_reply_to": 106, "type": "RequestVoteRes", "term": 5, "res": false}}
INFO:root:node
n3
current time
1651672606121550370
node_time
1651672605244794583
dif
876755787
False

INFO:root:leader alive, resuming timeout checker

DEBUG:root:received {"dest":"n2","src":"n3","body":{"msg_id":108,"type":"RequestVote","term":14,"prevLogIndex":2,"lastLogTerm":0,"candidateId":"n3"},"id":449}
INFO:root:log atual
[(('pass', None), 0), [['pass', None], 0], [['pass', None], 0], [['pass', None], 0]]
prevlog index
2
 last log term
0

DEBUG:root:sending {"dest": "n3", "src": "n2", "body": {"msg_id": 77, "in_reply_to": 108, "type": "RequestVoteRes", "term": 5, "res": false}}
DEBUG:root:received {"dest":"n2","src":"n5","body":{"msg_id":114,"type":"RequestVote","term":15,"prevLogIndex":2,"lastLogTerm":0,"candidateId":"n5"},"id":459}
INFO:root:log atual
[(('pass', None), 0), [['pass', None], 0], [['pass', None], 0], [['pass', None], 0]]
prevlog index
2
 last log term
0

DEBUG:root:sending {"dest": "n5", "src": "n2", "body": {"msg_id": 78, "in_reply_to": 114, "type": "RequestVoteRes", "term": 5, "res": false}}
DEBUG:root:received {"dest":"n2","src":"n5","body":{"msg_id":120,"type":"RequestVote","term":16,"prevLogIndex":2,"lastLogTerm":0,"candidateId":"n5"},"id":469}
INFO:root:log atual
[(('pass', None), 0), [['pass', None], 0], [['pass', None], 0], [['pass', None], 0]]
prevlog index
2
 last log term
0

DEBUG:root:sending {"dest": "n5", "src": "n2", "body": {"msg_id": 79, "in_reply_to": 120, "type": "RequestVoteRes", "term": 5, "res": false}}
DEBUG:root:received {"dest":"n2","src":"n5","body":{"msg_id":126,"type":"RequestVote","term":17,"prevLogIndex":2,"lastLogTerm":0,"candidateId":"n5"},"id":479}
INFO:root:log atual
[(('pass', None), 0), [['pass', None], 0], [['pass', None], 0], [['pass', None], 0]]
prevlog index
2
 last log term
0

DEBUG:root:sending {"dest": "n5", "src": "n2", "body": {"msg_id": 80, "in_reply_to": 126, "type": "RequestVoteRes", "term": 5, "res": false}}
DEBUG:root:received {"dest":"n2","src":"n4","body":{"msg_id":97,"type":"RequestVote","term":13,"prevLogIndex":2,"lastLogTerm":0,"candidateId":"n4"},"id":489}
DEBUG:root:received {"dest":"n2","src":"n5","body":{"msg_id":132,"type":"RequestVote","term":18,"prevLogIndex":2,"lastLogTerm":0,"candidateId":"n5"},"id":492}
INFO:root:log atual
[(('pass', None), 0), [['pass', None], 0], [['pass', None], 0], [['pass', None], 0]]
prevlog index
2
 last log term
0

DEBUG:root:sending {"dest": "n4", "src": "n2", "body": {"msg_id": 81, "in_reply_to": 97, "type": "RequestVoteRes", "term": 5, "res": false}}
INFO:root:log atual
[(('pass', None), 0), [['pass', None], 0], [['pass', None], 0], [['pass', None], 0]]
prevlog index
2
 last log term
0

DEBUG:root:sending {"dest": "n5", "src": "n2", "body": {"msg_id": 82, "in_reply_to": 132, "type": "RequestVoteRes", "term": 5, "res": false}}
DEBUG:root:received {"dest":"n2","src":"n5","body":{"msg_id":141,"type":"RequestVote","term":19,"prevLogIndex":3,"lastLogTerm":18,"candidateId":"n5"},"id":514}
INFO:root:log atual
[(('pass', None), 0), [['pass', None], 0], [['pass', None], 0], [['pass', None], 0]]
prevlog index
3
 last log term
18

DEBUG:root:sending {"dest": "n5", "src": "n2", "body": {"msg_id": 83, "in_reply_to": 141, "type": "RequestVoteRes", "term": 19, "res": true}}
INFO:root:election started and voted vor
n5
at time
1651672606389670966

DEBUG:root:received {"dest":"n2","src":"n5","body":{"msg_id":147,"type":"AppendEntries","term":19,"prevIndex":3,"prevTerm":18,"entries":[],"commit":0},"id":524}
DEBUG:root:sending {"dest": "n5", "src": "n2", "body": {"msg_id": 84, "in_reply_to": 147, "type": "AppendEntriesRes", "res": false, "term": 19}}
DEBUG:root:received {"dest":"n2","src":"n5","body":{"msg_id":151,"type":"AppendEntries","term":19,"prevIndex":2,"prevTerm":0,"entries":[[["write",[0,4]],18]],"commit":0},"id":532}
DEBUG:root:received {"dest":"n2","src":"n3","body":{"msg_id":122,"type":"RequestVote","term":20,"prevLogIndex":3,"lastLogTerm":18,"candidateId":"n3"},"id":534}
INFO:root:commiting command
[['write', [0, 4]], 18]

DEBUG:root:sending {"dest": "n5", "src": "n2", "body": {"msg_id": 85, "in_reply_to": 151, "type": "AppendEntriesRes", "res": true, "term": 19, "next": 5, "commit": 0}}
INFO:root:log atual
[(('pass', None), 0), [['pass', None], 0], [['pass', None], 0], [['pass', None], 0], [['write', [0, 4]], 18]]
prevlog index
3
 last log term
18

DEBUG:root:sending {"dest": "n3", "src": "n2", "body": {"msg_id": 86, "in_reply_to": 122, "type": "RequestVoteRes", "term": 19, "res": false}}
DEBUG:root:received {"dest":"n2","src":"n5","body":{"msg_id":154,"type":"RequestVote","term":21,"prevLogIndex":3,"lastLogTerm":18,"candidateId":"n5"},"id":546}
INFO:root:log atual
[(('pass', None), 0), [['pass', None], 0], [['pass', None], 0], [['pass', None], 0], [['write', [0, 4]], 18]]
prevlog index
3
 last log term
18

DEBUG:root:sending {"dest": "n5", "src": "n2", "body": {"msg_id": 87, "in_reply_to": 154, "type": "RequestVoteRes", "term": 19, "res": false}}
DEBUG:root:received {"dest":"n2","src":"n4","body":{"msg_id":109,"type":"RequestVote","term":22,"prevLogIndex":3,"lastLogTerm":18,"candidateId":"n4"},"id":556}
INFO:root:log atual
[(('pass', None), 0), [['pass', None], 0], [['pass', None], 0], [['pass', None], 0], [['write', [0, 4]], 18]]
prevlog index
3
 last log term
18

DEBUG:root:sending {"dest": "n4", "src": "n2", "body": {"msg_id": 88, "in_reply_to": 109, "type": "RequestVoteRes", "term": 19, "res": false}}
INFO:root:election timeout, starting new election

INFO:root:starting new elections, new term
20
sec, min max hb
0.4799612052888884
0.2
0.5

INFO:root:Requesting new Vote

DEBUG:root:sending {"dest": "n1", "src": "n2", "body": {"msg_id": 89, "type": "RequestVote", "term": 20, "prevLogIndex": 4, "lastLogTerm": 18, "candidateId": "n2"}}
DEBUG:root:sending {"dest": "n2", "src": "n2", "body": {"msg_id": 90, "type": "RequestVote", "term": 20, "prevLogIndex": 4, "lastLogTerm": 18, "candidateId": "n2"}}
DEBUG:root:sending {"dest": "n3", "src": "n2", "body": {"msg_id": 91, "type": "RequestVote", "term": 20, "prevLogIndex": 4, "lastLogTerm": 18, "candidateId": "n2"}}
DEBUG:root:sending {"dest": "n4", "src": "n2", "body": {"msg_id": 92, "type": "RequestVote", "term": 20, "prevLogIndex": 4, "lastLogTerm": 18, "candidateId": "n2"}}
DEBUG:root:sending {"dest": "n5", "src": "n2", "body": {"msg_id": 93, "type": "RequestVote", "term": 20, "prevLogIndex": 4, "lastLogTerm": 18, "candidateId": "n2"}}
DEBUG:root:received {"dest":"n2","src":"n2","body":{"msg_id":90,"type":"RequestVote","term":20,"prevLogIndex":4,"lastLogTerm":18,"candidateId":"n2"},"id":566}
DEBUG:root:received {"dest":"n2","src":"n3","body":{"msg_id":130,"type":"RequestVote","term":21,"prevLogIndex":3,"lastLogTerm":18,"candidateId":"n3"},"id":570}
INFO:root:voting for myself
n2
at time
1651672606495885010
nr votes
0

DEBUG:root:sending {"dest": "n2", "src": "n2", "body": {"msg_id": 94, "in_reply_to": 90, "type": "RequestVoteRes", "term": 20, "res": true}}
INFO:root:log atual
[(('pass', None), 0), [['pass', None], 0], [['pass', None], 0], [['pass', None], 0], [['write', [0, 4]], 18]]
prevlog index
3
 last log term
18

DEBUG:root:sending {"dest": "n3", "src": "n2", "body": {"msg_id": 95, "in_reply_to": 130, "type": "RequestVoteRes", "term": 20, "res": false}}
DEBUG:root:received {"dest":"n2","src":"n1","body":{"msg_id":67,"in_reply_to":89,"type":"RequestVoteRes","term":19,"res":false},"id":575}
DEBUG:root:received {"dest":"n2","src":"n3","body":{"msg_id":134,"in_reply_to":91,"type":"RequestVoteRes","term":21,"res":false},"id":577}
DEBUG:root:received {"dest":"n2","src":"n5","body":{"msg_id":160,"in_reply_to":93,"type":"RequestVoteRes","term":21,"res":false},"id":578}
DEBUG:root:received {"dest":"n2","src":"n2","body":{"msg_id":94,"in_reply_to":90,"type":"RequestVoteRes","term":20,"res":true},"id":580}
DEBUG:root:received {"dest":"n2","src":"n4","body":{"msg_id":115,"type":"RequestVote","term":23,"prevLogIndex":3,"lastLogTerm":18,"candidateId":"n4"},"id":581}
INFO:root:Got a response to the vote Request #475

INFO:root:node id:
n2
leader
n3
kvsotr
{}
cur term
20
log 
[(('pass', None), 0), [['pass', None], 0], [['pass', None], 0], [['pass', None], 0], [['write', [0, 4]], 18]]
commit indez e last applied
0
0
candidate, votes, voted for
True
0
n2
timeout dict
{'n1': 1651672606498094166, 'n2': 1651672606495875310, 'n3': 1651672606496514437, 'n4': 1651672606490502897, 'n5': 1651672606444319749}
curr time
1651672606499972218

INFO:root:resposta
False
majority
3

INFO:root:Got a response to the vote Request #475

INFO:root:node id:
n2
leader
n3
kvsotr
{}
cur term
20
log 
[(('pass', None), 0), [['pass', None], 0], [['pass', None], 0], [['pass', None], 0], [['write', [0, 4]], 18]]
commit indez e last applied
0
0
candidate, votes, voted for
True
0
n2
timeout dict
{'n1': 1651672606498094166, 'n2': 1651672606495875310, 'n3': 1651672606500486906, 'n4': 1651672606490502897, 'n5': 1651672606444319749}
curr time
1651672606500636279

INFO:root:resposta
False
majority
3

INFO:root:Got a response to the vote Request #475

INFO:root:node id:
n2
leader
n3
kvsotr
{}
cur term
20
log 
[(('pass', None), 0), [['pass', None], 0], [['pass', None], 0], [['pass', None], 0], [['write', [0, 4]], 18]]
commit indez e last applied
0
0
candidate, votes, voted for
True
0
n2
timeout dict
{'n1': 1651672606498094166, 'n2': 1651672606495875310, 'n3': 1651672606500486906, 'n4': 1651672606490502897, 'n5': 1651672606501055327}
curr time
1651672606501196960

INFO:root:resposta
False
majority
3

INFO:root:Got a response to the vote Request #475

INFO:root:node id:
n2
leader
n3
kvsotr
{}
cur term
20
log 
[(('pass', None), 0), [['pass', None], 0], [['pass', None], 0], [['pass', None], 0], [['write', [0, 4]], 18]]
commit indez e last applied
0
0
candidate, votes, voted for
True
0
n2
timeout dict
{'n1': 1651672606498094166, 'n2': 1651672606501501670, 'n3': 1651672606500486906, 'n4': 1651672606490502897, 'n5': 1651672606501055327}
curr time
1651672606501596515

INFO:root:resposta
True
majority
3

INFO:root:antes  #487
0

INFO:root:depois  #489
1

INFO:root:log atual
[(('pass', None), 0), [['pass', None], 0], [['pass', None], 0], [['pass', None], 0], [['write', [0, 4]], 18]]
prevlog index
3
 last log term
18

DEBUG:root:sending {"dest": "n4", "src": "n2", "body": {"msg_id": 96, "in_reply_to": 115, "type": "RequestVoteRes", "term": 20, "res": false}}
DEBUG:root:received {"dest":"n2","src":"n4","body":{"msg_id":119,"in_reply_to":92,"type":"RequestVoteRes","term":23,"res":false},"id":591}
INFO:root:Got a response to the vote Request #475

INFO:root:node id:
n2
leader
n3
kvsotr
{}
cur term
20
log 
[(('pass', None), 0), [['pass', None], 0], [['pass', None], 0], [['pass', None], 0], [['write', [0, 4]], 18]]
commit indez e last applied
0
0
candidate, votes, voted for
True
1
n2
timeout dict
{'n1': 1651672606498094166, 'n2': 1651672606501501670, 'n3': 1651672606500486906, 'n4': 1651672606513947736, 'n5': 1651672606501055327}
curr time
1651672606514205625

INFO:root:resposta
False
majority
3

DEBUG:root:received {"dest":"n2","src":"n5","body":{"msg_id":164,"type":"RequestVote","term":22,"prevLogIndex":3,"lastLogTerm":18,"candidateId":"n5"},"id":596}
INFO:root:log atual
[(('pass', None), 0), [['pass', None], 0], [['pass', None], 0], [['pass', None], 0], [['write', [0, 4]], 18]]
prevlog index
3
 last log term
18

DEBUG:root:sending {"dest": "n5", "src": "n2", "body": {"msg_id": 97, "in_reply_to": 164, "type": "RequestVoteRes", "term": 20, "res": false}}
DEBUG:root:received {"dest":"n2","src":"n5","body":{"msg_id":170,"type":"RequestVote","term":23,"prevLogIndex":3,"lastLogTerm":18,"candidateId":"n5"},"id":606}
INFO:root:log atual
[(('pass', None), 0), [['pass', None], 0], [['pass', None], 0], [['pass', None], 0], [['write', [0, 4]], 18]]
prevlog index
3
 last log term
18

DEBUG:root:sending {"dest": "n5", "src": "n2", "body": {"msg_id": 98, "in_reply_to": 170, "type": "RequestVoteRes", "term": 20, "res": false}}
DEBUG:root:received {"dest":"n2","src":"n4","body":{"msg_id":125,"type":"RequestVote","term":24,"prevLogIndex":3,"lastLogTerm":18,"candidateId":"n4"},"id":616}
INFO:root:log atual
[(('pass', None), 0), [['pass', None], 0], [['pass', None], 0], [['pass', None], 0], [['write', [0, 4]], 18]]
prevlog index
3
 last log term
18

DEBUG:root:sending {"dest": "n4", "src": "n2", "body": {"msg_id": 99, "in_reply_to": 125, "type": "RequestVoteRes", "term": 20, "res": false}}
DEBUG:root:received {"dest":"n2","src":"n5","body":{"msg_id":177,"type":"RequestVote","term":24,"prevLogIndex":3,"lastLogTerm":18,"candidateId":"n5"},"id":626}
INFO:root:log atual
[(('pass', None), 0), [['pass', None], 0], [['pass', None], 0], [['pass', None], 0], [['write', [0, 4]], 18]]
prevlog index
3
 last log term
18

DEBUG:root:sending {"dest": "n5", "src": "n2", "body": {"msg_id": 100, "in_reply_to": 177, "type": "RequestVoteRes", "term": 20, "res": false}}
DEBUG:root:received {"dest":"n2","src":"n3","body":{"msg_id":142,"type":"RequestVote","term":22,"prevLogIndex":3,"lastLogTerm":18,"candidateId":"n3"},"id":636}
INFO:root:log atual
[(('pass', None), 0), [['pass', None], 0], [['pass', None], 0], [['pass', None], 0], [['write', [0, 4]], 18]]
prevlog index
3
 last log term
18

DEBUG:root:sending {"dest": "n3", "src": "n2", "body": {"msg_id": 101, "in_reply_to": 142, "type": "RequestVoteRes", "term": 20, "res": false}}
DEBUG:root:received {"dest":"n2","src":"n5","body":{"msg_id":184,"type":"RequestVote","term":25,"prevLogIndex":3,"lastLogTerm":18,"candidateId":"n5"},"id":646}
INFO:root:log atual
[(('pass', None), 0), [['pass', None], 0], [['pass', None], 0], [['pass', None], 0], [['write', [0, 4]], 18]]
prevlog index
3
 last log term
18

DEBUG:root:sending {"dest": "n5", "src": "n2", "body": {"msg_id": 102, "in_reply_to": 184, "type": "RequestVoteRes", "term": 20, "res": false}}
DEBUG:root:received {"dest":"n2","src":"n5","body":{"msg_id":191,"type":"RequestVote","term":27,"prevLogIndex":3,"lastLogTerm":18,"candidateId":"n5"},"id":659}
INFO:root:log atual
[(('pass', None), 0), [['pass', None], 0], [['pass', None], 0], [['pass', None], 0], [['write', [0, 4]], 18]]
prevlog index
3
 last log term
18

DEBUG:root:sending {"dest": "n5", "src": "n2", "body": {"msg_id": 103, "in_reply_to": 191, "type": "RequestVoteRes", "term": 20, "res": false}}
DEBUG:root:received {"dest":"n2","src":"n5","body":{"msg_id":192,"type":"RequestVote","term":27,"prevLogIndex":3,"lastLogTerm":18,"candidateId":"n5"},"id":660}
INFO:root:log atual
[(('pass', None), 0), [['pass', None], 0], [['pass', None], 0], [['pass', None], 0], [['write', [0, 4]], 18]]
prevlog index
3
 last log term
18

DEBUG:root:sending {"dest": "n5", "src": "n2", "body": {"msg_id": 104, "in_reply_to": 192, "type": "RequestVoteRes", "term": 20, "res": false}}
DEBUG:root:received {"dest":"n2","src":"n3","body":{"msg_id":151,"type":"RequestVote","term":23,"prevLogIndex":3,"lastLogTerm":18,"candidateId":"n3"},"id":677}
INFO:root:log atual
[(('pass', None), 0), [['pass', None], 0], [['pass', None], 0], [['pass', None], 0], [['write', [0, 4]], 18]]
prevlog index
3
 last log term
18

DEBUG:root:sending {"dest": "n3", "src": "n2", "body": {"msg_id": 105, "in_reply_to": 151, "type": "RequestVoteRes", "term": 20, "res": false}}
DEBUG:root:received {"dest":"n2","src":"n4","body":{"msg_id":137,"type":"RequestVote","term":25,"prevLogIndex":3,"lastLogTerm":18,"candidateId":"n4"},"id":687}
INFO:root:log atual
[(('pass', None), 0), [['pass', None], 0], [['pass', None], 0], [['pass', None], 0], [['write', [0, 4]], 18]]
prevlog index
3
 last log term
18

DEBUG:root:sending {"dest": "n4", "src": "n2", "body": {"msg_id": 106, "in_reply_to": 137, "type": "RequestVoteRes", "term": 20, "res": false}}
DEBUG:root:received {"dest":"n2","src":"n4","body":{"msg_id":142,"type":"RequestVote","term":26,"prevLogIndex":3,"lastLogTerm":18,"candidateId":"n4"},"id":696}
INFO:root:log atual
[(('pass', None), 0), [['pass', None], 0], [['pass', None], 0], [['pass', None], 0], [['write', [0, 4]], 18]]
prevlog index
3
 last log term
18

DEBUG:root:sending {"dest": "n4", "src": "n2", "body": {"msg_id": 107, "in_reply_to": 142, "type": "RequestVoteRes", "term": 20, "res": false}}
DEBUG:root:received {"dest":"n2","src":"n4","body":{"msg_id":148,"type":"RequestVote","term":27,"prevLogIndex":3,"lastLogTerm":18,"candidateId":"n4"},"id":705}
INFO:root:log atual
[(('pass', None), 0), [['pass', None], 0], [['pass', None], 0], [['pass', None], 0], [['write', [0, 4]], 18]]
prevlog index
3
 last log term
18

DEBUG:root:sending {"dest": "n4", "src": "n2", "body": {"msg_id": 108, "in_reply_to": 148, "type": "RequestVoteRes", "term": 20, "res": false}}
DEBUG:root:received {"dest":"n2","src":"n3","body":{"msg_id":158,"type":"RequestVote","term":24,"prevLogIndex":3,"lastLogTerm":18,"candidateId":"n3"},"id":713}
INFO:root:log atual
[(('pass', None), 0), [['pass', None], 0], [['pass', None], 0], [['pass', None], 0], [['write', [0, 4]], 18]]
prevlog index
3
 last log term
18

DEBUG:root:sending {"dest": "n3", "src": "n2", "body": {"msg_id": 109, "in_reply_to": 158, "type": "RequestVoteRes", "term": 20, "res": false}}
DEBUG:root:received {"dest":"n2","src":"n5","body":{"msg_id":207,"type":"RequestVote","term":28,"prevLogIndex":3,"lastLogTerm":18,"candidateId":"n5"},"id":726}
INFO:root:log atual
[(('pass', None), 0), [['pass', None], 0], [['pass', None], 0], [['pass', None], 0], [['write', [0, 4]], 18]]
prevlog index
3
 last log term
18

DEBUG:root:sending {"dest": "n5", "src": "n2", "body": {"msg_id": 110, "in_reply_to": 207, "type": "RequestVoteRes", "term": 20, "res": false}}
DEBUG:root:received {"dest":"n2","src":"n4","body":{"msg_id":157,"type":"RequestVote","term":28,"prevLogIndex":3,"lastLogTerm":18,"candidateId":"n4"},"id":738}
INFO:root:log atual
[(('pass', None), 0), [['pass', None], 0], [['pass', None], 0], [['pass', None], 0], [['write', [0, 4]], 18]]
prevlog index
3
 last log term
18

DEBUG:root:sending {"dest": "n4", "src": "n2", "body": {"msg_id": 111, "in_reply_to": 157, "type": "RequestVoteRes", "term": 20, "res": false}}
DEBUG:root:received {"dest":"n2","src":"n4","body":{"msg_id":163,"type":"AppendEntries","term":28,"prevIndex":3,"prevTerm":18,"entries":[],"commit":0},"id":748}
DEBUG:root:sending {"dest": "n4", "src": "n2", "body": {"msg_id": 112, "in_reply_to": 163, "type": "AppendEntriesRes", "res": false, "term": 20}}
DEBUG:root:received {"dest":"n2","src":"n4","body":{"msg_id":167,"type":"AppendEntries","term":28,"prevIndex":2,"prevTerm":0,"entries":[[["write",[0,4]],18]],"commit":0},"id":756}
INFO:root:vote ended, new leader is
n3

INFO:root:there is a new leader

INFO:root:node id:
n2
leader
n4
kvsotr
{}
cur term
20
log 
[(('pass', None), 0), [['pass', None], 0], [['pass', None], 0], [['pass', None], 0], [['write', [0, 4]], 18]]
commit indez e last applied
0
0
candidate, votes, voted for
False
None
None
timeout dict
{'n1': 1651672606498094166, 'n2': 1651672606501501670, 'n3': 1651672606793210469, 'n4': 1651672606835502520, 'n5': 1651672606802607534}
curr time
1651672606835963507

INFO:root:commiting command
[['write', [0, 4]], 18]

DEBUG:root:sending {"dest": "n4", "src": "n2", "body": {"msg_id": 113, "in_reply_to": 167, "type": "AppendEntriesRes", "res": true, "term": 28, "next": 6, "commit": 0}}
DEBUG:root:received {"dest":"n2","src":"n5","body":{"msg_id":215,"type":"RequestVote","term":29,"prevLogIndex":3,"lastLogTerm":18,"candidateId":"n5"},"id":760}
INFO:root:log atual
[(('pass', None), 0), [['pass', None], 0], [['pass', None], 0], [['pass', None], 0], [['write', [0, 4]], 18], [['write', [0, 4]], 18]]
prevlog index
3
 last log term
18

DEBUG:root:sending {"dest": "n5", "src": "n2", "body": {"msg_id": 114, "in_reply_to": 215, "type": "RequestVoteRes", "term": 28, "res": false}}
DEBUG:root:received {"dest":"n2","body":{"key":1,"value":2,"type":"write","msg_id":1},"src":"c16","id":769}
DEBUG:root:sending {"dest": "c16", "src": "n2", "body": {"msg_id": 115, "in_reply_to": 1, "type": "error", "code": 11, "text": "Not Leader"}}
DEBUG:root:received {"dest":"n2","src":"n3","body":{"msg_id":170,"type":"RequestVote","term":29,"prevLogIndex":3,"lastLogTerm":18,"candidateId":"n3"},"id":772}
INFO:root:log atual
[(('pass', None), 0), [['pass', None], 0], [['pass', None], 0], [['pass', None], 0], [['write', [0, 4]], 18], [['write', [0, 4]], 18]]
prevlog index
3
 last log term
18

DEBUG:root:sending {"dest": "n3", "src": "n2", "body": {"msg_id": 116, "in_reply_to": 170, "type": "RequestVoteRes", "term": 28, "res": false}}
DEBUG:root:received {"dest":"n2","src":"n3","body":{"msg_id":176,"type":"RequestVote","term":30,"prevLogIndex":3,"lastLogTerm":18,"candidateId":"n3"},"id":782}
INFO:root:log atual
[(('pass', None), 0), [['pass', None], 0], [['pass', None], 0], [['pass', None], 0], [['write', [0, 4]], 18], [['write', [0, 4]], 18]]
prevlog index
3
 last log term
18

DEBUG:root:sending {"dest": "n3", "src": "n2", "body": {"msg_id": 117, "in_reply_to": 176, "type": "RequestVoteRes", "term": 28, "res": false}}
DEBUG:root:received {"dest":"n2","src":"n5","body":{"msg_id":223,"type":"RequestVote","term":30,"prevLogIndex":3,"lastLogTerm":18,"candidateId":"n5"},"id":792}
INFO:root:log atual
[(('pass', None), 0), [['pass', None], 0], [['pass', None], 0], [['pass', None], 0], [['write', [0, 4]], 18], [['write', [0, 4]], 18]]
prevlog index
3
 last log term
18

DEBUG:root:sending {"dest": "n5", "src": "n2", "body": {"msg_id": 118, "in_reply_to": 223, "type": "RequestVoteRes", "term": 28, "res": false}}
DEBUG:root:received {"dest":"n2","src":"n3","body":{"msg_id":182,"type":"RequestVote","term":31,"prevLogIndex":3,"lastLogTerm":18,"candidateId":"n3"},"id":797}
INFO:root:log atual
[(('pass', None), 0), [['pass', None], 0], [['pass', None], 0], [['pass', None], 0], [['write', [0, 4]], 18], [['write', [0, 4]], 18]]
prevlog index
3
 last log term
18

DEBUG:root:sending {"dest": "n3", "src": "n2", "body": {"msg_id": 119, "in_reply_to": 182, "type": "RequestVoteRes", "term": 28, "res": false}}
INFO:root:election ended

DEBUG:root:received {"dest":"n2","src":"n5","body":{"msg_id":230,"type":"RequestVote","term":31,"prevLogIndex":3,"lastLogTerm":18,"candidateId":"n5"},"id":812}
INFO:root:log atual
[(('pass', None), 0), [['pass', None], 0], [['pass', None], 0], [['pass', None], 0], [['write', [0, 4]], 18], [['write', [0, 4]], 18]]
prevlog index
3
 last log term
18

DEBUG:root:sending {"dest": "n5", "src": "n2", "body": {"msg_id": 120, "in_reply_to": 230, "type": "RequestVoteRes", "term": 28, "res": false}}
DEBUG:root:received {"dest":"n2","src":"n4","body":{"msg_id":175,"type":"RequestVote","term":32,"prevLogIndex":3,"lastLogTerm":18,"candidateId":"n4"},"id":822}
INFO:root:log atual
[(('pass', None), 0), [['pass', None], 0], [['pass', None], 0], [['pass', None], 0], [['write', [0, 4]], 18], [['write', [0, 4]], 18]]
prevlog index
3
 last log term
18

DEBUG:root:sending {"dest": "n4", "src": "n2", "body": {"msg_id": 121, "in_reply_to": 175, "type": "RequestVoteRes", "term": 28, "res": false}}
DEBUG:root:received {"dest":"n2","src":"n4","body":{"msg_id":181,"type":"RequestVote","term":33,"prevLogIndex":3,"lastLogTerm":18,"candidateId":"n4"},"id":832}
INFO:root:log atual
[(('pass', None), 0), [['pass', None], 0], [['pass', None], 0], [['pass', None], 0], [['write', [0, 4]], 18], [['write', [0, 4]], 18]]
prevlog index
3
 last log term
18

DEBUG:root:sending {"dest": "n4", "src": "n2", "body": {"msg_id": 122, "in_reply_to": 181, "type": "RequestVoteRes", "term": 28, "res": false}}
DEBUG:root:received {"dest":"n2","src":"n3","body":{"msg_id":192,"type":"RequestVote","term":32,"prevLogIndex":3,"lastLogTerm":18,"candidateId":"n3"},"id":842}
INFO:root:log atual
[(('pass', None), 0), [['pass', None], 0], [['pass', None], 0], [['pass', None], 0], [['write', [0, 4]], 18], [['write', [0, 4]], 18]]
prevlog index
3
 last log term
18

DEBUG:root:sending {"dest": "n3", "src": "n2", "body": {"msg_id": 123, "in_reply_to": 192, "type": "RequestVoteRes", "term": 28, "res": false}}
DEBUG:root:received {"dest":"n2","src":"n4","body":{"msg_id":188,"type":"RequestVote","term":34,"prevLogIndex":3,"lastLogTerm":18,"candidateId":"n4"},"id":852}
INFO:root:log atual
[(('pass', None), 0), [['pass', None], 0], [['pass', None], 0], [['pass', None], 0], [['write', [0, 4]], 18], [['write', [0, 4]], 18]]
prevlog index
3
 last log term
18

DEBUG:root:sending {"dest": "n4", "src": "n2", "body": {"msg_id": 124, "in_reply_to": 188, "type": "RequestVoteRes", "term": 28, "res": false}}
DEBUG:root:received {"dest":"n2","src":"n4","body":{"msg_id":194,"type":"RequestVote","term":35,"prevLogIndex":3,"lastLogTerm":18,"candidateId":"n4"},"id":862}
INFO:root:log atual
[(('pass', None), 0), [['pass', None], 0], [['pass', None], 0], [['pass', None], 0], [['write', [0, 4]], 18], [['write', [0, 4]], 18]]
prevlog index
3
 last log term
18

DEBUG:root:sending {"dest": "n4", "src": "n2", "body": {"msg_id": 125, "in_reply_to": 194, "type": "RequestVoteRes", "term": 28, "res": false}}
DEBUG:root:received {"dest":"n2","src":"n3","body":{"msg_id":199,"type":"RequestVote","term":33,"prevLogIndex":3,"lastLogTerm":18,"candidateId":"n3"},"id":870}
INFO:root:log atual
[(('pass', None), 0), [['pass', None], 0], [['pass', None], 0], [['pass', None], 0], [['write', [0, 4]], 18], [['write', [0, 4]], 18]]
prevlog index
3
 last log term
18

DEBUG:root:sending {"dest": "n3", "src": "n2", "body": {"msg_id": 126, "in_reply_to": 199, "type": "RequestVoteRes", "term": 28, "res": false}}
DEBUG:root:received {"dest":"n2","src":"n5","body":{"msg_id":241,"type":"RequestVote","term":32,"prevLogIndex":3,"lastLogTerm":18,"candidateId":"n5"},"id":875}
INFO:root:log atual
[(('pass', None), 0), [['pass', None], 0], [['pass', None], 0], [['pass', None], 0], [['write', [0, 4]], 18], [['write', [0, 4]], 18]]
prevlog index
3
 last log term
18

DEBUG:root:sending {"dest": "n5", "src": "n2", "body": {"msg_id": 127, "in_reply_to": 241, "type": "RequestVoteRes", "term": 28, "res": false}}
DEBUG:root:received {"dest":"n2","src":"n5","body":{"msg_id":247,"type":"RequestVote","term":33,"prevLogIndex":3,"lastLogTerm":18,"candidateId":"n5"},"id":888}
INFO:root:log atual
[(('pass', None), 0), [['pass', None], 0], [['pass', None], 0], [['pass', None], 0], [['write', [0, 4]], 18], [['write', [0, 4]], 18]]
prevlog index
3
 last log term
18

DEBUG:root:sending {"dest": "n5", "src": "n2", "body": {"msg_id": 128, "in_reply_to": 247, "type": "RequestVoteRes", "term": 28, "res": false}}
DEBUG:root:received {"dest":"n2","src":"n4","body":{"msg_id":200,"type":"RequestVote","term":36,"prevLogIndex":3,"lastLogTerm":18,"candidateId":"n4"},"id":896}
INFO:root:log atual
[(('pass', None), 0), [['pass', None], 0], [['pass', None], 0], [['pass', None], 0], [['write', [0, 4]], 18], [['write', [0, 4]], 18]]
prevlog index
3
 last log term
18

DEBUG:root:sending {"dest": "n4", "src": "n2", "body": {"msg_id": 129, "in_reply_to": 200, "type": "RequestVoteRes", "term": 28, "res": false}}
DEBUG:root:received {"dest":"n2","src":"n4","body":{"msg_id":209,"type":"AppendEntries","term":36,"prevIndex":3,"prevTerm":18,"entries":[],"commit":0},"id":912}
DEBUG:root:sending {"dest": "n4", "src": "n2", "body": {"msg_id": 130, "in_reply_to": 209, "type": "AppendEntriesRes", "res": false, "term": 28}}
DEBUG:root:received {"dest":"n2","src":"n4","body":{"msg_id":213,"type":"AppendEntries","term":36,"prevIndex":2,"prevTerm":0,"entries":[[["write",[0,4]],18]],"commit":0},"id":921}
INFO:root:vote ended, new leader is
n4

INFO:root:there is a new leader

INFO:root:node id:
n2
leader
n4
kvsotr
{}
cur term
28
log 
[(('pass', None), 0), [['pass', None], 0], [['pass', None], 0], [['pass', None], 0], [['write', [0, 4]], 18], [['write', [0, 4]], 18]]
commit indez e last applied
0
0
candidate, votes, voted for
False
None
None
timeout dict
{'n1': 1651672606498094166, 'n2': 1651672606501501670, 'n3': 1651672607071766204, 'n4': 1651672607122290736, 'n5': 1651672607084340548}
curr time
1651672607122785245

INFO:root:commiting command
[['write', [0, 4]], 18]

DEBUG:root:sending {"dest": "n4", "src": "n2", "body": {"msg_id": 131, "in_reply_to": 213, "type": "AppendEntriesRes", "res": true, "term": 36, "next": 7, "commit": 0}}
DEBUG:root:received {"dest":"n2","src":"n3","body":{"msg_id":210,"type":"RequestVote","term":37,"prevLogIndex":3,"lastLogTerm":18,"candidateId":"n3"},"id":923}
INFO:root:log atual
[(('pass', None), 0), [['pass', None], 0], [['pass', None], 0], [['pass', None], 0], [['write', [0, 4]], 18], [['write', [0, 4]], 18], [['write', [0, 4]], 18]]
prevlog index
3
 last log term
18

DEBUG:root:sending {"dest": "n3", "src": "n2", "body": {"msg_id": 132, "in_reply_to": 210, "type": "RequestVoteRes", "term": 36, "res": false}}
DEBUG:root:received {"dest":"n2","src":"n5","body":{"msg_id":257,"type":"RequestVote","term":38,"prevLogIndex":3,"lastLogTerm":18,"candidateId":"n5"},"id":935}
DEBUG:root:received {"dest":"n2","src":"n3","body":{"msg_id":216,"type":"AppendEntries","term":37,"prevIndex":3,"prevTerm":18,"entries":[],"commit":0},"id":938}
INFO:root:log atual
[(('pass', None), 0), [['pass', None], 0], [['pass', None], 0], [['pass', None], 0], [['write', [0, 4]], 18], [['write', [0, 4]], 18], [['write', [0, 4]], 18]]
prevlog index
3
 last log term
18

DEBUG:root:sending {"dest": "n5", "src": "n2", "body": {"msg_id": 133, "in_reply_to": 257, "type": "RequestVoteRes", "term": 36, "res": false}}
DEBUG:root:sending {"dest": "n3", "src": "n2", "body": {"msg_id": 134, "in_reply_to": 216, "type": "AppendEntriesRes", "res": false, "term": 36}}
DEBUG:root:received {"dest":"n2","src":"n3","body":{"msg_id":221,"type":"AppendEntries","term":38,"prevIndex":2,"prevTerm":0,"entries":[[["write",[0,4]],18]],"commit":0},"id":952}
INFO:root:vote ended, new leader is
n4

INFO:root:there is a new leader

INFO:root:node id:
n2
leader
n3
kvsotr
{}
cur term
36
log 
[(('pass', None), 0), [['pass', None], 0], [['pass', None], 0], [['pass', None], 0], [['write', [0, 4]], 18], [['write', [0, 4]], 18], [['write', [0, 4]], 18]]
commit indez e last applied
0
0
candidate, votes, voted for
False
None
None
timeout dict
{'n1': 1651672606498094166, 'n2': 1651672606501501670, 'n3': 1651672607151232455, 'n4': 1651672607122290736, 'n5': 1651672607140110596}
curr time
1651672607151721231

INFO:root:commiting command
[['write', [0, 4]], 18]

DEBUG:root:sending {"dest": "n3", "src": "n2", "body": {"msg_id": 135, "in_reply_to": 221, "type": "AppendEntriesRes", "res": true, "term": 38, "next": 8, "commit": 0}}
DEBUG:root:received {"dest":"n2","src":"n4","body":{"msg_id":218,"type":"RequestVote","term":38,"prevLogIndex":3,"lastLogTerm":18,"candidateId":"n4"},"id":958}
INFO:root:log atual
[(('pass', None), 0), [['pass', None], 0], [['pass', None], 0], [['pass', None], 0], [['write', [0, 4]], 18], [['write', [0, 4]], 18], [['write', [0, 4]], 18], [['write', [0, 4]], 18]]
prevlog index
3
 last log term
18

DEBUG:root:sending {"dest": "n4", "src": "n2", "body": {"msg_id": 136, "in_reply_to": 218, "type": "RequestVoteRes", "term": 38, "res": false}}
DEBUG:root:received {"dest":"n2","src":"n3","body":{"msg_id":225,"type":"RequestVote","term":39,"prevLogIndex":3,"lastLogTerm":18,"candidateId":"n3"},"id":968}
INFO:root:log atual
[(('pass', None), 0), [['pass', None], 0], [['pass', None], 0], [['pass', None], 0], [['write', [0, 4]], 18], [['write', [0, 4]], 18], [['write', [0, 4]], 18], [['write', [0, 4]], 18]]
prevlog index
3
 last log term
18

DEBUG:root:sending {"dest": "n3", "src": "n2", "body": {"msg_id": 137, "in_reply_to": 225, "type": "RequestVoteRes", "term": 38, "res": false}}
DEBUG:root:received {"dest":"n2","src":"n4","body":{"msg_id":225,"type":"RequestVote","term":39,"prevLogIndex":3,"lastLogTerm":18,"candidateId":"n4"},"id":978}
INFO:root:log atual
[(('pass', None), 0), [['pass', None], 0], [['pass', None], 0], [['pass', None], 0], [['write', [0, 4]], 18], [['write', [0, 4]], 18], [['write', [0, 4]], 18], [['write', [0, 4]], 18]]
prevlog index
3
 last log term
18

DEBUG:root:sending {"dest": "n4", "src": "n2", "body": {"msg_id": 138, "in_reply_to": 225, "type": "RequestVoteRes", "term": 38, "res": false}}
DEBUG:root:received {"dest":"n2","src":"n5","body":{"msg_id":267,"type":"RequestVote","term":39,"prevLogIndex":4,"lastLogTerm":18,"candidateId":"n5"},"id":986}
INFO:root:log atual
[(('pass', None), 0), [['pass', None], 0], [['pass', None], 0], [['pass', None], 0], [['write', [0, 4]], 18], [['write', [0, 4]], 18], [['write', [0, 4]], 18], [['write', [0, 4]], 18]]
prevlog index
4
 last log term
18

DEBUG:root:sending {"dest": "n5", "src": "n2", "body": {"msg_id": 139, "in_reply_to": 267, "type": "RequestVoteRes", "term": 38, "res": false}}
DEBUG:root:received {"dest":"n2","src":"n3","body":{"msg_id":233,"type":"RequestVote","term":40,"prevLogIndex":3,"lastLogTerm":18,"candidateId":"n3"},"id":998}
INFO:root:log atual
[(('pass', None), 0), [['pass', None], 0], [['pass', None], 0], [['pass', None], 0], [['write', [0, 4]], 18], [['write', [0, 4]], 18], [['write', [0, 4]], 18], [['write', [0, 4]], 18]]
prevlog index
3
 last log term
18

DEBUG:root:sending {"dest": "n3", "src": "n2", "body": {"msg_id": 140, "in_reply_to": 233, "type": "RequestVoteRes", "term": 38, "res": false}}
DEBUG:root:received {"dest":"n2","src":"n5","body":{"msg_id":275,"type":"RequestVote","term":40,"prevLogIndex":4,"lastLogTerm":18,"candidateId":"n5"},"id":1008}
INFO:root:log atual
[(('pass', None), 0), [['pass', None], 0], [['pass', None], 0], [['pass', None], 0], [['write', [0, 4]], 18], [['write', [0, 4]], 18], [['write', [0, 4]], 18], [['write', [0, 4]], 18]]
prevlog index
4
 last log term
18

DEBUG:root:sending {"dest": "n5", "src": "n2", "body": {"msg_id": 141, "in_reply_to": 275, "type": "RequestVoteRes", "term": 38, "res": false}}
DEBUG:root:received {"dest":"n2","src":"n4","body":{"msg_id":234,"type":"RequestVote","term":40,"prevLogIndex":3,"lastLogTerm":18,"candidateId":"n4"},"id":1019}
DEBUG:root:received {"dest":"n2","src":"n5","body":{"msg_id":281,"type":"RequestVote","term":41,"prevLogIndex":4,"lastLogTerm":18,"candidateId":"n5"},"id":1020}
INFO:root:log atual
[(('pass', None), 0), [['pass', None], 0], [['pass', None], 0], [['pass', None], 0], [['write', [0, 4]], 18], [['write', [0, 4]], 18], [['write', [0, 4]], 18], [['write', [0, 4]], 18]]
prevlog index
3
 last log term
18

DEBUG:root:sending {"dest": "n4", "src": "n2", "body": {"msg_id": 142, "in_reply_to": 234, "type": "RequestVoteRes", "term": 38, "res": false}}
INFO:root:log atual
[(('pass', None), 0), [['pass', None], 0], [['pass', None], 0], [['pass', None], 0], [['write', [0, 4]], 18], [['write', [0, 4]], 18], [['write', [0, 4]], 18], [['write', [0, 4]], 18]]
prevlog index
4
 last log term
18

DEBUG:root:sending {"dest": "n5", "src": "n2", "body": {"msg_id": 143, "in_reply_to": 281, "type": "RequestVoteRes", "term": 38, "res": false}}
DEBUG:root:received {"dest":"n2","src":"n3","body":{"msg_id":242,"type":"RequestVote","term":41,"prevLogIndex":3,"lastLogTerm":18,"candidateId":"n3"},"id":1038}
INFO:root:log atual
[(('pass', None), 0), [['pass', None], 0], [['pass', None], 0], [['pass', None], 0], [['write', [0, 4]], 18], [['write', [0, 4]], 18], [['write', [0, 4]], 18], [['write', [0, 4]], 18]]
prevlog index
3
 last log term
18

DEBUG:root:sending {"dest": "n3", "src": "n2", "body": {"msg_id": 144, "in_reply_to": 242, "type": "RequestVoteRes", "term": 38, "res": false}}
DEBUG:root:received {"dest":"n2","src":"n4","body":{"msg_id":242,"type":"RequestVote","term":42,"prevLogIndex":3,"lastLogTerm":18,"candidateId":"n4"},"id":1048}
INFO:root:log atual
[(('pass', None), 0), [['pass', None], 0], [['pass', None], 0], [['pass', None], 0], [['write', [0, 4]], 18], [['write', [0, 4]], 18], [['write', [0, 4]], 18], [['write', [0, 4]], 18]]
prevlog index
3
 last log term
18

DEBUG:root:sending {"dest": "n4", "src": "n2", "body": {"msg_id": 145, "in_reply_to": 242, "type": "RequestVoteRes", "term": 38, "res": false}}
DEBUG:root:received {"dest":"n2","src":"n5","body":{"msg_id":289,"type":"RequestVote","term":42,"prevLogIndex":4,"lastLogTerm":18,"candidateId":"n5"},"id":1055}
INFO:root:log atual
[(('pass', None), 0), [['pass', None], 0], [['pass', None], 0], [['pass', None], 0], [['write', [0, 4]], 18], [['write', [0, 4]], 18], [['write', [0, 4]], 18], [['write', [0, 4]], 18]]
prevlog index
4
 last log term
18

DEBUG:root:sending {"dest": "n5", "src": "n2", "body": {"msg_id": 146, "in_reply_to": 289, "type": "RequestVoteRes", "term": 38, "res": false}}
DEBUG:root:received {"dest":"n2","src":"n5","body":{"msg_id":296,"type":"RequestVote","term":43,"prevLogIndex":4,"lastLogTerm":18,"candidateId":"n5"},"id":1068}
INFO:root:log atual
[(('pass', None), 0), [['pass', None], 0], [['pass', None], 0], [['pass', None], 0], [['write', [0, 4]], 18], [['write', [0, 4]], 18], [['write', [0, 4]], 18], [['write', [0, 4]], 18]]
prevlog index
4
 last log term
18

DEBUG:root:sending {"dest": "n5", "src": "n2", "body": {"msg_id": 147, "in_reply_to": 296, "type": "RequestVoteRes", "term": 38, "res": false}}
DEBUG:root:received {"dest":"n2","src":"n4","body":{"msg_id":250,"type":"RequestVote","term":43,"prevLogIndex":3,"lastLogTerm":18,"candidateId":"n4"},"id":1078}
INFO:root:log atual
[(('pass', None), 0), [['pass', None], 0], [['pass', None], 0], [['pass', None], 0], [['write', [0, 4]], 18], [['write', [0, 4]], 18], [['write', [0, 4]], 18], [['write', [0, 4]], 18]]
prevlog index
3
 last log term
18

DEBUG:root:sending {"dest": "n4", "src": "n2", "body": {"msg_id": 148, "in_reply_to": 250, "type": "RequestVoteRes", "term": 38, "res": false}}
DEBUG:root:received {"dest":"n2","src":"n4","body":{"msg_id":256,"type":"RequestVote","term":44,"prevLogIndex":3,"lastLogTerm":18,"candidateId":"n4"},"id":1088}
