DEBUG:root:received {"dest":"n1","body":{"type":"init","node_id":"n1","node_ids":["n1","n2","n3","n4","n5"],"msg_id":1},"src":"c4","id":4}
INFO:root:node n1 initialized
DEBUG:root:sending {"dest": "c4", "src": "n1", "body": {"msg_id": 1, "in_reply_to": 1, "type": "init_ok"}}
DEBUG:root:sending {"dest": "n2", "src": "n1", "body": {"msg_id": 2, "type": "AppendEntries", "term": 0, "prevIndex": 0, "prevTerm": 0, "entries": [[["pass", null], 0]], "commit": 0}}
DEBUG:root:sending {"dest": "n3", "src": "n1", "body": {"msg_id": 3, "type": "AppendEntries", "term": 0, "prevIndex": 0, "prevTerm": 0, "entries": [[["pass", null], 0]], "commit": 0}}
DEBUG:root:sending {"dest": "n4", "src": "n1", "body": {"msg_id": 4, "type": "AppendEntries", "term": 0, "prevIndex": 0, "prevTerm": 0, "entries": [[["pass", null], 0]], "commit": 0}}
DEBUG:root:sending {"dest": "n5", "src": "n1", "body": {"msg_id": 5, "type": "AppendEntries", "term": 0, "prevIndex": 0, "prevTerm": 0, "entries": [[["pass", null], 0]], "commit": 0}}
DEBUG:root:received {"dest":"n1","src":"n5","body":{"msg_id":2,"type":"RequestVote","term":1,"prevLogIndex":0,"lastLogTerm":0,"candidateId":"n5"},"id":11}
DEBUG:root:received {"dest":"n1","src":"n4","body":{"msg_id":2,"type":"RequestVote","term":1,"prevLogIndex":0,"lastLogTerm":0,"candidateId":"n4"},"id":10}
DEBUG:root:received {"dest":"n1","src":"n2","body":{"msg_id":2,"type":"RequestVote","term":1,"prevLogIndex":0,"lastLogTerm":0,"candidateId":"n2"},"id":14}
DEBUG:root:sending {"dest": "n4", "src": "n1", "body": {"msg_id": 6, "in_reply_to": 2, "type": "RequestVoteRes", "term": 1, "res": true}}
DEBUG:root:sending {"dest": "n2", "src": "n1", "body": {"msg_id": 7, "in_reply_to": 2, "type": "RequestVoteRes", "term": 1, "res": false}}
DEBUG:root:received {"dest":"n1","src":"n3","body":{"msg_id":2,"type":"RequestVote","term":1,"prevLogIndex":0,"lastLogTerm":0,"candidateId":"n3"},"id":28}
DEBUG:root:sending {"dest": "n3", "src": "n1", "body": {"msg_id": 8, "in_reply_to": 2, "type": "RequestVoteRes", "term": 1, "res": false}}
DEBUG:root:received {"dest":"n1","src":"n4","body":{"msg_id":7,"in_reply_to":4,"type":"AppendEntriesRes","res":false,"term":1},"id":32}
DEBUG:root:received {"dest":"n1","src":"n3","body":{"msg_id":7,"in_reply_to":3,"type":"AppendEntriesRes","res":false,"term":1},"id":40}
DEBUG:root:sending {"dest": "n4", "src": "n1", "body": {"msg_id": 9, "in_reply_to": 7, "type": "error", "code": 11, "text": "Not Leader"}}
DEBUG:root:received {"dest":"n1","src":"n5","body":{"msg_id":8,"in_reply_to":5,"type":"AppendEntriesRes","res":false,"term":1},"id":43}
DEBUG:root:sending {"dest": "n3", "src": "n1", "body": {"msg_id": 10, "in_reply_to": 7, "type": "error", "code": 11, "text": "Not Leader"}}
DEBUG:root:received {"dest":"n1","src":"n2","body":{"msg_id":7,"in_reply_to":2,"type":"AppendEntriesRes","res":false,"term":1},"id":46}
DEBUG:root:sending {"dest": "n5", "src": "n1", "body": {"msg_id": 11, "in_reply_to": 8, "type": "error", "code": 11, "text": "Not Leader"}}
DEBUG:root:sending {"dest": "n2", "src": "n1", "body": {"msg_id": 12, "in_reply_to": 7, "type": "error", "code": 11, "text": "Not Leader"}}
DEBUG:root:received {"dest":"n1","body":{"key":1,"from":0,"to":3,"type":"cas","msg_id":1},"src":"c17","id":65}
DEBUG:root:sending {"dest": "c17", "src": "n1", "body": {"msg_id": 13, "in_reply_to": 1, "type": "error", "code": 11, "text": "Not Leader"}}
DEBUG:root:received {"dest":"n1","body":{"key":1,"value":1,"type":"write","msg_id":2},"src":"c17","id":70}
DEBUG:root:sending {"dest": "c17", "src": "n1", "body": {"msg_id": 14, "in_reply_to": 2, "type": "error", "code": 11, "text": "Not Leader"}}
DEBUG:root:received {"dest":"n1","body":{"key":1,"from":3,"to":4,"type":"cas","msg_id":1},"src":"c23","id":75}
DEBUG:root:sending {"dest": "c23", "src": "n1", "body": {"msg_id": 15, "in_reply_to": 1, "type": "error", "code": 11, "text": "Not Leader"}}
DEBUG:root:received {"dest":"n1","body":{"key":2,"value":0,"type":"write","msg_id":3},"src":"c17","id":78}
DEBUG:root:sending {"dest": "c17", "src": "n1", "body": {"msg_id": 16, "in_reply_to": 3, "type": "error", "code": 11, "text": "Not Leader"}}
DEBUG:root:received {"dest":"n1","body":{"key":2,"from":1,"to":3,"type":"cas","msg_id":4},"src":"c17","id":84}
DEBUG:root:sending {"dest": "c17", "src": "n1", "body": {"msg_id": 17, "in_reply_to": 4, "type": "error", "code": 11, "text": "Not Leader"}}
