2022-05-04 15:17:00,182{GMT}	INFO	[jepsen test runner] jepsen.core: Test version 99e6fb2a3505fae4b1987d97b445a48b7ad1f664 (plus uncommitted changes)
2022-05-04 15:17:00,183{GMT}	INFO	[jepsen test runner] jepsen.core: Command line:
lein run test --bin raft.py --workload lin-kv --time-limit 2 --concurrency 4n
2022-05-04 15:17:00,454{GMT}	INFO	[jepsen test runner] jepsen.core: Running test:
{:remote #jepsen.control.SSHRemote{:session nil}
 :log-net-send false
 :node-count nil
 :max-txn-length 4
 :concurrency 20
 :db
 #object[maelstrom.db$db$reify__16747
         "0xcf0e8b4"
         "maelstrom.db$db$reify__16747@cf0e8b4"]
 :max-writes-per-key 16
 :leave-db-running? false
 :name "lin-kv"
 :logging-json? false
 :net-journal #object[clojure.lang.Atom "0x51a7ee4e" {:status :ready, :val []}]
 :start-time
 #object[org.joda.time.DateTime "0x424c8ebe" "2022-05-04T15:17:00.000+01:00"]
 :nemesis-interval 10
 :net
 #object[maelstrom.net$jepsen_adapter$reify__15560
         "0x7aafac17"
         "maelstrom.net$jepsen_adapter$reify__15560@7aafac17"]
 :client
 #object[maelstrom.workload.lin_kv$client$reify__17524
         "0x3054551f"
         "maelstrom.workload.lin_kv$client$reify__17524@3054551f"]
 :barrier
 #object[java.util.concurrent.CyclicBarrier
         "0x6b8cfbeb"
         "java.util.concurrent.CyclicBarrier@6b8cfbeb"]
 :log-stderr false
 :pure-generators true
 :ssh {:dummy? true}
 :rate 5
 :checker
 #object[jepsen.checker$compose$reify__8612
         "0x4603845b"
         "jepsen.checker$compose$reify__8612@4603845b"]
 :argv
 ("test"
  "--bin"
  "raft.py"
  "--workload"
  "lin-kv"
  "--time-limit"
  "2"
  "--concurrency"
  "4n")
 :nemesis
 (jepsen.nemesis.ReflCompose
  {:fm {:start-partition 0,
        :stop-partition 0,
        :kill 1,
        :start 1,
        :pause 1,
        :resume 1},
   :nemeses [#unprintable "jepsen.nemesis.combined$partition_nemesis$reify__17019@414b5798"
             #unprintable "jepsen.nemesis.combined$db_nemesis$reify__17000@53251e03"]})
 :active-histories
 #object[clojure.lang.Atom "0x5ffae42f" {:status :ready, :val #{}}]
 :nodes ["n1" "n2" "n3" "n4" "n5"]
 :test-count 1
 :latency {:mean 0, :dist :constant}
 :bin "raft.py"
 :generator
 (jepsen.generator.TimeLimit
  {:limit 2000000000,
   :cutoff nil,
   :gen (jepsen.generator.Any
         {:gens [(jepsen.generator.OnThreads {:f #{:nemesis}, :gen nil})
                 (jepsen.generator.OnThreads
                  {:f #object[clojure.core$complement$fn__5654
                              "0x3eff5c32"
                              "clojure.core$complement$fn__5654@3eff5c32"],
                   :gen (jepsen.generator.Stagger
                         {:dt 400000000,
                          :next-time nil,
                          :gen (jepsen.generator.OnThreads
                                {:f #object[clojure.core$complement$fn__5654
                                            "0x79d538c1"
                                            "clojure.core$complement$fn__5654@79d538c1"],
                                 :gen (jepsen.independent.ConcurrentGenerator
                                       {:n 10,
                                        :fgen #object[jepsen.tests.linearizable_register$test$fn__17324
                                                      "0x31e08c61"
                                                      "jepsen.tests.linearizable_register$test$fn__17324@31e08c61"],
                                        :group->threads nil,
                                        :thread->group nil,
                                        :keys (0 1 2 3 4 5 6 7 ...),
                                        :gens nil})})})})]})})
 :log-net-recv false
 :os
 #object[jepsen.os$reify__2490 "0x2db15764" "jepsen.os$reify__2490@2db15764"]
 :time-limit 2
 :workload :lin-kv
 :consistency-models [:strict-serializable]
 :topology :grid}

2022-05-04 15:17:00,476{GMT}	INFO	[jepsen test runner] jepsen.db: Tearing down DB
2022-05-04 15:17:00,483{GMT}	INFO	[jepsen test runner] jepsen.db: Setting up DB
2022-05-04 15:17:00,487{GMT}	INFO	[jepsen node n3] maelstrom.db: Setting up n3
2022-05-04 15:17:00,487{GMT}	INFO	[jepsen node n2] maelstrom.db: Setting up n2
2022-05-04 15:17:00,489{GMT}	INFO	[jepsen node n3] maelstrom.process: launching raft.py nil
2022-05-04 15:17:00,490{GMT}	INFO	[jepsen node n2] maelstrom.process: launching raft.py nil
2022-05-04 15:17:00,492{GMT}	INFO	[jepsen node n4] maelstrom.db: Setting up n4
2022-05-04 15:17:00,495{GMT}	INFO	[jepsen node n4] maelstrom.process: launching raft.py nil
2022-05-04 15:17:00,494{GMT}	INFO	[jepsen node n5] maelstrom.db: Setting up n5
2022-05-04 15:17:00,497{GMT}	INFO	[jepsen node n5] maelstrom.process: launching raft.py nil
2022-05-04 15:17:00,508{GMT}	INFO	[jepsen node n1] maelstrom.service: Starting services: (lin-kv lin-tso lww-kv seq-kv)
2022-05-04 15:17:00,565{GMT}	INFO	[jepsen node n1] maelstrom.db: Setting up n1
2022-05-04 15:17:00,567{GMT}	INFO	[jepsen node n1] maelstrom.process: launching raft.py nil
2022-05-04 15:17:00,767{GMT}	INFO	[jepsen test runner] jepsen.core: Relative time begins now
2022-05-04 15:17:00,861{GMT}	INFO	[jepsen worker 2] jepsen.util: 2	:invoke	:read	[0 nil]
2022-05-04 15:17:00,881{GMT}	INFO	[jepsen worker 2] jepsen.util: 2	:fail	:read	[0 nil]	[:unknown "Not Leader"]
2022-05-04 15:17:00,941{GMT}	INFO	[jepsen worker 5] jepsen.util: 5	:invoke	:cas	[0 [2 0]]
2022-05-04 15:17:01,095{GMT}	INFO	[jepsen worker 0] jepsen.util: 0	:invoke	:read	[0 nil]
2022-05-04 15:17:01,101{GMT}	INFO	[jepsen worker 0] jepsen.util: 0	:fail	:read	[0 nil]	[:unknown "Not Leader"]
2022-05-04 15:17:01,428{GMT}	INFO	[jepsen worker 10] jepsen.util: 10	:invoke	:cas	[1 [1 3]]
2022-05-04 15:17:01,433{GMT}	INFO	[jepsen worker 10] jepsen.util: 10	:info	:cas	[1 [1 3]]	[:unknown "Not Leader"]
2022-05-04 15:17:01,813{GMT}	INFO	[jepsen worker 16] jepsen.util: 16	:invoke	:cas	[1 [1 2]]
2022-05-04 15:17:01,943{GMT}	INFO	[jepsen worker 5] jepsen.util: 5	:info	:cas	[0 [2 0]]	:net-timeout
2022-05-04 15:17:02,111{GMT}	INFO	[jepsen worker 1] jepsen.util: 1	:invoke	:read	[0 nil]
2022-05-04 15:17:02,116{GMT}	INFO	[jepsen worker 1] jepsen.util: 1	:fail	:read	[0 nil]	[:unknown "Invalid Key"]
2022-05-04 15:17:02,295{GMT}	INFO	[jepsen worker 15] jepsen.util: 15	:invoke	:cas	[1 [1 2]]
2022-05-04 15:17:02,603{GMT}	INFO	[jepsen worker 0] jepsen.util: 0	:invoke	:read	[0 nil]
2022-05-04 15:17:02,819{GMT}	INFO	[jepsen worker 16] jepsen.util: 16	:info	:cas	[1 [1 2]]	:net-timeout
2022-05-04 15:17:03,297{GMT}	INFO	[jepsen worker 15] jepsen.util: 15	:info	:cas	[1 [1 2]]	:net-timeout
2022-05-04 15:17:03,604{GMT}	INFO	[jepsen worker 0] jepsen.util: 0	:fail	:read	[0 nil]	:net-timeout
2022-05-04 15:17:03,638{GMT}	INFO	[jepsen node n2] maelstrom.db: Tearing down n2
2022-05-04 15:17:03,638{GMT}	INFO	[jepsen node n1] maelstrom.db: Tearing down n1
2022-05-04 15:17:03,640{GMT}	INFO	[jepsen node n3] maelstrom.db: Tearing down n3
2022-05-04 15:17:03,641{GMT}	INFO	[jepsen node n5] maelstrom.db: Tearing down n5
2022-05-04 15:17:03,641{GMT}	INFO	[jepsen node n4] maelstrom.db: Tearing down n4
2022-05-04 15:17:04,634{GMT}	WARN	[main] jepsen.core: Test crashed!
clojure.lang.ExceptionInfo: Node n1 crashed with exit status 1. Before crashing, it wrote to STDOUT:

{"dest": "n2", "src": "n1", "body": {"msg_id": 17, "in_reply_to": 23, "type": "AppendEntriesRes", "res": true, "term": 2, "next": 2, "commit": 0}}
{"dest": "n1", "src": "n1", "body": {"msg_id": 18, "type": "RequestVote", "term": 3, "prevLogIndex": 1, "lastLogTerm": 1, "candidateId": "n1"}}
{"dest": "n2", "src": "n1", "body": {"msg_id": 19, "type": "RequestVote", "term": 3, "prevLogIndex": 1, "lastLogTerm": 1, "candidateId": "n1"}}
{"dest": "n3", "src": "n1", "body": {"msg_id": 20, "type": "RequestVote", "term": 3, "prevLogIndex": 1, "lastLogTerm": 1, "candidateId": "n1"}}
{"dest": "n4", "src": "n1", "body": {"msg_id": 21, "type": "RequestVote", "term": 3, "prevLogIndex": 1, "lastLogTerm": 1, "candidateId": "n1"}}
{"dest": "n5", "src": "n1", "body": {"msg_id": 22, "type": "RequestVote", "term": 3, "prevLogIndex": 1, "lastLogTerm": 1, "candidateId": "n1"}}
{"dest": "n1", "src": "n1", "body": {"msg_id": 23, "in_reply_to": 18, "type": "RequestVoteRes", "term": 3, "res": true}}
{"dest": "n4", "src": "n1", "body": {"msg_id": 24, "in_reply_to": 15, "type": "AppendEntriesRes", "res": false, "term": 3}}
{"dest": "n2", "src": "n1", "body": {"msg_id": 25, "in_reply_to": 31, "type": "AppendEntriesRes", "res": false, "term": 3}}
{"dest": "c12", "src": "n1", "body": {"msg_id": 26, "in_reply_to": 1, "type": "error", "code": 11, "text": "Not Leader"}}
{"dest": "n4", "src": "n1", "body": {"msg_id": 27, "in_reply_to": 23, "type": "AppendEntriesRes", "res": false, "term": 3}}
{"dest": "n2", "src": "n1", "body": {"msg_id": 28, "in_reply_to": 36, "type": "AppendEntriesRes", "res": false, "term": 3}}
{"dest": "n4", "src": "n1", "body": {"msg_id": 29, "in_reply_to": 28, "type": "AppendEntriesRes", "res": false, "term": 3}}
{"dest": "n4", "src": "n1", "body": {"msg_id": 30, "in_reply_to": 32, "type": "RequestVoteRes", "term": 3, "res": false}}
{"dest": "n3", "src": "n1", "body": {"msg_id": 31, "in_reply_to": 25, "type": "RequestVoteRes", "term": 3, "res": false}}
{"dest": "n3", "src": "n1", "body": {"msg_id": 32, "in_reply_to": 27, "type": "RequestVoteRes", "term": 3, "res": false}}
{"dest": "n2", "src": "n1", "body": {"msg_id": 33, "in_reply_to": 42, "type": "AppendEntriesRes", "res": false, "term": 3}}
{"dest": "n5", "src": "n1", "body": {"msg_id": 34, "in_reply_to": 24, "type": "RequestVoteRes", "term": 3, "res": false}}
{"dest": "n5", "src": "n1", "body": {"msg_id": 35, "in_reply_to": 29, "type": "RequestVoteRes", "term": 3, "res": false}}
{"dest": "n2", "src": "n1", "body": {"msg_id": 36, "in_reply_to": 50, "type": "AppendEntriesRes", "res": true, "term": 3, "next": 3, "commit": 0}}
{"dest": "n2", "src": "n1", "body": {"msg_id": 37, "in_reply_to": 51, "type": "RequestVoteRes", "term": 3, "res": false}}
{"dest": "n3", "src": "n1", "body": {"msg_id": 38, "in_reply_to": 40, "type": "AppendEntriesRes", "res": false, "term": 3}}
{"dest": "n3", "src": "n1", "body": {"msg_id": 39, "in_reply_to": 45, "type": "AppendEntriesRes", "res": true, "term": 4, "next": 4, "commit": 0}}
{"dest": "n4", "src": "n1", "body": {"msg_id": 40, "in_reply_to": 44, "type": "AppendEntriesRes", "res": false, "term": 4}}
{"dest": "c13", "src": "n1", "body": {"msg_id": 41, "in_reply_to": 1, "type": "error", "code": 11, "text": "Not Leader"}}
{"dest": "n2", "src": "n1", "body": {"msg_id": 42, "in_reply_to": 59, "type": "RequestVoteRes", "term": 4, "res": false}}
{"dest": "n2", "src": "n1", "body": {"msg_id": 43, "in_reply_to": 65, "type": "AppendEntriesRes", "res": false, "term": 4}}
{"dest": "n3", "src": "n1", "body": {"msg_id": 44, "in_reply_to": 47, "type": "RequestVoteRes", "term": 4, "res": false}}
{"dest": "n3", "src": "n1", "body": {"msg_id": 45, "in_reply_to": 52, "type": "RequestVoteRes", "term": 4, "res": false}}
{"dest": "n2", "src": "n1", "body": {"msg_id": 46, "in_reply_to": 72, "type": "AppendEntriesRes", "res": true, "term": 7, "next": 5, "commit": 0}}
{"dest": "n3", "src": "n1", "body": {"msg_id": 47, "in_reply_to": 60, "type": "AppendEntriesRes", "res": false, "term": 7}}
{"dest": "n2", "src": "n1", "body": {"msg_id": 48, "in_reply_to": 73, "type": "RequestVoteRes", "term": 7, "res": false}}

And to STDERR:


INFO:root:commiting command
[['pass', None], 0]

DEBUG:root:sending {"dest": "n2", "src": "n1", "body": {"msg_id": 46, "in_reply_to": 72, "type": "AppendEntriesRes", "res": true, "term": 7, "next": 5, "commit": 0}}
DEBUG:root:received {"dest":"n1","src":"n3","body":{"msg_id":60,"type":"AppendEntries","term":7,"prevIndex":1,"prevTerm":0,"entries":[],"commit":0},"id":280}
DEBUG:root:sending {"dest": "n3", "src": "n1", "body": {"msg_id": 47, "in_reply_to": 60, "type": "AppendEntriesRes", "res": false, "term": 7}}
DEBUG:root:received {"dest":"n1","src":"n2","body":{"msg_id":73,"type":"RequestVote","term":8,"prevLogIndex":1,"lastLogTerm":0,"candidateId":"n2"},"id":286}
DEBUG:root:received {"dest":"n1","src":"n3","body":{"msg_id":65,"type":"AppendEntries","term":7,"prevIndex":0,"prevTerm":0,"entries":[[["pass",null],0],[["pass",null],0]],"commit":0},"id":288}
INFO:root:log atual
[(('pass', None), 0), (('cas', (0, (2, 0))), 1), [['pass', None], 0], [['pass', None], 0], [['pass', None], 0]]
prevlog index
1
 last log term
0

DEBUG:root:sending {"dest": "n2", "src": "n1", "body": {"msg_id": 48, "in_reply_to": 73, "type": "RequestVoteRes", "term": 7, "res": false}}
INFO:root:355
[(('pass', None), 0), (('cas', (0, (2, 0))), 1), [['pass', None], 0], [['pass', None], 0], [['pass', None], 0]]
[[['pass', None], 0], [['pass', None], 0]]
0
0
n1
1

ERROR:root:fatal exception in handler
Traceback (most recent call last):
  File "/home/peter/Documents/tf/lab3/ms.py", line 27, in exitOnError
    fn(*args)
  File "/home/peter/Documents/tf/lab3/raft.py", line 356, in handle
    entry=log.get(msg.body.prevIndex+i, None)
AttributeError: 'list' object has no attribute 'get'

Full STDERR logs are available in /home/peter/Documents/tf/lab3/store/lin-kv/20220504T151700.000+0100/node-logs/n1.log
	at slingshot.support$stack_trace.invoke(support.clj:201)
	at maelstrom.process$stop_node_BANG_.invokeStatic(process.clj:239)
	at maelstrom.process$stop_node_BANG_.invoke(process.clj:217)
	at maelstrom.db$db$reify__16747.teardown_BANG_(db.clj:75)
	at jepsen.db$fn__3285$G__3281__3289.invoke(db.clj:11)
	at jepsen.db$fn__3285$G__3280__3294.invoke(db.clj:11)
	at clojure.core$partial$fn__5824.invoke(core.clj:2625)
	at jepsen.control$on_nodes$fn__3165.invoke(control.clj:452)
	at clojure.lang.AFn.applyToHelper(AFn.java:154)
	at clojure.lang.AFn.applyTo(AFn.java:144)
	at clojure.core$apply.invokeStatic(core.clj:665)
	at clojure.core$with_bindings_STAR_.invokeStatic(core.clj:1973)
	at clojure.core$with_bindings_STAR_.doInvoke(core.clj:1973)
	at clojure.lang.RestFn.applyTo(RestFn.java:142)
	at clojure.core$apply.invokeStatic(core.clj:669)
	at clojure.core$bound_fn_STAR_$fn__5734.doInvoke(core.clj:2003)
	at clojure.lang.RestFn.invoke(RestFn.java:408)
	at dom_top.core$real_pmap_helper$build_thread__213$fn__214.invoke(core.clj:146)
	at clojure.lang.AFn.applyToHelper(AFn.java:152)
	at clojure.lang.AFn.applyTo(AFn.java:144)
	at clojure.core$apply.invokeStatic(core.clj:665)
	at clojure.core$with_bindings_STAR_.invokeStatic(core.clj:1973)
	at clojure.core$with_bindings_STAR_.doInvoke(core.clj:1973)
	at clojure.lang.RestFn.invoke(RestFn.java:425)
	at clojure.lang.AFn.applyToHelper(AFn.java:156)
	at clojure.lang.RestFn.applyTo(RestFn.java:132)
	at clojure.core$apply.invokeStatic(core.clj:669)
	at clojure.core$bound_fn_STAR_$fn__5734.doInvoke(core.clj:2003)
	at clojure.lang.RestFn.invoke(RestFn.java:397)
	at clojure.lang.AFn.run(AFn.java:22)
	at java.base/java.lang.Thread.run(Thread.java:833)
