2022-04-29 04:21:52,849{GMT}	INFO	[jepsen test runner] jepsen.core: Test version 0d4ff421833ec2c381c8673966f9f458bcc47975 (plus uncommitted changes)
2022-04-29 04:21:52,849{GMT}	INFO	[jepsen test runner] jepsen.core: Command line:
lein run test --workload lin-kv --bin raft.py
2022-04-29 04:21:52,902{GMT}	INFO	[jepsen test runner] jepsen.core: Running test:
{:remote #jepsen.control.SSHRemote{:session nil}
 :log-net-send false
 :node-count nil
 :max-txn-length 4
 :concurrency 5
 :db
 #object[maelstrom.db$db$reify__16747
         "0x1e9d5d79"
         "maelstrom.db$db$reify__16747@1e9d5d79"]
 :max-writes-per-key 16
 :leave-db-running? false
 :name "lin-kv"
 :logging-json? false
 :net-journal #object[clojure.lang.Atom "0x52688730" {:status :ready, :val []}]
 :start-time
 #object[org.joda.time.DateTime "0x2227c82d" "2022-04-29T04:21:52.000+01:00"]
 :nemesis-interval 10
 :net
 #object[maelstrom.net$jepsen_adapter$reify__15560
         "0xfabe3f8"
         "maelstrom.net$jepsen_adapter$reify__15560@fabe3f8"]
 :client
 #object[maelstrom.workload.lin_kv$client$reify__17524
         "0x11a88d87"
         "maelstrom.workload.lin_kv$client$reify__17524@11a88d87"]
 :barrier
 #object[java.util.concurrent.CyclicBarrier
         "0xce24a98"
         "java.util.concurrent.CyclicBarrier@ce24a98"]
 :log-stderr false
 :pure-generators true
 :ssh {:dummy? true}
 :rate 5
 :checker
 #object[jepsen.checker$compose$reify__8612
         "0x496101d1"
         "jepsen.checker$compose$reify__8612@496101d1"]
 :argv ("test" "--workload" "lin-kv" "--bin" "raft.py")
 :nemesis
 (jepsen.nemesis.ReflCompose
  {:fm {:start-partition 0,
        :stop-partition 0,
        :kill 1,
        :start 1,
        :pause 1,
        :resume 1},
   :nemeses [#unprintable "jepsen.nemesis.combined$partition_nemesis$reify__17019@19858f26"
             #unprintable "jepsen.nemesis.combined$db_nemesis$reify__17000@4c14ed24"]})
 :active-histories
 #object[clojure.lang.Atom "0x523cc8b4" {:status :ready, :val #{}}]
 :nodes ["n1" "n2" "n3" "n4" "n5"]
 :test-count 1
 :latency {:mean 0, :dist :constant}
 :bin "raft.py"
 :generator
 (jepsen.generator.TimeLimit
  {:limit 60000000000,
   :cutoff nil,
   :gen (jepsen.generator.Any
         {:gens [(jepsen.generator.OnThreads {:f #{:nemesis}, :gen nil})
                 (jepsen.generator.OnThreads
                  {:f #object[clojure.core$complement$fn__5654
                              "0x63714a1"
                              "clojure.core$complement$fn__5654@63714a1"],
                   :gen (jepsen.generator.Stagger
                         {:dt 400000000,
                          :next-time nil,
                          :gen (jepsen.generator.OnThreads
                                {:f #object[clojure.core$complement$fn__5654
                                            "0x53bf791"
                                            "clojure.core$complement$fn__5654@53bf791"],
                                 :gen (jepsen.independent.ConcurrentGenerator
                                       {:n 10,
                                        :fgen #object[jepsen.tests.linearizable_register$test$fn__17324
                                                      "0x1bc6a43c"
                                                      "jepsen.tests.linearizable_register$test$fn__17324@1bc6a43c"],
                                        :group->threads nil,
                                        :thread->group nil,
                                        :keys (0 1 2 3 4 5 6 7 ...),
                                        :gens nil})})})})]})})
 :log-net-recv false
 :os
 #object[jepsen.os$reify__2490 "0x6193340e" "jepsen.os$reify__2490@6193340e"]
 :time-limit 60
 :workload :lin-kv
 :consistency-models [:strict-serializable]
 :topology :grid}

2022-04-29 04:21:52,909{GMT}	INFO	[jepsen test runner] jepsen.db: Tearing down DB
2022-04-29 04:21:52,913{GMT}	INFO	[jepsen test runner] jepsen.db: Setting up DB
2022-04-29 04:21:52,915{GMT}	INFO	[jepsen node n2] maelstrom.db: Setting up n2
2022-04-29 04:21:52,915{GMT}	INFO	[jepsen node n5] maelstrom.db: Setting up n5
2022-04-29 04:21:52,915{GMT}	INFO	[jepsen node n3] maelstrom.db: Setting up n3
2022-04-29 04:21:52,915{GMT}	INFO	[jepsen node n4] maelstrom.db: Setting up n4
2022-04-29 04:21:52,916{GMT}	INFO	[jepsen node n3] maelstrom.process: launching raft.py nil
2022-04-29 04:21:52,916{GMT}	INFO	[jepsen node n2] maelstrom.process: launching raft.py nil
2022-04-29 04:21:52,917{GMT}	INFO	[jepsen node n4] maelstrom.process: launching raft.py nil
2022-04-29 04:21:52,917{GMT}	INFO	[jepsen node n5] maelstrom.process: launching raft.py nil
2022-04-29 04:21:52,917{GMT}	INFO	[jepsen node n1] maelstrom.service: Starting services: (lin-kv lin-tso lww-kv seq-kv)
2022-04-29 04:21:52,938{GMT}	INFO	[jepsen node n1] maelstrom.db: Setting up n1
2022-04-29 04:21:52,938{GMT}	INFO	[jepsen node n1] maelstrom.process: launching raft.py nil
2022-04-29 04:22:02,967{GMT}	INFO	[jepsen node n1] maelstrom.db: Tearing down n1
2022-04-29 04:22:02,967{GMT}	INFO	[jepsen node n3] maelstrom.db: Tearing down n3
2022-04-29 04:22:02,967{GMT}	INFO	[jepsen node n4] maelstrom.db: Tearing down n4
2022-04-29 04:22:02,967{GMT}	INFO	[jepsen node n2] maelstrom.db: Tearing down n2
2022-04-29 04:22:02,968{GMT}	INFO	[jepsen node n5] maelstrom.db: Tearing down n5
2022-04-29 04:22:03,970{GMT}	WARN	[main] jepsen.core: Test crashed!
clojure.lang.ExceptionInfo: Node n2 crashed with exit status 1. Before crashing, it wrote to STDOUT:



And to STDERR:

Traceback (most recent call last):
  File "/home/peter/Documents/tf/lab3/raft.py", line 13, in <module>
    leader_id = node_ids[0]
NameError: name 'node_ids' is not defined

Full STDERR logs are available in /home/peter/Documents/tf/lab3/store/lin-kv/20220429T042152.000+0100/node-logs/n2.log
	at slingshot.support$stack_trace.invoke(support.clj:201)
	at maelstrom.process$stop_node_BANG_.invokeStatic(process.clj:239)
	at maelstrom.process$stop_node_BANG_.invoke(process.clj:217)
	at maelstrom.db$db$reify__16747.teardown_BANG_(db.clj:75)
	at jepsen.db$fn__3285$G__3281__3289.invoke(db.clj:11)
	at jepsen.db$fn__3285$G__3280__3294.invoke(db.clj:11)
	at clojure.core$partial$fn__5824.invoke(core.clj:2625)
	at jepsen.control$on_nodes$fn__3165.invoke(control.clj:452)
	at clojure.lang.AFn.applyToHelper(AFn.java:154)
	at clojure.lang.AFn.applyTo(AFn.java:144)
	at clojure.core$apply.invokeStatic(core.clj:665)
	at clojure.core$with_bindings_STAR_.invokeStatic(core.clj:1973)
	at clojure.core$with_bindings_STAR_.doInvoke(core.clj:1973)
	at clojure.lang.RestFn.applyTo(RestFn.java:142)
	at clojure.core$apply.invokeStatic(core.clj:669)
	at clojure.core$bound_fn_STAR_$fn__5734.doInvoke(core.clj:2003)
	at clojure.lang.RestFn.invoke(RestFn.java:408)
	at dom_top.core$real_pmap_helper$build_thread__213$fn__214.invoke(core.clj:146)
	at clojure.lang.AFn.applyToHelper(AFn.java:152)
	at clojure.lang.AFn.applyTo(AFn.java:144)
	at clojure.core$apply.invokeStatic(core.clj:665)
	at clojure.core$with_bindings_STAR_.invokeStatic(core.clj:1973)
	at clojure.core$with_bindings_STAR_.doInvoke(core.clj:1973)
	at clojure.lang.RestFn.invoke(RestFn.java:425)
	at clojure.lang.AFn.applyToHelper(AFn.java:156)
	at clojure.lang.RestFn.applyTo(RestFn.java:132)
	at clojure.core$apply.invokeStatic(core.clj:669)
	at clojure.core$bound_fn_STAR_$fn__5734.doInvoke(core.clj:2003)
	at clojure.lang.RestFn.invoke(RestFn.java:397)
	at clojure.lang.AFn.run(AFn.java:22)
	at java.base/java.lang.Thread.run(Thread.java:829)
