2022-05-03 15:10:22,620{GMT}	INFO	[jepsen test runner] jepsen.core: Test version ba6f9e66132a8e6051301f5fc7fd18e877f6bddb (plus uncommitted changes)
2022-05-03 15:10:22,621{GMT}	INFO	[jepsen test runner] jepsen.core: Command line:
lein run test --bin raft.py --workload lin-kv --concurrency 4n --time-limit 2
2022-05-03 15:10:22,685{GMT}	INFO	[jepsen test runner] jepsen.core: Running test:
{:remote #jepsen.control.SSHRemote{:session nil}
 :log-net-send false
 :node-count nil
 :max-txn-length 4
 :concurrency 20
 :db
 #object[maelstrom.db$db$reify__16747
         "0xcf0e8b4"
         "maelstrom.db$db$reify__16747@cf0e8b4"]
 :max-writes-per-key 16
 :leave-db-running? false
 :name "lin-kv"
 :logging-json? false
 :net-journal #object[clojure.lang.Atom "0x51a7ee4e" {:status :ready, :val []}]
 :start-time
 #object[org.joda.time.DateTime "0x424c8ebe" "2022-05-03T15:10:22.000+01:00"]
 :nemesis-interval 10
 :net
 #object[maelstrom.net$jepsen_adapter$reify__15560
         "0x7aafac17"
         "maelstrom.net$jepsen_adapter$reify__15560@7aafac17"]
 :client
 #object[maelstrom.workload.lin_kv$client$reify__17524
         "0x3054551f"
         "maelstrom.workload.lin_kv$client$reify__17524@3054551f"]
 :barrier
 #object[java.util.concurrent.CyclicBarrier
         "0x6b8cfbeb"
         "java.util.concurrent.CyclicBarrier@6b8cfbeb"]
 :log-stderr false
 :pure-generators true
 :ssh {:dummy? true}
 :rate 5
 :checker
 #object[jepsen.checker$compose$reify__8612
         "0x4603845b"
         "jepsen.checker$compose$reify__8612@4603845b"]
 :argv
 ("test"
  "--bin"
  "raft.py"
  "--workload"
  "lin-kv"
  "--concurrency"
  "4n"
  "--time-limit"
  "2")
 :nemesis
 (jepsen.nemesis.ReflCompose
  {:fm {:start-partition 0,
        :stop-partition 0,
        :kill 1,
        :start 1,
        :pause 1,
        :resume 1},
   :nemeses [#unprintable "jepsen.nemesis.combined$partition_nemesis$reify__17019@414b5798"
             #unprintable "jepsen.nemesis.combined$db_nemesis$reify__17000@53251e03"]})
 :active-histories
 #object[clojure.lang.Atom "0x5ffae42f" {:status :ready, :val #{}}]
 :nodes ["n1" "n2" "n3" "n4" "n5"]
 :test-count 1
 :latency {:mean 0, :dist :constant}
 :bin "raft.py"
 :generator
 (jepsen.generator.TimeLimit
  {:limit 2000000000,
   :cutoff nil,
   :gen (jepsen.generator.Any
         {:gens [(jepsen.generator.OnThreads {:f #{:nemesis}, :gen nil})
                 (jepsen.generator.OnThreads
                  {:f #object[clojure.core$complement$fn__5654
                              "0x3eff5c32"
                              "clojure.core$complement$fn__5654@3eff5c32"],
                   :gen (jepsen.generator.Stagger
                         {:dt 400000000,
                          :next-time nil,
                          :gen (jepsen.generator.OnThreads
                                {:f #object[clojure.core$complement$fn__5654
                                            "0x79d538c1"
                                            "clojure.core$complement$fn__5654@79d538c1"],
                                 :gen (jepsen.independent.ConcurrentGenerator
                                       {:n 10,
                                        :fgen #object[jepsen.tests.linearizable_register$test$fn__17324
                                                      "0x31e08c61"
                                                      "jepsen.tests.linearizable_register$test$fn__17324@31e08c61"],
                                        :group->threads nil,
                                        :thread->group nil,
                                        :keys (0 1 2 3 4 5 6 7 ...),
                                        :gens nil})})})})]})})
 :log-net-recv false
 :os
 #object[jepsen.os$reify__2490 "0x2db15764" "jepsen.os$reify__2490@2db15764"]
 :time-limit 2
 :workload :lin-kv
 :consistency-models [:strict-serializable]
 :topology :grid}

2022-05-03 15:10:22,690{GMT}	INFO	[jepsen test runner] jepsen.db: Tearing down DB
2022-05-03 15:10:22,692{GMT}	INFO	[jepsen test runner] jepsen.db: Setting up DB
2022-05-03 15:10:22,693{GMT}	INFO	[jepsen node n3] maelstrom.db: Setting up n3
2022-05-03 15:10:22,693{GMT}	INFO	[jepsen node n2] maelstrom.db: Setting up n2
2022-05-03 15:10:22,693{GMT}	INFO	[jepsen node n4] maelstrom.db: Setting up n4
2022-05-03 15:10:22,693{GMT}	INFO	[jepsen node n5] maelstrom.db: Setting up n5
2022-05-03 15:10:22,693{GMT}	INFO	[jepsen node n4] maelstrom.process: launching raft.py nil
2022-05-03 15:10:22,693{GMT}	INFO	[jepsen node n5] maelstrom.process: launching raft.py nil
2022-05-03 15:10:22,693{GMT}	INFO	[jepsen node n3] maelstrom.process: launching raft.py nil
2022-05-03 15:10:22,693{GMT}	INFO	[jepsen node n2] maelstrom.process: launching raft.py nil
2022-05-03 15:10:22,695{GMT}	INFO	[jepsen node n1] maelstrom.service: Starting services: (lin-kv lin-tso lww-kv seq-kv)
2022-05-03 15:10:22,698{GMT}	INFO	[jepsen node n1] maelstrom.db: Setting up n1
2022-05-03 15:10:22,699{GMT}	INFO	[jepsen node n1] maelstrom.process: launching raft.py nil
2022-05-03 15:10:22,768{GMT}	INFO	[jepsen test runner] jepsen.core: Relative time begins now
2022-05-03 15:10:22,797{GMT}	INFO	[jepsen worker 8] jepsen.util: 8	:invoke	:cas	[0 [1 3]]
2022-05-03 15:10:22,804{GMT}	INFO	[jepsen worker 8] jepsen.util: 8	:info	:cas	[0 [1 3]]	[:unknown "Not Leader"]
2022-05-03 15:10:23,072{GMT}	INFO	[jepsen worker 17] jepsen.util: 17	:invoke	:cas	[1 [0 1]]
2022-05-03 15:10:23,078{GMT}	INFO	[jepsen worker 17] jepsen.util: 17	:info	:cas	[1 [0 1]]	[:unknown "Not Leader"]
2022-05-03 15:10:23,102{GMT}	INFO	[jepsen worker 18] jepsen.util: 18	:invoke	:cas	[1 [1 1]]
2022-05-03 15:10:23,108{GMT}	INFO	[jepsen worker 18] jepsen.util: 18	:info	:cas	[1 [1 1]]	[:unknown "Not Leader"]
2022-05-03 15:10:23,418{GMT}	INFO	[jepsen worker 7] jepsen.util: 7	:invoke	:write	[0 4]
2022-05-03 15:10:23,424{GMT}	INFO	[jepsen worker 7] jepsen.util: 7	:info	:write	[0 4]	[:unknown "Not Leader"]
2022-05-03 15:10:23,734{GMT}	INFO	[jepsen worker 2] jepsen.util: 2	:invoke	:read	[0 nil]
2022-05-03 15:10:23,740{GMT}	INFO	[jepsen worker 2] jepsen.util: 2	:fail	:read	[0 nil]	[:unknown "Not Leader"]
2022-05-03 15:10:23,914{GMT}	INFO	[jepsen worker 10] jepsen.util: 10	:invoke	:write	[1 3]
2022-05-03 15:10:24,262{GMT}	INFO	[jepsen worker 1] jepsen.util: 1	:invoke	:read	[0 nil]
2022-05-03 15:10:24,267{GMT}	INFO	[jepsen worker 1] jepsen.util: 1	:fail	:read	[0 nil]	[:unknown "Not Leader"]
2022-05-03 15:10:24,396{GMT}	INFO	[jepsen worker 11] jepsen.util: 11	:invoke	:write	[1 2]
2022-05-03 15:10:24,402{GMT}	INFO	[jepsen worker 11] jepsen.util: 11	:info	:write	[1 2]	[:unknown "Not Leader"]
2022-05-03 15:10:24,547{GMT}	INFO	[jepsen worker 0] jepsen.util: 0	:invoke	:read	[0 nil]
2022-05-03 15:10:24,553{GMT}	INFO	[jepsen worker 0] jepsen.util: 0	:fail	:read	[0 nil]	[:unknown "Invalid Key"]
2022-05-03 15:10:24,609{GMT}	INFO	[jepsen worker 3] jepsen.util: 3	:invoke	:read	[0 nil]
2022-05-03 15:10:24,615{GMT}	INFO	[jepsen worker 3] jepsen.util: 3	:fail	:read	[0 nil]	[:unknown "Not Leader"]
2022-05-03 15:10:24,915{GMT}	INFO	[jepsen worker 10] jepsen.util: 10	:info	:write	[1 3]	:net-timeout
2022-05-03 15:10:24,919{GMT}	INFO	[jepsen node n1] maelstrom.db: Tearing down n1
2022-05-03 15:10:24,919{GMT}	INFO	[jepsen node n5] maelstrom.db: Tearing down n5
2022-05-03 15:10:24,919{GMT}	INFO	[jepsen node n3] maelstrom.db: Tearing down n3
2022-05-03 15:10:24,919{GMT}	INFO	[jepsen node n2] maelstrom.db: Tearing down n2
2022-05-03 15:10:24,919{GMT}	INFO	[jepsen node n4] maelstrom.db: Tearing down n4
2022-05-03 15:10:26,705{GMT}	INFO	[jepsen test runner] jepsen.core: Run complete, writing
2022-05-03 15:10:26,747{GMT}	INFO	[jepsen test runner] jepsen.core: Analyzing...
2022-05-03 15:10:26,828{GMT}	INFO	[clojure-agent-send-pool-0] jepsen.independent: Wrote /home/peter/Documents/tf/lab3/store/lin-kv/20220503T151022.000+0100/independent/0/results.edn
2022-05-03 15:10:26,831{GMT}	INFO	[clojure-agent-send-pool-0] jepsen.independent: Wrote /home/peter/Documents/tf/lab3/store/lin-kv/20220503T151022.000+0100/independent/0/history.edn
2022-05-03 15:10:26,833{GMT}	INFO	[clojure-agent-send-pool-1] jepsen.independent: Wrote /home/peter/Documents/tf/lab3/store/lin-kv/20220503T151022.000+0100/independent/1/results.edn
2022-05-03 15:10:26,834{GMT}	INFO	[clojure-agent-send-pool-1] jepsen.independent: Wrote /home/peter/Documents/tf/lab3/store/lin-kv/20220503T151022.000+0100/independent/1/history.edn
2022-05-03 15:10:26,963{GMT}	INFO	[jepsen test runner] jepsen.core: Analysis complete
2022-05-03 15:10:26,978{GMT}	INFO	[jepsen results] jepsen.store: Wrote /home/peter/Documents/tf/lab3/store/lin-kv/20220503T151022.000+0100/results.edn
2022-05-03 15:10:26,993{GMT}	INFO	[jepsen test runner] jepsen.core: {:perf {:latency-graph {:valid? true},
        :rate-graph {:valid? true},
        :valid? true},
 :timeline {:valid? true},
 :exceptions {:valid? true},
 :stats {:valid? false,
         :count 10,
         :ok-count 0,
         :fail-count 4,
         :info-count 6,
         :by-f {:cas {:valid? false,
                      :count 3,
                      :ok-count 0,
                      :fail-count 0,
                      :info-count 3},
                :read {:valid? false,
                       :count 4,
                       :ok-count 0,
                       :fail-count 4,
                       :info-count 0},
                :write {:valid? false,
                        :count 3,
                        :ok-count 0,
                        :fail-count 0,
                        :info-count 3}}},
 :net {:stats {:all {:send-count 93,
                     :recv-count 93,
                     :msg-count 93,
                     :msgs-per-op 9.3},
               :clients {:send-count 29,
                         :recv-count 29,
                         :msg-count 29},
               :servers {:send-count 64,
                         :recv-count 64,
                         :msg-count 64,
                         :msgs-per-op 6.4}},
       :valid? true},
 :workload {:valid? true,
            :results {0 {:linearizable {:valid? true,
                                        :configs ({:model #knossos.model.CASRegister{:value nil},
                                                   :last-op nil,
                                                   :pending [{:process 7,
                                                              :type :invoke,
                                                              :f :write,
                                                              :value 4,
                                                              :index 6,
                                                              :time 647943241}
                                                             {:process 8,
                                                              :type :invoke,
                                                              :f :cas,
                                                              :value [1
                                                                      3],
                                                              :index 0,
                                                              :time 13343221}]}),
                                        :final-paths ()},
                         :timeline {:valid? true},
                         :valid? true},
                      1 {:linearizable {:valid? true,
                                        :configs ({:model #knossos.model.CASRegister{:value nil},
                                                   :last-op nil,
                                                   :pending [{:process 10,
                                                              :type :invoke,
                                                              :f :write,
                                                              :value 3,
                                                              :index 10,
                                                              :time 1143672871}
                                                             {:process 11,
                                                              :type :invoke,
                                                              :f :write,
                                                              :value 2,
                                                              :index 13,
                                                              :time 1625824637}
                                                             {:process 17,
                                                              :type :invoke,
                                                              :f :cas,
                                                              :value [0
                                                                      1],
                                                              :index 2,
                                                              :time 301789285}
                                                             {:process 18,
                                                              :type :invoke,
                                                              :f :cas,
                                                              :value [1
                                                                      1],
                                                              :index 4,
                                                              :time 331783978}]}),
                                        :final-paths ()},
                         :timeline {:valid? true},
                         :valid? true}},
            :failures []},
 :valid? false}


Analysis invalid! (ﾉಥ益ಥ）ﾉ ┻━┻
