DEBUG:root:received {"dest":"n3","body":{"type":"init","node_id":"n3","node_ids":["n1","n2","n3","n4","n5"],"msg_id":1},"src":"c4","id":4}
INFO:root:node n3 initialized
DEBUG:root:sending {"dest": "c4", "src": "n3", "body": {"msg_id": 1, "in_reply_to": 1, "type": "init_ok"}}
INFO:root:node
n1
current time
1651674113450018183
node_time
1651674113450002832
dif
15351
True

INFO:root:leader alive, resuming timeout checker

DEBUG:root:received {"dest":"n3","src":"n2","body":{"msg_id":4,"type":"RequestVote","term":1,"prevLogIndex":0,"lastLogTerm":0,"candidateId":"n2"},"id":10}
INFO:root:log atual
[(('pass', None), 0)]
prevlog index
0
 last log term
0

DEBUG:root:sending {"dest": "n2", "src": "n3", "body": {"msg_id": 2, "in_reply_to": 4, "type": "RequestVoteRes", "term": 1, "res": true}}
INFO:root:election started and voted vor
n2
at time
1651674113465824923

DEBUG:root:received {"dest":"n3","src":"n2","body":{"msg_id":9,"type":"AppendEntries","term":1,"prevIndex":0,"prevTerm":0,"entries":[],"commit":0},"id":19}
DEBUG:root:sending {"dest": "n2", "src": "n3", "body": {"msg_id": 3, "in_reply_to": 9, "type": "AppendEntriesRes", "res": true, "term": 1, "next": 1, "commit": 0}}
DEBUG:root:received {"dest":"n3","src":"n1","body":{"msg_id":3,"type":"AppendEntries","term":0,"prevIndex":0,"prevTerm":0,"entries":[],"commit":0},"id":27}
DEBUG:root:sending {"dest": "n1", "src": "n3", "body": {"msg_id": 4, "in_reply_to": 3, "type": "AppendEntriesRes", "res": false, "term": 1}}
INFO:root:msg term
0
current term
1
log
[(('pass', None), 0)]
msg entries
[]

DEBUG:root:received {"dest":"n3","src":"n1","body":{"msg_id":11,"type":"AppendEntries","term":1,"prevIndex":-1,"prevTerm":0,"entries":[[["pass",null],0]],"commit":0},"id":40}
INFO:root:commiting command
[['pass', None], 0]

DEBUG:root:sending {"dest": "n1", "src": "n3", "body": {"msg_id": 5, "in_reply_to": 11, "type": "AppendEntriesRes", "res": true, "term": 1, "next": 2, "commit": 0}}
DEBUG:root:received {"dest":"n3","src":"n2","body":{"msg_id":15,"type":"AppendEntries","term":1,"prevIndex":0,"prevTerm":0,"entries":[],"commit":0},"id":43}
DEBUG:root:sending {"dest": "n2", "src": "n3", "body": {"msg_id": 6, "in_reply_to": 15, "type": "AppendEntriesRes", "res": true, "term": 1, "next": 2, "commit": 0}}
DEBUG:root:received {"dest":"n3","src":"n2","body":{"msg_id":19,"type":"AppendEntries","term":1,"prevIndex":1,"prevTerm":0,"entries":[],"commit":0},"id":54}
DEBUG:root:sending {"dest": "n2", "src": "n3", "body": {"msg_id": 7, "in_reply_to": 19, "type": "AppendEntriesRes", "res": true, "term": 1, "next": 2, "commit": 0}}
INFO:root:election timeout, starting new election

INFO:root:starting new elections, new term
2
sec, min max hb
0.40214446314013097
0.3333333333333333
0.5

INFO:root:Requesting new Vote

DEBUG:root:sending {"dest": "n1", "src": "n3", "body": {"msg_id": 8, "type": "RequestVote", "term": 2, "prevLogIndex": 1, "lastLogTerm": 0, "candidateId": "n3"}}
DEBUG:root:sending {"dest": "n2", "src": "n3", "body": {"msg_id": 9, "type": "RequestVote", "term": 2, "prevLogIndex": 1, "lastLogTerm": 0, "candidateId": "n3"}}
DEBUG:root:sending {"dest": "n3", "src": "n3", "body": {"msg_id": 10, "type": "RequestVote", "term": 2, "prevLogIndex": 1, "lastLogTerm": 0, "candidateId": "n3"}}
DEBUG:root:sending {"dest": "n4", "src": "n3", "body": {"msg_id": 11, "type": "RequestVote", "term": 2, "prevLogIndex": 1, "lastLogTerm": 0, "candidateId": "n3"}}
DEBUG:root:sending {"dest": "n5", "src": "n3", "body": {"msg_id": 12, "type": "RequestVote", "term": 2, "prevLogIndex": 1, "lastLogTerm": 0, "candidateId": "n3"}}
DEBUG:root:received {"dest":"n3","src":"n4","body":{"msg_id":10,"type":"RequestVote","term":2,"prevLogIndex":1,"lastLogTerm":0,"candidateId":"n4"},"id":63}
INFO:root:log atual
[(('pass', None), 0), [['pass', None], 0]]
prevlog index
1
 last log term
0

DEBUG:root:sending {"dest": "n4", "src": "n3", "body": {"msg_id": 13, "in_reply_to": 10, "type": "RequestVoteRes", "term": 2, "res": true}}
INFO:root:election started and voted vor
n4
at time
1651674113736522631

DEBUG:root:received {"dest":"n3","src":"n3","body":{"msg_id":10,"type":"RequestVote","term":2,"prevLogIndex":1,"lastLogTerm":0,"candidateId":"n3"},"id":70}
DEBUG:root:received {"dest":"n3","src":"n1","body":{"msg_id":15,"in_reply_to":8,"type":"RequestVoteRes","term":1,"res":false},"id":75}
INFO:root:voting for myself
n3
at time
1651674113746407704
nr votes
0

DEBUG:root:sending {"dest": "n3", "src": "n3", "body": {"msg_id": 14, "in_reply_to": 10, "type": "RequestVoteRes", "term": 2, "res": true}}
INFO:root:Got a response to the vote Request #475

INFO:root:node id:
n3
leader
n1
kvsotr
{}
cur term
2
log 
[(('pass', None), 0), [['pass', None], 0]]
commit indez e last applied
0
0
candidate, votes, voted for
True
0
n3
timeout dict
{'n1': 1651674113747146950, 'n2': 1651674113691608733, 'n3': 1651674113746397815, 'n4': 1651674113735828796, 'n5': 1651674113450002832}
curr time
1651674113747316142

INFO:root:resposta
False
majority
3

DEBUG:root:received {"dest":"n3","src":"n5","body":{"msg_id":10,"type":"RequestVote","term":2,"prevLogIndex":1,"lastLogTerm":0,"candidateId":"n5"},"id":78}
DEBUG:root:received {"dest":"n3","src":"n2","body":{"msg_id":23,"in_reply_to":9,"type":"RequestVoteRes","term":2,"res":false},"id":82}
DEBUG:root:received {"dest":"n3","src":"n3","body":{"msg_id":14,"in_reply_to":10,"type":"RequestVoteRes","term":2,"res":true},"id":84}
INFO:root:log atual
[(('pass', None), 0), [['pass', None], 0]]
prevlog index
1
 last log term
0

DEBUG:root:sending {"dest": "n5", "src": "n3", "body": {"msg_id": 15, "in_reply_to": 10, "type": "RequestVoteRes", "term": 2, "res": false}}
INFO:root:Got a response to the vote Request #475

INFO:root:node id:
n3
leader
n1
kvsotr
{}
cur term
2
log 
[(('pass', None), 0), [['pass', None], 0]]
commit indez e last applied
0
0
candidate, votes, voted for
True
0
n3
timeout dict
{'n1': 1651674113747146950, 'n2': 1651674113750359976, 'n3': 1651674113746397815, 'n4': 1651674113735828796, 'n5': 1651674113749726459}
curr time
1651674113750981423

INFO:root:resposta
False
majority
3

INFO:root:Got a response to the vote Request #475

INFO:root:node id:
n3
leader
n1
kvsotr
{}
cur term
2
log 
[(('pass', None), 0), [['pass', None], 0]]
commit indez e last applied
0
0
candidate, votes, voted for
True
0
n3
timeout dict
{'n1': 1651674113747146950, 'n2': 1651674113750359976, 'n3': 1651674113751464779, 'n4': 1651674113735828796, 'n5': 1651674113749726459}
curr time
1651674113751618969

INFO:root:resposta
True
majority
3

INFO:root:antes do incremento no voto #487
0

INFO:root:depois  #489
1

DEBUG:root:received {"dest":"n3","src":"n5","body":{"msg_id":14,"in_reply_to":12,"type":"RequestVoteRes","term":2,"res":false},"id":86}
DEBUG:root:received {"dest":"n3","src":"n4","body":{"msg_id":14,"in_reply_to":11,"type":"RequestVoteRes","term":2,"res":false},"id":88}
INFO:root:Got a response to the vote Request #475

INFO:root:node id:
n3
leader
n1
kvsotr
{}
cur term
2
log 
[(('pass', None), 0), [['pass', None], 0]]
commit indez e last applied
0
0
candidate, votes, voted for
True
1
n3
timeout dict
{'n1': 1651674113747146950, 'n2': 1651674113750359976, 'n3': 1651674113751464779, 'n4': 1651674113735828796, 'n5': 1651674113758742951}
curr time
1651674113758937670

INFO:root:resposta
False
majority
3

INFO:root:Got a response to the vote Request #475

INFO:root:node id:
n3
leader
n1
kvsotr
{}
cur term
2
log 
[(('pass', None), 0), [['pass', None], 0]]
commit indez e last applied
0
0
candidate, votes, voted for
True
1
n3
timeout dict
{'n1': 1651674113747146950, 'n2': 1651674113750359976, 'n3': 1651674113751464779, 'n4': 1651674113759425805, 'n5': 1651674113758742951}
curr time
1651674113759584258

INFO:root:resposta
False
majority
3

DEBUG:root:received {"dest":"n3","body":{"key":0,"type":"read","msg_id":1},"src":"c11","id":91}
DEBUG:root:sending {"dest": "c11", "src": "n3", "body": {"msg_id": 16, "in_reply_to": 1, "type": "error", "code": 11, "text": "Not Leader"}}
DEBUG:root:received {"dest":"n3","src":"n4","body":{"msg_id":17,"type":"AppendEntries","term":2,"prevIndex":1,"prevTerm":0,"entries":[],"commit":0},"id":93}
DEBUG:root:sending {"dest": "n4", "src": "n3", "body": {"msg_id": 17, "in_reply_to": 17, "type": "AppendEntriesRes", "res": true, "term": 2, "next": 2, "commit": 0}}
DEBUG:root:received {"dest":"n3","src":"n2","body":{"msg_id":27,"type":"AppendEntries","term":2,"prevIndex":1,"prevTerm":0,"entries":[],"commit":0},"id":102}
DEBUG:root:sending {"dest": "n2", "src": "n3", "body": {"msg_id": 18, "in_reply_to": 27, "type": "AppendEntriesRes", "res": true, "term": 2, "next": 2, "commit": 0}}
DEBUG:root:received {"dest":"n3","src":"n4","body":{"msg_id":24,"type":"RequestVote","term":3,"prevLogIndex":1,"lastLogTerm":0,"candidateId":"n4"},"id":115}
INFO:root:log atual
[(('pass', None), 0), [['pass', None], 0]]
prevlog index
1
 last log term
0

DEBUG:root:sending {"dest": "n4", "src": "n3", "body": {"msg_id": 19, "in_reply_to": 24, "type": "RequestVoteRes", "term": 2, "res": false}}
INFO:root:election timeout, starting new election

INFO:root:starting new elections, new term
3
sec, min max hb
0.4749927535730639
0.3333333333333333
0.5

INFO:root:Requesting new Vote

DEBUG:root:sending {"dest": "n1", "src": "n3", "body": {"msg_id": 20, "type": "RequestVote", "term": 3, "prevLogIndex": 1, "lastLogTerm": 0, "candidateId": "n3"}}
DEBUG:root:sending {"dest": "n2", "src": "n3", "body": {"msg_id": 21, "type": "RequestVote", "term": 3, "prevLogIndex": 1, "lastLogTerm": 0, "candidateId": "n3"}}
DEBUG:root:sending {"dest": "n3", "src": "n3", "body": {"msg_id": 22, "type": "RequestVote", "term": 3, "prevLogIndex": 1, "lastLogTerm": 0, "candidateId": "n3"}}
DEBUG:root:sending {"dest": "n4", "src": "n3", "body": {"msg_id": 23, "type": "RequestVote", "term": 3, "prevLogIndex": 1, "lastLogTerm": 0, "candidateId": "n3"}}
DEBUG:root:sending {"dest": "n5", "src": "n3", "body": {"msg_id": 24, "type": "RequestVote", "term": 3, "prevLogIndex": 1, "lastLogTerm": 0, "candidateId": "n3"}}
DEBUG:root:received {"dest":"n3","src":"n3","body":{"msg_id":22,"type":"RequestVote","term":3,"prevLogIndex":1,"lastLogTerm":0,"candidateId":"n3"},"id":125}
INFO:root:voting for myself
n3
at time
1651674113991681971
nr votes
0

DEBUG:root:sending {"dest": "n3", "src": "n3", "body": {"msg_id": 25, "in_reply_to": 22, "type": "RequestVoteRes", "term": 3, "res": true}}
DEBUG:root:received {"dest":"n3","src":"n1","body":{"msg_id":22,"in_reply_to":20,"type":"RequestVoteRes","term":2,"res":false},"id":128}
DEBUG:root:received {"dest":"n3","src":"n3","body":{"msg_id":25,"in_reply_to":22,"type":"RequestVoteRes","term":3,"res":true},"id":129}
DEBUG:root:received {"dest":"n3","src":"n5","body":{"msg_id":19,"in_reply_to":24,"type":"RequestVoteRes","term":2,"res":false},"id":130}
DEBUG:root:received {"dest":"n3","src":"n2","body":{"msg_id":32,"in_reply_to":21,"type":"RequestVoteRes","term":3,"res":false},"id":131}
INFO:root:Got a response to the vote Request #475

INFO:root:node id:
n3
leader
n1
kvsotr
{}
cur term
3
log 
[(('pass', None), 0), [['pass', None], 0]]
commit indez e last applied
0
0
candidate, votes, voted for
True
0
n3
timeout dict
{'n1': 1651674113996689883, 'n2': 1651674113785454240, 'n3': 1651674113991671438, 'n4': 1651674113984510939, 'n5': 1651674113758742951}
curr time
1651674113996910387

INFO:root:resposta
False
majority
3

INFO:root:Got a response to the vote Request #475

INFO:root:node id:
n3
leader
n1
kvsotr
{}
cur term
3
log 
[(('pass', None), 0), [['pass', None], 0]]
commit indez e last applied
0
0
candidate, votes, voted for
True
0
n3
timeout dict
{'n1': 1651674113996689883, 'n2': 1651674113785454240, 'n3': 1651674113997421895, 'n4': 1651674113984510939, 'n5': 1651674113758742951}
curr time
1651674113997579196

INFO:root:resposta
True
majority
3

INFO:root:antes do incremento no voto #487
0

INFO:root:depois  #489
1

INFO:root:Got a response to the vote Request #475

INFO:root:node id:
n3
leader
n1
kvsotr
{}
cur term
3
log 
[(('pass', None), 0), [['pass', None], 0]]
commit indez e last applied
0
0
candidate, votes, voted for
True
1
n3
timeout dict
{'n1': 1651674113996689883, 'n2': 1651674113785454240, 'n3': 1651674113997421895, 'n4': 1651674113984510939, 'n5': 1651674113998269721}
curr time
1651674113998422182

INFO:root:resposta
False
majority
3

INFO:root:Got a response to the vote Request #475

INFO:root:node id:
n3
leader
n1
kvsotr
{}
cur term
3
log 
[(('pass', None), 0), [['pass', None], 0]]
commit indez e last applied
0
0
candidate, votes, voted for
True
1
n3
timeout dict
{'n1': 1651674113996689883, 'n2': 1651674113998900837, 'n3': 1651674113997421895, 'n4': 1651674113984510939, 'n5': 1651674113998269721}
curr time
1651674113999045518

INFO:root:resposta
False
majority
3

INFO:root:election timeout, starting new election

INFO:root:starting new elections, new term
4
sec, min max hb
0.4788858801760449
0.3333333333333333
0.5

INFO:root:Requesting new Vote

DEBUG:root:sending {"dest": "n1", "src": "n3", "body": {"msg_id": 26, "type": "RequestVote", "term": 4, "prevLogIndex": 1, "lastLogTerm": 0, "candidateId": "n3"}}
DEBUG:root:sending {"dest": "n2", "src": "n3", "body": {"msg_id": 27, "type": "RequestVote", "term": 4, "prevLogIndex": 1, "lastLogTerm": 0, "candidateId": "n3"}}
DEBUG:root:sending {"dest": "n3", "src": "n3", "body": {"msg_id": 28, "type": "RequestVote", "term": 4, "prevLogIndex": 1, "lastLogTerm": 0, "candidateId": "n3"}}
DEBUG:root:sending {"dest": "n4", "src": "n3", "body": {"msg_id": 29, "type": "RequestVote", "term": 4, "prevLogIndex": 1, "lastLogTerm": 0, "candidateId": "n3"}}
DEBUG:root:sending {"dest": "n5", "src": "n3", "body": {"msg_id": 30, "type": "RequestVote", "term": 4, "prevLogIndex": 1, "lastLogTerm": 0, "candidateId": "n3"}}
DEBUG:root:received {"dest":"n3","src":"n2","body":{"msg_id":35,"type":"RequestVote","term":4,"prevLogIndex":1,"lastLogTerm":0,"candidateId":"n2"},"id":134}
DEBUG:root:received {"dest":"n3","src":"n5","body":{"msg_id":22,"type":"RequestVote","term":3,"prevLogIndex":1,"lastLogTerm":0,"candidateId":"n5"},"id":139}
DEBUG:root:received {"dest":"n3","src":"n4","body":{"msg_id":28,"in_reply_to":23,"type":"RequestVoteRes","term":3,"res":false},"id":143}
INFO:root:log atual
[(('pass', None), 0), [['pass', None], 0]]
prevlog index
1
 last log term
0

DEBUG:root:sending {"dest": "n2", "src": "n3", "body": {"msg_id": 31, "in_reply_to": 35, "type": "RequestVoteRes", "term": 4, "res": true}}
INFO:root:election started and voted vor
n2
at time
1651674114008537089

DEBUG:root:received {"dest":"n3","src":"n3","body":{"msg_id":28,"type":"RequestVote","term":4,"prevLogIndex":1,"lastLogTerm":0,"candidateId":"n3"},"id":142}
DEBUG:root:sending {"dest": "n5", "src": "n3", "body": {"msg_id": 32, "in_reply_to": 22, "type": "RequestVoteRes", "term": 4, "res": false}}
INFO:root:Bad election request, term is not up to date
n2
at time
1651674114010555265

INFO:root:Got a response to the vote Request #475

INFO:root:node id:
n3
leader
n1
kvsotr
{}
cur term
4
log 
[(('pass', None), 0), [['pass', None], 0]]
commit indez e last applied
0
0
candidate, votes, voted for
True
0
n2
timeout dict
{'n1': 1651674113996689883, 'n2': 1651674114007833851, 'n3': 1651674113997421895, 'n4': 1651674114011475338, 'n5': 1651674114009968954}
curr time
1651674114011735983

INFO:root:resposta
False
majority
3

INFO:root:voting for myself
n3
at time
1651674114014798574
nr votes
0

DEBUG:root:sending {"dest": "n3", "src": "n3", "body": {"msg_id": 33, "in_reply_to": 28, "type": "RequestVoteRes", "term": 4, "res": true}}
DEBUG:root:received {"dest":"n3","src":"n2","body":{"msg_id":40,"in_reply_to":27,"type":"RequestVoteRes","term":4,"res":false},"id":153}
DEBUG:root:received {"dest":"n3","src":"n1","body":{"msg_id":25,"in_reply_to":26,"type":"RequestVoteRes","term":2,"res":false},"id":156}
DEBUG:root:received {"dest":"n3","src":"n3","body":{"msg_id":33,"in_reply_to":28,"type":"RequestVoteRes","term":4,"res":true},"id":159}
INFO:root:Got a response to the vote Request #475

INFO:root:node id:
n3
leader
n1
kvsotr
{}
cur term
4
log 
[(('pass', None), 0), [['pass', None], 0]]
commit indez e last applied
0
0
candidate, votes, voted for
True
0
n3
timeout dict
{'n1': 1651674113996689883, 'n2': 1651674114017413427, 'n3': 1651674114014787420, 'n4': 1651674114011475338, 'n5': 1651674114009968954}
curr time
1651674114017632216

INFO:root:resposta
False
majority
3

INFO:root:Got a response to the vote Request #475

INFO:root:node id:
n3
leader
n1
kvsotr
{}
cur term
4
log 
[(('pass', None), 0), [['pass', None], 0]]
commit indez e last applied
0
0
candidate, votes, voted for
True
0
n3
timeout dict
{'n1': 1651674114018097990, 'n2': 1651674114017413427, 'n3': 1651674114014787420, 'n4': 1651674114011475338, 'n5': 1651674114009968954}
curr time
1651674114018249759

INFO:root:resposta
False
majority
3

INFO:root:Got a response to the vote Request #475

INFO:root:node id:
n3
leader
n1
kvsotr
{}
cur term
4
log 
[(('pass', None), 0), [['pass', None], 0]]
commit indez e last applied
0
0
candidate, votes, voted for
True
0
n3
timeout dict
{'n1': 1651674114018097990, 'n2': 1651674114017413427, 'n3': 1651674114018697471, 'n4': 1651674114011475338, 'n5': 1651674114009968954}
curr time
1651674114018837891

INFO:root:resposta
True
majority
3

INFO:root:antes do incremento no voto #487
0

INFO:root:depois  #489
1

DEBUG:root:received {"dest":"n3","src":"n5","body":{"msg_id":27,"type":"RequestVote","term":4,"prevLogIndex":1,"lastLogTerm":0,"candidateId":"n5"},"id":160}
INFO:root:log atual
[(('pass', None), 0), [['pass', None], 0]]
prevlog index
1
 last log term
0

DEBUG:root:sending {"dest": "n5", "src": "n3", "body": {"msg_id": 34, "in_reply_to": 27, "type": "RequestVoteRes", "term": 4, "res": false}}
DEBUG:root:received {"dest":"n3","src":"n5","body":{"msg_id":31,"in_reply_to":30,"type":"RequestVoteRes","term":4,"res":false},"id":166}
INFO:root:Got a response to the vote Request #475

INFO:root:node id:
n3
leader
n1
kvsotr
{}
cur term
4
log 
[(('pass', None), 0), [['pass', None], 0]]
commit indez e last applied
0
0
candidate, votes, voted for
True
1
n3
timeout dict
{'n1': 1651674114018097990, 'n2': 1651674114017413427, 'n3': 1651674114018697471, 'n4': 1651674114011475338, 'n5': 1651674114024814956}
curr time
1651674114025031922

INFO:root:resposta
False
majority
3

DEBUG:root:received {"dest":"n3","src":"n4","body":{"msg_id":31,"in_reply_to":29,"type":"RequestVoteRes","term":3,"res":false},"id":171}
INFO:root:Got a response to the vote Request #475

INFO:root:node id:
n3
leader
n1
kvsotr
{}
cur term
4
log 
[(('pass', None), 0), [['pass', None], 0]]
commit indez e last applied
0
0
candidate, votes, voted for
True
1
n3
timeout dict
{'n1': 1651674114018097990, 'n2': 1651674114017413427, 'n3': 1651674114018697471, 'n4': 1651674114030523578, 'n5': 1651674114024814956}
curr time
1651674114030735731

INFO:root:resposta
False
majority
3

DEBUG:root:received {"dest":"n3","src":"n2","body":{"msg_id":43,"type":"AppendEntries","term":4,"prevIndex":1,"prevTerm":0,"entries":[],"commit":0},"id":174}
DEBUG:root:sending {"dest": "n2", "src": "n3", "body": {"msg_id": 35, "in_reply_to": 43, "type": "AppendEntriesRes", "res": true, "term": 4, "next": 2, "commit": 0}}
DEBUG:root:received {"dest":"n3","body":{"key":1,"from":1,"to":4,"type":"cas","msg_id":1},"src":"c12","id":183}
DEBUG:root:sending {"dest": "c12", "src": "n3", "body": {"msg_id": 36, "in_reply_to": 1, "type": "error", "code": 11, "text": "Not Leader"}}
INFO:root:election timeout, starting new election

INFO:root:starting new elections, new term
5
sec, min max hb
0.35115959089560067
0.3333333333333333
0.5

INFO:root:Requesting new Vote

DEBUG:root:sending {"dest": "n1", "src": "n3", "body": {"msg_id": 37, "type": "RequestVote", "term": 5, "prevLogIndex": 1, "lastLogTerm": 0, "candidateId": "n3"}}
DEBUG:root:sending {"dest": "n2", "src": "n3", "body": {"msg_id": 38, "type": "RequestVote", "term": 5, "prevLogIndex": 1, "lastLogTerm": 0, "candidateId": "n3"}}
DEBUG:root:sending {"dest": "n3", "src": "n3", "body": {"msg_id": 39, "type": "RequestVote", "term": 5, "prevLogIndex": 1, "lastLogTerm": 0, "candidateId": "n3"}}
DEBUG:root:sending {"dest": "n4", "src": "n3", "body": {"msg_id": 40, "type": "RequestVote", "term": 5, "prevLogIndex": 1, "lastLogTerm": 0, "candidateId": "n3"}}
DEBUG:root:sending {"dest": "n5", "src": "n3", "body": {"msg_id": 41, "type": "RequestVote", "term": 5, "prevLogIndex": 1, "lastLogTerm": 0, "candidateId": "n3"}}
DEBUG:root:received {"dest":"n3","src":"n3","body":{"msg_id":39,"type":"RequestVote","term":5,"prevLogIndex":1,"lastLogTerm":0,"candidateId":"n3"},"id":187}
INFO:root:voting for myself
n3
at time
1651674114244047594
nr votes
0

DEBUG:root:sending {"dest": "n3", "src": "n3", "body": {"msg_id": 42, "in_reply_to": 39, "type": "RequestVoteRes", "term": 5, "res": true}}
DEBUG:root:received {"dest":"n3","src":"n1","body":{"msg_id":29,"in_reply_to":37,"type":"RequestVoteRes","term":4,"res":false},"id":190}
DEBUG:root:received {"dest":"n3","src":"n2","body":{"msg_id":47,"in_reply_to":38,"type":"RequestVoteRes","term":5,"res":true},"id":192}
INFO:root:Got a response to the vote Request #475

INFO:root:node id:
n3
leader
n1
kvsotr
{}
cur term
5
log 
[(('pass', None), 0), [['pass', None], 0]]
commit indez e last applied
0
0
candidate, votes, voted for
True
0
n3
timeout dict
{'n1': 1651674114247026608, 'n2': 1651674114034675792, 'n3': 1651674114244038045, 'n4': 1651674114030523578, 'n5': 1651674114024814956}
curr time
1651674114247245892

INFO:root:resposta
False
majority
3

INFO:root:Got a response to the vote Request #475

INFO:root:node id:
n3
leader
n1
kvsotr
{}
cur term
5
log 
[(('pass', None), 0), [['pass', None], 0]]
commit indez e last applied
0
0
candidate, votes, voted for
True
0
n3
timeout dict
{'n1': 1651674114247026608, 'n2': 1651674114247778880, 'n3': 1651674114244038045, 'n4': 1651674114030523578, 'n5': 1651674114024814956}
curr time
1651674114247938627

INFO:root:resposta
True
majority
3

INFO:root:antes do incremento no voto #487
0

INFO:root:depois  #489
1

DEBUG:root:received {"dest":"n3","src":"n3","body":{"msg_id":42,"in_reply_to":39,"type":"RequestVoteRes","term":5,"res":true},"id":191}
DEBUG:root:received {"dest":"n3","src":"n5","body":{"msg_id":35,"in_reply_to":41,"type":"RequestVoteRes","term":4,"res":false},"id":193}
DEBUG:root:received {"dest":"n3","src":"n4","body":{"msg_id":34,"in_reply_to":40,"type":"RequestVoteRes","term":5,"res":true},"id":194}
INFO:root:Got a response to the vote Request #475

INFO:root:node id:
n3
leader
n1
kvsotr
{}
cur term
5
log 
[(('pass', None), 0), [['pass', None], 0]]
commit indez e last applied
0
0
candidate, votes, voted for
True
1
n3
timeout dict
{'n1': 1651674114247026608, 'n2': 1651674114247778880, 'n3': 1651674114249883717, 'n4': 1651674114030523578, 'n5': 1651674114024814956}
curr time
1651674114250060271

INFO:root:resposta
True
majority
3

INFO:root:antes do incremento no voto #487
1

INFO:root:depois  #489
2

INFO:root:Got a response to the vote Request #475

INFO:root:node id:
n3
leader
n1
kvsotr
{}
cur term
5
log 
[(('pass', None), 0), [['pass', None], 0]]
commit indez e last applied
0
0
candidate, votes, voted for
True
2
n3
timeout dict
{'n1': 1651674114247026608, 'n2': 1651674114247778880, 'n3': 1651674114249883717, 'n4': 1651674114030523578, 'n5': 1651674114250796026}
curr time
1651674114250940031

INFO:root:resposta
False
majority
3

INFO:root:Got a response to the vote Request #475

INFO:root:node id:
n3
leader
n1
kvsotr
{}
cur term
5
log 
[(('pass', None), 0), [['pass', None], 0]]
commit indez e last applied
0
0
candidate, votes, voted for
True
2
n3
timeout dict
{'n1': 1651674114247026608, 'n2': 1651674114247778880, 'n3': 1651674114249883717, 'n4': 1651674114251361442, 'n5': 1651674114250796026}
curr time
1651674114251503973

INFO:root:resposta
True
majority
3

INFO:root:antes do incremento no voto #487
2

INFO:root:depois  #489
3

INFO:root:became leader
log
[(('pass', None), 0), [['pass', None], 0]]
match index
{'n1': 0, 'n2': 0, 'n3': 0, 'n4': 0, 'n5': 0}

INFO:root:vote ended, new leader is
n3

INFO:root:sending HB

INFO:root:HBdest
n1
nextIndex
{'n1': 2, 'n2': 2, 'n3': 2, 'n4': 2, 'n5': 2}
log
[(('pass', None), 0), [['pass', None], 0]]

DEBUG:root:sending {"dest": "n1", "src": "n3", "body": {"msg_id": 43, "type": "AppendEntries", "term": 5, "prevIndex": 1, "prevTerm": 0, "entries": [], "commit": 0}}
INFO:root:HBdest
n2
nextIndex
{'n1': 2, 'n2': 2, 'n3': 2, 'n4': 2, 'n5': 2}
log
[(('pass', None), 0), [['pass', None], 0]]

DEBUG:root:sending {"dest": "n2", "src": "n3", "body": {"msg_id": 44, "type": "AppendEntries", "term": 5, "prevIndex": 1, "prevTerm": 0, "entries": [], "commit": 0}}
INFO:root:HBdest
n4
nextIndex
{'n1': 2, 'n2': 2, 'n3': 2, 'n4': 2, 'n5': 2}
log
[(('pass', None), 0), [['pass', None], 0]]

DEBUG:root:sending {"dest": "n4", "src": "n3", "body": {"msg_id": 45, "type": "AppendEntries", "term": 5, "prevIndex": 1, "prevTerm": 0, "entries": [], "commit": 0}}
INFO:root:HBdest
n5
nextIndex
{'n1': 2, 'n2': 2, 'n3': 2, 'n4': 2, 'n5': 2}
log
[(('pass', None), 0), [['pass', None], 0]]

DEBUG:root:sending {"dest": "n5", "src": "n3", "body": {"msg_id": 46, "type": "AppendEntries", "term": 5, "prevIndex": 1, "prevTerm": 0, "entries": [], "commit": 0}}
INFO:root:election ended

DEBUG:root:received {"dest":"n3","src":"n2","body":{"msg_id":50,"type":"RequestVote","term":6,"prevLogIndex":1,"lastLogTerm":0,"candidateId":"n2"},"id":201}
DEBUG:root:received {"dest":"n3","src":"n5","body":{"msg_id":38,"type":"RequestVote","term":5,"prevLogIndex":1,"lastLogTerm":0,"candidateId":"n5"},"id":202}
INFO:root:log atual
[(('pass', None), 0), [['pass', None], 0]]
prevlog index
1
 last log term
0

DEBUG:root:sending {"dest": "n2", "src": "n3", "body": {"msg_id": 47, "in_reply_to": 50, "type": "RequestVoteRes", "term": 6, "res": true}}
INFO:root:election started and voted vor
n2
at time
1651674114259402259

INFO:root:election timeout, starting new election

INFO:root:starting new elections, new term
7
sec, min max hb
0.46063612287410394
0.3333333333333333
0.5

INFO:root:Requesting new Vote

DEBUG:root:sending {"dest": "n1", "src": "n3", "body": {"msg_id": 48, "type": "RequestVote", "term": 7, "prevLogIndex": 1, "lastLogTerm": 0, "candidateId": "n3"}}
DEBUG:root:sending {"dest": "n2", "src": "n3", "body": {"msg_id": 49, "type": "RequestVote", "term": 7, "prevLogIndex": 1, "lastLogTerm": 0, "candidateId": "n3"}}
DEBUG:root:sending {"dest": "n3", "src": "n3", "body": {"msg_id": 50, "type": "RequestVote", "term": 7, "prevLogIndex": 1, "lastLogTerm": 0, "candidateId": "n3"}}
DEBUG:root:sending {"dest": "n4", "src": "n3", "body": {"msg_id": 51, "type": "RequestVote", "term": 7, "prevLogIndex": 1, "lastLogTerm": 0, "candidateId": "n3"}}
DEBUG:root:sending {"dest": "n5", "src": "n3", "body": {"msg_id": 52, "type": "RequestVote", "term": 7, "prevLogIndex": 1, "lastLogTerm": 0, "candidateId": "n3"}}
DEBUG:root:sending {"dest": "n5", "src": "n3", "body": {"msg_id": 53, "in_reply_to": 38, "type": "RequestVoteRes", "term": 7, "res": false}}
INFO:root:Bad election request, term is not up to date
None
at time
1651674114267582279

DEBUG:root:received {"dest":"n3","src":"n5","body":{"msg_id":43,"type":"RequestVote","term":6,"prevLogIndex":1,"lastLogTerm":0,"candidateId":"n5"},"id":211}
DEBUG:root:received {"dest":"n3","src":"n1","body":{"msg_id":32,"in_reply_to":43,"type":"AppendEntriesRes","res":false,"term":4},"id":214}
DEBUG:root:received {"dest":"n3","src":"n4","body":{"msg_id":35,"in_reply_to":45,"type":"AppendEntriesRes","res":true,"term":5,"next":2,"commit":0},"id":219}
DEBUG:root:received {"dest":"n3","src":"n2","body":{"msg_id":55,"in_reply_to":44,"type":"AppendEntriesRes","res":false,"term":6},"id":221}
DEBUG:root:received {"dest":"n3","body":{"key":1,"value":0,"type":"write","msg_id":2},"src":"c12","id":224}
DEBUG:root:received {"dest":"n3","src":"n3","body":{"msg_id":50,"type":"RequestVote","term":7,"prevLogIndex":1,"lastLogTerm":0,"candidateId":"n3"},"id":225}
DEBUG:root:sending {"dest": "n5", "src": "n3", "body": {"msg_id": 54, "in_reply_to": 43, "type": "RequestVoteRes", "term": 7, "res": false}}
INFO:root:Bad election request, term is not up to date
None
at time
1651674114270628819

INFO:root:387##########:
node
n3
current term
7
next I
{'n1': 1, 'n2': 2, 'n3': 2, 'n4': 2, 'n5': 2}
log
[(('pass', None), 0), [['pass', None], 0]]
dest
n1

DEBUG:root:sending {"dest": "n1", "src": "n3", "body": {"msg_id": 55, "type": "AppendEntries", "term": 7, "prevIndex": 0, "prevTerm": 0, "entries": [[["pass", null], 0]], "commit": 0}}
INFO:root:387##########:
node
n3
current term
7
next I
{'n1': 1, 'n2': 1, 'n3': 2, 'n4': 2, 'n5': 2}
log
[(('pass', None), 0), [['pass', None], 0]]
dest
n2

DEBUG:root:sending {"dest": "n2", "src": "n3", "body": {"msg_id": 56, "type": "AppendEntries", "term": 7, "prevIndex": 0, "prevTerm": 0, "entries": [[["pass", null], 0]], "commit": 0}}
DEBUG:root:sending {"dest": "n1", "src": "n3", "body": {"msg_id": 57, "type": "AppendEntries", "term": 7, "entries": [[["pass", null], 0], [["write", [1, 0]], 7]], "prevIndex": 0, "prevTerm": 0, "commit": 0}}
DEBUG:root:sending {"dest": "n2", "src": "n3", "body": {"msg_id": 58, "type": "AppendEntries", "term": 7, "entries": [[["pass", null], 0], [["write", [1, 0]], 7]], "prevIndex": 0, "prevTerm": 0, "commit": 0}}
DEBUG:root:sending {"dest": "n4", "src": "n3", "body": {"msg_id": 59, "type": "AppendEntries", "term": 7, "entries": [[["write", [1, 0]], 7]], "prevIndex": 1, "prevTerm": 0, "commit": 0}}
DEBUG:root:sending {"dest": "n5", "src": "n3", "body": {"msg_id": 60, "type": "AppendEntries", "term": 7, "entries": [[["write", [1, 0]], 7]], "prevIndex": 1, "prevTerm": 0, "commit": 0}}
INFO:root:voting for myself
n3
at time
1651674114273365348
nr votes
0

DEBUG:root:sending {"dest": "n3", "src": "n3", "body": {"msg_id": 61, "in_reply_to": 50, "type": "RequestVoteRes", "term": 7, "res": true}}
DEBUG:root:received {"dest":"n3","src":"n4","body":{"msg_id":39,"in_reply_to":51,"type":"RequestVoteRes","term":7,"res":true},"id":232}
DEBUG:root:received {"dest":"n3","src":"n2","body":{"msg_id":57,"in_reply_to":49,"type":"RequestVoteRes","term":6,"res":false},"id":235}
DEBUG:root:received {"dest":"n3","src":"n5","body":{"msg_id":46,"in_reply_to":46,"type":"AppendEntriesRes","res":false,"term":6},"id":237}
DEBUG:root:received {"dest":"n3","src":"n5","body":{"msg_id":52,"type":"RequestVote","term":7,"prevLogIndex":1,"lastLogTerm":0,"candidateId":"n5"},"id":245}
DEBUG:root:received {"dest":"n3","src":"n1","body":{"msg_id":34,"in_reply_to":48,"type":"RequestVoteRes","term":4,"res":false},"id":248}
DEBUG:root:received {"dest":"n3","src":"n2","body":{"msg_id":58,"in_reply_to":56,"type":"AppendEntriesRes","res":true,"term":7,"next":3,"commit":0},"id":249}
DEBUG:root:received {"dest":"n3","src":"n3","body":{"msg_id":61,"in_reply_to":50,"type":"RequestVoteRes","term":7,"res":true},"id":255}
DEBUG:root:received {"dest":"n3","src":"n5","body":{"msg_id":55,"in_reply_to":52,"type":"RequestVoteRes","term":7,"res":true},"id":256}
INFO:root:Got a response to the vote Request #475

INFO:root:node id:
n3
leader
n3
kvsotr
{}
cur term
7
log 
[(('pass', None), 0), [['pass', None], 0], (('write', (1, 0)), 7)]
commit indez e last applied
0
0
candidate, votes, voted for
True
0
n3
timeout dict
{'n1': 1651674114270912307, 'n2': 1651674114271634867, 'n3': 1651674114273357603, 'n4': 1651674114281998114, 'n5': 1651674114270322794}
curr time
1651674114282452363

INFO:root:resposta
True
majority
3

INFO:root:antes do incremento no voto #487
0

INFO:root:depois  #489
1

INFO:root:Got a response to the vote Request #475

INFO:root:node id:
n3
leader
n3
kvsotr
{}
cur term
7
log 
[(('pass', None), 0), [['pass', None], 0], (('write', (1, 0)), 7)]
commit indez e last applied
0
0
candidate, votes, voted for
True
1
n3
timeout dict
{'n1': 1651674114270912307, 'n2': 1651674114283291466, 'n3': 1651674114273357603, 'n4': 1651674114281998114, 'n5': 1651674114270322794}
curr time
1651674114283442359

INFO:root:resposta
False
majority
3

INFO:root:387##########:
node
n3
current term
7
next I
{'n1': 1, 'n2': 1, 'n3': 2, 'n4': 2, 'n5': 1}
log
[(('pass', None), 0), [['pass', None], 0], (('write', (1, 0)), 7)]
dest
n5

DEBUG:root:sending {"dest": "n5", "src": "n3", "body": {"msg_id": 62, "type": "AppendEntries", "term": 7, "prevIndex": 0, "prevTerm": 0, "entries": [[["pass", null], 0], [["write", [1, 0]], 7]], "commit": 0}}
INFO:root:log atual
[(('pass', None), 0), [['pass', None], 0], (('write', (1, 0)), 7)]
prevlog index
1
 last log term
0

DEBUG:root:sending {"dest": "n5", "src": "n3", "body": {"msg_id": 63, "in_reply_to": 52, "type": "RequestVoteRes", "term": 7, "res": false}}
INFO:root:Got a response to the vote Request #475

INFO:root:node id:
n3
leader
n3
kvsotr
{}
cur term
7
log 
[(('pass', None), 0), [['pass', None], 0], (('write', (1, 0)), 7)]
commit indez e last applied
0
0
candidate, votes, voted for
True
1
n3
timeout dict
{'n1': 1651674114285121759, 'n2': 1651674114283291466, 'n3': 1651674114273357603, 'n4': 1651674114281998114, 'n5': 1651674114284566259}
curr time
1651674114285345410

INFO:root:resposta
False
majority
3

INFO:root:Got a response to the vote Request #475

INFO:root:node id:
n3
leader
n3
kvsotr
{}
cur term
7
log 
[(('pass', None), 0), [['pass', None], 0], (('write', (1, 0)), 7)]
commit indez e last applied
0
0
candidate, votes, voted for
True
1
n3
timeout dict
{'n1': 1651674114285121759, 'n2': 1651674114285776389, 'n3': 1651674114285858470, 'n4': 1651674114281998114, 'n5': 1651674114284566259}
curr time
1651674114286006071

INFO:root:resposta
True
majority
3

INFO:root:antes do incremento no voto #487
1

INFO:root:depois  #489
2

INFO:root:Got a response to the vote Request #475

INFO:root:node id:
n3
leader
n3
kvsotr
{}
cur term
7
log 
[(('pass', None), 0), [['pass', None], 0], (('write', (1, 0)), 7)]
commit indez e last applied
0
0
candidate, votes, voted for
True
2
n3
timeout dict
{'n1': 1651674114285121759, 'n2': 1651674114285776389, 'n3': 1651674114285858470, 'n4': 1651674114281998114, 'n5': 1651674114288541648}
curr time
1651674114288826960

INFO:root:resposta
True
majority
3

INFO:root:antes do incremento no voto #487
2

INFO:root:depois  #489
3

INFO:root:became leader
log
[(('pass', None), 0), [['pass', None], 0], (('write', (1, 0)), 7)]
match index
{'n1': 0, 'n2': 0, 'n3': 0, 'n4': 0, 'n5': 0}

DEBUG:root:received {"dest":"n3","src":"n2","body":{"msg_id":60,"in_reply_to":58,"type":"AppendEntriesRes","res":true,"term":7,"next":5,"commit":0},"id":258}
DEBUG:root:received {"dest":"n3","src":"n4","body":{"msg_id":41,"in_reply_to":59,"type":"AppendEntriesRes","res":true,"term":7,"next":3,"commit":0},"id":259}
DEBUG:root:received {"dest":"n3","src":"n1","body":{"msg_id":35,"in_reply_to":55,"type":"AppendEntriesRes","res":true,"term":7,"next":6,"commit":0},"id":261}
DEBUG:root:received {"dest":"n3","src":"n1","body":{"msg_id":37,"in_reply_to":57,"type":"AppendEntriesRes","res":true,"term":7,"next":2,"commit":0},"id":265}
INFO:root:vote ended, new leader is
n3

INFO:root:sending HB

INFO:root:HBdest
n1
nextIndex
{'n1': 3, 'n2': 3, 'n3': 3, 'n4': 3, 'n5': 3}
log
[(('pass', None), 0), [['pass', None], 0], (('write', (1, 0)), 7)]

DEBUG:root:sending {"dest": "n1", "src": "n3", "body": {"msg_id": 64, "type": "AppendEntries", "term": 7, "prevIndex": 2, "prevTerm": 7, "entries": [], "commit": 0}}
INFO:root:HBdest
n2
nextIndex
{'n1': 3, 'n2': 3, 'n3': 3, 'n4': 3, 'n5': 3}
log
[(('pass', None), 0), [['pass', None], 0], (('write', (1, 0)), 7)]

DEBUG:root:sending {"dest": "n2", "src": "n3", "body": {"msg_id": 65, "type": "AppendEntries", "term": 7, "prevIndex": 2, "prevTerm": 7, "entries": [], "commit": 0}}
INFO:root:HBdest
n4
nextIndex
{'n1': 3, 'n2': 3, 'n3': 3, 'n4': 3, 'n5': 3}
log
[(('pass', None), 0), [['pass', None], 0], (('write', (1, 0)), 7)]

DEBUG:root:sending {"dest": "n4", "src": "n3", "body": {"msg_id": 66, "type": "AppendEntries", "term": 7, "prevIndex": 2, "prevTerm": 7, "entries": [], "commit": 0}}
INFO:root:HBdest
n5
nextIndex
{'n1': 3, 'n2': 3, 'n3': 3, 'n4': 3, 'n5': 3}
log
[(('pass', None), 0), [['pass', None], 0], (('write', (1, 0)), 7)]

DEBUG:root:sending {"dest": "n5", "src": "n3", "body": {"msg_id": 67, "type": "AppendEntries", "term": 7, "prevIndex": 2, "prevTerm": 7, "entries": [], "commit": 0}}
DEBUG:root:received {"dest":"n3","src":"n5","body":{"msg_id":57,"in_reply_to":60,"type":"AppendEntriesRes","res":true,"term":7,"next":3,"commit":0},"id":266}
DEBUG:root:received {"dest":"n3","src":"n5","body":{"msg_id":58,"in_reply_to":62,"type":"AppendEntriesRes","res":true,"term":7,"next":5,"commit":0},"id":268}
DEBUG:root:received {"dest":"n3","src":"n2","body":{"msg_id":61,"in_reply_to":65,"type":"AppendEntriesRes","res":false,"term":7},"id":271}
INFO:root:387##########:
node
n3
current term
7
next I
{'n1': 2, 'n2': 4, 'n3': 3, 'n4': 3, 'n5': 5}
log
[(('pass', None), 0), [['pass', None], 0], (('write', (1, 0)), 7)]
dest
n2

ERROR:root:fatal exception in handler
Traceback (most recent call last):
  File "/home/peter/Documents/tf/lab3/ms.py", line 27, in exitOnError
    fn(*args)
  File "/home/peter/Documents/tf/lab3/raft.py", line 417, in handle
    send(node_id, dest, type='AppendEntries', term=current_term, prevIndex = nextIndex[dest]-1,prevTerm=log[nextIndex[dest]-1][1] ,entries=log[nextIndex[dest]:] if len(log)>nextIndex[dest] else [] ,commit=commitIndex)
IndexError: list index out of range
