DEBUG:root:received {"dest":"n3","body":{"type":"init","node_id":"n3","node_ids":["n1","n2","n3","n4","n5"],"msg_id":1},"src":"c1","id":1}
INFO:root:node n3 initialized
DEBUG:root:received {"dest":"n3","src":"n4","body":{"msg_id":4,"type":"RequestVote","term":1,"prevLogIndex":0,"lastLogTerm":0,"candidateId":"n4"},"id":12}
DEBUG:root:received {"dest":"n3","src":"n2","body":{"msg_id":4,"type":"RequestVote","term":1,"prevLogIndex":0,"lastLogTerm":0,"candidateId":"n2"},"id":11}
DEBUG:root:received {"dest":"n3","src":"n5","body":{"msg_id":4,"type":"RequestVote","term":1,"prevLogIndex":0,"lastLogTerm":0,"candidateId":"n5"},"id":24}
DEBUG:root:sending {"dest": "c1", "src": "n3", "body": {"msg_id": 1, "in_reply_to": 1, "type": "init_ok"}}
DEBUG:root:sending {"dest": "n1", "src": "n3", "body": {"msg_id": 2, "type": "RequestVote", "term": 1, "prevLogIndex": 0, "lastLogTerm": 0, "candidateId": "n3"}}
DEBUG:root:sending {"dest": "n2", "src": "n3", "body": {"msg_id": 3, "type": "RequestVote", "term": 1, "prevLogIndex": 0, "lastLogTerm": 0, "candidateId": "n3"}}
DEBUG:root:sending {"dest": "n3", "src": "n3", "body": {"msg_id": 4, "type": "RequestVote", "term": 1, "prevLogIndex": 0, "lastLogTerm": 0, "candidateId": "n3"}}
DEBUG:root:sending {"dest": "n4", "src": "n3", "body": {"msg_id": 5, "type": "RequestVote", "term": 1, "prevLogIndex": 0, "lastLogTerm": 0, "candidateId": "n3"}}
DEBUG:root:sending {"dest": "n5", "src": "n3", "body": {"msg_id": 6, "type": "RequestVote", "term": 1, "prevLogIndex": 0, "lastLogTerm": 0, "candidateId": "n3"}}
DEBUG:root:sending {"dest": "n4", "src": "n3", "body": {"msg_id": 7, "in_reply_to": 4, "type": "RequestVoteRes", "term": 1, "res": true}}
DEBUG:root:sending {"dest": "n2", "src": "n3", "body": {"msg_id": 8, "in_reply_to": 4, "type": "RequestVoteRes", "term": 1, "res": false}}
DEBUG:root:sending {"dest": "n5", "src": "n3", "body": {"msg_id": 9, "in_reply_to": 4, "type": "RequestVoteRes", "term": 1, "res": false}}
DEBUG:root:received {"dest":"n3","src":"n3","body":{"msg_id":4,"type":"RequestVote","term":1,"prevLogIndex":0,"lastLogTerm":0,"candidateId":"n3"},"id":35}
DEBUG:root:received {"dest":"n3","src":"n2","body":{"msg_id":10,"in_reply_to":3,"type":"RequestVoteRes","term":1,"res":false},"id":38}
DEBUG:root:received {"dest":"n3","src":"n4","body":{"msg_id":10,"in_reply_to":5,"type":"RequestVoteRes","term":1,"res":false},"id":42}
DEBUG:root:sending {"dest": "n3", "src": "n3", "body": {"msg_id": 10, "in_reply_to": 4, "type": "RequestVoteRes", "term": 1, "res": false}}
DEBUG:root:received {"dest":"n3","src":"n5","body":{"msg_id":10,"in_reply_to":6,"type":"RequestVoteRes","term":1,"res":false},"id":43}
DEBUG:root:received {"dest":"n3","src":"n3","body":{"msg_id":10,"in_reply_to":4,"type":"RequestVoteRes","term":1,"res":false},"id":44}
DEBUG:root:received {"dest":"n3","src":"n1","body":{"msg_id":3,"type":"AppendEntries","term":0,"prevIndex":0,"prevTerm":0,"entries":[[["pass",null],0]],"commit":0},"id":47}
WARNING:root:0
[(('pass', None), 0)]
(('pass', None), 0)

DEBUG:root:received {"dest":"n3","src":"n1","body":{"msg_id":9,"in_reply_to":2,"type":"RequestVoteRes","term":1,"res":false},"id":55}
DEBUG:root:sending {"dest": "n1", "src": "n3", "body": {"msg_id": 11, "in_reply_to": 3, "type": "AppendEntriesRes", "res": false, "term": 1}}
DEBUG:root:received {"dest":"n3","src":"n4","body":{"msg_id":14,"type":"AppendEntries","term":1,"prevIndex":0,"prevTerm":0,"entries":[[["pass",null],0]],"commit":0},"id":59}
WARNING:root:0
[(('pass', None), 0)]
(('pass', None), 0)

DEBUG:root:sending {"dest": "n4", "src": "n3", "body": {"msg_id": 12, "in_reply_to": 14, "type": "AppendEntriesRes", "res": true, "term": 1, "next": 1, "commit": 0}}
DEBUG:root:received {"dest":"n3","src":"n1","body":{"msg_id":14,"type":"AppendEntries","term":1,"prevIndex":-1,"prevTerm":0,"entries":[[["pass",null],0]],"commit":0},"id":70}
WARNING:root:-1
[[['pass', None], 0]]
[['pass', None], 0]

DEBUG:root:sending {"dest": "n1", "src": "n3", "body": {"msg_id": 13, "in_reply_to": 14, "type": "AppendEntriesRes", "res": true, "term": 1, "next": 1, "commit": 0}}
DEBUG:root:received {"dest":"n3","body":{"key":0,"type":"read","msg_id":1},"src":"c10","id":74}
DEBUG:root:sending {"dest": "c10", "src": "n3", "body": {"msg_id": 14, "in_reply_to": 1, "type": "error", "code": 11, "text": "Not Leader"}}
DEBUG:root:received {"dest":"n3","src":"n4","body":{"msg_id":19,"type":"AppendEntries","term":1,"prevIndex":0,"prevTerm":0,"entries":[[["pass",null],0]],"commit":0},"id":78}
WARNING:root:0
[[['pass', None], 0]]
[['pass', None], 0]

DEBUG:root:sending {"dest": "n4", "src": "n3", "body": {"msg_id": 15, "in_reply_to": 19, "type": "AppendEntriesRes", "res": true, "term": 1, "next": 1, "commit": 0}}
DEBUG:root:received {"dest":"n3","src":"n1","body":{"msg_id":17,"type":"AppendEntries","term":1,"prevIndex":0,"prevTerm":0,"entries":[[["pass",null],0]],"commit":0},"id":85}
WARNING:root:0
[[['pass', None], 0]]
[['pass', None], 0]

DEBUG:root:sending {"dest": "n1", "src": "n3", "body": {"msg_id": 16, "in_reply_to": 17, "type": "AppendEntriesRes", "res": true, "term": 1, "next": 1, "commit": 0}}
Exception in thread Thread-1:
Traceback (most recent call last):
  File "/usr/lib/python3.10/threading.py", line 1009, in _bootstrap_inner
    self.run()
  File "/usr/lib/python3.10/threading.py", line 1371, in run
    self.function(*self.args, **self.kwargs)
TypeError: election_checker() missing 2 required positional arguments: 'min_time' and 'max_time'
DEBUG:root:received {"dest":"n3","src":"n4","body":{"msg_id":24,"type":"AppendEntries","term":1,"prevIndex":0,"prevTerm":0,"entries":[[["pass",null],0]],"commit":0},"id":96}
WARNING:root:0
[[['pass', None], 0]]
[['pass', None], 0]

DEBUG:root:sending {"dest": "n4", "src": "n3", "body": {"msg_id": 17, "in_reply_to": 24, "type": "AppendEntriesRes", "res": true, "term": 1, "next": 1, "commit": 0}}
DEBUG:root:received {"dest":"n3","src":"n1","body":{"msg_id":22,"type":"AppendEntries","term":1,"prevIndex":0,"prevTerm":0,"entries":[[["pass",null],0]],"commit":0},"id":103}
WARNING:root:0
[[['pass', None], 0]]
[['pass', None], 0]

DEBUG:root:sending {"dest": "n1", "src": "n3", "body": {"msg_id": 18, "in_reply_to": 22, "type": "AppendEntriesRes", "res": true, "term": 1, "next": 1, "commit": 0}}
DEBUG:root:received {"dest":"n3","src":"n1","body":{"msg_id":26,"type":"AppendEntries","term":1,"entries":[[["cas",[1,[0,2]]],1]],"prevIndex":0,"prevTerm":0,"commit":0},"id":112}
WARNING:root:0
[[['pass', None], 0]]
[['pass', None], 0]

DEBUG:root:sending {"dest": "n1", "src": "n3", "body": {"msg_id": 19, "in_reply_to": 26, "type": "AppendEntriesRes", "res": true, "term": 1, "next": 1, "commit": 0}}
DEBUG:root:received {"dest":"n3","src":"n4","body":{"msg_id":30,"type":"AppendEntries","term":1,"prevIndex":0,"prevTerm":1,"entries":[[["cas",[1,[0,2]]],1]],"commit":0},"id":123}
WARNING:root:0
[[['cas', [1, [0, 2]]], 1]]
[['cas', [1, [0, 2]]], 1]

DEBUG:root:sending {"dest": "n4", "src": "n3", "body": {"msg_id": 20, "in_reply_to": 30, "type": "AppendEntriesRes", "res": true, "term": 1, "next": 1, "commit": 0}}
DEBUG:root:received {"dest":"n3","src":"n1","body":{"msg_id":31,"type":"AppendEntries","term":1,"prevIndex":0,"prevTerm":1,"entries":[[["cas",[1,[0,2]]],1]],"commit":0},"id":130}
WARNING:root:0
[[['cas', [1, [0, 2]]], 1]]
[['cas', [1, [0, 2]]], 1]

DEBUG:root:sending {"dest": "n1", "src": "n3", "body": {"msg_id": 21, "in_reply_to": 31, "type": "AppendEntriesRes", "res": true, "term": 1, "next": 1, "commit": 0}}
DEBUG:root:received {"dest":"n3","src":"n4","body":{"msg_id":35,"type":"AppendEntries","term":1,"prevIndex":0,"prevTerm":1,"entries":[[["cas",[1,[0,2]]],1]],"commit":0},"id":140}
WARNING:root:0
[[['cas', [1, [0, 2]]], 1]]
[['cas', [1, [0, 2]]], 1]

DEBUG:root:sending {"dest": "n4", "src": "n3", "body": {"msg_id": 22, "in_reply_to": 35, "type": "AppendEntriesRes", "res": true, "term": 1, "next": 1, "commit": 0}}
DEBUG:root:received {"dest":"n3","src":"n1","body":{"msg_id":36,"type":"AppendEntries","term":1,"prevIndex":0,"prevTerm":1,"entries":[[["cas",[1,[0,2]]],1]],"commit":0},"id":148}
WARNING:root:0
[[['cas', [1, [0, 2]]], 1]]
[['cas', [1, [0, 2]]], 1]

DEBUG:root:sending {"dest": "n1", "src": "n3", "body": {"msg_id": 23, "in_reply_to": 36, "type": "AppendEntriesRes", "res": true, "term": 1, "next": 1, "commit": 0}}
DEBUG:root:received {"dest":"n3","src":"n1","body":{"msg_id":40,"type":"AppendEntries","term":1,"entries":[[["write",[1,0]],1]],"prevIndex":0,"prevTerm":1,"commit":0},"id":157}
WARNING:root:0
[[['cas', [1, [0, 2]]], 1]]
[['cas', [1, [0, 2]]], 1]

DEBUG:root:sending {"dest": "n1", "src": "n3", "body": {"msg_id": 24, "in_reply_to": 40, "type": "AppendEntriesRes", "res": true, "term": 1, "next": 1, "commit": 0}}
DEBUG:root:received {"dest":"n3","src":"n1","body":{"msg_id":44,"type":"AppendEntries","term":1,"prevIndex":0,"prevTerm":1,"entries":[[["cas",[1,[0,2]]],1],[["write",[1,0]],1]],"commit":0},"id":165}
WARNING:root:0
[[['write', [1, 0]], 1]]
[['write', [1, 0]], 1]

DEBUG:root:sending {"dest": "n1", "src": "n3", "body": {"msg_id": 25, "in_reply_to": 44, "type": "AppendEntriesRes", "res": true, "term": 1, "next": 2, "commit": 1}}
DEBUG:root:received {"dest":"n3","src":"n4","body":{"msg_id":42,"type":"AppendEntries","term":1,"entries":[[["write",[1,0]],1],[["write",[1,2]],1]],"prevIndex":0,"prevTerm":1,"commit":1},"id":175}
WARNING:root:0
[[['cas', [1, [0, 2]]], 1], [['write', [1, 0]], 1]]
[['cas', [1, [0, 2]]], 1]

DEBUG:root:sending {"dest": "n4", "src": "n3", "body": {"msg_id": 26, "in_reply_to": 42, "type": "AppendEntriesRes", "res": true, "term": 1, "next": 2, "commit": 1}}
DEBUG:root:received {"dest":"n3","src":"n4","body":{"msg_id":46,"type":"AppendEntries","term":1,"prevIndex":1,"prevTerm":1,"entries":[[["cas",[1,[0,2]]],1],[["write",[1,0]],1],[["write",[1,2]],1]],"commit":1},"id":183}
WARNING:root:1
[[['write', [1, 0]], 1], [['write', [1, 2]], 1]]
[['write', [1, 2]], 1]

DEBUG:root:sending {"dest": "n4", "src": "n3", "body": {"msg_id": 27, "in_reply_to": 46, "type": "AppendEntriesRes", "res": true, "term": 1, "next": 3, "commit": 2}}
DEBUG:root:received {"dest":"n3","src":"n1","body":{"msg_id":50,"type":"AppendEntries","term":1,"prevIndex":1,"prevTerm":1,"entries":[[["cas",[1,[0,2]]],1],[["write",[1,0]],1],[["write",[1,2]],1]],"commit":2},"id":194}
WARNING:root:1
[[['cas', [1, [0, 2]]], 1], [['write', [1, 0]], 1], [['write', [1, 2]], 1]]
[['write', [1, 0]], 1]

DEBUG:root:sending {"dest": "n1", "src": "n3", "body": {"msg_id": 28, "in_reply_to": 50, "type": "AppendEntriesRes", "res": true, "term": 1, "next": 3, "commit": 2}}
DEBUG:root:received {"dest":"n3","src":"n4","body":{"msg_id":51,"type":"AppendEntries","term":1,"prevIndex":2,"prevTerm":1,"entries":[[["cas",[1,[0,2]]],1],[["write",[1,0]],1],[["write",[1,2]],1]],"commit":2},"id":203}
WARNING:root:2
[[['cas', [1, [0, 2]]], 1], [['write', [1, 0]], 1], [['write', [1, 2]], 1]]
[['write', [1, 2]], 1]

DEBUG:root:sending {"dest": "n4", "src": "n3", "body": {"msg_id": 29, "in_reply_to": 51, "type": "AppendEntriesRes", "res": true, "term": 1, "next": 3, "commit": 2}}
DEBUG:root:received {"dest":"n3","src":"n1","body":{"msg_id":56,"type":"AppendEntries","term":1,"prevIndex":2,"prevTerm":1,"entries":[[["cas",[1,[0,2]]],1],[["write",[1,0]],1],[["write",[1,2]],1]],"commit":2},"id":212}
WARNING:root:2
[[['cas', [1, [0, 2]]], 1], [['write', [1, 0]], 1], [['write', [1, 2]], 1]]
[['write', [1, 2]], 1]

DEBUG:root:sending {"dest": "n1", "src": "n3", "body": {"msg_id": 30, "in_reply_to": 56, "type": "AppendEntriesRes", "res": true, "term": 1, "next": 3, "commit": 2}}
