DEBUG:root:received {"dest":"n4","body":{"type":"init","node_id":"n4","node_ids":["n1","n2","n3","n4","n5"],"msg_id":1},"src":"c2","id":2}
INFO:root:node n4 initialized
DEBUG:root:sending {"dest": "c2", "src": "n4", "body": {"msg_id": 1, "in_reply_to": 1, "type": "init_ok"}}
DEBUG:root:sending {"dest": "n1", "src": "n4", "body": {"msg_id": 2, "type": "RequestVote", "term": 1, "prevLogIndex": 0, "lastLogTerm": 0, "candidateId": "n4"}}
DEBUG:root:sending {"dest": "n2", "src": "n4", "body": {"msg_id": 3, "type": "RequestVote", "term": 1, "prevLogIndex": 0, "lastLogTerm": 0, "candidateId": "n4"}}
DEBUG:root:sending {"dest": "n3", "src": "n4", "body": {"msg_id": 4, "type": "RequestVote", "term": 1, "prevLogIndex": 0, "lastLogTerm": 0, "candidateId": "n4"}}
DEBUG:root:sending {"dest": "n4", "src": "n4", "body": {"msg_id": 5, "type": "RequestVote", "term": 1, "prevLogIndex": 0, "lastLogTerm": 0, "candidateId": "n4"}}
DEBUG:root:sending {"dest": "n5", "src": "n4", "body": {"msg_id": 6, "type": "RequestVote", "term": 1, "prevLogIndex": 0, "lastLogTerm": 0, "candidateId": "n4"}}
DEBUG:root:received {"dest":"n4","src":"n4","body":{"msg_id":5,"type":"RequestVote","term":1,"prevLogIndex":0,"lastLogTerm":0,"candidateId":"n4"},"id":13}
DEBUG:root:received {"dest":"n4","src":"n2","body":{"msg_id":5,"type":"RequestVote","term":1,"prevLogIndex":0,"lastLogTerm":0,"candidateId":"n2"},"id":14}
DEBUG:root:sending {"dest": "n4", "src": "n4", "body": {"msg_id": 7, "in_reply_to": 5, "type": "RequestVoteRes", "term": 1, "res": true}}
DEBUG:root:sending {"dest": "n2", "src": "n4", "body": {"msg_id": 8, "in_reply_to": 5, "type": "RequestVoteRes", "term": 1, "res": false}}
DEBUG:root:received {"dest":"n4","src":"n4","body":{"msg_id":7,"in_reply_to":5,"type":"RequestVoteRes","term":1,"res":true},"id":18}
DEBUG:root:received {"dest":"n4","src":"n2","body":{"msg_id":8,"in_reply_to":3,"type":"RequestVoteRes","term":1,"res":false},"id":22}
DEBUG:root:received {"dest":"n4","src":"n5","body":{"msg_id":5,"type":"RequestVote","term":1,"prevLogIndex":0,"lastLogTerm":0,"candidateId":"n5"},"id":25}
DEBUG:root:sending {"dest": "n5", "src": "n4", "body": {"msg_id": 9, "in_reply_to": 5, "type": "RequestVoteRes", "term": 1, "res": false}}
DEBUG:root:received {"dest":"n4","src":"n5","body":{"msg_id":8,"in_reply_to":6,"type":"RequestVoteRes","term":1,"res":false},"id":29}
DEBUG:root:received {"dest":"n4","src":"n3","body":{"msg_id":5,"type":"RequestVote","term":1,"prevLogIndex":0,"lastLogTerm":0,"candidateId":"n3"},"id":36}
DEBUG:root:sending {"dest": "n3", "src": "n4", "body": {"msg_id": 10, "in_reply_to": 5, "type": "RequestVoteRes", "term": 1, "res": false}}
DEBUG:root:received {"dest":"n4","src":"n3","body":{"msg_id":7,"in_reply_to":4,"type":"RequestVoteRes","term":1,"res":true},"id":39}
DEBUG:root:received {"dest":"n4","src":"n1","body":{"msg_id":4,"type":"AppendEntries","term":0,"prevIndex":0,"prevTerm":0,"entries":[[["pass",null],0]],"commit":0},"id":48}
WARNING:root:0
[(('pass', None), 0)]
(('pass', None), 0)

DEBUG:root:sending {"dest": "n1", "src": "n4", "body": {"msg_id": 11, "in_reply_to": 4, "type": "AppendEntriesRes", "res": false, "term": 1}}
DEBUG:root:received {"dest":"n4","src":"n1","body":{"msg_id":6,"in_reply_to":2,"type":"RequestVoteRes","term":1,"res":true},"id":50}
DEBUG:root:sending {"dest": "n1", "src": "n4", "body": {"msg_id": 12, "type": "AppendEntries", "term": 1, "prevIndex": 0, "prevTerm": 0, "entries": [[["pass", null], 0]], "commit": 0}}
DEBUG:root:sending {"dest": "n2", "src": "n4", "body": {"msg_id": 13, "type": "AppendEntries", "term": 1, "prevIndex": 0, "prevTerm": 0, "entries": [[["pass", null], 0]], "commit": 0}}
DEBUG:root:sending {"dest": "n3", "src": "n4", "body": {"msg_id": 14, "type": "AppendEntries", "term": 1, "prevIndex": 0, "prevTerm": 0, "entries": [[["pass", null], 0]], "commit": 0}}
DEBUG:root:sending {"dest": "n5", "src": "n4", "body": {"msg_id": 15, "type": "AppendEntries", "term": 1, "prevIndex": 0, "prevTerm": 0, "entries": [[["pass", null], 0]], "commit": 0}}
DEBUG:root:received {"dest":"n4","src":"n1","body":{"msg_id":11,"type":"AppendEntries","term":1,"prevIndex":-1,"prevTerm":0,"entries":[[["pass",null],0]],"commit":0},"id":63}
WARNING:root:-1
[(('pass', None), 0)]
(('pass', None), 0)

DEBUG:root:received {"dest":"n4","src":"n3","body":{"msg_id":12,"in_reply_to":14,"type":"AppendEntriesRes","res":true,"term":1,"next":1,"commit":0},"id":64}
DEBUG:root:sending {"dest": "n1", "src": "n4", "body": {"msg_id": 16, "in_reply_to": 11, "type": "AppendEntriesRes", "res": true, "term": 1, "next": 1, "commit": 0}}
DEBUG:root:received {"dest":"n4","src":"n5","body":{"msg_id":12,"in_reply_to":15,"type":"AppendEntriesRes","res":true,"term":1,"next":1,"commit":0},"id":65}
DEBUG:root:received {"dest":"n4","src":"n2","body":{"msg_id":12,"in_reply_to":13,"type":"AppendEntriesRes","res":true,"term":1,"next":1,"commit":0},"id":66}
DEBUG:root:received {"dest":"n4","src":"n1","body":{"msg_id":12,"in_reply_to":12,"type":"AppendEntriesRes","res":true,"term":1,"next":1,"commit":0},"id":67}
DEBUG:root:sending {"dest": "n1", "src": "n4", "body": {"msg_id": 17, "type": "AppendEntries", "term": 1, "prevIndex": 0, "prevTerm": 0, "entries": [[["pass", null], 0]], "commit": 0}}
DEBUG:root:sending {"dest": "n2", "src": "n4", "body": {"msg_id": 18, "type": "AppendEntries", "term": 1, "prevIndex": 0, "prevTerm": 0, "entries": [[["pass", null], 0]], "commit": 0}}
DEBUG:root:sending {"dest": "n3", "src": "n4", "body": {"msg_id": 19, "type": "AppendEntries", "term": 1, "prevIndex": 0, "prevTerm": 0, "entries": [[["pass", null], 0]], "commit": 0}}
DEBUG:root:sending {"dest": "n5", "src": "n4", "body": {"msg_id": 20, "type": "AppendEntries", "term": 1, "prevIndex": 0, "prevTerm": 0, "entries": [[["pass", null], 0]], "commit": 0}}
DEBUG:root:received {"dest":"n4","src":"n2","body":{"msg_id":14,"in_reply_to":18,"type":"AppendEntriesRes","res":true,"term":1,"next":1,"commit":0},"id":80}
DEBUG:root:received {"dest":"n4","src":"n1","body":{"msg_id":15,"in_reply_to":17,"type":"AppendEntriesRes","res":true,"term":1,"next":1,"commit":0},"id":81}
DEBUG:root:received {"dest":"n4","src":"n3","body":{"msg_id":15,"in_reply_to":19,"type":"AppendEntriesRes","res":true,"term":1,"next":1,"commit":0},"id":82}
DEBUG:root:received {"dest":"n4","src":"n5","body":{"msg_id":14,"in_reply_to":20,"type":"AppendEntriesRes","res":true,"term":1,"next":1,"commit":0},"id":83}
DEBUG:root:received {"dest":"n4","src":"n1","body":{"msg_id":18,"type":"AppendEntries","term":1,"prevIndex":0,"prevTerm":0,"entries":[[["pass",null],0]],"commit":0},"id":86}
WARNING:root:0
[[['pass', None], 0]]
[['pass', None], 0]

DEBUG:root:sending {"dest": "n1", "src": "n4", "body": {"msg_id": 21, "in_reply_to": 18, "type": "AppendEntriesRes", "res": true, "term": 1, "next": 1, "commit": 0}}
Exception in thread Thread-1:
Traceback (most recent call last):
  File "/usr/lib/python3.10/threading.py", line 1009, in _bootstrap_inner
    self.run()
  File "/usr/lib/python3.10/threading.py", line 1371, in run
    self.function(*self.args, **self.kwargs)
TypeError: election_checker() missing 2 required positional arguments: 'min_time' and 'max_time'
DEBUG:root:sending {"dest": "n1", "src": "n4", "body": {"msg_id": 22, "type": "AppendEntries", "term": 1, "prevIndex": 0, "prevTerm": 0, "entries": [[["pass", null], 0]], "commit": 0}}
DEBUG:root:sending {"dest": "n2", "src": "n4", "body": {"msg_id": 23, "type": "AppendEntries", "term": 1, "prevIndex": 0, "prevTerm": 0, "entries": [[["pass", null], 0]], "commit": 0}}
DEBUG:root:sending {"dest": "n3", "src": "n4", "body": {"msg_id": 24, "type": "AppendEntries", "term": 1, "prevIndex": 0, "prevTerm": 0, "entries": [[["pass", null], 0]], "commit": 0}}
DEBUG:root:sending {"dest": "n5", "src": "n4", "body": {"msg_id": 25, "type": "AppendEntries", "term": 1, "prevIndex": 0, "prevTerm": 0, "entries": [[["pass", null], 0]], "commit": 0}}
DEBUG:root:received {"dest":"n4","src":"n1","body":{"msg_id":20,"in_reply_to":22,"type":"AppendEntriesRes","res":true,"term":1,"next":1,"commit":0},"id":98}
DEBUG:root:received {"dest":"n4","src":"n2","body":{"msg_id":16,"in_reply_to":23,"type":"AppendEntriesRes","res":true,"term":1,"next":1,"commit":0},"id":99}
DEBUG:root:received {"dest":"n4","src":"n3","body":{"msg_id":17,"in_reply_to":24,"type":"AppendEntriesRes","res":true,"term":1,"next":1,"commit":0},"id":100}
DEBUG:root:received {"dest":"n4","src":"n5","body":{"msg_id":17,"in_reply_to":25,"type":"AppendEntriesRes","res":true,"term":1,"next":1,"commit":0},"id":101}
DEBUG:root:received {"dest":"n4","src":"n1","body":{"msg_id":23,"type":"AppendEntries","term":1,"prevIndex":0,"prevTerm":0,"entries":[[["pass",null],0]],"commit":0},"id":104}
WARNING:root:0
[[['pass', None], 0]]
[['pass', None], 0]

DEBUG:root:sending {"dest": "n1", "src": "n4", "body": {"msg_id": 26, "in_reply_to": 23, "type": "AppendEntriesRes", "res": true, "term": 1, "next": 1, "commit": 0}}
DEBUG:root:received {"dest":"n4","src":"n1","body":{"msg_id":27,"type":"AppendEntries","term":1,"entries":[[["cas",[1,[0,2]]],1]],"prevIndex":0,"prevTerm":0,"commit":0},"id":113}
WARNING:root:0
[[['pass', None], 0]]
[['pass', None], 0]

DEBUG:root:sending {"dest": "n1", "src": "n4", "body": {"msg_id": 27, "in_reply_to": 27, "type": "AppendEntriesRes", "res": true, "term": 1, "next": 1, "commit": 0}}
DEBUG:root:sending {"dest": "n1", "src": "n4", "body": {"msg_id": 28, "type": "AppendEntries", "term": 1, "prevIndex": 0, "prevTerm": 1, "entries": [[["cas", [1, [0, 2]]], 1]], "commit": 0}}
DEBUG:root:sending {"dest": "n2", "src": "n4", "body": {"msg_id": 29, "type": "AppendEntries", "term": 1, "prevIndex": 0, "prevTerm": 1, "entries": [[["cas", [1, [0, 2]]], 1]], "commit": 0}}
DEBUG:root:sending {"dest": "n3", "src": "n4", "body": {"msg_id": 30, "type": "AppendEntries", "term": 1, "prevIndex": 0, "prevTerm": 1, "entries": [[["cas", [1, [0, 2]]], 1]], "commit": 0}}
DEBUG:root:sending {"dest": "n5", "src": "n4", "body": {"msg_id": 31, "type": "AppendEntries", "term": 1, "prevIndex": 0, "prevTerm": 1, "entries": [[["cas", [1, [0, 2]]], 1]], "commit": 0}}
DEBUG:root:received {"dest":"n4","src":"n1","body":{"msg_id":29,"in_reply_to":28,"type":"AppendEntriesRes","res":true,"term":1,"next":1,"commit":0},"id":125}
DEBUG:root:received {"dest":"n4","src":"n2","body":{"msg_id":19,"in_reply_to":29,"type":"AppendEntriesRes","res":true,"term":1,"next":1,"commit":0},"id":126}
DEBUG:root:received {"dest":"n4","src":"n3","body":{"msg_id":20,"in_reply_to":30,"type":"AppendEntriesRes","res":true,"term":1,"next":1,"commit":0},"id":127}
DEBUG:root:received {"dest":"n4","src":"n5","body":{"msg_id":21,"in_reply_to":31,"type":"AppendEntriesRes","res":true,"term":1,"next":1,"commit":0},"id":128}
DEBUG:root:received {"dest":"n4","src":"n1","body":{"msg_id":32,"type":"AppendEntries","term":1,"prevIndex":0,"prevTerm":1,"entries":[[["cas",[1,[0,2]]],1]],"commit":0},"id":131}
WARNING:root:0
[[['cas', [1, [0, 2]]], 1]]
[['cas', [1, [0, 2]]], 1]

DEBUG:root:sending {"dest": "n1", "src": "n4", "body": {"msg_id": 32, "in_reply_to": 32, "type": "AppendEntriesRes", "res": true, "term": 1, "next": 1, "commit": 0}}
DEBUG:root:sending {"dest": "n1", "src": "n4", "body": {"msg_id": 33, "type": "AppendEntries", "term": 1, "prevIndex": 0, "prevTerm": 1, "entries": [[["cas", [1, [0, 2]]], 1]], "commit": 0}}
DEBUG:root:sending {"dest": "n2", "src": "n4", "body": {"msg_id": 34, "type": "AppendEntries", "term": 1, "prevIndex": 0, "prevTerm": 1, "entries": [[["cas", [1, [0, 2]]], 1]], "commit": 0}}
DEBUG:root:sending {"dest": "n3", "src": "n4", "body": {"msg_id": 35, "type": "AppendEntries", "term": 1, "prevIndex": 0, "prevTerm": 1, "entries": [[["cas", [1, [0, 2]]], 1]], "commit": 0}}
DEBUG:root:sending {"dest": "n5", "src": "n4", "body": {"msg_id": 36, "type": "AppendEntries", "term": 1, "prevIndex": 0, "prevTerm": 1, "entries": [[["cas", [1, [0, 2]]], 1]], "commit": 0}}
DEBUG:root:received {"dest":"n4","src":"n1","body":{"msg_id":34,"in_reply_to":33,"type":"AppendEntriesRes","res":true,"term":1,"next":1,"commit":0},"id":142}
DEBUG:root:received {"dest":"n4","src":"n3","body":{"msg_id":22,"in_reply_to":35,"type":"AppendEntriesRes","res":true,"term":1,"next":1,"commit":0},"id":144}
DEBUG:root:received {"dest":"n4","src":"n2","body":{"msg_id":22,"in_reply_to":34,"type":"AppendEntriesRes","res":true,"term":1,"next":1,"commit":0},"id":145}
DEBUG:root:received {"dest":"n4","src":"n5","body":{"msg_id":23,"in_reply_to":36,"type":"AppendEntriesRes","res":true,"term":1,"next":1,"commit":0},"id":146}
DEBUG:root:received {"dest":"n4","src":"n1","body":{"msg_id":37,"type":"AppendEntries","term":1,"prevIndex":0,"prevTerm":1,"entries":[[["cas",[1,[0,2]]],1]],"commit":0},"id":149}
WARNING:root:0
[[['cas', [1, [0, 2]]], 1]]
[['cas', [1, [0, 2]]], 1]

DEBUG:root:sending {"dest": "n1", "src": "n4", "body": {"msg_id": 37, "in_reply_to": 37, "type": "AppendEntriesRes", "res": true, "term": 1, "next": 1, "commit": 0}}
DEBUG:root:received {"dest":"n4","src":"n1","body":{"msg_id":41,"type":"AppendEntries","term":1,"entries":[[["write",[1,0]],1]],"prevIndex":0,"prevTerm":1,"commit":0},"id":158}
WARNING:root:0
[[['cas', [1, [0, 2]]], 1]]
[['cas', [1, [0, 2]]], 1]

DEBUG:root:sending {"dest": "n1", "src": "n4", "body": {"msg_id": 38, "in_reply_to": 41, "type": "AppendEntriesRes", "res": true, "term": 1, "next": 1, "commit": 0}}
DEBUG:root:received {"dest":"n4","src":"n1","body":{"msg_id":45,"type":"AppendEntries","term":1,"prevIndex":0,"prevTerm":1,"entries":[[["cas",[1,[0,2]]],1],[["write",[1,0]],1]],"commit":0},"id":166}
WARNING:root:0
[[['write', [1, 0]], 1]]
[['write', [1, 0]], 1]

DEBUG:root:sending {"dest": "n1", "src": "n4", "body": {"msg_id": 39, "in_reply_to": 45, "type": "AppendEntriesRes", "res": true, "term": 1, "next": 2, "commit": 1}}
DEBUG:root:received {"dest":"n4","body":{"key":1,"value":2,"type":"write","msg_id":1},"src":"c15","id":172}
DEBUG:root:sending {"dest": "n1", "src": "n4", "body": {"msg_id": 40, "type": "AppendEntries", "term": 1, "entries": [[["write", [1, 0]], 1], [["write", [1, 2]], 1]], "prevIndex": 0, "prevTerm": 1, "commit": 1}}
DEBUG:root:sending {"dest": "n2", "src": "n4", "body": {"msg_id": 41, "type": "AppendEntries", "term": 1, "entries": [[["write", [1, 0]], 1], [["write", [1, 2]], 1]], "prevIndex": 0, "prevTerm": 1, "commit": 1}}
DEBUG:root:sending {"dest": "n3", "src": "n4", "body": {"msg_id": 42, "type": "AppendEntries", "term": 1, "entries": [[["write", [1, 0]], 1], [["write", [1, 2]], 1]], "prevIndex": 0, "prevTerm": 1, "commit": 1}}
DEBUG:root:sending {"dest": "n5", "src": "n4", "body": {"msg_id": 43, "type": "AppendEntries", "term": 1, "entries": [[["write", [1, 0]], 1], [["write", [1, 2]], 1]], "prevIndex": 0, "prevTerm": 1, "commit": 1}}
DEBUG:root:received {"dest":"n4","src":"n1","body":{"msg_id":47,"in_reply_to":40,"type":"AppendEntriesRes","res":true,"term":1,"next":2,"commit":1},"id":176}
DEBUG:root:received {"dest":"n4","src":"n2","body":{"msg_id":26,"in_reply_to":41,"type":"AppendEntriesRes","res":true,"term":1,"next":2,"commit":1},"id":178}
DEBUG:root:received {"dest":"n4","src":"n3","body":{"msg_id":26,"in_reply_to":42,"type":"AppendEntriesRes","res":true,"term":1,"next":2,"commit":1},"id":179}
DEBUG:root:received {"dest":"n4","src":"n5","body":{"msg_id":27,"in_reply_to":43,"type":"AppendEntriesRes","res":true,"term":1,"next":2,"commit":1},"id":180}
DEBUG:root:sending {"dest": "n1", "src": "n4", "body": {"msg_id": 44, "type": "AppendEntries", "term": 1, "prevIndex": 1, "prevTerm": 1, "entries": [[["cas", [1, [0, 2]]], 1], [["write", [1, 0]], 1], [["write", [1, 2]], 1]], "commit": 1}}
DEBUG:root:sending {"dest": "n2", "src": "n4", "body": {"msg_id": 45, "type": "AppendEntries", "term": 1, "prevIndex": 1, "prevTerm": 1, "entries": [[["cas", [1, [0, 2]]], 1], [["write", [1, 0]], 1], [["write", [1, 2]], 1]], "commit": 1}}
DEBUG:root:sending {"dest": "n3", "src": "n4", "body": {"msg_id": 46, "type": "AppendEntries", "term": 1, "prevIndex": 1, "prevTerm": 1, "entries": [[["cas", [1, [0, 2]]], 1], [["write", [1, 0]], 1], [["write", [1, 2]], 1]], "commit": 1}}
DEBUG:root:sending {"dest": "n5", "src": "n4", "body": {"msg_id": 47, "type": "AppendEntries", "term": 1, "prevIndex": 1, "prevTerm": 1, "entries": [[["cas", [1, [0, 2]]], 1], [["write", [1, 0]], 1], [["write", [1, 2]], 1]], "commit": 1}}
DEBUG:root:received {"dest":"n4","src":"n1","body":{"msg_id":48,"in_reply_to":44,"type":"AppendEntriesRes","res":true,"term":1,"next":3,"commit":2},"id":185}
DEBUG:root:received {"dest":"n4","src":"n2","body":{"msg_id":27,"in_reply_to":45,"type":"AppendEntriesRes","res":true,"term":1,"next":3,"commit":2},"id":186}
DEBUG:root:received {"dest":"n4","src":"n3","body":{"msg_id":27,"in_reply_to":46,"type":"AppendEntriesRes","res":true,"term":1,"next":3,"commit":2},"id":187}
DEBUG:root:received {"dest":"n4","src":"n5","body":{"msg_id":28,"in_reply_to":47,"type":"AppendEntriesRes","res":true,"term":1,"next":3,"commit":2},"id":188}
WARNING:root:380
[[['cas', [1, [0, 2]]], 1], [['write', [1, 0]], 1], (('write', (1, 2)), 1)]
{2: namespace(dest='n4', body=namespace(key=1, value=2, type='write', msg_id=1), src='c15', id=172)}
1
{'n1': 2, 'n2': 2, 'n3': 2, 'n4': 0, 'n5': 1}
3
3

DEBUG:root:received {"dest":"n4","src":"n1","body":{"msg_id":51,"type":"AppendEntries","term":1,"prevIndex":1,"prevTerm":1,"entries":[[["cas",[1,[0,2]]],1],[["write",[1,0]],1],[["write",[1,2]],1]],"commit":2},"id":195}
WARNING:root:1
[[['cas', [1, [0, 2]]], 1], [['write', [1, 0]], 1], (('write', (1, 2)), 1)]
[['write', [1, 0]], 1]

DEBUG:root:sending {"dest": "n1", "src": "n4", "body": {"msg_id": 48, "in_reply_to": 51, "type": "AppendEntriesRes", "res": true, "term": 1, "next": 3, "commit": 2}}
DEBUG:root:sending {"dest": "n1", "src": "n4", "body": {"msg_id": 49, "type": "AppendEntries", "term": 1, "prevIndex": 2, "prevTerm": 1, "entries": [[["cas", [1, [0, 2]]], 1], [["write", [1, 0]], 1], [["write", [1, 2]], 1]], "commit": 2}}
DEBUG:root:sending {"dest": "n2", "src": "n4", "body": {"msg_id": 50, "type": "AppendEntries", "term": 1, "prevIndex": 2, "prevTerm": 1, "entries": [[["cas", [1, [0, 2]]], 1], [["write", [1, 0]], 1], [["write", [1, 2]], 1]], "commit": 2}}
DEBUG:root:sending {"dest": "n3", "src": "n4", "body": {"msg_id": 51, "type": "AppendEntries", "term": 1, "prevIndex": 2, "prevTerm": 1, "entries": [[["cas", [1, [0, 2]]], 1], [["write", [1, 0]], 1], [["write", [1, 2]], 1]], "commit": 2}}
DEBUG:root:sending {"dest": "n5", "src": "n4", "body": {"msg_id": 52, "type": "AppendEntries", "term": 1, "prevIndex": 2, "prevTerm": 1, "entries": [[["cas", [1, [0, 2]]], 1], [["write", [1, 0]], 1], [["write", [1, 2]], 1]], "commit": 2}}
DEBUG:root:received {"dest":"n4","src":"n1","body":{"msg_id":53,"in_reply_to":49,"type":"AppendEntriesRes","res":true,"term":1,"next":3,"commit":2},"id":205}
DEBUG:root:received {"dest":"n4","src":"n2","body":{"msg_id":30,"in_reply_to":50,"type":"AppendEntriesRes","res":true,"term":1,"next":3,"commit":2},"id":206}
DEBUG:root:received {"dest":"n4","src":"n3","body":{"msg_id":29,"in_reply_to":51,"type":"AppendEntriesRes","res":true,"term":1,"next":3,"commit":2},"id":207}
DEBUG:root:received {"dest":"n4","src":"n5","body":{"msg_id":31,"in_reply_to":52,"type":"AppendEntriesRes","res":true,"term":1,"next":3,"commit":2},"id":208}
DEBUG:root:received {"dest":"n4","src":"n1","body":{"msg_id":57,"type":"AppendEntries","term":1,"prevIndex":2,"prevTerm":1,"entries":[[["cas",[1,[0,2]]],1],[["write",[1,0]],1],[["write",[1,2]],1]],"commit":2},"id":213}
WARNING:root:2
[[['cas', [1, [0, 2]]], 1], [['write', [1, 0]], 1], [['write', [1, 2]], 1]]
[['write', [1, 2]], 1]

DEBUG:root:sending {"dest": "n1", "src": "n4", "body": {"msg_id": 53, "in_reply_to": 57, "type": "AppendEntriesRes", "res": true, "term": 1, "next": 3, "commit": 2}}
