DEBUG:root:received {"dest":"n5","body":{"type":"init","node_id":"n5","node_ids":["n1","n2","n3","n4","n5"],"msg_id":1},"src":"c3","id":3}
INFO:root:node n5 initialized
DEBUG:root:sending {"dest": "c3", "src": "n5", "body": {"msg_id": 1, "in_reply_to": 1, "type": "init_ok"}}
DEBUG:root:sending {"dest": "n1", "src": "n5", "body": {"msg_id": 2, "type": "RequestVote", "term": 1, "prevLogIndex": 0, "lastLogTerm": 0, "candidateId": "n5"}}
DEBUG:root:received {"dest":"n5","src":"n2","body":{"msg_id":6,"type":"RequestVote","term":1,"prevLogIndex":0,"lastLogTerm":0,"candidateId":"n2"},"id":15}
DEBUG:root:received {"dest":"n5","src":"n4","body":{"msg_id":6,"type":"RequestVote","term":1,"prevLogIndex":0,"lastLogTerm":0,"candidateId":"n4"},"id":17}
DEBUG:root:sending {"dest": "n2", "src": "n5", "body": {"msg_id": 3, "type": "RequestVote", "term": 1, "prevLogIndex": 0, "lastLogTerm": 0, "candidateId": "n5"}}
DEBUG:root:sending {"dest": "n3", "src": "n5", "body": {"msg_id": 4, "type": "RequestVote", "term": 1, "prevLogIndex": 0, "lastLogTerm": 0, "candidateId": "n5"}}
DEBUG:root:sending {"dest": "n4", "src": "n5", "body": {"msg_id": 5, "type": "RequestVote", "term": 1, "prevLogIndex": 0, "lastLogTerm": 0, "candidateId": "n5"}}
DEBUG:root:sending {"dest": "n5", "src": "n5", "body": {"msg_id": 6, "type": "RequestVote", "term": 1, "prevLogIndex": 0, "lastLogTerm": 0, "candidateId": "n5"}}
DEBUG:root:sending {"dest": "n2", "src": "n5", "body": {"msg_id": 7, "in_reply_to": 6, "type": "RequestVoteRes", "term": 1, "res": true}}
DEBUG:root:sending {"dest": "n4", "src": "n5", "body": {"msg_id": 8, "in_reply_to": 6, "type": "RequestVoteRes", "term": 1, "res": false}}
DEBUG:root:received {"dest":"n5","src":"n5","body":{"msg_id":6,"type":"RequestVote","term":1,"prevLogIndex":0,"lastLogTerm":0,"candidateId":"n5"},"id":27}
DEBUG:root:received {"dest":"n5","src":"n2","body":{"msg_id":9,"in_reply_to":3,"type":"RequestVoteRes","term":1,"res":false},"id":26}
DEBUG:root:sending {"dest": "n5", "src": "n5", "body": {"msg_id": 9, "in_reply_to": 6, "type": "RequestVoteRes", "term": 1, "res": false}}
DEBUG:root:received {"dest":"n5","src":"n4","body":{"msg_id":9,"in_reply_to":5,"type":"RequestVoteRes","term":1,"res":false},"id":30}
DEBUG:root:received {"dest":"n5","src":"n5","body":{"msg_id":9,"in_reply_to":6,"type":"RequestVoteRes","term":1,"res":false},"id":32}
DEBUG:root:received {"dest":"n5","src":"n3","body":{"msg_id":6,"type":"RequestVote","term":1,"prevLogIndex":0,"lastLogTerm":0,"candidateId":"n3"},"id":37}
DEBUG:root:sending {"dest": "n3", "src": "n5", "body": {"msg_id": 10, "in_reply_to": 6, "type": "RequestVoteRes", "term": 1, "res": false}}
DEBUG:root:received {"dest":"n5","src":"n3","body":{"msg_id":9,"in_reply_to":4,"type":"RequestVoteRes","term":1,"res":false},"id":41}
DEBUG:root:received {"dest":"n5","src":"n1","body":{"msg_id":5,"type":"AppendEntries","term":0,"prevIndex":0,"prevTerm":0,"entries":[[["pass",null],0]],"commit":0},"id":49}
WARNING:root:0
[(('pass', None), 0)]
(('pass', None), 0)

DEBUG:root:received {"dest":"n5","src":"n1","body":{"msg_id":8,"in_reply_to":2,"type":"RequestVoteRes","term":1,"res":false},"id":54}
DEBUG:root:sending {"dest": "n1", "src": "n5", "body": {"msg_id": 11, "in_reply_to": 5, "type": "AppendEntriesRes", "res": false, "term": 1}}
DEBUG:root:received {"dest":"n5","src":"n4","body":{"msg_id":15,"type":"AppendEntries","term":1,"prevIndex":0,"prevTerm":0,"entries":[[["pass",null],0]],"commit":0},"id":60}
WARNING:root:0
[(('pass', None), 0)]
(('pass', None), 0)

DEBUG:root:sending {"dest": "n4", "src": "n5", "body": {"msg_id": 12, "in_reply_to": 15, "type": "AppendEntriesRes", "res": true, "term": 1, "next": 1, "commit": 0}}
DEBUG:root:received {"dest":"n5","src":"n1","body":{"msg_id":13,"type":"AppendEntries","term":1,"prevIndex":-1,"prevTerm":0,"entries":[[["pass",null],0]],"commit":0},"id":69}
WARNING:root:-1
[[['pass', None], 0]]
[['pass', None], 0]

DEBUG:root:sending {"dest": "n1", "src": "n5", "body": {"msg_id": 13, "in_reply_to": 13, "type": "AppendEntriesRes", "res": true, "term": 1, "next": 1, "commit": 0}}
Exception in thread Thread-1:
Traceback (most recent call last):
  File "/usr/lib/python3.10/threading.py", line 1009, in _bootstrap_inner
    self.run()
  File "/usr/lib/python3.10/threading.py", line 1371, in run
    self.function(*self.args, **self.kwargs)
TypeError: election_checker() missing 2 required positional arguments: 'min_time' and 'max_time'
DEBUG:root:received {"dest":"n5","src":"n4","body":{"msg_id":20,"type":"AppendEntries","term":1,"prevIndex":0,"prevTerm":0,"entries":[[["pass",null],0]],"commit":0},"id":79}
WARNING:root:0
[[['pass', None], 0]]
[['pass', None], 0]

DEBUG:root:sending {"dest": "n4", "src": "n5", "body": {"msg_id": 14, "in_reply_to": 20, "type": "AppendEntriesRes", "res": true, "term": 1, "next": 1, "commit": 0}}
DEBUG:root:received {"dest":"n5","src":"n1","body":{"msg_id":19,"type":"AppendEntries","term":1,"prevIndex":0,"prevTerm":0,"entries":[[["pass",null],0]],"commit":0},"id":87}
WARNING:root:0
[[['pass', None], 0]]
[['pass', None], 0]

DEBUG:root:sending {"dest": "n1", "src": "n5", "body": {"msg_id": 15, "in_reply_to": 19, "type": "AppendEntriesRes", "res": true, "term": 1, "next": 1, "commit": 0}}
DEBUG:root:received {"dest":"n5","body":{"key":0,"type":"read","msg_id":1},"src":"c11","id":92}
DEBUG:root:sending {"dest": "c11", "src": "n5", "body": {"msg_id": 16, "in_reply_to": 1, "type": "error", "code": 11, "text": "Not Leader"}}
DEBUG:root:received {"dest":"n5","src":"n4","body":{"msg_id":25,"type":"AppendEntries","term":1,"prevIndex":0,"prevTerm":0,"entries":[[["pass",null],0]],"commit":0},"id":97}
WARNING:root:0
[[['pass', None], 0]]
[['pass', None], 0]

DEBUG:root:sending {"dest": "n4", "src": "n5", "body": {"msg_id": 17, "in_reply_to": 25, "type": "AppendEntriesRes", "res": true, "term": 1, "next": 1, "commit": 0}}
DEBUG:root:received {"dest":"n5","src":"n1","body":{"msg_id":24,"type":"AppendEntries","term":1,"prevIndex":0,"prevTerm":0,"entries":[[["pass",null],0]],"commit":0},"id":105}
WARNING:root:0
[[['pass', None], 0]]
[['pass', None], 0]

DEBUG:root:sending {"dest": "n1", "src": "n5", "body": {"msg_id": 18, "in_reply_to": 24, "type": "AppendEntriesRes", "res": true, "term": 1, "next": 1, "commit": 0}}
DEBUG:root:received {"dest":"n5","src":"n1","body":{"msg_id":28,"type":"AppendEntries","term":1,"entries":[[["cas",[1,[0,2]]],1]],"prevIndex":0,"prevTerm":0,"commit":0},"id":115}
WARNING:root:0
[[['pass', None], 0]]
[['pass', None], 0]

DEBUG:root:sending {"dest": "n1", "src": "n5", "body": {"msg_id": 19, "in_reply_to": 28, "type": "AppendEntriesRes", "res": true, "term": 1, "next": 1, "commit": 0}}
DEBUG:root:received {"dest":"n5","body":{"key":0,"type":"read","msg_id":2},"src":"c11","id":119}
DEBUG:root:sending {"dest": "c11", "src": "n5", "body": {"msg_id": 20, "in_reply_to": 2, "type": "error", "code": 11, "text": "Not Leader"}}
DEBUG:root:received {"dest":"n5","src":"n4","body":{"msg_id":31,"type":"AppendEntries","term":1,"prevIndex":0,"prevTerm":1,"entries":[[["cas",[1,[0,2]]],1]],"commit":0},"id":124}
WARNING:root:0
[[['cas', [1, [0, 2]]], 1]]
[['cas', [1, [0, 2]]], 1]

DEBUG:root:sending {"dest": "n4", "src": "n5", "body": {"msg_id": 21, "in_reply_to": 31, "type": "AppendEntriesRes", "res": true, "term": 1, "next": 1, "commit": 0}}
DEBUG:root:received {"dest":"n5","src":"n1","body":{"msg_id":33,"type":"AppendEntries","term":1,"prevIndex":0,"prevTerm":1,"entries":[[["cas",[1,[0,2]]],1]],"commit":0},"id":133}
WARNING:root:0
[[['cas', [1, [0, 2]]], 1]]
[['cas', [1, [0, 2]]], 1]

DEBUG:root:sending {"dest": "n1", "src": "n5", "body": {"msg_id": 22, "in_reply_to": 33, "type": "AppendEntriesRes", "res": true, "term": 1, "next": 1, "commit": 0}}
DEBUG:root:received {"dest":"n5","src":"n4","body":{"msg_id":36,"type":"AppendEntries","term":1,"prevIndex":0,"prevTerm":1,"entries":[[["cas",[1,[0,2]]],1]],"commit":0},"id":141}
WARNING:root:0
[[['cas', [1, [0, 2]]], 1]]
[['cas', [1, [0, 2]]], 1]

DEBUG:root:sending {"dest": "n4", "src": "n5", "body": {"msg_id": 23, "in_reply_to": 36, "type": "AppendEntriesRes", "res": true, "term": 1, "next": 1, "commit": 0}}
DEBUG:root:received {"dest":"n5","src":"n1","body":{"msg_id":38,"type":"AppendEntries","term":1,"prevIndex":0,"prevTerm":1,"entries":[[["cas",[1,[0,2]]],1]],"commit":0},"id":150}
WARNING:root:0
[[['cas', [1, [0, 2]]], 1]]
[['cas', [1, [0, 2]]], 1]

DEBUG:root:sending {"dest": "n1", "src": "n5", "body": {"msg_id": 24, "in_reply_to": 38, "type": "AppendEntriesRes", "res": true, "term": 1, "next": 1, "commit": 0}}
DEBUG:root:received {"dest":"n5","src":"n1","body":{"msg_id":42,"type":"AppendEntries","term":1,"entries":[[["write",[1,0]],1]],"prevIndex":0,"prevTerm":1,"commit":0},"id":159}
WARNING:root:0
[[['cas', [1, [0, 2]]], 1]]
[['cas', [1, [0, 2]]], 1]

DEBUG:root:sending {"dest": "n1", "src": "n5", "body": {"msg_id": 25, "in_reply_to": 42, "type": "AppendEntriesRes", "res": true, "term": 1, "next": 1, "commit": 0}}
DEBUG:root:received {"dest":"n5","src":"n1","body":{"msg_id":46,"type":"AppendEntries","term":1,"prevIndex":0,"prevTerm":1,"entries":[[["cas",[1,[0,2]]],1],[["write",[1,0]],1]],"commit":0},"id":168}
WARNING:root:0
[[['write', [1, 0]], 1]]
[['write', [1, 0]], 1]

DEBUG:root:sending {"dest": "n1", "src": "n5", "body": {"msg_id": 26, "in_reply_to": 46, "type": "AppendEntriesRes", "res": true, "term": 1, "next": 2, "commit": 1}}
DEBUG:root:received {"dest":"n5","src":"n4","body":{"msg_id":43,"type":"AppendEntries","term":1,"entries":[[["write",[1,0]],1],[["write",[1,2]],1]],"prevIndex":0,"prevTerm":1,"commit":1},"id":177}
WARNING:root:0
[[['cas', [1, [0, 2]]], 1], [['write', [1, 0]], 1]]
[['cas', [1, [0, 2]]], 1]

DEBUG:root:sending {"dest": "n4", "src": "n5", "body": {"msg_id": 27, "in_reply_to": 43, "type": "AppendEntriesRes", "res": true, "term": 1, "next": 2, "commit": 1}}
DEBUG:root:received {"dest":"n5","src":"n4","body":{"msg_id":47,"type":"AppendEntries","term":1,"prevIndex":1,"prevTerm":1,"entries":[[["cas",[1,[0,2]]],1],[["write",[1,0]],1],[["write",[1,2]],1]],"commit":1},"id":184}
WARNING:root:1
[[['write', [1, 0]], 1], [['write', [1, 2]], 1]]
[['write', [1, 2]], 1]

DEBUG:root:sending {"dest": "n4", "src": "n5", "body": {"msg_id": 28, "in_reply_to": 47, "type": "AppendEntriesRes", "res": true, "term": 1, "next": 3, "commit": 2}}
DEBUG:root:received {"dest":"n5","body":{"key":0,"type":"read","msg_id":3},"src":"c11","id":191}
DEBUG:root:sending {"dest": "c11", "src": "n5", "body": {"msg_id": 29, "in_reply_to": 3, "type": "error", "code": 11, "text": "Not Leader"}}
DEBUG:root:received {"dest":"n5","src":"n1","body":{"msg_id":52,"type":"AppendEntries","term":1,"prevIndex":1,"prevTerm":1,"entries":[[["cas",[1,[0,2]]],1],[["write",[1,0]],1],[["write",[1,2]],1]],"commit":2},"id":196}
WARNING:root:1
[[['cas', [1, [0, 2]]], 1], [['write', [1, 0]], 1], [['write', [1, 2]], 1]]
[['write', [1, 0]], 1]

DEBUG:root:sending {"dest": "n1", "src": "n5", "body": {"msg_id": 30, "in_reply_to": 52, "type": "AppendEntriesRes", "res": true, "term": 1, "next": 3, "commit": 2}}
DEBUG:root:received {"dest":"n5","src":"n4","body":{"msg_id":52,"type":"AppendEntries","term":1,"prevIndex":2,"prevTerm":1,"entries":[[["cas",[1,[0,2]]],1],[["write",[1,0]],1],[["write",[1,2]],1]],"commit":2},"id":204}
WARNING:root:2
[[['cas', [1, [0, 2]]], 1], [['write', [1, 0]], 1], [['write', [1, 2]], 1]]
[['write', [1, 2]], 1]

DEBUG:root:sending {"dest": "n4", "src": "n5", "body": {"msg_id": 31, "in_reply_to": 52, "type": "AppendEntriesRes", "res": true, "term": 1, "next": 3, "commit": 2}}
DEBUG:root:received {"dest":"n5","src":"n1","body":{"msg_id":58,"type":"AppendEntries","term":1,"prevIndex":2,"prevTerm":1,"entries":[[["cas",[1,[0,2]]],1],[["write",[1,0]],1],[["write",[1,2]],1]],"commit":2},"id":214}
WARNING:root:2
[[['cas', [1, [0, 2]]], 1], [['write', [1, 0]], 1], [['write', [1, 2]], 1]]
[['write', [1, 2]], 1]

DEBUG:root:sending {"dest": "n1", "src": "n5", "body": {"msg_id": 32, "in_reply_to": 58, "type": "AppendEntriesRes", "res": true, "term": 1, "next": 3, "commit": 2}}
