2022-05-03 15:18:25,949{GMT}	INFO	[jepsen test runner] jepsen.core: Test version ba6f9e66132a8e6051301f5fc7fd18e877f6bddb (plus uncommitted changes)
2022-05-03 15:18:25,949{GMT}	INFO	[jepsen test runner] jepsen.core: Command line:
lein run test --bin raft.py --workload lin-kv --concurrency 4n --time-limit 2
2022-05-03 15:18:26,023{GMT}	INFO	[jepsen test runner] jepsen.core: Running test:
{:remote #jepsen.control.SSHRemote{:session nil}
 :log-net-send false
 :node-count nil
 :max-txn-length 4
 :concurrency 20
 :db
 #object[maelstrom.db$db$reify__16747
         "0xcf0e8b4"
         "maelstrom.db$db$reify__16747@cf0e8b4"]
 :max-writes-per-key 16
 :leave-db-running? false
 :name "lin-kv"
 :logging-json? false
 :net-journal #object[clojure.lang.Atom "0x51a7ee4e" {:status :ready, :val []}]
 :start-time
 #object[org.joda.time.DateTime "0x424c8ebe" "2022-05-03T15:18:25.000+01:00"]
 :nemesis-interval 10
 :net
 #object[maelstrom.net$jepsen_adapter$reify__15560
         "0x7aafac17"
         "maelstrom.net$jepsen_adapter$reify__15560@7aafac17"]
 :client
 #object[maelstrom.workload.lin_kv$client$reify__17524
         "0x3054551f"
         "maelstrom.workload.lin_kv$client$reify__17524@3054551f"]
 :barrier
 #object[java.util.concurrent.CyclicBarrier
         "0x6b8cfbeb"
         "java.util.concurrent.CyclicBarrier@6b8cfbeb"]
 :log-stderr false
 :pure-generators true
 :ssh {:dummy? true}
 :rate 5
 :checker
 #object[jepsen.checker$compose$reify__8612
         "0x4603845b"
         "jepsen.checker$compose$reify__8612@4603845b"]
 :argv
 ("test"
  "--bin"
  "raft.py"
  "--workload"
  "lin-kv"
  "--concurrency"
  "4n"
  "--time-limit"
  "2")
 :nemesis
 (jepsen.nemesis.ReflCompose
  {:fm {:start-partition 0,
        :stop-partition 0,
        :kill 1,
        :start 1,
        :pause 1,
        :resume 1},
   :nemeses [#unprintable "jepsen.nemesis.combined$partition_nemesis$reify__17019@414b5798"
             #unprintable "jepsen.nemesis.combined$db_nemesis$reify__17000@53251e03"]})
 :active-histories
 #object[clojure.lang.Atom "0x5ffae42f" {:status :ready, :val #{}}]
 :nodes ["n1" "n2" "n3" "n4" "n5"]
 :test-count 1
 :latency {:mean 0, :dist :constant}
 :bin "raft.py"
 :generator
 (jepsen.generator.TimeLimit
  {:limit 2000000000,
   :cutoff nil,
   :gen (jepsen.generator.Any
         {:gens [(jepsen.generator.OnThreads {:f #{:nemesis}, :gen nil})
                 (jepsen.generator.OnThreads
                  {:f #object[clojure.core$complement$fn__5654
                              "0x3eff5c32"
                              "clojure.core$complement$fn__5654@3eff5c32"],
                   :gen (jepsen.generator.Stagger
                         {:dt 400000000,
                          :next-time nil,
                          :gen (jepsen.generator.OnThreads
                                {:f #object[clojure.core$complement$fn__5654
                                            "0x79d538c1"
                                            "clojure.core$complement$fn__5654@79d538c1"],
                                 :gen (jepsen.independent.ConcurrentGenerator
                                       {:n 10,
                                        :fgen #object[jepsen.tests.linearizable_register$test$fn__17324
                                                      "0x31e08c61"
                                                      "jepsen.tests.linearizable_register$test$fn__17324@31e08c61"],
                                        :group->threads nil,
                                        :thread->group nil,
                                        :keys (0 1 2 3 4 5 6 7 ...),
                                        :gens nil})})})})]})})
 :log-net-recv false
 :os
 #object[jepsen.os$reify__2490 "0x2db15764" "jepsen.os$reify__2490@2db15764"]
 :time-limit 2
 :workload :lin-kv
 :consistency-models [:strict-serializable]
 :topology :grid}

2022-05-03 15:18:26,031{GMT}	INFO	[jepsen test runner] jepsen.db: Tearing down DB
2022-05-03 15:18:26,040{GMT}	INFO	[jepsen test runner] jepsen.db: Setting up DB
2022-05-03 15:18:26,042{GMT}	INFO	[jepsen node n2] maelstrom.db: Setting up n2
2022-05-03 15:18:26,042{GMT}	INFO	[jepsen node n5] maelstrom.db: Setting up n5
2022-05-03 15:18:26,042{GMT}	INFO	[jepsen node n4] maelstrom.db: Setting up n4
2022-05-03 15:18:26,042{GMT}	INFO	[jepsen node n3] maelstrom.db: Setting up n3
2022-05-03 15:18:26,042{GMT}	INFO	[jepsen node n2] maelstrom.process: launching raft.py nil
2022-05-03 15:18:26,042{GMT}	INFO	[jepsen node n4] maelstrom.process: launching raft.py nil
2022-05-03 15:18:26,042{GMT}	INFO	[jepsen node n5] maelstrom.process: launching raft.py nil
2022-05-03 15:18:26,042{GMT}	INFO	[jepsen node n3] maelstrom.process: launching raft.py nil
2022-05-03 15:18:26,045{GMT}	INFO	[jepsen node n1] maelstrom.service: Starting services: (lin-kv lin-tso lww-kv seq-kv)
2022-05-03 15:18:26,083{GMT}	INFO	[jepsen node n1] maelstrom.db: Setting up n1
2022-05-03 15:18:26,083{GMT}	INFO	[jepsen node n1] maelstrom.process: launching raft.py nil
2022-05-03 15:18:26,122{GMT}	INFO	[jepsen test runner] jepsen.core: Relative time begins now
2022-05-03 15:18:26,155{GMT}	INFO	[jepsen worker 1] jepsen.util: 1	:invoke	:read	[0 nil]
2022-05-03 15:18:26,165{GMT}	INFO	[jepsen worker 1] jepsen.util: 1	:fail	:read	[0 nil]	[:unknown "Not Leader"]
2022-05-03 15:18:26,217{GMT}	INFO	[jepsen worker 11] jepsen.util: 11	:invoke	:write	[1 1]
2022-05-03 15:18:26,221{GMT}	INFO	[jepsen worker 11] jepsen.util: 11	:info	:write	[1 1]	[:unknown "Not Leader"]
2022-05-03 15:18:26,584{GMT}	INFO	[jepsen worker 14] jepsen.util: 14	:invoke	:cas	[1 [0 0]]
2022-05-03 15:18:26,586{GMT}	INFO	[jepsen worker 14] jepsen.util: 14	:info	:cas	[1 [0 0]]	[:unknown "Not Leader"]
2022-05-03 15:18:26,711{GMT}	INFO	[jepsen worker 14] jepsen.util: 34	:invoke	:cas	[1 [0 3]]
2022-05-03 15:18:26,713{GMT}	INFO	[jepsen worker 14] jepsen.util: 34	:info	:cas	[1 [0 3]]	[:unknown "Not Leader"]
2022-05-03 15:18:26,853{GMT}	INFO	[jepsen worker 3] jepsen.util: 3	:invoke	:read	[0 nil]
2022-05-03 15:18:26,855{GMT}	INFO	[jepsen worker 3] jepsen.util: 3	:fail	:read	[0 nil]	[:unknown "Not Leader"]
2022-05-03 15:18:26,918{GMT}	INFO	[jepsen worker 17] jepsen.util: 17	:invoke	:write	[1 3]
2022-05-03 15:18:26,921{GMT}	INFO	[jepsen worker 17] jepsen.util: 17	:info	:write	[1 3]	[:unknown "Not Leader"]
2022-05-03 15:18:27,161{GMT}	INFO	[jepsen worker 4] jepsen.util: 4	:invoke	:read	[0 nil]
2022-05-03 15:18:27,163{GMT}	INFO	[jepsen worker 4] jepsen.util: 4	:fail	:read	[0 nil]	[:unknown "Not Leader"]
2022-05-03 15:18:27,299{GMT}	INFO	[jepsen worker 17] jepsen.util: 37	:invoke	:cas	[1 [1 3]]
2022-05-03 15:18:27,301{GMT}	INFO	[jepsen worker 17] jepsen.util: 37	:info	:cas	[1 [1 3]]	[:unknown "Not Leader"]
2022-05-03 15:18:27,322{GMT}	INFO	[jepsen worker 15] jepsen.util: 15	:invoke	:cas	[1 [4 0]]
2022-05-03 15:18:27,683{GMT}	INFO	[jepsen worker 12] jepsen.util: 12	:invoke	:cas	[1 [3 4]]
2022-05-03 15:18:27,685{GMT}	INFO	[jepsen worker 12] jepsen.util: 12	:info	:cas	[1 [3 4]]	[:unknown "Not Leader"]
2022-05-03 15:18:27,737{GMT}	INFO	[jepsen worker 13] jepsen.util: 13	:invoke	:write	[1 4]
2022-05-03 15:18:27,740{GMT}	INFO	[jepsen worker 13] jepsen.util: 13	:info	:write	[1 4]	[:unknown "Not Leader"]
2022-05-03 15:18:27,774{GMT}	INFO	[jepsen worker 18] jepsen.util: 18	:invoke	:cas	[1 [4 1]]
2022-05-03 15:18:27,776{GMT}	INFO	[jepsen worker 18] jepsen.util: 18	:info	:cas	[1 [4 1]]	[:unknown "Not Leader"]
2022-05-03 15:18:28,050{GMT}	INFO	[jepsen worker 13] jepsen.util: 33	:invoke	:write	[1 3]
2022-05-03 15:18:28,052{GMT}	INFO	[jepsen worker 13] jepsen.util: 33	:info	:write	[1 3]	[:unknown "Not Leader"]
2022-05-03 15:18:28,103{GMT}	INFO	[jepsen worker 18] jepsen.util: 38	:invoke	:write	[1 1]
2022-05-03 15:18:28,105{GMT}	INFO	[jepsen worker 18] jepsen.util: 38	:info	:write	[1 1]	[:unknown "Not Leader"]
2022-05-03 15:18:28,322{GMT}	INFO	[jepsen worker 15] jepsen.util: 15	:info	:cas	[1 [4 0]]	:net-timeout
2022-05-03 15:18:28,327{GMT}	INFO	[jepsen node n3] maelstrom.db: Tearing down n3
2022-05-03 15:18:28,327{GMT}	INFO	[jepsen node n4] maelstrom.db: Tearing down n4
2022-05-03 15:18:28,327{GMT}	INFO	[jepsen node n1] maelstrom.db: Tearing down n1
2022-05-03 15:18:28,327{GMT}	INFO	[jepsen node n5] maelstrom.db: Tearing down n5
2022-05-03 15:18:28,327{GMT}	INFO	[jepsen node n2] maelstrom.db: Tearing down n2
2022-05-03 15:18:29,329{GMT}	WARN	[main] jepsen.core: Test crashed!
clojure.lang.ExceptionInfo: Node n1 crashed with exit status 1. Before crashing, it wrote to STDOUT:

{"dest": "c4", "src": "n1", "body": {"msg_id": 1, "in_reply_to": 1, "type": "init_ok"}}

And to STDERR:

DEBUG:root:received {"dest":"n1","body":{"type":"init","node_id":"n1","node_ids":["n1","n2","n3","n4","n5"],"msg_id":1},"src":"c4","id":4}
INFO:root:node n1 initialized
DEBUG:root:sending {"dest": "c4", "src": "n1", "body": {"msg_id": 1, "in_reply_to": 1, "type": "init_ok"}}
INFO:root:became leader
log
[(('pass', None), 0)]
match index
{'n1': 0, 'n2': 0, 'n3': 0, 'n4': 0, 'n5': 0}

INFO:root:vote ended, new leader is
n1

INFO:root:sending HB

ERROR:root:fatal exception in handler
Traceback (most recent call last):
  File "/home/peter/Documents/tf/lab3/ms.py", line 27, in exitOnError
    fn(*args)
  File "/home/peter/Documents/tf/lab3/raft.py", line 248, in handle
    become_leader()
  File "/home/peter/Documents/tf/lab3/raft.py", line 205, in become_leader
    recursive_heartbeats(node_ids,MIN_HB,MAX_HB)
  File "/home/peter/Documents/tf/lab3/raft.py", line 129, in recursive_heartbeats
    heartbeat(dest)
  File "/home/peter/Documents/tf/lab3/raft.py", line 116, in heartbeat
    buildString(["dest",dest,"nextIndex",nextindex])
NameError: name 'nextindex' is not defined

Full STDERR logs are available in /home/peter/Documents/tf/lab3/store/lin-kv/20220503T151825.000+0100/node-logs/n1.log
	at slingshot.support$stack_trace.invoke(support.clj:201)
	at maelstrom.process$stop_node_BANG_.invokeStatic(process.clj:239)
	at maelstrom.process$stop_node_BANG_.invoke(process.clj:217)
	at maelstrom.db$db$reify__16747.teardown_BANG_(db.clj:75)
	at jepsen.db$fn__3285$G__3281__3289.invoke(db.clj:11)
	at jepsen.db$fn__3285$G__3280__3294.invoke(db.clj:11)
	at clojure.core$partial$fn__5824.invoke(core.clj:2625)
	at jepsen.control$on_nodes$fn__3165.invoke(control.clj:452)
	at clojure.lang.AFn.applyToHelper(AFn.java:154)
	at clojure.lang.AFn.applyTo(AFn.java:144)
	at clojure.core$apply.invokeStatic(core.clj:665)
	at clojure.core$with_bindings_STAR_.invokeStatic(core.clj:1973)
	at clojure.core$with_bindings_STAR_.doInvoke(core.clj:1973)
	at clojure.lang.RestFn.applyTo(RestFn.java:142)
	at clojure.core$apply.invokeStatic(core.clj:669)
	at clojure.core$bound_fn_STAR_$fn__5734.doInvoke(core.clj:2003)
	at clojure.lang.RestFn.invoke(RestFn.java:408)
	at dom_top.core$real_pmap_helper$build_thread__213$fn__214.invoke(core.clj:146)
	at clojure.lang.AFn.applyToHelper(AFn.java:152)
	at clojure.lang.AFn.applyTo(AFn.java:144)
	at clojure.core$apply.invokeStatic(core.clj:665)
	at clojure.core$with_bindings_STAR_.invokeStatic(core.clj:1973)
	at clojure.core$with_bindings_STAR_.doInvoke(core.clj:1973)
	at clojure.lang.RestFn.invoke(RestFn.java:425)
	at clojure.lang.AFn.applyToHelper(AFn.java:156)
	at clojure.lang.RestFn.applyTo(RestFn.java:132)
	at clojure.core$apply.invokeStatic(core.clj:669)
	at clojure.core$bound_fn_STAR_$fn__5734.doInvoke(core.clj:2003)
	at clojure.lang.RestFn.invoke(RestFn.java:397)
	at clojure.lang.AFn.run(AFn.java:22)
	at java.base/java.lang.Thread.run(Thread.java:833)
