DEBUG:root:received {"dest":"n1","body":{"type":"init","node_id":"n1","node_ids":["n0","n1","n2","n3"],"msg_id":1},"src":"c1","id":1}
INFO:root:node n1 initialized
DEBUG:root:sending {"dest": "c1", "src": "n1", "body": {"msg_id": 1, "in_reply_to": 1, "type": "init_ok"}}
DEBUG:root:received {"dest":"n1","src":"n2","body":{"msg_id":4,"type":"txnRep","txn":[["r",9,null],["append",8,1],["append",5,1]],"originalid":1},"id":11}
INFO:root:executing txn
DEBUG:root:n2-4: locking 5
DEBUG:root:n2-4: locking 8
DEBUG:root:n2-4: locking 9
DEBUG:root:n2-4: reading 9
DEBUG:root:n2-4: appending to 8: 1
DEBUG:root:n2-4: appending to 5: 1
DEBUG:root:n2-4: updating 5: [1]
DEBUG:root:n2-4: updating 8: [1]
DEBUG:root:n2-4: unlocking 5
DEBUG:root:n2-4: unlocking 8
DEBUG:root:n2-4: unlocking 9
DEBUG:root:received {"dest":"n1","body":{"txn":[["append",5,2]],"type":"txn","msg_id":1},"src":"c9","id":15}
INFO:root:executing txn
DEBUG:root:c9-1: locking 5
INFO:root:CTX 
namespace(tid='c9-1', locked=[5])
 msg id1
INFO:root:c9-1: aborted
DEBUG:root:sending {"dest": "c9", "src": "n1", "body": {"msg_id": 2, "in_reply_to": 1, "type": "error", "code": 14, "text": "transaction aborted"}}
DEBUG:root:c9-1: unlocking 5
DEBUG:root:received {"dest":"n1","src":"n2","body":{"msg_id":9,"type":"txnRep","txn":[["r",9,null],["r",7,null],["r",7,null]],"originalid":3},"id":20}
INFO:root:executing txn
DEBUG:root:n2-9: locking 7
DEBUG:root:n2-9: locking 9
DEBUG:root:n2-9: reading 9
DEBUG:root:n2-9: reading 7
DEBUG:root:n2-9: reading 7
DEBUG:root:n2-9: unlocking 7
DEBUG:root:n2-9: unlocking 9
DEBUG:root:received {"dest":"n1","src":"n2","body":{"msg_id":13,"type":"txnRep","txn":[["r",8,null],["r",9,null],["r",9,null]],"originalid":4},"id":25}
INFO:root:executing txn
DEBUG:root:n2-13: locking 8
DEBUG:root:n2-13: locking 9
DEBUG:root:n2-13: reading 8
DEBUG:root:n2-13: reading 9
DEBUG:root:n2-13: reading 9
DEBUG:root:n2-13: unlocking 8
DEBUG:root:n2-13: unlocking 9
DEBUG:root:received {"dest":"n1","body":{"txn":[["append",8,3],["append",8,4],["append",9,2],["append",8,5]],"type":"txn","msg_id":2},"src":"c9","id":30}
INFO:root:executing txn
DEBUG:root:c9-2: locking 8
DEBUG:root:c9-2: locking 9
INFO:root:CTX 
namespace(tid='c9-2', locked=[8, 9])
 msg id2
DEBUG:root:c9-2: appending to 8: 3
DEBUG:root:c9-2: appending to 8: 4
DEBUG:root:c9-2: appending to 9: 2
DEBUG:root:c9-2: appending to 8: 5
DEBUG:root:received {"dest":"n1","src":"n0","body":{"msg_id":3,"type":"txnRep","txn":[["r",8,null],["r",6,null]],"originalid":1},"id":34}
INFO:root:executing txn
DEBUG:root:n0-3: locking 6
DEBUG:root:n0-3: locking 8
DEBUG:root:received {"dest":"n1","src":"n2","body":{"msg_id":17,"type":"txnRep","txn":[["append",5,3],["r",7,null],["append",9,3]],"originalid":5},"id":40}
INFO:root:executing txn
DEBUG:root:n2-17: locking 5
DEBUG:root:n2-17: locking 7
DEBUG:root:n2-17: locking 9
DEBUG:root:c9-2: updating 8: [1, 3, 4, 5]
DEBUG:root:c9-2: updating 9: [2]
DEBUG:root:sending {"dest": "c9", "src": "n1", "body": {"msg_id": 3, "in_reply_to": 2, "type": "txn_ok", "txn": [["append", 8, 3], ["append", 8, 4], ["append", 9, 2], ["append", 8, 5]]}}
DEBUG:root:sending {"dest": "n0", "src": "n1", "body": {"msg_id": 4, "type": "txnRep", "txn": [["append", 8, 3], ["append", 8, 4], ["append", 9, 2], ["append", 8, 5]], "originalid": 2}}
DEBUG:root:sending {"dest": "n2", "src": "n1", "body": {"msg_id": 5, "type": "txnRep", "txn": [["append", 8, 3], ["append", 8, 4], ["append", 9, 2], ["append", 8, 5]], "originalid": 2}}
DEBUG:root:sending {"dest": "n3", "src": "n1", "body": {"msg_id": 6, "type": "txnRep", "txn": [["append", 8, 3], ["append", 8, 4], ["append", 9, 2], ["append", 8, 5]], "originalid": 2}}
DEBUG:root:c9-2: unlocking 8
DEBUG:root:c9-2: unlocking 9
DEBUG:root:received {"dest":"n1","src":"n3","body":{"msg_id":5,"type":"txnRep","txn":[["append",3,1],["r",8,null]],"originalid":2},"id":48}
INFO:root:executing txn
DEBUG:root:n3-5: locking 3
DEBUG:root:n3-5: locking 8
DEBUG:root:n0-3: reading 8
DEBUG:root:n0-3: reading 6
DEBUG:root:n2-17: appending to 5: 3
DEBUG:root:n2-17: reading 7
DEBUG:root:n2-17: appending to 9: 3
DEBUG:root:received {"dest":"n1","src":"n0","body":{"msg_id":7,"type":"txnRep","txn":[["r",8,null],["r",7,null],["r",5,null]],"originalid":2},"id":51}
INFO:root:executing txn
DEBUG:root:n0-7: locking 5
