DEBUG:root:received {"dest":"n2","body":{"type":"init","node_id":"n2","node_ids":["n0","n1","n2","n3"],"msg_id":1},"src":"c2","id":2}
INFO:root:node n2 initialized
DEBUG:root:sending {"dest": "c2", "src": "n2", "body": {"msg_id": 1, "in_reply_to": 1, "type": "init_ok"}}
DEBUG:root:received {"dest":"n2","body":{"txn":[["r",9,null],["append",8,1],["append",5,1]],"type":"txn","msg_id":1},"src":"c8","id":8}
INFO:root:executing txn
DEBUG:root:c8-1: locking 5
DEBUG:root:c8-1: locking 8
DEBUG:root:c8-1: locking 9
INFO:root:CTX 
namespace(tid='c8-1', locked=[5, 8, 9])
 msg id1
DEBUG:root:c8-1: reading 9
DEBUG:root:c8-1: appending to 8: 1
DEBUG:root:c8-1: appending to 5: 1
DEBUG:root:c8-1: updating 5: [1]
DEBUG:root:c8-1: updating 8: [1]
DEBUG:root:sending {"dest": "c8", "src": "n2", "body": {"msg_id": 2, "in_reply_to": 1, "type": "txn_ok", "txn": [["r", 9, null], ["append", 8, 1], ["append", 5, 1]]}}
DEBUG:root:sending {"dest": "n0", "src": "n2", "body": {"msg_id": 3, "type": "txnRep", "txn": [["r", 9, null], ["append", 8, 1], ["append", 5, 1]], "originalid": 1}}
DEBUG:root:sending {"dest": "n1", "src": "n2", "body": {"msg_id": 4, "type": "txnRep", "txn": [["r", 9, null], ["append", 8, 1], ["append", 5, 1]], "originalid": 1}}
DEBUG:root:sending {"dest": "n3", "src": "n2", "body": {"msg_id": 5, "type": "txnRep", "txn": [["r", 9, null], ["append", 8, 1], ["append", 5, 1]], "originalid": 1}}
DEBUG:root:c8-1: unlocking 5
DEBUG:root:c8-1: unlocking 8
DEBUG:root:c8-1: unlocking 9
DEBUG:root:received {"dest":"n2","body":{"txn":[["r",7,null],["append",9,1],["append",7,1],["append",8,2]],"type":"txn","msg_id":2},"src":"c8","id":13}
INFO:root:executing txn
DEBUG:root:c8-2: locking 7
DEBUG:root:c8-2: locking 8
DEBUG:root:c8-2: locking 9
INFO:root:CTX 
namespace(tid='c8-2', locked=[7, 8, 9])
 msg id2
INFO:root:c8-2: aborted
DEBUG:root:sending {"dest": "c8", "src": "n2", "body": {"msg_id": 6, "in_reply_to": 2, "type": "error", "code": 14, "text": "transaction aborted"}}
DEBUG:root:c8-2: unlocking 7
DEBUG:root:c8-2: unlocking 8
DEBUG:root:c8-2: unlocking 9
DEBUG:root:received {"dest":"n2","body":{"txn":[["r",9,null],["r",7,null],["r",7,null]],"type":"txn","msg_id":3},"src":"c8","id":17}
INFO:root:executing txn
DEBUG:root:c8-3: locking 7
DEBUG:root:c8-3: locking 9
INFO:root:CTX 
namespace(tid='c8-3', locked=[7, 9])
 msg id3
DEBUG:root:c8-3: reading 9
DEBUG:root:c8-3: reading 7
DEBUG:root:c8-3: reading 7
DEBUG:root:sending {"dest": "c8", "src": "n2", "body": {"msg_id": 7, "in_reply_to": 3, "type": "txn_ok", "txn": [["r", 9, null], ["r", 7, null], ["r", 7, null]]}}
DEBUG:root:sending {"dest": "n0", "src": "n2", "body": {"msg_id": 8, "type": "txnRep", "txn": [["r", 9, null], ["r", 7, null], ["r", 7, null]], "originalid": 3}}
DEBUG:root:sending {"dest": "n1", "src": "n2", "body": {"msg_id": 9, "type": "txnRep", "txn": [["r", 9, null], ["r", 7, null], ["r", 7, null]], "originalid": 3}}
DEBUG:root:sending {"dest": "n3", "src": "n2", "body": {"msg_id": 10, "type": "txnRep", "txn": [["r", 9, null], ["r", 7, null], ["r", 7, null]], "originalid": 3}}
DEBUG:root:c8-3: unlocking 7
DEBUG:root:c8-3: unlocking 9
DEBUG:root:received {"dest":"n2","body":{"txn":[["r",8,null],["r",9,null],["r",9,null]],"type":"txn","msg_id":4},"src":"c8","id":22}
INFO:root:executing txn
DEBUG:root:c8-4: locking 8
DEBUG:root:c8-4: locking 9
INFO:root:CTX 
namespace(tid='c8-4', locked=[8, 9])
 msg id4
DEBUG:root:c8-4: reading 8
DEBUG:root:c8-4: reading 9
DEBUG:root:c8-4: reading 9
DEBUG:root:sending {"dest": "c8", "src": "n2", "body": {"msg_id": 11, "in_reply_to": 4, "type": "txn_ok", "txn": [["r", 8, [1]], ["r", 9, null], ["r", 9, null]]}}
DEBUG:root:sending {"dest": "n0", "src": "n2", "body": {"msg_id": 12, "type": "txnRep", "txn": [["r", 8, null], ["r", 9, null], ["r", 9, null]], "originalid": 4}}
DEBUG:root:sending {"dest": "n1", "src": "n2", "body": {"msg_id": 13, "type": "txnRep", "txn": [["r", 8, null], ["r", 9, null], ["r", 9, null]], "originalid": 4}}
DEBUG:root:sending {"dest": "n3", "src": "n2", "body": {"msg_id": 14, "type": "txnRep", "txn": [["r", 8, null], ["r", 9, null], ["r", 9, null]], "originalid": 4}}
DEBUG:root:c8-4: unlocking 8
DEBUG:root:c8-4: unlocking 9
DEBUG:root:received {"dest":"n2","body":{"txn":[["append",5,3],["r",7,null],["append",9,3]],"type":"txn","msg_id":5},"src":"c8","id":31}
INFO:root:executing txn
DEBUG:root:c8-5: locking 5
DEBUG:root:c8-5: locking 7
DEBUG:root:c8-5: locking 9
INFO:root:CTX 
namespace(tid='c8-5', locked=[5, 7, 9])
 msg id5
DEBUG:root:c8-5: appending to 5: 3
DEBUG:root:c8-5: reading 7
DEBUG:root:c8-5: appending to 9: 3
DEBUG:root:received {"dest":"n2","src":"n0","body":{"msg_id":4,"type":"txnRep","txn":[["r",8,null],["r",6,null]],"originalid":1},"id":35}
INFO:root:executing txn
DEBUG:root:n0-4: locking 6
DEBUG:root:n0-4: locking 8
DEBUG:root:n0-4: reading 8
DEBUG:root:n0-4: reading 6
DEBUG:root:c8-5: updating 5: [1, 3]
DEBUG:root:c8-5: updating 9: [3]
DEBUG:root:sending {"dest": "c8", "src": "n2", "body": {"msg_id": 15, "in_reply_to": 5, "type": "txn_ok", "txn": [["append", 5, 3], ["r", 7, null], ["append", 9, 3]]}}
DEBUG:root:sending {"dest": "n0", "src": "n2", "body": {"msg_id": 16, "type": "txnRep", "txn": [["append", 5, 3], ["r", 7, null], ["append", 9, 3]], "originalid": 5}}
DEBUG:root:sending {"dest": "n1", "src": "n2", "body": {"msg_id": 17, "type": "txnRep", "txn": [["append", 5, 3], ["r", 7, null], ["append", 9, 3]], "originalid": 5}}
DEBUG:root:sending {"dest": "n3", "src": "n2", "body": {"msg_id": 18, "type": "txnRep", "txn": [["append", 5, 3], ["r", 7, null], ["append", 9, 3]], "originalid": 5}}
DEBUG:root:c8-5: unlocking 5
DEBUG:root:c8-5: unlocking 7
DEBUG:root:c8-5: unlocking 9
DEBUG:root:received {"dest":"n2","src":"n1","body":{"msg_id":5,"type":"txnRep","txn":[["append",8,3],["append",8,4],["append",9,2],["append",8,5]],"originalid":2},"id":44}
INFO:root:executing txn
DEBUG:root:n1-5: locking 8
DEBUG:root:received {"dest":"n2","src":"n3","body":{"msg_id":6,"type":"txnRep","txn":[["append",3,1],["r",8,null]],"originalid":2},"id":49}
INFO:root:executing txn
DEBUG:root:n3-6: locking 3
DEBUG:root:n3-6: locking 8
DEBUG:root:n0-4: unlocking 6
DEBUG:root:n0-4: unlocking 8
DEBUG:root:n1-5: locking 9
DEBUG:root:received {"dest":"n2","src":"n0","body":{"msg_id":8,"type":"txnRep","txn":[["r",8,null],["r",7,null],["r",5,null]],"originalid":2},"id":52}
INFO:root:executing txn
DEBUG:root:n0-8: locking 5
DEBUG:root:n0-8: locking 7
DEBUG:root:n0-8: locking 8
