DEBUG:root:received {"dest":"n3","body":{"type":"init","node_id":"n3","node_ids":["n0","n1","n2","n3"],"msg_id":1},"src":"c0","id":0}
INFO:root:node n3 initialized
DEBUG:root:sending {"dest": "c0", "src": "n3", "body": {"msg_id": 1, "in_reply_to": 1, "type": "init_ok"}}
DEBUG:root:received {"dest":"n3","src":"n2","body":{"msg_id":5,"type":"txnRep","txn":[["r",9,null],["append",8,1],["append",5,1]],"originalid":1},"id":12}
INFO:root:executing txn
DEBUG:root:n2-5: locking 5
DEBUG:root:n2-5: locking 8
DEBUG:root:n2-5: locking 9
DEBUG:root:n2-5: reading 9
DEBUG:root:n2-5: appending to 8: 1
DEBUG:root:n2-5: appending to 5: 1
DEBUG:root:n2-5: updating 5: [1]
DEBUG:root:n2-5: updating 8: [1]
DEBUG:root:n2-5: unlocking 5
DEBUG:root:n2-5: unlocking 8
DEBUG:root:n2-5: unlocking 9
DEBUG:root:received {"dest":"n3","src":"n2","body":{"msg_id":10,"type":"txnRep","txn":[["r",9,null],["r",7,null],["r",7,null]],"originalid":3},"id":21}
INFO:root:executing txn
DEBUG:root:n2-10: locking 7
DEBUG:root:n2-10: locking 9
INFO:root:n2-10: aborted
WARNING:root:transaction aborted by noden3
DEBUG:root:n2-10: unlocking 7
DEBUG:root:n2-10: unlocking 9
DEBUG:root:received {"dest":"n3","src":"n2","body":{"msg_id":14,"type":"txnRep","txn":[["r",8,null],["r",9,null],["r",9,null]],"originalid":4},"id":26}
INFO:root:executing txn
DEBUG:root:n2-14: locking 8
DEBUG:root:n2-14: locking 9
DEBUG:root:n2-14: reading 8
DEBUG:root:n2-14: reading 9
DEBUG:root:n2-14: reading 9
DEBUG:root:n2-14: unlocking 8
DEBUG:root:n2-14: unlocking 9
DEBUG:root:received {"dest":"n3","body":{"txn":[["r",8,null]],"type":"txn","msg_id":1},"src":"c10","id":27}
INFO:root:executing txn
DEBUG:root:c10-1: locking 8
INFO:root:CTX 
namespace(tid='c10-1', locked=[8])
 msg id1
INFO:root:c10-1: aborted
DEBUG:root:sending {"dest": "c10", "src": "n3", "body": {"msg_id": 2, "in_reply_to": 1, "type": "error", "code": 14, "text": "transaction aborted"}}
DEBUG:root:c10-1: unlocking 8
DEBUG:root:received {"dest":"n3","body":{"txn":[["append",3,1],["r",8,null]],"type":"txn","msg_id":2},"src":"c10","id":32}
INFO:root:executing txn
DEBUG:root:c10-2: locking 3
DEBUG:root:c10-2: locking 8
INFO:root:CTX 
namespace(tid='c10-2', locked=[3, 8])
 msg id2
DEBUG:root:c10-2: appending to 3: 1
DEBUG:root:c10-2: reading 8
DEBUG:root:received {"dest":"n3","src":"n0","body":{"msg_id":5,"type":"txnRep","txn":[["r",8,null],["r",6,null]],"originalid":1},"id":36}
INFO:root:executing txn
DEBUG:root:n0-5: locking 6
DEBUG:root:n0-5: locking 8
DEBUG:root:received {"dest":"n3","src":"n2","body":{"msg_id":18,"type":"txnRep","txn":[["append",5,3],["r",7,null],["append",9,3]],"originalid":5},"id":41}
INFO:root:executing txn
DEBUG:root:n2-18: locking 5
DEBUG:root:n2-18: locking 7
DEBUG:root:n2-18: locking 9
DEBUG:root:c10-2: updating 3: [1]
DEBUG:root:sending {"dest": "c10", "src": "n3", "body": {"msg_id": 3, "in_reply_to": 2, "type": "txn_ok", "txn": [["append", 3, 1], ["r", 8, [1]]]}}
DEBUG:root:sending {"dest": "n0", "src": "n3", "body": {"msg_id": 4, "type": "txnRep", "txn": [["append", 3, 1], ["r", 8, null]], "originalid": 2}}
DEBUG:root:sending {"dest": "n1", "src": "n3", "body": {"msg_id": 5, "type": "txnRep", "txn": [["append", 3, 1], ["r", 8, null]], "originalid": 2}}
DEBUG:root:sending {"dest": "n2", "src": "n3", "body": {"msg_id": 6, "type": "txnRep", "txn": [["append", 3, 1], ["r", 8, null]], "originalid": 2}}
DEBUG:root:c10-2: unlocking 3
DEBUG:root:c10-2: unlocking 8
DEBUG:root:received {"dest":"n3","src":"n1","body":{"msg_id":6,"type":"txnRep","txn":[["append",8,3],["append",8,4],["append",9,2],["append",8,5]],"originalid":2},"id":45}
INFO:root:executing txn
DEBUG:root:n1-6: locking 8
DEBUG:root:n0-5: reading 8
DEBUG:root:n0-5: reading 6
DEBUG:root:n2-18: appending to 5: 3
DEBUG:root:n2-18: reading 7
DEBUG:root:n2-18: appending to 9: 3
DEBUG:root:received {"dest":"n3","src":"n0","body":{"msg_id":9,"type":"txnRep","txn":[["r",8,null],["r",7,null],["r",5,null]],"originalid":2},"id":53}
INFO:root:executing txn
DEBUG:root:n0-9: locking 5
