DEBUG:root:received {"dest":"n1","src":"n5","body":{"msg_id":2,"type":"RequestVote","term":1,"prevLogIndex":0,"lastLogTerm":0,"candidateId":"n5"},"id":8}
DEBUG:root:sending {"dest": "n5", "src": "n1", "body": {"msg_id": 1, "in_reply_to": 2, "type": "RequestVoteRes", "term": 1, "res": true}}
DEBUG:root:received {"dest":"n1","src":"n3","body":{"msg_id":2,"type":"RequestVote","term":1,"prevLogIndex":0,"lastLogTerm":0,"candidateId":"n3"},"id":10}
DEBUG:root:received {"dest":"n1","src":"n4","body":{"msg_id":2,"type":"RequestVote","term":1,"prevLogIndex":0,"lastLogTerm":0,"candidateId":"n4"},"id":11}
DEBUG:root:received {"dest":"n1","src":"n2","body":{"msg_id":2,"type":"RequestVote","term":1,"prevLogIndex":0,"lastLogTerm":0,"candidateId":"n2"},"id":23}
DEBUG:root:received {"dest":"n1","body":{"type":"init","node_id":"n1","node_ids":["n1","n2","n3","n4","n5"],"msg_id":1},"src":"c4","id":41}
DEBUG:root:sending {"dest": "n3", "src": "n1", "body": {"msg_id": 2, "in_reply_to": 2, "type": "RequestVoteRes", "term": 1, "res": false}}
DEBUG:root:sending {"dest": "n4", "src": "n1", "body": {"msg_id": 3, "in_reply_to": 2, "type": "RequestVoteRes", "term": 1, "res": false}}
DEBUG:root:sending {"dest": "n2", "src": "n1", "body": {"msg_id": 4, "in_reply_to": 2, "type": "RequestVoteRes", "term": 1, "res": false}}
INFO:root:node n1 initialized
DEBUG:root:sending {"dest": "c4", "src": "n1", "body": {"msg_id": 5, "in_reply_to": 1, "type": "init_ok"}}
DEBUG:root:sending {"dest": "n2", "src": "n1", "body": {"msg_id": 6, "type": "AppendEntries", "term": 1, "prevIndex": 0, "prevTerm": 0, "entries": [[["pass", null], 0]], "commit": 0}}
DEBUG:root:sending {"dest": "n3", "src": "n1", "body": {"msg_id": 7, "type": "AppendEntries", "term": 1, "prevIndex": 0, "prevTerm": 0, "entries": [[["pass", null], 0]], "commit": 0}}
DEBUG:root:sending {"dest": "n4", "src": "n1", "body": {"msg_id": 8, "type": "AppendEntries", "term": 1, "prevIndex": 0, "prevTerm": 0, "entries": [[["pass", null], 0]], "commit": 0}}
DEBUG:root:sending {"dest": "n5", "src": "n1", "body": {"msg_id": 9, "type": "AppendEntries", "term": 1, "prevIndex": 0, "prevTerm": 0, "entries": [[["pass", null], 0]], "commit": 0}}
DEBUG:root:received {"dest":"n1","src":"n3","body":{"msg_id":11,"in_reply_to":7,"type":"AppendEntriesRes","res":true,"term":1,"next":1,"commit":0},"id":54}
DEBUG:root:received {"dest":"n1","src":"n4","body":{"msg_id":11,"in_reply_to":8,"type":"AppendEntriesRes","res":true,"term":1,"next":1,"commit":0},"id":55}
DEBUG:root:received {"dest":"n1","src":"n2","body":{"msg_id":11,"in_reply_to":6,"type":"AppendEntriesRes","res":true,"term":1,"next":1,"commit":0},"id":56}
DEBUG:root:received {"dest":"n1","src":"n5","body":{"msg_id":11,"in_reply_to":9,"type":"AppendEntriesRes","res":true,"term":1,"next":1,"commit":0},"id":57}
DEBUG:root:received {"dest":"n1","src":"n2","body":{"msg_id":13,"type":"RequestVote","term":2,"prevLogIndex":0,"lastLogTerm":0,"candidateId":"n2"},"id":60}
DEBUG:root:sending {"dest": "n2", "src": "n1", "body": {"msg_id": 10, "in_reply_to": 13, "type": "RequestVoteRes", "term": 2, "res": true}}
DEBUG:root:received {"dest":"n1","src":"n5","body":{"msg_id":13,"type":"RequestVote","term":2,"prevLogIndex":0,"lastLogTerm":0,"candidateId":"n5"},"id":70}
DEBUG:root:sending {"dest": "n5", "src": "n1", "body": {"msg_id": 11, "in_reply_to": 13, "type": "RequestVoteRes", "term": 2, "res": false}}
DEBUG:root:received {"dest":"n1","src":"n4","body":{"msg_id":14,"type":"RequestVote","term":3,"prevLogIndex":0,"lastLogTerm":0,"candidateId":"n4"},"id":79}
DEBUG:root:sending {"dest": "n4", "src": "n1", "body": {"msg_id": 12, "in_reply_to": 14, "type": "RequestVoteRes", "term": 2, "res": false}}
DEBUG:root:received {"dest":"n1","src":"n3","body":{"msg_id":14,"type":"RequestVote","term":3,"prevLogIndex":0,"lastLogTerm":0,"candidateId":"n3"},"id":80}
DEBUG:root:sending {"dest": "n3", "src": "n1", "body": {"msg_id": 13, "in_reply_to": 14, "type": "RequestVoteRes", "term": 2, "res": false}}
DEBUG:root:sending {"dest": "n1", "src": "n1", "body": {"msg_id": 14, "type": "RequestVote", "term": 3, "prevLogIndex": 0, "lastLogTerm": 0, "candidateId": "n1"}}
DEBUG:root:sending {"dest": "n2", "src": "n1", "body": {"msg_id": 15, "type": "RequestVote", "term": 3, "prevLogIndex": 0, "lastLogTerm": 0, "candidateId": "n1"}}
DEBUG:root:sending {"dest": "n3", "src": "n1", "body": {"msg_id": 16, "type": "RequestVote", "term": 3, "prevLogIndex": 0, "lastLogTerm": 0, "candidateId": "n1"}}
DEBUG:root:sending {"dest": "n4", "src": "n1", "body": {"msg_id": 17, "type": "RequestVote", "term": 3, "prevLogIndex": 0, "lastLogTerm": 0, "candidateId": "n1"}}
DEBUG:root:sending {"dest": "n5", "src": "n1", "body": {"msg_id": 18, "type": "RequestVote", "term": 3, "prevLogIndex": 0, "lastLogTerm": 0, "candidateId": "n1"}}
DEBUG:root:received {"dest":"n1","src":"n1","body":{"msg_id":14,"type":"RequestVote","term":3,"prevLogIndex":0,"lastLogTerm":0,"candidateId":"n1"},"id":100}
DEBUG:root:sending {"dest": "n1", "src": "n1", "body": {"msg_id": 19, "in_reply_to": 14, "type": "RequestVoteRes", "term": 3, "res": true}}
DEBUG:root:received {"dest":"n1","src":"n1","body":{"msg_id":19,"in_reply_to":14,"type":"RequestVoteRes","term":3,"res":true},"id":105}
DEBUG:root:received {"dest":"n1","src":"n3","body":{"msg_id":21,"in_reply_to":16,"type":"RequestVoteRes","term":3,"res":false},"id":106}
DEBUG:root:received {"dest":"n1","src":"n2","body":{"msg_id":22,"in_reply_to":15,"type":"RequestVoteRes","term":2,"res":false},"id":107}
DEBUG:root:received {"dest":"n1","src":"n4","body":{"msg_id":21,"in_reply_to":17,"type":"RequestVoteRes","term":3,"res":false},"id":108}
DEBUG:root:received {"dest":"n1","src":"n5","body":{"msg_id":21,"in_reply_to":18,"type":"RequestVoteRes","term":3,"res":false},"id":109}
DEBUG:root:sending {"dest": "n1", "src": "n1", "body": {"msg_id": 20, "type": "RequestVote", "term": 4, "prevLogIndex": 0, "lastLogTerm": 0, "candidateId": "n1"}}
DEBUG:root:sending {"dest": "n2", "src": "n1", "body": {"msg_id": 21, "type": "RequestVote", "term": 4, "prevLogIndex": 0, "lastLogTerm": 0, "candidateId": "n1"}}
DEBUG:root:sending {"dest": "n3", "src": "n1", "body": {"msg_id": 22, "type": "RequestVote", "term": 4, "prevLogIndex": 0, "lastLogTerm": 0, "candidateId": "n1"}}
DEBUG:root:sending {"dest": "n4", "src": "n1", "body": {"msg_id": 23, "type": "RequestVote", "term": 4, "prevLogIndex": 0, "lastLogTerm": 0, "candidateId": "n1"}}
DEBUG:root:sending {"dest": "n5", "src": "n1", "body": {"msg_id": 24, "type": "RequestVote", "term": 4, "prevLogIndex": 0, "lastLogTerm": 0, "candidateId": "n1"}}
DEBUG:root:received {"dest":"n1","src":"n1","body":{"msg_id":20,"type":"RequestVote","term":4,"prevLogIndex":0,"lastLogTerm":0,"candidateId":"n1"},"id":110}
DEBUG:root:sending {"dest": "n1", "src": "n1", "body": {"msg_id": 25, "in_reply_to": 20, "type": "RequestVoteRes", "term": 4, "res": true}}
DEBUG:root:received {"dest":"n1","src":"n2","body":{"msg_id":23,"in_reply_to":21,"type":"RequestVoteRes","term":2,"res":false},"id":115}
DEBUG:root:received {"dest":"n1","src":"n1","body":{"msg_id":25,"in_reply_to":20,"type":"RequestVoteRes","term":4,"res":true},"id":116}
DEBUG:root:received {"dest":"n1","src":"n3","body":{"msg_id":22,"in_reply_to":22,"type":"RequestVoteRes","term":3,"res":false},"id":117}
DEBUG:root:received {"dest":"n1","src":"n4","body":{"msg_id":22,"in_reply_to":23,"type":"RequestVoteRes","term":3,"res":false},"id":118}
DEBUG:root:received {"dest":"n1","src":"n5","body":{"msg_id":22,"in_reply_to":24,"type":"RequestVoteRes","term":3,"res":false},"id":119}
DEBUG:root:received {"dest":"n1","src":"n2","body":{"msg_id":24,"type":"RequestVote","term":3,"prevLogIndex":0,"lastLogTerm":0,"candidateId":"n2"},"id":120}
DEBUG:root:sending {"dest": "n2", "src": "n1", "body": {"msg_id": 26, "in_reply_to": 24, "type": "RequestVoteRes", "term": 4, "res": false}}
DEBUG:root:received {"dest":"n1","src":"n3","body":{"msg_id":23,"type":"RequestVote","term":4,"prevLogIndex":0,"lastLogTerm":0,"candidateId":"n3"},"id":122}
DEBUG:root:sending {"dest": "n3", "src": "n1", "body": {"msg_id": 27, "in_reply_to": 23, "type": "RequestVoteRes", "term": 4, "res": true}}
DEBUG:root:received {"dest":"n1","src":"n4","body":{"msg_id":23,"type":"RequestVote","term":4,"prevLogIndex":0,"lastLogTerm":0,"candidateId":"n4"},"id":130}
DEBUG:root:sending {"dest": "n4", "src": "n1", "body": {"msg_id": 28, "in_reply_to": 23, "type": "RequestVoteRes", "term": 4, "res": false}}
DEBUG:root:received {"dest":"n1","src":"n4","body":{"msg_id":31,"type":"RequestVote","term":5,"prevLogIndex":0,"lastLogTerm":0,"candidateId":"n4"},"id":149}
DEBUG:root:received {"dest":"n1","src":"n3","body":{"msg_id":31,"type":"RequestVote","term":5,"prevLogIndex":0,"lastLogTerm":0,"candidateId":"n3"},"id":151}
DEBUG:root:sending {"dest": "n4", "src": "n1", "body": {"msg_id": 29, "in_reply_to": 31, "type": "RequestVoteRes", "term": 4, "res": false}}
DEBUG:root:sending {"dest": "n3", "src": "n1", "body": {"msg_id": 30, "in_reply_to": 31, "type": "RequestVoteRes", "term": 5, "res": true}}
DEBUG:root:received {"dest":"n1","src":"n5","body":{"msg_id":26,"type":"RequestVote","term":5,"prevLogIndex":0,"lastLogTerm":0,"candidateId":"n5"},"id":157}
DEBUG:root:received {"dest":"n1","src":"n5","body":{"msg_id":33,"type":"RequestVote","term":6,"prevLogIndex":0,"lastLogTerm":0,"candidateId":"n5"},"id":177}
DEBUG:root:sending {"dest": "n5", "src": "n1", "body": {"msg_id": 31, "in_reply_to": 26, "type": "RequestVoteRes", "term": 5, "res": false}}
DEBUG:root:sending {"dest": "n5", "src": "n1", "body": {"msg_id": 32, "in_reply_to": 33, "type": "RequestVoteRes", "term": 5, "res": false}}
DEBUG:root:sending {"dest": "n2", "src": "n1", "body": {"msg_id": 33, "type": "AppendEntries", "term": 5, "prevIndex": 0, "prevTerm": 0, "entries": [[["pass", null], 0]], "commit": 0}}
DEBUG:root:sending {"dest": "n3", "src": "n1", "body": {"msg_id": 34, "type": "AppendEntries", "term": 5, "prevIndex": 0, "prevTerm": 0, "entries": [[["pass", null], 0]], "commit": 0}}
DEBUG:root:sending {"dest": "n4", "src": "n1", "body": {"msg_id": 35, "type": "AppendEntries", "term": 5, "prevIndex": 0, "prevTerm": 0, "entries": [[["pass", null], 0]], "commit": 0}}
DEBUG:root:sending {"dest": "n5", "src": "n1", "body": {"msg_id": 36, "type": "AppendEntries", "term": 5, "prevIndex": 0, "prevTerm": 0, "entries": [[["pass", null], 0]], "commit": 0}}
DEBUG:root:received {"dest":"n1","src":"n2","body":{"msg_id":36,"type":"RequestVote","term":6,"prevLogIndex":0,"lastLogTerm":0,"candidateId":"n2"},"id":194}
DEBUG:root:received {"dest":"n1","src":"n3","body":{"msg_id":40,"in_reply_to":34,"type":"AppendEntriesRes","res":true,"term":5,"next":1,"commit":0},"id":195}
DEBUG:root:received {"dest":"n1","src":"n4","body":{"msg_id":40,"in_reply_to":35,"type":"AppendEntriesRes","res":false,"term":6},"id":196}
DEBUG:root:sending {"dest": "n2", "src": "n1", "body": {"msg_id": 37, "in_reply_to": 36, "type": "RequestVoteRes", "term": 5, "res": false}}
DEBUG:root:sending {"dest": "n4", "src": "n1", "body": {"msg_id": 38, "type": "AppendEntries", "term": 5, "prevIndex": -1, "prevTerm": 0, "entries": [[["pass", null], 0]], "commit": 0}}
DEBUG:root:received {"dest":"n1","src":"n5","body":{"msg_id":40,"in_reply_to":36,"type":"AppendEntriesRes","res":false,"term":6},"id":197}
DEBUG:root:sending {"dest": "n5", "src": "n1", "body": {"msg_id": 39, "type": "AppendEntries", "term": 5, "prevIndex": -1, "prevTerm": 0, "entries": [[["pass", null], 0]], "commit": 0}}
DEBUG:root:received {"dest":"n1","src":"n2","body":{"msg_id":41,"in_reply_to":33,"type":"AppendEntriesRes","res":false,"term":6},"id":202}
DEBUG:root:sending {"dest": "n2", "src": "n1", "body": {"msg_id": 40, "type": "AppendEntries", "term": 5, "prevIndex": -1, "prevTerm": 0, "entries": [[["pass", null], 0]], "commit": 0}}
DEBUG:root:received {"dest":"n1","src":"n4","body":{"msg_id":42,"in_reply_to":38,"type":"AppendEntriesRes","res":false,"term":6},"id":212}
ERROR:root:fatal exception in handler
Traceback (most recent call last):
  File "/home/peter/Documents/tf/lab3/ms.py", line 27, in exitOnError
    fn(*args)
  File "/home/peter/Documents/tf/lab3/raft.py", line 387, in handle
    send(node_id, dest, type='AppendEntries', term=current_term, prevIndex = nextIndex[dest]-1,prevTerm=log[nextIndex[dest]-1][1] ,entries=log[nextIndex[dest]:],commit=commitIndex)
IndexError: list index out of range
