DEBUG:root:received {"dest":"n1","body":{"type":"init","node_id":"n1","node_ids":["n1","n2","n3","n4","n5"],"msg_id":1},"src":"c4","id":4}
INFO:root:node n1 initialized
DEBUG:root:sending {"dest": "c4", "src": "n1", "body": {"msg_id": 1, "in_reply_to": 1, "type": "init_ok"}}
DEBUG:root:sending {"dest": "n2", "src": "n1", "body": {"msg_id": 2, "type": "AppendEntries", "term": 0, "prevIndex": 0, "prevTerm": 0, "entries": [[["pass", null], 0]], "commit": 0}}
DEBUG:root:sending {"dest": "n3", "src": "n1", "body": {"msg_id": 3, "type": "AppendEntries", "term": 0, "prevIndex": 0, "prevTerm": 0, "entries": [[["pass", null], 0]], "commit": 0}}
DEBUG:root:sending {"dest": "n4", "src": "n1", "body": {"msg_id": 4, "type": "AppendEntries", "term": 0, "prevIndex": 0, "prevTerm": 0, "entries": [[["pass", null], 0]], "commit": 0}}
DEBUG:root:sending {"dest": "n5", "src": "n1", "body": {"msg_id": 5, "type": "AppendEntries", "term": 0, "prevIndex": 0, "prevTerm": 0, "entries": [[["pass", null], 0]], "commit": 0}}
DEBUG:root:received {"dest":"n1","src":"n3","body":{"msg_id":2,"in_reply_to":3,"type":"AppendEntriesRes","res":true,"term":0,"next":1,"commit":0},"id":14}
DEBUG:root:received {"dest":"n1","src":"n2","body":{"msg_id":2,"in_reply_to":2,"type":"AppendEntriesRes","res":true,"term":0,"next":1,"commit":0},"id":15}
DEBUG:root:received {"dest":"n1","src":"n4","body":{"msg_id":2,"in_reply_to":4,"type":"AppendEntriesRes","res":true,"term":0,"next":1,"commit":0},"id":16}
DEBUG:root:received {"dest":"n1","src":"n5","body":{"msg_id":2,"in_reply_to":5,"type":"AppendEntriesRes","res":true,"term":0,"next":1,"commit":0},"id":17}
DEBUG:root:received {"dest":"n1","body":{"key":0,"type":"read","msg_id":1},"src":"c11","id":20}
DEBUG:root:sending {"dest": "c11", "src": "n1", "body": {"msg_id": 6, "in_reply_to": 1, "type": "error", "code": 20, "text": "Invalid Key"}}
DEBUG:root:sending {"dest": "n2", "src": "n1", "body": {"msg_id": 7, "type": "AppendEntries", "term": 0, "prevIndex": 0, "prevTerm": 0, "entries": [[["pass", null], 0]], "commit": 0}}
DEBUG:root:sending {"dest": "n3", "src": "n1", "body": {"msg_id": 8, "type": "AppendEntries", "term": 0, "prevIndex": 0, "prevTerm": 0, "entries": [[["pass", null], 0]], "commit": 0}}
DEBUG:root:sending {"dest": "n4", "src": "n1", "body": {"msg_id": 9, "type": "AppendEntries", "term": 0, "prevIndex": 0, "prevTerm": 0, "entries": [[["pass", null], 0]], "commit": 0}}
DEBUG:root:sending {"dest": "n5", "src": "n1", "body": {"msg_id": 10, "type": "AppendEntries", "term": 0, "prevIndex": 0, "prevTerm": 0, "entries": [[["pass", null], 0]], "commit": 0}}
DEBUG:root:received {"dest":"n1","src":"n2","body":{"msg_id":5,"in_reply_to":7,"type":"AppendEntriesRes","res":true,"term":0,"next":1,"commit":0},"id":27}
DEBUG:root:received {"dest":"n1","src":"n3","body":{"msg_id":3,"in_reply_to":8,"type":"AppendEntriesRes","res":true,"term":0,"next":1,"commit":0},"id":29}
DEBUG:root:received {"dest":"n1","src":"n4","body":{"msg_id":3,"in_reply_to":9,"type":"AppendEntriesRes","res":true,"term":0,"next":1,"commit":0},"id":30}
DEBUG:root:received {"dest":"n1","src":"n5","body":{"msg_id":3,"in_reply_to":10,"type":"AppendEntriesRes","res":true,"term":0,"next":1,"commit":0},"id":31}
DEBUG:root:received {"dest":"n1","body":{"key":1,"from":2,"to":3,"type":"cas","msg_id":1},"src":"c13","id":32}
DEBUG:root:sending {"dest": "n2", "src": "n1", "body": {"msg_id": 11, "type": "AppendEntries", "term": 0, "entries": [[["cas", [1, [2, 3]]], 0]], "prevIndex": 0, "prevTerm": 0, "commit": 0}}
DEBUG:root:sending {"dest": "n3", "src": "n1", "body": {"msg_id": 12, "type": "AppendEntries", "term": 0, "entries": [[["cas", [1, [2, 3]]], 0]], "prevIndex": 0, "prevTerm": 0, "commit": 0}}
DEBUG:root:sending {"dest": "n4", "src": "n1", "body": {"msg_id": 13, "type": "AppendEntries", "term": 0, "entries": [[["cas", [1, [2, 3]]], 0]], "prevIndex": 0, "prevTerm": 0, "commit": 0}}
DEBUG:root:sending {"dest": "n5", "src": "n1", "body": {"msg_id": 14, "type": "AppendEntries", "term": 0, "entries": [[["cas", [1, [2, 3]]], 0]], "prevIndex": 0, "prevTerm": 0, "commit": 0}}
DEBUG:root:received {"dest":"n1","src":"n2","body":{"msg_id":6,"in_reply_to":11,"type":"AppendEntriesRes","res":true,"term":0,"next":1,"commit":0},"id":37}
DEBUG:root:received {"dest":"n1","src":"n3","body":{"msg_id":4,"in_reply_to":12,"type":"AppendEntriesRes","res":true,"term":0,"next":1,"commit":0},"id":38}
DEBUG:root:received {"dest":"n1","src":"n4","body":{"msg_id":4,"in_reply_to":13,"type":"AppendEntriesRes","res":true,"term":0,"next":1,"commit":0},"id":39}
DEBUG:root:received {"dest":"n1","src":"n5","body":{"msg_id":4,"in_reply_to":14,"type":"AppendEntriesRes","res":true,"term":0,"next":1,"commit":0},"id":40}
DEBUG:root:sending {"dest": "n2", "src": "n1", "body": {"msg_id": 15, "type": "AppendEntries", "term": 0, "prevIndex": 0, "prevTerm": 0, "entries": [[["pass", null], 0], [["cas", [1, [2, 3]]], 0]], "commit": 0}}
DEBUG:root:sending {"dest": "n3", "src": "n1", "body": {"msg_id": 16, "type": "AppendEntries", "term": 0, "prevIndex": 0, "prevTerm": 0, "entries": [[["pass", null], 0], [["cas", [1, [2, 3]]], 0]], "commit": 0}}
DEBUG:root:sending {"dest": "n4", "src": "n1", "body": {"msg_id": 17, "type": "AppendEntries", "term": 0, "prevIndex": 0, "prevTerm": 0, "entries": [[["pass", null], 0], [["cas", [1, [2, 3]]], 0]], "commit": 0}}
DEBUG:root:sending {"dest": "n5", "src": "n1", "body": {"msg_id": 18, "type": "AppendEntries", "term": 0, "prevIndex": 0, "prevTerm": 0, "entries": [[["pass", null], 0], [["cas", [1, [2, 3]]], 0]], "commit": 0}}
DEBUG:root:received {"dest":"n1","src":"n3","body":{"msg_id":5,"in_reply_to":16,"type":"AppendEntriesRes","res":true,"term":0,"next":1,"commit":0},"id":47}
DEBUG:root:received {"dest":"n1","src":"n2","body":{"msg_id":7,"in_reply_to":15,"type":"AppendEntriesRes","res":true,"term":0,"next":1,"commit":0},"id":48}
DEBUG:root:received {"dest":"n1","src":"n4","body":{"msg_id":6,"in_reply_to":17,"type":"AppendEntriesRes","res":true,"term":0,"next":1,"commit":0},"id":49}
DEBUG:root:received {"dest":"n1","src":"n5","body":{"msg_id":5,"in_reply_to":18,"type":"AppendEntriesRes","res":true,"term":0,"next":1,"commit":0},"id":50}
DEBUG:root:sending {"dest": "n2", "src": "n1", "body": {"msg_id": 19, "type": "AppendEntries", "term": 0, "prevIndex": 0, "prevTerm": 0, "entries": [[["pass", null], 0], [["cas", [1, [2, 3]]], 0]], "commit": 0}}
DEBUG:root:sending {"dest": "n3", "src": "n1", "body": {"msg_id": 20, "type": "AppendEntries", "term": 0, "prevIndex": 0, "prevTerm": 0, "entries": [[["pass", null], 0], [["cas", [1, [2, 3]]], 0]], "commit": 0}}
DEBUG:root:sending {"dest": "n4", "src": "n1", "body": {"msg_id": 21, "type": "AppendEntries", "term": 0, "prevIndex": 0, "prevTerm": 0, "entries": [[["pass", null], 0], [["cas", [1, [2, 3]]], 0]], "commit": 0}}
DEBUG:root:sending {"dest": "n5", "src": "n1", "body": {"msg_id": 22, "type": "AppendEntries", "term": 0, "prevIndex": 0, "prevTerm": 0, "entries": [[["pass", null], 0], [["cas", [1, [2, 3]]], 0]], "commit": 0}}
DEBUG:root:received {"dest":"n1","src":"n2","body":{"msg_id":8,"in_reply_to":19,"type":"AppendEntriesRes","res":true,"term":0,"next":1,"commit":0},"id":59}
DEBUG:root:received {"dest":"n1","src":"n4","body":{"msg_id":7,"in_reply_to":21,"type":"AppendEntriesRes","res":true,"term":0,"next":1,"commit":0},"id":60}
DEBUG:root:received {"dest":"n1","src":"n3","body":{"msg_id":6,"in_reply_to":20,"type":"AppendEntriesRes","res":true,"term":0,"next":1,"commit":0},"id":61}
DEBUG:root:received {"dest":"n1","src":"n5","body":{"msg_id":8,"in_reply_to":22,"type":"AppendEntriesRes","res":true,"term":0,"next":1,"commit":0},"id":62}
DEBUG:root:sending {"dest": "n2", "src": "n1", "body": {"msg_id": 23, "type": "AppendEntries", "term": 0, "prevIndex": 0, "prevTerm": 0, "entries": [[["pass", null], 0], [["cas", [1, [2, 3]]], 0]], "commit": 0}}
DEBUG:root:sending {"dest": "n3", "src": "n1", "body": {"msg_id": 24, "type": "AppendEntries", "term": 0, "prevIndex": 0, "prevTerm": 0, "entries": [[["pass", null], 0], [["cas", [1, [2, 3]]], 0]], "commit": 0}}
DEBUG:root:sending {"dest": "n4", "src": "n1", "body": {"msg_id": 25, "type": "AppendEntries", "term": 0, "prevIndex": 0, "prevTerm": 0, "entries": [[["pass", null], 0], [["cas", [1, [2, 3]]], 0]], "commit": 0}}
DEBUG:root:sending {"dest": "n5", "src": "n1", "body": {"msg_id": 26, "type": "AppendEntries", "term": 0, "prevIndex": 0, "prevTerm": 0, "entries": [[["pass", null], 0], [["cas", [1, [2, 3]]], 0]], "commit": 0}}
DEBUG:root:received {"dest":"n1","src":"n2","body":{"msg_id":9,"in_reply_to":23,"type":"AppendEntriesRes","res":true,"term":0,"next":1,"commit":0},"id":69}
DEBUG:root:received {"dest":"n1","src":"n3","body":{"msg_id":8,"in_reply_to":24,"type":"AppendEntriesRes","res":true,"term":0,"next":1,"commit":0},"id":70}
DEBUG:root:received {"dest":"n1","src":"n4","body":{"msg_id":8,"in_reply_to":25,"type":"AppendEntriesRes","res":true,"term":0,"next":1,"commit":0},"id":71}
DEBUG:root:received {"dest":"n1","src":"n5","body":{"msg_id":9,"in_reply_to":26,"type":"AppendEntriesRes","res":true,"term":0,"next":1,"commit":0},"id":72}
DEBUG:root:sending {"dest": "n2", "src": "n1", "body": {"msg_id": 27, "type": "AppendEntries", "term": 0, "prevIndex": 0, "prevTerm": 0, "entries": [[["pass", null], 0], [["cas", [1, [2, 3]]], 0]], "commit": 0}}
DEBUG:root:sending {"dest": "n3", "src": "n1", "body": {"msg_id": 28, "type": "AppendEntries", "term": 0, "prevIndex": 0, "prevTerm": 0, "entries": [[["pass", null], 0], [["cas", [1, [2, 3]]], 0]], "commit": 0}}
DEBUG:root:sending {"dest": "n4", "src": "n1", "body": {"msg_id": 29, "type": "AppendEntries", "term": 0, "prevIndex": 0, "prevTerm": 0, "entries": [[["pass", null], 0], [["cas", [1, [2, 3]]], 0]], "commit": 0}}
DEBUG:root:sending {"dest": "n5", "src": "n1", "body": {"msg_id": 30, "type": "AppendEntries", "term": 0, "prevIndex": 0, "prevTerm": 0, "entries": [[["pass", null], 0], [["cas", [1, [2, 3]]], 0]], "commit": 0}}
DEBUG:root:received {"dest":"n1","src":"n2","body":{"msg_id":11,"in_reply_to":27,"type":"AppendEntriesRes","res":true,"term":0,"next":1,"commit":0},"id":79}
DEBUG:root:received {"dest":"n1","src":"n3","body":{"msg_id":9,"in_reply_to":28,"type":"AppendEntriesRes","res":true,"term":0,"next":1,"commit":0},"id":80}
DEBUG:root:received {"dest":"n1","src":"n4","body":{"msg_id":9,"in_reply_to":29,"type":"AppendEntriesRes","res":true,"term":0,"next":1,"commit":0},"id":81}
DEBUG:root:received {"dest":"n1","src":"n5","body":{"msg_id":10,"in_reply_to":30,"type":"AppendEntriesRes","res":true,"term":0,"next":1,"commit":0},"id":82}
DEBUG:root:received {"dest":"n1","body":{"key":0,"from":3,"to":3,"type":"cas","msg_id":1},"src":"c19","id":83}
DEBUG:root:sending {"dest": "n2", "src": "n1", "body": {"msg_id": 31, "type": "AppendEntries", "term": 0, "entries": [[["cas", [1, [2, 3]]], 0], [["cas", [0, [3, 3]]], 0]], "prevIndex": 0, "prevTerm": 0, "commit": 0}}
DEBUG:root:sending {"dest": "n3", "src": "n1", "body": {"msg_id": 32, "type": "AppendEntries", "term": 0, "entries": [[["cas", [1, [2, 3]]], 0], [["cas", [0, [3, 3]]], 0]], "prevIndex": 0, "prevTerm": 0, "commit": 0}}
DEBUG:root:sending {"dest": "n4", "src": "n1", "body": {"msg_id": 33, "type": "AppendEntries", "term": 0, "entries": [[["cas", [1, [2, 3]]], 0], [["cas", [0, [3, 3]]], 0]], "prevIndex": 0, "prevTerm": 0, "commit": 0}}
DEBUG:root:sending {"dest": "n5", "src": "n1", "body": {"msg_id": 34, "type": "AppendEntries", "term": 0, "entries": [[["cas", [1, [2, 3]]], 0], [["cas", [0, [3, 3]]], 0]], "prevIndex": 0, "prevTerm": 0, "commit": 0}}
DEBUG:root:received {"dest":"n1","src":"n2","body":{"msg_id":12,"in_reply_to":31,"type":"AppendEntriesRes","res":true,"term":0,"next":1,"commit":0},"id":88}
DEBUG:root:received {"dest":"n1","src":"n4","body":{"msg_id":10,"in_reply_to":33,"type":"AppendEntriesRes","res":true,"term":0,"next":1,"commit":0},"id":89}
DEBUG:root:received {"dest":"n1","src":"n3","body":{"msg_id":10,"in_reply_to":32,"type":"AppendEntriesRes","res":true,"term":0,"next":1,"commit":0},"id":90}
DEBUG:root:received {"dest":"n1","src":"n5","body":{"msg_id":11,"in_reply_to":34,"type":"AppendEntriesRes","res":true,"term":0,"next":1,"commit":0},"id":91}
DEBUG:root:sending {"dest": "n2", "src": "n1", "body": {"msg_id": 35, "type": "AppendEntries", "term": 0, "prevIndex": 0, "prevTerm": 0, "entries": [[["pass", null], 0], [["cas", [1, [2, 3]]], 0], [["cas", [0, [3, 3]]], 0]], "commit": 0}}
DEBUG:root:sending {"dest": "n3", "src": "n1", "body": {"msg_id": 36, "type": "AppendEntries", "term": 0, "prevIndex": 0, "prevTerm": 0, "entries": [[["pass", null], 0], [["cas", [1, [2, 3]]], 0], [["cas", [0, [3, 3]]], 0]], "commit": 0}}
DEBUG:root:sending {"dest": "n4", "src": "n1", "body": {"msg_id": 37, "type": "AppendEntries", "term": 0, "prevIndex": 0, "prevTerm": 0, "entries": [[["pass", null], 0], [["cas", [1, [2, 3]]], 0], [["cas", [0, [3, 3]]], 0]], "commit": 0}}
DEBUG:root:sending {"dest": "n5", "src": "n1", "body": {"msg_id": 38, "type": "AppendEntries", "term": 0, "prevIndex": 0, "prevTerm": 0, "entries": [[["pass", null], 0], [["cas", [1, [2, 3]]], 0], [["cas", [0, [3, 3]]], 0]], "commit": 0}}
DEBUG:root:received {"dest":"n1","src":"n2","body":{"msg_id":13,"in_reply_to":35,"type":"AppendEntriesRes","res":true,"term":0,"next":1,"commit":0},"id":96}
DEBUG:root:received {"dest":"n1","src":"n4","body":{"msg_id":11,"in_reply_to":37,"type":"AppendEntriesRes","res":true,"term":0,"next":1,"commit":0},"id":97}
DEBUG:root:received {"dest":"n1","src":"n3","body":{"msg_id":11,"in_reply_to":36,"type":"AppendEntriesRes","res":true,"term":0,"next":1,"commit":0},"id":98}
DEBUG:root:received {"dest":"n1","src":"n5","body":{"msg_id":12,"in_reply_to":38,"type":"AppendEntriesRes","res":true,"term":0,"next":1,"commit":0},"id":99}
DEBUG:root:sending {"dest": "n2", "src": "n1", "body": {"msg_id": 39, "type": "AppendEntries", "term": 0, "prevIndex": 0, "prevTerm": 0, "entries": [[["pass", null], 0], [["cas", [1, [2, 3]]], 0], [["cas", [0, [3, 3]]], 0]], "commit": 0}}
DEBUG:root:sending {"dest": "n3", "src": "n1", "body": {"msg_id": 40, "type": "AppendEntries", "term": 0, "prevIndex": 0, "prevTerm": 0, "entries": [[["pass", null], 0], [["cas", [1, [2, 3]]], 0], [["cas", [0, [3, 3]]], 0]], "commit": 0}}
DEBUG:root:sending {"dest": "n4", "src": "n1", "body": {"msg_id": 41, "type": "AppendEntries", "term": 0, "prevIndex": 0, "prevTerm": 0, "entries": [[["pass", null], 0], [["cas", [1, [2, 3]]], 0], [["cas", [0, [3, 3]]], 0]], "commit": 0}}
DEBUG:root:sending {"dest": "n5", "src": "n1", "body": {"msg_id": 42, "type": "AppendEntries", "term": 0, "prevIndex": 0, "prevTerm": 0, "entries": [[["pass", null], 0], [["cas", [1, [2, 3]]], 0], [["cas", [0, [3, 3]]], 0]], "commit": 0}}
DEBUG:root:received {"dest":"n1","src":"n2","body":{"msg_id":14,"in_reply_to":39,"type":"AppendEntriesRes","res":true,"term":0,"next":1,"commit":0},"id":108}
DEBUG:root:received {"dest":"n1","src":"n3","body":{"msg_id":13,"in_reply_to":40,"type":"AppendEntriesRes","res":true,"term":0,"next":1,"commit":0},"id":109}
DEBUG:root:received {"dest":"n1","src":"n4","body":{"msg_id":12,"in_reply_to":41,"type":"AppendEntriesRes","res":true,"term":0,"next":1,"commit":0},"id":110}
DEBUG:root:received {"dest":"n1","src":"n5","body":{"msg_id":14,"in_reply_to":42,"type":"AppendEntriesRes","res":true,"term":0,"next":1,"commit":0},"id":111}
DEBUG:root:sending {"dest": "n2", "src": "n1", "body": {"msg_id": 43, "type": "AppendEntries", "term": 0, "prevIndex": 0, "prevTerm": 0, "entries": [[["pass", null], 0], [["cas", [1, [2, 3]]], 0], [["cas", [0, [3, 3]]], 0]], "commit": 0}}
DEBUG:root:sending {"dest": "n3", "src": "n1", "body": {"msg_id": 44, "type": "AppendEntries", "term": 0, "prevIndex": 0, "prevTerm": 0, "entries": [[["pass", null], 0], [["cas", [1, [2, 3]]], 0], [["cas", [0, [3, 3]]], 0]], "commit": 0}}
DEBUG:root:sending {"dest": "n4", "src": "n1", "body": {"msg_id": 45, "type": "AppendEntries", "term": 0, "prevIndex": 0, "prevTerm": 0, "entries": [[["pass", null], 0], [["cas", [1, [2, 3]]], 0], [["cas", [0, [3, 3]]], 0]], "commit": 0}}
DEBUG:root:received {"dest":"n1","src":"n2","body":{"msg_id":16,"in_reply_to":43,"type":"AppendEntriesRes","res":true,"term":0,"next":1,"commit":0},"id":120}
DEBUG:root:sending {"dest": "n5", "src": "n1", "body": {"msg_id": 46, "type": "AppendEntries", "term": 0, "prevIndex": 0, "prevTerm": 0, "entries": [[["pass", null], 0], [["cas", [1, [2, 3]]], 0], [["cas", [0, [3, 3]]], 0]], "commit": 0}}
DEBUG:root:received {"dest":"n1","src":"n3","body":{"msg_id":14,"in_reply_to":44,"type":"AppendEntriesRes","res":true,"term":0,"next":1,"commit":0},"id":122}
DEBUG:root:received {"dest":"n1","src":"n4","body":{"msg_id":13,"in_reply_to":45,"type":"AppendEntriesRes","res":true,"term":0,"next":1,"commit":0},"id":124}
DEBUG:root:received {"dest":"n1","src":"n5","body":{"msg_id":17,"in_reply_to":46,"type":"AppendEntriesRes","res":true,"term":0,"next":1,"commit":0},"id":125}
DEBUG:root:received {"dest":"n1","body":{"key":1,"from":2,"to":0,"type":"cas","msg_id":1},"src":"c22","id":126}
DEBUG:root:sending {"dest": "n2", "src": "n1", "body": {"msg_id": 47, "type": "AppendEntries", "term": 0, "entries": [[["cas", [1, [2, 3]]], 0], [["cas", [0, [3, 3]]], 0], [["cas", [1, [2, 0]]], 0]], "prevIndex": 0, "prevTerm": 0, "commit": 0}}
DEBUG:root:sending {"dest": "n3", "src": "n1", "body": {"msg_id": 48, "type": "AppendEntries", "term": 0, "entries": [[["cas", [1, [2, 3]]], 0], [["cas", [0, [3, 3]]], 0], [["cas", [1, [2, 0]]], 0]], "prevIndex": 0, "prevTerm": 0, "commit": 0}}
DEBUG:root:sending {"dest": "n4", "src": "n1", "body": {"msg_id": 49, "type": "AppendEntries", "term": 0, "entries": [[["cas", [1, [2, 3]]], 0], [["cas", [0, [3, 3]]], 0], [["cas", [1, [2, 0]]], 0]], "prevIndex": 0, "prevTerm": 0, "commit": 0}}
DEBUG:root:sending {"dest": "n5", "src": "n1", "body": {"msg_id": 50, "type": "AppendEntries", "term": 0, "entries": [[["cas", [1, [2, 3]]], 0], [["cas", [0, [3, 3]]], 0], [["cas", [1, [2, 0]]], 0]], "prevIndex": 0, "prevTerm": 0, "commit": 0}}
DEBUG:root:received {"dest":"n1","src":"n2","body":{"msg_id":17,"in_reply_to":47,"type":"AppendEntriesRes","res":true,"term":0,"next":1,"commit":0},"id":131}
DEBUG:root:received {"dest":"n1","src":"n4","body":{"msg_id":14,"in_reply_to":49,"type":"AppendEntriesRes","res":true,"term":0,"next":1,"commit":0},"id":132}
DEBUG:root:received {"dest":"n1","src":"n5","body":{"msg_id":18,"in_reply_to":50,"type":"AppendEntriesRes","res":true,"term":0,"next":1,"commit":0},"id":133}
DEBUG:root:received {"dest":"n1","src":"n3","body":{"msg_id":15,"in_reply_to":48,"type":"AppendEntriesRes","res":true,"term":0,"next":1,"commit":0},"id":134}
DEBUG:root:sending {"dest": "n2", "src": "n1", "body": {"msg_id": 51, "type": "AppendEntries", "term": 0, "prevIndex": 0, "prevTerm": 0, "entries": [[["pass", null], 0], [["cas", [1, [2, 3]]], 0], [["cas", [0, [3, 3]]], 0], [["cas", [1, [2, 0]]], 0]], "commit": 0}}
DEBUG:root:sending {"dest": "n3", "src": "n1", "body": {"msg_id": 52, "type": "AppendEntries", "term": 0, "prevIndex": 0, "prevTerm": 0, "entries": [[["pass", null], 0], [["cas", [1, [2, 3]]], 0], [["cas", [0, [3, 3]]], 0], [["cas", [1, [2, 0]]], 0]], "commit": 0}}
DEBUG:root:sending {"dest": "n4", "src": "n1", "body": {"msg_id": 53, "type": "AppendEntries", "term": 0, "prevIndex": 0, "prevTerm": 0, "entries": [[["pass", null], 0], [["cas", [1, [2, 3]]], 0], [["cas", [0, [3, 3]]], 0], [["cas", [1, [2, 0]]], 0]], "commit": 0}}
DEBUG:root:sending {"dest": "n5", "src": "n1", "body": {"msg_id": 54, "type": "AppendEntries", "term": 0, "prevIndex": 0, "prevTerm": 0, "entries": [[["pass", null], 0], [["cas", [1, [2, 3]]], 0], [["cas", [0, [3, 3]]], 0], [["cas", [1, [2, 0]]], 0]], "commit": 0}}
DEBUG:root:received {"dest":"n1","src":"n2","body":{"msg_id":18,"in_reply_to":51,"type":"AppendEntriesRes","res":true,"term":0,"next":1,"commit":0},"id":139}
DEBUG:root:received {"dest":"n1","src":"n3","body":{"msg_id":16,"in_reply_to":52,"type":"AppendEntriesRes","res":true,"term":0,"next":1,"commit":0},"id":140}
DEBUG:root:received {"dest":"n1","src":"n4","body":{"msg_id":15,"in_reply_to":53,"type":"AppendEntriesRes","res":true,"term":0,"next":1,"commit":0},"id":141}
DEBUG:root:received {"dest":"n1","src":"n5","body":{"msg_id":19,"in_reply_to":54,"type":"AppendEntriesRes","res":true,"term":0,"next":1,"commit":0},"id":142}
DEBUG:root:sending {"dest": "n2", "src": "n1", "body": {"msg_id": 55, "type": "AppendEntries", "term": 0, "prevIndex": 0, "prevTerm": 0, "entries": [[["pass", null], 0], [["cas", [1, [2, 3]]], 0], [["cas", [0, [3, 3]]], 0], [["cas", [1, [2, 0]]], 0]], "commit": 0}}
DEBUG:root:sending {"dest": "n3", "src": "n1", "body": {"msg_id": 56, "type": "AppendEntries", "term": 0, "prevIndex": 0, "prevTerm": 0, "entries": [[["pass", null], 0], [["cas", [1, [2, 3]]], 0], [["cas", [0, [3, 3]]], 0], [["cas", [1, [2, 0]]], 0]], "commit": 0}}
DEBUG:root:sending {"dest": "n4", "src": "n1", "body": {"msg_id": 57, "type": "AppendEntries", "term": 0, "prevIndex": 0, "prevTerm": 0, "entries": [[["pass", null], 0], [["cas", [1, [2, 3]]], 0], [["cas", [0, [3, 3]]], 0], [["cas", [1, [2, 0]]], 0]], "commit": 0}}
DEBUG:root:sending {"dest": "n5", "src": "n1", "body": {"msg_id": 58, "type": "AppendEntries", "term": 0, "prevIndex": 0, "prevTerm": 0, "entries": [[["pass", null], 0], [["cas", [1, [2, 3]]], 0], [["cas", [0, [3, 3]]], 0], [["cas", [1, [2, 0]]], 0]], "commit": 0}}
DEBUG:root:received {"dest":"n1","src":"n3","body":{"msg_id":17,"in_reply_to":56,"type":"AppendEntriesRes","res":true,"term":0,"next":1,"commit":0},"id":151}
DEBUG:root:received {"dest":"n1","src":"n4","body":{"msg_id":16,"in_reply_to":57,"type":"AppendEntriesRes","res":true,"term":0,"next":1,"commit":0},"id":152}
DEBUG:root:received {"dest":"n1","src":"n2","body":{"msg_id":19,"in_reply_to":55,"type":"AppendEntriesRes","res":true,"term":0,"next":1,"commit":0},"id":153}
DEBUG:root:received {"dest":"n1","src":"n5","body":{"msg_id":22,"in_reply_to":58,"type":"AppendEntriesRes","res":true,"term":0,"next":1,"commit":0},"id":154}
DEBUG:root:sending {"dest": "n2", "src": "n1", "body": {"msg_id": 59, "type": "AppendEntries", "term": 0, "prevIndex": 0, "prevTerm": 0, "entries": [[["pass", null], 0], [["cas", [1, [2, 3]]], 0], [["cas", [0, [3, 3]]], 0], [["cas", [1, [2, 0]]], 0]], "commit": 0}}
DEBUG:root:sending {"dest": "n3", "src": "n1", "body": {"msg_id": 60, "type": "AppendEntries", "term": 0, "prevIndex": 0, "prevTerm": 0, "entries": [[["pass", null], 0], [["cas", [1, [2, 3]]], 0], [["cas", [0, [3, 3]]], 0], [["cas", [1, [2, 0]]], 0]], "commit": 0}}
DEBUG:root:sending {"dest": "n4", "src": "n1", "body": {"msg_id": 61, "type": "AppendEntries", "term": 0, "prevIndex": 0, "prevTerm": 0, "entries": [[["pass", null], 0], [["cas", [1, [2, 3]]], 0], [["cas", [0, [3, 3]]], 0], [["cas", [1, [2, 0]]], 0]], "commit": 0}}
DEBUG:root:sending {"dest": "n5", "src": "n1", "body": {"msg_id": 62, "type": "AppendEntries", "term": 0, "prevIndex": 0, "prevTerm": 0, "entries": [[["pass", null], 0], [["cas", [1, [2, 3]]], 0], [["cas", [0, [3, 3]]], 0], [["cas", [1, [2, 0]]], 0]], "commit": 0}}
DEBUG:root:received {"dest":"n1","src":"n2","body":{"msg_id":20,"in_reply_to":59,"type":"AppendEntriesRes","res":true,"term":0,"next":1,"commit":0},"id":161}
DEBUG:root:received {"dest":"n1","src":"n3","body":{"msg_id":18,"in_reply_to":60,"type":"AppendEntriesRes","res":true,"term":0,"next":1,"commit":0},"id":162}
DEBUG:root:received {"dest":"n1","src":"n4","body":{"msg_id":18,"in_reply_to":61,"type":"AppendEntriesRes","res":true,"term":0,"next":1,"commit":0},"id":163}
DEBUG:root:received {"dest":"n1","src":"n5","body":{"msg_id":23,"in_reply_to":62,"type":"AppendEntriesRes","res":true,"term":0,"next":1,"commit":0},"id":164}
DEBUG:root:sending {"dest": "n2", "src": "n1", "body": {"msg_id": 63, "type": "AppendEntries", "term": 0, "prevIndex": 0, "prevTerm": 0, "entries": [[["pass", null], 0], [["cas", [1, [2, 3]]], 0], [["cas", [0, [3, 3]]], 0], [["cas", [1, [2, 0]]], 0]], "commit": 0}}
DEBUG:root:sending {"dest": "n3", "src": "n1", "body": {"msg_id": 64, "type": "AppendEntries", "term": 0, "prevIndex": 0, "prevTerm": 0, "entries": [[["pass", null], 0], [["cas", [1, [2, 3]]], 0], [["cas", [0, [3, 3]]], 0], [["cas", [1, [2, 0]]], 0]], "commit": 0}}
DEBUG:root:sending {"dest": "n4", "src": "n1", "body": {"msg_id": 65, "type": "AppendEntries", "term": 0, "prevIndex": 0, "prevTerm": 0, "entries": [[["pass", null], 0], [["cas", [1, [2, 3]]], 0], [["cas", [0, [3, 3]]], 0], [["cas", [1, [2, 0]]], 0]], "commit": 0}}
DEBUG:root:sending {"dest": "n5", "src": "n1", "body": {"msg_id": 66, "type": "AppendEntries", "term": 0, "prevIndex": 0, "prevTerm": 0, "entries": [[["pass", null], 0], [["cas", [1, [2, 3]]], 0], [["cas", [0, [3, 3]]], 0], [["cas", [1, [2, 0]]], 0]], "commit": 0}}
DEBUG:root:received {"dest":"n1","src":"n2","body":{"msg_id":22,"in_reply_to":63,"type":"AppendEntriesRes","res":true,"term":0,"next":1,"commit":0},"id":173}
DEBUG:root:received {"dest":"n1","src":"n3","body":{"msg_id":20,"in_reply_to":64,"type":"AppendEntriesRes","res":true,"term":0,"next":1,"commit":0},"id":174}
DEBUG:root:received {"dest":"n1","src":"n4","body":{"msg_id":19,"in_reply_to":65,"type":"AppendEntriesRes","res":true,"term":0,"next":1,"commit":0},"id":175}
DEBUG:root:received {"dest":"n1","src":"n5","body":{"msg_id":24,"in_reply_to":66,"type":"AppendEntriesRes","res":true,"term":0,"next":1,"commit":0},"id":176}
DEBUG:root:received {"dest":"n1","body":{"key":2,"from":3,"to":0,"type":"cas","msg_id":2},"src":"c13","id":179}
DEBUG:root:sending {"dest": "n2", "src": "n1", "body": {"msg_id": 67, "type": "AppendEntries", "term": 0, "entries": [[["cas", [1, [2, 3]]], 0], [["cas", [0, [3, 3]]], 0], [["cas", [1, [2, 0]]], 0], [["cas", [2, [3, 0]]], 0]], "prevIndex": 0, "prevTerm": 0, "commit": 0}}
DEBUG:root:sending {"dest": "n3", "src": "n1", "body": {"msg_id": 68, "type": "AppendEntries", "term": 0, "entries": [[["cas", [1, [2, 3]]], 0], [["cas", [0, [3, 3]]], 0], [["cas", [1, [2, 0]]], 0], [["cas", [2, [3, 0]]], 0]], "prevIndex": 0, "prevTerm": 0, "commit": 0}}
DEBUG:root:sending {"dest": "n4", "src": "n1", "body": {"msg_id": 69, "type": "AppendEntries", "term": 0, "entries": [[["cas", [1, [2, 3]]], 0], [["cas", [0, [3, 3]]], 0], [["cas", [1, [2, 0]]], 0], [["cas", [2, [3, 0]]], 0]], "prevIndex": 0, "prevTerm": 0, "commit": 0}}
DEBUG:root:sending {"dest": "n5", "src": "n1", "body": {"msg_id": 70, "type": "AppendEntries", "term": 0, "entries": [[["cas", [1, [2, 3]]], 0], [["cas", [0, [3, 3]]], 0], [["cas", [1, [2, 0]]], 0], [["cas", [2, [3, 0]]], 0]], "prevIndex": 0, "prevTerm": 0, "commit": 0}}
DEBUG:root:received {"dest":"n1","src":"n3","body":{"msg_id":22,"in_reply_to":68,"type":"AppendEntriesRes","res":true,"term":0,"next":1,"commit":0},"id":184}
DEBUG:root:received {"dest":"n1","src":"n2","body":{"msg_id":23,"in_reply_to":67,"type":"AppendEntriesRes","res":true,"term":0,"next":1,"commit":0},"id":185}
DEBUG:root:received {"dest":"n1","src":"n4","body":{"msg_id":20,"in_reply_to":69,"type":"AppendEntriesRes","res":true,"term":0,"next":1,"commit":0},"id":186}
DEBUG:root:received {"dest":"n1","src":"n5","body":{"msg_id":25,"in_reply_to":70,"type":"AppendEntriesRes","res":true,"term":0,"next":1,"commit":0},"id":187}
DEBUG:root:sending {"dest": "n2", "src": "n1", "body": {"msg_id": 71, "type": "AppendEntries", "term": 0, "prevIndex": 0, "prevTerm": 0, "entries": [[["pass", null], 0], [["cas", [1, [2, 3]]], 0], [["cas", [0, [3, 3]]], 0], [["cas", [1, [2, 0]]], 0], [["cas", [2, [3, 0]]], 0]], "commit": 0}}
DEBUG:root:sending {"dest": "n3", "src": "n1", "body": {"msg_id": 72, "type": "AppendEntries", "term": 0, "prevIndex": 0, "prevTerm": 0, "entries": [[["pass", null], 0], [["cas", [1, [2, 3]]], 0], [["cas", [0, [3, 3]]], 0], [["cas", [1, [2, 0]]], 0], [["cas", [2, [3, 0]]], 0]], "commit": 0}}
DEBUG:root:sending {"dest": "n4", "src": "n1", "body": {"msg_id": 73, "type": "AppendEntries", "term": 0, "prevIndex": 0, "prevTerm": 0, "entries": [[["pass", null], 0], [["cas", [1, [2, 3]]], 0], [["cas", [0, [3, 3]]], 0], [["cas", [1, [2, 0]]], 0], [["cas", [2, [3, 0]]], 0]], "commit": 0}}
DEBUG:root:sending {"dest": "n5", "src": "n1", "body": {"msg_id": 74, "type": "AppendEntries", "term": 0, "prevIndex": 0, "prevTerm": 0, "entries": [[["pass", null], 0], [["cas", [1, [2, 3]]], 0], [["cas", [0, [3, 3]]], 0], [["cas", [1, [2, 0]]], 0], [["cas", [2, [3, 0]]], 0]], "commit": 0}}
DEBUG:root:received {"dest":"n1","src":"n2","body":{"msg_id":24,"in_reply_to":71,"type":"AppendEntriesRes","res":true,"term":0,"next":1,"commit":0},"id":192}
DEBUG:root:received {"dest":"n1","src":"n3","body":{"msg_id":23,"in_reply_to":72,"type":"AppendEntriesRes","res":true,"term":0,"next":1,"commit":0},"id":193}
DEBUG:root:received {"dest":"n1","src":"n4","body":{"msg_id":21,"in_reply_to":73,"type":"AppendEntriesRes","res":true,"term":0,"next":1,"commit":0},"id":194}
DEBUG:root:received {"dest":"n1","src":"n5","body":{"msg_id":26,"in_reply_to":74,"type":"AppendEntriesRes","res":true,"term":0,"next":1,"commit":0},"id":195}
DEBUG:root:received {"dest":"n1","body":{"key":0,"from":1,"to":1,"type":"cas","msg_id":2},"src":"c19","id":198}
DEBUG:root:sending {"dest": "n2", "src": "n1", "body": {"msg_id": 75, "type": "AppendEntries", "term": 0, "entries": [[["cas", [1, [2, 3]]], 0], [["cas", [0, [3, 3]]], 0], [["cas", [1, [2, 0]]], 0], [["cas", [2, [3, 0]]], 0], [["cas", [0, [1, 1]]], 0]], "prevIndex": 0, "prevTerm": 0, "commit": 0}}
DEBUG:root:sending {"dest": "n3", "src": "n1", "body": {"msg_id": 76, "type": "AppendEntries", "term": 0, "entries": [[["cas", [1, [2, 3]]], 0], [["cas", [0, [3, 3]]], 0], [["cas", [1, [2, 0]]], 0], [["cas", [2, [3, 0]]], 0], [["cas", [0, [1, 1]]], 0]], "prevIndex": 0, "prevTerm": 0, "commit": 0}}
DEBUG:root:sending {"dest": "n4", "src": "n1", "body": {"msg_id": 77, "type": "AppendEntries", "term": 0, "entries": [[["cas", [1, [2, 3]]], 0], [["cas", [0, [3, 3]]], 0], [["cas", [1, [2, 0]]], 0], [["cas", [2, [3, 0]]], 0], [["cas", [0, [1, 1]]], 0]], "prevIndex": 0, "prevTerm": 0, "commit": 0}}
DEBUG:root:sending {"dest": "n5", "src": "n1", "body": {"msg_id": 78, "type": "AppendEntries", "term": 0, "entries": [[["cas", [1, [2, 3]]], 0], [["cas", [0, [3, 3]]], 0], [["cas", [1, [2, 0]]], 0], [["cas", [2, [3, 0]]], 0], [["cas", [0, [1, 1]]], 0]], "prevIndex": 0, "prevTerm": 0, "commit": 0}}
DEBUG:root:received {"dest":"n1","src":"n2","body":{"msg_id":25,"in_reply_to":75,"type":"AppendEntriesRes","res":true,"term":0,"next":1,"commit":0},"id":203}
DEBUG:root:received {"dest":"n1","src":"n3","body":{"msg_id":25,"in_reply_to":76,"type":"AppendEntriesRes","res":true,"term":0,"next":1,"commit":0},"id":204}
DEBUG:root:received {"dest":"n1","src":"n4","body":{"msg_id":22,"in_reply_to":77,"type":"AppendEntriesRes","res":true,"term":0,"next":1,"commit":0},"id":205}
DEBUG:root:received {"dest":"n1","src":"n5","body":{"msg_id":27,"in_reply_to":78,"type":"AppendEntriesRes","res":true,"term":0,"next":1,"commit":0},"id":206}
DEBUG:root:sending {"dest": "n2", "src": "n1", "body": {"msg_id": 79, "type": "AppendEntries", "term": 0, "prevIndex": 0, "prevTerm": 0, "entries": [[["pass", null], 0], [["cas", [1, [2, 3]]], 0], [["cas", [0, [3, 3]]], 0], [["cas", [1, [2, 0]]], 0], [["cas", [2, [3, 0]]], 0], [["cas", [0, [1, 1]]], 0]], "commit": 0}}
DEBUG:root:sending {"dest": "n3", "src": "n1", "body": {"msg_id": 80, "type": "AppendEntries", "term": 0, "prevIndex": 0, "prevTerm": 0, "entries": [[["pass", null], 0], [["cas", [1, [2, 3]]], 0], [["cas", [0, [3, 3]]], 0], [["cas", [1, [2, 0]]], 0], [["cas", [2, [3, 0]]], 0], [["cas", [0, [1, 1]]], 0]], "commit": 0}}
DEBUG:root:sending {"dest": "n4", "src": "n1", "body": {"msg_id": 81, "type": "AppendEntries", "term": 0, "prevIndex": 0, "prevTerm": 0, "entries": [[["pass", null], 0], [["cas", [1, [2, 3]]], 0], [["cas", [0, [3, 3]]], 0], [["cas", [1, [2, 0]]], 0], [["cas", [2, [3, 0]]], 0], [["cas", [0, [1, 1]]], 0]], "commit": 0}}
DEBUG:root:sending {"dest": "n5", "src": "n1", "body": {"msg_id": 82, "type": "AppendEntries", "term": 0, "prevIndex": 0, "prevTerm": 0, "entries": [[["pass", null], 0], [["cas", [1, [2, 3]]], 0], [["cas", [0, [3, 3]]], 0], [["cas", [1, [2, 0]]], 0], [["cas", [2, [3, 0]]], 0], [["cas", [0, [1, 1]]], 0]], "commit": 0}}
DEBUG:root:received {"dest":"n1","src":"n2","body":{"msg_id":26,"in_reply_to":79,"type":"AppendEntriesRes","res":true,"term":0,"next":1,"commit":0},"id":215}
DEBUG:root:received {"dest":"n1","src":"n3","body":{"msg_id":27,"in_reply_to":80,"type":"AppendEntriesRes","res":true,"term":0,"next":1,"commit":0},"id":216}
DEBUG:root:received {"dest":"n1","src":"n4","body":{"msg_id":24,"in_reply_to":81,"type":"AppendEntriesRes","res":true,"term":0,"next":1,"commit":0},"id":217}
DEBUG:root:received {"dest":"n1","src":"n5","body":{"msg_id":28,"in_reply_to":82,"type":"AppendEntriesRes","res":true,"term":0,"next":1,"commit":0},"id":218}
DEBUG:root:sending {"dest": "n2", "src": "n1", "body": {"msg_id": 83, "type": "AppendEntries", "term": 0, "prevIndex": 0, "prevTerm": 0, "entries": [[["pass", null], 0], [["cas", [1, [2, 3]]], 0], [["cas", [0, [3, 3]]], 0], [["cas", [1, [2, 0]]], 0], [["cas", [2, [3, 0]]], 0], [["cas", [0, [1, 1]]], 0]], "commit": 0}}
DEBUG:root:sending {"dest": "n3", "src": "n1", "body": {"msg_id": 84, "type": "AppendEntries", "term": 0, "prevIndex": 0, "prevTerm": 0, "entries": [[["pass", null], 0], [["cas", [1, [2, 3]]], 0], [["cas", [0, [3, 3]]], 0], [["cas", [1, [2, 0]]], 0], [["cas", [2, [3, 0]]], 0], [["cas", [0, [1, 1]]], 0]], "commit": 0}}
DEBUG:root:sending {"dest": "n4", "src": "n1", "body": {"msg_id": 85, "type": "AppendEntries", "term": 0, "prevIndex": 0, "prevTerm": 0, "entries": [[["pass", null], 0], [["cas", [1, [2, 3]]], 0], [["cas", [0, [3, 3]]], 0], [["cas", [1, [2, 0]]], 0], [["cas", [2, [3, 0]]], 0], [["cas", [0, [1, 1]]], 0]], "commit": 0}}
DEBUG:root:sending {"dest": "n5", "src": "n1", "body": {"msg_id": 86, "type": "AppendEntries", "term": 0, "prevIndex": 0, "prevTerm": 0, "entries": [[["pass", null], 0], [["cas", [1, [2, 3]]], 0], [["cas", [0, [3, 3]]], 0], [["cas", [1, [2, 0]]], 0], [["cas", [2, [3, 0]]], 0], [["cas", [0, [1, 1]]], 0]], "commit": 0}}
DEBUG:root:received {"dest":"n1","src":"n2","body":{"msg_id":27,"in_reply_to":83,"type":"AppendEntriesRes","res":true,"term":0,"next":1,"commit":0},"id":223}
DEBUG:root:received {"dest":"n1","src":"n3","body":{"msg_id":28,"in_reply_to":84,"type":"AppendEntriesRes","res":true,"term":0,"next":1,"commit":0},"id":224}
DEBUG:root:received {"dest":"n1","src":"n4","body":{"msg_id":25,"in_reply_to":85,"type":"AppendEntriesRes","res":true,"term":0,"next":1,"commit":0},"id":225}
DEBUG:root:received {"dest":"n1","src":"n5","body":{"msg_id":29,"in_reply_to":86,"type":"AppendEntriesRes","res":true,"term":0,"next":1,"commit":0},"id":226}
DEBUG:root:sending {"dest": "n2", "src": "n1", "body": {"msg_id": 87, "type": "AppendEntries", "term": 0, "prevIndex": 0, "prevTerm": 0, "entries": [[["pass", null], 0], [["cas", [1, [2, 3]]], 0], [["cas", [0, [3, 3]]], 0], [["cas", [1, [2, 0]]], 0], [["cas", [2, [3, 0]]], 0], [["cas", [0, [1, 1]]], 0]], "commit": 0}}
DEBUG:root:sending {"dest": "n3", "src": "n1", "body": {"msg_id": 88, "type": "AppendEntries", "term": 0, "prevIndex": 0, "prevTerm": 0, "entries": [[["pass", null], 0], [["cas", [1, [2, 3]]], 0], [["cas", [0, [3, 3]]], 0], [["cas", [1, [2, 0]]], 0], [["cas", [2, [3, 0]]], 0], [["cas", [0, [1, 1]]], 0]], "commit": 0}}
DEBUG:root:sending {"dest": "n4", "src": "n1", "body": {"msg_id": 89, "type": "AppendEntries", "term": 0, "prevIndex": 0, "prevTerm": 0, "entries": [[["pass", null], 0], [["cas", [1, [2, 3]]], 0], [["cas", [0, [3, 3]]], 0], [["cas", [1, [2, 0]]], 0], [["cas", [2, [3, 0]]], 0], [["cas", [0, [1, 1]]], 0]], "commit": 0}}
DEBUG:root:sending {"dest": "n5", "src": "n1", "body": {"msg_id": 90, "type": "AppendEntries", "term": 0, "prevIndex": 0, "prevTerm": 0, "entries": [[["pass", null], 0], [["cas", [1, [2, 3]]], 0], [["cas", [0, [3, 3]]], 0], [["cas", [1, [2, 0]]], 0], [["cas", [2, [3, 0]]], 0], [["cas", [0, [1, 1]]], 0]], "commit": 0}}
DEBUG:root:received {"dest":"n1","src":"n3","body":{"msg_id":29,"in_reply_to":88,"type":"AppendEntriesRes","res":true,"term":0,"next":1,"commit":0},"id":231}
DEBUG:root:received {"dest":"n1","src":"n2","body":{"msg_id":28,"in_reply_to":87,"type":"AppendEntriesRes","res":true,"term":0,"next":1,"commit":0},"id":232}
DEBUG:root:received {"dest":"n1","src":"n5","body":{"msg_id":30,"in_reply_to":90,"type":"AppendEntriesRes","res":true,"term":0,"next":1,"commit":0},"id":233}
DEBUG:root:received {"dest":"n1","src":"n4","body":{"msg_id":26,"in_reply_to":89,"type":"AppendEntriesRes","res":true,"term":0,"next":1,"commit":0},"id":234}
