DEBUG:root:received {"dest":"n2","body":{"type":"init","node_id":"n2","node_ids":["n1","n2","n3","n4","n5"],"msg_id":1},"src":"c1","id":1}
INFO:root:node n2 initialized
DEBUG:root:sending {"dest": "c1", "src": "n2", "body": {"msg_id": 1, "in_reply_to": 1, "type": "init_ok"}}
DEBUG:root:received {"dest":"n2","src":"n1","body":{"msg_id":2,"type":"AppendEntries","term":0,"prevIndex":0,"prevTerm":0,"entries":[[["pass",null],0]],"commit":0},"id":10}
DEBUG:root:sending {"dest": "n1", "src": "n2", "body": {"msg_id": 2, "in_reply_to": 2, "type": "AppendEntriesRes", "res": true, "term": 0, "next": 1, "commit": 0}}
DEBUG:root:received {"dest":"n2","body":{"key":1,"from":4,"to":2,"type":"cas","msg_id":1},"src":"c10","id":18}
DEBUG:root:sending {"dest": "c10", "src": "n2", "body": {"msg_id": 3, "in_reply_to": 1, "type": "error", "code": 11, "text": "Not Leader"}}
Exception in thread Thread-1:
Traceback (most recent call last):
  File "/usr/lib/python3.10/threading.py", line 1009, in _bootstrap_inner
    self.run()
  File "/usr/lib/python3.10/threading.py", line 1371, in run
    self.function(*self.args, **self.kwargs)
  File "/home/peter/Documents/tf/lab3/raft.py", line 59, in buildString
    raise Exception(s)
Exception: ('n1', 1651437186044110505)
('n2', 1651437186014291106)
('n3', 1651437186014291106)
('n4', 1651437186014291106)
('n5', 1651437186014291106)

DEBUG:root:received {"dest":"n2","body":{"key":0,"value":4,"type":"write","msg_id":1},"src":"c12","id":22}
DEBUG:root:sending {"dest": "c12", "src": "n2", "body": {"msg_id": 4, "in_reply_to": 1, "type": "error", "code": 11, "text": "Not Leader"}}
DEBUG:root:received {"dest":"n2","src":"n1","body":{"msg_id":7,"type":"AppendEntries","term":0,"prevIndex":0,"prevTerm":0,"entries":[[["pass",null],0]],"commit":0},"id":24}
DEBUG:root:sending {"dest": "n1", "src": "n2", "body": {"msg_id": 5, "in_reply_to": 7, "type": "AppendEntriesRes", "res": true, "term": 0, "next": 1, "commit": 0}}
DEBUG:root:received {"dest":"n2","src":"n1","body":{"msg_id":11,"type":"AppendEntries","term":0,"entries":[[["cas",[1,[2,3]]],0]],"prevIndex":0,"prevTerm":0,"commit":0},"id":33}
DEBUG:root:sending {"dest": "n1", "src": "n2", "body": {"msg_id": 6, "in_reply_to": 11, "type": "AppendEntriesRes", "res": true, "term": 0, "next": 1, "commit": 0}}
DEBUG:root:received {"dest":"n2","src":"n1","body":{"msg_id":15,"type":"AppendEntries","term":0,"prevIndex":0,"prevTerm":0,"entries":[[["pass",null],0],[["cas",[1,[2,3]]],0]],"commit":0},"id":43}
DEBUG:root:sending {"dest": "n1", "src": "n2", "body": {"msg_id": 7, "in_reply_to": 15, "type": "AppendEntriesRes", "res": true, "term": 0, "next": 1, "commit": 0}}
DEBUG:root:received {"dest":"n2","src":"n1","body":{"msg_id":19,"type":"AppendEntries","term":0,"prevIndex":0,"prevTerm":0,"entries":[[["pass",null],0],[["cas",[1,[2,3]]],0]],"commit":0},"id":55}
DEBUG:root:sending {"dest": "n1", "src": "n2", "body": {"msg_id": 8, "in_reply_to": 19, "type": "AppendEntriesRes", "res": true, "term": 0, "next": 1, "commit": 0}}
DEBUG:root:received {"dest":"n2","src":"n1","body":{"msg_id":23,"type":"AppendEntries","term":0,"prevIndex":0,"prevTerm":0,"entries":[[["pass",null],0],[["cas",[1,[2,3]]],0]],"commit":0},"id":65}
DEBUG:root:sending {"dest": "n1", "src": "n2", "body": {"msg_id": 9, "in_reply_to": 23, "type": "AppendEntriesRes", "res": true, "term": 0, "next": 1, "commit": 0}}
DEBUG:root:received {"dest":"n2","body":{"key":1,"value":0,"type":"write","msg_id":1},"src":"c18","id":73}
DEBUG:root:sending {"dest": "c18", "src": "n2", "body": {"msg_id": 10, "in_reply_to": 1, "type": "error", "code": 11, "text": "Not Leader"}}
DEBUG:root:received {"dest":"n2","src":"n1","body":{"msg_id":27,"type":"AppendEntries","term":0,"prevIndex":0,"prevTerm":0,"entries":[[["pass",null],0],[["cas",[1,[2,3]]],0]],"commit":0},"id":75}
DEBUG:root:sending {"dest": "n1", "src": "n2", "body": {"msg_id": 11, "in_reply_to": 27, "type": "AppendEntriesRes", "res": true, "term": 0, "next": 1, "commit": 0}}
DEBUG:root:received {"dest":"n2","src":"n1","body":{"msg_id":31,"type":"AppendEntries","term":0,"entries":[[["cas",[1,[2,3]]],0],[["cas",[0,[3,3]]],0]],"prevIndex":0,"prevTerm":0,"commit":0},"id":84}
DEBUG:root:sending {"dest": "n1", "src": "n2", "body": {"msg_id": 12, "in_reply_to": 31, "type": "AppendEntriesRes", "res": true, "term": 0, "next": 1, "commit": 0}}
DEBUG:root:received {"dest":"n2","src":"n1","body":{"msg_id":35,"type":"AppendEntries","term":0,"prevIndex":0,"prevTerm":0,"entries":[[["pass",null],0],[["cas",[1,[2,3]]],0],[["cas",[0,[3,3]]],0]],"commit":0},"id":92}
DEBUG:root:sending {"dest": "n1", "src": "n2", "body": {"msg_id": 13, "in_reply_to": 35, "type": "AppendEntriesRes", "res": true, "term": 0, "next": 1, "commit": 0}}
DEBUG:root:received {"dest":"n2","src":"n1","body":{"msg_id":39,"type":"AppendEntries","term":0,"prevIndex":0,"prevTerm":0,"entries":[[["pass",null],0],[["cas",[1,[2,3]]],0],[["cas",[0,[3,3]]],0]],"commit":0},"id":104}
DEBUG:root:sending {"dest": "n1", "src": "n2", "body": {"msg_id": 14, "in_reply_to": 39, "type": "AppendEntriesRes", "res": true, "term": 0, "next": 1, "commit": 0}}
DEBUG:root:received {"dest":"n2","body":{"key":1,"from":4,"to":0,"type":"cas","msg_id":2},"src":"c18","id":112}
DEBUG:root:sending {"dest": "c18", "src": "n2", "body": {"msg_id": 15, "in_reply_to": 2, "type": "error", "code": 11, "text": "Not Leader"}}
DEBUG:root:received {"dest":"n2","src":"n1","body":{"msg_id":43,"type":"AppendEntries","term":0,"prevIndex":0,"prevTerm":0,"entries":[[["pass",null],0],[["cas",[1,[2,3]]],0],[["cas",[0,[3,3]]],0]],"commit":0},"id":118}
DEBUG:root:sending {"dest": "n1", "src": "n2", "body": {"msg_id": 16, "in_reply_to": 43, "type": "AppendEntriesRes", "res": true, "term": 0, "next": 1, "commit": 0}}
DEBUG:root:received {"dest":"n2","src":"n1","body":{"msg_id":47,"type":"AppendEntries","term":0,"entries":[[["cas",[1,[2,3]]],0],[["cas",[0,[3,3]]],0],[["cas",[1,[2,0]]],0]],"prevIndex":0,"prevTerm":0,"commit":0},"id":127}
DEBUG:root:sending {"dest": "n1", "src": "n2", "body": {"msg_id": 17, "in_reply_to": 47, "type": "AppendEntriesRes", "res": true, "term": 0, "next": 1, "commit": 0}}
DEBUG:root:received {"dest":"n2","src":"n1","body":{"msg_id":51,"type":"AppendEntries","term":0,"prevIndex":0,"prevTerm":0,"entries":[[["pass",null],0],[["cas",[1,[2,3]]],0],[["cas",[0,[3,3]]],0],[["cas",[1,[2,0]]],0]],"commit":0},"id":135}
DEBUG:root:sending {"dest": "n1", "src": "n2", "body": {"msg_id": 18, "in_reply_to": 51, "type": "AppendEntriesRes", "res": true, "term": 0, "next": 1, "commit": 0}}
DEBUG:root:received {"dest":"n2","src":"n1","body":{"msg_id":55,"type":"AppendEntries","term":0,"prevIndex":0,"prevTerm":0,"entries":[[["pass",null],0],[["cas",[1,[2,3]]],0],[["cas",[0,[3,3]]],0],[["cas",[1,[2,0]]],0]],"commit":0},"id":147}
DEBUG:root:sending {"dest": "n1", "src": "n2", "body": {"msg_id": 19, "in_reply_to": 55, "type": "AppendEntriesRes", "res": true, "term": 0, "next": 1, "commit": 0}}
DEBUG:root:received {"dest":"n2","src":"n1","body":{"msg_id":59,"type":"AppendEntries","term":0,"prevIndex":0,"prevTerm":0,"entries":[[["pass",null],0],[["cas",[1,[2,3]]],0],[["cas",[0,[3,3]]],0],[["cas",[1,[2,0]]],0]],"commit":0},"id":157}
DEBUG:root:sending {"dest": "n1", "src": "n2", "body": {"msg_id": 20, "in_reply_to": 59, "type": "AppendEntriesRes", "res": true, "term": 0, "next": 1, "commit": 0}}
DEBUG:root:received {"dest":"n2","body":{"key":2,"from":1,"to":1,"type":"cas","msg_id":3},"src":"c18","id":167}
DEBUG:root:sending {"dest": "c18", "src": "n2", "body": {"msg_id": 21, "in_reply_to": 3, "type": "error", "code": 11, "text": "Not Leader"}}
DEBUG:root:received {"dest":"n2","src":"n1","body":{"msg_id":63,"type":"AppendEntries","term":0,"prevIndex":0,"prevTerm":0,"entries":[[["pass",null],0],[["cas",[1,[2,3]]],0],[["cas",[0,[3,3]]],0],[["cas",[1,[2,0]]],0]],"commit":0},"id":169}
DEBUG:root:sending {"dest": "n1", "src": "n2", "body": {"msg_id": 22, "in_reply_to": 63, "type": "AppendEntriesRes", "res": true, "term": 0, "next": 1, "commit": 0}}
DEBUG:root:received {"dest":"n2","src":"n1","body":{"msg_id":67,"type":"AppendEntries","term":0,"entries":[[["cas",[1,[2,3]]],0],[["cas",[0,[3,3]]],0],[["cas",[1,[2,0]]],0],[["cas",[2,[3,0]]],0]],"prevIndex":0,"prevTerm":0,"commit":0},"id":180}
DEBUG:root:sending {"dest": "n1", "src": "n2", "body": {"msg_id": 23, "in_reply_to": 67, "type": "AppendEntriesRes", "res": true, "term": 0, "next": 1, "commit": 0}}
DEBUG:root:received {"dest":"n2","src":"n1","body":{"msg_id":71,"type":"AppendEntries","term":0,"prevIndex":0,"prevTerm":0,"entries":[[["pass",null],0],[["cas",[1,[2,3]]],0],[["cas",[0,[3,3]]],0],[["cas",[1,[2,0]]],0],[["cas",[2,[3,0]]],0]],"commit":0},"id":188}
DEBUG:root:sending {"dest": "n1", "src": "n2", "body": {"msg_id": 24, "in_reply_to": 71, "type": "AppendEntriesRes", "res": true, "term": 0, "next": 1, "commit": 0}}
DEBUG:root:received {"dest":"n2","src":"n1","body":{"msg_id":75,"type":"AppendEntries","term":0,"entries":[[["cas",[1,[2,3]]],0],[["cas",[0,[3,3]]],0],[["cas",[1,[2,0]]],0],[["cas",[2,[3,0]]],0],[["cas",[0,[1,1]]],0]],"prevIndex":0,"prevTerm":0,"commit":0},"id":199}
DEBUG:root:sending {"dest": "n1", "src": "n2", "body": {"msg_id": 25, "in_reply_to": 75, "type": "AppendEntriesRes", "res": true, "term": 0, "next": 1, "commit": 0}}
DEBUG:root:received {"dest":"n2","src":"n1","body":{"msg_id":79,"type":"AppendEntries","term":0,"prevIndex":0,"prevTerm":0,"entries":[[["pass",null],0],[["cas",[1,[2,3]]],0],[["cas",[0,[3,3]]],0],[["cas",[1,[2,0]]],0],[["cas",[2,[3,0]]],0],[["cas",[0,[1,1]]],0]],"commit":0},"id":211}
DEBUG:root:sending {"dest": "n1", "src": "n2", "body": {"msg_id": 26, "in_reply_to": 79, "type": "AppendEntriesRes", "res": true, "term": 0, "next": 1, "commit": 0}}
DEBUG:root:received {"dest":"n2","src":"n1","body":{"msg_id":83,"type":"AppendEntries","term":0,"prevIndex":0,"prevTerm":0,"entries":[[["pass",null],0],[["cas",[1,[2,3]]],0],[["cas",[0,[3,3]]],0],[["cas",[1,[2,0]]],0],[["cas",[2,[3,0]]],0],[["cas",[0,[1,1]]],0]],"commit":0},"id":219}
DEBUG:root:sending {"dest": "n1", "src": "n2", "body": {"msg_id": 27, "in_reply_to": 83, "type": "AppendEntriesRes", "res": true, "term": 0, "next": 1, "commit": 0}}
DEBUG:root:received {"dest":"n2","src":"n1","body":{"msg_id":87,"type":"AppendEntries","term":0,"prevIndex":0,"prevTerm":0,"entries":[[["pass",null],0],[["cas",[1,[2,3]]],0],[["cas",[0,[3,3]]],0],[["cas",[1,[2,0]]],0],[["cas",[2,[3,0]]],0],[["cas",[0,[1,1]]],0]],"commit":0},"id":227}
DEBUG:root:sending {"dest": "n1", "src": "n2", "body": {"msg_id": 28, "in_reply_to": 87, "type": "AppendEntriesRes", "res": true, "term": 0, "next": 1, "commit": 0}}
