2022-05-04 13:40:15,121{GMT}	INFO	[jepsen test runner] jepsen.core: Test version 99e6fb2a3505fae4b1987d97b445a48b7ad1f664 (plus uncommitted changes)
2022-05-04 13:40:15,121{GMT}	INFO	[jepsen test runner] jepsen.core: Command line:
lein run test --bin raft.py --workload lin-kv --time-limit 2 --concurrency 4n
2022-05-04 13:40:15,193{GMT}	INFO	[jepsen test runner] jepsen.core: Running test:
{:remote #jepsen.control.SSHRemote{:session nil}
 :log-net-send false
 :node-count nil
 :max-txn-length 4
 :concurrency 20
 :db
 #object[maelstrom.db$db$reify__16747
         "0xcf0e8b4"
         "maelstrom.db$db$reify__16747@cf0e8b4"]
 :max-writes-per-key 16
 :leave-db-running? false
 :name "lin-kv"
 :logging-json? false
 :net-journal #object[clojure.lang.Atom "0x51a7ee4e" {:status :ready, :val []}]
 :start-time
 #object[org.joda.time.DateTime "0x424c8ebe" "2022-05-04T13:40:15.000+01:00"]
 :nemesis-interval 10
 :net
 #object[maelstrom.net$jepsen_adapter$reify__15560
         "0x7aafac17"
         "maelstrom.net$jepsen_adapter$reify__15560@7aafac17"]
 :client
 #object[maelstrom.workload.lin_kv$client$reify__17524
         "0x3054551f"
         "maelstrom.workload.lin_kv$client$reify__17524@3054551f"]
 :barrier
 #object[java.util.concurrent.CyclicBarrier
         "0x6b8cfbeb"
         "java.util.concurrent.CyclicBarrier@6b8cfbeb"]
 :log-stderr false
 :pure-generators true
 :ssh {:dummy? true}
 :rate 5
 :checker
 #object[jepsen.checker$compose$reify__8612
         "0x4603845b"
         "jepsen.checker$compose$reify__8612@4603845b"]
 :argv
 ("test"
  "--bin"
  "raft.py"
  "--workload"
  "lin-kv"
  "--time-limit"
  "2"
  "--concurrency"
  "4n")
 :nemesis
 (jepsen.nemesis.ReflCompose
  {:fm {:start-partition 0,
        :stop-partition 0,
        :kill 1,
        :start 1,
        :pause 1,
        :resume 1},
   :nemeses [#unprintable "jepsen.nemesis.combined$partition_nemesis$reify__17019@414b5798"
             #unprintable "jepsen.nemesis.combined$db_nemesis$reify__17000@53251e03"]})
 :active-histories
 #object[clojure.lang.Atom "0x5ffae42f" {:status :ready, :val #{}}]
 :nodes ["n1" "n2" "n3" "n4" "n5"]
 :test-count 1
 :latency {:mean 0, :dist :constant}
 :bin "raft.py"
 :generator
 (jepsen.generator.TimeLimit
  {:limit 2000000000,
   :cutoff nil,
   :gen (jepsen.generator.Any
         {:gens [(jepsen.generator.OnThreads {:f #{:nemesis}, :gen nil})
                 (jepsen.generator.OnThreads
                  {:f #object[clojure.core$complement$fn__5654
                              "0x3eff5c32"
                              "clojure.core$complement$fn__5654@3eff5c32"],
                   :gen (jepsen.generator.Stagger
                         {:dt 400000000,
                          :next-time nil,
                          :gen (jepsen.generator.OnThreads
                                {:f #object[clojure.core$complement$fn__5654
                                            "0x79d538c1"
                                            "clojure.core$complement$fn__5654@79d538c1"],
                                 :gen (jepsen.independent.ConcurrentGenerator
                                       {:n 10,
                                        :fgen #object[jepsen.tests.linearizable_register$test$fn__17324
                                                      "0x31e08c61"
                                                      "jepsen.tests.linearizable_register$test$fn__17324@31e08c61"],
                                        :group->threads nil,
                                        :thread->group nil,
                                        :keys (0 1 2 3 4 5 6 7 ...),
                                        :gens nil})})})})]})})
 :log-net-recv false
 :os
 #object[jepsen.os$reify__2490 "0x2db15764" "jepsen.os$reify__2490@2db15764"]
 :time-limit 2
 :workload :lin-kv
 :consistency-models [:strict-serializable]
 :topology :grid}

2022-05-04 13:40:15,201{GMT}	INFO	[jepsen test runner] jepsen.db: Tearing down DB
2022-05-04 13:40:15,203{GMT}	INFO	[jepsen test runner] jepsen.db: Setting up DB
2022-05-04 13:40:15,204{GMT}	INFO	[jepsen node n4] maelstrom.db: Setting up n4
2022-05-04 13:40:15,204{GMT}	INFO	[jepsen node n2] maelstrom.db: Setting up n2
2022-05-04 13:40:15,204{GMT}	INFO	[jepsen node n3] maelstrom.db: Setting up n3
2022-05-04 13:40:15,205{GMT}	INFO	[jepsen node n5] maelstrom.db: Setting up n5
2022-05-04 13:40:15,206{GMT}	INFO	[jepsen node n3] maelstrom.process: launching raft.py nil
2022-05-04 13:40:15,206{GMT}	INFO	[jepsen node n4] maelstrom.process: launching raft.py nil
2022-05-04 13:40:15,205{GMT}	INFO	[jepsen node n2] maelstrom.process: launching raft.py nil
2022-05-04 13:40:15,206{GMT}	INFO	[jepsen node n5] maelstrom.process: launching raft.py nil
2022-05-04 13:40:15,207{GMT}	INFO	[jepsen node n1] maelstrom.service: Starting services: (lin-kv lin-tso lww-kv seq-kv)
2022-05-04 13:40:15,211{GMT}	INFO	[jepsen node n1] maelstrom.db: Setting up n1
2022-05-04 13:40:15,212{GMT}	INFO	[jepsen node n1] maelstrom.process: launching raft.py nil
2022-05-04 13:40:15,282{GMT}	INFO	[jepsen test runner] jepsen.core: Relative time begins now
2022-05-04 13:40:15,308{GMT}	INFO	[jepsen worker 15] jepsen.util: 15	:invoke	:cas	[1 [2 1]]
2022-05-04 13:40:15,665{GMT}	INFO	[jepsen worker 3] jepsen.util: 3	:invoke	:read	[0 nil]
2022-05-04 13:40:15,675{GMT}	INFO	[jepsen worker 10] jepsen.util: 10	:invoke	:cas	[1 [2 4]]
2022-05-04 13:40:15,682{GMT}	INFO	[jepsen worker 8] jepsen.util: 8	:invoke	:cas	[0 [2 4]]
2022-05-04 13:40:15,688{GMT}	INFO	[jepsen worker 3] jepsen.util: 3	:fail	:read	[0 nil]	[:unknown "Not Leader"]
2022-05-04 13:40:15,688{GMT}	INFO	[jepsen worker 8] jepsen.util: 8	:info	:cas	[0 [2 4]]	[:unknown "Not Leader"]
2022-05-04 13:40:15,769{GMT}	INFO	[jepsen worker 7] jepsen.util: 7	:invoke	:cas	[0 [3 0]]
2022-05-04 13:40:15,771{GMT}	INFO	[jepsen worker 7] jepsen.util: 7	:info	:cas	[0 [3 0]]	[:unknown "Not Leader"]
2022-05-04 13:40:16,007{GMT}	INFO	[jepsen worker 14] jepsen.util: 14	:invoke	:write	[1 1]
2022-05-04 13:40:16,008{GMT}	INFO	[jepsen worker 14] jepsen.util: 14	:info	:write	[1 1]	[:unknown "Not Leader"]
2022-05-04 13:40:16,295{GMT}	INFO	[jepsen worker 18] jepsen.util: 18	:invoke	:cas	[1 [3 1]]
2022-05-04 13:40:16,309{GMT}	INFO	[jepsen worker 15] jepsen.util: 15	:info	:cas	[1 [2 1]]	:net-timeout
2022-05-04 13:40:16,333{GMT}	INFO	[jepsen worker 18] jepsen.util: 18	:info	:cas	[1 [3 1]]	[:unknown "Not Leader"]
2022-05-04 13:40:16,451{GMT}	INFO	[jepsen worker 13] jepsen.util: 13	:invoke	:cas	[1 [0 1]]
2022-05-04 13:40:16,483{GMT}	INFO	[jepsen worker 13] jepsen.util: 13	:info	:cas	[1 [0 1]]	[:unknown "Not Leader"]
2022-05-04 13:40:16,676{GMT}	INFO	[jepsen worker 10] jepsen.util: 10	:info	:cas	[1 [2 4]]	:net-timeout
2022-05-04 13:40:16,847{GMT}	INFO	[jepsen worker 11] jepsen.util: 11	:invoke	:cas	[1 [1 4]]
2022-05-04 13:40:16,962{GMT}	INFO	[jepsen worker 11] jepsen.util: 11	:info	:cas	[1 [1 4]]	[:unknown "Not Leader"]
2022-05-04 13:40:17,196{GMT}	INFO	[jepsen worker 8] jepsen.util: 28	:invoke	:cas	[0 [1 2]]
2022-05-04 13:40:17,383{GMT}	INFO	[jepsen worker 8] jepsen.util: 28	:info	:cas	[0 [1 2]]	[:unknown "Not Leader"]
2022-05-04 13:40:17,396{GMT}	INFO	[jepsen node n1] maelstrom.db: Tearing down n1
2022-05-04 13:40:17,396{GMT}	INFO	[jepsen node n2] maelstrom.db: Tearing down n2
2022-05-04 13:40:17,397{GMT}	INFO	[jepsen node n4] maelstrom.db: Tearing down n4
2022-05-04 13:40:17,398{GMT}	INFO	[jepsen node n3] maelstrom.db: Tearing down n3
2022-05-04 13:40:17,397{GMT}	INFO	[jepsen node n5] maelstrom.db: Tearing down n5
2022-05-04 13:40:17,403{GMT}	WARN	[main] jepsen.core: Test crashed!
clojure.lang.ExceptionInfo: Node n1 crashed with exit status 1. Before crashing, it wrote to STDOUT:

{"dest": "n3", "src": "n1", "body": {"msg_id": 1086, "type": "RequestVote", "term": 179, "prevLogIndex": 2, "lastLogTerm": 8, "candidateId": "n1"}}
{"dest": "n4", "src": "n1", "body": {"msg_id": 1087, "type": "RequestVote", "term": 179, "prevLogIndex": 2, "lastLogTerm": 8, "candidateId": "n1"}}
{"dest": "n5", "src": "n1", "body": {"msg_id": 1088, "type": "RequestVote", "term": 179, "prevLogIndex": 2, "lastLogTerm": 8, "candidateId": "n1"}}
{"dest": "n1", "src": "n1", "body": {"msg_id": 1089, "type": "RequestVote", "term": 180, "prevLogIndex": 2, "lastLogTerm": 8, "candidateId": "n1"}}
{"dest": "n2", "src": "n1", "body": {"msg_id": 1090, "type": "RequestVote", "term": 180, "prevLogIndex": 2, "lastLogTerm": 8, "candidateId": "n1"}}
{"dest": "n3", "src": "n1", "body": {"msg_id": 1091, "type": "RequestVote", "term": 180, "prevLogIndex": 2, "lastLogTerm": 8, "candidateId": "n1"}}
{"dest": "n4", "src": "n1", "body": {"msg_id": 1092, "type": "RequestVote", "term": 180, "prevLogIndex": 2, "lastLogTerm": 8, "candidateId": "n1"}}
{"dest": "n1", "src": "n1", "body": {"msg_id": 1094, "type": "RequestVote", "term": 181, "prevLogIndex": 2, "lastLogTerm": 8, "candidateId": "n1"}}
{"dest": "n2", "src": "n1", "body": {"msg_id": 1095, "type": "RequestVote", "term": 181, "prevLogIndex": 2, "lastLogTerm": 8, "candidateId": "n1"}}
{"dest": "n3", "src": "n1", "body": {"msg_id": 1096, "type": "RequestVote", "term": 181, "prevLogIndex": 2, "lastLogTerm": 8, "candidateId": "n1"}}
{"dest": "n4", "src": "n1", "body": {"msg_id": 1097, "type": "RequestVote", "term": 181, "prevLogIndex": 2, "lastLogTerm": 8, "candidateId": "n1"}}
{"dest": "n5", "src": "n1", "body": {"msg_id": 1098, "type": "RequestVote", "term": 181, "prevLogIndex": 2, "lastLogTerm": 8, "candidateId": "n1"}}
{"dest": "n5", "src": "n1", "body": {"msg_id": 1093, "type": "RequestVote", "term": 180, "prevLogIndex": 2, "lastLogTerm": 8, "candidateId": "n1"}}
{"dest": "n1", "src": "n1", "body": {"msg_id": 1099, "type": "RequestVote", "term": 182, "prevLogIndex": 2, "lastLogTerm": 8, "candidateId": "n1"}}
{"dest": "n2", "src": "n1", "body": {"msg_id": 1101, "type": "RequestVote", "term": 185, "prevLogIndex": 2, "lastLogTerm": 8, "candidateId": "n1"}}
{"dest": "n1", "src": "n1", "body": {"msg_id": 1103, "type": "RequestVote", "term": 185, "prevLogIndex": 2, "lastLogTerm": 8, "candidateId": "n1"}}
{"dest": "n4", "src": "n1", "body": {"msg_id": 1100, "in_reply_to": 1065, "type": "RequestVoteRes", "term": 182, "res": false}}
{"dest": "n4", "src": "n1", "body": {"msg_id": 1105, "in_reply_to": 1061, "type": "RequestVoteRes", "term": 185, "res": false}}
{"dest": "n4", "src": "n1", "body": {"msg_id": 1106, "in_reply_to": 1066, "type": "RequestVoteRes", "term": 185, "res": false}}
{"dest": "n3", "src": "n1", "body": {"msg_id": 1107, "in_reply_to": 1140, "type": "RequestVoteRes", "term": 185, "res": false}}
{"dest": "n4", "src": "n1", "body": {"msg_id": 1108, "type": "AppendEntries", "term": 185, "prevIndex": -3, "prevTerm": 0, "entries": [[["cas", [1, [2, 1]]], 1], [["cas", [1, [2, 4]]], 8]], "commit": 0}}
{"dest": "n5", "src": "n1", "body": {"msg_id": 1109, "in_reply_to": 1120, "type": "RequestVoteRes", "term": 185, "res": false}}
{"dest": "n1", "src": "n1", "body": {"msg_id": 1110, "in_reply_to": 1084, "type": "RequestVoteRes", "term": 185, "res": false}}
{"dest": "n2", "src": "n1", "body": {"msg_id": 1111, "in_reply_to": 1122, "type": "RequestVoteRes", "term": 185, "res": false}}
{"dest": "n1", "src": "n1", "body": {"msg_id": 1112, "type": "RequestVote", "term": 185, "prevLogIndex": 2, "lastLogTerm": 8, "candidateId": "n1"}}
{"dest": "n2", "src": "n1", "body": {"msg_id": 1113, "type": "RequestVote", "term": 185, "prevLogIndex": 2, "lastLogTerm": 8, "candidateId": "n1"}}
{"dest": "n3", "src": "n1", "body": {"msg_id": 1114, "type": "RequestVote", "term": 185, "prevLogIndex": 2, "lastLogTerm": 8, "candidateId": "n1"}}
{"dest": "n4", "src": "n1", "body": {"msg_id": 1115, "type": "RequestVote", "term": 185, "prevLogIndex": 2, "lastLogTerm": 8, "candidateId": "n1"}}
{"dest": "n5", "src": "n1", "body": {"msg_id": 1116, "type": "RequestVote", "term": 185, "prevLogIndex": 2, "lastLogTerm": 8, "candidateId": "n1"}}
{"dest": "n1", "src": "n1", "body": {"msg_id": 1117, "type": "RequestVote", "term": 186, "prevLogIndex": 2, "lastLogTerm": 8, "candidateId": "n1"}}
{"dest": "n2", "src": "n1", "body": {"msg_id": 1118, "type": "RequestVote", "term": 186, "prevLogIndex": 2, "lastLogTerm": 8, "candidateId": "n1"}}
{"dest": "n3", "src": "n1", "body": {"msg_id": 1119, "type": "RequestVote", "term": 186, "prevLogIndex": 2, "lastLogTerm": 8, "candidateId": "n1"}}

And to STDERR:

INFO:root:Requesting new Vote

DEBUG:root:sending {"dest": "n1", "src": "n1", "body": {"msg_id": 1112, "type": "RequestVote", "term": 185, "prevLogIndex": 2, "lastLogTerm": 8, "candidateId": "n1"}}
DEBUG:root:sending {"dest": "n2", "src": "n1", "body": {"msg_id": 1113, "type": "RequestVote", "term": 185, "prevLogIndex": 2, "lastLogTerm": 8, "candidateId": "n1"}}
DEBUG:root:sending {"dest": "n3", "src": "n1", "body": {"msg_id": 1114, "type": "RequestVote", "term": 185, "prevLogIndex": 2, "lastLogTerm": 8, "candidateId": "n1"}}
DEBUG:root:sending {"dest": "n4", "src": "n1", "body": {"msg_id": 1115, "type": "RequestVote", "term": 185, "prevLogIndex": 2, "lastLogTerm": 8, "candidateId": "n1"}}
DEBUG:root:sending {"dest": "n5", "src": "n1", "body": {"msg_id": 1116, "type": "RequestVote", "term": 185, "prevLogIndex": 2, "lastLogTerm": 8, "candidateId": "n1"}}
INFO:root:election timeout, starting new election

INFO:root:starting new elections, new term
186

INFO:root:Requesting new Vote

DEBUG:root:sending {"dest": "n1", "src": "n1", "body": {"msg_id": 1117, "type": "RequestVote", "term": 186, "prevLogIndex": 2, "lastLogTerm": 8, "candidateId": "n1"}}
DEBUG:root:sending {"dest": "n2", "src": "n1", "body": {"msg_id": 1118, "type": "RequestVote", "term": 186, "prevLogIndex": 2, "lastLogTerm": 8, "candidateId": "n1"}}
DEBUG:root:sending {"dest": "n3", "src": "n1", "body": {"msg_id": 1119, "type": "RequestVote", "term": 186, "prevLogIndex": 2, "lastLogTerm": 8, "candidateId": "n1"}}
DEBUG:root:received {"dest":"n1","src":"n2","body":{"msg_id":1134,"in_reply_to":1095,"type":"RequestVoteRes","term":179,"res":false},"id":5611}
DEBUG:root:received {"dest":"n1","src":"n1","body":{"msg_id":1099,"type":"RequestVote","term":182,"prevLogIndex":2,"lastLogTerm":8,"candidateId":"n1"},"id":5623}
DEBUG:root:received {"dest":"n1","src":"n4","body":{"msg_id":1094,"type":"RequestVote","term":185,"prevLogIndex":2,"lastLogTerm":8,"candidateId":"n4"},"id":5626}
DEBUG:root:received {"dest":"n1","src":"n1","body":{"msg_id":1103,"type":"RequestVote","term":185,"prevLogIndex":2,"lastLogTerm":8,"candidateId":"n1"},"id":5627}
DEBUG:root:received {"dest":"n1","src":"n2","body":{"msg_id":1137,"type":"RequestVote","term":180,"prevLogIndex":2,"lastLogTerm":8,"candidateId":"n2"},"id":5628}
DEBUG:root:received {"dest":"n1","src":"n3","body":{"msg_id":1154,"in_reply_to":1071,"type":"RequestVoteRes","term":179,"res":false},"id":5637}
DEBUG:root:received {"dest":"n1","src":"n4","body":{"msg_id":1093,"type":"RequestVote","term":185,"prevLogIndex":2,"lastLogTerm":8,"candidateId":"n4"},"id":5639}
DEBUG:root:received {"dest":"n1","src":"n2","body":{"msg_id":1142,"in_reply_to":1101,"type":"RequestVoteRes","term":185,"res":true},"id":5641}
ERROR:root:fatal exception in handler
Traceback (most recent call last):
  File "/home/peter/Documents/tf/lab3/ms.py", line 27, in exitOnError
    fn(*args)
  File "/home/peter/Documents/tf/lab3/raft.py", line 400, in handle
    send(node_id, dest, type='AppendEntries', term=current_term, prevIndex = nextIndex[dest]-1,prevTerm=log[nextIndex[dest]-1][1] ,entries=log[nextIndex[dest]:],commit=commitIndex)
IndexError: list index out of range

Full STDERR logs are available in /home/peter/Documents/tf/lab3/store/lin-kv/20220504T134015.000+0100/node-logs/n1.log
	at slingshot.support$stack_trace.invoke(support.clj:201)
	at maelstrom.process$stop_node_BANG_.invokeStatic(process.clj:239)
	at maelstrom.process$stop_node_BANG_.invoke(process.clj:217)
	at maelstrom.db$db$reify__16747.teardown_BANG_(db.clj:75)
	at jepsen.db$fn__3285$G__3281__3289.invoke(db.clj:11)
	at jepsen.db$fn__3285$G__3280__3294.invoke(db.clj:11)
	at clojure.core$partial$fn__5824.invoke(core.clj:2625)
	at jepsen.control$on_nodes$fn__3165.invoke(control.clj:452)
	at clojure.lang.AFn.applyToHelper(AFn.java:154)
	at clojure.lang.AFn.applyTo(AFn.java:144)
	at clojure.core$apply.invokeStatic(core.clj:665)
	at clojure.core$with_bindings_STAR_.invokeStatic(core.clj:1973)
	at clojure.core$with_bindings_STAR_.doInvoke(core.clj:1973)
	at clojure.lang.RestFn.applyTo(RestFn.java:142)
	at clojure.core$apply.invokeStatic(core.clj:669)
	at clojure.core$bound_fn_STAR_$fn__5734.doInvoke(core.clj:2003)
	at clojure.lang.RestFn.invoke(RestFn.java:408)
	at dom_top.core$real_pmap_helper$build_thread__213$fn__214.invoke(core.clj:146)
	at clojure.lang.AFn.applyToHelper(AFn.java:152)
	at clojure.lang.AFn.applyTo(AFn.java:144)
	at clojure.core$apply.invokeStatic(core.clj:665)
	at clojure.core$with_bindings_STAR_.invokeStatic(core.clj:1973)
	at clojure.core$with_bindings_STAR_.doInvoke(core.clj:1973)
	at clojure.lang.RestFn.invoke(RestFn.java:425)
	at clojure.lang.AFn.applyToHelper(AFn.java:156)
	at clojure.lang.RestFn.applyTo(RestFn.java:132)
	at clojure.core$apply.invokeStatic(core.clj:669)
	at clojure.core$bound_fn_STAR_$fn__5734.doInvoke(core.clj:2003)
	at clojure.lang.RestFn.invoke(RestFn.java:397)
	at clojure.lang.AFn.run(AFn.java:22)
	at java.base/java.lang.Thread.run(Thread.java:833)
